/home/cliu7/utils/AdmixTools/bin/qpAdm: parameter file: temp/param/qpAdm_Bahing.YR_MN.Sherpa.LC.Pathan.parj8zvx4dc
### THE INPUT PARAMETERS
##PARAMETER NAME: VALUE
DIR: data/intermediate
S1: illumina_all_merged.qpAdm
indivname: data/intermediate/illumina_all_merged.qpAdm.grouped2.ind
snpname: data/intermediate/illumina_all_merged.qpAdm.snp
genotypename: data/intermediate/illumina_all_merged.qpAdm.geno
popleft: temp/param/left.j8zvx4dc
popright: temp/param/right.j8zvx4dc
details: YES
## qpAdm version: 810
seed: -1380465525
packed geno read OK
end of inpack

left pops:
Bahing
YR_MN
Sherpa.LC
Pathan

right pops:
MbutiPygmy
Anatolia_N
Ami.SG
Mixe.SG
Ganj_Dareh_N
Onge.DG
Villabruna
DevilsGate
aACA

  0               Bahing    1
  1                YR_MN    8
  2            Sherpa.LC    9
  3               Pathan   22
  4           MbutiPygmy   13
  5           Anatolia_N   25
  6               Ami.SG    2
  7              Mixe.SG    3
  8         Ganj_Dareh_N    7
  9              Onge.DG    2
 10           Villabruna    1
 11           DevilsGate    4
 12                 aACA   32
jackknife block size:     0.050
snps: 222521  indivs: 129
number of blocks for block jackknife: 548
## ncols: 222521
coverage:               Bahing 222406
coverage:                YR_MN 220932
coverage:            Sherpa.LC 111582
coverage:               Pathan 222521
coverage:           MbutiPygmy 222521
coverage:           Anatolia_N 111256
coverage:               Ami.SG 222521
coverage:              Mixe.SG 222521
coverage:         Ganj_Dareh_N  99721
coverage:              Onge.DG 217231
coverage:           Villabruna  82514
coverage:           DevilsGate 111550
coverage:                 aACA 114355
dof (jackknife):   463.826
numsnps used: 78019
codimension 1
f4info: 
f4rank: 2 dof:      6 chisq:     8.805 tail:          0.184844131 dofdiff:      8 chisqdiff:    -8.805 taildiff:                    1
B:
          scale     1.000     1.000 
     Anatolia_N    -0.556     0.232 
         Ami.SG     1.374    -1.361 
        Mixe.SG     0.807    -0.191 
   Ganj_Dareh_N    -0.589     0.099 
        Onge.DG     0.578    -0.103 
     Villabruna    -0.407     0.169 
     DevilsGate     1.450    -0.036 
           aACA     1.484     2.451 
A:
          scale   116.482  1987.201 
          YR_MN     0.026    -1.342 
      Sherpa.LC    -0.073     1.066 
         Pathan    -1.730     0.249 


full rank
f4info: 
f4rank: 3 dof:      0 chisq:     0.000 tail:                    1 dofdiff:      6 chisqdiff:     8.805 taildiff:          0.184844131
B:
          scale     1.000     1.000     1.000 
     Anatolia_N    -0.551    -0.201     0.770 
         Ami.SG     1.381    -1.062    -1.487 
        Mixe.SG     0.813    -0.191    -0.243 
   Ganj_Dareh_N    -0.587    -0.133     0.283 
        Onge.DG     0.574     0.177    -0.555 
     Villabruna    -0.414     0.374    -0.263 
     DevilsGate     1.451     0.265    -0.498 
           aACA     1.476     2.557     2.105 
A:
          scale   121.543   938.375  1104.122 
          YR_MN     0.111    -1.376     0.742 
      Sherpa.LC    -0.002    -0.561     1.193 
         Pathan    -1.728    -0.890     1.013 


best coefficients:     0.449     0.569    -0.017 
Jackknife mean:      0.447919764     0.569269795    -0.017189559 
      std. errors:     0.091     0.092     0.013 

error covariance (* 1000000)
      8253      -8229        -24 
     -8229       8374       -145 
       -24       -145        169 


summ: Bahing    3      0.184844     0.448     0.569    -0.017  8253 -8229   -24  8374  -145   169 

    fixed pat  wt  dof     chisq       tail prob
          000  0     6     8.805        0.184844     0.449     0.569    -0.017  infeasible
          001  1     7   172.571               0     9.574    -8.574    -0.000  infeasible
          010  1     7    38.387     2.55732e-06     1.013    -0.000    -0.013  infeasible
          100  1     7    32.531      3.2364e-05     0.000     1.017    -0.017  infeasible
          011  2     8    40.501     2.58227e-06     1.000     0.000    -0.000 
          101  2     8    35.122      2.5409e-05     0.000     1.000    -0.000 
          110  2     8  3806.122               0     0.000     0.000     1.000 
best pat:          000         0.184844              -  -
best pat:          100       3.2364e-05  chi(nested):    23.726 p-value for nested model:     1.11053e-06 infeasible
best pat:          101       2.5409e-05  chi(nested):     2.590 p-value for nested model:        0.107526

coeffs:     0.449     0.569    -0.017 

## dscore:: f_4(Base, Fit, Rbase, right2)
## genstat:: f_4(Base, Fit, right1, right2)

details:           YR_MN      Anatolia_N    -0.000068   -0.119173
details:       Sherpa.LC      Anatolia_N     0.000845    1.748762
details:          Pathan      Anatolia_N     0.008581   15.749173
dscore:      Anatolia_N f4:     0.000302 Z:     0.625855

details:           YR_MN          Ami.SG     0.001440    2.089988
details:       Sherpa.LC          Ami.SG    -0.001220   -2.006004
details:          Pathan          Ami.SG    -0.020300  -30.041852
dscore:          Ami.SG f4:     0.000304 Z:     0.515844

details:           YR_MN         Mixe.SG     0.000415    0.599620
details:       Sherpa.LC         Mixe.SG    -0.000278   -0.441795
details:          Pathan         Mixe.SG    -0.011882  -16.925050
dscore:         Mixe.SG f4:     0.000234 Z:     0.389587

details:           YR_MN    Ganj_Dareh_N    -0.000400   -0.546247
details:       Sherpa.LC    Ganj_Dareh_N     0.000409    0.664040
details:          Pathan    Ganj_Dareh_N     0.008774   12.813729
dscore:    Ganj_Dareh_N f4:    -0.000099 Z:    -0.161199

details:           YR_MN         Onge.DG    -0.000489   -0.708258
details:       Sherpa.LC         Onge.DG    -0.000873   -1.372540
details:          Pathan         Onge.DG    -0.009039  -13.636335
dscore:         Onge.DG f4:    -0.000560 Z:    -0.919907

details:           YR_MN      Villabruna    -0.001640   -1.863336
details:       Sherpa.LC      Villabruna    -0.000626   -0.862173
details:          Pathan      Villabruna     0.005136    6.196000
dscore:      Villabruna f4:    -0.001181 Z:    -1.629819

details:           YR_MN      DevilsGate     0.000089    0.114373
details:       Sherpa.LC      DevilsGate    -0.000900   -1.307715
details:          Pathan      DevilsGate    -0.021650  -29.208250
dscore:      DevilsGate f4:    -0.000097 Z:    -0.144722

details:           YR_MN            aACA    -0.001370   -2.354459
details:       Sherpa.LC            aACA     0.000567    1.083897
details:          Pathan            aACA    -0.021722  -37.829665
dscore:            aACA f4:     0.000084 Z:     0.166805

gendstat:           MbutiPygmy           Anatolia_N     0.626
gendstat:           MbutiPygmy               Ami.SG     0.516
gendstat:           MbutiPygmy              Mixe.SG     0.390
gendstat:           MbutiPygmy         Ganj_Dareh_N    -0.161
gendstat:           MbutiPygmy              Onge.DG    -0.920
gendstat:           MbutiPygmy           Villabruna    -1.630
gendstat:           MbutiPygmy           DevilsGate    -0.145
gendstat:           MbutiPygmy                 aACA     0.167
gendstat:           Anatolia_N               Ami.SG     0.004
gendstat:           Anatolia_N              Mixe.SG    -0.125
gendstat:           Anatolia_N         Ganj_Dareh_N    -0.799
gendstat:           Anatolia_N              Onge.DG    -1.597
gendstat:           Anatolia_N           Villabruna    -2.387
gendstat:           Anatolia_N           DevilsGate    -0.661
gendstat:           Anatolia_N                 aACA    -0.523
gendstat:               Ami.SG              Mixe.SG    -0.126
gendstat:               Ami.SG         Ganj_Dareh_N    -0.603
gendstat:               Ami.SG              Onge.DG    -1.381
gendstat:               Ami.SG           Villabruna    -1.943
gendstat:               Ami.SG           DevilsGate    -0.690
gendstat:               Ami.SG                 aACA    -0.500
gendstat:              Mixe.SG         Ganj_Dareh_N    -0.500
gendstat:              Mixe.SG              Onge.DG    -1.198
gendstat:              Mixe.SG           Villabruna    -1.858
gendstat:              Mixe.SG           DevilsGate    -0.540
gendstat:              Mixe.SG                 aACA    -0.311
gendstat:         Ganj_Dareh_N              Onge.DG    -0.726
gendstat:         Ganj_Dareh_N           Villabruna    -1.427
gendstat:         Ganj_Dareh_N           DevilsGate     0.002
gendstat:         Ganj_Dareh_N                 aACA     0.316
gendstat:              Onge.DG           Villabruna    -0.809
gendstat:              Onge.DG           DevilsGate     0.669
gendstat:              Onge.DG                 aACA     1.201
gendstat:           Villabruna           DevilsGate     1.329
gendstat:           Villabruna                 aACA     1.838
gendstat:           DevilsGate                 aACA     0.370

## end of run
