/home/cliu7/utils/AdmixTools/bin/qpAdm: parameter file: temp/param/qpAdm_Bantawa.Upper_YR_LN.Sherpa.LC.Dai.par9fsy2961
### THE INPUT PARAMETERS
##PARAMETER NAME: VALUE
DIR: data/intermediate
S1: illumina_all_merged.qpAdm
indivname: data/intermediate/illumina_all_merged.qpAdm.grouped2.ind
snpname: data/intermediate/illumina_all_merged.qpAdm.snp
genotypename: data/intermediate/illumina_all_merged.qpAdm.geno
popleft: temp/param/left.9fsy2961
popright: temp/param/right.9fsy2961
details: YES
## qpAdm version: 810
seed: -203087013
packed geno read OK
end of inpack

left pops:
Bantawa
Upper_YR_LN
Sherpa.LC
Dai

right pops:
MbutiPygmy
Anatolia_N
Ami.SG
Mixe.SG
Ganj_Dareh_N
Onge.DG
Villabruna
DevilsGate
aACA

  0              Bantawa    2
  1          Upper_YR_LN    7
  2            Sherpa.LC    9
  3                  Dai   10
  4           MbutiPygmy   13
  5           Anatolia_N   25
  6               Ami.SG    2
  7              Mixe.SG    3
  8         Ganj_Dareh_N    7
  9              Onge.DG    2
 10           Villabruna    1
 11           DevilsGate    4
 12                 aACA   32
jackknife block size:     0.050
snps: 222521  indivs: 117
number of blocks for block jackknife: 548
## ncols: 222521
coverage:              Bantawa 222521
coverage:          Upper_YR_LN 221150
coverage:            Sherpa.LC 111582
coverage:                  Dai 222521
coverage:           MbutiPygmy 222521
coverage:           Anatolia_N 111256
coverage:               Ami.SG 222521
coverage:              Mixe.SG 222521
coverage:         Ganj_Dareh_N  99721
coverage:              Onge.DG 217231
coverage:           Villabruna  82514
coverage:           DevilsGate 111550
coverage:                 aACA 114355
dof (jackknife):   464.557
numsnps used: 79535
codimension 1
f4info: 
f4rank: 2 dof:      6 chisq:    11.616 tail:         0.0710950986 dofdiff:      8 chisqdiff:   -11.616 taildiff:                    1
B:
          scale     1.000     1.000 
     Anatolia_N     0.376    -0.205 
         Ami.SG    -2.055     0.203 
        Mixe.SG     0.227     0.893 
   Ganj_Dareh_N     0.286    -0.583 
        Onge.DG     0.055    -0.071 
     Villabruna     0.350    -1.018 
     DevilsGate     0.203     2.395 
           aACA     1.827     0.033 
A:
          scale   857.054  2376.894 
    Upper_YR_LN    -0.218     1.599 
      Sherpa.LC     0.268    -0.223 
            Dai    -1.697    -0.627 


full rank
f4info: 
f4rank: 3 dof:      0 chisq:     0.000 tail:                    1 dofdiff:      6 chisqdiff:    11.616 taildiff:         0.0710950986
B:
          scale     1.000     1.000     1.000 
     Anatolia_N     0.237     0.654     1.041 
         Ami.SG    -2.122     0.638     0.070 
        Mixe.SG     0.294     0.871    -0.489 
   Ganj_Dareh_N     0.137     0.108     1.138 
        Onge.DG     0.156    -0.835    -0.452 
     Villabruna     0.152    -0.052     1.652 
     DevilsGate     0.359     2.350    -1.465 
           aACA     1.778     0.413     0.548 
A:
          scale   852.121  1992.417  2982.863 
    Upper_YR_LN    -0.222     1.498    -0.351 
      Sherpa.LC     0.200     0.823     1.582 
            Dai    -1.706     0.283     0.613 


best coefficients:     0.144     0.755     0.101 
Jackknife mean:      0.151778774     0.750476409     0.097744816 
      std. errors:     0.263     0.200     0.075 

error covariance (* 1000000)
     69301     -51721     -17580 
    -51721      39800      11920 
    -17580      11920       5660 


summ: Bantawa    3      0.071095     0.152     0.750     0.098 69301 -51721 -17580 39800 11920  5660 

    fixed pat  wt  dof     chisq       tail prob
          000  0     6    11.616       0.0710951     0.144     0.755     0.101 
          001  1     7    14.370       0.0449753     0.414     0.586    -0.000 
          010  1     7    26.174     0.000468917     1.147     0.000    -0.147  infeasible
          100  1     7    12.081       0.0979283     0.000     0.861     0.139 
          011  2     8    32.844     6.57066e-05     1.000     0.000    -0.000 
          101  2     8    25.209      0.00143254     0.000     1.000    -0.000 
          110  2     8   566.895               0     0.000     0.000     1.000 
best pat:          000        0.0710951              -  -
best pat:          100        0.0979283  chi(nested):     0.465 p-value for nested model:        0.495496
best pat:          101       0.00143254  chi(nested):    13.128 p-value for nested model:     0.000290862

coeffs:     0.144     0.755     0.101 

## dscore:: f_4(Base, Fit, Rbase, right2)
## genstat:: f_4(Base, Fit, right1, right2)

details:     Upper_YR_LN      Anatolia_N     0.000365    0.794076
details:       Sherpa.LC      Anatolia_N     0.000922    2.491791
details:             Dai      Anatolia_N    -0.000135   -0.377396
dscore:      Anatolia_N f4:     0.000735 Z:     2.122077

details:     Upper_YR_LN          Ami.SG     0.001116    1.903719
details:       Sherpa.LC          Ami.SG    -0.000133   -0.273707
details:             Dai          Ami.SG     0.004401    9.650860
dscore:          Ami.SG f4:     0.000503 Z:     1.101877

details:     Upper_YR_LN         Mixe.SG     0.000701    1.270628
details:       Sherpa.LC         Mixe.SG     0.000222    0.494625
details:             Dai         Mixe.SG    -0.000530   -1.230570
dscore:         Mixe.SG f4:     0.000215 Z:     0.516470

details:     Upper_YR_LN    Ganj_Dareh_N    -0.000027   -0.051296
details:       Sherpa.LC    Ganj_Dareh_N     0.000736    1.650127
details:             Dai    Ganj_Dareh_N     0.000014    0.032561
dscore:    Ganj_Dareh_N f4:     0.000553 Z:     1.348000

details:     Upper_YR_LN         Onge.DG    -0.000541   -0.925266
details:       Sherpa.LC         Onge.DG    -0.000487   -1.032168
details:             Dai         Onge.DG    -0.000486   -1.103542
dscore:         Onge.DG f4:    -0.000495 Z:    -1.111355

details:     Upper_YR_LN      Villabruna    -0.000213   -0.303275
details:       Sherpa.LC      Villabruna     0.000963    1.643876
details:             Dai      Villabruna     0.000075    0.133906
dscore:      Villabruna f4:     0.000704 Z:     1.289980

details:     Upper_YR_LN      DevilsGate     0.001924    3.135541
details:       Sherpa.LC      DevilsGate     0.000338    0.682781
details:             Dai      DevilsGate    -0.000646   -1.365917
dscore:      DevilsGate f4:     0.000468 Z:     1.009731

details:     Upper_YR_LN            aACA    -0.000145   -0.312824
details:       Sherpa.LC            aACA     0.000929    2.381450
details:             Dai            aACA    -0.003354   -9.327786
dscore:            aACA f4:     0.000343 Z:     0.941529

gendstat:           MbutiPygmy           Anatolia_N     2.122
gendstat:           MbutiPygmy               Ami.SG     1.102
gendstat:           MbutiPygmy              Mixe.SG     0.516
gendstat:           MbutiPygmy         Ganj_Dareh_N     1.348
gendstat:           MbutiPygmy              Onge.DG    -1.111
gendstat:           MbutiPygmy           Villabruna     1.290
gendstat:           MbutiPygmy           DevilsGate     1.010
gendstat:           MbutiPygmy                 aACA     0.942
gendstat:           Anatolia_N               Ami.SG    -0.595
gendstat:           Anatolia_N              Mixe.SG    -1.345
gendstat:           Anatolia_N         Ganj_Dareh_N    -0.530
gendstat:           Anatolia_N              Onge.DG    -3.019
gendstat:           Anatolia_N           Villabruna    -0.068
gendstat:           Anatolia_N           DevilsGate    -0.623
gendstat:           Anatolia_N                 aACA    -1.263
gendstat:               Ami.SG              Mixe.SG    -0.671
gendstat:               Ami.SG         Ganj_Dareh_N     0.112
gendstat:               Ami.SG              Onge.DG    -2.171
gendstat:               Ami.SG           Villabruna     0.357
gendstat:               Ami.SG           DevilsGate    -0.082
gendstat:               Ami.SG                 aACA    -0.494
gendstat:              Mixe.SG         Ganj_Dareh_N     0.751
gendstat:              Mixe.SG              Onge.DG    -1.532
gendstat:              Mixe.SG           Villabruna     0.881
gendstat:              Mixe.SG           DevilsGate     0.570
gendstat:              Mixe.SG                 aACA     0.370
gendstat:         Ganj_Dareh_N              Onge.DG    -2.174
gendstat:         Ganj_Dareh_N           Villabruna     0.276
gendstat:         Ganj_Dareh_N           DevilsGate    -0.177
gendstat:         Ganj_Dareh_N                 aACA    -0.554
gendstat:              Onge.DG           Villabruna     2.129
gendstat:              Onge.DG           DevilsGate     1.976
gendstat:              Onge.DG                 aACA     2.115
gendstat:           Villabruna           DevilsGate    -0.410
gendstat:           Villabruna                 aACA    -0.723
gendstat:           DevilsGate                 aACA    -0.345

## end of run
