/home/cliu7/utils/AdmixTools/bin/qpAdm: parameter file: temp/param/qpAdm_Brokpa.Upper_YR_LN.Sherpa.LC.Dai.par4jp0oqeh
### THE INPUT PARAMETERS
##PARAMETER NAME: VALUE
DIR: data/intermediate
S1: illumina_all_merged.qpAdm
indivname: data/intermediate/illumina_all_merged.qpAdm.grouped2.ind
snpname: data/intermediate/illumina_all_merged.qpAdm.snp
genotypename: data/intermediate/illumina_all_merged.qpAdm.geno
popleft: temp/param/left.4jp0oqeh
popright: temp/param/right.4jp0oqeh
details: YES
## qpAdm version: 810
seed: -1215883887
packed geno read OK
end of inpack

left pops:
Brokpa
Upper_YR_LN
Sherpa.LC
Dai

right pops:
MbutiPygmy
Anatolia_N
Ami.SG
Mixe.SG
Ganj_Dareh_N
Onge.DG
Villabruna
DevilsGate
aACA

  0               Brokpa   14
  1          Upper_YR_LN    7
  2            Sherpa.LC    9
  3                  Dai   10
  4           MbutiPygmy   13
  5           Anatolia_N   25
  6               Ami.SG    2
  7              Mixe.SG    3
  8         Ganj_Dareh_N    7
  9              Onge.DG    2
 10           Villabruna    1
 11           DevilsGate    4
 12                 aACA   32
jackknife block size:     0.050
snps: 222521  indivs: 129
number of blocks for block jackknife: 548
## ncols: 222521
coverage:               Brokpa 222521
coverage:          Upper_YR_LN 221150
coverage:            Sherpa.LC 111582
coverage:                  Dai 222521
coverage:           MbutiPygmy 222521
coverage:           Anatolia_N 111256
coverage:               Ami.SG 222521
coverage:              Mixe.SG 222521
coverage:         Ganj_Dareh_N  99721
coverage:              Onge.DG 217231
coverage:           Villabruna  82514
coverage:           DevilsGate 111550
coverage:                 aACA 114355
dof (jackknife):   464.183
numsnps used: 78833
codimension 1
f4info: 
f4rank: 2 dof:      6 chisq:     6.755 tail:          0.344074915 dofdiff:      8 chisqdiff:    -6.755 taildiff:                    1
B:
          scale     1.000     1.000 
     Anatolia_N     0.338     0.035 
         Ami.SG    -2.178     0.253 
        Mixe.SG     0.226     0.903 
   Ganj_Dareh_N     0.240    -0.304 
        Onge.DG    -0.014     0.008 
     Villabruna     0.330    -0.627 
     DevilsGate     0.042     2.515 
           aACA     1.710     0.557 
A:
          scale   794.162  1889.858 
    Upper_YR_LN    -0.423     1.693 
      Sherpa.LC     0.145     0.218 
            Dai    -1.673    -0.293 


full rank
f4info: 
f4rank: 3 dof:      0 chisq:     0.000 tail:                    1 dofdiff:      6 chisqdiff:     6.755 taildiff:          0.344074915
B:
          scale     1.000     1.000     1.000 
     Anatolia_N     0.324     0.120     0.925 
         Ami.SG    -2.224     0.467     0.291 
        Mixe.SG     0.217     0.851    -0.557 
   Ganj_Dareh_N     0.196    -0.173     1.235 
        Onge.DG    -0.030    -0.000     0.110 
     Villabruna     0.283    -0.506     1.638 
     DevilsGate     0.041     2.514    -1.153 
           aACA     1.667     0.660     1.096 
A:
          scale   791.389  1776.283  4603.780 
    Upper_YR_LN    -0.368     1.553    -0.418 
      Sherpa.LC     0.051     0.762     1.648 
            Dai    -1.692    -0.090     0.333 


best coefficients:    -0.108     0.995     0.114 
Jackknife mean:     -0.089523903     0.981361467     0.108162436 
      std. errors:     0.158     0.118     0.049 

error covariance (* 1000000)
     24995     -18224      -6771 
    -18224      13892       4332 
     -6771       4332       2439 


summ: Brokpa    3      0.344075    -0.090     0.981     0.108 24995 -18224 -6771 13892  4332  2439 

    fixed pat  wt  dof     chisq       tail prob
          000  0     6     6.755        0.344075    -0.108     0.995     0.114  infeasible
          001  1     7    15.528       0.0297952     0.169     0.831    -0.000 
          010  1     7    42.511     4.14508e-07     1.275     0.000    -0.275  infeasible
          100  1     7     7.548         0.37412     0.000     0.915     0.085 
          011  2     8    77.924     1.27832e-13     1.000     0.000    -0.000 
          101  2     8    19.014       0.0147864     0.000     1.000    -0.000 
          110  2     8  1268.849               0     0.000    -0.000     1.000 
best pat:          000         0.344075              -  -
best pat:          100          0.37412  chi(nested):     0.793 p-value for nested model:        0.373241
best pat:          101        0.0147864  chi(nested):    11.466 p-value for nested model:     0.000708957

coeffs:    -0.108     0.995     0.114 

## dscore:: f_4(Base, Fit, Rbase, right2)
## genstat:: f_4(Base, Fit, right1, right2)

details:     Upper_YR_LN      Anatolia_N    -0.000121   -0.329873
details:       Sherpa.LC      Anatolia_N     0.000440    1.718664
details:             Dai      Anatolia_N    -0.000626   -2.716968
dscore:      Anatolia_N f4:     0.000380 Z:     1.468524

details:     Upper_YR_LN          Ami.SG     0.001449    3.245210
details:       Sherpa.LC          Ami.SG     0.000188    0.592922
details:             Dai          Ami.SG     0.004763   15.972025
dscore:          Ami.SG f4:     0.000571 Z:     1.775309

details:     Upper_YR_LN         Mixe.SG     0.000708    1.636734
details:       Sherpa.LC         Mixe.SG     0.000225    0.688322
details:             Dai         Mixe.SG    -0.000533   -1.786115
dscore:         Mixe.SG f4:     0.000087 Z:     0.262938

details:     Upper_YR_LN    Ganj_Dareh_N    -0.000351   -0.802195
details:       Sherpa.LC    Ganj_Dareh_N     0.000418    1.322141
details:             Dai    Ganj_Dareh_N    -0.000310   -1.051061
dscore:    Ganj_Dareh_N f4:     0.000419 Z:     1.305312

details:     Upper_YR_LN         Onge.DG     0.000027    0.061156
details:       Sherpa.LC         Onge.DG     0.000082    0.261198
details:             Dai         Onge.DG     0.000083    0.297956
dscore:         Onge.DG f4:     0.000089 Z:     0.280880

details:     Upper_YR_LN      Villabruna    -0.000740   -1.313226
details:       Sherpa.LC      Villabruna     0.000446    1.133398
details:             Dai      Villabruna    -0.000450   -1.205155
dscore:      Villabruna f4:     0.000473 Z:     1.195973

details:     Upper_YR_LN      DevilsGate     0.002305    4.549053
details:       Sherpa.LC      DevilsGate     0.000705    2.086508
details:             Dai      DevilsGate    -0.000288   -0.881565
dscore:      DevilsGate f4:     0.000419 Z:     1.231350

details:     Upper_YR_LN            aACA    -0.000274   -0.733276
details:       Sherpa.LC            aACA     0.000810    3.107911
details:             Dai            aACA    -0.003511  -14.735522
dscore:            aACA f4:     0.000437 Z:     1.681072

gendstat:           MbutiPygmy           Anatolia_N     1.469
gendstat:           MbutiPygmy               Ami.SG     1.775
gendstat:           MbutiPygmy              Mixe.SG     0.263
gendstat:           MbutiPygmy         Ganj_Dareh_N     1.305
gendstat:           MbutiPygmy              Onge.DG     0.281
gendstat:           MbutiPygmy           Villabruna     1.196
gendstat:           MbutiPygmy           DevilsGate     1.231
gendstat:           MbutiPygmy                 aACA     1.681
gendstat:           Anatolia_N               Ami.SG     0.625
gendstat:           Anatolia_N              Mixe.SG    -0.969
gendstat:           Anatolia_N         Ganj_Dareh_N     0.144
gendstat:           Anatolia_N              Onge.DG    -0.988
gendstat:           Anatolia_N           Villabruna     0.279
gendstat:           Anatolia_N           DevilsGate     0.116
gendstat:           Anatolia_N                 aACA     0.234
gendstat:               Ami.SG              Mixe.SG    -1.572
gendstat:               Ami.SG         Ganj_Dareh_N    -0.439
gendstat:               Ami.SG              Onge.DG    -1.442
gendstat:               Ami.SG           Villabruna    -0.227
gendstat:               Ami.SG           DevilsGate    -0.480
gendstat:               Ami.SG                 aACA    -0.573
gendstat:              Mixe.SG         Ganj_Dareh_N     0.931
gendstat:              Mixe.SG              Onge.DG     0.006
gendstat:              Mixe.SG           Villabruna     0.902
gendstat:              Mixe.SG           DevilsGate     0.964
gendstat:              Mixe.SG                 aACA     1.329
gendstat:         Ganj_Dareh_N              Onge.DG    -0.919
gendstat:         Ganj_Dareh_N           Villabruna     0.128
gendstat:         Ganj_Dareh_N           DevilsGate    -0.001
gendstat:         Ganj_Dareh_N                 aACA     0.057
gendstat:              Onge.DG           Villabruna     0.924
gendstat:              Onge.DG           DevilsGate     0.921
gendstat:              Onge.DG                 aACA     1.255
gendstat:           Villabruna           DevilsGate    -0.131
gendstat:           Villabruna                 aACA    -0.098
gendstat:           DevilsGate                 aACA     0.064

## end of run
