/home/cliu7/utils/AdmixTools/bin/qpWave: parameter file: temp/param/qpAdm_Bumthang.Upper_YR_LN.Sherpa.LC.Dai.par2htpa86r
### THE INPUT PARAMETERS
##PARAMETER NAME: VALUE
DIR: data/intermediate
S1: illumina_all_merged.qpAdm
indivname: data/intermediate/illumina_all_merged.qpAdm.grouped2.ind
snpname: data/intermediate/illumina_all_merged.qpAdm.snp
genotypename: data/intermediate/illumina_all_merged.qpAdm.geno
popleft: temp/param/left.2htpa86r
popright: temp/param/right.2htpa86r
details: YES
## qpWave version: 410
packed geno read OK
end of inpack

left pops:
Bumthang
Upper_YR_LN
Sherpa.LC
Dai

right pops:
MbutiPygmy
Anatolia_N
Ami.SG
Mixe.SG
Ganj_Dareh_N
Onge.DG
Villabruna
DevilsGate
aACA

  0             Bumthang   19
  1          Upper_YR_LN    7
  2            Sherpa.LC    9
  3                  Dai   10
  4           MbutiPygmy   13
  5           Anatolia_N   25
  6               Ami.SG    2
  7              Mixe.SG    3
  8         Ganj_Dareh_N    7
  9              Onge.DG    2
 10           Villabruna    1
 11           DevilsGate    4
 12                 aACA   32
jackknife block size:     0.050
snps: 222521  indivs: 134
number of blocks for block jackknife: 548
dof (jackknife):   464.089
numsnps used: 78664
f4info: 
f4rank: 0 dof:     24 chisq:  1609.761 tail:                    0 dofdiff:      0 chisqdiff:     0.000 taildiff:                    1

f4info: 
f4rank: 1 dof:     14 chisq:    50.995 tail:        4.1557657e-06 dofdiff:     10 chisqdiff:  1558.766 taildiff:                    0
B:
          scale     1.000 
     Anatolia_N     0.326 
         Ami.SG    -2.197 
        Mixe.SG     0.196 
   Ganj_Dareh_N     0.168 
        Onge.DG    -0.144 
     Villabruna     0.370 
     DevilsGate     0.264 
           aACA     1.665 
A:
          scale   774.663 
    Upper_YR_LN    -0.404 
      Sherpa.LC     0.133 
            Dai    -1.679 

f4info: 
f4rank: 2 dof:      6 chisq:     6.909 tail:          0.329302317 dofdiff:      8 chisqdiff:    44.086 taildiff:        5.4814497e-07
B:
          scale     1.000     1.000 
     Anatolia_N     0.331     0.161 
         Ami.SG    -2.238     0.311 
        Mixe.SG     0.083     1.032 
   Ganj_Dareh_N     0.231    -0.190 
        Onge.DG    -0.113     0.221 
     Villabruna     0.526    -0.736 
     DevilsGate    -0.087     2.344 
           aACA     1.589     0.831 
A:
          scale   774.233  1725.518 
    Upper_YR_LN    -0.485     1.634 
      Sherpa.LC     0.115     0.287 
            Dai    -1.659    -0.497 

f4info: 
f4rank: 3 dof:      0 chisq:     0.000 tail:                    1 dofdiff:      6 chisqdiff:     6.909 taildiff:          0.329302317
B:
          scale     1.000     1.000     1.000 
     Anatolia_N     0.309     0.155     1.049 
         Ami.SG    -2.286     0.361     1.298 
        Mixe.SG     0.052     1.023     0.160 
   Ganj_Dareh_N     0.181    -0.098     1.416 
        Onge.DG    -0.132     0.209     0.643 
     Villabruna     0.489    -0.784     0.959 
     DevilsGate    -0.098     2.309    -0.506 
           aACA     1.541     0.895     1.262 
A:
          scale   770.750  1719.883  5238.329 
    Upper_YR_LN    -0.469     1.575    -0.548 
      Sherpa.LC     0.068     0.587     1.628 
            Dai    -1.666    -0.420     0.221 

## end of run
