/home/cliu7/utils/AdmixTools/bin/qpAdm: parameter file: temp/param/qpAdm_Chali.YR_MN.Sherpa.LC.Pathan.parh47vym8q
### THE INPUT PARAMETERS
##PARAMETER NAME: VALUE
DIR: data/intermediate
S1: illumina_all_merged.qpAdm
indivname: data/intermediate/illumina_all_merged.qpAdm.grouped2.ind
snpname: data/intermediate/illumina_all_merged.qpAdm.snp
genotypename: data/intermediate/illumina_all_merged.qpAdm.geno
popleft: temp/param/left.h47vym8q
popright: temp/param/right.h47vym8q
details: YES
## qpAdm version: 810
seed: -1884956047
packed geno read OK
end of inpack

left pops:
Chali
YR_MN
Sherpa.LC
Pathan

right pops:
MbutiPygmy
Anatolia_N
Ami.SG
Mixe.SG
Ganj_Dareh_N
Onge.DG
Villabruna
DevilsGate
aACA

  0                Chali   19
  1                YR_MN    8
  2            Sherpa.LC    9
  3               Pathan   22
  4           MbutiPygmy   13
  5           Anatolia_N   25
  6               Ami.SG    2
  7              Mixe.SG    3
  8         Ganj_Dareh_N    7
  9              Onge.DG    2
 10           Villabruna    1
 11           DevilsGate    4
 12                 aACA   32
jackknife block size:     0.050
snps: 222521  indivs: 147
number of blocks for block jackknife: 548
## ncols: 222521
coverage:                Chali 222521
coverage:                YR_MN 220932
coverage:            Sherpa.LC 111582
coverage:               Pathan 222521
coverage:           MbutiPygmy 222521
coverage:           Anatolia_N 111256
coverage:               Ami.SG 222521
coverage:              Mixe.SG 222521
coverage:         Ganj_Dareh_N  99721
coverage:              Onge.DG 217231
coverage:           Villabruna  82514
coverage:           DevilsGate 111550
coverage:                 aACA 114355
dof (jackknife):   463.533
numsnps used: 77914
codimension 1
f4info: 
f4rank: 2 dof:      6 chisq:    13.823 tail:         0.0316784936 dofdiff:      8 chisqdiff:   -13.823 taildiff:                    1
B:
          scale     1.000     1.000 
     Anatolia_N    -0.567     0.186 
         Ami.SG     1.367    -1.261 
        Mixe.SG     0.824    -0.225 
   Ganj_Dareh_N    -0.602     0.068 
        Onge.DG     0.579    -0.088 
     Villabruna    -0.414     0.214 
     DevilsGate     1.427    -0.036 
           aACA     1.492     2.503 
A:
          scale   122.699  1819.015 
          YR_MN     0.123    -1.618 
      Sherpa.LC     0.013     0.606 
         Pathan    -1.728    -0.116 


full rank
f4info: 
f4rank: 3 dof:      0 chisq:     0.000 tail:                    1 dofdiff:      6 chisqdiff:    13.823 taildiff:         0.0316784936
B:
          scale     1.000     1.000     1.000 
     Anatolia_N    -0.561     0.334    -1.165 
         Ami.SG     1.365    -1.452    -0.532 
        Mixe.SG     0.816    -0.370     0.319 
   Ganj_Dareh_N    -0.598     0.220    -0.557 
        Onge.DG     0.575    -0.210     0.505 
     Villabruna    -0.420     0.292    -0.126 
     DevilsGate     1.434    -0.069    -0.676 
           aACA     1.494     2.337     2.285 
A:
          scale   124.465  2040.136  2449.404 
          YR_MN     0.151    -1.116    -1.167 
      Sherpa.LC     0.057     1.263    -1.000 
         Pathan    -1.725     0.399    -0.798 


best coefficients:     0.265     0.711     0.024 
Jackknife mean:      0.264863909     0.710970941     0.024165150 
      std. errors:     0.051     0.050     0.006 

error covariance (* 1000000)
      2562      -2504        -58 
     -2504       2488         16 
       -58         16         42 


summ: Chali    3      0.031678     0.265     0.711     0.024  2562 -2504   -58  2488    16    42 

    fixed pat  wt  dof     chisq       tail prob
          000  0     6    13.823       0.0316785     0.265     0.711     0.024 
          001  1     7   185.556               0     4.627    -3.627    -0.000  infeasible
          010  1     7   110.488     7.27308e-21     0.983    -0.000     0.017 
          100  1     7    40.019     1.24823e-06    -0.000     0.973     0.027 
          011  2     8   113.934     5.90556e-21     1.000     0.000    -0.000 
          101  2     8    53.672     7.99284e-09     0.000     1.000    -0.000 
          110  2     8  6866.474               0     0.000     0.000     1.000 
best pat:          000        0.0316785              -  -
best pat:          100      1.24823e-06  chi(nested):    26.196 p-value for nested model:     3.08423e-07
best pat:          101      7.99284e-09  chi(nested):    13.653 p-value for nested model:     0.000219928

coeffs:     0.265     0.711     0.024 

## dscore:: f_4(Base, Fit, Rbase, right2)
## genstat:: f_4(Base, Fit, right1, right2)

details:           YR_MN      Anatolia_N    -0.000483   -1.256894
details:       Sherpa.LC      Anatolia_N     0.000437    1.751280
details:          Pathan      Anatolia_N     0.008180   24.732421
dscore:      Anatolia_N f4:     0.000380 Z:     1.711112

details:           YR_MN          Ami.SG     0.002634    5.508845
details:       Sherpa.LC          Ami.SG    -0.000029   -0.085069
details:          Pathan          Ami.SG    -0.019139  -42.819382
dscore:          Ami.SG f4:     0.000216 Z:     0.730052

details:           YR_MN         Mixe.SG     0.000711    1.427786
details:       Sherpa.LC         Mixe.SG     0.000025    0.077952
details:          Pathan         Mixe.SG    -0.011602  -24.063502
dscore:         Mixe.SG f4:    -0.000073 Z:    -0.252438

details:           YR_MN    Ganj_Dareh_N    -0.000577   -1.135480
details:       Sherpa.LC    Ganj_Dareh_N     0.000232    0.682936
details:          Pathan    Ganj_Dareh_N     0.008614   21.422818
dscore:    Ganj_Dareh_N f4:     0.000220 Z:     0.723598

details:           YR_MN         Onge.DG     0.000315    0.662534
details:       Sherpa.LC         Onge.DG    -0.000062   -0.185050
details:          Pathan         Onge.DG    -0.008248  -19.338787
dscore:         Onge.DG f4:    -0.000159 Z:    -0.545148

details:           YR_MN      Villabruna    -0.000820   -1.370519
details:       Sherpa.LC      Villabruna     0.000199    0.470740
details:          Pathan      Villabruna     0.005966   11.163983
dscore:      Villabruna f4:     0.000068 Z:     0.187275

details:           YR_MN      DevilsGate     0.001955    3.649163
details:       Sherpa.LC      DevilsGate     0.000967    2.750746
details:          Pathan      DevilsGate    -0.019816  -42.983303
dscore:      DevilsGate f4:     0.000729 Z:     2.334429

details:           YR_MN            aACA    -0.000715   -1.766278
details:       Sherpa.LC            aACA     0.001225    4.584880
details:          Pathan            aACA    -0.021103  -54.723794
dscore:            aACA f4:     0.000174 Z:     0.737899

gendstat:           MbutiPygmy           Anatolia_N     1.711
gendstat:           MbutiPygmy               Ami.SG     0.730
gendstat:           MbutiPygmy              Mixe.SG    -0.252
gendstat:           MbutiPygmy         Ganj_Dareh_N     0.724
gendstat:           MbutiPygmy              Onge.DG    -0.545
gendstat:           MbutiPygmy           Villabruna     0.187
gendstat:           MbutiPygmy           DevilsGate     2.334
gendstat:           MbutiPygmy                 aACA     0.738
gendstat:           Anatolia_N               Ami.SG    -0.576
gendstat:           Anatolia_N              Mixe.SG    -1.747
gendstat:           Anatolia_N         Ganj_Dareh_N    -0.614
gendstat:           Anatolia_N              Onge.DG    -1.987
gendstat:           Anatolia_N           Villabruna    -0.977
gendstat:           Anatolia_N           DevilsGate     1.253
gendstat:           Anatolia_N                 aACA    -0.987
gendstat:               Ami.SG              Mixe.SG    -0.984
gendstat:               Ami.SG         Ganj_Dareh_N     0.010
gendstat:               Ami.SG              Onge.DG    -1.216
gendstat:               Ami.SG           Villabruna    -0.372
gendstat:               Ami.SG           DevilsGate     1.758
gendstat:               Ami.SG                 aACA    -0.181
gendstat:              Mixe.SG         Ganj_Dareh_N     0.851
gendstat:              Mixe.SG              Onge.DG    -0.283
gendstat:              Mixe.SG           Villabruna     0.365
gendstat:              Mixe.SG           DevilsGate     2.611
gendstat:              Mixe.SG                 aACA     1.074
gendstat:         Ganj_Dareh_N              Onge.DG    -1.116
gendstat:         Ganj_Dareh_N           Villabruna    -0.377
gendstat:         Ganj_Dareh_N           DevilsGate     1.434
gendstat:         Ganj_Dareh_N                 aACA    -0.155
gendstat:              Onge.DG           Villabruna     0.599
gendstat:              Onge.DG           DevilsGate     2.802
gendstat:              Onge.DG                 aACA     1.288
gendstat:           Villabruna           DevilsGate     1.694
gendstat:           Villabruna                 aACA     0.310
gendstat:           DevilsGate                 aACA    -2.269

## end of run
