/home/cliu7/utils/AdmixTools/bin/qpWave: parameter file: temp/param/qpAdm_Chamling.Upper_YR_LN.Sherpa.LC.Pulliyar.parzm35nkll
### THE INPUT PARAMETERS
##PARAMETER NAME: VALUE
DIR: data/intermediate
S1: illumina_all_merged.qpAdm
indivname: data/intermediate/illumina_all_merged.qpAdm.grouped2.ind
snpname: data/intermediate/illumina_all_merged.qpAdm.snp
genotypename: data/intermediate/illumina_all_merged.qpAdm.geno
popleft: temp/param/left.zm35nkll
popright: temp/param/right.zm35nkll
details: YES
## qpWave version: 410
packed geno read OK
end of inpack

left pops:
Chamling
Upper_YR_LN
Sherpa.LC
Pulliyar

right pops:
MbutiPygmy
Anatolia_N
Ami.SG
Mixe.SG
Ganj_Dareh_N
Onge.DG
Villabruna
DevilsGate
aACA

  0             Chamling    7
  1          Upper_YR_LN    7
  2            Sherpa.LC    9
  3             Pulliyar    5
  4           MbutiPygmy   13
  5           Anatolia_N   25
  6               Ami.SG    2
  7              Mixe.SG    3
  8         Ganj_Dareh_N    7
  9              Onge.DG    2
 10           Villabruna    1
 11           DevilsGate    4
 12                 aACA   32
jackknife block size:     0.050
snps: 222521  indivs: 117
number of blocks for block jackknife: 548
dof (jackknife):   464.558
numsnps used: 79036
f4info: 
f4rank: 0 dof:     24 chisq:  3821.662 tail:                    0 dofdiff:      0 chisqdiff:     0.000 taildiff:                    1

f4info: 
f4rank: 1 dof:     14 chisq:    98.430 tail:       9.47678184e-15 dofdiff:     10 chisqdiff:  3723.232 taildiff:                    0
B:
          scale     1.000 
     Anatolia_N    -0.146 
         Ami.SG     1.324 
        Mixe.SG     1.024 
   Ganj_Dareh_N    -0.271 
        Onge.DG     0.283 
     Villabruna    -0.102 
     DevilsGate     1.603 
           aACA     1.563 
A:
          scale   158.077 
    Upper_YR_LN     0.065 
      Sherpa.LC     0.093 
       Pulliyar    -1.728 

f4info: 
f4rank: 2 dof:      6 chisq:    10.244 tail:          0.114740532 dofdiff:      8 chisqdiff:    88.185 taildiff:       1.08538512e-15
B:
          scale     1.000     1.000 
     Anatolia_N    -0.147     0.785 
         Ami.SG     1.344    -0.609 
        Mixe.SG     1.009     0.138 
   Ganj_Dareh_N    -0.276     0.756 
        Onge.DG     0.307     0.241 
     Villabruna    -0.114     1.129 
     DevilsGate     1.603    -0.721 
           aACA     1.550     2.138 
A:
          scale   158.877  2751.687 
    Upper_YR_LN     0.124    -1.299 
      Sherpa.LC     0.058     1.146 
       Pulliyar    -1.727    -0.016 

f4info: 
f4rank: 3 dof:      0 chisq:     0.000 tail:                    1 dofdiff:      6 chisqdiff:    10.244 taildiff:          0.114740532
B:
          scale     1.000     1.000     1.000 
     Anatolia_N    -0.161     0.386     2.114 
         Ami.SG     1.347    -0.727    -0.432 
        Mixe.SG     1.013    -0.050    -0.001 
   Ganj_Dareh_N    -0.282     0.645     1.044 
        Onge.DG     0.318     0.302    -1.081 
     Villabruna    -0.094     1.338    -0.640 
     DevilsGate     1.595    -1.087     0.811 
           aACA     1.549     1.960     0.133 
A:
          scale   159.859  2726.763  5254.387 
    Upper_YR_LN     0.143    -1.391     1.023 
      Sherpa.LC     0.074     1.030     1.391 
       Pulliyar    -1.725    -0.071     0.144 

## end of run
