/home/cliu7/utils/AdmixTools/bin/qpAdm: parameter file: temp/param/qpAdm_Chamling.Upper_YR_LN.Sherpa.LC.Dai.parpxmwl21u
### THE INPUT PARAMETERS
##PARAMETER NAME: VALUE
DIR: data/intermediate
S1: illumina_all_merged.qpAdm
indivname: data/intermediate/illumina_all_merged.qpAdm.grouped2.ind
snpname: data/intermediate/illumina_all_merged.qpAdm.snp
genotypename: data/intermediate/illumina_all_merged.qpAdm.geno
popleft: temp/param/left.pxmwl21u
popright: temp/param/right.pxmwl21u
details: YES
## qpAdm version: 810
seed: 985147829
packed geno read OK
end of inpack

left pops:
Chamling
Upper_YR_LN
Sherpa.LC
Dai

right pops:
MbutiPygmy
Anatolia_N
Ami.SG
Mixe.SG
Ganj_Dareh_N
Onge.DG
Villabruna
DevilsGate
aACA

  0             Chamling    7
  1          Upper_YR_LN    7
  2            Sherpa.LC    9
  3                  Dai   10
  4           MbutiPygmy   13
  5           Anatolia_N   25
  6               Ami.SG    2
  7              Mixe.SG    3
  8         Ganj_Dareh_N    7
  9              Onge.DG    2
 10           Villabruna    1
 11           DevilsGate    4
 12                 aACA   32
jackknife block size:     0.050
snps: 222521  indivs: 122
number of blocks for block jackknife: 548
## ncols: 222521
coverage:             Chamling 222521
coverage:          Upper_YR_LN 221150
coverage:            Sherpa.LC 111582
coverage:                  Dai 222521
coverage:           MbutiPygmy 222521
coverage:           Anatolia_N 111256
coverage:               Ami.SG 222521
coverage:              Mixe.SG 222521
coverage:         Ganj_Dareh_N  99721
coverage:              Onge.DG 217231
coverage:           Villabruna  82514
coverage:           DevilsGate 111550
coverage:                 aACA 114355
dof (jackknife):   464.342
numsnps used: 79078
codimension 1
f4info: 
f4rank: 2 dof:      6 chisq:    19.411 tail:        0.00352286501 dofdiff:      8 chisqdiff:   -19.411 taildiff:                    1
B:
          scale     1.000     1.000 
     Anatolia_N     0.364     0.195 
         Ami.SG    -2.209     0.206 
        Mixe.SG     0.176     0.996 
   Ganj_Dareh_N     0.287    -0.350 
        Onge.DG     0.058    -0.109 
     Villabruna     0.506    -0.786 
     DevilsGate     0.156     2.239 
           aACA     1.610     1.078 
A:
          scale   857.681  1814.832 
    Upper_YR_LN    -0.425     1.676 
      Sherpa.LC     0.308     0.372 
            Dai    -1.651    -0.228 


full rank
f4info: 
f4rank: 3 dof:      0 chisq:     0.000 tail:                    1 dofdiff:      6 chisqdiff:    19.411 taildiff:        0.00352286501
B:
          scale     1.000     1.000     1.000 
     Anatolia_N     0.282     0.328     1.023 
         Ami.SG    -2.330     0.541     0.760 
        Mixe.SG     0.145     0.996    -0.186 
   Ganj_Dareh_N     0.238    -0.173     0.965 
        Onge.DG     0.021    -0.125    -0.083 
     Villabruna     0.388    -0.621     1.110 
     DevilsGate     0.143     2.104    -1.223 
           aACA     1.497     1.324     1.635 
A:
          scale   839.210  1656.234  4085.507 
    Upper_YR_LN    -0.373     1.571    -0.534 
      Sherpa.LC     0.128     0.729     1.572 
            Dai    -1.686    -0.036     0.492 


best coefficients:    -0.182     0.957     0.225 
Jackknife mean:     -0.164689070     0.943818306     0.220870764 
      std. errors:     0.422     0.300     0.127 

error covariance (* 1000000)
    178051    -125862     -52189 
   -125862      89748      36113 
    -52189      36113      16075 


summ: Chamling    3      0.003523    -0.165     0.944     0.221 178051 -125862 -52189 89748 36113 16075 

    fixed pat  wt  dof     chisq       tail prob
          000  0     6    19.411      0.00352287    -0.182     0.957     0.225  infeasible
          001  1     7    29.693     0.000108095     0.521     0.479     0.000 
          010  1     7    36.553      5.6988e-06     1.149     0.000    -0.149  infeasible
          100  1     7    20.072      0.00541536    -0.000     0.828     0.172 
          011  2     8    46.655     1.78397e-07     1.000     0.000    -0.000 
          101  2     8    56.610     2.14568e-09     0.000     1.000    -0.000 
          110  2     8  1035.371               0     0.000    -0.000     1.000 
best pat:          000       0.00352287              -  -
best pat:          100       0.00541536  chi(nested):     0.661 p-value for nested model:        0.416091
best pat:          011      1.78397e-07 not nested

coeffs:    -0.182     0.957     0.225 

## dscore:: f_4(Base, Fit, Rbase, right2)
## genstat:: f_4(Base, Fit, right1, right2)

details:     Upper_YR_LN      Anatolia_N     0.000071    0.179627
details:       Sherpa.LC      Anatolia_N     0.000631    2.262436
details:             Dai      Anatolia_N    -0.000432   -1.774505
dscore:      Anatolia_N f4:     0.000493 Z:     1.788738

details:     Upper_YR_LN          Ami.SG     0.001487    3.094510
details:       Sherpa.LC          Ami.SG     0.000231    0.631682
details:             Dai          Ami.SG     0.004791   14.255584
dscore:          Ami.SG f4:     0.001030 Z:     2.804682

details:     Upper_YR_LN         Mixe.SG     0.000928    2.033872
details:       Sherpa.LC         Mixe.SG     0.000447    1.246017
details:             Dai         Mixe.SG    -0.000309   -0.942740
dscore:         Mixe.SG f4:     0.000189 Z:     0.527046

details:     Upper_YR_LN    Ganj_Dareh_N    -0.000377   -0.820140
details:       Sherpa.LC    Ganj_Dareh_N     0.000390    1.127446
details:             Dai    Ganj_Dareh_N    -0.000336   -1.099270
dscore:    Ganj_Dareh_N f4:     0.000366 Z:     1.054784

details:     Upper_YR_LN         Onge.DG    -0.000081   -0.164375
details:       Sherpa.LC         Onge.DG    -0.000026   -0.072253
details:             Dai         Onge.DG    -0.000025   -0.078403
dscore:         Onge.DG f4:    -0.000015 Z:    -0.044513

details:     Upper_YR_LN      Villabruna    -0.000890   -1.502308
details:       Sherpa.LC      Villabruna     0.000293    0.662296
details:             Dai      Villabruna    -0.000601   -1.498357
dscore:      Villabruna f4:     0.000306 Z:     0.698429

details:     Upper_YR_LN      DevilsGate     0.002133    3.995633
details:       Sherpa.LC      DevilsGate     0.000537    1.395673
details:             Dai      DevilsGate    -0.000452   -1.253950
dscore:      DevilsGate f4:     0.000024 Z:     0.062352

details:     Upper_YR_LN            aACA     0.000407    1.044844
details:       Sherpa.LC            aACA     0.001487    5.060318
details:             Dai            aACA    -0.002820  -10.807936
dscore:            aACA f4:     0.000713 Z:     2.457874

gendstat:           MbutiPygmy           Anatolia_N     1.789
gendstat:           MbutiPygmy               Ami.SG     2.805
gendstat:           MbutiPygmy              Mixe.SG     0.527
gendstat:           MbutiPygmy         Ganj_Dareh_N     1.055
gendstat:           MbutiPygmy              Onge.DG    -0.045
gendstat:           MbutiPygmy           Villabruna     0.698
gendstat:           MbutiPygmy           DevilsGate     0.062
gendstat:           MbutiPygmy                 aACA     2.458
gendstat:           Anatolia_N               Ami.SG     1.590
gendstat:           Anatolia_N              Mixe.SG    -0.920
gendstat:           Anatolia_N         Ganj_Dareh_N    -0.438
gendstat:           Anatolia_N              Onge.DG    -1.583
gendstat:           Anatolia_N           Villabruna    -0.514
gendstat:           Anatolia_N           DevilsGate    -1.288
gendstat:           Anatolia_N                 aACA     0.818
gendstat:               Ami.SG              Mixe.SG    -2.354
gendstat:               Ami.SG         Ganj_Dareh_N    -1.686
gendstat:               Ami.SG              Onge.DG    -2.995
gendstat:               Ami.SG           Villabruna    -1.554
gendstat:               Ami.SG           DevilsGate    -2.720
gendstat:               Ami.SG                 aACA    -1.215
gendstat:              Mixe.SG         Ganj_Dareh_N     0.428
gendstat:              Mixe.SG              Onge.DG    -0.547
gendstat:              Mixe.SG           Villabruna     0.253
gendstat:              Mixe.SG           DevilsGate    -0.433
gendstat:              Mixe.SG                 aACA     1.871
gendstat:         Ganj_Dareh_N              Onge.DG    -0.972
gendstat:         Ganj_Dareh_N           Villabruna    -0.134
gendstat:         Ganj_Dareh_N           DevilsGate    -0.796
gendstat:         Ganj_Dareh_N                 aACA     0.976
gendstat:              Onge.DG           Villabruna     0.690
gendstat:              Onge.DG           DevilsGate     0.100
gendstat:              Onge.DG                 aACA     2.412
gendstat:           Villabruna           DevilsGate    -0.584
gendstat:           Villabruna                 aACA     0.982
gendstat:           DevilsGate                 aACA     2.223

## end of run
