/home/cliu7/utils/AdmixTools/bin/qpAdm: parameter file: temp/param/qpAdm_Chamling.Upper_YR_LN.Sherpa.LC.Pathan.parah7552pv
### THE INPUT PARAMETERS
##PARAMETER NAME: VALUE
DIR: data/intermediate
S1: illumina_all_merged.qpAdm
indivname: data/intermediate/illumina_all_merged.qpAdm.grouped2.ind
snpname: data/intermediate/illumina_all_merged.qpAdm.snp
genotypename: data/intermediate/illumina_all_merged.qpAdm.geno
popleft: temp/param/left.ah7552pv
popright: temp/param/right.ah7552pv
details: YES
## qpAdm version: 810
seed: 303980816
packed geno read OK
end of inpack

left pops:
Chamling
Upper_YR_LN
Sherpa.LC
Pathan

right pops:
MbutiPygmy
Anatolia_N
Ami.SG
Mixe.SG
Ganj_Dareh_N
Onge.DG
Villabruna
DevilsGate
aACA

  0             Chamling    7
  1          Upper_YR_LN    7
  2            Sherpa.LC    9
  3               Pathan   22
  4           MbutiPygmy   13
  5           Anatolia_N   25
  6               Ami.SG    2
  7              Mixe.SG    3
  8         Ganj_Dareh_N    7
  9              Onge.DG    2
 10           Villabruna    1
 11           DevilsGate    4
 12                 aACA   32
jackknife block size:     0.050
snps: 222521  indivs: 134
number of blocks for block jackknife: 548
## ncols: 222521
coverage:             Chamling 222521
coverage:          Upper_YR_LN 221150
coverage:            Sherpa.LC 111582
coverage:               Pathan 222521
coverage:           MbutiPygmy 222521
coverage:           Anatolia_N 111256
coverage:               Ami.SG 222521
coverage:              Mixe.SG 222521
coverage:         Ganj_Dareh_N  99721
coverage:              Onge.DG 217231
coverage:           Villabruna  82514
coverage:           DevilsGate 111550
coverage:                 aACA 114355
dof (jackknife):   463.731
numsnps used: 77847
codimension 1
f4info: 
f4rank: 2 dof:      6 chisq:    18.250 tail:         0.0056365676 dofdiff:      8 chisqdiff:   -18.250 taildiff:                    1
B:
          scale     1.000     1.000 
     Anatolia_N    -0.573     0.100 
         Ami.SG     1.342    -0.665 
        Mixe.SG     0.808    -0.149 
   Ganj_Dareh_N    -0.610     0.093 
        Onge.DG     0.563     0.027 
     Villabruna    -0.434     0.278 
     DevilsGate     1.464    -0.634 
           aACA     1.483     2.653 
A:
          scale   122.681  3211.776 
    Upper_YR_LN     0.092    -1.237 
      Sherpa.LC     0.011     1.207 
         Pathan    -1.730    -0.110 


full rank
f4info: 
f4rank: 3 dof:      0 chisq:     0.000 tail:                    1 dofdiff:      6 chisqdiff:    18.250 taildiff:         0.0056365676
B:
          scale     1.000     1.000     1.000 
     Anatolia_N    -0.559    -0.564     1.774 
         Ami.SG     1.350    -0.351    -0.903 
        Mixe.SG     0.812    -0.102    -0.200 
   Ganj_Dareh_N    -0.604    -0.217     0.602 
        Onge.DG     0.562     0.303    -1.070 
     Villabruna    -0.433     0.265    -0.246 
     DevilsGate     1.477    -0.520    -0.057 
           aACA     1.468     2.659     1.558 
A:
          scale   125.078  2267.156  3358.827 
    Upper_YR_LN     0.154    -1.527     0.986 
      Sherpa.LC     0.033     0.291     1.182 
         Pathan    -1.725    -0.765     0.793 


best coefficients:     0.479     0.493     0.028 
Jackknife mean:      0.475504453     0.496045232     0.028450315 
      std. errors:     0.086     0.087     0.008 

error covariance (* 1000000)
      7467      -7453        -14 
     -7453       7498        -45 
       -14        -45         59 


summ: Chamling    3      0.005637     0.476     0.496     0.028  7467 -7453   -14  7498   -45    59 

    fixed pat  wt  dof     chisq       tail prob
          000  0     6    18.250      0.00563657     0.479     0.493     0.028 
          001  1     7   101.016     6.65348e-19     6.666    -5.666    -0.000  infeasible
          010  1     7    39.154     1.82654e-06     0.971    -0.000     0.029 
          100  1     7    46.993     5.59921e-08    -0.000     0.972     0.028 
          011  2     8    48.070     9.58078e-08     1.000     0.000    -0.000 
          101  2     8    59.602       5.579e-10     0.000     1.000    -0.000 
          110  2     8  6981.938               0     0.000     0.000     1.000 
best pat:          000       0.00563657              -  -
best pat:          010      1.82654e-06  chi(nested):    20.904 p-value for nested model:     4.82898e-06
best pat:          011      9.58078e-08  chi(nested):     8.916 p-value for nested model:      0.00282736

coeffs:     0.479     0.493     0.028 

## dscore:: f_4(Base, Fit, Rbase, right2)
## genstat:: f_4(Base, Fit, right1, right2)

details:     Upper_YR_LN      Anatolia_N     0.000072    0.179497
details:       Sherpa.LC      Anatolia_N     0.000641    2.261120
details:          Pathan      Anatolia_N     0.008346   24.187756
dscore:      Anatolia_N f4:     0.000588 Z:     2.139850

details:     Upper_YR_LN          Ami.SG     0.001511    3.093019
details:       Sherpa.LC          Ami.SG     0.000234    0.631613
details:          Pathan          Ami.SG    -0.018864  -41.568586
dscore:          Ami.SG f4:     0.000303 Z:     0.882737

details:     Upper_YR_LN         Mixe.SG     0.000943    2.031772
details:       Sherpa.LC         Mixe.SG     0.000454    1.245549
details:          Pathan         Mixe.SG    -0.011197  -23.032534
dscore:         Mixe.SG f4:     0.000357 Z:     1.087335

details:     Upper_YR_LN    Ganj_Dareh_N    -0.000383   -0.819954
details:       Sherpa.LC    Ganj_Dareh_N     0.000396    1.126957
details:          Pathan    Ganj_Dareh_N     0.008701   20.437735
dscore:    Ganj_Dareh_N f4:     0.000259 Z:     0.802295

details:     Upper_YR_LN         Onge.DG    -0.000082   -0.164340
details:       Sherpa.LC         Onge.DG    -0.000026   -0.072205
details:          Pathan         Onge.DG    -0.008216  -18.360670
dscore:         Onge.DG f4:    -0.000285 Z:    -0.812784

details:     Upper_YR_LN      Villabruna    -0.000905   -1.501375
details:       Sherpa.LC      Villabruna     0.000297    0.661943
details:          Pathan      Villabruna     0.005994   10.622027
dscore:      Villabruna f4:    -0.000116 Z:    -0.277229

details:     Upper_YR_LN      DevilsGate     0.002167    3.995365
details:       Sherpa.LC      DevilsGate     0.000546    1.396026
details:          Pathan      DevilsGate    -0.020256  -42.556537
dscore:      DevilsGate f4:     0.000731 Z:     1.932890

details:     Upper_YR_LN            aACA     0.000414    1.043859
details:       Sherpa.LC            aACA     0.001511    5.057000
details:          Pathan            aACA    -0.020831  -53.646489
dscore:            aACA f4:     0.000352 Z:     1.247982

gendstat:           MbutiPygmy           Anatolia_N     2.140
gendstat:           MbutiPygmy               Ami.SG     0.883
gendstat:           MbutiPygmy              Mixe.SG     1.087
gendstat:           MbutiPygmy         Ganj_Dareh_N     0.802
gendstat:           MbutiPygmy              Onge.DG    -0.813
gendstat:           MbutiPygmy           Villabruna    -0.277
gendstat:           MbutiPygmy           DevilsGate     1.933
gendstat:           MbutiPygmy                 aACA     1.248
gendstat:           Anatolia_N               Ami.SG    -0.935
gendstat:           Anatolia_N              Mixe.SG    -0.767
gendstat:           Anatolia_N         Ganj_Dareh_N    -1.259
gendstat:           Anatolia_N              Onge.DG    -2.779
gendstat:           Anatolia_N           Villabruna    -2.089
gendstat:           Anatolia_N           DevilsGate     0.431
gendstat:           Anatolia_N                 aACA    -0.947
gendstat:               Ami.SG              Mixe.SG     0.162
gendstat:               Ami.SG         Ganj_Dareh_N    -0.126
gendstat:               Ami.SG              Onge.DG    -1.749
gendstat:               Ami.SG           Villabruna    -1.026
gendstat:               Ami.SG           DevilsGate     1.336
gendstat:               Ami.SG                 aACA     0.207
gendstat:              Mixe.SG         Ganj_Dareh_N    -0.266
gendstat:              Mixe.SG              Onge.DG    -1.754
gendstat:              Mixe.SG           Villabruna    -1.103
gendstat:              Mixe.SG           DevilsGate     1.060
gendstat:              Mixe.SG                 aACA    -0.022
gendstat:         Ganj_Dareh_N              Onge.DG    -1.494
gendstat:         Ganj_Dareh_N           Villabruna    -0.927
gendstat:         Ganj_Dareh_N           DevilsGate     1.212
gendstat:         Ganj_Dareh_N                 aACA     0.296
gendstat:              Onge.DG           Villabruna     0.378
gendstat:              Onge.DG           DevilsGate     2.651
gendstat:              Onge.DG                 aACA     2.154
gendstat:           Villabruna           DevilsGate     1.935
gendstat:           Villabruna                 aACA     1.203
gendstat:           DevilsGate                 aACA    -1.373

## end of run
