/home/cliu7/utils/AdmixTools/bin/qpAdm: parameter file: temp/param/qpAdm_Chepang.Upper_YR_LN.Sherpa.LC.Pathan.paru3tbe30b
### THE INPUT PARAMETERS
##PARAMETER NAME: VALUE
DIR: data/intermediate
S1: illumina_all_merged.qpAdm
indivname: data/intermediate/illumina_all_merged.qpAdm.grouped2.ind
snpname: data/intermediate/illumina_all_merged.qpAdm.snp
genotypename: data/intermediate/illumina_all_merged.qpAdm.geno
popleft: temp/param/left.u3tbe30b
popright: temp/param/right.u3tbe30b
details: YES
## qpAdm version: 810
seed: 1610684273
packed geno read OK
end of inpack

left pops:
Chepang
Upper_YR_LN
Sherpa.LC
Pathan

right pops:
MbutiPygmy
Anatolia_N
Ami.SG
Mixe.SG
Ganj_Dareh_N
Onge.DG
Villabruna
DevilsGate
aACA

  0              Chepang   18
  1          Upper_YR_LN    7
  2            Sherpa.LC    9
  3               Pathan   22
  4           MbutiPygmy   13
  5           Anatolia_N   25
  6               Ami.SG    2
  7              Mixe.SG    3
  8         Ganj_Dareh_N    7
  9              Onge.DG    2
 10           Villabruna    1
 11           DevilsGate    4
 12                 aACA   32
jackknife block size:     0.050
snps: 222521  indivs: 145
number of blocks for block jackknife: 548
## ncols: 222521
coverage:              Chepang 222521
coverage:          Upper_YR_LN 221150
coverage:            Sherpa.LC 111582
coverage:               Pathan 222521
coverage:           MbutiPygmy 222521
coverage:           Anatolia_N 111256
coverage:               Ami.SG 222521
coverage:              Mixe.SG 222521
coverage:         Ganj_Dareh_N  99721
coverage:              Onge.DG 217231
coverage:           Villabruna  82514
coverage:           DevilsGate 111550
coverage:                 aACA 114355
dof (jackknife):   463.722
numsnps used: 77822
codimension 1
f4info: 
f4rank: 2 dof:      6 chisq:    28.419 tail:       7.83261111e-05 dofdiff:      8 chisqdiff:   -28.419 taildiff:                    1
B:
          scale     1.000     1.000 
     Anatolia_N    -0.576     0.463 
         Ami.SG     1.345    -0.707 
        Mixe.SG     0.808    -0.182 
   Ganj_Dareh_N    -0.613     0.212 
        Onge.DG     0.583    -0.280 
     Villabruna    -0.435     0.218 
     DevilsGate     1.464    -0.397 
           aACA     1.469     2.631 
A:
          scale   130.627  2814.099 
    Upper_YR_LN     0.215    -0.500 
      Sherpa.LC     0.136     1.635 
         Pathan    -1.713     0.277 


full rank
f4info: 
f4rank: 3 dof:      0 chisq:     0.000 tail:                    1 dofdiff:      6 chisqdiff:    28.419 taildiff:       7.83261111e-05
B:
          scale     1.000     1.000     1.000 
     Anatolia_N    -0.565     1.284    -0.746 
         Ami.SG     1.352    -0.790    -0.399 
        Mixe.SG     0.809    -0.116    -0.185 
   Ganj_Dareh_N    -0.607     0.691    -0.286 
        Onge.DG     0.570    -1.133     0.514 
     Villabruna    -0.439     0.140     0.300 
     DevilsGate     1.476    -0.121    -0.713 
           aACA     1.461     1.979     2.511 
A:
          scale   133.025  2097.312  2303.802 
    Upper_YR_LN     0.300     0.921    -1.551 
      Sherpa.LC     0.179     1.267     0.100 
         Pathan    -1.696     0.739    -0.764 


best coefficients:     0.700     0.197     0.103 
Jackknife mean:      0.692848138     0.203723215     0.103428647 
      std. errors:     0.109     0.109     0.008 

error covariance (* 1000000)
     11951     -11878        -73 
    -11878      11870          7 
       -73          7         66 


summ: Chepang    3      0.000078     0.693     0.204     0.103 11951 -11878   -73 11870     7    66 

    fixed pat  wt  dof     chisq       tail prob
          000  0     6    28.419     7.83261e-05     0.700     0.197     0.103 
          001  1     7   132.395     1.98533e-25   125.346  -124.346     0.000  infeasible
          010  1     7    30.332     8.25104e-05     0.897    -0.000     0.103 
          100  1     7    80.619     1.03001e-14     0.000     0.891     0.109 
          011  2     8   141.243     1.30819e-26     1.000     0.000    -0.000 
          101  2     8   235.366               0     0.000     1.000    -0.000 
          110  2     8  4875.615               0     0.000    -0.000     1.000 
best pat:          000      7.83261e-05              -  -
best pat:          010      8.25104e-05  chi(nested):     1.913 p-value for nested model:        0.166618
best pat:          011      1.30819e-26  chi(nested):   110.911 p-value for nested model:     6.18956e-26

coeffs:     0.700     0.197     0.103 

## dscore:: f_4(Base, Fit, Rbase, right2)
## genstat:: f_4(Base, Fit, right1, right2)

details:     Upper_YR_LN      Anatolia_N    -0.000271   -0.692830
details:       Sherpa.LC      Anatolia_N     0.000297    0.961446
details:          Pathan      Anatolia_N     0.008005   23.923700
dscore:      Anatolia_N f4:     0.000696 Z:     2.244559

details:     Upper_YR_LN          Ami.SG     0.002946    6.126672
details:       Sherpa.LC          Ami.SG     0.001669    4.229831
details:          Pathan          Ami.SG    -0.017436  -38.727291
dscore:          Ami.SG f4:     0.000587 Z:     1.525920

details:     Upper_YR_LN         Mixe.SG     0.001888    4.100835
details:       Sherpa.LC         Mixe.SG     0.001399    3.541599
details:          Pathan         Mixe.SG    -0.010256  -21.623999
dscore:         Mixe.SG f4:     0.000536 Z:     1.445841

details:     Upper_YR_LN    Ganj_Dareh_N    -0.000790   -1.696768
details:       Sherpa.LC    Ganj_Dareh_N    -0.000010   -0.027500
details:          Pathan    Ganj_Dareh_N     0.008298   20.254696
dscore:    Ganj_Dareh_N f4:     0.000303 Z:     0.820488

details:     Upper_YR_LN         Onge.DG     0.000320    0.664340
details:       Sherpa.LC         Onge.DG     0.000375    1.004294
details:          Pathan         Onge.DG    -0.007817  -18.509230
dscore:         Onge.DG f4:    -0.000511 Z:    -1.338571

details:     Upper_YR_LN      Villabruna    -0.001136   -1.879110
details:       Sherpa.LC      Villabruna     0.000066    0.134369
details:          Pathan      Villabruna     0.005765   10.794672
dscore:      Villabruna f4:    -0.000186 Z:    -0.382821

details:     Upper_YR_LN      DevilsGate     0.003803    7.136624
details:       Sherpa.LC      DevilsGate     0.002181    5.273078
details:          Pathan      DevilsGate    -0.018627  -38.382974
dscore:      DevilsGate f4:     0.001164 Z:     2.731776

details:     Upper_YR_LN            aACA     0.002444    6.238164
details:       Sherpa.LC            aACA     0.003541   11.706683
details:          Pathan            aACA    -0.018808  -49.615987
dscore:            aACA f4:     0.000462 Z:     1.485536

gendstat:           MbutiPygmy           Anatolia_N     2.245
gendstat:           MbutiPygmy               Ami.SG     1.526
gendstat:           MbutiPygmy              Mixe.SG     1.446
gendstat:           MbutiPygmy         Ganj_Dareh_N     0.820
gendstat:           MbutiPygmy              Onge.DG    -1.339
gendstat:           MbutiPygmy           Villabruna    -0.383
gendstat:           MbutiPygmy           DevilsGate     2.732
gendstat:           MbutiPygmy                 aACA     1.486
gendstat:           Anatolia_N               Ami.SG    -0.330
gendstat:           Anatolia_N              Mixe.SG    -0.490
gendstat:           Anatolia_N         Ganj_Dareh_N    -1.290
gendstat:           Anatolia_N              Onge.DG    -3.585
gendstat:           Anatolia_N           Villabruna    -2.189
gendstat:           Anatolia_N           DevilsGate     1.238
gendstat:           Anatolia_N                 aACA    -0.918
gendstat:               Ami.SG              Mixe.SG    -0.140
gendstat:               Ami.SG         Ganj_Dareh_N    -0.686
gendstat:               Ami.SG              Onge.DG    -2.884
gendstat:               Ami.SG           Villabruna    -1.559
gendstat:               Ami.SG           DevilsGate     1.533
gendstat:               Ami.SG                 aACA    -0.486
gendstat:              Mixe.SG         Ganj_Dareh_N    -0.587
gendstat:              Mixe.SG              Onge.DG    -2.622
gendstat:              Mixe.SG           Villabruna    -1.466
gendstat:              Mixe.SG           DevilsGate     1.634
gendstat:              Mixe.SG                 aACA    -0.261
gendstat:         Ganj_Dareh_N              Onge.DG    -2.026
gendstat:         Ganj_Dareh_N           Villabruna    -0.999
gendstat:         Ganj_Dareh_N           DevilsGate     1.876
gendstat:         Ganj_Dareh_N                 aACA     0.453
gendstat:              Onge.DG           Villabruna     0.629
gendstat:              Onge.DG           DevilsGate     3.998
gendstat:              Onge.DG                 aACA     3.009
gendstat:           Villabruna           DevilsGate     2.559
gendstat:           Villabruna                 aACA     1.419
gendstat:           DevilsGate                 aACA    -2.221

## end of run
