/home/cliu7/utils/AdmixTools/bin/qpAdm: parameter file: temp/param/qpAdm_Chetri.Upper_YR_LN.Sherpa.LC.Pathan.parqjark7gy
### THE INPUT PARAMETERS
##PARAMETER NAME: VALUE
DIR: data/intermediate
S1: illumina_all_merged.qpAdm
indivname: data/intermediate/illumina_all_merged.qpAdm.grouped2.ind
snpname: data/intermediate/illumina_all_merged.qpAdm.snp
genotypename: data/intermediate/illumina_all_merged.qpAdm.geno
popleft: temp/param/left.qjark7gy
popright: temp/param/right.qjark7gy
details: YES
## qpAdm version: 810
seed: -1382694176
packed geno read OK
end of inpack

left pops:
Chetri
Upper_YR_LN
Sherpa.LC
Pathan

right pops:
MbutiPygmy
Anatolia_N
Ami.SG
Mixe.SG
Ganj_Dareh_N
Onge.DG
Villabruna
DevilsGate
aACA

  0               Chetri   19
  1          Upper_YR_LN    7
  2            Sherpa.LC    9
  3               Pathan   22
  4           MbutiPygmy   13
  5           Anatolia_N   25
  6               Ami.SG    2
  7              Mixe.SG    3
  8         Ganj_Dareh_N    7
  9              Onge.DG    2
 10           Villabruna    1
 11           DevilsGate    4
 12                 aACA   32
jackknife block size:     0.050
snps: 222521  indivs: 146
number of blocks for block jackknife: 548
## ncols: 222521
coverage:               Chetri 222521
coverage:          Upper_YR_LN 221150
coverage:            Sherpa.LC 111582
coverage:               Pathan 222521
coverage:           MbutiPygmy 222521
coverage:           Anatolia_N 111256
coverage:               Ami.SG 222521
coverage:              Mixe.SG 222521
coverage:         Ganj_Dareh_N  99721
coverage:              Onge.DG 217231
coverage:           Villabruna  82514
coverage:           DevilsGate 111550
coverage:                 aACA 114355
dof (jackknife):   463.639
numsnps used: 77793
codimension 1
f4info: 
f4rank: 2 dof:      6 chisq:    77.732 tail:        1.0501535e-14 dofdiff:      8 chisqdiff:   -77.732 taildiff:                    1
B:
          scale     1.000     1.000 
     Anatolia_N    -0.553     1.433 
         Ami.SG     1.331    -0.132 
        Mixe.SG     0.809     0.187 
   Ganj_Dareh_N    -0.599     1.351 
        Onge.DG     0.562    -1.497 
     Villabruna    -0.433     0.643 
     DevilsGate     1.460     0.432 
           aACA     1.508     1.108 
A:
          scale   122.045  2129.289 
    Upper_YR_LN     1.137     0.088 
      Sherpa.LC     1.143     1.428 
         Pathan    -0.634     0.977 


full rank
f4info: 
f4rank: 3 dof:      0 chisq:     0.000 tail:                    1 dofdiff:      6 chisqdiff:    77.732 taildiff:        1.0501535e-14
B:
          scale     1.000     1.000     1.000 
     Anatolia_N    -0.545     1.476    -0.290 
         Ami.SG     1.347     0.088    -0.622 
        Mixe.SG     0.812     0.330    -0.236 
   Ganj_Dareh_N    -0.594     1.160    -0.014 
        Onge.DG     0.547    -1.640     0.260 
     Villabruna    -0.434     0.530     0.383 
     DevilsGate     1.481     0.788    -0.833 
           aACA     1.481     0.878     2.562 
A:
          scale   121.407  1909.563  3003.108 
    Upper_YR_LN     1.192     0.922    -1.352 
      Sherpa.LC     1.095     0.986     1.018 
         Pathan    -0.618     1.085    -0.370 


best coefficients:     0.850    -0.491     0.640 
Jackknife mean:      0.627106593    -0.268674965     0.641568372 
      std. errors:     0.491     0.491     0.009 

error covariance (* 1000000)
    241518    -241251       -267 
   -241251     241074        177 
      -267        177         90 


summ: Chetri    3      0.000000     0.627    -0.269     0.642 241518 -241251  -267 241074   177    90 

    fixed pat  wt  dof     chisq       tail prob
          000  0     6    77.732     1.05015e-14     0.850    -0.491     0.640  infeasible
          001  1     7    88.206     2.88903e-16   245.034  -244.034     0.000  infeasible
          010  1     7    97.293      3.9037e-18     0.361     0.000     0.639 
          100  1     7   133.995     9.18542e-26     0.000     0.361     0.639 
          011  2     8  2716.350               0     1.000     0.000    -0.000 
          101  2     8  3829.694               0     0.000     1.000    -0.000 
          110  2     8  3389.439               0     0.000    -0.000     1.000 
best pat:          000      1.05015e-14              -  -
best pat:          010       3.9037e-18  chi(nested):    19.562 p-value for nested model:     9.73916e-06
best pat:          011                0  chi(nested):  2619.057 p-value for nested model:               0

coeffs:     0.850    -0.491     0.640 

## dscore:: f_4(Base, Fit, Rbase, right2)
## genstat:: f_4(Base, Fit, right1, right2)

details:     Upper_YR_LN      Anatolia_N    -0.004549  -11.023585
details:       Sherpa.LC      Anatolia_N    -0.003980  -12.715026
details:          Pathan      Anatolia_N     0.003731   20.927317
dscore:      Anatolia_N f4:     0.000475 Z:     1.377714

details:     Upper_YR_LN          Ami.SG     0.013729   26.529586
details:       Sherpa.LC          Ami.SG     0.012452   29.752606
details:          Pathan          Ami.SG    -0.006660  -28.582999
dscore:          Ami.SG f4:     0.001297 Z:     3.073043

details:     Upper_YR_LN         Mixe.SG     0.008320   16.596997
details:       Sherpa.LC         Mixe.SG     0.007830   19.048943
details:          Pathan         Mixe.SG    -0.003829  -16.085598
dscore:         Mixe.SG f4:     0.000779 Z:     1.925838

details:     Upper_YR_LN    Ganj_Dareh_N    -0.005290  -10.808887
details:       Sherpa.LC    Ganj_Dareh_N    -0.004511  -12.048949
details:          Pathan    Ganj_Dareh_N     0.003800   17.440799
dscore:    Ganj_Dareh_N f4:     0.000150 Z:     0.352790

details:     Upper_YR_LN         Onge.DG     0.004480    8.843774
details:       Sherpa.LC         Onge.DG     0.004536   11.530827
details:          Pathan         Onge.DG    -0.003660  -15.957934
dscore:         Onge.DG f4:    -0.000761 Z:    -1.846927

details:     Upper_YR_LN      Villabruna    -0.004266   -6.788279
details:       Sherpa.LC      Villabruna    -0.003063   -6.128486
details:          Pathan      Villabruna     0.002637    9.273326
dscore:      Villabruna f4:    -0.000435 Z:    -0.818047

details:     Upper_YR_LN      DevilsGate     0.015515   27.594605
details:       Sherpa.LC      DevilsGate     0.013893   33.255300
details:          Pathan      DevilsGate    -0.006923  -28.211456
dscore:      DevilsGate f4:     0.001940 Z:     4.254799

details:     Upper_YR_LN            aACA     0.013967   31.934102
details:       Sherpa.LC            aACA     0.015065   43.988245
details:          Pathan            aACA    -0.007292  -37.030671
dscore:            aACA f4:    -0.000188 Z:    -0.551121

gendstat:           MbutiPygmy           Anatolia_N     1.378
gendstat:           MbutiPygmy               Ami.SG     3.073
gendstat:           MbutiPygmy              Mixe.SG     1.926
gendstat:           MbutiPygmy         Ganj_Dareh_N     0.353
gendstat:           MbutiPygmy              Onge.DG    -1.847
gendstat:           MbutiPygmy           Villabruna    -0.818
gendstat:           MbutiPygmy           DevilsGate     4.255
gendstat:           MbutiPygmy                 aACA    -0.551
gendstat:           Anatolia_N               Ami.SG     2.196
gendstat:           Anatolia_N              Mixe.SG     0.838
gendstat:           Anatolia_N         Ganj_Dareh_N    -0.951
gendstat:           Anatolia_N              Onge.DG    -3.301
gendstat:           Anatolia_N           Villabruna    -2.071
gendstat:           Anatolia_N           DevilsGate     3.554
gendstat:           Anatolia_N                 aACA    -2.214
gendstat:               Ami.SG              Mixe.SG    -1.297
gendstat:               Ami.SG         Ganj_Dareh_N    -2.559
gendstat:               Ami.SG              Onge.DG    -5.226
gendstat:               Ami.SG           Villabruna    -3.262
gendstat:               Ami.SG           DevilsGate     1.581
gendstat:               Ami.SG                 aACA    -5.063
gendstat:              Mixe.SG         Ganj_Dareh_N    -1.393
gendstat:              Mixe.SG              Onge.DG    -3.670
gendstat:              Mixe.SG           Villabruna    -2.211
gendstat:              Mixe.SG           DevilsGate     2.731
gendstat:              Mixe.SG                 aACA    -3.109
gendstat:         Ganj_Dareh_N              Onge.DG    -2.069
gendstat:         Ganj_Dareh_N           Villabruna    -1.110
gendstat:         Ganj_Dareh_N           DevilsGate     3.659
gendstat:         Ganj_Dareh_N                 aACA    -0.839
gendstat:              Onge.DG           Villabruna     0.607
gendstat:              Onge.DG           DevilsGate     6.354
gendstat:              Onge.DG                 aACA     1.789
gendstat:           Villabruna           DevilsGate     4.102
gendstat:           Villabruna                 aACA     0.495
gendstat:           DevilsGate                 aACA    -6.165

## end of run
