/home/cliu7/utils/AdmixTools/bin/qpWave: parameter file: temp/param/qpAdm_Dakpa.YR_MN.Sherpa.LC.Pathan.par76t6m959
### THE INPUT PARAMETERS
##PARAMETER NAME: VALUE
DIR: data/intermediate
S1: illumina_all_merged.qpAdm
indivname: data/intermediate/illumina_all_merged.qpAdm.grouped2.ind
snpname: data/intermediate/illumina_all_merged.qpAdm.snp
genotypename: data/intermediate/illumina_all_merged.qpAdm.geno
popleft: temp/param/left.76t6m959
popright: temp/param/right.76t6m959
details: YES
## qpWave version: 410
packed geno read OK
end of inpack

left pops:
Dakpa
YR_MN
Sherpa.LC
Pathan

right pops:
MbutiPygmy
Anatolia_N
Ami.SG
Mixe.SG
Ganj_Dareh_N
Onge.DG
Villabruna
DevilsGate
aACA

  0                Dakpa    2
  1                YR_MN    8
  2            Sherpa.LC    9
  3               Pathan   22
  4           MbutiPygmy   13
  5           Anatolia_N   25
  6               Ami.SG    2
  7              Mixe.SG    3
  8         Ganj_Dareh_N    7
  9              Onge.DG    2
 10           Villabruna    1
 11           DevilsGate    4
 12                 aACA   32
jackknife block size:     0.050
snps: 222521  indivs: 130
number of blocks for block jackknife: 548
dof (jackknife):   463.717
numsnps used: 78016
f4info: 
f4rank: 0 dof:     24 chisq:  6956.206 tail:                    0 dofdiff:      0 chisqdiff:     0.000 taildiff:                    1

f4info: 
f4rank: 1 dof:     14 chisq:   191.731 tail:       2.66965811e-33 dofdiff:     10 chisqdiff:  6764.474 taildiff:                    0
B:
          scale     1.000 
     Anatolia_N    -0.529 
         Ami.SG     1.366 
        Mixe.SG     0.813 
   Ganj_Dareh_N    -0.548 
        Onge.DG     0.574 
     Villabruna    -0.407 
     DevilsGate     1.451 
           aACA     1.514 
A:
          scale   125.111 
          YR_MN     0.071 
      Sherpa.LC     0.086 
         Pathan    -1.728 

f4info: 
f4rank: 2 dof:      6 chisq:     2.632 tail:          0.853419585 dofdiff:      8 chisqdiff:   189.099 taildiff:       1.25965884e-36
B:
          scale     1.000     1.000 
     Anatolia_N    -0.555     0.426 
         Ami.SG     1.354    -1.532 
        Mixe.SG     0.804    -0.248 
   Ganj_Dareh_N    -0.594     0.331 
        Onge.DG     0.563    -0.149 
     Villabruna    -0.418     0.625 
     DevilsGate     1.447    -0.134 
           aACA     1.508     2.207 
A:
          scale   124.644  1589.147 
          YR_MN     0.134    -1.703 
      Sherpa.LC     0.062     0.291 
         Pathan    -1.726    -0.123 

f4info: 
f4rank: 3 dof:      0 chisq:     0.000 tail:                    1 dofdiff:      6 chisqdiff:     2.632 taildiff:          0.853419585
B:
          scale     1.000     1.000     1.000 
     Anatolia_N    -0.577     0.093     1.773 
         Ami.SG     1.352    -1.602     0.105 
        Mixe.SG     0.786    -0.540     1.427 
   Ganj_Dareh_N    -0.606     0.170     0.979 
        Onge.DG     0.550    -0.325     1.137 
     Villabruna    -0.422     0.503     0.611 
     DevilsGate     1.451    -0.097    -0.315 
           aACA     1.506     2.177     0.294 
A:
          scale   125.691  1607.352  5233.075 
          YR_MN     0.153    -1.707     0.254 
      Sherpa.LC     0.085     0.262     1.710 
         Pathan    -1.723    -0.138     0.107 

## end of run
