/home/cliu7/utils/AdmixTools/bin/qpAdm: parameter file: temp/param/qpAdm_Dakpa.YR_MN.Sherpa.LC.Dai.par1kriwyt0
### THE INPUT PARAMETERS
##PARAMETER NAME: VALUE
DIR: data/intermediate
S1: illumina_all_merged.qpAdm
indivname: data/intermediate/illumina_all_merged.qpAdm.grouped2.ind
snpname: data/intermediate/illumina_all_merged.qpAdm.snp
genotypename: data/intermediate/illumina_all_merged.qpAdm.geno
popleft: temp/param/left.1kriwyt0
popright: temp/param/right.1kriwyt0
details: YES
## qpAdm version: 810
seed: 1987021227
packed geno read OK
end of inpack

left pops:
Dakpa
YR_MN
Sherpa.LC
Dai

right pops:
MbutiPygmy
Anatolia_N
Ami.SG
Mixe.SG
Ganj_Dareh_N
Onge.DG
Villabruna
DevilsGate
aACA

  0                Dakpa    2
  1                YR_MN    8
  2            Sherpa.LC    9
  3                  Dai   10
  4           MbutiPygmy   13
  5           Anatolia_N   25
  6               Ami.SG    2
  7              Mixe.SG    3
  8         Ganj_Dareh_N    7
  9              Onge.DG    2
 10           Villabruna    1
 11           DevilsGate    4
 12                 aACA   32
jackknife block size:     0.050
snps: 222521  indivs: 118
number of blocks for block jackknife: 548
## ncols: 222521
coverage:                Dakpa 222512
coverage:                YR_MN 220932
coverage:            Sherpa.LC 111582
coverage:                  Dai 222521
coverage:           MbutiPygmy 222521
coverage:           Anatolia_N 111256
coverage:               Ami.SG 222521
coverage:              Mixe.SG 222521
coverage:         Ganj_Dareh_N  99721
coverage:              Onge.DG 217231
coverage:           Villabruna  82514
coverage:           DevilsGate 111550
coverage:                 aACA 114355
dof (jackknife):   464.599
numsnps used: 79649
codimension 1
f4info: 
f4rank: 2 dof:      6 chisq:     8.119 tail:          0.229544505 dofdiff:      8 chisqdiff:    -8.119 taildiff:                    1
B:
          scale     1.000     1.000 
     Anatolia_N    -0.490     0.106 
         Ami.SG     2.304    -0.353 
        Mixe.SG     0.335     1.337 
   Ganj_Dareh_N    -0.437    -0.090 
        Onge.DG     0.365     0.662 
     Villabruna    -0.567    -0.153 
     DevilsGate     0.316     1.621 
           aACA    -1.262     1.726 
A:
          scale   702.137  1590.991 
          YR_MN     1.065     1.318 
      Sherpa.LC     0.029     0.876 
            Dai     1.366    -0.704 


full rank
f4info: 
f4rank: 3 dof:      0 chisq:     0.000 tail:                    1 dofdiff:      6 chisqdiff:     8.119 taildiff:          0.229544505
B:
          scale     1.000     1.000     1.000 
     Anatolia_N    -0.459     0.075     0.880 
         Ami.SG     2.386    -0.147     0.509 
        Mixe.SG     0.333     1.304    -0.583 
   Ganj_Dareh_N    -0.440    -0.210     0.519 
        Onge.DG     0.405     0.649     0.324 
     Villabruna    -0.525    -0.195     0.753 
     DevilsGate     0.291     1.556    -1.421 
           aACA    -1.127     1.830     1.915 
A:
          scale   675.797  1605.982  5994.673 
          YR_MN     0.967     1.210    -0.792 
      Sherpa.LC     0.164     1.067     1.366 
            Dai     1.427    -0.630     0.711 


best coefficients:    -0.546     1.145     0.402 
Jackknife mean:     -0.406407534     1.077714505     0.328693029 
      std. errors:     0.461     0.223     0.246 

error covariance (* 1000000)
    212430    -100771    -111659 
   -100771      49856      50915 
   -111659      50915      60744 


summ: Dakpa    3      0.229545    -0.406     1.078     0.329 212430 -100771 -111659 49856 50915 60744 

    fixed pat  wt  dof     chisq       tail prob
          000  0     6     8.119        0.229545    -0.546     1.145     0.402  infeasible
          001  1     7    16.478       0.0210919     0.157     0.843    -0.000 
          010  1     7    28.474     0.000180385     1.913     0.000    -0.913  infeasible
          100  1     7    12.668       0.0806155     0.000     0.888     0.112 
          011  2     8   111.927     1.52878e-20     1.000     0.000    -0.000 
          101  2     8    20.696      0.00800021     0.000     1.000    -0.000 
          110  2     8   553.039               0     0.000     0.000     1.000 
best pat:          000         0.229545              -  -
best pat:          100        0.0806155  chi(nested):     4.550 p-value for nested model:       0.0329246
best pat:          101       0.00800021  chi(nested):     8.028 p-value for nested model:      0.00460652

coeffs:    -0.546     1.145     0.402 

## dscore:: f_4(Base, Fit, Rbase, right2)
## genstat:: f_4(Base, Fit, right1, right2)

details:           YR_MN      Anatolia_N    -0.000699   -1.573967
details:       Sherpa.LC      Anatolia_N     0.000200    0.550814
details:             Dai      Anatolia_N    -0.000856   -2.523309
dscore:      Anatolia_N f4:     0.000268 Z:     0.613305

details:           YR_MN          Ami.SG     0.003278    6.111669
details:       Sherpa.LC          Ami.SG     0.000673    1.451442
details:             Dai          Ami.SG     0.005215   11.913801
dscore:          Ami.SG f4:     0.001074 Z:     1.872503

details:           YR_MN         Mixe.SG     0.001564    2.661605
details:       Sherpa.LC         Mixe.SG     0.000891    1.971118
details:             Dai         Mixe.SG     0.000176    0.391682
dscore:         Mixe.SG f4:     0.000237 Z:     0.436784

details:           YR_MN    Ganj_Dareh_N    -0.000851   -1.498105
details:       Sherpa.LC    Ganj_Dareh_N    -0.000061   -0.135086
details:             Dai    Ganj_Dareh_N    -0.000744   -1.755581
dscore:    Ganj_Dareh_N f4:     0.000096 Z:     0.175722

details:           YR_MN         Onge.DG     0.001046    1.822405
details:       Sherpa.LC         Onge.DG     0.000676    1.416499
details:             Dai         Onge.DG     0.000695    1.514264
dscore:         Onge.DG f4:     0.000481 Z:     0.847136

details:           YR_MN      Villabruna    -0.000996   -1.405338
details:       Sherpa.LC      Villabruna    -0.000004   -0.006606
details:             Dai      Villabruna    -0.000891   -1.630176
dscore:      Villabruna f4:     0.000182 Z:     0.260939

details:           YR_MN      DevilsGate     0.001811    2.891187
details:       Sherpa.LC      DevilsGate     0.000845    1.696431
details:             Dai      DevilsGate    -0.000118   -0.236862
dscore:      DevilsGate f4:    -0.000070 Z:    -0.115701

details:           YR_MN            aACA    -0.000459   -0.964402
details:       Sherpa.LC            aACA     0.001438    3.784275
details:             Dai            aACA    -0.002827   -7.645890
dscore:            aACA f4:     0.000762 Z:     1.656296

gendstat:           MbutiPygmy           Anatolia_N     0.613
gendstat:           MbutiPygmy               Ami.SG     1.873
gendstat:           MbutiPygmy              Mixe.SG     0.437
gendstat:           MbutiPygmy         Ganj_Dareh_N     0.176
gendstat:           MbutiPygmy              Onge.DG     0.847
gendstat:           MbutiPygmy           Villabruna     0.261
gendstat:           MbutiPygmy           DevilsGate    -0.116
gendstat:           MbutiPygmy                 aACA     1.656
gendstat:           Anatolia_N               Ami.SG     1.510
gendstat:           Anatolia_N              Mixe.SG    -0.065
gendstat:           Anatolia_N         Ganj_Dareh_N    -0.381
gendstat:           Anatolia_N              Onge.DG     0.402
gendstat:           Anatolia_N           Villabruna    -0.139
gendstat:           Anatolia_N           DevilsGate    -0.583
gendstat:           Anatolia_N                 aACA     1.214
gendstat:               Ami.SG              Mixe.SG    -1.605
gendstat:               Ami.SG         Ganj_Dareh_N    -1.582
gendstat:               Ami.SG              Onge.DG    -1.063
gendstat:               Ami.SG           Villabruna    -1.176
gendstat:               Ami.SG           DevilsGate    -2.026
gendstat:               Ami.SG                 aACA    -0.740
gendstat:              Mixe.SG         Ganj_Dareh_N    -0.239
gendstat:              Mixe.SG              Onge.DG     0.432
gendstat:              Mixe.SG           Villabruna    -0.076
gendstat:              Mixe.SG           DevilsGate    -0.532
gendstat:              Mixe.SG                 aACA     1.257
gendstat:         Ganj_Dareh_N              Onge.DG     0.632
gendstat:         Ganj_Dareh_N           Villabruna     0.121
gendstat:         Ganj_Dareh_N           DevilsGate    -0.241
gendstat:         Ganj_Dareh_N                 aACA     1.227
gendstat:              Onge.DG           Villabruna    -0.384
gendstat:              Onge.DG           DevilsGate    -0.869
gendstat:              Onge.DG                 aACA     0.597
gendstat:           Villabruna           DevilsGate    -0.321
gendstat:           Villabruna                 aACA     0.859
gendstat:           DevilsGate                 aACA     1.761

## end of run
