/home/cliu7/utils/AdmixTools/bin/qpAdm: parameter file: temp/param/qpAdm_Dhimal.Upper_YR_LN.Sherpa.LC.Pulliyar.partf6ktvd6
### THE INPUT PARAMETERS
##PARAMETER NAME: VALUE
DIR: data/intermediate
S1: illumina_all_merged.qpAdm
indivname: data/intermediate/illumina_all_merged.qpAdm.grouped2.ind
snpname: data/intermediate/illumina_all_merged.qpAdm.snp
genotypename: data/intermediate/illumina_all_merged.qpAdm.geno
popleft: temp/param/left.tf6ktvd6
popright: temp/param/right.tf6ktvd6
details: YES
## qpAdm version: 810
seed: 1579148488
packed geno read OK
end of inpack

left pops:
Dhimal
Upper_YR_LN
Sherpa.LC
Pulliyar

right pops:
MbutiPygmy
Anatolia_N
Ami.SG
Mixe.SG
Ganj_Dareh_N
Onge.DG
Villabruna
DevilsGate
aACA

  0               Dhimal   20
  1          Upper_YR_LN    7
  2            Sherpa.LC    9
  3             Pulliyar    5
  4           MbutiPygmy   13
  5           Anatolia_N   25
  6               Ami.SG    2
  7              Mixe.SG    3
  8         Ganj_Dareh_N    7
  9              Onge.DG    2
 10           Villabruna    1
 11           DevilsGate    4
 12                 aACA   32
jackknife block size:     0.050
snps: 222521  indivs: 130
number of blocks for block jackknife: 548
## ncols: 222521
coverage:               Dhimal 222521
coverage:          Upper_YR_LN 221150
coverage:            Sherpa.LC 111582
coverage:             Pulliyar 222521
coverage:           MbutiPygmy 222521
coverage:           Anatolia_N 111256
coverage:               Ami.SG 222521
coverage:              Mixe.SG 222521
coverage:         Ganj_Dareh_N  99721
coverage:              Onge.DG 217231
coverage:           Villabruna  82514
coverage:           DevilsGate 111550
coverage:                 aACA 114355
dof (jackknife):   464.076
numsnps used: 78343
codimension 1
f4info: 
f4rank: 2 dof:      6 chisq:    23.854 tail:        0.00055564004 dofdiff:      8 chisqdiff:   -23.854 taildiff:                    1
B:
          scale     1.000     1.000 
     Anatolia_N    -0.134     0.772 
         Ami.SG     1.367    -1.518 
        Mixe.SG     1.005     0.250 
   Ganj_Dareh_N    -0.271     0.771 
        Onge.DG     0.307    -0.545 
     Villabruna    -0.104     0.265 
     DevilsGate     1.593     0.043 
           aACA     1.545     2.018 
A:
          scale   183.025  1758.083 
    Upper_YR_LN     0.592     0.226 
      Sherpa.LC     0.509     1.548 
       Pulliyar    -1.546     0.743 


full rank
f4info: 
f4rank: 3 dof:      0 chisq:     0.000 tail:                    1 dofdiff:      6 chisqdiff:    23.854 taildiff:        0.00055564004
B:
          scale     1.000     1.000     1.000 
     Anatolia_N    -0.125     0.831    -0.084 
         Ami.SG     1.344    -1.707    -0.266 
        Mixe.SG     1.015     0.117    -0.056 
   Ganj_Dareh_N    -0.266     0.830     0.098 
        Onge.DG     0.299    -0.787     0.177 
     Villabruna    -0.112     0.181     0.746 
     DevilsGate     1.616     0.064    -0.862 
           aACA     1.538     1.742     2.565 
A:
          scale   183.383  1474.272  2861.170 
    Upper_YR_LN     0.664     0.851    -1.530 
      Sherpa.LC     0.517     1.137     0.392 
       Pulliyar    -1.514     0.991    -0.712 


best coefficients:     0.995    -0.283     0.288 
Jackknife mean:      0.984140270    -0.272267164     0.288126894 
      std. errors:     0.115     0.114     0.014 

error covariance (* 1000000)
     13246     -13064       -183 
    -13064      13069         -5 
      -183         -5        188 


summ: Dhimal    3      0.000556     0.984    -0.272     0.288 13246 -13064  -183 13069    -5   188 

    fixed pat  wt  dof     chisq       tail prob
          000  0     6    23.854      0.00055564     0.995    -0.283     0.288  infeasible
          001  1     7    78.310     3.04479e-14     7.770    -6.770    -0.000  infeasible
          010  1     7    36.402     6.08737e-06     0.714    -0.000     0.286 
          100  1     7   211.005               0    -0.000     0.717     0.283 
          011  2     8   465.346               0     1.000     0.000    -0.000 
          101  2     8   873.294               0     0.000     1.000    -0.000 
          110  2     8  2336.244               0     0.000    -0.000     1.000 
best pat:          000       0.00055564              -  -
best pat:          010      6.08737e-06  chi(nested):    12.548 p-value for nested model:     0.000396609
best pat:          011      1.90165e-95  chi(nested):   428.944 p-value for nested model:     2.76508e-95

coeffs:     0.995    -0.283     0.288 

## dscore:: f_4(Base, Fit, Rbase, right2)
## genstat:: f_4(Base, Fit, right1, right2)

details:     Upper_YR_LN      Anatolia_N    -0.000149   -0.406179
details:       Sherpa.LC      Anatolia_N     0.000416    1.603515
details:        Pulliyar      Anatolia_N     0.001576    4.657585
dscore:      Anatolia_N f4:     0.000188 Z:     0.508611

details:     Upper_YR_LN          Ami.SG     0.003852    8.510262
details:       Sherpa.LC          Ami.SG     0.002583    7.597628
details:        Pulliyar          Ami.SG    -0.012308  -28.295433
dscore:          Ami.SG f4:    -0.000441 Z:    -0.962059

details:     Upper_YR_LN         Mixe.SG     0.003581    8.045841
details:       Sherpa.LC         Mixe.SG     0.003095    9.005078
details:        Pulliyar         Mixe.SG    -0.008383  -18.152527
dscore:         Mixe.SG f4:     0.000274 Z:     0.604713

details:     Upper_YR_LN    Ganj_Dareh_N    -0.000722   -1.658016
details:       Sherpa.LC    Ganj_Dareh_N     0.000052    0.158623
details:        Pulliyar    Ganj_Dareh_N     0.002741    6.527668
dscore:    Ganj_Dareh_N f4:     0.000055 Z:     0.122684

details:     Upper_YR_LN         Onge.DG     0.000326    0.719299
details:       Sherpa.LC         Onge.DG     0.000382    1.168130
details:        Pulliyar         Onge.DG    -0.003095   -7.412277
dscore:         Onge.DG f4:    -0.000674 Z:    -1.497848

details:     Upper_YR_LN      Villabruna    -0.001032   -1.838458
details:       Sherpa.LC      Villabruna     0.000162    0.383564
details:        Pulliyar      Villabruna     0.000841    1.505660
dscore:      Villabruna f4:    -0.000831 Z:    -1.445510

details:     Upper_YR_LN      DevilsGate     0.006229   11.936815
details:       Sherpa.LC      DevilsGate     0.004618   13.271961
details:        Pulliyar      DevilsGate    -0.013229  -28.355031
dscore:      DevilsGate f4:     0.001083 Z:     2.069687

details:     Upper_YR_LN            aACA     0.005058   13.365929
details:       Sherpa.LC            aACA     0.006148   22.509923
details:        Pulliyar            aACA    -0.012259  -32.856295
dscore:            aACA f4:    -0.000237 Z:    -0.626857

gendstat:           MbutiPygmy           Anatolia_N     0.509
gendstat:           MbutiPygmy               Ami.SG    -0.962
gendstat:           MbutiPygmy              Mixe.SG     0.605
gendstat:           MbutiPygmy         Ganj_Dareh_N     0.123
gendstat:           MbutiPygmy              Onge.DG    -1.498
gendstat:           MbutiPygmy           Villabruna    -1.446
gendstat:           MbutiPygmy           DevilsGate     2.070
gendstat:           MbutiPygmy                 aACA    -0.627
gendstat:           Anatolia_N               Ami.SG    -1.622
gendstat:           Anatolia_N              Mixe.SG     0.220
gendstat:           Anatolia_N         Ganj_Dareh_N    -0.360
gendstat:           Anatolia_N              Onge.DG    -2.205
gendstat:           Anatolia_N           Villabruna    -2.112
gendstat:           Anatolia_N           DevilsGate     2.032
gendstat:           Anatolia_N                 aACA    -1.395
gendstat:               Ami.SG              Mixe.SG     1.672
gendstat:               Ami.SG         Ganj_Dareh_N     1.023
gendstat:               Ami.SG              Onge.DG    -0.534
gendstat:               Ami.SG           Villabruna    -0.692
gendstat:               Ami.SG           DevilsGate     3.433
gendstat:               Ami.SG                 aACA     0.663
gendstat:              Mixe.SG         Ganj_Dareh_N    -0.459
gendstat:              Mixe.SG              Onge.DG    -2.082
gendstat:              Mixe.SG           Villabruna    -1.882
gendstat:              Mixe.SG           DevilsGate     1.694
gendstat:              Mixe.SG                 aACA    -1.503
gendstat:         Ganj_Dareh_N              Onge.DG    -1.518
gendstat:         Ganj_Dareh_N           Villabruna    -1.544
gendstat:         Ganj_Dareh_N           DevilsGate     1.955
gendstat:         Ganj_Dareh_N                 aACA    -0.690
gendstat:              Onge.DG           Villabruna    -0.266
gendstat:              Onge.DG           DevilsGate     3.598
gendstat:              Onge.DG                 aACA     1.229
gendstat:           Villabruna           DevilsGate     3.138
gendstat:           Villabruna                 aACA     1.140
gendstat:           DevilsGate                 aACA    -3.506

## end of run
