/home/cliu7/utils/AdmixTools/bin/qpAdm: parameter file: temp/param/qpAdm_Dumi.YR_MN.Sherpa.LC.Dai.paruqcsbx2h
### THE INPUT PARAMETERS
##PARAMETER NAME: VALUE
DIR: data/intermediate
S1: illumina_all_merged.qpAdm
indivname: data/intermediate/illumina_all_merged.qpAdm.grouped2.ind
snpname: data/intermediate/illumina_all_merged.qpAdm.snp
genotypename: data/intermediate/illumina_all_merged.qpAdm.geno
popleft: temp/param/left.uqcsbx2h
popright: temp/param/right.uqcsbx2h
details: YES
## qpAdm version: 810
seed: 1788449376
packed geno read OK
end of inpack

left pops:
Dumi
YR_MN
Sherpa.LC
Dai

right pops:
MbutiPygmy
Anatolia_N
Ami.SG
Mixe.SG
Ganj_Dareh_N
Onge.DG
Villabruna
DevilsGate
aACA

  0                 Dumi    2
  1                YR_MN    8
  2            Sherpa.LC    9
  3                  Dai   10
  4           MbutiPygmy   13
  5           Anatolia_N   25
  6               Ami.SG    2
  7              Mixe.SG    3
  8         Ganj_Dareh_N    7
  9              Onge.DG    2
 10           Villabruna    1
 11           DevilsGate    4
 12                 aACA   32
jackknife block size:     0.050
snps: 222521  indivs: 118
number of blocks for block jackknife: 548
## ncols: 222521
coverage:                 Dumi 222516
coverage:                YR_MN 220932
coverage:            Sherpa.LC 111582
coverage:                  Dai 222521
coverage:           MbutiPygmy 222521
coverage:           Anatolia_N 111256
coverage:               Ami.SG 222521
coverage:              Mixe.SG 222521
coverage:         Ganj_Dareh_N  99721
coverage:              Onge.DG 217231
coverage:           Villabruna  82514
coverage:           DevilsGate 111550
coverage:                 aACA 114355
dof (jackknife):   464.773
numsnps used: 79697
codimension 1
f4info: 
f4rank: 2 dof:      6 chisq:     6.453 tail:          0.374363127 dofdiff:      8 chisqdiff:    -6.453 taildiff:                    1
B:
          scale     1.000     1.000 
     Anatolia_N     0.342    -1.038 
         Ami.SG    -2.046     0.004 
        Mixe.SG     0.417     1.705 
   Ganj_Dareh_N     0.244    -0.494 
        Onge.DG    -0.003     0.364 
     Villabruna     0.332    -0.719 
     DevilsGate     0.518     1.685 
           aACA     1.756    -0.531 
A:
          scale   749.339  2653.322 
          YR_MN    -0.671     0.148 
      Sherpa.LC     0.126    -1.470 
            Dai    -1.592    -0.905 


full rank
f4info: 
f4rank: 3 dof:      0 chisq:     0.000 tail:                    1 dofdiff:      6 chisqdiff:     6.453 taildiff:          0.374363127
B:
          scale     1.000     1.000     1.000 
     Anatolia_N     0.286    -0.911     1.318 
         Ami.SG    -2.099     0.262     0.858 
        Mixe.SG     0.496     1.574    -1.025 
   Ganj_Dareh_N     0.285    -0.590    -0.247 
        Onge.DG    -0.022     0.378     0.258 
     Villabruna     0.330    -0.790     0.061 
     DevilsGate     0.518     1.836     0.067 
           aACA     1.676    -0.376     2.084 
A:
          scale   728.521  2783.311  3630.057 
          YR_MN    -0.728     1.417     1.381 
      Sherpa.LC     0.062    -0.860     1.015 
            Dai    -1.571    -0.502     0.251 


best coefficients:     1.054     0.362    -0.415 
Jackknife mean:      0.972271221     0.398894179    -0.371165400 
      std. errors:     0.449     0.222     0.237 

error covariance (* 1000000)
    201209     -97208    -104000 
    -97208      49202      48007 
   -104000      48007      55994 


summ: Dumi    3      0.374363     0.972     0.399    -0.371 201209 -97208 -104000 49202 48007 55994 

    fixed pat  wt  dof     chisq       tail prob
          000  0     6     6.453        0.374363     1.054     0.362    -0.415  infeasible
          001  1     7    14.972        0.036355     0.289     0.711    -0.000 
          010  1     7     8.631        0.280228     1.773     0.000    -0.773  infeasible
          100  1     7    21.157      0.00354434    -0.000     0.887     0.113 
          011  2     8    77.863     1.31492e-13     1.000     0.000    -0.000 
          101  2     8    29.432     0.000266187     0.000     1.000    -0.000 
          110  2     8   540.011               0     0.000     0.000     1.000 
best pat:          000         0.374363              -  -
best pat:          100       0.00354434  chi(nested):    14.704 p-value for nested model:     0.000125791
best pat:          101      0.000266187  chi(nested):     8.275 p-value for nested model:      0.00401895

coeffs:     1.054     0.362    -0.415 

## dscore:: f_4(Base, Fit, Rbase, right2)
## genstat:: f_4(Base, Fit, right1, right2)

details:           YR_MN      Anatolia_N    -0.000179   -0.386392
details:       Sherpa.LC      Anatolia_N     0.000721    1.919237
details:             Dai      Anatolia_N    -0.000335   -1.000147
dscore:      Anatolia_N f4:     0.000211 Z:     0.423515

details:           YR_MN          Ami.SG     0.002642    4.584035
details:       Sherpa.LC          Ami.SG     0.000040    0.081779
details:             Dai          Ami.SG     0.004580    9.968225
dscore:          Ami.SG f4:     0.000896 Z:     1.466092

details:           YR_MN         Mixe.SG    -0.000016   -0.026882
details:       Sherpa.LC         Mixe.SG    -0.000684   -1.343679
details:             Dai         Mixe.SG    -0.001401   -2.962508
dscore:         Mixe.SG f4:     0.000317 Z:     0.501631

details:           YR_MN    Ganj_Dareh_N    -0.000604   -1.016602
details:       Sherpa.LC    Ganj_Dareh_N     0.000188    0.410975
details:             Dai    Ganj_Dareh_N    -0.000498   -1.144711
dscore:    Ganj_Dareh_N f4:    -0.000362 Z:    -0.579392

details:           YR_MN         Onge.DG     0.000376    0.672518
details:       Sherpa.LC         Onge.DG     0.000007    0.015586
details:             Dai         Onge.DG     0.000026    0.059665
dscore:         Onge.DG f4:     0.000389 Z:     0.655491

details:           YR_MN      Villabruna    -0.000638   -0.886440
details:       Sherpa.LC      Villabruna     0.000358    0.633957
details:             Dai      Villabruna    -0.000531   -0.952063
dscore:      Villabruna f4:    -0.000323 Z:    -0.425648

details:           YR_MN      DevilsGate     0.000520    0.811189
details:       Sherpa.LC      DevilsGate    -0.000445   -0.882747
details:             Dai      DevilsGate    -0.001408   -2.978545
dscore:      DevilsGate f4:     0.000972 Z:     1.440396

details:           YR_MN            aACA    -0.001008   -2.108190
details:       Sherpa.LC            aACA     0.000889    2.228210
details:             Dai            aACA    -0.003375   -9.288185
dscore:            aACA f4:     0.000661 Z:     1.294837

gendstat:           MbutiPygmy           Anatolia_N     0.424
gendstat:           MbutiPygmy               Ami.SG     1.466
gendstat:           MbutiPygmy              Mixe.SG     0.502
gendstat:           MbutiPygmy         Ganj_Dareh_N    -0.579
gendstat:           MbutiPygmy              Onge.DG     0.655
gendstat:           MbutiPygmy           Villabruna    -0.426
gendstat:           MbutiPygmy           DevilsGate     1.440
gendstat:           MbutiPygmy                 aACA     1.295
gendstat:           Anatolia_N               Ami.SG     1.219
gendstat:           Anatolia_N              Mixe.SG     0.188
gendstat:           Anatolia_N         Ganj_Dareh_N    -1.135
gendstat:           Anatolia_N              Onge.DG     0.312
gendstat:           Anatolia_N           Villabruna    -0.797
gendstat:           Anatolia_N           DevilsGate     1.226
gendstat:           Anatolia_N                 aACA     1.032
gendstat:               Ami.SG              Mixe.SG    -0.980
gendstat:               Ami.SG         Ganj_Dareh_N    -1.868
gendstat:               Ami.SG              Onge.DG    -0.831
gendstat:               Ami.SG           Villabruna    -1.504
gendstat:               Ami.SG           DevilsGate     0.128
gendstat:               Ami.SG                 aACA    -0.528
gendstat:              Mixe.SG         Ganj_Dareh_N    -0.948
gendstat:              Mixe.SG              Onge.DG     0.118
gendstat:              Mixe.SG           Villabruna    -0.791
gendstat:              Mixe.SG           DevilsGate     1.041
gendstat:              Mixe.SG                 aACA     0.731
gendstat:         Ganj_Dareh_N              Onge.DG     1.119
gendstat:         Ganj_Dareh_N           Villabruna     0.047
gendstat:         Ganj_Dareh_N           DevilsGate     1.775
gendstat:         Ganj_Dareh_N                 aACA     1.745
gendstat:              Onge.DG           Villabruna    -0.879
gendstat:              Onge.DG           DevilsGate     0.879
gendstat:              Onge.DG                 aACA     0.542
gendstat:           Villabruna           DevilsGate     1.594
gendstat:           Villabruna                 aACA     1.377
gendstat:           DevilsGate                 aACA    -0.616

## end of run
