/home/cliu7/utils/AdmixTools/bin/qpWave: parameter file: temp/param/qpAdm_Dzala.Upper_YR_LN.Sherpa.LC.Dai.parkgvz1feq
### THE INPUT PARAMETERS
##PARAMETER NAME: VALUE
DIR: data/intermediate
S1: illumina_all_merged.qpAdm
indivname: data/intermediate/illumina_all_merged.qpAdm.grouped2.ind
snpname: data/intermediate/illumina_all_merged.qpAdm.snp
genotypename: data/intermediate/illumina_all_merged.qpAdm.geno
popleft: temp/param/left.kgvz1feq
popright: temp/param/right.kgvz1feq
details: YES
## qpWave version: 410
packed geno read OK
end of inpack

left pops:
Dzala
Upper_YR_LN
Sherpa.LC
Dai

right pops:
MbutiPygmy
Anatolia_N
Ami.SG
Mixe.SG
Ganj_Dareh_N
Onge.DG
Villabruna
DevilsGate
aACA

  0                Dzala   14
  1          Upper_YR_LN    7
  2            Sherpa.LC    9
  3                  Dai   10
  4           MbutiPygmy   13
  5           Anatolia_N   25
  6               Ami.SG    2
  7              Mixe.SG    3
  8         Ganj_Dareh_N    7
  9              Onge.DG    2
 10           Villabruna    1
 11           DevilsGate    4
 12                 aACA   32
jackknife block size:     0.050
snps: 222521  indivs: 129
number of blocks for block jackknife: 548
dof (jackknife):   464.197
numsnps used: 78811
f4info: 
f4rank: 0 dof:     24 chisq:  1461.011 tail:       4.4747924e-294 dofdiff:      0 chisqdiff:     0.000 taildiff:                    1

f4info: 
f4rank: 1 dof:     14 chisq:    52.575 tail:       2.24535185e-06 dofdiff:     10 chisqdiff:  1408.436 taildiff:      1.49648591e-296
B:
          scale     1.000 
     Anatolia_N     0.408 
         Ami.SG    -2.114 
        Mixe.SG     0.281 
   Ganj_Dareh_N     0.252 
        Onge.DG    -0.042 
     Villabruna     0.359 
     DevilsGate     0.347 
           aACA     1.723 
A:
          scale   836.414 
    Upper_YR_LN    -0.303 
      Sherpa.LC     0.269 
            Dai    -1.684 

f4info: 
f4rank: 2 dof:      6 chisq:     5.614 tail:          0.467759288 dofdiff:      8 chisqdiff:    46.961 taildiff:       1.56008469e-07
B:
          scale     1.000     1.000 
     Anatolia_N     0.453    -0.123 
         Ami.SG    -2.128     0.276 
        Mixe.SG     0.210     0.862 
   Ganj_Dareh_N     0.355    -0.465 
        Onge.DG     0.029    -0.028 
     Villabruna     0.527    -0.914 
     DevilsGate     0.015     2.386 
           aACA     1.678     0.648 
A:
          scale   830.007  1797.384 
    Upper_YR_LN    -0.359     1.665 
      Sherpa.LC     0.251     0.326 
            Dai    -1.676    -0.350 

f4info: 
f4rank: 3 dof:      0 chisq:     0.000 tail:                    1 dofdiff:      6 chisqdiff:     5.614 taildiff:          0.467759288
B:
          scale     1.000     1.000     1.000 
     Anatolia_N     0.438    -0.132     0.684 
         Ami.SG    -2.173     0.301     1.706 
        Mixe.SG     0.210     0.813    -0.319 
   Ganj_Dareh_N     0.315    -0.425     1.063 
        Onge.DG     0.017    -0.082    -0.047 
     Villabruna     0.514    -0.980     0.698 
     DevilsGate     0.019     2.367    -0.091 
           aACA     1.636     0.694     1.701 
A:
          scale   825.485  1797.413  8136.492 
    Upper_YR_LN    -0.354     1.649    -0.393 
      Sherpa.LC     0.211     0.441     1.662 
            Dai    -1.682    -0.292     0.291 

## end of run
