/home/cliu7/utils/AdmixTools/bin/qpWave: parameter file: temp/param/qpAdm_Dzala.YR_MN.Sherpa.LC.Pathan.parpm3g48kl
### THE INPUT PARAMETERS
##PARAMETER NAME: VALUE
DIR: data/intermediate
S1: illumina_all_merged.qpAdm
indivname: data/intermediate/illumina_all_merged.qpAdm.grouped2.ind
snpname: data/intermediate/illumina_all_merged.qpAdm.snp
genotypename: data/intermediate/illumina_all_merged.qpAdm.geno
popleft: temp/param/left.pm3g48kl
popright: temp/param/right.pm3g48kl
details: YES
## qpWave version: 410
packed geno read OK
end of inpack

left pops:
Dzala
YR_MN
Sherpa.LC
Pathan

right pops:
MbutiPygmy
Anatolia_N
Ami.SG
Mixe.SG
Ganj_Dareh_N
Onge.DG
Villabruna
DevilsGate
aACA

  0                Dzala   14
  1                YR_MN    8
  2            Sherpa.LC    9
  3               Pathan   22
  4           MbutiPygmy   13
  5           Anatolia_N   25
  6               Ami.SG    2
  7              Mixe.SG    3
  8         Ganj_Dareh_N    7
  9              Onge.DG    2
 10           Villabruna    1
 11           DevilsGate    4
 12                 aACA   32
jackknife block size:     0.050
snps: 222521  indivs: 142
number of blocks for block jackknife: 548
dof (jackknife):   463.501
numsnps used: 77912
f4info: 
f4rank: 0 dof:     24 chisq:  7411.809 tail:                    0 dofdiff:      0 chisqdiff:     0.000 taildiff:                    1

f4info: 
f4rank: 1 dof:     14 chisq:   187.315 tail:       2.11557572e-32 dofdiff:     10 chisqdiff:  7224.494 taildiff:                    0
B:
          scale     1.000 
     Anatolia_N    -0.524 
         Ami.SG     1.369 
        Mixe.SG     0.817 
   Ganj_Dareh_N    -0.543 
        Onge.DG     0.598 
     Villabruna    -0.392 
     DevilsGate     1.444 
           aACA     1.515 
A:
          scale   121.526 
          YR_MN     0.024 
      Sherpa.LC     0.042 
         Pathan    -1.731 

f4info: 
f4rank: 2 dof:      6 chisq:     3.051 tail:          0.802379346 dofdiff:      8 chisqdiff:   184.264 taildiff:       1.30907026e-35
B:
          scale     1.000     1.000 
     Anatolia_N    -0.555     0.469 
         Ami.SG     1.364    -1.487 
        Mixe.SG     0.812    -0.211 
   Ganj_Dareh_N    -0.596     0.420 
        Onge.DG     0.576    -0.028 
     Villabruna    -0.409     0.627 
     DevilsGate     1.438    -0.204 
           aACA     1.500     2.217 
A:
          scale   121.671  1695.714 
          YR_MN     0.089    -1.664 
      Sherpa.LC     0.021     0.473 
         Pathan    -1.730    -0.088 

f4info: 
f4rank: 3 dof:      0 chisq:     0.000 tail:                    1 dofdiff:      6 chisqdiff:     3.051 taildiff:          0.802379346
B:
          scale     1.000     1.000     1.000 
     Anatolia_N    -0.562     0.347     1.428 
         Ami.SG     1.364    -1.506    -0.326 
        Mixe.SG     0.809    -0.225     0.266 
   Ganj_Dareh_N    -0.603     0.255     1.296 
        Onge.DG     0.579     0.048    -0.976 
     Villabruna    -0.411     0.675    -0.374 
     DevilsGate     1.430    -0.346     1.728 
           aACA     1.502     2.218    -0.163 
A:
          scale   122.074  1708.703  9456.757 
          YR_MN     0.096    -1.664     0.470 
      Sherpa.LC     0.029     0.472     1.666 
         Pathan    -1.729    -0.084     0.054 

## end of run
