/home/cliu7/utils/AdmixTools/bin/qpAdm: parameter file: temp/param/qpAdm_Dzala.Upper_YR_LN.Sherpa.LC.Dai.parkgvz1feq
### THE INPUT PARAMETERS
##PARAMETER NAME: VALUE
DIR: data/intermediate
S1: illumina_all_merged.qpAdm
indivname: data/intermediate/illumina_all_merged.qpAdm.grouped2.ind
snpname: data/intermediate/illumina_all_merged.qpAdm.snp
genotypename: data/intermediate/illumina_all_merged.qpAdm.geno
popleft: temp/param/left.kgvz1feq
popright: temp/param/right.kgvz1feq
details: YES
## qpAdm version: 810
seed: -29728431
packed geno read OK
end of inpack

left pops:
Dzala
Upper_YR_LN
Sherpa.LC
Dai

right pops:
MbutiPygmy
Anatolia_N
Ami.SG
Mixe.SG
Ganj_Dareh_N
Onge.DG
Villabruna
DevilsGate
aACA

  0                Dzala   14
  1          Upper_YR_LN    7
  2            Sherpa.LC    9
  3                  Dai   10
  4           MbutiPygmy   13
  5           Anatolia_N   25
  6               Ami.SG    2
  7              Mixe.SG    3
  8         Ganj_Dareh_N    7
  9              Onge.DG    2
 10           Villabruna    1
 11           DevilsGate    4
 12                 aACA   32
jackknife block size:     0.050
snps: 222521  indivs: 129
number of blocks for block jackknife: 548
## ncols: 222521
coverage:                Dzala 222521
coverage:          Upper_YR_LN 221150
coverage:            Sherpa.LC 111582
coverage:                  Dai 222521
coverage:           MbutiPygmy 222521
coverage:           Anatolia_N 111256
coverage:               Ami.SG 222521
coverage:              Mixe.SG 222521
coverage:         Ganj_Dareh_N  99721
coverage:              Onge.DG 217231
coverage:           Villabruna  82514
coverage:           DevilsGate 111550
coverage:                 aACA 114355
dof (jackknife):   464.197
numsnps used: 78811
codimension 1
f4info: 
f4rank: 2 dof:      6 chisq:     5.534 tail:          0.477363786 dofdiff:      8 chisqdiff:    -5.534 taildiff:                    1
B:
          scale     1.000     1.000 
     Anatolia_N     0.449    -0.141 
         Ami.SG    -2.114     0.206 
        Mixe.SG     0.244     0.850 
   Ganj_Dareh_N     0.337    -0.486 
        Onge.DG     0.029    -0.060 
     Villabruna     0.490    -0.934 
     DevilsGate     0.110     2.382 
           aACA     1.704     0.655 
A:
          scale   829.400  1814.815 
    Upper_YR_LN    -0.372     1.693 
      Sherpa.LC     0.248     0.301 
            Dai    -1.673    -0.211 


full rank
f4info: 
f4rank: 3 dof:      0 chisq:     0.000 tail:                    1 dofdiff:      6 chisqdiff:     5.534 taildiff:          0.477363786
B:
          scale     1.000     1.000     1.000 
     Anatolia_N     0.442    -0.164     0.604 
         Ami.SG    -2.145     0.222     0.239 
        Mixe.SG     0.229     0.820    -0.513 
   Ganj_Dareh_N     0.322    -0.473     0.849 
        Onge.DG     0.018    -0.102    -0.345 
     Villabruna     0.497    -1.007     0.455 
     DevilsGate     0.083     2.367    -0.296 
           aACA     1.672     0.632     2.486 
A:
          scale   820.062  1816.108  8337.475 
    Upper_YR_LN    -0.346     1.670    -0.121 
      Sherpa.LC     0.115     0.407     1.680 
            Dai    -1.693    -0.212     0.405 


best coefficients:    -0.151     0.973     0.178 
Jackknife mean:     -0.132965451     0.960202827     0.172762624 
      std. errors:     0.161     0.119     0.052 

error covariance (* 1000000)
     25879     -18607      -7273 
    -18607      14070       4537 
     -7273       4537       2736 


summ: Dzala    3      0.477364    -0.133     0.960     0.173 25879 -18607 -7273 14070  4537  2736 

    fixed pat  wt  dof     chisq       tail prob
          000  0     6     5.534        0.477364    -0.151     0.973     0.178  infeasible
          001  1     7    24.845     0.000808202     0.292     0.708    -0.000 
          010  1     7    46.182     8.05823e-08     1.214     0.000    -0.214  infeasible
          100  1     7     6.963         0.43276     0.000     0.864     0.136 
          011  2     8    68.555     9.52321e-12     1.000     0.000    -0.000 
          101  2     8    32.513     7.53704e-05     0.000     1.000    -0.000 
          110  2     8  1162.579               0     0.000    -0.000     1.000 
best pat:          000         0.477364              -  -
best pat:          100          0.43276  chi(nested):     1.429 p-value for nested model:        0.231946
best pat:          101      7.53704e-05  chi(nested):    25.550 p-value for nested model:      4.3113e-07

coeffs:    -0.151     0.973     0.178 

## dscore:: f_4(Base, Fit, Rbase, right2)
## genstat:: f_4(Base, Fit, right1, right2)

details:     Upper_YR_LN      Anatolia_N    -0.000342   -0.926218
details:       Sherpa.LC      Anatolia_N     0.000219    0.852967
details:             Dai      Anatolia_N    -0.000847   -3.689644
dscore:      Anatolia_N f4:     0.000115 Z:     0.442254

details:     Upper_YR_LN          Ami.SG     0.001127    2.514631
details:       Sherpa.LC          Ami.SG    -0.000134   -0.428281
details:             Dai          Ami.SG     0.004441   14.911780
dscore:          Ami.SG f4:     0.000489 Z:     1.540473

details:     Upper_YR_LN         Mixe.SG     0.000671    1.573356
details:       Sherpa.LC         Mixe.SG     0.000188    0.584461
details:             Dai         Mixe.SG    -0.000570   -1.903992
dscore:         Mixe.SG f4:    -0.000020 Z:    -0.061003

details:     Upper_YR_LN    Ganj_Dareh_N    -0.000576   -1.280436
details:       Sherpa.LC    Ganj_Dareh_N     0.000194    0.586429
details:             Dai    Ganj_Dareh_N    -0.000535   -1.723074
dscore:    Ganj_Dareh_N f4:     0.000180 Z:     0.538796

details:     Upper_YR_LN         Onge.DG    -0.000080   -0.178085
details:       Sherpa.LC         Onge.DG    -0.000025   -0.081110
details:             Dai         Onge.DG    -0.000024   -0.083243
dscore:         Onge.DG f4:    -0.000017 Z:    -0.053870

details:     Upper_YR_LN      Villabruna    -0.001153   -2.069715
details:       Sherpa.LC      Villabruna     0.000034    0.082638
details:             Dai      Villabruna    -0.000863   -2.299112
dscore:      Villabruna f4:     0.000053 Z:     0.130647

details:     Upper_YR_LN      DevilsGate     0.002168    4.385286
details:       Sherpa.LC      DevilsGate     0.000567    1.598143
details:             Dai      DevilsGate    -0.000426   -1.217797
dscore:      DevilsGate f4:     0.000149 Z:     0.410930

details:     Upper_YR_LN            aACA    -0.000147   -0.407471
details:       Sherpa.LC            aACA     0.000937    3.685656
details:             Dai            aACA    -0.003386  -14.030931
dscore:            aACA f4:     0.000332 Z:     1.302143

gendstat:           MbutiPygmy           Anatolia_N     0.442
gendstat:           MbutiPygmy               Ami.SG     1.540
gendstat:           MbutiPygmy              Mixe.SG    -0.061
gendstat:           MbutiPygmy         Ganj_Dareh_N     0.539
gendstat:           MbutiPygmy              Onge.DG    -0.054
gendstat:           MbutiPygmy           Villabruna     0.131
gendstat:           MbutiPygmy           DevilsGate     0.411
gendstat:           MbutiPygmy                 aACA     1.302
gendstat:           Anatolia_N               Ami.SG     1.230
gendstat:           Anatolia_N              Mixe.SG    -0.450
gendstat:           Anatolia_N         Ganj_Dareh_N     0.242
gendstat:           Anatolia_N              Onge.DG    -0.433
gendstat:           Anatolia_N           Villabruna    -0.180
gendstat:           Anatolia_N           DevilsGate     0.106
gendstat:           Anatolia_N                 aACA     0.901
gendstat:               Ami.SG              Mixe.SG    -1.629
gendstat:               Ami.SG         Ganj_Dareh_N    -0.872
gendstat:               Ami.SG              Onge.DG    -1.565
gendstat:               Ami.SG           Villabruna    -1.005
gendstat:               Ami.SG           DevilsGate    -1.007
gendstat:               Ami.SG                 aACA    -0.633
gendstat:              Mixe.SG         Ganj_Dareh_N     0.562
gendstat:              Mixe.SG              Onge.DG     0.009
gendstat:              Mixe.SG           Villabruna     0.170
gendstat:              Mixe.SG           DevilsGate     0.511
gendstat:              Mixe.SG                 aACA     1.390
gendstat:         Ganj_Dareh_N              Onge.DG    -0.538
gendstat:         Ganj_Dareh_N           Villabruna    -0.302
gendstat:         Ganj_Dareh_N           DevilsGate    -0.081
gendstat:         Ganj_Dareh_N                 aACA     0.476
gendstat:              Onge.DG           Villabruna     0.166
gendstat:              Onge.DG           DevilsGate     0.446
gendstat:              Onge.DG                 aACA     1.264
gendstat:           Villabruna           DevilsGate     0.220
gendstat:           Villabruna                 aACA     0.727
gendstat:           DevilsGate                 aACA     0.626

## end of run
