/home/cliu7/utils/AdmixTools/bin/qpAdm: parameter file: temp/param/qpAdm_Gongduk.YR_MN.Sherpa.LC.Dai.parrwkphz8c
### THE INPUT PARAMETERS
##PARAMETER NAME: VALUE
DIR: data/intermediate
S1: illumina_all_merged.qpAdm
indivname: data/intermediate/illumina_all_merged.qpAdm.grouped2.ind
snpname: data/intermediate/illumina_all_merged.qpAdm.snp
genotypename: data/intermediate/illumina_all_merged.qpAdm.geno
popleft: temp/param/left.rwkphz8c
popright: temp/param/right.rwkphz8c
details: YES
## qpAdm version: 810
seed: 2047660741
packed geno read OK
end of inpack

left pops:
Gongduk
YR_MN
Sherpa.LC
Dai

right pops:
MbutiPygmy
Anatolia_N
Ami.SG
Mixe.SG
Ganj_Dareh_N
Onge.DG
Villabruna
DevilsGate
aACA

  0              Gongduk   17
  1                YR_MN    8
  2            Sherpa.LC    9
  3                  Dai   10
  4           MbutiPygmy   13
  5           Anatolia_N   25
  6               Ami.SG    2
  7              Mixe.SG    3
  8         Ganj_Dareh_N    7
  9              Onge.DG    2
 10           Villabruna    1
 11           DevilsGate    4
 12                 aACA   32
jackknife block size:     0.050
snps: 222521  indivs: 133
number of blocks for block jackknife: 548
## ncols: 222521
coverage:              Gongduk 222521
coverage:                YR_MN 220932
coverage:            Sherpa.LC 111582
coverage:                  Dai 222521
coverage:           MbutiPygmy 222521
coverage:           Anatolia_N 111256
coverage:               Ami.SG 222521
coverage:              Mixe.SG 222521
coverage:         Ganj_Dareh_N  99721
coverage:              Onge.DG 217231
coverage:           Villabruna  82514
coverage:           DevilsGate 111550
coverage:                 aACA 114355
dof (jackknife):   464.216
numsnps used: 78972
codimension 1
f4info: 
f4rank: 2 dof:      6 chisq:    16.374 tail:         0.0118822997 dofdiff:      8 chisqdiff:   -16.374 taildiff:                    1
B:
          scale     1.000     1.000 
     Anatolia_N    -0.287     0.345 
         Ami.SG     2.419    -0.118 
        Mixe.SG     0.016     1.060 
   Ganj_Dareh_N    -0.208     0.135 
        Onge.DG     0.248     0.570 
     Villabruna    -0.332     0.137 
     DevilsGate     0.258     1.784 
           aACA    -1.335     1.789 
A:
          scale   771.601  1557.543 
          YR_MN     1.031     1.462 
      Sherpa.LC    -0.139     0.744 
            Dai     1.385    -0.556 


full rank
f4info: 
f4rank: 3 dof:      0 chisq:     0.000 tail:                    1 dofdiff:      6 chisqdiff:    16.374 taildiff:         0.0118822997
B:
          scale     1.000     1.000     1.000 
     Anatolia_N    -0.227     0.480     1.196 
         Ami.SG     2.481     0.088     0.486 
        Mixe.SG     0.029     0.980    -1.143 
   Ganj_Dareh_N    -0.138     0.264     1.140 
        Onge.DG     0.216     0.438    -0.229 
     Villabruna    -0.246     0.244     1.223 
     DevilsGate     0.258     1.724    -1.114 
           aACA    -1.264     1.873     0.967 
A:
          scale   766.475  1588.272  4266.848 
          YR_MN     0.905     1.243    -1.127 
      Sherpa.LC     0.012     1.165     1.175 
            Dai     1.477    -0.313     0.591 


best coefficients:    -0.365     0.993     0.371 
Jackknife mean:      0.543555975     0.571241533    -0.114797508 
      std. errors:     0.828     0.395     0.435 

error covariance (* 1000000)
    685386    -326072    -359314 
   -326072     156014     170058 
   -359314     170058     189256 


summ: Gongduk    3      0.011882     0.544     0.571    -0.115 685386 -326072 -359314 156014 170058 189256 

    fixed pat  wt  dof     chisq       tail prob
          000  0     6    16.374       0.0118823    -0.365     0.993     0.371  infeasible
          001  1     7    23.974      0.00115121     0.355     0.645    -0.000 
          010  1     7    23.692      0.00129028     1.702    -0.000    -0.702  infeasible
          100  1     7    18.337       0.0105373     0.000     0.816     0.184 
          011  2     8    96.179     2.57249e-17     1.000     0.000    -0.000 
          101  2     8    62.195     1.72627e-10     0.000     1.000    -0.000 
          110  2     8   995.872               0     0.000     0.000     1.000 
best pat:          000        0.0118823              -  -
best pat:          100        0.0105373  chi(nested):     1.964 p-value for nested model:        0.161135
best pat:          101      1.72627e-10  chi(nested):    43.858 p-value for nested model:     3.53172e-11

coeffs:    -0.365     0.993     0.371 

## dscore:: f_4(Base, Fit, Rbase, right2)
## genstat:: f_4(Base, Fit, right1, right2)

details:           YR_MN      Anatolia_N    -0.000193   -0.504367
details:       Sherpa.LC      Anatolia_N     0.000714    2.501567
details:             Dai      Anatolia_N    -0.000351   -1.400207
dscore:      Anatolia_N f4:     0.000650 Z:     2.030888

details:           YR_MN          Ami.SG     0.002895    6.001716
details:       Sherpa.LC          Ami.SG     0.000267    0.765773
details:             Dai          Ami.SG     0.004850   15.004858
dscore:          Ami.SG f4:     0.001010 Z:     2.536380

details:           YR_MN         Mixe.SG     0.001123    2.241330
details:       Sherpa.LC         Mixe.SG     0.000446    1.297571
details:             Dai         Mixe.SG    -0.000275   -0.871756
dscore:         Mixe.SG f4:    -0.000068 Z:    -0.177057

details:           YR_MN    Ganj_Dareh_N    -0.000249   -0.479307
details:       Sherpa.LC    Ganj_Dareh_N     0.000549    1.559952
details:             Dai    Ganj_Dareh_N    -0.000142   -0.439742
dscore:    Ganj_Dareh_N f4:     0.000583 Z:     1.488638

details:           YR_MN         Onge.DG     0.000668    1.406126
details:       Sherpa.LC         Onge.DG     0.000296    0.893819
details:             Dai         Onge.DG     0.000315    1.029722
dscore:         Onge.DG f4:     0.000167 Z:     0.443652

details:           YR_MN      Villabruna    -0.000433   -0.707352
details:       Sherpa.LC      Villabruna     0.000572    1.282119
details:             Dai      Villabruna    -0.000325   -0.832361
dscore:      Villabruna f4:     0.000606 Z:     1.205556

details:           YR_MN      DevilsGate     0.001976    3.674972
details:       Sherpa.LC      DevilsGate     0.001001    2.595738
details:             Dai      DevilsGate     0.000030    0.081273
dscore:      DevilsGate f4:     0.000285 Z:     0.643043

details:           YR_MN            aACA    -0.000265   -0.669141
details:       Sherpa.LC            aACA     0.001648    5.713176
details:             Dai            aACA    -0.002655   -9.933275
dscore:            aACA f4:     0.000749 Z:     2.243199

gendstat:           MbutiPygmy           Anatolia_N     2.031
gendstat:           MbutiPygmy               Ami.SG     2.536
gendstat:           MbutiPygmy              Mixe.SG    -0.177
gendstat:           MbutiPygmy         Ganj_Dareh_N     1.489
gendstat:           MbutiPygmy              Onge.DG     0.444
gendstat:           MbutiPygmy           Villabruna     1.206
gendstat:           MbutiPygmy           DevilsGate     0.643
gendstat:           MbutiPygmy                 aACA     2.243
gendstat:           Anatolia_N               Ami.SG     0.980
gendstat:           Anatolia_N              Mixe.SG    -2.042
gendstat:           Anatolia_N         Ganj_Dareh_N    -0.203
gendstat:           Anatolia_N              Onge.DG    -1.325
gendstat:           Anatolia_N           Villabruna    -0.105
gendstat:           Anatolia_N           DevilsGate    -0.918
gendstat:           Anatolia_N                 aACA     0.335
gendstat:               Ami.SG              Mixe.SG    -2.867
gendstat:               Ami.SG         Ganj_Dareh_N    -0.991
gendstat:               Ami.SG              Onge.DG    -2.105
gendstat:               Ami.SG           Villabruna    -0.763
gendstat:               Ami.SG           DevilsGate    -1.871
gendstat:               Ami.SG                 aACA    -0.933
gendstat:              Mixe.SG         Ganj_Dareh_N     1.525
gendstat:              Mixe.SG              Onge.DG     0.619
gendstat:              Mixe.SG           Villabruna     1.305
gendstat:              Mixe.SG           DevilsGate     0.863
gendstat:              Mixe.SG                 aACA     2.743
gendstat:         Ganj_Dareh_N              Onge.DG    -0.972
gendstat:         Ganj_Dareh_N           Villabruna     0.044
gendstat:         Ganj_Dareh_N           DevilsGate    -0.630
gendstat:         Ganj_Dareh_N                 aACA     0.432
gendstat:              Onge.DG           Villabruna     0.848
gendstat:              Onge.DG           DevilsGate     0.265
gendstat:              Onge.DG                 aACA     1.750
gendstat:           Villabruna           DevilsGate    -0.614
gendstat:           Villabruna                 aACA     0.304
gendstat:           DevilsGate                 aACA     1.338

## end of run
