/home/cliu7/utils/AdmixTools/bin/qpWave: parameter file: temp/param/qpAdm_Gongduk.YR_MN.Sherpa.LC.Dai.parrwkphz8c
### THE INPUT PARAMETERS
##PARAMETER NAME: VALUE
DIR: data/intermediate
S1: illumina_all_merged.qpAdm
indivname: data/intermediate/illumina_all_merged.qpAdm.grouped2.ind
snpname: data/intermediate/illumina_all_merged.qpAdm.snp
genotypename: data/intermediate/illumina_all_merged.qpAdm.geno
popleft: temp/param/left.rwkphz8c
popright: temp/param/right.rwkphz8c
details: YES
## qpWave version: 410
packed geno read OK
end of inpack

left pops:
Gongduk
YR_MN
Sherpa.LC
Dai

right pops:
MbutiPygmy
Anatolia_N
Ami.SG
Mixe.SG
Ganj_Dareh_N
Onge.DG
Villabruna
DevilsGate
aACA

  0              Gongduk   17
  1                YR_MN    8
  2            Sherpa.LC    9
  3                  Dai   10
  4           MbutiPygmy   13
  5           Anatolia_N   25
  6               Ami.SG    2
  7              Mixe.SG    3
  8         Ganj_Dareh_N    7
  9              Onge.DG    2
 10           Villabruna    1
 11           DevilsGate    4
 12                 aACA   32
jackknife block size:     0.050
snps: 222521  indivs: 133
number of blocks for block jackknife: 548
dof (jackknife):   464.216
numsnps used: 78972
f4info: 
f4rank: 0 dof:     24 chisq:  1384.836 tail:      8.63824174e-278 dofdiff:      0 chisqdiff:     0.000 taildiff:                    1

f4info: 
f4rank: 1 dof:     14 chisq:    43.152 tail:       8.10097607e-05 dofdiff:     10 chisqdiff:  1341.685 taildiff:      3.85253098e-282
B:
          scale     1.000 
     Anatolia_N     0.355 
         Ami.SG    -2.185 
        Mixe.SG     0.241 
   Ganj_Dareh_N     0.201 
        Onge.DG    -0.081 
     Villabruna     0.375 
     DevilsGate     0.274 
           aACA     1.668 
A:
          scale   815.603 
          YR_MN    -0.633 
      Sherpa.LC     0.374 
            Dai    -1.568 

f4info: 
f4rank: 2 dof:      6 chisq:    16.591 tail:         0.0109094846 dofdiff:      8 chisqdiff:    26.561 taildiff:        0.00084162132
B:
          scale     1.000     1.000 
     Anatolia_N    -0.254     0.345 
         Ami.SG     2.464     0.263 
        Mixe.SG     0.107     1.095 
   Ganj_Dareh_N    -0.188     0.149 
        Onge.DG     0.303     0.635 
     Villabruna    -0.316     0.133 
     DevilsGate     0.412     1.859 
           aACA    -1.206     1.647 
A:
          scale   784.675  1581.406 
          YR_MN     0.941     1.324 
      Sherpa.LC    -0.189     0.803 
            Dai     1.442    -0.775 

f4info: 
f4rank: 3 dof:      0 chisq:     0.000 tail:                    1 dofdiff:      6 chisqdiff:    16.591 taildiff:         0.0109094846
B:
          scale     1.000     1.000     1.000 
     Anatolia_N    -0.196     0.446     1.200 
         Ami.SG     2.520     0.411     0.879 
        Mixe.SG     0.135     1.043    -1.028 
   Ganj_Dareh_N    -0.124     0.243     1.178 
        Onge.DG     0.264     0.492    -0.122 
     Villabruna    -0.237     0.204     1.308 
     DevilsGate     0.431     1.813    -0.961 
           aACA    -1.126     1.707     0.834 
A:
          scale   775.802  1605.546  4184.574 
          YR_MN     0.867     1.121    -0.996 
      Sherpa.LC    -0.093     1.188     1.257 
            Dai     1.496    -0.576     0.655 

## end of run
