/home/cliu7/utils/AdmixTools/bin/qpWave: parameter file: temp/param/qpAdm_Gongduk.Upper_YR_LN.Sherpa.LC.Dai.par07frng2a
### THE INPUT PARAMETERS
##PARAMETER NAME: VALUE
DIR: data/intermediate
S1: illumina_all_merged.qpAdm
indivname: data/intermediate/illumina_all_merged.qpAdm.grouped2.ind
snpname: data/intermediate/illumina_all_merged.qpAdm.snp
genotypename: data/intermediate/illumina_all_merged.qpAdm.geno
popleft: temp/param/left.07frng2a
popright: temp/param/right.07frng2a
details: YES
## qpWave version: 410
packed geno read OK
end of inpack

left pops:
Gongduk
Upper_YR_LN
Sherpa.LC
Dai

right pops:
MbutiPygmy
Anatolia_N
Ami.SG
Mixe.SG
Ganj_Dareh_N
Onge.DG
Villabruna
DevilsGate
aACA

  0              Gongduk   17
  1          Upper_YR_LN    7
  2            Sherpa.LC    9
  3                  Dai   10
  4           MbutiPygmy   13
  5           Anatolia_N   25
  6               Ami.SG    2
  7              Mixe.SG    3
  8         Ganj_Dareh_N    7
  9              Onge.DG    2
 10           Villabruna    1
 11           DevilsGate    4
 12                 aACA   32
jackknife block size:     0.050
snps: 222521  indivs: 132
number of blocks for block jackknife: 548
dof (jackknife):   464.376
numsnps used: 78866
f4info: 
f4rank: 0 dof:     24 chisq:  1431.027 tail:      1.15568985e-287 dofdiff:      0 chisqdiff:     0.000 taildiff:                    1

f4info: 
f4rank: 1 dof:     14 chisq:    58.376 tail:        2.2555842e-07 dofdiff:     10 chisqdiff:  1372.651 taildiff:      7.96395619e-289
B:
          scale     1.000 
     Anatolia_N     0.332 
         Ami.SG    -2.197 
        Mixe.SG     0.300 
   Ganj_Dareh_N     0.184 
        Onge.DG    -0.117 
     Villabruna     0.274 
     DevilsGate     0.323 
           aACA     1.658 
A:
          scale   866.571 
    Upper_YR_LN    -0.231 
      Sherpa.LC     0.371 
            Dai    -1.676 

f4info: 
f4rank: 2 dof:      6 chisq:    17.003 tail:        0.00927177426 dofdiff:      8 chisqdiff:    41.373 taildiff:       1.77413454e-06
B:
          scale     1.000     1.000 
     Anatolia_N    -0.298     0.240 
         Ami.SG     2.319     0.126 
        Mixe.SG    -0.085     0.958 
   Ganj_Dareh_N    -0.244    -0.133 
        Onge.DG     0.110     0.176 
     Villabruna    -0.424    -0.419 
     DevilsGate     0.261     2.332 
           aACA    -1.485     1.161 
A:
          scale   881.632  1592.009 
    Upper_YR_LN     0.474     1.594 
      Sherpa.LC    -0.318     0.380 
            Dai     1.635    -0.560 

f4info: 
f4rank: 3 dof:      0 chisq:     0.000 tail:                    1 dofdiff:      6 chisqdiff:    17.003 taildiff:        0.00927177426
B:
          scale     1.000     1.000     1.000 
     Anatolia_N    -0.175     0.473     0.942 
         Ami.SG     2.473     0.544     0.913 
        Mixe.SG    -0.057     0.859    -0.350 
   Ganj_Dareh_N    -0.112     0.162     1.165 
        Onge.DG     0.159     0.259     0.390 
     Villabruna    -0.242    -0.096     1.540 
     DevilsGate     0.259     2.163    -1.059 
           aACA    -1.299     1.400     1.075 
A:
          scale   856.508  1395.122  3623.125 
    Upper_YR_LN     0.410     1.427    -0.892 
      Sherpa.LC    -0.166     0.947     1.441 
            Dai     1.675    -0.255     0.361 

## end of run
