/home/cliu7/utils/AdmixTools/bin/qpWave: parameter file: temp/param/qpAdm_Gurung.YR_MN.Sherpa.LC.Pulliyar.par6djfx4fe
### THE INPUT PARAMETERS
##PARAMETER NAME: VALUE
DIR: data/intermediate
S1: illumina_all_merged.qpAdm
indivname: data/intermediate/illumina_all_merged.qpAdm.grouped2.ind
snpname: data/intermediate/illumina_all_merged.qpAdm.snp
genotypename: data/intermediate/illumina_all_merged.qpAdm.geno
popleft: temp/param/left.6djfx4fe
popright: temp/param/right.6djfx4fe
details: YES
## qpWave version: 410
packed geno read OK
end of inpack

left pops:
Gurung
YR_MN
Sherpa.LC
Pulliyar

right pops:
MbutiPygmy
Anatolia_N
Ami.SG
Mixe.SG
Ganj_Dareh_N
Onge.DG
Villabruna
DevilsGate
aACA

  0               Gurung   17
  1                YR_MN    8
  2            Sherpa.LC    9
  3             Pulliyar    5
  4           MbutiPygmy   13
  5           Anatolia_N   25
  6               Ami.SG    2
  7              Mixe.SG    3
  8         Ganj_Dareh_N    7
  9              Onge.DG    2
 10           Villabruna    1
 11           DevilsGate    4
 12                 aACA   32
jackknife block size:     0.050
snps: 222521  indivs: 128
number of blocks for block jackknife: 548
dof (jackknife):   464.095
numsnps used: 78590
f4info: 
f4rank: 0 dof:     24 chisq:  3630.568 tail:                    0 dofdiff:      0 chisqdiff:     0.000 taildiff:                    1

f4info: 
f4rank: 1 dof:     14 chisq:   185.115 tail:       5.92540861e-32 dofdiff:     10 chisqdiff:  3445.453 taildiff:                    0
B:
          scale     1.000 
     Anatolia_N    -0.075 
         Ami.SG     1.344 
        Mixe.SG     1.044 
   Ganj_Dareh_N    -0.222 
        Onge.DG     0.297 
     Villabruna    -0.019 
     DevilsGate     1.573 
           aACA     1.577 
A:
          scale   167.834 
          YR_MN     0.190 
      Sherpa.LC     0.255 
       Pulliyar    -1.703 

f4info: 
f4rank: 2 dof:      6 chisq:     1.962 tail:          0.923197525 dofdiff:      8 chisqdiff:   183.153 taildiff:       2.24013466e-35
B:
          scale     1.000     1.000 
     Anatolia_N    -0.127     0.651 
         Ami.SG     1.368    -1.589 
        Mixe.SG     1.024    -0.148 
   Ganj_Dareh_N    -0.264     0.525 
        Onge.DG     0.313    -0.175 
     Villabruna    -0.091     0.724 
     DevilsGate     1.574    -0.300 
           aACA     1.553     2.027 
A:
          scale   169.639  1609.636 
          YR_MN     0.306    -1.667 
      Sherpa.LC     0.232     0.396 
       Pulliyar    -1.689    -0.253 

f4info: 
f4rank: 3 dof:      0 chisq:     0.000 tail:                    1 dofdiff:      6 chisqdiff:     1.962 taildiff:          0.923197525
B:
          scale     1.000     1.000     1.000 
     Anatolia_N    -0.130     0.629     0.481 
         Ami.SG     1.370    -1.602     0.012 
        Mixe.SG     1.026    -0.076    -1.425 
   Ganj_Dareh_N    -0.269     0.452     1.050 
        Onge.DG     0.317    -0.119    -0.846 
     Villabruna    -0.097     0.692     0.790 
     DevilsGate     1.569    -0.381     1.768 
           aACA     1.553     2.047    -0.411 
A:
          scale   169.996  1611.733 12910.721 
          YR_MN     0.309    -1.666     0.359 
      Sherpa.LC     0.237     0.403     1.668 
       Pulliyar    -1.688    -0.249     0.300 

## end of run
