/home/cliu7/utils/AdmixTools/bin/qpAdm: parameter file: temp/param/qpAdm_Gurung.Upper_YR_LN.Sherpa.LC.Pathan.par3q6zgr2i
### THE INPUT PARAMETERS
##PARAMETER NAME: VALUE
DIR: data/intermediate
S1: illumina_all_merged.qpAdm
indivname: data/intermediate/illumina_all_merged.qpAdm.grouped2.ind
snpname: data/intermediate/illumina_all_merged.qpAdm.snp
genotypename: data/intermediate/illumina_all_merged.qpAdm.geno
popleft: temp/param/left.3q6zgr2i
popright: temp/param/right.3q6zgr2i
details: YES
## qpAdm version: 810
seed: 1809906234
packed geno read OK
end of inpack

left pops:
Gurung
Upper_YR_LN
Sherpa.LC
Pathan

right pops:
MbutiPygmy
Anatolia_N
Ami.SG
Mixe.SG
Ganj_Dareh_N
Onge.DG
Villabruna
DevilsGate
aACA

  0               Gurung   17
  1          Upper_YR_LN    7
  2            Sherpa.LC    9
  3               Pathan   22
  4           MbutiPygmy   13
  5           Anatolia_N   25
  6               Ami.SG    2
  7              Mixe.SG    3
  8         Ganj_Dareh_N    7
  9              Onge.DG    2
 10           Villabruna    1
 11           DevilsGate    4
 12                 aACA   32
jackknife block size:     0.050
snps: 222521  indivs: 144
number of blocks for block jackknife: 548
## ncols: 222521
coverage:               Gurung 222521
coverage:          Upper_YR_LN 221150
coverage:            Sherpa.LC 111582
coverage:               Pathan 222521
coverage:           MbutiPygmy 222521
coverage:           Anatolia_N 111256
coverage:               Ami.SG 222521
coverage:              Mixe.SG 222521
coverage:         Ganj_Dareh_N  99721
coverage:              Onge.DG 217231
coverage:           Villabruna  82514
coverage:           DevilsGate 111550
coverage:                 aACA 114355
dof (jackknife):   463.675
numsnps used: 77805
codimension 1
f4info: 
f4rank: 2 dof:      6 chisq:    32.446 tail:       1.33976096e-05 dofdiff:      8 chisqdiff:   -32.446 taildiff:                    1
B:
          scale     1.000     1.000 
     Anatolia_N    -0.571    -0.240 
         Ami.SG     1.346    -0.616 
        Mixe.SG     0.806    -0.111 
   Ganj_Dareh_N    -0.609     0.091 
        Onge.DG     0.580     0.193 
     Villabruna    -0.433     0.307 
     DevilsGate     1.440    -0.772 
           aACA     1.498     2.610 
A:
          scale   130.765  2890.633 
    Upper_YR_LN     0.230    -1.548 
      Sherpa.LC     0.128     0.738 
         Pathan    -1.712    -0.245 


full rank
f4info: 
f4rank: 3 dof:      0 chisq:     0.000 tail:                    1 dofdiff:      6 chisqdiff:    32.446 taildiff:       1.33976096e-05
B:
          scale     1.000     1.000     1.000 
     Anatolia_N    -0.559    -1.121     0.515 
         Ami.SG     1.346     0.095    -0.966 
        Mixe.SG     0.809    -0.095    -0.221 
   Ganj_Dareh_N    -0.603    -0.754     0.617 
        Onge.DG     0.570     0.892    -0.757 
     Villabruna    -0.438    -0.186     0.566 
     DevilsGate     1.463    -0.762    -0.271 
           aACA     1.484     2.178     2.325 
A:
          scale   132.598  1617.680  3182.135 
    Upper_YR_LN     0.310    -1.430     0.223 
      Sherpa.LC     0.184    -0.567     1.615 
         Pathan    -1.694    -0.796     0.586 


best coefficients:     0.286     0.628     0.085 
Jackknife mean:      0.289847186     0.624899781     0.085253033 
      std. errors:     0.093     0.093     0.006 

error covariance (* 1000000)
      8565      -8582         17 
     -8582       8631        -49 
        17        -49         33 


summ: Gurung    3      0.000013     0.290     0.625     0.085  8565 -8582    17  8631   -49    33 

    fixed pat  wt  dof     chisq       tail prob
          000  0     6    32.446     1.33976e-05     0.286     0.628     0.085 
          001  1     7   116.608     3.89215e-22    23.615   -22.615     0.000  infeasible
          010  1     7    70.034     1.45432e-12     0.911    -0.000     0.089 
          100  1     7    40.509     1.00547e-06    -0.000     0.914     0.086 
          011  2     8   164.284               0     1.000     0.000    -0.000 
          101  2     8   180.010               0     0.000     1.000    -0.000 
          110  2     8  7241.440               0     0.000    -0.000     1.000 
best pat:          000      1.33976e-05              -  -
best pat:          100      1.00547e-06  chi(nested):     8.063 p-value for nested model:      0.00451745
best pat:          011      2.03083e-31 not nested

coeffs:     0.286     0.628     0.085 

## dscore:: f_4(Base, Fit, Rbase, right2)
## genstat:: f_4(Base, Fit, right1, right2)

details:     Upper_YR_LN      Anatolia_N    -0.000504   -1.377858
details:       Sherpa.LC      Anatolia_N     0.000065    0.265635
details:          Pathan      Anatolia_N     0.007774   25.368169
dscore:      Anatolia_N f4:     0.000560 Z:     2.780503

details:     Upper_YR_LN          Ami.SG     0.002829    6.428244
details:       Sherpa.LC          Ami.SG     0.001552    4.843266
details:          Pathan          Ami.SG    -0.017557  -43.978498
dscore:          Ami.SG f4:     0.000288 Z:     1.127197

details:     Upper_YR_LN         Mixe.SG     0.001767    4.069635
details:       Sherpa.LC         Mixe.SG     0.001278    4.079150
details:          Pathan         Mixe.SG    -0.010380  -24.633108
dscore:         Mixe.SG f4:     0.000423 Z:     1.681619

details:     Upper_YR_LN    Ganj_Dareh_N    -0.000847   -1.917172
details:       Sherpa.LC    Ganj_Dareh_N    -0.000068   -0.224508
details:          Pathan    Ganj_Dareh_N     0.008242   21.933668
dscore:    Ganj_Dareh_N f4:     0.000418 Z:     1.681764

details:     Upper_YR_LN         Onge.DG     0.000255    0.575423
details:       Sherpa.LC         Onge.DG     0.000311    1.014949
details:          Pathan         Onge.DG    -0.007883  -20.208329
dscore:         Onge.DG f4:    -0.000404 Z:    -1.589799

details:     Upper_YR_LN      Villabruna    -0.001030   -1.836573
details:       Sherpa.LC      Villabruna     0.000172    0.426700
details:          Pathan      Villabruna     0.005871   12.164576
dscore:      Villabruna f4:     0.000314 Z:     0.953023

details:     Upper_YR_LN      DevilsGate     0.003980    7.855873
details:       Sherpa.LC      DevilsGate     0.002358    6.679480
details:          Pathan      DevilsGate    -0.018455  -44.445131
dscore:      DevilsGate f4:     0.001047 Z:     3.499042

details:     Upper_YR_LN            aACA     0.001564    4.274726
details:       Sherpa.LC            aACA     0.002662   10.294787
details:          Pathan            aACA    -0.019692  -56.411825
dscore:            aACA f4:     0.000441 Z:     2.045068

gendstat:           MbutiPygmy           Anatolia_N     2.781
gendstat:           MbutiPygmy               Ami.SG     1.127
gendstat:           MbutiPygmy              Mixe.SG     1.682
gendstat:           MbutiPygmy         Ganj_Dareh_N     1.682
gendstat:           MbutiPygmy              Onge.DG    -1.590
gendstat:           MbutiPygmy           Villabruna     0.953
gendstat:           MbutiPygmy           DevilsGate     3.499
gendstat:           MbutiPygmy                 aACA     2.045
gendstat:           Anatolia_N               Ami.SG    -1.190
gendstat:           Anatolia_N              Mixe.SG    -0.604
gendstat:           Anatolia_N         Ganj_Dareh_N    -0.647
gendstat:           Anatolia_N              Onge.DG    -3.951
gendstat:           Anatolia_N           Villabruna    -0.857
gendstat:           Anatolia_N           DevilsGate     1.844
gendstat:           Anatolia_N                 aACA    -0.640
gendstat:               Ami.SG              Mixe.SG     0.538
gendstat:               Ami.SG         Ganj_Dareh_N     0.476
gendstat:               Ami.SG              Onge.DG    -2.575
gendstat:               Ami.SG           Villabruna     0.077
gendstat:               Ami.SG           DevilsGate     2.878
gendstat:               Ami.SG                 aACA     0.804
gendstat:              Mixe.SG         Ganj_Dareh_N    -0.019
gendstat:              Mixe.SG              Onge.DG    -3.005
gendstat:              Mixe.SG           Villabruna    -0.321
gendstat:              Mixe.SG           DevilsGate     2.296
gendstat:              Mixe.SG                 aACA     0.087
gendstat:         Ganj_Dareh_N              Onge.DG    -2.886
gendstat:         Ganj_Dareh_N           Villabruna    -0.306
gendstat:         Ganj_Dareh_N           DevilsGate     1.965
gendstat:         Ganj_Dareh_N                 aACA     0.092
gendstat:              Onge.DG           Villabruna     2.054
gendstat:              Onge.DG           DevilsGate     4.865
gendstat:              Onge.DG                 aACA     3.712
gendstat:           Villabruna           DevilsGate     2.003
gendstat:           Villabruna                 aACA     0.408
gendstat:           DevilsGate                 aACA    -2.658

## end of run
