/home/cliu7/utils/AdmixTools/bin/qpAdm: parameter file: temp/param/qpAdm_Kulung.Upper_YR_LN.Sherpa.LC.Pathan.par7s_jvz4l
### THE INPUT PARAMETERS
##PARAMETER NAME: VALUE
DIR: data/intermediate
S1: illumina_all_merged.qpAdm
indivname: data/intermediate/illumina_all_merged.qpAdm.grouped2.ind
snpname: data/intermediate/illumina_all_merged.qpAdm.snp
genotypename: data/intermediate/illumina_all_merged.qpAdm.geno
popleft: temp/param/left.7s_jvz4l
popright: temp/param/right.7s_jvz4l
details: YES
## qpAdm version: 810
seed: 36663304
packed geno read OK
end of inpack

left pops:
Kulung
Upper_YR_LN
Sherpa.LC
Pathan

right pops:
MbutiPygmy
Anatolia_N
Ami.SG
Mixe.SG
Ganj_Dareh_N
Onge.DG
Villabruna
DevilsGate
aACA

  0               Kulung    2
  1          Upper_YR_LN    7
  2            Sherpa.LC    9
  3               Pathan   22
  4           MbutiPygmy   13
  5           Anatolia_N   25
  6               Ami.SG    2
  7              Mixe.SG    3
  8         Ganj_Dareh_N    7
  9              Onge.DG    2
 10           Villabruna    1
 11           DevilsGate    4
 12                 aACA   32
jackknife block size:     0.050
snps: 222521  indivs: 129
number of blocks for block jackknife: 548
## ncols: 222521
coverage:               Kulung 222517
coverage:          Upper_YR_LN 221150
coverage:            Sherpa.LC 111582
coverage:               Pathan 222521
coverage:           MbutiPygmy 222521
coverage:           Anatolia_N 111256
coverage:               Ami.SG 222521
coverage:              Mixe.SG 222521
coverage:         Ganj_Dareh_N  99721
coverage:              Onge.DG 217231
coverage:           Villabruna  82514
coverage:           DevilsGate 111550
coverage:                 aACA 114355
dof (jackknife):   463.876
numsnps used: 77914
codimension 1
f4info: 
f4rank: 2 dof:      6 chisq:     7.576 tail:          0.270823016 dofdiff:      8 chisqdiff:    -7.576 taildiff:                    1
B:
          scale     1.000     1.000 
     Anatolia_N    -0.558    -0.041 
         Ami.SG     1.348    -0.633 
        Mixe.SG     0.815    -0.289 
   Ganj_Dareh_N    -0.589    -0.058 
        Onge.DG     0.560     0.119 
     Villabruna    -0.441     0.409 
     DevilsGate     1.474    -0.668 
           aACA     1.477     2.624 
A:
          scale   118.327  2975.667 
    Upper_YR_LN     0.034    -0.688 
      Sherpa.LC    -0.055     1.574 
         Pathan    -1.731     0.221 


full rank
f4info: 
f4rank: 3 dof:      0 chisq:     0.000 tail:                    1 dofdiff:      6 chisqdiff:     7.576 taildiff:          0.270823016
B:
          scale     1.000     1.000     1.000 
     Anatolia_N    -0.552    -0.584     0.674 
         Ami.SG     1.350    -0.427    -0.870 
        Mixe.SG     0.818    -0.036    -0.683 
   Ganj_Dareh_N    -0.587     0.045    -0.353 
        Onge.DG     0.561     0.274    -0.402 
     Villabruna    -0.436     0.283     0.333 
     DevilsGate     1.478    -0.635    -0.494 
           aACA     1.472     2.630     2.384 
A:
          scale   120.070  2202.088  2317.903 
    Upper_YR_LN     0.074    -1.560     0.914 
      Sherpa.LC    -0.036    -0.048     1.239 
         Pathan    -1.730    -0.751     0.793 


best coefficients:     0.693     0.303     0.004 
Jackknife mean:      0.690044923     0.305751170     0.004203907 
      std. errors:     0.115     0.115     0.011 

error covariance (* 1000000)
     13253     -13176        -76 
    -13176      13216        -40 
       -76        -40        117 


summ: Kulung    3      0.270823     0.690     0.306     0.004 13253 -13176   -76 13216   -40   117 

    fixed pat  wt  dof     chisq       tail prob
          000  0     6     7.576        0.270823     0.693     0.303     0.004 
          001  1     7    92.616     3.58833e-17    -0.712     1.712    -0.000  infeasible
          010  1     7    12.394       0.0883362     0.997     0.000     0.003 
          100  1     7    40.953     8.26724e-07     0.000     0.998     0.002 
          011  2     8    14.695       0.0653564     1.000     0.000    -0.000 
          101  2     8    44.021     5.63899e-07     0.000     1.000    -0.000 
          110  2     8  4435.655               0     0.000    -0.000     1.000 
best pat:          000         0.270823              -  -
best pat:          010        0.0883362  chi(nested):     4.817 p-value for nested model:       0.0281743
best pat:          011        0.0653564  chi(nested):     2.301 p-value for nested model:        0.129264

coeffs:     0.693     0.303     0.004 

## dscore:: f_4(Base, Fit, Rbase, right2)
## genstat:: f_4(Base, Fit, right1, right2)

details:     Upper_YR_LN      Anatolia_N     0.000137    0.298473
details:       Sherpa.LC      Anatolia_N     0.000708    1.813717
details:          Pathan      Anatolia_N     0.008406   19.365012
dscore:      Anatolia_N f4:     0.000344 Z:     0.869208

details:     Upper_YR_LN          Ami.SG     0.000454    0.791294
details:       Sherpa.LC          Ami.SG    -0.000822   -1.708775
details:          Pathan          Ami.SG    -0.019904  -34.808574
dscore:          Ami.SG f4:    -0.000015 Z:    -0.031215

details:     Upper_YR_LN         Mixe.SG    -0.000022   -0.041203
details:       Sherpa.LC         Mixe.SG    -0.000509   -1.094145
details:          Pathan         Mixe.SG    -0.012150  -20.818129
dscore:         Mixe.SG f4:    -0.000219 Z:    -0.472667

details:     Upper_YR_LN    Ganj_Dareh_N    -0.000711   -1.285092
details:       Sherpa.LC    Ganj_Dareh_N     0.000071    0.153439
details:          Pathan    Ganj_Dareh_N     0.008368   16.069078
dscore:    Ganj_Dareh_N f4:    -0.000437 Z:    -0.925041

details:     Upper_YR_LN         Onge.DG    -0.000304   -0.536434
details:       Sherpa.LC         Onge.DG    -0.000246   -0.502735
details:          Pathan         Onge.DG    -0.008429  -15.545027
dscore:         Onge.DG f4:    -0.000320 Z:    -0.647470

details:     Upper_YR_LN      Villabruna    -0.000443   -0.593999
details:       Sherpa.LC      Villabruna     0.000760    1.212059
details:          Pathan      Villabruna     0.006451    9.329929
dscore:      Villabruna f4:    -0.000051 Z:    -0.078420

details:     Upper_YR_LN      DevilsGate     0.000956    1.569541
details:       Sherpa.LC      DevilsGate    -0.000662   -1.294450
details:          Pathan      DevilsGate    -0.021446  -36.543802
dscore:      DevilsGate f4:     0.000375 Z:     0.716886

details:     Upper_YR_LN            aACA    -0.000269   -0.582139
details:       Sherpa.LC            aACA     0.000830    2.140500
details:          Pathan            aACA    -0.021493  -46.048459
dscore:            aACA f4:    -0.000023 Z:    -0.058490

gendstat:           MbutiPygmy           Anatolia_N     0.869
gendstat:           MbutiPygmy               Ami.SG    -0.031
gendstat:           MbutiPygmy              Mixe.SG    -0.473
gendstat:           MbutiPygmy         Ganj_Dareh_N    -0.925
gendstat:           MbutiPygmy              Onge.DG    -0.647
gendstat:           MbutiPygmy           Villabruna    -0.078
gendstat:           MbutiPygmy           DevilsGate     0.717
gendstat:           MbutiPygmy                 aACA    -0.058
gendstat:           Anatolia_N               Ami.SG    -0.801
gendstat:           Anatolia_N              Mixe.SG    -1.304
gendstat:           Anatolia_N         Ganj_Dareh_N    -1.991
gendstat:           Anatolia_N              Onge.DG    -1.450
gendstat:           Anatolia_N           Villabruna    -0.740
gendstat:           Anatolia_N           DevilsGate     0.065
gendstat:           Anatolia_N                 aACA    -1.033
gendstat:               Ami.SG              Mixe.SG    -0.434
gendstat:               Ami.SG         Ganj_Dareh_N    -0.802
gendstat:               Ami.SG              Onge.DG    -0.597
gendstat:               Ami.SG           Villabruna    -0.053
gendstat:               Ami.SG           DevilsGate     0.800
gendstat:               Ami.SG                 aACA    -0.023
gendstat:              Mixe.SG         Ganj_Dareh_N    -0.414
gendstat:              Mixe.SG              Onge.DG    -0.202
gendstat:              Mixe.SG           Villabruna     0.260
gendstat:              Mixe.SG           DevilsGate     1.143
gendstat:              Mixe.SG                 aACA     0.534
gendstat:         Ganj_Dareh_N              Onge.DG     0.216
gendstat:         Ganj_Dareh_N           Villabruna     0.622
gendstat:         Ganj_Dareh_N           DevilsGate     1.412
gendstat:         Ganj_Dareh_N                 aACA     0.918
gendstat:              Onge.DG           Villabruna     0.406
gendstat:              Onge.DG           DevilsGate     1.260
gendstat:              Onge.DG                 aACA     0.734
gendstat:           Villabruna           DevilsGate     0.613
gendstat:           Villabruna                 aACA     0.046
gendstat:           DevilsGate                 aACA    -0.965

## end of run
