/home/cliu7/utils/AdmixTools/bin/qpWave: parameter file: temp/param/qpAdm_Kurtop.YR_MN.Sherpa.LC.Pathan.parxnq37o8j
### THE INPUT PARAMETERS
##PARAMETER NAME: VALUE
DIR: data/intermediate
S1: illumina_all_merged.qpAdm
indivname: data/intermediate/illumina_all_merged.qpAdm.grouped2.ind
snpname: data/intermediate/illumina_all_merged.qpAdm.snp
genotypename: data/intermediate/illumina_all_merged.qpAdm.geno
popleft: temp/param/left.xnq37o8j
popright: temp/param/right.xnq37o8j
details: YES
## qpWave version: 410
packed geno read OK
end of inpack

left pops:
Kurtop
YR_MN
Sherpa.LC
Pathan

right pops:
MbutiPygmy
Anatolia_N
Ami.SG
Mixe.SG
Ganj_Dareh_N
Onge.DG
Villabruna
DevilsGate
aACA

  0               Kurtop   19
  1                YR_MN    8
  2            Sherpa.LC    9
  3               Pathan   22
  4           MbutiPygmy   13
  5           Anatolia_N   25
  6               Ami.SG    2
  7              Mixe.SG    3
  8         Ganj_Dareh_N    7
  9              Onge.DG    2
 10           Villabruna    1
 11           DevilsGate    4
 12                 aACA   32
jackknife block size:     0.050
snps: 222521  indivs: 147
number of blocks for block jackknife: 548
dof (jackknife):   463.508
numsnps used: 77905
f4info: 
f4rank: 0 dof:     24 chisq:  7519.884 tail:                    0 dofdiff:      0 chisqdiff:     0.000 taildiff:                    1

f4info: 
f4rank: 1 dof:     14 chisq:   196.649 tail:       2.65381226e-34 dofdiff:     10 chisqdiff:  7323.235 taildiff:                    0
B:
          scale     1.000 
     Anatolia_N    -0.546 
         Ami.SG     1.363 
        Mixe.SG     0.827 
   Ganj_Dareh_N    -0.563 
        Onge.DG     0.582 
     Villabruna    -0.409 
     DevilsGate     1.426 
           aACA     1.517 
A:
          scale   123.071 
          YR_MN     0.030 
      Sherpa.LC     0.048 
         Pathan    -1.731 

f4info: 
f4rank: 2 dof:      6 chisq:    13.820 tail:         0.0317134254 dofdiff:      8 chisqdiff:   182.829 taildiff:       2.62042498e-35
B:
          scale     1.000     1.000 
     Anatolia_N    -0.578     0.400 
         Ami.SG     1.358    -1.482 
        Mixe.SG     0.817    -0.149 
   Ganj_Dareh_N    -0.612     0.341 
        Onge.DG     0.565    -0.093 
     Villabruna    -0.435     0.525 
     DevilsGate     1.417    -0.248 
           aACA     1.504     2.271 
A:
          scale   123.888  1696.333 
          YR_MN     0.114    -1.670 
      Sherpa.LC     0.036     0.445 
         Pathan    -1.728    -0.110 

f4info: 
f4rank: 3 dof:      0 chisq:     0.000 tail:                    1 dofdiff:      6 chisqdiff:    13.820 taildiff:         0.0317134254
B:
          scale     1.000     1.000     1.000 
     Anatolia_N    -0.588     0.022     1.588 
         Ami.SG     1.357     1.599    -0.042 
        Mixe.SG     0.809     0.228     0.069 
   Ganj_Dareh_N    -0.620     0.004     1.208 
        Onge.DG     0.573     0.012    -0.127 
     Villabruna    -0.449    -0.185     1.405 
     DevilsGate     1.411     0.643     1.394 
           aACA     1.501    -2.223     0.280 
A:
          scale   124.422  1695.529  3514.166 
          YR_MN     0.134     1.697     0.317 
      Sherpa.LC     0.066    -0.323     1.700 
         Pathan    -1.726     0.120     0.090 

## end of run
