/home/cliu7/utils/AdmixTools/bin/qpWave: parameter file: temp/param/qpAdm_Lakha.Upper_YR_LN.Sherpa.LC.Pathan.park3s4b8nb
### THE INPUT PARAMETERS
##PARAMETER NAME: VALUE
DIR: data/intermediate
S1: illumina_all_merged.qpAdm
indivname: data/intermediate/illumina_all_merged.qpAdm.grouped2.ind
snpname: data/intermediate/illumina_all_merged.qpAdm.snp
genotypename: data/intermediate/illumina_all_merged.qpAdm.geno
popleft: temp/param/left.k3s4b8nb
popright: temp/param/right.k3s4b8nb
details: YES
## qpWave version: 410
packed geno read OK
end of inpack

left pops:
Lakha
Upper_YR_LN
Sherpa.LC
Pathan

right pops:
MbutiPygmy
Anatolia_N
Ami.SG
Mixe.SG
Ganj_Dareh_N
Onge.DG
Villabruna
DevilsGate
aACA

  0                Lakha   18
  1          Upper_YR_LN    7
  2            Sherpa.LC    9
  3               Pathan   22
  4           MbutiPygmy   13
  5           Anatolia_N   25
  6               Ami.SG    2
  7              Mixe.SG    3
  8         Ganj_Dareh_N    7
  9              Onge.DG    2
 10           Villabruna    1
 11           DevilsGate    4
 12                 aACA   32
jackknife block size:     0.050
snps: 222521  indivs: 145
number of blocks for block jackknife: 548
dof (jackknife):   463.667
numsnps used: 77824
f4info: 
f4rank: 0 dof:     24 chisq:  7642.291 tail:                    0 dofdiff:      0 chisqdiff:     0.000 taildiff:                    1

f4info: 
f4rank: 1 dof:     14 chisq:   126.765 tail:         2.952441e-20 dofdiff:     10 chisqdiff:  7515.526 taildiff:                    0
B:
          scale     1.000 
     Anatolia_N    -0.544 
         Ami.SG     1.327 
        Mixe.SG     0.816 
   Ganj_Dareh_N    -0.591 
        Onge.DG     0.560 
     Villabruna    -0.391 
     DevilsGate     1.453 
           aACA     1.533 
A:
          scale   118.542 
    Upper_YR_LN    -0.005 
      Sherpa.LC     0.011 
         Pathan    -1.732 

f4info: 
f4rank: 2 dof:      6 chisq:     3.694 tail:          0.718051817 dofdiff:      8 chisqdiff:   123.072 taildiff:       7.68956835e-23
B:
          scale     1.000     1.000 
     Anatolia_N    -0.544     0.126 
         Ami.SG     1.332    -0.582 
        Mixe.SG     0.802    -0.232 
   Ganj_Dareh_N    -0.592     0.235 
        Onge.DG     0.563     0.338 
     Villabruna    -0.384     1.313 
     DevilsGate     1.440    -1.065 
           aACA     1.549     2.136 
A:
          scale   121.149  1891.520 
    Upper_YR_LN     0.079    -1.729 
      Sherpa.LC     0.011    -0.068 
         Pathan    -1.730    -0.070 

f4info: 
f4rank: 3 dof:      0 chisq:     0.000 tail:                    1 dofdiff:      6 chisqdiff:     3.694 taildiff:          0.718051817
B:
          scale     1.000     1.000     1.000 
     Anatolia_N    -0.554    -0.005     1.323 
         Ami.SG     1.333    -0.583    -0.559 
        Mixe.SG     0.796    -0.346     0.860 
   Ganj_Dareh_N    -0.605     0.035     1.988 
        Onge.DG     0.560     0.220     0.640 
     Villabruna    -0.384     1.365    -0.626 
     DevilsGate     1.436    -1.187     0.400 
           aACA     1.547     2.054     0.534 
A:
          scale   121.611  1887.553  8174.955 
    Upper_YR_LN     0.082    -1.725    -0.129 
      Sherpa.LC     0.022    -0.128     1.727 
         Pathan    -1.730    -0.084     0.016 

## end of run
