/home/cliu7/utils/AdmixTools/bin/qpWave: parameter file: temp/param/qpAdm_Lakha.YR_MN.Sherpa.LC.Pathan.par6r1rfjo_
### THE INPUT PARAMETERS
##PARAMETER NAME: VALUE
DIR: data/intermediate
S1: illumina_all_merged.qpAdm
indivname: data/intermediate/illumina_all_merged.qpAdm.grouped2.ind
snpname: data/intermediate/illumina_all_merged.qpAdm.snp
genotypename: data/intermediate/illumina_all_merged.qpAdm.geno
popleft: temp/param/left.6r1rfjo_
popright: temp/param/right.6r1rfjo_
details: YES
## qpWave version: 410
packed geno read OK
end of inpack

left pops:
Lakha
YR_MN
Sherpa.LC
Pathan

right pops:
MbutiPygmy
Anatolia_N
Ami.SG
Mixe.SG
Ganj_Dareh_N
Onge.DG
Villabruna
DevilsGate
aACA

  0                Lakha   18
  1                YR_MN    8
  2            Sherpa.LC    9
  3               Pathan   22
  4           MbutiPygmy   13
  5           Anatolia_N   25
  6               Ami.SG    2
  7              Mixe.SG    3
  8         Ganj_Dareh_N    7
  9              Onge.DG    2
 10           Villabruna    1
 11           DevilsGate    4
 12                 aACA   32
jackknife block size:     0.050
snps: 222521  indivs: 146
number of blocks for block jackknife: 548
dof (jackknife):   463.523
numsnps used: 77928
f4info: 
f4rank: 0 dof:     24 chisq:  7242.076 tail:                    0 dofdiff:      0 chisqdiff:     0.000 taildiff:                    1

f4info: 
f4rank: 1 dof:     14 chisq:   222.558 tail:        1.3093648e-39 dofdiff:     10 chisqdiff:  7019.518 taildiff:                    0
B:
          scale     1.000 
     Anatolia_N    -0.531 
         Ami.SG     1.350 
        Mixe.SG     0.805 
   Ganj_Dareh_N    -0.560 
        Onge.DG     0.572 
     Villabruna    -0.401 
     DevilsGate     1.438 
           aACA     1.542 
A:
          scale   121.053 
          YR_MN    -0.016 
      Sherpa.LC     0.014 
         Pathan    -1.732 

f4info: 
f4rank: 2 dof:      6 chisq:     3.717 tail:           0.71496699 dofdiff:      8 chisqdiff:   218.842 taildiff:       6.76430749e-43
B:
          scale     1.000     1.000 
     Anatolia_N    -0.549     0.339 
         Ami.SG     1.338    -1.522 
        Mixe.SG     0.801    -0.352 
   Ganj_Dareh_N    -0.596     0.198 
        Onge.DG     0.563    -0.177 
     Villabruna    -0.391     0.767 
     DevilsGate     1.436    -0.266 
           aACA     1.542     2.171 
A:
          scale   121.176  1364.214 
          YR_MN     0.082    -1.730 
      Sherpa.LC     0.009    -0.007 
         Pathan    -1.730    -0.084 

f4info: 
f4rank: 3 dof:      0 chisq:     0.000 tail:                    1 dofdiff:      6 chisqdiff:     3.717 taildiff:           0.71496699
B:
          scale     1.000     1.000     1.000 
     Anatolia_N    -0.559     0.262     1.393 
         Ami.SG     1.338    -1.490    -0.509 
        Mixe.SG     0.795    -0.372     0.873 
   Ganj_Dareh_N    -0.609     0.078     1.821 
        Onge.DG     0.561    -0.155     0.494 
     Villabruna    -0.389     0.815    -0.918 
     DevilsGate     1.432    -0.335     0.793 
           aACA     1.542     2.184     0.068 
A:
          scale   121.720  1365.932  8097.460 
          YR_MN     0.087    -1.730    -0.027 
      Sherpa.LC     0.024    -0.026     1.732 
         Pathan    -1.730    -0.087     0.023 

## end of run
