/home/cliu7/utils/AdmixTools/bin/qpAdm: parameter file: temp/param/qpAdm_Lakha.Upper_YR_LN.Sherpa.LC.Pulliyar.parel2mh3re
### THE INPUT PARAMETERS
##PARAMETER NAME: VALUE
DIR: data/intermediate
S1: illumina_all_merged.qpAdm
indivname: data/intermediate/illumina_all_merged.qpAdm.grouped2.ind
snpname: data/intermediate/illumina_all_merged.qpAdm.snp
genotypename: data/intermediate/illumina_all_merged.qpAdm.geno
popleft: temp/param/left.el2mh3re
popright: temp/param/right.el2mh3re
details: YES
## qpAdm version: 810
seed: -887048810
packed geno read OK
end of inpack

left pops:
Lakha
Upper_YR_LN
Sherpa.LC
Pulliyar

right pops:
MbutiPygmy
Anatolia_N
Ami.SG
Mixe.SG
Ganj_Dareh_N
Onge.DG
Villabruna
DevilsGate
aACA

  0                Lakha   18
  1          Upper_YR_LN    7
  2            Sherpa.LC    9
  3             Pulliyar    5
  4           MbutiPygmy   13
  5           Anatolia_N   25
  6               Ami.SG    2
  7              Mixe.SG    3
  8         Ganj_Dareh_N    7
  9              Onge.DG    2
 10           Villabruna    1
 11           DevilsGate    4
 12                 aACA   32
jackknife block size:     0.050
snps: 222521  indivs: 128
number of blocks for block jackknife: 548
## ncols: 222521
coverage:                Lakha 222521
coverage:          Upper_YR_LN 221150
coverage:            Sherpa.LC 111582
coverage:             Pulliyar 222521
coverage:           MbutiPygmy 222521
coverage:           Anatolia_N 111256
coverage:               Ami.SG 222521
coverage:              Mixe.SG 222521
coverage:         Ganj_Dareh_N  99721
coverage:              Onge.DG 217231
coverage:           Villabruna  82514
coverage:           DevilsGate 111550
coverage:                 aACA 114355
dof (jackknife):   464.421
numsnps used: 78881
codimension 1
f4info: 
f4rank: 2 dof:      6 chisq:     4.450 tail:          0.616032846 dofdiff:      8 chisqdiff:    -4.450 taildiff:                    1
B:
          scale     1.000     1.000 
     Anatolia_N    -0.123     0.078 
         Ami.SG     1.326    -0.464 
        Mixe.SG     1.005    -0.086 
   Ganj_Dareh_N    -0.267     0.093 
        Onge.DG     0.291    -0.050 
     Villabruna    -0.075     1.000 
     DevilsGate     1.583    -0.735 
           aACA     1.597     2.494 
A:
          scale   157.319  1939.117 
    Upper_YR_LN     0.148    -1.699 
      Sherpa.LC     0.020    -0.066 
       Pulliyar    -1.726    -0.330 


full rank
f4info: 
f4rank: 3 dof:      0 chisq:     0.000 tail:                    1 dofdiff:      6 chisqdiff:     4.450 taildiff:          0.616032846
B:
          scale     1.000     1.000     1.000 
     Anatolia_N    -0.123    -0.046     0.169 
         Ami.SG     1.338    -0.301    -1.039 
        Mixe.SG     1.017    -0.024    -0.027 
   Ganj_Dareh_N    -0.262    -0.078     0.565 
        Onge.DG     0.299    -0.114    -0.088 
     Villabruna    -0.115     0.936    -0.079 
     DevilsGate     1.617    -0.557    -0.627 
           aACA     1.541     2.589     2.483 
A:
          scale   160.914  1308.143  3697.019 
    Upper_YR_LN     0.179    -1.274     0.342 
      Sherpa.LC     0.036    -0.532     1.308 
       Pulliyar    -1.722    -1.045     1.083 


best coefficients:    -0.042     1.033     0.008 
Jackknife mean:     -0.036397617     1.027889199     0.008508418 
      std. errors:     0.085     0.084     0.011 

error covariance (* 1000000)
      7263      -7128       -135 
     -7128       7117         11 
      -135         11        124 


summ: Lakha    3      0.616033    -0.036     1.028     0.009  7263 -7128  -135  7117    11   124 

    fixed pat  wt  dof     chisq       tail prob
          000  0     6     4.450        0.616033    -0.042     1.033     0.008  infeasible
          001  1     7   120.536     5.92489e-23     0.595     0.405    -0.000 
          010  1     7   112.712     2.51239e-21     1.009     0.000    -0.009  infeasible
          100  1     7     4.043          0.7748     0.000     0.992     0.008 
          011  2     8   113.067     8.90885e-21     1.000     0.000    -0.000 
          101  2     8     4.755        0.783385     0.000     1.000    -0.000 
          110  2     8  3034.243               0     0.000    -0.000     1.000 
best pat:          000         0.616033              -  -
best pat:          100           0.7748  chi(nested):    -0.407 p-value for nested model:            -nan
best pat:          101         0.783385  chi(nested):     0.712 p-value for nested model:        0.398725

coeffs:    -0.042     1.033     0.008 

## dscore:: f_4(Base, Fit, Rbase, right2)
## genstat:: f_4(Base, Fit, right1, right2)

details:     Upper_YR_LN      Anatolia_N    -0.000385   -0.998334
details:       Sherpa.LC      Anatolia_N     0.000176    0.642159
details:        Pulliyar      Anatolia_N     0.001328    3.338559
dscore:      Anatolia_N f4:     0.000209 Z:     0.746328

details:     Upper_YR_LN          Ami.SG     0.001423    3.060311
details:       Sherpa.LC          Ami.SG     0.000164    0.493925
details:        Pulliyar          Ami.SG    -0.014626  -28.597523
dscore:          Ami.SG f4:    -0.000013 Z:    -0.037263

details:     Upper_YR_LN         Mixe.SG     0.000829    1.784131
details:       Sherpa.LC         Mixe.SG     0.000346    1.006639
details:        Pulliyar         Mixe.SG    -0.011053  -20.765220
dscore:         Mixe.SG f4:     0.000231 Z:     0.656813

details:     Upper_YR_LN    Ganj_Dareh_N    -0.000467   -1.029618
details:       Sherpa.LC    Ganj_Dareh_N     0.000303    0.904308
details:        Pulliyar    Ganj_Dareh_N     0.002973    6.383291
dscore:    Ganj_Dareh_N f4:     0.000357 Z:     1.041378

details:     Upper_YR_LN         Onge.DG     0.000165    0.349561
details:       Sherpa.LC         Onge.DG     0.000220    0.666289
details:        Pulliyar         Onge.DG    -0.003233   -6.551168
dscore:         Onge.DG f4:     0.000193 Z:     0.574228

details:     Upper_YR_LN      Villabruna    -0.001477   -2.523579
details:       Sherpa.LC      Villabruna    -0.000291   -0.715684
details:        Pulliyar      Villabruna     0.000382    0.581653
dscore:      Villabruna f4:    -0.000236 Z:    -0.567001

details:     Upper_YR_LN      DevilsGate     0.002022    3.841968
details:       Sherpa.LC      DevilsGate     0.000422    1.122747
details:        Pulliyar      DevilsGate    -0.017303  -31.250627
dscore:      DevilsGate f4:     0.000208 Z:     0.541003

details:     Upper_YR_LN            aACA    -0.000829   -2.138260
details:       Sherpa.LC            aACA     0.000253    0.936470
details:        Pulliyar            aACA    -0.018029  -41.173735
dscore:            aACA f4:     0.000146 Z:     0.529097

gendstat:           MbutiPygmy           Anatolia_N     0.746
gendstat:           MbutiPygmy               Ami.SG    -0.037
gendstat:           MbutiPygmy              Mixe.SG     0.657
gendstat:           MbutiPygmy         Ganj_Dareh_N     1.041
gendstat:           MbutiPygmy              Onge.DG     0.574
gendstat:           MbutiPygmy           Villabruna    -0.567
gendstat:           MbutiPygmy           DevilsGate     0.541
gendstat:           MbutiPygmy                 aACA     0.529
gendstat:           Anatolia_N               Ami.SG    -0.648
gendstat:           Anatolia_N              Mixe.SG     0.067
gendstat:           Anatolia_N         Ganj_Dareh_N     0.508
gendstat:           Anatolia_N              Onge.DG    -0.048
gendstat:           Anatolia_N           Villabruna    -1.259
gendstat:           Anatolia_N           DevilsGate    -0.004
gendstat:           Anatolia_N                 aACA    -0.244
gendstat:               Ami.SG              Mixe.SG     0.718
gendstat:               Ami.SG         Ganj_Dareh_N     0.989
gendstat:               Ami.SG              Onge.DG     0.568
gendstat:               Ami.SG           Villabruna    -0.491
gendstat:               Ami.SG           DevilsGate     0.602
gendstat:               Ami.SG                 aACA     0.603
gendstat:              Mixe.SG         Ganj_Dareh_N     0.322
gendstat:              Mixe.SG              Onge.DG    -0.100
gendstat:              Mixe.SG           Villabruna    -1.012
gendstat:              Mixe.SG           DevilsGate    -0.061
gendstat:              Mixe.SG                 aACA    -0.299
gendstat:         Ganj_Dareh_N              Onge.DG    -0.418
gendstat:         Ganj_Dareh_N           Villabruna    -1.378
gendstat:         Ganj_Dareh_N           DevilsGate    -0.345
gendstat:         Ganj_Dareh_N                 aACA    -0.627
gendstat:              Onge.DG           Villabruna    -0.985
gendstat:              Onge.DG           DevilsGate     0.037
gendstat:              Onge.DG                 aACA    -0.157
gendstat:           Villabruna           DevilsGate     0.955
gendstat:           Villabruna                 aACA     0.957
gendstat:           DevilsGate                 aACA    -0.199

## end of run
