/home/cliu7/utils/AdmixTools/bin/qpAdm: parameter file: temp/param/qpAdm_Lhasa.YR_MN.Sherpa.LC.Pulliyar.parne3gxnwb
### THE INPUT PARAMETERS
##PARAMETER NAME: VALUE
DIR: data/intermediate
S1: illumina_all_merged.qpAdm
indivname: data/intermediate/illumina_all_merged.qpAdm.grouped2.ind
snpname: data/intermediate/illumina_all_merged.qpAdm.snp
genotypename: data/intermediate/illumina_all_merged.qpAdm.geno
popleft: temp/param/left.ne3gxnwb
popright: temp/param/right.ne3gxnwb
details: YES
## qpAdm version: 810
seed: -1044925113
packed geno read OK
end of inpack

left pops:
Lhasa
YR_MN
Sherpa.LC
Pulliyar

right pops:
MbutiPygmy
Anatolia_N
Ami.SG
Mixe.SG
Ganj_Dareh_N
Onge.DG
Villabruna
DevilsGate
aACA

  0                Lhasa   36
  1                YR_MN    8
  2            Sherpa.LC    9
  3             Pulliyar    5
  4           MbutiPygmy   13
  5           Anatolia_N   25
  6               Ami.SG    2
  7              Mixe.SG    3
  8         Ganj_Dareh_N    7
  9              Onge.DG    2
 10           Villabruna    1
 11           DevilsGate    4
 12                 aACA   32
jackknife block size:     0.050
snps: 222521  indivs: 147
number of blocks for block jackknife: 548
## ncols: 222521
coverage:                Lhasa 222521
coverage:                YR_MN 220932
coverage:            Sherpa.LC 111582
coverage:             Pulliyar 222521
coverage:           MbutiPygmy 222521
coverage:           Anatolia_N 111256
coverage:               Ami.SG 222521
coverage:              Mixe.SG 222521
coverage:         Ganj_Dareh_N  99721
coverage:              Onge.DG 217231
coverage:           Villabruna  82514
coverage:           DevilsGate 111550
coverage:                 aACA 114355
dof (jackknife):   463.739
numsnps used: 78258
codimension 1
f4info: 
f4rank: 2 dof:      6 chisq:     3.278 tail:          0.773201842 dofdiff:      8 chisqdiff:    -3.278 taildiff:                    1
B:
          scale     1.000     1.000 
     Anatolia_N    -0.118     0.444 
         Ami.SG     1.330    -1.350 
        Mixe.SG     1.019    -0.023 
   Ganj_Dareh_N    -0.271     0.150 
        Onge.DG     0.307    -0.223 
     Villabruna    -0.076     0.488 
     DevilsGate     1.560    -0.137 
           aACA     1.604     2.377 
A:
          scale   154.055  1364.931 
          YR_MN     0.130    -1.725 
      Sherpa.LC     0.008     0.021 
       Pulliyar    -1.727    -0.151 


full rank
f4info: 
f4rank: 3 dof:      0 chisq:     0.000 tail:                    1 dofdiff:      6 chisqdiff:     3.278 taildiff:          0.773201842
B:
          scale     1.000     1.000     1.000 
     Anatolia_N    -0.093     0.437    -0.136 
         Ami.SG     1.288    -1.533    -0.779 
        Mixe.SG     1.007    -0.170     0.281 
   Ganj_Dareh_N    -0.237     0.182    -0.729 
        Onge.DG     0.301    -0.252    -0.235 
     Villabruna    -0.053     0.503     0.017 
     DevilsGate     1.570    -0.308    -0.276 
           aACA     1.645     2.233     2.575 
A:
          scale   157.898  1170.525  2336.843 
          YR_MN     0.112    -1.487     0.040 
      Sherpa.LC     0.046     0.438    -0.983 
       Pulliyar    -1.728     0.773    -1.425 


best coefficients:     0.012     0.983     0.005 
Jackknife mean:      0.013211748     0.981422766     0.005365487 
      std. errors:     0.043     0.042     0.009 

error covariance (* 1000000)
      1876      -1789        -87 
     -1789       1786          3 
       -87          3         84 


summ: Lhasa    3      0.773202     0.013     0.981     0.005  1876 -1789   -87  1786     3    84 

    fixed pat  wt  dof     chisq       tail prob
          000  0     6     3.278        0.773202     0.012     0.983     0.005 
          001  1     7   214.755               0     0.186     0.814    -0.000 
          010  1     7   209.340               0     1.039     0.000    -0.039  infeasible
          100  1     7     3.425        0.843149     0.000     0.994     0.006 
          011  2     8   215.500               0     1.000     0.000    -0.000 
          101  2     8     3.682        0.884624     0.000     1.000    -0.000 
          110  2     8  3508.246               0     0.000    -0.000     1.000 
best pat:          000         0.773202              -  -
best pat:          100         0.843149  chi(nested):     0.146 p-value for nested model:        0.702064
best pat:          101         0.884624  chi(nested):     0.257 p-value for nested model:        0.611963

coeffs:     0.012     0.983     0.005 

## dscore:: f_4(Base, Fit, Rbase, right2)
## genstat:: f_4(Base, Fit, right1, right2)

details:           YR_MN      Anatolia_N    -0.000764   -2.130822
details:       Sherpa.LC      Anatolia_N     0.000151    0.667002
details:        Pulliyar      Anatolia_N     0.001326    3.506721
dscore:      Anatolia_N f4:     0.000147 Z:     0.657732

details:           YR_MN          Ami.SG     0.002783    6.056727
details:       Sherpa.LC          Ami.SG     0.000131    0.441691
details:        Pulliyar          Ami.SG    -0.014790  -31.652242
dscore:          Ami.SG f4:     0.000083 Z:     0.284003

details:           YR_MN         Mixe.SG     0.000726    1.535469
details:       Sherpa.LC         Mixe.SG     0.000043    0.146232
details:        Pulliyar         Mixe.SG    -0.011441  -22.664345
dscore:         Mixe.SG f4:    -0.000010 Z:    -0.035676

details:           YR_MN    Ganj_Dareh_N    -0.000492   -1.026827
details:       Sherpa.LC    Ganj_Dareh_N     0.000313    1.106132
details:        Pulliyar    Ganj_Dareh_N     0.003080    6.706619
dscore:    Ganj_Dareh_N f4:     0.000318 Z:     1.141411

details:           YR_MN         Onge.DG     0.000438    0.946441
details:       Sherpa.LC         Onge.DG     0.000063    0.224711
details:        Pulliyar         Onge.DG    -0.003398   -7.498743
dscore:         Onge.DG f4:     0.000049 Z:     0.177475

details:           YR_MN      Villabruna    -0.000922   -1.608424
details:       Sherpa.LC      Villabruna     0.000093    0.263351
details:        Pulliyar      Villabruna     0.000825    1.358531
dscore:      Villabruna f4:     0.000085 Z:     0.244991

details:           YR_MN      DevilsGate     0.001406    2.736508
details:       Sherpa.LC      DevilsGate     0.000423    1.346342
details:        Pulliyar      DevilsGate    -0.017445  -33.646007
dscore:      DevilsGate f4:     0.000339 Z:     1.097179

details:           YR_MN            aACA    -0.001732   -4.509745
details:       Sherpa.LC            aACA     0.000199    0.831228
details:        Pulliyar            aACA    -0.018243  -43.629702
dscore:            aACA f4:     0.000079 Z:     0.335886

gendstat:           MbutiPygmy           Anatolia_N     0.658
gendstat:           MbutiPygmy               Ami.SG     0.284
gendstat:           MbutiPygmy              Mixe.SG    -0.036
gendstat:           MbutiPygmy         Ganj_Dareh_N     1.141
gendstat:           MbutiPygmy              Onge.DG     0.177
gendstat:           MbutiPygmy           Villabruna     0.245
gendstat:           MbutiPygmy           DevilsGate     1.097
gendstat:           MbutiPygmy                 aACA     0.336
gendstat:           Anatolia_N               Ami.SG    -0.231
gendstat:           Anatolia_N              Mixe.SG    -0.608
gendstat:           Anatolia_N         Ganj_Dareh_N     0.719
gendstat:           Anatolia_N              Onge.DG    -0.374
gendstat:           Anatolia_N           Villabruna    -0.208
gendstat:           Anatolia_N           DevilsGate     0.678
gendstat:           Anatolia_N                 aACA    -0.321
gendstat:               Ami.SG              Mixe.SG    -0.335
gendstat:               Ami.SG         Ganj_Dareh_N     0.765
gendstat:               Ami.SG              Onge.DG    -0.113
gendstat:               Ami.SG           Villabruna     0.005
gendstat:               Ami.SG           DevilsGate     0.889
gendstat:               Ami.SG                 aACA    -0.017
gendstat:              Mixe.SG         Ganj_Dareh_N     1.029
gendstat:              Mixe.SG              Onge.DG     0.199
gendstat:              Mixe.SG           Villabruna     0.257
gendstat:              Mixe.SG           DevilsGate     1.183
gendstat:              Mixe.SG                 aACA     0.395
gendstat:         Ganj_Dareh_N              Onge.DG    -0.881
gendstat:         Ganj_Dareh_N           Villabruna    -0.640
gendstat:         Ganj_Dareh_N           DevilsGate     0.063
gendstat:         Ganj_Dareh_N                 aACA    -0.883
gendstat:              Onge.DG           Villabruna     0.100
gendstat:              Onge.DG           DevilsGate     0.945
gendstat:              Onge.DG                 aACA     0.121
gendstat:           Villabruna           DevilsGate     0.673
gendstat:           Villabruna                 aACA    -0.017
gendstat:           DevilsGate                 aACA    -1.045

## end of run
