/home/cliu7/utils/AdmixTools/bin/qpWave: parameter file: temp/param/qpAdm_Magar.YR_MN.Sherpa.LC.Dai.parnams10xd
### THE INPUT PARAMETERS
##PARAMETER NAME: VALUE
DIR: data/intermediate
S1: illumina_all_merged.qpAdm
indivname: data/intermediate/illumina_all_merged.qpAdm.grouped2.ind
snpname: data/intermediate/illumina_all_merged.qpAdm.snp
genotypename: data/intermediate/illumina_all_merged.qpAdm.geno
popleft: temp/param/left.nams10xd
popright: temp/param/right.nams10xd
details: YES
## qpWave version: 410
packed geno read OK
end of inpack

left pops:
Magar
YR_MN
Sherpa.LC
Dai

right pops:
MbutiPygmy
Anatolia_N
Ami.SG
Mixe.SG
Ganj_Dareh_N
Onge.DG
Villabruna
DevilsGate
aACA

  0                Magar   17
  1                YR_MN    8
  2            Sherpa.LC    9
  3                  Dai   10
  4           MbutiPygmy   13
  5           Anatolia_N   25
  6               Ami.SG    2
  7              Mixe.SG    3
  8         Ganj_Dareh_N    7
  9              Onge.DG    2
 10           Villabruna    1
 11           DevilsGate    4
 12                 aACA   32
jackknife block size:     0.050
snps: 222521  indivs: 133
number of blocks for block jackknife: 548
dof (jackknife):   463.911
numsnps used: 78611
f4info: 
f4rank: 0 dof:     24 chisq:  1548.424 tail:      8.84241266e-313 dofdiff:      0 chisqdiff:     0.000 taildiff:                    1

f4info: 
f4rank: 1 dof:     14 chisq:   233.814 tail:       6.31498797e-42 dofdiff:     10 chisqdiff:  1314.610 taildiff:      2.68889731e-276
B:
          scale     1.000 
     Anatolia_N    -0.417 
         Ami.SG     2.515 
        Mixe.SG     0.054 
   Ganj_Dareh_N    -0.299 
        Onge.DG     0.134 
     Villabruna    -0.415 
     DevilsGate     0.151 
           aACA    -1.093 
A:
          scale   776.922 
          YR_MN     0.636 
      Sherpa.LC    -0.388 
            Dai     1.564 

f4info: 
f4rank: 2 dof:      6 chisq:    16.968 tail:         0.0094014195 dofdiff:      8 chisqdiff:   216.846 taildiff:        1.7858157e-42
B:
          scale     1.000     1.000 
     Anatolia_N    -0.311     0.355 
         Ami.SG     2.465    -0.914 
        Mixe.SG     0.568     0.703 
   Ganj_Dareh_N    -0.227     0.236 
        Onge.DG     0.228     0.152 
     Villabruna    -0.320     0.307 
     DevilsGate     1.103     1.149 
           aACA     0.291     2.248 
A:
          scale   586.849  1138.126 
          YR_MN     1.104     0.315 
      Sherpa.LC     0.569     1.362 
            Dai     1.207    -1.022 

f4info: 
f4rank: 3 dof:      0 chisq:     0.000 tail:                    1 dofdiff:      6 chisqdiff:    16.968 taildiff:         0.0094014195
B:
          scale     1.000     1.000     1.000 
     Anatolia_N    -0.327     0.319     0.709 
         Ami.SG     2.386    -0.971     1.149 
        Mixe.SG     0.677     0.762    -1.080 
   Ganj_Dareh_N    -0.261     0.167     0.850 
        Onge.DG     0.277     0.157    -0.410 
     Villabruna    -0.355     0.211     1.013 
     DevilsGate     1.182     1.166    -1.209 
           aACA     0.272     2.217     1.277 
A:
          scale   568.511  1143.846  4639.528 
          YR_MN     1.139     0.473    -1.216 
      Sherpa.LC     0.545     1.295     1.014 
            Dai     1.186    -1.049     0.702 

## end of run
