/home/cliu7/utils/AdmixTools/bin/qpWave: parameter file: temp/param/qpAdm_Mangde.YR_MN.Sherpa.LC.Dai.parilrpdfpl
### THE INPUT PARAMETERS
##PARAMETER NAME: VALUE
DIR: data/intermediate
S1: illumina_all_merged.qpAdm
indivname: data/intermediate/illumina_all_merged.qpAdm.grouped2.ind
snpname: data/intermediate/illumina_all_merged.qpAdm.snp
genotypename: data/intermediate/illumina_all_merged.qpAdm.geno
popleft: temp/param/left.ilrpdfpl
popright: temp/param/right.ilrpdfpl
details: YES
## qpWave version: 410
packed geno read OK
end of inpack

left pops:
Mangde
YR_MN
Sherpa.LC
Dai

right pops:
MbutiPygmy
Anatolia_N
Ami.SG
Mixe.SG
Ganj_Dareh_N
Onge.DG
Villabruna
DevilsGate
aACA

  0               Mangde   18
  1                YR_MN    8
  2            Sherpa.LC    9
  3                  Dai   10
  4           MbutiPygmy   13
  5           Anatolia_N   25
  6               Ami.SG    2
  7              Mixe.SG    3
  8         Ganj_Dareh_N    7
  9              Onge.DG    2
 10           Villabruna    1
 11           DevilsGate    4
 12                 aACA   32
jackknife block size:     0.050
snps: 222521  indivs: 134
number of blocks for block jackknife: 548
dof (jackknife):   464.234
numsnps used: 78836
f4info: 
f4rank: 0 dof:     24 chisq:  1557.553 tail:      9.82418096e-315 dofdiff:      0 chisqdiff:     0.000 taildiff:                    1

f4info: 
f4rank: 1 dof:     14 chisq:    43.131 tail:       8.16301073e-05 dofdiff:     10 chisqdiff:  1514.422 taildiff:       1.9342176e-319
B:
          scale     1.000 
     Anatolia_N     0.386 
         Ami.SG    -2.207 
        Mixe.SG     0.207 
   Ganj_Dareh_N     0.171 
        Onge.DG    -0.129 
     Villabruna     0.418 
     DevilsGate     0.244 
           aACA     1.630 
A:
          scale   735.234 
          YR_MN    -0.732 
      Sherpa.LC     0.195 
            Dai    -1.558 

f4info: 
f4rank: 2 dof:      6 chisq:    12.216 tail:         0.0573275713 dofdiff:      8 chisqdiff:    30.915 taildiff:       0.000145452897
B:
          scale     1.000     1.000 
     Anatolia_N    -0.359     0.193 
         Ami.SG     2.435     0.323 
        Mixe.SG     0.154     1.198 
   Ganj_Dareh_N    -0.146     0.199 
        Onge.DG     0.347     0.705 
     Villabruna    -0.459    -0.070 
     DevilsGate     0.335     1.807 
           aACA    -1.205     1.617 
A:
          scale   699.265  1654.069 
          YR_MN     0.963     1.280 
      Sherpa.LC    -0.047     0.817 
            Dai     1.439    -0.833 

f4info: 
f4rank: 3 dof:      0 chisq:     0.000 tail:                    1 dofdiff:      6 chisqdiff:    12.216 taildiff:         0.0573275713
B:
          scale     1.000     1.000     1.000 
     Anatolia_N    -0.354     0.153     1.024 
         Ami.SG     2.456     0.337     1.121 
        Mixe.SG     0.174     1.188    -0.847 
   Ganj_Dareh_N    -0.162     0.131     1.317 
        Onge.DG     0.348     0.647     0.236 
     Villabruna    -0.422    -0.145     1.012 
     DevilsGate     0.362     1.821    -0.891 
           aACA    -1.164     1.637     1.171 
A:
          scale   696.375  1733.919  4996.626 
          YR_MN     0.908     1.161    -0.910 
      Sherpa.LC     0.022     1.058     1.371 
            Dai     1.475    -0.731     0.539 

## end of run
