/home/cliu7/utils/AdmixTools/bin/qpWave: parameter file: temp/param/qpAdm_Monpa.Upper_YR_LN.Sherpa.LC.Dai.par5g10ekzn
### THE INPUT PARAMETERS
##PARAMETER NAME: VALUE
DIR: data/intermediate
S1: illumina_all_merged.qpAdm
indivname: data/intermediate/illumina_all_merged.qpAdm.grouped2.ind
snpname: data/intermediate/illumina_all_merged.qpAdm.snp
genotypename: data/intermediate/illumina_all_merged.qpAdm.geno
popleft: temp/param/left.5g10ekzn
popright: temp/param/right.5g10ekzn
details: YES
## qpWave version: 410
packed geno read OK
end of inpack

left pops:
Monpa
Upper_YR_LN
Sherpa.LC
Dai

right pops:
MbutiPygmy
Anatolia_N
Ami.SG
Mixe.SG
Ganj_Dareh_N
Onge.DG
Villabruna
DevilsGate
aACA

  0                Monpa   20
  1          Upper_YR_LN    7
  2            Sherpa.LC    9
  3                  Dai   10
  4           MbutiPygmy   13
  5           Anatolia_N   25
  6               Ami.SG    2
  7              Mixe.SG    3
  8         Ganj_Dareh_N    7
  9              Onge.DG    2
 10           Villabruna    1
 11           DevilsGate    4
 12                 aACA   32
jackknife block size:     0.050
snps: 222521  indivs: 135
number of blocks for block jackknife: 548
dof (jackknife):   464.279
numsnps used: 78846
f4info: 
f4rank: 0 dof:     24 chisq:  1424.134 tail:      3.43990404e-286 dofdiff:      0 chisqdiff:     0.000 taildiff:                    1

f4info: 
f4rank: 1 dof:     14 chisq:    50.761 tail:       4.55003158e-06 dofdiff:     10 chisqdiff:  1373.373 taildiff:      5.56194738e-289
B:
          scale     1.000 
     Anatolia_N     0.352 
         Ami.SG    -2.143 
        Mixe.SG     0.307 
   Ganj_Dareh_N     0.108 
        Onge.DG    -0.125 
     Villabruna     0.365 
     DevilsGate     0.359 
           aACA     1.703 
A:
          scale   866.000 
    Upper_YR_LN    -0.215 
      Sherpa.LC     0.362 
            Dai    -1.680 

f4info: 
f4rank: 2 dof:      6 chisq:    12.404 tail:         0.0535476899 dofdiff:      8 chisqdiff:    38.358 taildiff:        6.4651963e-06
B:
          scale     1.000     1.000 
     Anatolia_N     0.343     0.159 
         Ami.SG    -2.248     0.065 
        Mixe.SG     0.071     1.066 
   Ganj_Dareh_N     0.145    -0.012 
        Onge.DG    -0.143     0.250 
     Villabruna     0.519    -0.654 
     DevilsGate    -0.153     2.316 
           aACA     1.578     0.989 
A:
          scale   881.054  1667.137 
    Upper_YR_LN    -0.417     1.623 
      Sherpa.LC     0.326     0.316 
            Dai    -1.649    -0.514 

f4info: 
f4rank: 3 dof:      0 chisq:     0.000 tail:                    1 dofdiff:      6 chisqdiff:    12.404 taildiff:         0.0535476899
B:
          scale     1.000     1.000     1.000 
     Anatolia_N    -0.236     0.368     0.902 
         Ami.SG     2.394     0.501     0.902 
        Mixe.SG    -0.001     1.024    -0.121 
   Ganj_Dareh_N     0.031     0.428     1.577 
        Onge.DG     0.213     0.381     0.576 
     Villabruna    -0.440    -0.512     1.124 
     DevilsGate     0.144     2.106    -1.083 
           aACA    -1.398     1.241     1.049 
A:
          scale   855.863  1453.587  3786.417 
    Upper_YR_LN     0.385     1.469    -0.833 
      Sherpa.LC    -0.191     0.887     1.475 
            Dai     1.678    -0.236     0.359 

## end of run
