/home/cliu7/utils/AdmixTools/bin/qpWave: parameter file: temp/param/qpAdm_Monpa.YR_MN.Sherpa.LC.Pathan.paru3wkaq1_
### THE INPUT PARAMETERS
##PARAMETER NAME: VALUE
DIR: data/intermediate
S1: illumina_all_merged.qpAdm
indivname: data/intermediate/illumina_all_merged.qpAdm.grouped2.ind
snpname: data/intermediate/illumina_all_merged.qpAdm.snp
genotypename: data/intermediate/illumina_all_merged.qpAdm.geno
popleft: temp/param/left.u3wkaq1_
popright: temp/param/right.u3wkaq1_
details: YES
## qpWave version: 410
packed geno read OK
end of inpack

left pops:
Monpa
YR_MN
Sherpa.LC
Pathan

right pops:
MbutiPygmy
Anatolia_N
Ami.SG
Mixe.SG
Ganj_Dareh_N
Onge.DG
Villabruna
DevilsGate
aACA

  0                Monpa   20
  1                YR_MN    8
  2            Sherpa.LC    9
  3               Pathan   22
  4           MbutiPygmy   13
  5           Anatolia_N   25
  6               Ami.SG    2
  7              Mixe.SG    3
  8         Ganj_Dareh_N    7
  9              Onge.DG    2
 10           Villabruna    1
 11           DevilsGate    4
 12                 aACA   32
jackknife block size:     0.050
snps: 222521  indivs: 148
number of blocks for block jackknife: 548
dof (jackknife):   463.578
numsnps used: 77915
f4info: 
f4rank: 0 dof:     24 chisq:  7167.444 tail:                    0 dofdiff:      0 chisqdiff:     0.000 taildiff:                    1

f4info: 
f4rank: 1 dof:     14 chisq:   190.220 tail:       5.42300073e-33 dofdiff:     10 chisqdiff:  6977.224 taildiff:                    0
B:
          scale     1.000 
     Anatolia_N    -0.532 
         Ami.SG     1.369 
        Mixe.SG     0.825 
   Ganj_Dareh_N    -0.568 
        Onge.DG     0.580 
     Villabruna    -0.394 
     DevilsGate     1.443 
           aACA     1.505 
A:
          scale   121.280 
          YR_MN     0.026 
      Sherpa.LC     0.039 
         Pathan    -1.731 

f4info: 
f4rank: 2 dof:      6 chisq:     8.627 tail:          0.195657981 dofdiff:      8 chisqdiff:   181.593 taildiff:       4.76517576e-35
B:
          scale     1.000     1.000 
     Anatolia_N    -0.572     0.496 
         Ami.SG     1.362    -1.457 
        Mixe.SG     0.807    -0.091 
   Ganj_Dareh_N    -0.627     0.435 
        Onge.DG     0.560    -0.047 
     Villabruna    -0.424     0.562 
     DevilsGate     1.436    -0.061 
           aACA     1.489     2.261 
A:
          scale   122.218  1803.833 
          YR_MN     0.089    -1.588 
      Sherpa.LC     0.019     0.691 
         Pathan    -1.730    -0.022 

f4info: 
f4rank: 3 dof:      0 chisq:     0.000 tail:                    1 dofdiff:      6 chisqdiff:     8.627 taildiff:          0.195657981
B:
          scale     1.000     1.000     1.000 
     Anatolia_N    -0.593    -0.002     1.481 
         Ami.SG     1.364     1.615     0.021 
        Mixe.SG     0.794     0.417     0.626 
   Ganj_Dareh_N    -0.653     0.327     2.099 
        Onge.DG     0.557     0.203     0.432 
     Villabruna    -0.428    -0.524     0.404 
     DevilsGate     1.429     0.378     0.634 
           aACA     1.482    -2.157     0.507 
A:
          scale   123.474  1818.516  2913.155 
          YR_MN     0.119     1.654     0.499 
      Sherpa.LC     0.050    -0.503     1.657 
         Pathan    -1.727     0.099     0.083 

## end of run
