/home/cliu7/utils/AdmixTools/bin/qpWave: parameter file: temp/param/qpAdm_Monpa.YR_MN.Sherpa.LC.Pulliyar.parb1a5rayt
### THE INPUT PARAMETERS
##PARAMETER NAME: VALUE
DIR: data/intermediate
S1: illumina_all_merged.qpAdm
indivname: data/intermediate/illumina_all_merged.qpAdm.grouped2.ind
snpname: data/intermediate/illumina_all_merged.qpAdm.snp
genotypename: data/intermediate/illumina_all_merged.qpAdm.geno
popleft: temp/param/left.b1a5rayt
popright: temp/param/right.b1a5rayt
details: YES
## qpWave version: 410
packed geno read OK
end of inpack

left pops:
Monpa
YR_MN
Sherpa.LC
Pulliyar

right pops:
MbutiPygmy
Anatolia_N
Ami.SG
Mixe.SG
Ganj_Dareh_N
Onge.DG
Villabruna
DevilsGate
aACA

  0                Monpa   20
  1                YR_MN    8
  2            Sherpa.LC    9
  3             Pulliyar    5
  4           MbutiPygmy   13
  5           Anatolia_N   25
  6               Ami.SG    2
  7              Mixe.SG    3
  8         Ganj_Dareh_N    7
  9              Onge.DG    2
 10           Villabruna    1
 11           DevilsGate    4
 12                 aACA   32
jackknife block size:     0.050
snps: 222521  indivs: 131
number of blocks for block jackknife: 548
dof (jackknife):   464.146
numsnps used: 78810
f4info: 
f4rank: 0 dof:     24 chisq:  3596.443 tail:                    0 dofdiff:      0 chisqdiff:     0.000 taildiff:                    1

f4info: 
f4rank: 1 dof:     14 chisq:   185.830 tail:       4.24095583e-32 dofdiff:     10 chisqdiff:  3410.614 taildiff:                    0
B:
          scale     1.000 
     Anatolia_N    -0.082 
         Ami.SG     1.353 
        Mixe.SG     1.044 
   Ganj_Dareh_N    -0.239 
        Onge.DG     0.303 
     Villabruna    -0.003 
     DevilsGate     1.573 
           aACA     1.565 
A:
          scale   153.668 
          YR_MN     0.020 
      Sherpa.LC     0.070 
       Pulliyar    -1.731 

f4info: 
f4rank: 2 dof:      6 chisq:     6.956 tail:          0.324889922 dofdiff:      8 chisqdiff:   178.873 taildiff:       1.77523703e-34
B:
          scale     1.000     1.000 
     Anatolia_N    -0.142     0.674 
         Ami.SG     1.371    -1.556 
        Mixe.SG     1.014    -0.122 
   Ganj_Dareh_N    -0.295     0.586 
        Onge.DG     0.300    -0.192 
     Villabruna    -0.092     0.709 
     DevilsGate     1.578    -0.176 
           aACA     1.549     2.048 
A:
          scale   157.678  1751.758 
          YR_MN     0.113    -1.600 
      Sherpa.LC     0.044     0.657 
       Pulliyar    -1.728    -0.086 

f4info: 
f4rank: 3 dof:      0 chisq:     0.000 tail:                    1 dofdiff:      6 chisqdiff:     6.956 taildiff:          0.324889922
B:
          scale     1.000     1.000     1.000 
     Anatolia_N    -0.162     0.395     1.268 
         Ami.SG     1.373    -1.612    -0.067 
        Mixe.SG     1.009    -0.261     0.317 
   Ganj_Dareh_N    -0.325     0.028     2.299 
        Onge.DG     0.286    -0.404     0.946 
     Villabruna    -0.091     0.784    -0.051 
     DevilsGate     1.572    -0.305     0.320 
           aACA     1.550     2.075    -0.035 
A:
          scale   159.937  1773.479  3798.091 
          YR_MN     0.150    -1.621     0.592 
      Sherpa.LC     0.081     0.601     1.623 
       Pulliyar    -1.724    -0.113     0.128 

## end of run
