/home/cliu7/utils/AdmixTools/bin/qpAdm: parameter file: temp/param/qpAdm_Nachiring.Upper_YR_LN.Sherpa.LC.Pulliyar.parmy3k7ekf
### THE INPUT PARAMETERS
##PARAMETER NAME: VALUE
DIR: data/intermediate
S1: illumina_all_merged.qpAdm
indivname: data/intermediate/illumina_all_merged.qpAdm.grouped2.ind
snpname: data/intermediate/illumina_all_merged.qpAdm.snp
genotypename: data/intermediate/illumina_all_merged.qpAdm.geno
popleft: temp/param/left.my3k7ekf
popright: temp/param/right.my3k7ekf
details: YES
## qpAdm version: 810
seed: -951661089
packed geno read OK
end of inpack

left pops:
Nachiring
Upper_YR_LN
Sherpa.LC
Pulliyar

right pops:
MbutiPygmy
Anatolia_N
Ami.SG
Mixe.SG
Ganj_Dareh_N
Onge.DG
Villabruna
DevilsGate
aACA

  0            Nachiring    1
  1          Upper_YR_LN    7
  2            Sherpa.LC    9
  3             Pulliyar    5
  4           MbutiPygmy   13
  5           Anatolia_N   25
  6               Ami.SG    2
  7              Mixe.SG    3
  8         Ganj_Dareh_N    7
  9              Onge.DG    2
 10           Villabruna    1
 11           DevilsGate    4
 12                 aACA   32
jackknife block size:     0.050
snps: 222521  indivs: 111
number of blocks for block jackknife: 548
## ncols: 222521
coverage:            Nachiring 222080
coverage:          Upper_YR_LN 221150
coverage:            Sherpa.LC 111582
coverage:             Pulliyar 222521
coverage:           MbutiPygmy 222521
coverage:           Anatolia_N 111256
coverage:               Ami.SG 222521
coverage:              Mixe.SG 222521
coverage:         Ganj_Dareh_N  99721
coverage:              Onge.DG 217231
coverage:           Villabruna  82514
coverage:           DevilsGate 111550
coverage:                 aACA 114355
dof (jackknife):   465.413
numsnps used: 79722
codimension 1
f4info: 
f4rank: 2 dof:      6 chisq:    13.484 tail:         0.0359631333 dofdiff:      8 chisqdiff:   -13.484 taildiff:                    1
B:
          scale     1.000     1.000 
     Anatolia_N    -0.117     0.207 
         Ami.SG     1.327    -0.751 
        Mixe.SG     1.020    -0.016 
   Ganj_Dareh_N    -0.263     0.369 
        Onge.DG     0.313    -0.024 
     Villabruna    -0.082     0.761 
     DevilsGate     1.595    -0.689 
           aACA     1.571     2.490 
A:
          scale   162.072  2969.563 
    Upper_YR_LN     0.202    -1.289 
      Sherpa.LC     0.079     1.113 
       Pulliyar    -1.718     0.318 


full rank
f4info: 
f4rank: 3 dof:      0 chisq:     0.000 tail:                    1 dofdiff:      6 chisqdiff:    13.484 taildiff:         0.0359631333
B:
          scale     1.000     1.000     1.000 
     Anatolia_N    -0.124     0.002     0.210 
         Ami.SG     1.336    -0.249    -1.175 
        Mixe.SG     1.016     0.030    -0.123 
   Ganj_Dareh_N    -0.264    -0.204     0.896 
        Onge.DG     0.298     0.408    -0.866 
     Villabruna    -0.110     0.729     0.270 
     DevilsGate     1.613    -0.827    -0.273 
           aACA     1.548     2.552     2.204 
A:
          scale   166.807  1222.157  1301.537 
    Upper_YR_LN     0.240    -1.297     0.792 
      Sherpa.LC     0.103    -0.615     1.166 
       Pulliyar    -1.712    -0.969     1.007 


best coefficients:     0.439     0.487     0.074 
Jackknife mean:      0.436476728     0.489553116     0.073970156 
      std. errors:     0.153     0.154     0.019 

error covariance (* 1000000)
     23456     -23377        -80 
    -23377      23677       -300 
       -80       -300        380 


summ: Nachiring    3      0.035963     0.436     0.490     0.074 23456 -23377   -80 23677  -300   380 

    fixed pat  wt  dof     chisq       tail prob
          000  0     6    13.484       0.0359631     0.439     0.487     0.074 
          001  1     7    93.655     2.19272e-17    26.405   -25.405    -0.000  infeasible
          010  1     7    23.013      0.00169555     0.922     0.000     0.078 
          100  1     7    21.415      0.00320181     0.000     0.926     0.074 
          011  2     8    35.610      2.0693e-05     1.000     0.000    -0.000 
          101  2     8    34.836     2.86357e-05     0.000     1.000    -0.000 
          110  2     8  1513.495               0     0.000    -0.000     1.000 
best pat:          000        0.0359631              -  -
best pat:          100       0.00320181  chi(nested):     7.931 p-value for nested model:      0.00485872
best pat:          101      2.86357e-05  chi(nested):    13.421 p-value for nested model:     0.000248789

coeffs:     0.439     0.487     0.074 

## dscore:: f_4(Base, Fit, Rbase, right2)
## genstat:: f_4(Base, Fit, right1, right2)

details:     Upper_YR_LN      Anatolia_N    -0.000318   -0.592583
details:       Sherpa.LC      Anatolia_N     0.000242    0.501493
details:        Pulliyar      Anatolia_N     0.001391    2.524884
dscore:      Anatolia_N f4:     0.000081 Z:     0.176664

details:     Upper_YR_LN          Ami.SG     0.001172    1.658855
details:       Sherpa.LC          Ami.SG    -0.000072   -0.113754
details:        Pulliyar          Ami.SG    -0.014668  -20.480287
dscore:          Ami.SG f4:    -0.000604 Z:    -0.987001

details:     Upper_YR_LN         Mixe.SG     0.001021    1.507683
details:       Sherpa.LC         Mixe.SG     0.000546    0.863086
details:        Pulliyar         Mixe.SG    -0.010705  -14.933189
dscore:         Mixe.SG f4:    -0.000077 Z:    -0.128469

details:     Upper_YR_LN    Ganj_Dareh_N     0.000095    0.145720
details:       Sherpa.LC    Ganj_Dareh_N     0.000864    1.427874
details:        Pulliyar    Ganj_Dareh_N     0.003509    5.126064
dscore:    Ganj_Dareh_N f4:     0.000722 Z:     1.259616

details:     Upper_YR_LN         Onge.DG    -0.000833   -1.287539
details:       Sherpa.LC         Onge.DG    -0.000758   -1.305240
details:        Pulliyar         Onge.DG    -0.004162   -6.365346
dscore:         Onge.DG f4:    -0.001042 Z:    -1.879575

details:     Upper_YR_LN      Villabruna    -0.001198   -1.415901
details:       Sherpa.LC      Villabruna    -0.000033   -0.042722
details:        Pulliyar      Villabruna     0.000666    0.742043
dscore:      Villabruna f4:    -0.000493 Z:    -0.667550

details:     Upper_YR_LN      DevilsGate     0.002735    3.599825
details:       Sherpa.LC      DevilsGate     0.001175    1.771255
details:        Pulliyar      DevilsGate    -0.016347  -21.462443
dscore:      DevilsGate f4:     0.000565 Z:     0.869568

details:     Upper_YR_LN            aACA     0.000594    1.021924
details:       Sherpa.LC            aACA     0.001671    3.235222
details:        Pulliyar            aACA    -0.016383  -27.043149
dscore:            aACA f4:    -0.000135 Z:    -0.267862

gendstat:           MbutiPygmy           Anatolia_N     0.177
gendstat:           MbutiPygmy               Ami.SG    -0.987
gendstat:           MbutiPygmy              Mixe.SG    -0.128
gendstat:           MbutiPygmy         Ganj_Dareh_N     1.260
gendstat:           MbutiPygmy              Onge.DG    -1.880
gendstat:           MbutiPygmy           Villabruna    -0.668
gendstat:           MbutiPygmy           DevilsGate     0.870
gendstat:           MbutiPygmy                 aACA    -0.268
gendstat:           Anatolia_N               Ami.SG    -1.304
gendstat:           Anatolia_N              Mixe.SG    -0.297
gendstat:           Anatolia_N         Ganj_Dareh_N     1.380
gendstat:           Anatolia_N              Onge.DG    -2.136
gendstat:           Anatolia_N           Villabruna    -0.965
gendstat:           Anatolia_N           DevilsGate     0.805
gendstat:           Anatolia_N                 aACA    -0.508
gendstat:               Ami.SG              Mixe.SG     0.965
gendstat:               Ami.SG         Ganj_Dareh_N     2.053
gendstat:               Ami.SG              Onge.DG    -0.768
gendstat:               Ami.SG           Villabruna     0.145
gendstat:               Ami.SG           DevilsGate     1.908
gendstat:               Ami.SG                 aACA     1.106
gendstat:              Mixe.SG         Ganj_Dareh_N     1.259
gendstat:              Mixe.SG              Onge.DG    -1.649
gendstat:              Mixe.SG           Villabruna    -0.561
gendstat:              Mixe.SG           DevilsGate     1.060
gendstat:              Mixe.SG                 aACA    -0.128
gendstat:         Ganj_Dareh_N              Onge.DG    -2.836
gendstat:         Ganj_Dareh_N           Villabruna    -1.638
gendstat:         Ganj_Dareh_N           DevilsGate    -0.224
gendstat:         Ganj_Dareh_N                 aACA    -1.560
gendstat:              Onge.DG           Villabruna     0.718
gendstat:              Onge.DG           DevilsGate     2.501
gendstat:              Onge.DG                 aACA     1.837
gendstat:           Villabruna           DevilsGate     1.306
gendstat:           Villabruna                 aACA     0.524
gendstat:           DevilsGate                 aACA    -1.424

## end of run
