/home/cliu7/utils/AdmixTools/bin/qpAdm: parameter file: temp/param/qpAdm_Newar.YR_MN.Sherpa.LC.Pathan.parv_12xehy
### THE INPUT PARAMETERS
##PARAMETER NAME: VALUE
DIR: data/intermediate
S1: illumina_all_merged.qpAdm
indivname: data/intermediate/illumina_all_merged.qpAdm.grouped2.ind
snpname: data/intermediate/illumina_all_merged.qpAdm.snp
genotypename: data/intermediate/illumina_all_merged.qpAdm.geno
popleft: temp/param/left.v_12xehy
popright: temp/param/right.v_12xehy
details: YES
## qpAdm version: 810
seed: -2063219790
packed geno read OK
end of inpack

left pops:
Newar
YR_MN
Sherpa.LC
Pathan

right pops:
MbutiPygmy
Anatolia_N
Ami.SG
Mixe.SG
Ganj_Dareh_N
Onge.DG
Villabruna
DevilsGate
aACA

  0                Newar   17
  1                YR_MN    8
  2            Sherpa.LC    9
  3               Pathan   22
  4           MbutiPygmy   13
  5           Anatolia_N   25
  6               Ami.SG    2
  7              Mixe.SG    3
  8         Ganj_Dareh_N    7
  9              Onge.DG    2
 10           Villabruna    1
 11           DevilsGate    4
 12                 aACA   32
jackknife block size:     0.050
snps: 222521  indivs: 145
number of blocks for block jackknife: 548
## ncols: 222521
coverage:                Newar 222521
coverage:                YR_MN 220932
coverage:            Sherpa.LC 111582
coverage:               Pathan 222521
coverage:           MbutiPygmy 222521
coverage:           Anatolia_N 111256
coverage:               Ami.SG 222521
coverage:              Mixe.SG 222521
coverage:         Ganj_Dareh_N  99721
coverage:              Onge.DG 217231
coverage:           Villabruna  82514
coverage:           DevilsGate 111550
coverage:                 aACA 114355
dof (jackknife):   463.530
numsnps used: 77905
codimension 1
f4info: 
f4rank: 2 dof:      6 chisq:    80.366 tail:       3.00231525e-15 dofdiff:      8 chisqdiff:   -80.366 taildiff:                    1
B:
          scale     1.000     1.000 
     Anatolia_N    -0.598     1.032 
         Ami.SG     1.338    -1.046 
        Mixe.SG     0.800    -0.041 
   Ganj_Dareh_N    -0.628     0.519 
        Onge.DG     0.588    -0.971 
     Villabruna    -0.462     0.490 
     DevilsGate     1.428     0.241 
           aACA     1.489     2.081 
A:
          scale   147.768  1867.328 
          YR_MN     0.801    -1.049 
      Sherpa.LC     0.754     1.257 
         Pathan    -1.338     0.564 


full rank
f4info: 
f4rank: 3 dof:      0 chisq:     0.000 tail:                    1 dofdiff:      6 chisqdiff:    80.366 taildiff:       3.00231525e-15
B:
          scale     1.000     1.000     1.000 
     Anatolia_N    -0.569     1.802    -0.276 
         Ami.SG     1.379    -0.429    -1.441 
        Mixe.SG     0.808     0.103    -0.247 
   Ganj_Dareh_N    -0.606     1.013    -0.105 
        Onge.DG     0.573    -1.295     0.267 
     Villabruna    -0.437     1.033    -0.010 
     DevilsGate     1.444     0.206    -0.185 
           aACA     1.467     0.862     2.381 
A:
          scale   143.119  1455.950  1875.456 
          YR_MN     0.908     0.707    -1.628 
      Sherpa.LC     0.805     1.258     0.405 
         Pathan    -1.236     0.959    -0.430 


best coefficients:     0.434     0.196     0.370 
Jackknife mean:      0.427274414     0.202451039     0.370274547 
      std. errors:     0.069     0.069     0.007 

error covariance (* 1000000)
      4734      -4744          9 
     -4744       4798        -54 
         9        -54         45 


summ: Newar    3      0.000000     0.427     0.202     0.370  4734 -4744     9  4798   -54    45 

    fixed pat  wt  dof     chisq       tail prob
          000  0     6    80.366     3.00232e-15     0.434     0.196     0.370 
          001  1     7   176.990               0    23.650   -22.650     0.000  infeasible
          010  1     7    88.396     2.64008e-16     0.628     0.000     0.372 
          100  1     7   167.081               0    -0.000     0.625     0.375 
          011  2     8  1014.730               0     1.000     0.000    -0.000 
          101  2     8  2030.497               0     0.000     1.000    -0.000 
          110  2     8  4866.343               0     0.000     0.000     1.000 
best pat:          000      3.00232e-15              -  -
best pat:          010      2.64008e-16  chi(nested):     8.031 p-value for nested model:      0.00459956
best pat:          011     9.87387e-214  chi(nested):   926.334 p-value for nested model:    1.85213e-203

coeffs:     0.434     0.196     0.370 

## dscore:: f_4(Base, Fit, Rbase, right2)
## genstat:: f_4(Base, Fit, right1, right2)

details:           YR_MN      Anatolia_N    -0.002428   -6.015037
details:       Sherpa.LC      Anatolia_N    -0.001508   -5.264850
details:          Pathan      Anatolia_N     0.006236   26.414195
dscore:      Anatolia_N f4:     0.000960 Z:     4.432161

details:           YR_MN          Ami.SG     0.009973   19.799518
details:       Sherpa.LC          Ami.SG     0.007309   19.995114
details:          Pathan          Ami.SG    -0.011802  -37.825092
dscore:          Ami.SG f4:     0.001389 Z:     5.243098

details:           YR_MN         Mixe.SG     0.005552   10.293126
details:       Sherpa.LC         Mixe.SG     0.004866   12.870709
details:          Pathan         Mixe.SG    -0.006763  -20.281757
dscore:         Mixe.SG f4:     0.000858 Z:     2.960552

details:           YR_MN    Ganj_Dareh_N    -0.003130   -5.892559
details:       Sherpa.LC    Ganj_Dareh_N    -0.002321   -6.787377
details:          Pathan    Ganj_Dareh_N     0.006061   20.900369
dscore:    Ganj_Dareh_N f4:     0.000431 Z:     1.565114

details:           YR_MN         Onge.DG     0.002777    5.500552
details:       Sherpa.LC         Onge.DG     0.002400    6.843247
details:          Pathan         Onge.DG    -0.005786  -18.857303
dscore:         Onge.DG f4:    -0.000467 Z:    -1.775181

details:           YR_MN      Villabruna    -0.002148   -3.488031
details:       Sherpa.LC      Villabruna    -0.001129   -2.492790
details:          Pathan      Villabruna     0.004638   12.343050
dscore:      Villabruna f4:     0.000564 Z:     1.720506

details:           YR_MN      DevilsGate     0.009526   17.001642
details:       Sherpa.LC      DevilsGate     0.008538   23.368413
details:          Pathan      DevilsGate    -0.012248  -35.965052
dscore:      DevilsGate f4:     0.001271 Z:     4.333512

details:           YR_MN            aACA     0.007799   17.479883
details:       Sherpa.LC            aACA     0.009738   32.047706
details:          Pathan            aACA    -0.012592  -44.654328
dscore:            aACA f4:     0.000629 Z:     2.596013

gendstat:           MbutiPygmy           Anatolia_N     4.432
gendstat:           MbutiPygmy               Ami.SG     5.243
gendstat:           MbutiPygmy              Mixe.SG     2.961
gendstat:           MbutiPygmy         Ganj_Dareh_N     1.565
gendstat:           MbutiPygmy              Onge.DG    -1.775
gendstat:           MbutiPygmy           Villabruna     1.721
gendstat:           MbutiPygmy           DevilsGate     4.334
gendstat:           MbutiPygmy                 aACA     2.596
gendstat:           Anatolia_N               Ami.SG     1.715
gendstat:           Anatolia_N              Mixe.SG    -0.403
gendstat:           Anatolia_N         Ganj_Dareh_N    -2.337
gendstat:           Anatolia_N              Onge.DG    -5.898
gendstat:           Anatolia_N           Villabruna    -1.397
gendstat:           Anatolia_N           DevilsGate     1.142
gendstat:           Anatolia_N                 aACA    -1.585
gendstat:               Ami.SG              Mixe.SG    -2.009
gendstat:               Ami.SG         Ganj_Dareh_N    -3.176
gendstat:               Ami.SG              Onge.DG    -6.884
gendstat:               Ami.SG           Villabruna    -2.460
gendstat:               Ami.SG           DevilsGate    -0.481
gendstat:               Ami.SG                 aACA    -3.917
gendstat:              Mixe.SG         Ganj_Dareh_N    -1.387
gendstat:              Mixe.SG              Onge.DG    -4.378
gendstat:              Mixe.SG           Villabruna    -0.861
gendstat:              Mixe.SG           DevilsGate     1.512
gendstat:              Mixe.SG                 aACA    -1.085
gendstat:         Ganj_Dareh_N              Onge.DG    -3.004
gendstat:         Ganj_Dareh_N           Villabruna     0.382
gendstat:         Ganj_Dareh_N           DevilsGate     2.483
gendstat:         Ganj_Dareh_N                 aACA     0.718
gendstat:              Onge.DG           Villabruna     2.977
gendstat:              Onge.DG           DevilsGate     5.870
gendstat:              Onge.DG                 aACA     4.681
gendstat:           Villabruna           DevilsGate     2.016
gendstat:           Villabruna                 aACA     0.210
gendstat:           DevilsGate                 aACA    -3.010

## end of run
