/home/cliu7/utils/AdmixTools/bin/qpAdm: parameter file: temp/param/qpAdm_Newar.Upper_YR_LN.Sherpa.LC.Pathan.par7626so7j
### THE INPUT PARAMETERS
##PARAMETER NAME: VALUE
DIR: data/intermediate
S1: illumina_all_merged.qpAdm
indivname: data/intermediate/illumina_all_merged.qpAdm.grouped2.ind
snpname: data/intermediate/illumina_all_merged.qpAdm.snp
genotypename: data/intermediate/illumina_all_merged.qpAdm.geno
popleft: temp/param/left.7626so7j
popright: temp/param/right.7626so7j
details: YES
## qpAdm version: 810
seed: 1856144737
packed geno read OK
end of inpack

left pops:
Newar
Upper_YR_LN
Sherpa.LC
Pathan

right pops:
MbutiPygmy
Anatolia_N
Ami.SG
Mixe.SG
Ganj_Dareh_N
Onge.DG
Villabruna
DevilsGate
aACA

  0                Newar   17
  1          Upper_YR_LN    7
  2            Sherpa.LC    9
  3               Pathan   22
  4           MbutiPygmy   13
  5           Anatolia_N   25
  6               Ami.SG    2
  7              Mixe.SG    3
  8         Ganj_Dareh_N    7
  9              Onge.DG    2
 10           Villabruna    1
 11           DevilsGate    4
 12                 aACA   32
jackknife block size:     0.050
snps: 222521  indivs: 144
number of blocks for block jackknife: 548
## ncols: 222521
coverage:                Newar 222521
coverage:          Upper_YR_LN 221150
coverage:            Sherpa.LC 111582
coverage:               Pathan 222521
coverage:           MbutiPygmy 222521
coverage:           Anatolia_N 111256
coverage:               Ami.SG 222521
coverage:              Mixe.SG 222521
coverage:         Ganj_Dareh_N  99721
coverage:              Onge.DG 217231
coverage:           Villabruna  82514
coverage:           DevilsGate 111550
coverage:                 aACA 114355
dof (jackknife):   463.682
numsnps used: 77803
codimension 1
f4info: 
f4rank: 2 dof:      6 chisq:    62.446 tail:       1.43113337e-11 dofdiff:      8 chisqdiff:   -62.446 taildiff:                    1
B:
          scale     1.000     1.000 
     Anatolia_N    -0.585     1.682 
         Ami.SG     1.329    -0.377 
        Mixe.SG     0.810     0.090 
   Ganj_Dareh_N    -0.621     0.997 
        Onge.DG     0.576    -1.157 
     Villabruna    -0.455     0.759 
     DevilsGate     1.445     0.226 
           aACA     1.491     1.435 
A:
          scale   145.863  1786.380 
    Upper_YR_LN     0.803     0.239 
      Sherpa.LC     0.807     1.521 
         Pathan    -1.305     0.794 


full rank
f4info: 
f4rank: 3 dof:      0 chisq:     0.000 tail:                    1 dofdiff:      6 chisqdiff:    62.446 taildiff:       1.43113337e-11
B:
          scale     1.000     1.000     1.000 
     Anatolia_N    -0.558     1.849    -0.406 
         Ami.SG     1.346    -0.456    -0.522 
        Mixe.SG     0.810     0.113    -0.219 
   Ganj_Dareh_N    -0.604     1.059    -0.069 
        Onge.DG     0.561    -1.355     0.327 
     Villabruna    -0.443     0.930     0.304 
     DevilsGate     1.472     0.334    -0.741 
           aACA     1.476     0.654     2.600 
A:
          scale   143.474  1340.156  2888.540 
    Upper_YR_LN     0.918     0.976    -1.465 
      Sherpa.LC     0.799     1.074     0.808 
         Pathan    -1.233     0.946    -0.450 


best coefficients:     0.971    -0.351     0.380 
Jackknife mean:      0.914775204    -0.295128889     0.380353685 
      std. errors:     0.229     0.230     0.010 

error covariance (* 1000000)
     52441     -52619        178 
    -52619      52899       -280 
       178       -280        102 


summ: Newar    3      0.000000     0.915    -0.295     0.380 52441 -52619   178 52899  -280   102 

    fixed pat  wt  dof     chisq       tail prob
          000  0     6    62.446     1.43113e-11     0.971    -0.351     0.380  infeasible
          001  1     7    89.790     1.36638e-16    56.096   -55.096     0.000  infeasible
          010  1     7    76.792     6.19963e-14     0.623     0.000     0.377 
          100  1     7   168.036               0    -0.000     0.625     0.375 
          011  2     8  1320.050               0     1.000     0.000    -0.000 
          101  2     8  2030.731               0     0.000     1.000    -0.000 
          110  2     8  4858.134               0     0.000     0.000     1.000 
best pat:          000      1.43113e-11              -  -
best pat:          010      6.19963e-14  chi(nested):    14.346 p-value for nested model:     0.000152109
best pat:          011     1.08954e-279  chi(nested):  1243.258 p-value for nested model:    2.42446e-272

coeffs:     0.971    -0.351     0.380 

## dscore:: f_4(Base, Fit, Rbase, right2)
## genstat:: f_4(Base, Fit, right1, right2)

details:     Upper_YR_LN      Anatolia_N    -0.002062   -5.226220
details:       Sherpa.LC      Anatolia_N    -0.001493   -5.241974
details:          Pathan      Anatolia_N     0.006216   26.244212
dscore:      Anatolia_N f4:     0.000886 Z:     2.330584

details:     Upper_YR_LN          Ami.SG     0.008608   18.510657
details:       Sherpa.LC          Ami.SG     0.007331   19.978438
details:          Pathan          Ami.SG    -0.011778  -37.688447
dscore:          Ami.SG f4:     0.001305 Z:     2.939756

details:     Upper_YR_LN         Mixe.SG     0.005390   11.724057
details:       Sherpa.LC         Mixe.SG     0.004901   12.921849
details:          Pathan         Mixe.SG    -0.006757  -20.250428
dscore:         Mixe.SG f4:     0.000943 Z:     2.171783

details:     Upper_YR_LN    Ganj_Dareh_N    -0.003046   -6.670596
details:       Sherpa.LC    Ganj_Dareh_N    -0.002266   -6.649324
details:          Pathan    Ganj_Dareh_N     0.006044   20.755321
dscore:    Ganj_Dareh_N f4:     0.000136 Z:     0.303184

details:     Upper_YR_LN         Onge.DG     0.002352    4.856488
details:       Sherpa.LC         Onge.DG     0.002407    6.893666
details:          Pathan         Onge.DG    -0.005787  -18.900812
dscore:         Onge.DG f4:    -0.000763 Z:    -1.654187

details:     Upper_YR_LN      Villabruna    -0.002308   -3.975115
details:       Sherpa.LC      Villabruna    -0.001106   -2.437589
details:          Pathan      Villabruna     0.004594   12.189243
dscore:      Villabruna f4:    -0.000106 Z:    -0.188978

details:     Upper_YR_LN      DevilsGate     0.010187   19.322875
details:       Sherpa.LC      DevilsGate     0.008565   23.332671
details:          Pathan      DevilsGate    -0.012248  -35.977832
dscore:      DevilsGate f4:     0.002226 Z:     4.409296

details:     Upper_YR_LN            aACA     0.008662   21.519771
details:       Sherpa.LC            aACA     0.009759   31.978441
details:          Pathan            aACA    -0.012595  -44.744079
dscore:            aACA f4:     0.000193 Z:     0.513723

gendstat:           MbutiPygmy           Anatolia_N     2.331
gendstat:           MbutiPygmy               Ami.SG     2.940
gendstat:           MbutiPygmy              Mixe.SG     2.172
gendstat:           MbutiPygmy         Ganj_Dareh_N     0.303
gendstat:           MbutiPygmy              Onge.DG    -1.654
gendstat:           MbutiPygmy           Villabruna    -0.189
gendstat:           MbutiPygmy           DevilsGate     4.409
gendstat:           MbutiPygmy                 aACA     0.514
gendstat:           Anatolia_N               Ami.SG     1.071
gendstat:           Anatolia_N              Mixe.SG     0.147
gendstat:           Anatolia_N         Ganj_Dareh_N    -2.065
gendstat:           Anatolia_N              Onge.DG    -4.119
gendstat:           Anatolia_N           Villabruna    -2.088
gendstat:           Anatolia_N           DevilsGate     3.018
gendstat:           Anatolia_N                 aACA    -2.149
gendstat:               Ami.SG              Mixe.SG    -0.861
gendstat:               Ami.SG         Ganj_Dareh_N    -2.477
gendstat:               Ami.SG              Onge.DG    -4.687
gendstat:               Ami.SG           Villabruna    -2.517
gendstat:               Ami.SG           DevilsGate     2.120
gendstat:               Ami.SG                 aACA    -3.617
gendstat:              Mixe.SG         Ganj_Dareh_N    -1.676
gendstat:              Mixe.SG              Onge.DG    -3.649
gendstat:              Mixe.SG           Villabruna    -1.801
gendstat:              Mixe.SG           DevilsGate     2.870
gendstat:              Mixe.SG                 aACA    -2.287
gendstat:         Ganj_Dareh_N              Onge.DG    -1.893
gendstat:         Ganj_Dareh_N           Villabruna    -0.433
gendstat:         Ganj_Dareh_N           DevilsGate     3.970
gendstat:         Ganj_Dareh_N                 aACA     0.134
gendstat:              Onge.DG           Villabruna     1.113
gendstat:              Onge.DG           DevilsGate     6.021
gendstat:              Onge.DG                 aACA     2.623
gendstat:           Villabruna           DevilsGate     3.793
gendstat:           Villabruna                 aACA     0.567
gendstat:           DevilsGate                 aACA    -5.390

## end of run
