/home/cliu7/utils/AdmixTools/bin/qpWave: parameter file: temp/param/qpAdm_Nyingchi.Upper_YR_LN.Sherpa.LC.Pulliyar.par68_69ek2
### THE INPUT PARAMETERS
##PARAMETER NAME: VALUE
DIR: data/intermediate
S1: illumina_all_merged.qpAdm
indivname: data/intermediate/illumina_all_merged.qpAdm.grouped2.ind
snpname: data/intermediate/illumina_all_merged.qpAdm.snp
genotypename: data/intermediate/illumina_all_merged.qpAdm.geno
popleft: temp/param/left.68_69ek2
popright: temp/param/right.68_69ek2
details: YES
## qpWave version: 410
packed geno read OK
end of inpack

left pops:
Nyingchi
Upper_YR_LN
Sherpa.LC
Pulliyar

right pops:
MbutiPygmy
Anatolia_N
Ami.SG
Mixe.SG
Ganj_Dareh_N
Onge.DG
Villabruna
DevilsGate
aACA

  0             Nyingchi   20
  1          Upper_YR_LN    7
  2            Sherpa.LC    9
  3             Pulliyar    5
  4           MbutiPygmy   13
  5           Anatolia_N   25
  6               Ami.SG    2
  7              Mixe.SG    3
  8         Ganj_Dareh_N    7
  9              Onge.DG    2
 10           Villabruna    1
 11           DevilsGate    4
 12                 aACA   32
jackknife block size:     0.050
snps: 222521  indivs: 130
number of blocks for block jackknife: 548
dof (jackknife):   464.145
numsnps used: 78472
f4info: 
f4rank: 0 dof:     24 chisq:  3675.474 tail:                    0 dofdiff:      0 chisqdiff:     0.000 taildiff:                    1

f4info: 
f4rank: 1 dof:     14 chisq:    99.098 tail:        7.0599087e-15 dofdiff:     10 chisqdiff:  3576.376 taildiff:                    0
B:
          scale     1.000 
     Anatolia_N    -0.133 
         Ami.SG     1.321 
        Mixe.SG     1.036 
   Ganj_Dareh_N    -0.272 
        Onge.DG     0.283 
     Villabruna    -0.088 
     DevilsGate     1.586 
           aACA     1.578 
A:
          scale   152.707 
    Upper_YR_LN     0.010 
      Sherpa.LC     0.036 
       Pulliyar    -1.732 

f4info: 
f4rank: 2 dof:      6 chisq:     9.941 tail:          0.127151553 dofdiff:      8 chisqdiff:    89.157 taildiff:       6.89655616e-16
B:
          scale     1.000     1.000 
     Anatolia_N    -0.127     0.592 
         Ami.SG     1.334    -0.621 
        Mixe.SG     1.022     0.089 
   Ganj_Dareh_N    -0.269     0.729 
        Onge.DG     0.302     0.329 
     Villabruna    -0.082     1.176 
     DevilsGate     1.585    -0.948 
           aACA     1.574     2.082 
A:
          scale   153.526  2500.495 
    Upper_YR_LN     0.078    -1.602 
      Sherpa.LC     0.010     0.656 
       Pulliyar    -1.730    -0.056 

f4info: 
f4rank: 3 dof:      0 chisq:     0.000 tail:                    1 dofdiff:      6 chisqdiff:     9.941 taildiff:          0.127151553
B:
          scale     1.000     1.000     1.000 
     Anatolia_N    -0.141     0.294     1.527 
         Ami.SG     1.338    -0.704    -0.457 
        Mixe.SG     1.034     0.175    -1.263 
   Ganj_Dareh_N    -0.273     0.536     1.134 
        Onge.DG     0.310     0.300    -0.496 
     Villabruna    -0.096     1.225     0.401 
     DevilsGate     1.572    -1.321     1.457 
           aACA     1.572     1.940     0.219 
A:
          scale   154.511  2488.007  6633.352 
    Upper_YR_LN     0.087    -1.632     0.574 
      Sherpa.LC     0.021     0.576     1.633 
       Pulliyar    -1.730    -0.075     0.049 

## end of run
