/home/cliu7/utils/AdmixTools/bin/qpAdm: parameter file: temp/param/qpAdm_Nyingchi.YR_MN.Sherpa.LC.Pulliyar.par4oh7br24
### THE INPUT PARAMETERS
##PARAMETER NAME: VALUE
DIR: data/intermediate
S1: illumina_all_merged.qpAdm
indivname: data/intermediate/illumina_all_merged.qpAdm.grouped2.ind
snpname: data/intermediate/illumina_all_merged.qpAdm.snp
genotypename: data/intermediate/illumina_all_merged.qpAdm.geno
popleft: temp/param/left.4oh7br24
popright: temp/param/right.4oh7br24
details: YES
## qpAdm version: 810
seed: -386154990
packed geno read OK
end of inpack

left pops:
Nyingchi
YR_MN
Sherpa.LC
Pulliyar

right pops:
MbutiPygmy
Anatolia_N
Ami.SG
Mixe.SG
Ganj_Dareh_N
Onge.DG
Villabruna
DevilsGate
aACA

  0             Nyingchi   20
  1                YR_MN    8
  2            Sherpa.LC    9
  3             Pulliyar    5
  4           MbutiPygmy   13
  5           Anatolia_N   25
  6               Ami.SG    2
  7              Mixe.SG    3
  8         Ganj_Dareh_N    7
  9              Onge.DG    2
 10           Villabruna    1
 11           DevilsGate    4
 12                 aACA   32
jackknife block size:     0.050
snps: 222521  indivs: 131
number of blocks for block jackknife: 548
## ncols: 222521
coverage:             Nyingchi 222521
coverage:                YR_MN 220932
coverage:            Sherpa.LC 111582
coverage:             Pulliyar 222521
coverage:           MbutiPygmy 222521
coverage:           Anatolia_N 111256
coverage:               Ami.SG 222521
coverage:              Mixe.SG 222521
coverage:         Ganj_Dareh_N  99721
coverage:              Onge.DG 217231
coverage:           Villabruna  82514
coverage:           DevilsGate 111550
coverage:                 aACA 114355
dof (jackknife):   463.929
numsnps used: 78559
codimension 1
f4info: 
f4rank: 2 dof:      6 chisq:     5.009 tail:          0.542687026 dofdiff:      8 chisqdiff:    -5.009 taildiff:                    1
B:
          scale     1.000     1.000 
     Anatolia_N    -0.138     0.444 
         Ami.SG     1.349    -1.428 
        Mixe.SG     1.025    -0.042 
   Ganj_Dareh_N    -0.278     0.260 
        Onge.DG     0.308    -0.261 
     Villabruna    -0.088     0.455 
     DevilsGate     1.574    -0.035 
           aACA     1.566     2.327 
A:
          scale   154.651  1659.023 
          YR_MN     0.116    -1.677 
      Sherpa.LC    -0.002     0.416 
       Pulliyar    -1.728    -0.123 


full rank
f4info: 
f4rank: 3 dof:      0 chisq:     0.000 tail:                    1 dofdiff:      6 chisqdiff:     5.009 taildiff:          0.542687026
B:
          scale     1.000     1.000     1.000 
     Anatolia_N    -0.108     0.482    -0.403 
         Ami.SG     1.335    -1.569    -1.247 
        Mixe.SG     1.011    -0.221     0.555 
   Ganj_Dareh_N    -0.251     0.339    -0.415 
        Onge.DG     0.305    -0.255    -0.135 
     Villabruna    -0.071     0.508    -0.099 
     DevilsGate     1.576    -0.191    -0.007 
           aACA     1.594     2.186     2.403 
A:
          scale   157.809  1560.480  2397.793 
          YR_MN     0.124    -1.185    -0.678 
      Sherpa.LC     0.037     0.932    -0.962 
       Pulliyar    -1.727     0.852    -1.271 


best coefficients:     0.196     0.792     0.012 
Jackknife mean:      0.196275182     0.791586017     0.012138801 
      std. errors:     0.042     0.041     0.009 

error covariance (* 1000000)
      1746      -1656        -90 
     -1656       1641         15 
       -90         15         76 


summ: Nyingchi    3      0.542687     0.196     0.792     0.012  1746 -1656   -90  1641    15    76 

    fixed pat  wt  dof     chisq       tail prob
          000  0     6     5.009        0.542687     0.196     0.792     0.012 
          001  1     7   178.345               0     0.658     0.342    -0.000 
          010  1     7   138.034     1.31174e-26     1.014     0.000    -0.014  infeasible
          100  1     7    23.118      0.00162573    -0.000     0.981     0.019 
          011  2     8   138.947     3.92901e-26     1.000     0.000    -0.000 
          101  2     8    26.743      0.00078304     0.000     1.000    -0.000 
          110  2     8  3246.684               0     0.000     0.000     1.000 
best pat:          000         0.542687              -  -
best pat:          100       0.00162573  chi(nested):    18.109 p-value for nested model:     2.08579e-05
best pat:          101       0.00078304  chi(nested):     3.625 p-value for nested model:         0.05693

coeffs:     0.196     0.792     0.012 

## dscore:: f_4(Base, Fit, Rbase, right2)
## genstat:: f_4(Base, Fit, right1, right2)

details:           YR_MN      Anatolia_N    -0.000506   -1.400064
details:       Sherpa.LC      Anatolia_N     0.000406    1.774410
details:        Pulliyar      Anatolia_N     0.001576    4.032667
dscore:      Anatolia_N f4:     0.000241 Z:     1.209997

details:           YR_MN          Ami.SG     0.002531    5.525037
details:       Sherpa.LC          Ami.SG    -0.000110   -0.361726
details:        Pulliyar          Ami.SG    -0.014974  -30.588210
dscore:          Ami.SG f4:     0.000227 Z:     0.857991

details:           YR_MN         Mixe.SG     0.000531    1.121843
details:       Sherpa.LC         Mixe.SG    -0.000149   -0.491338
details:        Pulliyar         Mixe.SG    -0.011589  -22.260428
dscore:         Mixe.SG f4:    -0.000154 Z:    -0.578102

details:           YR_MN    Ganj_Dareh_N    -0.000471   -0.988805
details:       Sherpa.LC    Ganj_Dareh_N     0.000331    1.137052
details:        Pulliyar    Ganj_Dareh_N     0.003087    6.531458
dscore:    Ganj_Dareh_N f4:     0.000207 Z:     0.810325

details:           YR_MN         Onge.DG     0.000347    0.760935
details:       Sherpa.LC         Onge.DG    -0.000027   -0.089851
details:        Pulliyar         Onge.DG    -0.003474   -7.335534
dscore:         Onge.DG f4:     0.000005 Z:     0.018943

details:           YR_MN      Villabruna    -0.000668   -1.144973
details:       Sherpa.LC      Villabruna     0.000343    0.949436
details:        Pulliyar      Villabruna     0.001073    1.736595
dscore:      Villabruna f4:     0.000154 Z:     0.491842

details:           YR_MN      DevilsGate     0.001213    2.385762
details:       Sherpa.LC      DevilsGate     0.000234    0.730738
details:        Pulliyar      DevilsGate    -0.017565  -32.911215
dscore:      DevilsGate f4:     0.000211 Z:     0.752876

details:           YR_MN            aACA    -0.001218   -3.174746
details:       Sherpa.LC            aACA     0.000706    2.867281
details:        Pulliyar            aACA    -0.017666  -40.985728
dscore:            aACA f4:     0.000108 Z:     0.502598

gendstat:           MbutiPygmy           Anatolia_N     1.210
gendstat:           MbutiPygmy               Ami.SG     0.858
gendstat:           MbutiPygmy              Mixe.SG    -0.578
gendstat:           MbutiPygmy         Ganj_Dareh_N     0.810
gendstat:           MbutiPygmy              Onge.DG     0.019
gendstat:           MbutiPygmy           Villabruna     0.492
gendstat:           MbutiPygmy           DevilsGate     0.753
gendstat:           MbutiPygmy                 aACA     0.503
gendstat:           Anatolia_N               Ami.SG    -0.054
gendstat:           Anatolia_N              Mixe.SG    -1.596
gendstat:           Anatolia_N         Ganj_Dareh_N    -0.155
gendstat:           Anatolia_N              Onge.DG    -0.916
gendstat:           Anatolia_N           Villabruna    -0.327
gendstat:           Anatolia_N           DevilsGate    -0.115
gendstat:           Anatolia_N                 aACA    -0.688
gendstat:               Ami.SG              Mixe.SG    -1.467
gendstat:               Ami.SG         Ganj_Dareh_N    -0.070
gendstat:               Ami.SG              Onge.DG    -0.794
gendstat:               Ami.SG           Villabruna    -0.210
gendstat:               Ami.SG           DevilsGate    -0.064
gendstat:               Ami.SG                 aACA    -0.594
gendstat:              Mixe.SG         Ganj_Dareh_N     1.219
gendstat:              Mixe.SG              Onge.DG     0.550
gendstat:              Mixe.SG           Villabruna     0.898
gendstat:              Mixe.SG           DevilsGate     1.352
gendstat:              Mixe.SG                 aACA     1.250
gendstat:         Ganj_Dareh_N              Onge.DG    -0.684
gendstat:         Ganj_Dareh_N           Villabruna    -0.157
gendstat:         Ganj_Dareh_N           DevilsGate     0.012
gendstat:         Ganj_Dareh_N                 aACA    -0.388
gendstat:              Onge.DG           Villabruna     0.439
gendstat:              Onge.DG           DevilsGate     0.699
gendstat:              Onge.DG                 aACA     0.423
gendstat:           Villabruna           DevilsGate     0.166
gendstat:           Villabruna                 aACA    -0.153
gendstat:           DevilsGate                 aACA    -0.453

## end of run
