/home/cliu7/utils/AdmixTools/bin/qpWave: parameter file: temp/param/qpAdm_Nyingchi.YR_MN.Sherpa.LC.Dai.parg9m3hlm4
### THE INPUT PARAMETERS
##PARAMETER NAME: VALUE
DIR: data/intermediate
S1: illumina_all_merged.qpAdm
indivname: data/intermediate/illumina_all_merged.qpAdm.grouped2.ind
snpname: data/intermediate/illumina_all_merged.qpAdm.snp
genotypename: data/intermediate/illumina_all_merged.qpAdm.geno
popleft: temp/param/left.g9m3hlm4
popright: temp/param/right.g9m3hlm4
details: YES
## qpWave version: 410
packed geno read OK
end of inpack

left pops:
Nyingchi
YR_MN
Sherpa.LC
Dai

right pops:
MbutiPygmy
Anatolia_N
Ami.SG
Mixe.SG
Ganj_Dareh_N
Onge.DG
Villabruna
DevilsGate
aACA

  0             Nyingchi   20
  1                YR_MN    8
  2            Sherpa.LC    9
  3                  Dai   10
  4           MbutiPygmy   13
  5           Anatolia_N   25
  6               Ami.SG    2
  7              Mixe.SG    3
  8         Ganj_Dareh_N    7
  9              Onge.DG    2
 10           Villabruna    1
 11           DevilsGate    4
 12                 aACA   32
jackknife block size:     0.050
snps: 222521  indivs: 136
number of blocks for block jackknife: 548
dof (jackknife):   463.955
numsnps used: 78667
f4info: 
f4rank: 0 dof:     24 chisq:  1578.010 tail:      4.09555717e-319 dofdiff:      0 chisqdiff:     0.000 taildiff:                    1

f4info: 
f4rank: 1 dof:     14 chisq:    29.654 tail:        0.00851528044 dofdiff:     10 chisqdiff:  1548.356 taildiff:                    0
B:
          scale     1.000 
     Anatolia_N     0.357 
         Ami.SG    -2.079 
        Mixe.SG     0.367 
   Ganj_Dareh_N     0.218 
        Onge.DG    -0.008 
     Villabruna     0.366 
     DevilsGate     0.352 
           aACA     1.763 
A:
          scale   745.552 
          YR_MN    -0.716 
      Sherpa.LC     0.201 
            Dai    -1.564 

f4info: 
f4rank: 2 dof:      6 chisq:     6.558 tail:           0.36363735 dofdiff:      8 chisqdiff:    23.095 taildiff:        0.00324403874
B:
          scale     1.000     1.000 
     Anatolia_N     0.409    -0.591 
         Ami.SG    -2.140     0.181 
        Mixe.SG     0.194     1.522 
   Ganj_Dareh_N     0.264    -0.639 
        Onge.DG    -0.089     0.574 
     Villabruna     0.384    -0.744 
     DevilsGate     0.128     1.949 
           aACA     1.725     0.458 
A:
          scale   753.897  2854.953 
          YR_MN    -0.733     1.417 
      Sherpa.LC     0.191    -0.439 
            Dai    -1.558    -0.894 

f4info: 
f4rank: 3 dof:      0 chisq:     0.000 tail:                    1 dofdiff:      6 chisqdiff:     6.558 taildiff:           0.36363735
B:
          scale     1.000     1.000     1.000 
     Anatolia_N     0.367    -0.227     1.244 
         Ami.SG    -2.210     0.580     1.280 
        Mixe.SG     0.234     1.285    -0.956 
   Ganj_Dareh_N     0.241    -0.382     1.094 
        Onge.DG    -0.062     0.483    -0.130 
     Villabruna     0.353    -0.526     1.072 
     DevilsGate     0.074     2.184     0.442 
           aACA     1.653     0.732     1.158 
A:
          scale   746.578  2655.337  6381.951 
          YR_MN    -0.741     1.565    -0.038 
      Sherpa.LC     0.163     0.119     1.720 
            Dai    -1.557    -0.732     0.198 

## end of run
