/home/cliu7/utils/AdmixTools/bin/qpAdm: parameter file: temp/param/qpAdm_Puma.Upper_YR_LN.Sherpa.LC.Pathan.par2prwptwq
### THE INPUT PARAMETERS
##PARAMETER NAME: VALUE
DIR: data/intermediate
S1: illumina_all_merged.qpAdm
indivname: data/intermediate/illumina_all_merged.qpAdm.grouped2.ind
snpname: data/intermediate/illumina_all_merged.qpAdm.snp
genotypename: data/intermediate/illumina_all_merged.qpAdm.geno
popleft: temp/param/left.2prwptwq
popright: temp/param/right.2prwptwq
details: YES
## qpAdm version: 810
seed: -1949689697
packed geno read OK
end of inpack

left pops:
Puma
Upper_YR_LN
Sherpa.LC
Pathan

right pops:
MbutiPygmy
Anatolia_N
Ami.SG
Mixe.SG
Ganj_Dareh_N
Onge.DG
Villabruna
DevilsGate
aACA

  0                 Puma    1
  1          Upper_YR_LN    7
  2            Sherpa.LC    9
  3               Pathan   22
  4           MbutiPygmy   13
  5           Anatolia_N   25
  6               Ami.SG    2
  7              Mixe.SG    3
  8         Ganj_Dareh_N    7
  9              Onge.DG    2
 10           Villabruna    1
 11           DevilsGate    4
 12                 aACA   32
jackknife block size:     0.050
snps: 222521  indivs: 128
number of blocks for block jackknife: 548
## ncols: 222521
coverage:                 Puma 219564
coverage:          Upper_YR_LN 221150
coverage:            Sherpa.LC 111582
coverage:               Pathan 222521
coverage:           MbutiPygmy 222521
coverage:           Anatolia_N 111256
coverage:               Ami.SG 222521
coverage:              Mixe.SG 222521
coverage:         Ganj_Dareh_N  99721
coverage:              Onge.DG 217231
coverage:           Villabruna  82514
coverage:           DevilsGate 111550
coverage:                 aACA 114355
dof (jackknife):   463.701
numsnps used: 76941
codimension 1
f4info: 
f4rank: 2 dof:      6 chisq:    14.807 tail:         0.0218121064 dofdiff:      8 chisqdiff:   -14.807 taildiff:                    1
B:
          scale     1.000     1.000 
     Anatolia_N    -0.549    -0.181 
         Ami.SG     1.348    -0.643 
        Mixe.SG     0.826    -0.149 
   Ganj_Dareh_N    -0.600     0.015 
        Onge.DG     0.568     0.044 
     Villabruna    -0.421     0.354 
     DevilsGate     1.458    -0.698 
           aACA     1.488     2.630 
A:
          scale   120.750  3042.623 
    Upper_YR_LN     0.085    -1.209 
      Sherpa.LC    -0.016     1.240 
         Pathan    -1.730     0.030 


full rank
f4info: 
f4rank: 3 dof:      0 chisq:     0.000 tail:                    1 dofdiff:      6 chisqdiff:    14.807 taildiff:         0.0218121064
B:
          scale     1.000     1.000     1.000 
     Anatolia_N    -0.544    -0.571     0.307 
         Ami.SG     1.353    -0.160    -0.986 
        Mixe.SG     0.819     0.227    -0.984 
   Ganj_Dareh_N    -0.593    -0.369     0.565 
        Onge.DG     0.565     0.521    -0.950 
     Villabruna    -0.424     0.319     0.116 
     DevilsGate     1.474    -0.626    -0.101 
           aACA     1.476     2.588     2.173 
A:
          scale   125.097  1143.961  1479.439 
    Upper_YR_LN     0.166    -1.372     0.931 
      Sherpa.LC     0.038    -0.493     1.146 
         Pathan    -1.724    -0.935     0.905 


best coefficients:     0.496     0.484     0.020 
Jackknife mean:      0.495285039     0.484876876     0.019838084 
      std. errors:     0.159     0.160     0.013 

error covariance (* 1000000)
     25186     -25292        106 
    -25292      25573       -281 
       106       -281        174 


summ: Puma    3      0.021812     0.495     0.485     0.020 25186 -25292   106 25573  -281   174 

    fixed pat  wt  dof     chisq       tail prob
          000  0     6    14.807       0.0218121     0.496     0.484     0.020 
          001  1     7    96.436      5.8642e-18    -4.416     5.416    -0.000  infeasible
          010  1     7    23.348       0.0014823     0.978    -0.000     0.022 
          100  1     7    23.842      0.00121448    -0.000     0.985     0.015 
          011  2     8    27.576     0.000561959     1.000     0.000    -0.000 
          101  2     8    26.688     0.000800148     0.000     1.000    -0.000 
          110  2     8  3592.011               0     0.000    -0.000     1.000 
best pat:          000        0.0218121              -  -
best pat:          010        0.0014823  chi(nested):     8.541 p-value for nested model:      0.00347252
best pat:          101      0.000800148 not nested

coeffs:     0.496     0.484     0.020 

## dscore:: f_4(Base, Fit, Rbase, right2)
## genstat:: f_4(Base, Fit, right1, right2)

details:     Upper_YR_LN      Anatolia_N    -0.000170   -0.321607
details:       Sherpa.LC      Anatolia_N     0.000419    0.854654
details:          Pathan      Anatolia_N     0.008109   14.787266
dscore:      Anatolia_N f4:     0.000278 Z:     0.598872

details:     Upper_YR_LN          Ami.SG     0.000938    1.394217
details:       Sherpa.LC          Ami.SG    -0.000326   -0.557523
details:          Pathan          Ami.SG    -0.019445  -29.293657
dscore:          Ami.SG f4:    -0.000076 Z:    -0.132799

details:     Upper_YR_LN         Mixe.SG    -0.000137   -0.212272
details:       Sherpa.LC         Mixe.SG    -0.000604   -1.051086
details:          Pathan         Mixe.SG    -0.012198  -17.820374
dscore:         Mixe.SG f4:    -0.000601 Z:    -1.083020

details:     Upper_YR_LN    Ganj_Dareh_N    -0.000178   -0.270603
details:       Sherpa.LC    Ganj_Dareh_N     0.000575    0.921558
details:          Pathan    Ganj_Dareh_N     0.008891   13.209298
dscore:    Ganj_Dareh_N f4:     0.000365 Z:     0.620605

details:     Upper_YR_LN         Onge.DG    -0.000837   -1.269008
details:       Sherpa.LC         Onge.DG    -0.000759   -1.324167
details:          Pathan         Onge.DG    -0.008939  -13.434983
dscore:         Onge.DG f4:    -0.000959 Z:    -1.699583

details:     Upper_YR_LN      Villabruna    -0.001116   -1.306238
details:       Sherpa.LC      Villabruna     0.000130    0.170170
details:          Pathan      Villabruna     0.005788    6.928276
dscore:      Villabruna f4:    -0.000377 Z:    -0.506827

details:     Upper_YR_LN      DevilsGate     0.002281    3.108698
details:       Sherpa.LC      DevilsGate     0.000627    0.947850
details:          Pathan      DevilsGate    -0.020100  -27.973481
dscore:      DevilsGate f4:     0.001039 Z:     1.621457

details:     Upper_YR_LN            aACA    -0.000111   -0.198795
details:       Sherpa.LC            aACA     0.001013    2.017002
details:          Pathan            aACA    -0.021322  -37.724528
dscore:            aACA f4:     0.000014 Z:     0.028409

gendstat:           MbutiPygmy           Anatolia_N     0.599
gendstat:           MbutiPygmy               Ami.SG    -0.133
gendstat:           MbutiPygmy              Mixe.SG    -1.083
gendstat:           MbutiPygmy         Ganj_Dareh_N     0.621
gendstat:           MbutiPygmy              Onge.DG    -1.700
gendstat:           MbutiPygmy           Villabruna    -0.507
gendstat:           MbutiPygmy           DevilsGate     1.621
gendstat:           MbutiPygmy                 aACA     0.028
gendstat:           Anatolia_N               Ami.SG    -0.660
gendstat:           Anatolia_N              Mixe.SG    -1.664
gendstat:           Anatolia_N         Ganj_Dareh_N     0.182
gendstat:           Anatolia_N              Onge.DG    -2.339
gendstat:           Anatolia_N           Villabruna    -1.004
gendstat:           Anatolia_N           DevilsGate     1.247
gendstat:           Anatolia_N                 aACA    -0.606
gendstat:               Ami.SG              Mixe.SG    -0.937
gendstat:               Ami.SG         Ganj_Dareh_N     0.677
gendstat:               Ami.SG              Onge.DG    -1.487
gendstat:               Ami.SG           Villabruna    -0.378
gendstat:               Ami.SG           DevilsGate     1.852
gendstat:               Ami.SG                 aACA     0.207
gendstat:              Mixe.SG         Ganj_Dareh_N     1.566
gendstat:              Mixe.SG              Onge.DG    -0.586
gendstat:              Mixe.SG           Villabruna     0.293
gendstat:              Mixe.SG           DevilsGate     2.582
gendstat:              Mixe.SG                 aACA     1.358
gendstat:         Ganj_Dareh_N              Onge.DG    -2.110
gendstat:         Ganj_Dareh_N           Villabruna    -0.979
gendstat:         Ganj_Dareh_N           DevilsGate     0.942
gendstat:         Ganj_Dareh_N                 aACA    -0.636
gendstat:              Onge.DG           Villabruna     0.740
gendstat:              Onge.DG           DevilsGate     2.933
gendstat:              Onge.DG                 aACA     1.950
gendstat:           Villabruna           DevilsGate     1.702
gendstat:           Villabruna                 aACA     0.552
gendstat:           DevilsGate                 aACA    -1.947

## end of run
