/home/cliu7/utils/AdmixTools/bin/qpWave: parameter file: temp/param/qpAdm_Puma.Upper_YR_LN.Sherpa.LC.Dai.parnmfl51yl
### THE INPUT PARAMETERS
##PARAMETER NAME: VALUE
DIR: data/intermediate
S1: illumina_all_merged.qpAdm
indivname: data/intermediate/illumina_all_merged.qpAdm.grouped2.ind
snpname: data/intermediate/illumina_all_merged.qpAdm.snp
genotypename: data/intermediate/illumina_all_merged.qpAdm.geno
popleft: temp/param/left.nmfl51yl
popright: temp/param/right.nmfl51yl
details: YES
## qpWave version: 410
packed geno read OK
end of inpack

left pops:
Puma
Upper_YR_LN
Sherpa.LC
Dai

right pops:
MbutiPygmy
Anatolia_N
Ami.SG
Mixe.SG
Ganj_Dareh_N
Onge.DG
Villabruna
DevilsGate
aACA

  0                 Puma    1
  1          Upper_YR_LN    7
  2            Sherpa.LC    9
  3                  Dai   10
  4           MbutiPygmy   13
  5           Anatolia_N   25
  6               Ami.SG    2
  7              Mixe.SG    3
  8         Ganj_Dareh_N    7
  9              Onge.DG    2
 10           Villabruna    1
 11           DevilsGate    4
 12                 aACA   32
jackknife block size:     0.050
snps: 222521  indivs: 116
number of blocks for block jackknife: 548
dof (jackknife):   464.690
numsnps used: 78705
f4info: 
f4rank: 0 dof:     24 chisq:  1204.772 tail:      2.35817417e-239 dofdiff:      0 chisqdiff:     0.000 taildiff:                    1

f4info: 
f4rank: 1 dof:     14 chisq:    46.652 tail:        2.1925986e-05 dofdiff:     10 chisqdiff:  1158.120 taildiff:       1.5528024e-242
B:
          scale     1.000 
     Anatolia_N     0.457 
         Ami.SG    -1.943 
        Mixe.SG     0.432 
   Ganj_Dareh_N     0.244 
        Onge.DG     0.022 
     Villabruna     0.392 
     DevilsGate     0.523 
           aACA     1.828 
A:
          scale   884.235 
    Upper_YR_LN    -0.202 
      Sherpa.LC     0.394 
            Dai    -1.675 

f4info: 
f4rank: 2 dof:      6 chisq:    11.508 tail:         0.0738887634 dofdiff:      8 chisqdiff:    35.144 taildiff:       2.51730187e-05
B:
          scale     1.000     1.000 
     Anatolia_N     0.541    -0.278 
         Ami.SG    -1.913    -0.030 
        Mixe.SG     0.291     0.651 
   Ganj_Dareh_N     0.418    -0.537 
        Onge.DG     0.131    -0.135 
     Villabruna     0.695    -1.125 
     DevilsGate    -0.068     2.414 
           aACA     1.812     0.313 
A:
          scale   879.265  2038.898 
    Upper_YR_LN    -0.260     1.523 
      Sherpa.LC     0.373     0.164 
            Dai    -1.671    -0.808 

f4info: 
f4rank: 3 dof:      0 chisq:     0.000 tail:                    1 dofdiff:      6 chisqdiff:    11.508 taildiff:         0.0738887634
B:
          scale     1.000     1.000     1.000 
     Anatolia_N     0.364     0.096     0.706 
         Ami.SG    -2.091     0.164     0.302 
        Mixe.SG     0.609    -0.171    -1.655 
   Ganj_Dareh_N     0.108     0.071     1.253 
        Onge.DG     0.392    -0.955    -1.195 
     Villabruna     0.510    -0.864     0.787 
     DevilsGate     0.001     2.392    -0.645 
           aACA     1.643     0.740     0.800 
A:
          scale   846.410  1783.101  3910.833 
    Upper_YR_LN    -0.331     1.588    -0.608 
      Sherpa.LC     0.203     0.652     1.592 
            Dai    -1.688    -0.233     0.311 

## end of run
