/home/cliu7/utils/AdmixTools/bin/qpAdm: parameter file: temp/param/qpAdm_Sarki.Upper_YR_LN.Sherpa.LC.Pulliyar.par_9ro323m
### THE INPUT PARAMETERS
##PARAMETER NAME: VALUE
DIR: data/intermediate
S1: illumina_all_merged.qpAdm
indivname: data/intermediate/illumina_all_merged.qpAdm.grouped2.ind
snpname: data/intermediate/illumina_all_merged.qpAdm.snp
genotypename: data/intermediate/illumina_all_merged.qpAdm.geno
popleft: temp/param/left._9ro323m
popright: temp/param/right._9ro323m
details: YES
## qpAdm version: 810
seed: 1289845779
packed geno read OK
end of inpack

left pops:
Sarki
Upper_YR_LN
Sherpa.LC
Pulliyar

right pops:
MbutiPygmy
Anatolia_N
Ami.SG
Mixe.SG
Ganj_Dareh_N
Onge.DG
Villabruna
DevilsGate
aACA

  0                Sarki    6
  1          Upper_YR_LN    7
  2            Sherpa.LC    9
  3             Pulliyar    5
  4           MbutiPygmy   13
  5           Anatolia_N   25
  6               Ami.SG    2
  7              Mixe.SG    3
  8         Ganj_Dareh_N    7
  9              Onge.DG    2
 10           Villabruna    1
 11           DevilsGate    4
 12                 aACA   32
jackknife block size:     0.050
snps: 222521  indivs: 116
number of blocks for block jackknife: 548
## ncols: 222521
coverage:                Sarki 222521
coverage:          Upper_YR_LN 221150
coverage:            Sherpa.LC 111582
coverage:             Pulliyar 222521
coverage:           MbutiPygmy 222521
coverage:           Anatolia_N 111256
coverage:               Ami.SG 222521
coverage:              Mixe.SG 222521
coverage:         Ganj_Dareh_N  99721
coverage:              Onge.DG 217231
coverage:           Villabruna  82514
coverage:           DevilsGate 111550
coverage:                 aACA 114355
dof (jackknife):   464.634
numsnps used: 78825
codimension 1
f4info: 
f4rank: 2 dof:      6 chisq:    60.027 tail:       4.44370042e-11 dofdiff:      8 chisqdiff:   -60.027 taildiff:                    1
B:
          scale     1.000     1.000 
     Anatolia_N    -0.207    -0.298 
         Ami.SG     1.315    -0.503 
        Mixe.SG     0.963    -0.090 
   Ganj_Dareh_N    -0.354    -0.205 
        Onge.DG     0.330     0.206 
     Villabruna    -0.166     0.579 
     DevilsGate     1.598    -0.723 
           aACA     1.576     2.590 
A:
          scale   149.322  2673.726 
    Upper_YR_LN     1.244    -1.296 
      Sherpa.LC     1.093     1.065 
       Pulliyar    -0.509     0.431 


full rank
f4info: 
f4rank: 3 dof:      0 chisq:     0.000 tail:                    1 dofdiff:      6 chisqdiff:    60.027 taildiff:       4.44370042e-11
B:
          scale     1.000     1.000     1.000 
     Anatolia_N    -0.169     1.669    -0.204 
         Ami.SG     1.342    -0.578    -0.647 
        Mixe.SG     0.986     0.626    -0.344 
   Ganj_Dareh_N    -0.306     1.429     0.065 
        Onge.DG     0.312    -0.723     0.282 
     Villabruna    -0.144     0.935     0.680 
     DevilsGate     1.606    -0.359    -0.912 
           aACA     1.551    -0.960     2.458 
A:
          scale   157.357  1026.687  2837.718 
    Upper_YR_LN     1.162    -1.044    -1.414 
      Sherpa.LC     1.082    -0.730     0.961 
       Pulliyar    -0.691    -1.174    -0.279 


best coefficients:     0.261     0.032     0.707 
Jackknife mean:     -2.556656104     2.813448661     0.743207443 
      std. errors:     1.585     1.572     0.019 

error covariance (* 1000000)
   2511293   -2490782     -20511 
  -2490782    2470642      20140 
    -20511      20140        371 


summ: Sarki    3      0.000000    -2.557     2.813     0.743 2511293 -2490782 -20511 2470642 20140   371 

    fixed pat  wt  dof     chisq       tail prob
          000  0     6    60.027      4.4437e-11     0.261     0.032     0.707 
          001  1     7    84.717     1.49812e-15    91.180   -90.180    -0.000  infeasible
          010  1     7    60.017     1.49808e-10     0.293    -0.000     0.707 
          100  1     7    64.822     1.63309e-11     0.000     0.287     0.713 
          011  2     8  1593.665               0     1.000     0.000    -0.000 
          101  2     8  2153.481               0     0.000     1.000    -0.000 
          110  2     8   375.060               0     0.000    -0.000     1.000 
best pat:          000       4.4437e-11              -  -
best pat:          010      1.49808e-10  chi(nested):    -0.011 p-value for nested model:            -nan
best pat:          110      4.02446e-76  chi(nested):   315.044 p-value for nested model:     1.73983e-70

coeffs:     0.261     0.032     0.707 

## dscore:: f_4(Base, Fit, Rbase, right2)
## genstat:: f_4(Base, Fit, right1, right2)

details:     Upper_YR_LN      Anatolia_N    -0.002901   -6.785284
details:       Sherpa.LC      Anatolia_N    -0.002339   -7.008359
details:        Pulliyar      Anatolia_N    -0.001186   -3.313963
dscore:      Anatolia_N f4:    -0.001671 Z:    -5.612491

details:     Upper_YR_LN          Ami.SG     0.010794   19.607652
details:       Sherpa.LC          Ami.SG     0.009533   22.019742
details:        Pulliyar          Ami.SG    -0.005267  -11.626640
dscore:          Ami.SG f4:    -0.000600 Z:    -1.554616

details:     Upper_YR_LN         Mixe.SG     0.006792   12.843684
details:       Sherpa.LC         Mixe.SG     0.006309   13.892484
details:        Pulliyar         Mixe.SG    -0.005098  -10.898771
dscore:         Mixe.SG f4:    -0.001629 Z:    -4.182864

details:     Upper_YR_LN    Ganj_Dareh_N    -0.003881   -7.256954
details:       Sherpa.LC    Ganj_Dareh_N    -0.003112   -7.527544
details:        Pulliyar    Ganj_Dareh_N    -0.000439   -1.015426
dscore:    Ganj_Dareh_N f4:    -0.001423 Z:    -3.779318

details:     Upper_YR_LN         Onge.DG     0.002756    5.197946
details:       Sherpa.LC         Onge.DG     0.002811    6.778259
details:        Pulliyar         Onge.DG    -0.000644   -1.416586
dscore:         Onge.DG f4:     0.000354 Z:     0.928523

details:     Upper_YR_LN      Villabruna    -0.002530   -4.000482
details:       Sherpa.LC      Villabruna    -0.001343   -2.628774
details:        Pulliyar      Villabruna    -0.000669   -1.139280
dscore:      Villabruna f4:    -0.001177 Z:    -2.440496

details:     Upper_YR_LN      DevilsGate     0.012708   21.006636
details:       Sherpa.LC      DevilsGate     0.011108   24.449302
details:        Pulliyar      DevilsGate    -0.006630  -13.484062
dscore:      DevilsGate f4:    -0.001014 Z:    -2.414012

details:     Upper_YR_LN            aACA     0.011188   24.549152
details:       Sherpa.LC            aACA     0.012272   34.432466
details:        Pulliyar            aACA    -0.006023  -15.166444
dscore:            aACA f4:    -0.000945 Z:    -2.824249

gendstat:           MbutiPygmy           Anatolia_N    -5.612
gendstat:           MbutiPygmy               Ami.SG    -1.555
gendstat:           MbutiPygmy              Mixe.SG    -4.183
gendstat:           MbutiPygmy         Ganj_Dareh_N    -3.779
gendstat:           MbutiPygmy              Onge.DG     0.929
gendstat:           MbutiPygmy           Villabruna    -2.440
gendstat:           MbutiPygmy           DevilsGate    -2.414
gendstat:           MbutiPygmy                 aACA    -2.824
gendstat:           Anatolia_N               Ami.SG     2.997
gendstat:           Anatolia_N              Mixe.SG     0.114
gendstat:           Anatolia_N         Ganj_Dareh_N     0.818
gendstat:           Anatolia_N              Onge.DG     5.752
gendstat:           Anatolia_N           Villabruna     1.157
gendstat:           Anatolia_N           DevilsGate     1.689
gendstat:           Anatolia_N                 aACA     2.457
gendstat:               Ami.SG              Mixe.SG    -2.864
gendstat:               Ami.SG         Ganj_Dareh_N    -1.848
gendstat:               Ami.SG              Onge.DG     2.626
gendstat:               Ami.SG           Villabruna    -1.132
gendstat:               Ami.SG           DevilsGate    -1.170
gendstat:               Ami.SG                 aACA    -1.345
gendstat:              Mixe.SG         Ganj_Dareh_N     0.492
gendstat:              Mixe.SG              Onge.DG     4.880
gendstat:              Mixe.SG           Villabruna     0.900
gendstat:              Mixe.SG           DevilsGate     1.500
gendstat:              Mixe.SG                 aACA     2.154
gendstat:         Ganj_Dareh_N              Onge.DG     3.978
gendstat:         Ganj_Dareh_N           Villabruna     0.488
gendstat:         Ganj_Dareh_N           DevilsGate     0.882
gendstat:         Ganj_Dareh_N                 aACA     1.219
gendstat:              Onge.DG           Villabruna    -3.141
gendstat:              Onge.DG           DevilsGate    -3.126
gendstat:              Onge.DG                 aACA    -3.928
gendstat:           Villabruna           DevilsGate     0.303
gendstat:           Villabruna                 aACA     0.497
gendstat:           DevilsGate                 aACA     0.235

## end of run
