/home/cliu7/utils/AdmixTools/bin/qpWave: parameter file: temp/param/qpAdm_Shannan.YR_MN.Sherpa.LC.Dai.parbj5lorbc
### THE INPUT PARAMETERS
##PARAMETER NAME: VALUE
DIR: data/intermediate
S1: illumina_all_merged.qpAdm
indivname: data/intermediate/illumina_all_merged.qpAdm.grouped2.ind
snpname: data/intermediate/illumina_all_merged.qpAdm.snp
genotypename: data/intermediate/illumina_all_merged.qpAdm.geno
popleft: temp/param/left.bj5lorbc
popright: temp/param/right.bj5lorbc
details: YES
## qpWave version: 410
packed geno read OK
end of inpack

left pops:
Shannan
YR_MN
Sherpa.LC
Dai

right pops:
MbutiPygmy
Anatolia_N
Ami.SG
Mixe.SG
Ganj_Dareh_N
Onge.DG
Villabruna
DevilsGate
aACA

  0              Shannan   26
  1                YR_MN    8
  2            Sherpa.LC    9
  3                  Dai   10
  4           MbutiPygmy   13
  5           Anatolia_N   25
  6               Ami.SG    2
  7              Mixe.SG    3
  8         Ganj_Dareh_N    7
  9              Onge.DG    2
 10           Villabruna    1
 11           DevilsGate    4
 12                 aACA   32
jackknife block size:     0.050
snps: 222521  indivs: 142
number of blocks for block jackknife: 548
dof (jackknife):   463.859
numsnps used: 78524
f4info: 
f4rank: 0 dof:     24 chisq:  1842.557 tail:                    0 dofdiff:      0 chisqdiff:     0.000 taildiff:                    1

f4info: 
f4rank: 1 dof:     14 chisq:    38.716 tail:       0.000403457306 dofdiff:     10 chisqdiff:  1803.841 taildiff:                    0
B:
          scale     1.000 
     Anatolia_N     0.331 
         Ami.SG    -2.176 
        Mixe.SG     0.157 
   Ganj_Dareh_N     0.200 
        Onge.DG    -0.088 
     Villabruna     0.432 
     DevilsGate     0.122 
           aACA     1.698 
A:
          scale   680.977 
          YR_MN    -0.789 
      Sherpa.LC     0.068 
            Dai    -1.541 

f4info: 
f4rank: 2 dof:      6 chisq:     6.746 tail:          0.344983272 dofdiff:      8 chisqdiff:    31.970 taildiff:       9.43006168e-05
B:
          scale     1.000     1.000 
     Anatolia_N    -0.311     0.165 
         Ami.SG     2.300     0.311 
        Mixe.SG     0.067     1.264 
   Ganj_Dareh_N    -0.160     0.073 
        Onge.DG     0.201     0.579 
     Villabruna    -0.458    -0.252 
     DevilsGate     0.303     2.114 
           aACA    -1.496     1.186 
A:
          scale   669.768  1845.550 
          YR_MN     0.905     1.440 
      Sherpa.LC    -0.006     0.536 
            Dai     1.477    -0.799 

f4info: 
f4rank: 3 dof:      0 chisq:     0.000 tail:                    1 dofdiff:      6 chisqdiff:     6.746 taildiff:          0.344983272
B:
          scale     1.000     1.000     1.000 
     Anatolia_N    -0.321     0.129     1.448 
         Ami.SG     2.306     0.302     1.079 
        Mixe.SG     0.102     1.314    -0.648 
   Ganj_Dareh_N    -0.161     0.050     1.661 
        Onge.DG     0.213     0.536     0.074 
     Villabruna    -0.463    -0.343     0.913 
     DevilsGate     0.315     2.100    -0.205 
           aACA    -1.477     1.162     0.824 
A:
          scale   670.427  1988.605  6132.531 
          YR_MN     0.884     1.303    -0.723 
      Sherpa.LC     0.022     0.829     1.521 
            Dai     1.490    -0.785     0.407 

## end of run
