/home/cliu7/utils/AdmixTools/bin/qpWave: parameter file: temp/param/qpAdm_Shannan.Upper_YR_LN.Sherpa.LC.Pulliyar.partf6ar0mo
### THE INPUT PARAMETERS
##PARAMETER NAME: VALUE
DIR: data/intermediate
S1: illumina_all_merged.qpAdm
indivname: data/intermediate/illumina_all_merged.qpAdm.grouped2.ind
snpname: data/intermediate/illumina_all_merged.qpAdm.snp
genotypename: data/intermediate/illumina_all_merged.qpAdm.geno
popleft: temp/param/left.tf6ar0mo
popright: temp/param/right.tf6ar0mo
details: YES
## qpWave version: 410
packed geno read OK
end of inpack

left pops:
Shannan
Upper_YR_LN
Sherpa.LC
Pulliyar

right pops:
MbutiPygmy
Anatolia_N
Ami.SG
Mixe.SG
Ganj_Dareh_N
Onge.DG
Villabruna
DevilsGate
aACA

  0              Shannan   26
  1          Upper_YR_LN    7
  2            Sherpa.LC    9
  3             Pulliyar    5
  4           MbutiPygmy   13
  5           Anatolia_N   25
  6               Ami.SG    2
  7              Mixe.SG    3
  8         Ganj_Dareh_N    7
  9              Onge.DG    2
 10           Villabruna    1
 11           DevilsGate    4
 12                 aACA   32
jackknife block size:     0.050
snps: 222521  indivs: 136
number of blocks for block jackknife: 548
dof (jackknife):   464.008
numsnps used: 78310
f4info: 
f4rank: 0 dof:     24 chisq:  3768.847 tail:                    0 dofdiff:      0 chisqdiff:     0.000 taildiff:                    1

f4info: 
f4rank: 1 dof:     14 chisq:   135.118 tail:       6.60728555e-22 dofdiff:     10 chisqdiff:  3633.729 taildiff:                    0
B:
          scale     1.000 
     Anatolia_N    -0.145 
         Ami.SG     1.304 
        Mixe.SG     1.026 
   Ganj_Dareh_N    -0.298 
        Onge.DG     0.275 
     Villabruna    -0.092 
     DevilsGate     1.566 
           aACA     1.613 
A:
          scale   156.945 
    Upper_YR_LN     0.004 
      Sherpa.LC     0.046 
       Pulliyar    -1.731 

f4info: 
f4rank: 2 dof:      6 chisq:     7.620 tail:          0.267302987 dofdiff:      8 chisqdiff:   127.498 taildiff:       9.33271807e-24
B:
          scale     1.000     1.000 
     Anatolia_N    -0.129     0.046 
         Ami.SG     1.317    -0.721 
        Mixe.SG     1.018    -0.083 
   Ganj_Dareh_N    -0.275     0.070 
        Onge.DG     0.301     0.053 
     Villabruna    -0.062     1.162 
     DevilsGate     1.566    -1.337 
           aACA     1.609     2.080 
A:
          scale   156.331  1978.976 
    Upper_YR_LN     0.126    -1.726 
      Sherpa.LC     0.039    -0.040 
       Pulliyar    -1.727    -0.142 

f4info: 
f4rank: 3 dof:      0 chisq:     0.000 tail:                    1 dofdiff:      6 chisqdiff:     7.620 taildiff:          0.267302987
B:
          scale     1.000     1.000     1.000 
     Anatolia_N    -0.143     0.016     1.681 
         Ami.SG     1.320    -0.775    -0.191 
        Mixe.SG     1.012    -0.072    -0.019 
   Ganj_Dareh_N    -0.288     0.055     2.076 
        Onge.DG     0.295     0.049     0.462 
     Villabruna    -0.077     1.198     0.448 
     DevilsGate     1.563    -1.339     0.641 
           aACA     1.611     2.040     0.004 
A:
          scale   157.670  1988.702  5980.586 
    Upper_YR_LN     0.130    -1.727    -0.020 
      Sherpa.LC     0.065    -0.015     1.731 
       Pulliyar    -1.726    -0.131     0.064 

## end of run
