/home/cliu7/utils/AdmixTools/bin/qpWave: parameter file: temp/param/qpAdm_Sonar.Upper_YR_LN.Sherpa.LC.Dai.par0ll3dcmq
### THE INPUT PARAMETERS
##PARAMETER NAME: VALUE
DIR: data/intermediate
S1: illumina_all_merged.qpAdm
indivname: data/intermediate/illumina_all_merged.qpAdm.grouped2.ind
snpname: data/intermediate/illumina_all_merged.qpAdm.snp
genotypename: data/intermediate/illumina_all_merged.qpAdm.geno
popleft: temp/param/left.0ll3dcmq
popright: temp/param/right.0ll3dcmq
details: YES
## qpWave version: 410
packed geno read OK
end of inpack

left pops:
Sonar
Upper_YR_LN
Sherpa.LC
Dai

right pops:
MbutiPygmy
Anatolia_N
Ami.SG
Mixe.SG
Ganj_Dareh_N
Onge.DG
Villabruna
DevilsGate
aACA

  0                Sonar    2
  1          Upper_YR_LN    7
  2            Sherpa.LC    9
  3                  Dai   10
  4           MbutiPygmy   13
  5           Anatolia_N   25
  6               Ami.SG    2
  7              Mixe.SG    3
  8         Ganj_Dareh_N    7
  9              Onge.DG    2
 10           Villabruna    1
 11           DevilsGate    4
 12                 aACA   32
jackknife block size:     0.050
snps: 222521  indivs: 117
number of blocks for block jackknife: 548
dof (jackknife):   464.549
numsnps used: 79165
f4info: 
f4rank: 0 dof:     24 chisq:  2961.155 tail:                    0 dofdiff:      0 chisqdiff:     0.000 taildiff:                    1

f4info: 
f4rank: 1 dof:     14 chisq:  1123.449 tail:      4.90358736e-231 dofdiff:     10 chisqdiff:  1837.706 taildiff:                    0
B:
          scale     1.000 
     Anatolia_N    -0.285 
         Ami.SG     1.609 
        Mixe.SG     0.855 
   Ganj_Dareh_N    -0.291 
        Onge.DG     0.317 
     Villabruna    -0.179 
     DevilsGate     1.551 
           aACA     1.406 
A:
          scale   113.747 
    Upper_YR_LN     1.033 
      Sherpa.LC     0.996 
            Dai     0.971 

f4info: 
f4rank: 2 dof:      6 chisq:    29.304 tail:       5.32882141e-05 dofdiff:      8 chisqdiff:  1094.146 taildiff:      7.04141852e-231
B:
          scale     1.000     1.000 
     Anatolia_N    -0.295     0.473 
         Ami.SG     1.558    -2.075 
        Mixe.SG     0.882     0.324 
   Ganj_Dareh_N    -0.411     0.285 
        Onge.DG     0.347    -0.055 
     Villabruna    -0.212     0.365 
     DevilsGate     1.499     0.460 
           aACA     1.459     1.714 
A:
          scale   112.913  1013.400 
    Upper_YR_LN     1.027     0.296 
      Sherpa.LC     0.992     1.001 
            Dai     0.980    -1.383 

f4info: 
f4rank: 3 dof:      0 chisq:     0.000 tail:                    1 dofdiff:      6 chisqdiff:    29.304 taildiff:       5.32882141e-05
B:
          scale     1.000     1.000     1.000 
     Anatolia_N    -0.287     0.443     0.272 
         Ami.SG     1.541    -2.097     0.915 
        Mixe.SG     0.894     0.326    -0.315 
   Ganj_Dareh_N    -0.401     0.269     0.633 
        Onge.DG     0.357    -0.045     0.380 
     Villabruna    -0.223     0.269     1.381 
     DevilsGate     1.526     0.528    -1.664 
           aACA     1.441     1.695     1.330 
A:
          scale   112.350  1009.496  3553.655 
    Upper_YR_LN     1.039     0.411    -1.323 
      Sherpa.LC     0.984     0.946     1.067 
            Dai     0.976    -1.392     0.334 

## end of run
