/home/cliu7/utils/AdmixTools/bin/qpAdm: parameter file: temp/param/qpAdm_Sunwar.Upper_YR_LN.Sherpa.LC.Dai.parr985uuy_
### THE INPUT PARAMETERS
##PARAMETER NAME: VALUE
DIR: data/intermediate
S1: illumina_all_merged.qpAdm
indivname: data/intermediate/illumina_all_merged.qpAdm.grouped2.ind
snpname: data/intermediate/illumina_all_merged.qpAdm.snp
genotypename: data/intermediate/illumina_all_merged.qpAdm.geno
popleft: temp/param/left.r985uuy_
popright: temp/param/right.r985uuy_
details: YES
## qpAdm version: 810
seed: 1396832460
packed geno read OK
end of inpack

left pops:
Sunwar
Upper_YR_LN
Sherpa.LC
Dai

right pops:
MbutiPygmy
Anatolia_N
Ami.SG
Mixe.SG
Ganj_Dareh_N
Onge.DG
Villabruna
DevilsGate
aACA

  0               Sunwar    4
  1          Upper_YR_LN    7
  2            Sherpa.LC    9
  3                  Dai   10
  4           MbutiPygmy   13
  5           Anatolia_N   25
  6               Ami.SG    2
  7              Mixe.SG    3
  8         Ganj_Dareh_N    7
  9              Onge.DG    2
 10           Villabruna    1
 11           DevilsGate    4
 12                 aACA   32
jackknife block size:     0.050
snps: 222521  indivs: 119
number of blocks for block jackknife: 548
## ncols: 222521
coverage:               Sunwar 222521
coverage:          Upper_YR_LN 221150
coverage:            Sherpa.LC 111582
coverage:                  Dai 222521
coverage:           MbutiPygmy 222521
coverage:           Anatolia_N 111256
coverage:               Ami.SG 222521
coverage:              Mixe.SG 222521
coverage:         Ganj_Dareh_N  99721
coverage:              Onge.DG 217231
coverage:           Villabruna  82514
coverage:           DevilsGate 111550
coverage:                 aACA 114355
dof (jackknife):   464.480
numsnps used: 79276
codimension 1
f4info: 
f4rank: 2 dof:      6 chisq:    27.539 tail:       0.000114730942 dofdiff:      8 chisqdiff:   -27.539 taildiff:                    1
B:
          scale     1.000     1.000 
     Anatolia_N    -0.399     0.298 
         Ami.SG     2.464    -0.741 
        Mixe.SG     0.177     0.692 
   Ganj_Dareh_N    -0.218     0.144 
        Onge.DG     0.276     0.177 
     Villabruna    -0.751    -0.094 
     DevilsGate     0.955     1.562 
           aACA    -0.373     2.093 
A:
          scale   751.951  1123.175 
    Upper_YR_LN     0.972     1.048 
      Sherpa.LC     0.324     1.140 
            Dai     1.396    -0.776 


full rank
f4info: 
f4rank: 3 dof:      0 chisq:     0.000 tail:                    1 dofdiff:      6 chisqdiff:    27.539 taildiff:       0.000114730942
B:
          scale     1.000     1.000     1.000 
     Anatolia_N    -0.316     0.282     0.505 
         Ami.SG     2.497    -0.746     0.769 
        Mixe.SG     0.159     0.653    -0.572 
   Ganj_Dareh_N    -0.197     0.119     0.952 
        Onge.DG     0.298     0.177     0.409 
     Villabruna    -0.773    -0.256     0.828 
     DevilsGate     0.928     1.543    -1.320 
           aACA    -0.238     2.109     1.824 
A:
          scale   740.500  1114.771  3882.411 
    Upper_YR_LN     0.921     1.123    -0.953 
      Sherpa.LC     0.377     1.004     1.370 
            Dai     1.417    -0.855     0.465 


best coefficients:    -1.612     1.940     0.672 
Jackknife mean:     -0.733446094     1.312373251     0.421072842 
      std. errors:     1.291     0.928     0.372 

error covariance (* 1000000)
   1666907   -1195171    -471735 
  -1195171     862083     333088 
   -471735     333088     138647 


summ: Sunwar    3      0.000115    -0.733     1.312     0.421 1666907 -1195171 -471735 862083 333088 138647 

    fixed pat  wt  dof     chisq       tail prob
          000  0     6    27.539     0.000114731    -1.612     1.940     0.672  infeasible
          001  1     7    66.868     6.33026e-12     1.147    -0.147     0.000  infeasible
          010  1     7    64.805     1.64577e-11     1.093     0.000    -0.093  infeasible
          100  1     7    53.756      2.6285e-09    -0.000     0.783     0.217 
          011  2     8    67.551     1.50728e-11     1.000     0.000    -0.000 
          101  2     8    90.984     2.93573e-16     0.000     1.000    -0.000 
          110  2     8   685.562               0     0.000    -0.000     1.000 
best pat:          000      0.000114731              -  -
best pat:          100       2.6285e-09  chi(nested):    26.217 p-value for nested model:     3.05147e-07
best pat:          011      1.50728e-11 not nested

coeffs:    -1.612     1.940     0.672 

## dscore:: f_4(Base, Fit, Rbase, right2)
## genstat:: f_4(Base, Fit, right1, right2)

details:     Upper_YR_LN      Anatolia_N    -0.000227   -0.559939
details:       Sherpa.LC      Anatolia_N     0.000332    0.955924
details:             Dai      Anatolia_N    -0.000729   -2.394988
dscore:      Anatolia_N f4:     0.000520 Z:     0.667511

details:     Upper_YR_LN          Ami.SG     0.002198    4.295585
details:       Sherpa.LC          Ami.SG     0.000944    2.172848
details:             Dai          Ami.SG     0.005493   13.643481
dscore:          Ami.SG f4:     0.001980 Z:     2.067131

details:     Upper_YR_LN         Mixe.SG     0.001012    2.115250
details:       Sherpa.LC         Mixe.SG     0.000531    1.246309
details:             Dai         Mixe.SG    -0.000223   -0.555984
dscore:         Mixe.SG f4:    -0.000750 Z:    -0.797004

details:     Upper_YR_LN    Ganj_Dareh_N    -0.000362   -0.732872
details:       Sherpa.LC    Ganj_Dareh_N     0.000403    0.957032
details:             Dai    Ganj_Dareh_N    -0.000321   -0.831812
dscore:    Ganj_Dareh_N f4:     0.001150 Z:     1.221882

details:     Upper_YR_LN         Onge.DG     0.000459    0.893660
details:       Sherpa.LC         Onge.DG     0.000514    1.281313
details:             Dai         Onge.DG     0.000515    1.414862
dscore:         Onge.DG f4:     0.000603 Z:     0.686476

details:     Upper_YR_LN      Villabruna    -0.001446   -2.348678
details:       Sherpa.LC      Villabruna    -0.000266   -0.511808
details:             Dai      Villabruna    -0.001157   -2.405437
dscore:      Villabruna f4:     0.001038 Z:     0.886085

details:     Upper_YR_LN      DevilsGate     0.003061    5.499680
details:       Sherpa.LC      DevilsGate     0.001469    3.213907
details:             Dai      DevilsGate     0.000482    1.108622
dscore:      DevilsGate f4:    -0.001760 Z:    -1.723419

details:     Upper_YR_LN            aACA     0.001403    3.473976
details:       Sherpa.LC            aACA     0.002480    6.980848
details:             Dai            aACA    -0.001817   -5.706274
dscore:            aACA f4:     0.001329 Z:     1.740335

gendstat:           MbutiPygmy           Anatolia_N     0.668
gendstat:           MbutiPygmy               Ami.SG     2.067
gendstat:           MbutiPygmy              Mixe.SG    -0.797
gendstat:           MbutiPygmy         Ganj_Dareh_N     1.222
gendstat:           MbutiPygmy              Onge.DG     0.686
gendstat:           MbutiPygmy           Villabruna     0.886
gendstat:           MbutiPygmy           DevilsGate    -1.723
gendstat:           MbutiPygmy                 aACA     1.740
gendstat:           Anatolia_N               Ami.SG     1.747
gendstat:           Anatolia_N              Mixe.SG    -1.526
gendstat:           Anatolia_N         Ganj_Dareh_N     0.849
gendstat:           Anatolia_N              Onge.DG     0.105
gendstat:           Anatolia_N           Villabruna     0.546
gendstat:           Anatolia_N           DevilsGate    -2.497
gendstat:           Anatolia_N                 aACA     1.249
gendstat:               Ami.SG              Mixe.SG    -3.085
gendstat:               Ami.SG         Ganj_Dareh_N    -0.832
gendstat:               Ami.SG              Onge.DG    -1.538
gendstat:               Ami.SG           Villabruna    -0.809
gendstat:               Ami.SG           DevilsGate    -4.091
gendstat:               Ami.SG                 aACA    -0.987
gendstat:              Mixe.SG         Ganj_Dareh_N     1.883
gendstat:              Mixe.SG              Onge.DG     1.487
gendstat:              Mixe.SG           Villabruna     1.481
gendstat:              Mixe.SG           DevilsGate    -1.075
gendstat:              Mixe.SG                 aACA     2.940
gendstat:         Ganj_Dareh_N              Onge.DG    -0.565
gendstat:         Ganj_Dareh_N           Villabruna    -0.097
gendstat:         Ganj_Dareh_N           DevilsGate    -2.762
gendstat:         Ganj_Dareh_N                 aACA     0.205
gendstat:              Onge.DG           Villabruna     0.374
gendstat:              Onge.DG           DevilsGate    -2.487
gendstat:              Onge.DG                 aACA     1.026
gendstat:           Villabruna           DevilsGate    -2.282
gendstat:           Villabruna                 aACA     0.274
gendstat:           DevilsGate                 aACA     3.965

## end of run
