/home/cliu7/utils/AdmixTools/bin/qpAdm: parameter file: temp/param/qpAdm_Tamang.Upper_YR_LN.Sherpa.LC.Pathan.par__4i9v9d
### THE INPUT PARAMETERS
##PARAMETER NAME: VALUE
DIR: data/intermediate
S1: illumina_all_merged.qpAdm
indivname: data/intermediate/illumina_all_merged.qpAdm.grouped2.ind
snpname: data/intermediate/illumina_all_merged.qpAdm.snp
genotypename: data/intermediate/illumina_all_merged.qpAdm.geno
popleft: temp/param/left.__4i9v9d
popright: temp/param/right.__4i9v9d
details: YES
## qpAdm version: 810
seed: 640150830
packed geno read OK
end of inpack

left pops:
Tamang
Upper_YR_LN
Sherpa.LC
Pathan

right pops:
MbutiPygmy
Anatolia_N
Ami.SG
Mixe.SG
Ganj_Dareh_N
Onge.DG
Villabruna
DevilsGate
aACA

  0               Tamang   19
  1          Upper_YR_LN    7
  2            Sherpa.LC    9
  3               Pathan   22
  4           MbutiPygmy   13
  5           Anatolia_N   25
  6               Ami.SG    2
  7              Mixe.SG    3
  8         Ganj_Dareh_N    7
  9              Onge.DG    2
 10           Villabruna    1
 11           DevilsGate    4
 12                 aACA   32
jackknife block size:     0.050
snps: 222521  indivs: 146
number of blocks for block jackknife: 548
## ncols: 222521
coverage:               Tamang 222521
coverage:          Upper_YR_LN 221150
coverage:            Sherpa.LC 111582
coverage:               Pathan 222521
coverage:           MbutiPygmy 222521
coverage:           Anatolia_N 111256
coverage:               Ami.SG 222521
coverage:              Mixe.SG 222521
coverage:         Ganj_Dareh_N  99721
coverage:              Onge.DG 217231
coverage:           Villabruna  82514
coverage:           DevilsGate 111550
coverage:                 aACA 114355
dof (jackknife):   463.637
numsnps used: 77782
codimension 1
f4info: 
f4rank: 2 dof:      6 chisq:    77.092 tail:       1.42296453e-14 dofdiff:      8 chisqdiff:   -77.092 taildiff:                    1
B:
          scale     1.000     1.000 
     Anatolia_N    -0.575    -0.287 
         Ami.SG     1.342    -0.653 
        Mixe.SG     0.818    -0.144 
   Ganj_Dareh_N    -0.623    -0.194 
        Onge.DG     0.593     0.393 
     Villabruna    -0.433     0.437 
     DevilsGate     1.436    -0.739 
           aACA     1.486     2.558 
A:
          scale   138.956  2690.950 
    Upper_YR_LN     0.424    -1.593 
      Sherpa.LC     0.315     0.608 
         Pathan    -1.649    -0.303 


full rank
f4info: 
f4rank: 3 dof:      0 chisq:     0.000 tail:                    1 dofdiff:      6 chisqdiff:    77.092 taildiff:       1.42296453e-14
B:
          scale     1.000     1.000     1.000 
     Anatolia_N    -0.569     1.266     0.474 
         Ami.SG     1.344     0.041    -0.707 
        Mixe.SG     0.807     0.244    -0.083 
   Ganj_Dareh_N    -0.616     1.096     0.704 
        Onge.DG     0.580    -1.274    -0.804 
     Villabruna    -0.441     0.131     0.471 
     DevilsGate     1.455     0.939    -0.157 
           aACA     1.480    -1.617     2.425 
A:
          scale   139.874  1475.440  3077.519 
    Upper_YR_LN     0.493     1.407    -0.025 
      Sherpa.LC     0.364     0.685     1.690 
         Pathan    -1.620     0.743     0.380 


best coefficients:     0.205     0.623     0.172 
Jackknife mean:      0.619066923     0.208248837     0.172684240 
      std. errors:     0.294     0.294     0.006 

error covariance (* 1000000)
     86151     -86380        228 
    -86380      86640       -261 
       228       -261         32 


summ: Tamang    3      0.000000     0.619     0.208     0.173 86151 -86380   228 86640  -261    32 

    fixed pat  wt  dof     chisq       tail prob
          000  0     6    77.092     1.42296e-14     0.205     0.623     0.172 
          001  1     7   158.249               0    32.133   -31.133     0.000  infeasible
          010  1     7    87.603     3.83904e-16     0.825     0.000     0.175 
          100  1     7    74.758     1.60599e-13     0.000     0.828     0.172 
          011  2     8   417.244               0     1.000     0.000    -0.000 
          101  2     8   612.308               0     0.000     1.000    -0.000 
          110  2     8  6710.580               0     0.000     0.000     1.000 
best pat:          000      1.42296e-14              -  -
best pat:          100      1.60599e-13  chi(nested):    -2.334 p-value for nested model:            -nan
best pat:          011      3.82662e-85 not nested

coeffs:     0.205     0.623     0.172 

## dscore:: f_4(Base, Fit, Rbase, right2)
## genstat:: f_4(Base, Fit, right1, right2)

details:     Upper_YR_LN      Anatolia_N    -0.000970   -2.624222
details:       Sherpa.LC      Anatolia_N    -0.000401   -1.580243
details:          Pathan      Anatolia_N     0.007311   26.496080
dscore:      Anatolia_N f4:     0.000808 Z:     4.179523

details:     Upper_YR_LN          Ami.SG     0.004701   10.606011
details:       Sherpa.LC          Ami.SG     0.003424   10.350862
details:          Pathan          Ami.SG    -0.015691  -44.003892
dscore:          Ami.SG f4:     0.000401 Z:     1.648295

details:     Upper_YR_LN         Mixe.SG     0.002934    6.759101
details:       Sherpa.LC         Mixe.SG     0.002444    7.670717
details:          Pathan         Mixe.SG    -0.009216  -23.092297
dscore:         Mixe.SG f4:     0.000541 Z:     2.260792

details:     Upper_YR_LN    Ganj_Dareh_N    -0.001242   -2.817950
details:       Sherpa.LC    Ganj_Dareh_N    -0.000463   -1.507750
details:          Pathan    Ganj_Dareh_N     0.007850   22.847683
dscore:    Ganj_Dareh_N f4:     0.000806 Z:     3.444489

details:     Upper_YR_LN         Onge.DG     0.000710    1.560616
details:       Sherpa.LC         Onge.DG     0.000766    2.396116
details:          Pathan         Onge.DG    -0.007431  -21.126624
dscore:         Onge.DG f4:    -0.000654 Z:    -2.662772

details:     Upper_YR_LN      Villabruna    -0.001567   -2.818757
details:       Sherpa.LC      Villabruna    -0.000364   -0.869888
details:          Pathan      Villabruna     0.005337   11.751551
dscore:      Villabruna f4:     0.000369 Z:     1.165527

details:     Upper_YR_LN      DevilsGate     0.006016   11.868333
details:       Sherpa.LC      DevilsGate     0.004394   12.795412
details:          Pathan      DevilsGate    -0.016426  -42.388912
dscore:      DevilsGate f4:     0.001148 Z:     4.252316

details:     Upper_YR_LN            aACA     0.003586    9.663147
details:       Sherpa.LC            aACA     0.004684   17.581528
details:          Pathan            aACA    -0.017676  -56.257438
dscore:            aACA f4:     0.000616 Z:     3.004027

gendstat:           MbutiPygmy           Anatolia_N     4.180
gendstat:           MbutiPygmy               Ami.SG     1.648
gendstat:           MbutiPygmy              Mixe.SG     2.261
gendstat:           MbutiPygmy         Ganj_Dareh_N     3.444
gendstat:           MbutiPygmy              Onge.DG    -2.663
gendstat:           MbutiPygmy           Villabruna     1.166
gendstat:           MbutiPygmy           DevilsGate     4.252
gendstat:           MbutiPygmy                 aACA     3.004
gendstat:           Anatolia_N               Ami.SG    -1.783
gendstat:           Anatolia_N              Mixe.SG    -1.187
gendstat:           Anatolia_N         Ganj_Dareh_N    -0.008
gendstat:           Anatolia_N              Onge.DG    -6.404
gendstat:           Anatolia_N           Villabruna    -1.628
gendstat:           Anatolia_N           DevilsGate     1.396
gendstat:           Anatolia_N                 aACA    -1.054
gendstat:               Ami.SG              Mixe.SG     0.588
gendstat:               Ami.SG         Ganj_Dareh_N     1.551
gendstat:               Ami.SG              Onge.DG    -4.319
gendstat:               Ami.SG           Villabruna    -0.098
gendstat:               Ami.SG           DevilsGate     3.050
gendstat:               Ami.SG                 aACA     1.240
gendstat:              Mixe.SG         Ganj_Dareh_N     0.991
gendstat:              Mixe.SG              Onge.DG    -4.671
gendstat:              Mixe.SG           Villabruna    -0.526
gendstat:              Mixe.SG           DevilsGate     2.367
gendstat:              Mixe.SG                 aACA     0.393
gendstat:         Ganj_Dareh_N              Onge.DG    -5.585
gendstat:         Ganj_Dareh_N           Villabruna    -1.349
gendstat:         Ganj_Dareh_N           DevilsGate     1.185
gendstat:         Ganj_Dareh_N                 aACA    -0.822
gendstat:              Onge.DG           Villabruna     3.116
gendstat:              Onge.DG           DevilsGate     6.878
gendstat:              Onge.DG                 aACA     6.123
gendstat:           Villabruna           DevilsGate     2.328
gendstat:           Villabruna                 aACA     0.841
gendstat:           DevilsGate                 aACA    -2.576

## end of run
