/home/cliu7/utils/AdmixTools/bin/qpAdm: parameter file: temp/param/qpAdm_Thakali.YR_MN.Sherpa.LC.Dai.paru7zxuzut
### THE INPUT PARAMETERS
##PARAMETER NAME: VALUE
DIR: data/intermediate
S1: illumina_all_merged.qpAdm
indivname: data/intermediate/illumina_all_merged.qpAdm.grouped2.ind
snpname: data/intermediate/illumina_all_merged.qpAdm.snp
genotypename: data/intermediate/illumina_all_merged.qpAdm.geno
popleft: temp/param/left.u7zxuzut
popright: temp/param/right.u7zxuzut
details: YES
## qpAdm version: 810
seed: 972272428
packed geno read OK
end of inpack

left pops:
Thakali
YR_MN
Sherpa.LC
Dai

right pops:
MbutiPygmy
Anatolia_N
Ami.SG
Mixe.SG
Ganj_Dareh_N
Onge.DG
Villabruna
DevilsGate
aACA

  0              Thakali   16
  1                YR_MN    8
  2            Sherpa.LC    9
  3                  Dai   10
  4           MbutiPygmy   13
  5           Anatolia_N   25
  6               Ami.SG    2
  7              Mixe.SG    3
  8         Ganj_Dareh_N    7
  9              Onge.DG    2
 10           Villabruna    1
 11           DevilsGate    4
 12                 aACA   32
jackknife block size:     0.050
snps: 222521  indivs: 132
number of blocks for block jackknife: 548
## ncols: 222521
coverage:              Thakali 222521
coverage:                YR_MN 220932
coverage:            Sherpa.LC 111582
coverage:                  Dai 222521
coverage:           MbutiPygmy 222521
coverage:           Anatolia_N 111256
coverage:               Ami.SG 222521
coverage:              Mixe.SG 222521
coverage:         Ganj_Dareh_N  99721
coverage:              Onge.DG 217231
coverage:           Villabruna  82514
coverage:           DevilsGate 111550
coverage:                 aACA 114355
dof (jackknife):   463.909
numsnps used: 78665
codimension 1
f4info: 
f4rank: 2 dof:      6 chisq:    10.549 tail:          0.103367422 dofdiff:      8 chisqdiff:   -10.549 taildiff:                    1
B:
          scale     1.000     1.000 
     Anatolia_N    -0.524     0.213 
         Ami.SG     2.298    -0.938 
        Mixe.SG     0.589     0.808 
   Ganj_Dareh_N    -0.528     0.041 
        Onge.DG     0.254     0.194 
     Villabruna    -0.505     0.154 
     DevilsGate     1.216     1.350 
           aACA    -0.150     2.130 
A:
          scale   448.917  1200.024 
          YR_MN     1.130     0.488 
      Sherpa.LC     0.611     1.289 
            Dai     1.162    -1.049 


full rank
f4info: 
f4rank: 3 dof:      0 chisq:     0.000 tail:                    1 dofdiff:      6 chisqdiff:    10.549 taildiff:          0.103367422
B:
          scale     1.000     1.000     1.000 
     Anatolia_N    -0.518     0.171     0.515 
         Ami.SG     2.290    -0.905    -0.128 
        Mixe.SG     0.618     0.844    -0.853 
   Ganj_Dareh_N    -0.516    -0.024     0.386 
        Onge.DG     0.271     0.192    -0.496 
     Villabruna    -0.501     0.078     0.671 
     DevilsGate     1.227     1.384    -0.496 
           aACA    -0.103     2.117     2.429 
A:
          scale   450.928  1203.274  5197.819 
          YR_MN     1.086     0.711    -1.493 
      Sherpa.LC     0.620     1.092     0.818 
            Dai     1.199    -1.141     0.318 


best coefficients:    -2.769     2.269     1.500 
Jackknife mean:     -2.436384405     2.113806508     1.322577897 
      std. errors:     1.004     0.486     0.542 

error covariance (* 1000000)
   1008557    -475179    -533378 
   -475179     235729     239451 
   -533378     239451     293927 


summ: Thakali    3      0.103367    -2.436     2.114     1.323 1008557 -475179 -533378 235729 239451 293927 

    fixed pat  wt  dof     chisq       tail prob
          000  0     6    10.549        0.103367    -2.769     2.269     1.500  infeasible
          001  1     7   107.380     3.20752e-20    -0.539     1.539    -0.000  infeasible
          010  1     7    64.229     2.14778e-11     2.427     0.000    -1.427  infeasible
          100  1     7   156.257     1.96651e-30     0.000     1.027    -0.027  infeasible
          011  2     8   276.720               0     1.000     0.000     0.000 
          101  2     8   157.051     6.61335e-30     0.000     1.000     0.000 
          110  2     8  1440.501               0     0.000    -0.000     1.000 
best pat:          000         0.103367              -  -
best pat:          010      2.14778e-11  chi(nested):    53.681 p-value for nested model:     2.35867e-13 infeasible
best pat:          101      6.61335e-30 not nested

coeffs:    -2.769     2.269     1.500 

## dscore:: f_4(Base, Fit, Rbase, right2)
## genstat:: f_4(Base, Fit, right1, right2)

details:           YR_MN      Anatolia_N    -0.001344   -3.529446
details:       Sherpa.LC      Anatolia_N    -0.000433   -1.659783
details:             Dai      Anatolia_N    -0.001502   -6.162674
dscore:      Anatolia_N f4:     0.000485 Z:     0.427969

details:           YR_MN          Ami.SG     0.005003    9.873663
details:       Sherpa.LC          Ami.SG     0.002365    7.010986
details:             Dai          Ami.SG     0.006966   21.338433
dscore:          Ami.SG f4:     0.001961 Z:     1.366945

details:           YR_MN         Mixe.SG     0.002214    4.275932
details:       Sherpa.LC         Mixe.SG     0.001534    4.549428
details:             Dai         Mixe.SG     0.000810    2.539820
dscore:         Mixe.SG f4:    -0.001433 Z:    -0.995893

details:           YR_MN    Ganj_Dareh_N    -0.001432   -2.868353
details:       Sherpa.LC    Ganj_Dareh_N    -0.000631   -1.984141
details:             Dai    Ganj_Dareh_N    -0.001325   -4.476464
dscore:    Ganj_Dareh_N f4:     0.000546 Z:     0.375162

details:           YR_MN         Onge.DG     0.000879    1.758246
details:       Sherpa.LC         Onge.DG     0.000505    1.566006
details:             Dai         Onge.DG     0.000523    1.739403
dscore:         Onge.DG f4:    -0.000502 Z:    -0.360462

details:           YR_MN      Villabruna    -0.001455   -2.412644
details:       Sherpa.LC      Villabruna    -0.000446   -1.111792
details:             Dai      Villabruna    -0.001346   -3.529355
dscore:      Villabruna f4:     0.000998 Z:     0.543442

details:           YR_MN      DevilsGate     0.003898    7.111863
details:       Sherpa.LC      DevilsGate     0.002920    7.997711
details:             Dai      DevilsGate     0.001945    5.547313
dscore:      DevilsGate f4:    -0.001251 Z:    -0.797716

details:           YR_MN            aACA     0.000285    0.666087
details:       Sherpa.LC            aACA     0.002206    8.197085
details:             Dai            aACA    -0.002113   -7.952478
dscore:            aACA f4:     0.001047 Z:     0.884941

gendstat:           MbutiPygmy           Anatolia_N     0.428
gendstat:           MbutiPygmy               Ami.SG     1.367
gendstat:           MbutiPygmy              Mixe.SG    -0.996
gendstat:           MbutiPygmy         Ganj_Dareh_N     0.375
gendstat:           MbutiPygmy              Onge.DG    -0.360
gendstat:           MbutiPygmy           Villabruna     0.543
gendstat:           MbutiPygmy           DevilsGate    -0.798
gendstat:           MbutiPygmy                 aACA     0.885
gendstat:           Anatolia_N               Ami.SG     1.118
gendstat:           Anatolia_N              Mixe.SG    -1.456
gendstat:           Anatolia_N         Ganj_Dareh_N     0.049
gendstat:           Anatolia_N              Onge.DG    -0.739
gendstat:           Anatolia_N           Villabruna     0.313
gendstat:           Anatolia_N           DevilsGate    -1.145
gendstat:           Anatolia_N                 aACA     0.532
gendstat:               Ami.SG              Mixe.SG    -2.357
gendstat:               Ami.SG         Ganj_Dareh_N    -0.879
gendstat:               Ami.SG              Onge.DG    -1.735
gendstat:               Ami.SG           Villabruna    -0.494
gendstat:               Ami.SG           DevilsGate    -2.181
gendstat:               Ami.SG                 aACA    -0.884
gendstat:              Mixe.SG         Ganj_Dareh_N     1.219
gendstat:              Mixe.SG              Onge.DG     0.634
gendstat:              Mixe.SG           Villabruna     1.262
gendstat:              Mixe.SG           DevilsGate     0.116
gendstat:              Mixe.SG                 aACA     2.194
gendstat:         Ganj_Dareh_N              Onge.DG    -0.647
gendstat:         Ganj_Dareh_N           Villabruna     0.237
gendstat:         Ganj_Dareh_N           DevilsGate    -0.983
gendstat:         Ganj_Dareh_N                 aACA     0.350
gendstat:              Onge.DG           Villabruna     0.748
gendstat:              Onge.DG           DevilsGate    -0.453
gendstat:              Onge.DG                 aACA     1.290
gendstat:           Villabruna           DevilsGate    -1.088
gendstat:           Villabruna                 aACA     0.028
gendstat:           DevilsGate                 aACA     1.830

## end of run
