/home/cliu7/utils/AdmixTools/bin/qpAdm: parameter file: temp/param/qpAdm_Tingri.Upper_YR_LN.Sherpa.LC.Pathan.parlwns703q
### THE INPUT PARAMETERS
##PARAMETER NAME: VALUE
DIR: data/intermediate
S1: illumina_all_merged.qpAdm
indivname: data/intermediate/illumina_all_merged.qpAdm.grouped2.ind
snpname: data/intermediate/illumina_all_merged.qpAdm.snp
genotypename: data/intermediate/illumina_all_merged.qpAdm.geno
popleft: temp/param/left.lwns703q
popright: temp/param/right.lwns703q
details: YES
## qpAdm version: 810
seed: 1912098323
packed geno read OK
end of inpack

left pops:
Tingri
Upper_YR_LN
Sherpa.LC
Pathan

right pops:
MbutiPygmy
Anatolia_N
Ami.SG
Mixe.SG
Ganj_Dareh_N
Onge.DG
Villabruna
DevilsGate
aACA

  0               Tingri   19
  1          Upper_YR_LN    7
  2            Sherpa.LC    9
  3               Pathan   22
  4           MbutiPygmy   13
  5           Anatolia_N   25
  6               Ami.SG    2
  7              Mixe.SG    3
  8         Ganj_Dareh_N    7
  9              Onge.DG    2
 10           Villabruna    1
 11           DevilsGate    4
 12                 aACA   32
jackknife block size:     0.050
snps: 222521  indivs: 146
number of blocks for block jackknife: 548
## ncols: 222521
coverage:               Tingri 222521
coverage:          Upper_YR_LN 221150
coverage:            Sherpa.LC 111582
coverage:               Pathan 222521
coverage:           MbutiPygmy 222521
coverage:           Anatolia_N 111256
coverage:               Ami.SG 222521
coverage:              Mixe.SG 222521
coverage:         Ganj_Dareh_N  99721
coverage:              Onge.DG 217231
coverage:           Villabruna  82514
coverage:           DevilsGate 111550
coverage:                 aACA 114355
dof (jackknife):   463.672
numsnps used: 77794
codimension 1
f4info: 
f4rank: 2 dof:      6 chisq:     3.995 tail:          0.677301081 dofdiff:      8 chisqdiff:    -3.995 taildiff:                    1
B:
          scale     1.000     1.000 
     Anatolia_N    -0.550    -0.449 
         Ami.SG     1.330    -0.552 
        Mixe.SG     0.813    -0.041 
   Ganj_Dareh_N    -0.598    -0.217 
        Onge.DG     0.564     0.257 
     Villabruna    -0.401     0.551 
     DevilsGate     1.450    -0.792 
           aACA     1.527     2.539 
A:
          scale   122.113  1879.823 
    Upper_YR_LN     0.122    -1.687 
      Sherpa.LC     0.012    -0.099 
         Pathan    -1.728    -0.378 


full rank
f4info: 
f4rank: 3 dof:      0 chisq:     0.000 tail:                    1 dofdiff:      6 chisqdiff:     3.995 taildiff:          0.677301081
B:
          scale     1.000     1.000     1.000 
     Anatolia_N    -0.541     0.212    -0.563 
         Ami.SG     1.345    -0.769    -0.361 
        Mixe.SG     0.819    -0.733     0.060 
   Ganj_Dareh_N    -0.591     0.440    -0.357 
        Onge.DG     0.563    -0.359     0.292 
     Villabruna    -0.413    -0.310     0.536 
     DevilsGate     1.473    -0.282    -0.645 
           aACA     1.490     2.516     2.575 
A:
          scale   123.493  8708.290  1511.105 
    Upper_YR_LN     0.141     0.397    -1.473 
      Sherpa.LC     0.020     1.603    -0.377 
         Pathan    -1.726     0.523    -0.829 


best coefficients:    -0.063     1.060     0.003 
Jackknife mean:     -0.058273338     1.055443357     0.002829981 
      std. errors:     0.077     0.077     0.007 

error covariance (* 1000000)
      5962      -5949        -13 
     -5949       5985        -36 
       -13        -36         49 


summ: Tingri    3      0.677301    -0.058     1.055     0.003  5962 -5949   -13  5985   -36    49 

    fixed pat  wt  dof     chisq       tail prob
          000  0     6     3.995        0.677301    -0.063     1.060     0.003  infeasible
          001  1     7   144.183     6.75052e-28     0.689     0.311    -0.000 
          010  1     7   142.067       1.875e-27     1.002     0.000    -0.002  infeasible
          100  1     7     4.164         0.76068     0.000     0.997     0.003 
          011  2     8   142.148     8.48108e-27     1.000     0.000    -0.000 
          101  2     8     5.951        0.652741     0.000     1.000    -0.000 
          110  2     8  7530.022               0     0.000     0.000     1.000 
best pat:          000         0.677301              -  -
best pat:          100          0.76068  chi(nested):     0.169 p-value for nested model:        0.681145
best pat:          101         0.652741  chi(nested):     1.787 p-value for nested model:        0.181342

coeffs:    -0.063     1.060     0.003 

## dscore:: f_4(Base, Fit, Rbase, right2)
## genstat:: f_4(Base, Fit, right1, right2)

details:     Upper_YR_LN      Anatolia_N    -0.000403   -1.103016
details:       Sherpa.LC      Anatolia_N     0.000167    0.686880
details:          Pathan      Anatolia_N     0.007877   25.281547
dscore:      Anatolia_N f4:     0.000224 Z:     0.874155

details:     Upper_YR_LN          Ami.SG     0.001550    3.491307
details:       Sherpa.LC          Ami.SG     0.000272    0.894844
details:          Pathan          Ami.SG    -0.018839  -44.959411
dscore:          Ami.SG f4:     0.000139 Z:     0.434360

details:     Upper_YR_LN         Mixe.SG     0.000538    1.240610
details:       Sherpa.LC         Mixe.SG     0.000048    0.158238
details:          Pathan         Mixe.SG    -0.011611  -25.866049
dscore:         Mixe.SG f4:    -0.000014 Z:    -0.044114

details:     Upper_YR_LN    Ganj_Dareh_N    -0.000584   -1.362465
details:       Sherpa.LC    Ganj_Dareh_N     0.000196    0.648750
details:          Pathan    Ganj_Dareh_N     0.008507   21.782897
dscore:    Ganj_Dareh_N f4:     0.000268 Z:     0.838734

details:     Upper_YR_LN         Onge.DG     0.000016    0.036137
details:       Sherpa.LC         Onge.DG     0.000072    0.246178
details:          Pathan         Onge.DG    -0.008124  -19.961590
dscore:         Onge.DG f4:     0.000053 Z:     0.172123

details:     Upper_YR_LN      Villabruna    -0.001426   -2.549856
details:       Sherpa.LC      Villabruna    -0.000223   -0.593335
details:          Pathan      Villabruna     0.005477   10.730179
dscore:      Villabruna f4:    -0.000132 Z:    -0.332886

details:     Upper_YR_LN      DevilsGate     0.002011    3.977800
details:       Sherpa.LC      DevilsGate     0.000389    1.219441
details:          Pathan      DevilsGate    -0.020427  -46.339920
dscore:      DevilsGate f4:     0.000230 Z:     0.688007

details:     Upper_YR_LN            aACA    -0.000962   -2.673702
details:       Sherpa.LC            aACA     0.000135    0.554825
details:          Pathan            aACA    -0.022221  -59.872335
dscore:            aACA f4:     0.000143 Z:     0.559097

gendstat:           MbutiPygmy           Anatolia_N     0.874
gendstat:           MbutiPygmy               Ami.SG     0.434
gendstat:           MbutiPygmy              Mixe.SG    -0.044
gendstat:           MbutiPygmy         Ganj_Dareh_N     0.839
gendstat:           MbutiPygmy              Onge.DG     0.172
gendstat:           MbutiPygmy           Villabruna    -0.333
gendstat:           MbutiPygmy           DevilsGate     0.688
gendstat:           MbutiPygmy                 aACA     0.559
gendstat:           Anatolia_N               Ami.SG    -0.275
gendstat:           Anatolia_N              Mixe.SG    -0.803
gendstat:           Anatolia_N         Ganj_Dareh_N     0.160
gendstat:           Anatolia_N              Onge.DG    -0.586
gendstat:           Anatolia_N           Villabruna    -1.059
gendstat:           Anatolia_N           DevilsGate     0.020
gendstat:           Anatolia_N                 aACA    -0.343
gendstat:               Ami.SG              Mixe.SG    -0.481
gendstat:               Ami.SG         Ganj_Dareh_N     0.362
gendstat:               Ami.SG              Onge.DG    -0.260
gendstat:               Ami.SG           Villabruna    -0.617
gendstat:               Ami.SG           DevilsGate     0.289
gendstat:               Ami.SG                 aACA     0.016
gendstat:              Mixe.SG         Ganj_Dareh_N     0.770
gendstat:              Mixe.SG              Onge.DG     0.202
gendstat:              Mixe.SG           Villabruna    -0.278
gendstat:              Mixe.SG           DevilsGate     0.745
gendstat:              Mixe.SG                 aACA     0.619
gendstat:         Ganj_Dareh_N              Onge.DG    -0.613
gendstat:         Ganj_Dareh_N           Villabruna    -0.935
gendstat:         Ganj_Dareh_N           DevilsGate    -0.100
gendstat:         Ganj_Dareh_N                 aACA    -0.398
gendstat:              Onge.DG           Villabruna    -0.441
gendstat:              Onge.DG           DevilsGate     0.520
gendstat:              Onge.DG                 aACA     0.337
gendstat:           Villabruna           DevilsGate     0.861
gendstat:           Villabruna                 aACA     0.727
gendstat:           DevilsGate                 aACA    -0.318

## end of run
