/home/cliu7/utils/AdmixTools/bin/qpAdm: parameter file: temp/param/qpAdm_Tingri.YR_MN.Sherpa.LC.Pulliyar.par_zpkf31k
### THE INPUT PARAMETERS
##PARAMETER NAME: VALUE
DIR: data/intermediate
S1: illumina_all_merged.qpAdm
indivname: data/intermediate/illumina_all_merged.qpAdm.grouped2.ind
snpname: data/intermediate/illumina_all_merged.qpAdm.snp
genotypename: data/intermediate/illumina_all_merged.qpAdm.geno
popleft: temp/param/left._zpkf31k
popright: temp/param/right._zpkf31k
details: YES
## qpAdm version: 810
seed: 1116310848
packed geno read OK
end of inpack

left pops:
Tingri
YR_MN
Sherpa.LC
Pulliyar

right pops:
MbutiPygmy
Anatolia_N
Ami.SG
Mixe.SG
Ganj_Dareh_N
Onge.DG
Villabruna
DevilsGate
aACA

  0               Tingri   19
  1                YR_MN    8
  2            Sherpa.LC    9
  3             Pulliyar    5
  4           MbutiPygmy   13
  5           Anatolia_N   25
  6               Ami.SG    2
  7              Mixe.SG    3
  8         Ganj_Dareh_N    7
  9              Onge.DG    2
 10           Villabruna    1
 11           DevilsGate    4
 12                 aACA   32
jackknife block size:     0.050
snps: 222521  indivs: 130
number of blocks for block jackknife: 548
## ncols: 222521
coverage:               Tingri 222521
coverage:                YR_MN 220932
coverage:            Sherpa.LC 111582
coverage:             Pulliyar 222521
coverage:           MbutiPygmy 222521
coverage:           Anatolia_N 111256
coverage:               Ami.SG 222521
coverage:              Mixe.SG 222521
coverage:         Ganj_Dareh_N  99721
coverage:              Onge.DG 217231
coverage:           Villabruna  82514
coverage:           DevilsGate 111550
coverage:                 aACA 114355
dof (jackknife):   464.085
numsnps used: 78583
codimension 1
f4info: 
f4rank: 2 dof:      6 chisq:     3.236 tail:          0.778668004 dofdiff:      8 chisqdiff:    -3.236 taildiff:                    1
B:
          scale     1.000     1.000 
     Anatolia_N    -0.119     0.392 
         Ami.SG     1.326    -1.371 
        Mixe.SG     1.018    -0.013 
   Ganj_Dareh_N    -0.263     0.236 
        Onge.DG     0.305    -0.230 
     Villabruna    -0.056     0.703 
     DevilsGate     1.566    -0.093 
           aACA     1.604     2.314 
A:
          scale   155.076  1298.599 
          YR_MN     0.134    -1.722 
      Sherpa.LC     0.015    -0.041 
       Pulliyar    -1.727    -0.180 


full rank
f4info: 
f4rank: 3 dof:      0 chisq:     0.000 tail:                    1 dofdiff:      6 chisqdiff:     3.236 taildiff:          0.778668004
B:
          scale     1.000     1.000     1.000 
     Anatolia_N    -0.124     0.356     0.570 
         Ami.SG     1.323    -1.496    -1.323 
        Mixe.SG     1.026    -0.063    -0.346 
   Ganj_Dareh_N    -0.265     0.155     0.363 
        Onge.DG     0.305    -0.256    -0.328 
     Villabruna    -0.043     0.741    -0.057 
     DevilsGate     1.558    -0.301     0.243 
           aACA     1.609     2.214     2.346 
A:
          scale   155.885  1352.654  4225.674 
          YR_MN     0.123    -1.645    -0.401 
      Sherpa.LC     0.009    -0.541     1.565 
       Pulliyar    -1.728     0.027    -0.625 


best coefficients:    -0.025     1.018     0.007 
Jackknife mean:     -0.023267674     1.016009846     0.007257828 
      std. errors:     0.046     0.045     0.010 

error covariance (* 1000000)
      2125      -2025       -101 
     -2025       2018          7 
      -101          7         94 


summ: Tingri    3      0.778668    -0.023     1.016     0.007  2125 -2025  -101  2018     7    94 

    fixed pat  wt  dof     chisq       tail prob
          000  0     6     3.236        0.778668    -0.025     1.018     0.007  infeasible
          001  1     7   213.891               0     0.227     0.773    -0.000 
          010  1     7   206.823               0     1.039     0.000    -0.039  infeasible
          100  1     7     3.539        0.831055    -0.000     0.994     0.006 
          011  2     8   212.266               0     1.000     0.000    -0.000 
          101  2     8     3.842        0.871117     0.000     1.000    -0.000 
          110  2     8  3543.438               0     0.000    -0.000     1.000 
best pat:          000         0.778668              -  -
best pat:          100         0.831055  chi(nested):     0.303 p-value for nested model:         0.58201
best pat:          101         0.871117  chi(nested):     0.302 p-value for nested model:        0.582334

coeffs:    -0.025     1.018     0.007 

## dscore:: f_4(Base, Fit, Rbase, right2)
## genstat:: f_4(Base, Fit, right1, right2)

details:           YR_MN      Anatolia_N    -0.000765   -2.092085
details:       Sherpa.LC      Anatolia_N     0.000146    0.607452
details:        Pulliyar      Anatolia_N     0.001317    3.444290
dscore:      Anatolia_N f4:     0.000177 Z:     0.725158

details:           YR_MN          Ami.SG     0.002892    6.061876
details:       Sherpa.LC          Ami.SG     0.000252    0.837819
details:        Pulliyar          Ami.SG    -0.014607  -30.673286
dscore:          Ami.SG f4:     0.000080 Z:     0.262536

details:           YR_MN         Mixe.SG     0.000718    1.449276
details:       Sherpa.LC         Mixe.SG     0.000037    0.123066
details:        Pulliyar         Mixe.SG    -0.011399  -22.423014
dscore:         Mixe.SG f4:    -0.000061 Z:    -0.199225

details:           YR_MN    Ganj_Dareh_N    -0.000647   -1.324223
details:       Sherpa.LC    Ganj_Dareh_N     0.000154    0.512714
details:        Pulliyar    Ganj_Dareh_N     0.002910    6.215390
dscore:    Ganj_Dareh_N f4:     0.000194 Z:     0.634430

details:           YR_MN         Onge.DG     0.000443    0.968300
details:       Sherpa.LC         Onge.DG     0.000069    0.239295
details:        Pulliyar         Onge.DG    -0.003377   -7.277965
dscore:         Onge.DG f4:     0.000035 Z:     0.120005

details:           YR_MN      Villabruna    -0.001242   -2.131567
details:       Sherpa.LC      Villabruna    -0.000232   -0.621725
details:        Pulliyar      Villabruna     0.000498    0.818368
dscore:      Villabruna f4:    -0.000201 Z:    -0.531144

details:           YR_MN      DevilsGate     0.001361    2.564487
details:       Sherpa.LC      DevilsGate     0.000381    1.205347
details:        Pulliyar      DevilsGate    -0.017412  -33.425719
dscore:      DevilsGate f4:     0.000230 Z:     0.715651

details:           YR_MN            aACA    -0.001790   -4.496596
details:       Sherpa.LC            aACA     0.000133    0.552023
details:        Pulliyar            aACA    -0.018233  -43.415748
dscore:            aACA f4:     0.000050 Z:     0.203010

gendstat:           MbutiPygmy           Anatolia_N     0.725
gendstat:           MbutiPygmy               Ami.SG     0.263
gendstat:           MbutiPygmy              Mixe.SG    -0.199
gendstat:           MbutiPygmy         Ganj_Dareh_N     0.634
gendstat:           MbutiPygmy              Onge.DG     0.120
gendstat:           MbutiPygmy           Villabruna    -0.531
gendstat:           MbutiPygmy           DevilsGate     0.716
gendstat:           MbutiPygmy                 aACA     0.203
gendstat:           Anatolia_N               Ami.SG    -0.335
gendstat:           Anatolia_N              Mixe.SG    -0.844
gendstat:           Anatolia_N         Ganj_Dareh_N     0.062
gendstat:           Anatolia_N              Onge.DG    -0.505
gendstat:           Anatolia_N           Villabruna    -1.176
gendstat:           Anatolia_N           DevilsGate     0.174
gendstat:           Anatolia_N                 aACA    -0.569
gendstat:               Ami.SG              Mixe.SG    -0.465
gendstat:               Ami.SG         Ganj_Dareh_N     0.337
gendstat:               Ami.SG              Onge.DG    -0.140
gendstat:               Ami.SG           Villabruna    -0.672
gendstat:               Ami.SG           DevilsGate     0.498
gendstat:               Ami.SG                 aACA    -0.130
gendstat:              Mixe.SG         Ganj_Dareh_N     0.730
gendstat:              Mixe.SG              Onge.DG     0.303
gendstat:              Mixe.SG           Villabruna    -0.347
gendstat:              Mixe.SG           DevilsGate     0.928
gendstat:              Mixe.SG                 aACA     0.457
gendstat:         Ganj_Dareh_N              Onge.DG    -0.470
gendstat:         Ganj_Dareh_N           Villabruna    -0.961
gendstat:         Ganj_Dareh_N           DevilsGate     0.098
gendstat:         Ganj_Dareh_N                 aACA    -0.481
gendstat:              Onge.DG           Villabruna    -0.589
gendstat:              Onge.DG           DevilsGate     0.592
gendstat:              Onge.DG                 aACA     0.055
gendstat:           Villabruna           DevilsGate     1.070
gendstat:           Villabruna                 aACA     0.693
gendstat:           DevilsGate                 aACA    -0.689

## end of run
