/home/cliu7/utils/AdmixTools/bin/qpWave: parameter file: temp/param/qpAdm_Tshangla.YR_MN.Sherpa.LC.Pathan.parxy71ov2f
### THE INPUT PARAMETERS
##PARAMETER NAME: VALUE
DIR: data/intermediate
S1: illumina_all_merged.qpAdm
indivname: data/intermediate/illumina_all_merged.qpAdm.grouped2.ind
snpname: data/intermediate/illumina_all_merged.qpAdm.snp
genotypename: data/intermediate/illumina_all_merged.qpAdm.geno
popleft: temp/param/left.xy71ov2f
popright: temp/param/right.xy71ov2f
details: YES
## qpWave version: 410
packed geno read OK
end of inpack

left pops:
Tshangla
YR_MN
Sherpa.LC
Pathan

right pops:
MbutiPygmy
Anatolia_N
Ami.SG
Mixe.SG
Ganj_Dareh_N
Onge.DG
Villabruna
DevilsGate
aACA

  0             Tshangla   19
  1                YR_MN    8
  2            Sherpa.LC    9
  3               Pathan   22
  4           MbutiPygmy   13
  5           Anatolia_N   25
  6               Ami.SG    2
  7              Mixe.SG    3
  8         Ganj_Dareh_N    7
  9              Onge.DG    2
 10           Villabruna    1
 11           DevilsGate    4
 12                 aACA   32
jackknife block size:     0.050
snps: 222521  indivs: 147
number of blocks for block jackknife: 548
dof (jackknife):   463.507
numsnps used: 77896
f4info: 
f4rank: 0 dof:     24 chisq:  7674.884 tail:                    0 dofdiff:      0 chisqdiff:     0.000 taildiff:                    1

f4info: 
f4rank: 1 dof:     14 chisq:   189.993 tail:       6.03253868e-33 dofdiff:     10 chisqdiff:  7484.892 taildiff:                    0
B:
          scale     1.000 
     Anatolia_N    -0.544 
         Ami.SG     1.363 
        Mixe.SG     0.820 
   Ganj_Dareh_N    -0.567 
        Onge.DG     0.580 
     Villabruna    -0.413 
     DevilsGate     1.442 
           aACA     1.505 
A:
          scale   123.100 
          YR_MN     0.044 
      Sherpa.LC     0.058 
         Pathan    -1.731 

f4info: 
f4rank: 2 dof:      6 chisq:     7.678 tail:           0.26269292 dofdiff:      8 chisqdiff:   182.315 taildiff:       3.35990746e-35
B:
          scale     1.000     1.000 
     Anatolia_N    -0.576     0.495 
         Ami.SG     1.362    -1.505 
        Mixe.SG     0.813    -0.157 
   Ganj_Dareh_N    -0.617     0.394 
        Onge.DG     0.564    -0.088 
     Villabruna    -0.432     0.583 
     DevilsGate     1.431    -0.142 
           aACA     1.489     2.223 
A:
          scale   123.171  1766.971 
          YR_MN     0.102    -1.621 
      Sherpa.LC     0.032     0.600 
         Pathan    -1.729    -0.104 

f4info: 
f4rank: 3 dof:      0 chisq:     0.000 tail:                    1 dofdiff:      6 chisqdiff:     7.678 taildiff:           0.26269292
B:
          scale     1.000     1.000     1.000 
     Anatolia_N    -0.585     0.139     1.622 
         Ami.SG     1.362    -1.618     0.263 
        Mixe.SG     0.811    -0.207     0.056 
   Ganj_Dareh_N    -0.627     0.023     1.653 
        Onge.DG     0.565    -0.104     0.232 
     Villabruna    -0.439     0.415     1.024 
     DevilsGate     1.422    -0.425     1.202 
           aACA     1.489     2.226     0.127 
A:
          scale   123.618  1807.570  3974.966 
          YR_MN     0.122    -1.626     0.583 
      Sherpa.LC     0.054     0.588     1.628 
         Pathan    -1.727    -0.096     0.092 

## end of run
