/home/cliu7/utils/AdmixTools/bin/qpWave: parameter file: temp/param/qpAdm_Wambule.YR_MN.Sherpa.LC.Pulliyar.parliwg9nnl
### THE INPUT PARAMETERS
##PARAMETER NAME: VALUE
DIR: data/intermediate
S1: illumina_all_merged.qpAdm
indivname: data/intermediate/illumina_all_merged.qpAdm.grouped2.ind
snpname: data/intermediate/illumina_all_merged.qpAdm.snp
genotypename: data/intermediate/illumina_all_merged.qpAdm.geno
popleft: temp/param/left.liwg9nnl
popright: temp/param/right.liwg9nnl
details: YES
## qpWave version: 410
packed geno read OK
end of inpack

left pops:
Wambule
YR_MN
Sherpa.LC
Pulliyar

right pops:
MbutiPygmy
Anatolia_N
Ami.SG
Mixe.SG
Ganj_Dareh_N
Onge.DG
Villabruna
DevilsGate
aACA

  0              Wambule   13
  1                YR_MN    8
  2            Sherpa.LC    9
  3             Pulliyar    5
  4           MbutiPygmy   13
  5           Anatolia_N   25
  6               Ami.SG    2
  7              Mixe.SG    3
  8         Ganj_Dareh_N    7
  9              Onge.DG    2
 10           Villabruna    1
 11           DevilsGate    4
 12                 aACA   32
jackknife block size:     0.050
snps: 222521  indivs: 124
number of blocks for block jackknife: 548
dof (jackknife):   464.352
numsnps used: 78942
f4info: 
f4rank: 0 dof:     24 chisq:  3796.584 tail:                    0 dofdiff:      0 chisqdiff:     0.000 taildiff:                    1

f4info: 
f4rank: 1 dof:     14 chisq:   189.352 tail:       8.14466705e-33 dofdiff:     10 chisqdiff:  3607.232 taildiff:                    0
B:
          scale     1.000 
     Anatolia_N    -0.097 
         Ami.SG     1.340 
        Mixe.SG     1.048 
   Ganj_Dareh_N    -0.243 
        Onge.DG     0.303 
     Villabruna     0.004 
     DevilsGate     1.583 
           aACA     1.562 
A:
          scale   152.914 
          YR_MN    -0.002 
      Sherpa.LC     0.048 
       Pulliyar    -1.731 

f4info: 
f4rank: 2 dof:      6 chisq:     9.763 tail:          0.135006558 dofdiff:      8 chisqdiff:   179.590 taildiff:        1.2554236e-34
B:
          scale     1.000     1.000 
     Anatolia_N    -0.152     0.669 
         Ami.SG     1.362    -1.589 
        Mixe.SG     1.023    -0.196 
   Ganj_Dareh_N    -0.294     0.570 
        Onge.DG     0.314    -0.273 
     Villabruna    -0.082     0.701 
     DevilsGate     1.585    -0.280 
           aACA     1.540     2.005 
A:
          scale   155.232  1794.288 
          YR_MN     0.076    -1.569 
      Sherpa.LC     0.010     0.729 
       Pulliyar    -1.730    -0.086 

f4info: 
f4rank: 3 dof:      0 chisq:     0.000 tail:                    1 dofdiff:      6 chisqdiff:     9.763 taildiff:          0.135006558
B:
          scale     1.000     1.000     1.000 
     Anatolia_N    -0.172     0.391     1.701 
         Ami.SG     1.359    -1.728     0.725 
        Mixe.SG     1.020    -0.171    -0.088 
   Ganj_Dareh_N    -0.316     0.194     2.090 
        Onge.DG     0.322    -0.123    -0.387 
     Villabruna    -0.100     0.730     0.199 
     DevilsGate     1.578    -0.249     0.126 
           aACA     1.542     2.046     0.003 
A:
          scale   156.712  1819.696  4240.945 
          YR_MN     0.105    -1.569     0.726 
      Sherpa.LC     0.037     0.730     1.570 
       Pulliyar    -1.728    -0.080     0.077 

## end of run
