/home/cliu7/utils/AdmixTools/bin/qpAdm: parameter file: temp/param/qpAdm_Wambule.Upper_YR_LN.Sherpa.LC.Pulliyar.par7z94oz65
### THE INPUT PARAMETERS
##PARAMETER NAME: VALUE
DIR: data/intermediate
S1: illumina_all_merged.qpAdm
indivname: data/intermediate/illumina_all_merged.qpAdm.grouped2.ind
snpname: data/intermediate/illumina_all_merged.qpAdm.snp
genotypename: data/intermediate/illumina_all_merged.qpAdm.geno
popleft: temp/param/left.7z94oz65
popright: temp/param/right.7z94oz65
details: YES
## qpAdm version: 810
seed: -1868864530
packed geno read OK
end of inpack

left pops:
Wambule
Upper_YR_LN
Sherpa.LC
Pulliyar

right pops:
MbutiPygmy
Anatolia_N
Ami.SG
Mixe.SG
Ganj_Dareh_N
Onge.DG
Villabruna
DevilsGate
aACA

  0              Wambule   13
  1          Upper_YR_LN    7
  2            Sherpa.LC    9
  3             Pulliyar    5
  4           MbutiPygmy   13
  5           Anatolia_N   25
  6               Ami.SG    2
  7              Mixe.SG    3
  8         Ganj_Dareh_N    7
  9              Onge.DG    2
 10           Villabruna    1
 11           DevilsGate    4
 12                 aACA   32
jackknife block size:     0.050
snps: 222521  indivs: 123
number of blocks for block jackknife: 548
## ncols: 222521
coverage:              Wambule 222521
coverage:          Upper_YR_LN 221150
coverage:            Sherpa.LC 111582
coverage:             Pulliyar 222521
coverage:           MbutiPygmy 222521
coverage:           Anatolia_N 111256
coverage:               Ami.SG 222521
coverage:              Mixe.SG 222521
coverage:         Ganj_Dareh_N  99721
coverage:              Onge.DG 217231
coverage:           Villabruna  82514
coverage:           DevilsGate 111550
coverage:                 aACA 114355
dof (jackknife):   464.554
numsnps used: 78832
codimension 1
f4info: 
f4rank: 2 dof:      6 chisq:    18.437 tail:         0.0052273438 dofdiff:      8 chisqdiff:   -18.437 taildiff:                    1
B:
          scale     1.000     1.000 
     Anatolia_N    -0.152     0.503 
         Ami.SG     1.343    -0.659 
        Mixe.SG     1.014    -0.053 
   Ganj_Dareh_N    -0.296     0.544 
        Onge.DG     0.299    -0.075 
     Villabruna    -0.097     0.703 
     DevilsGate     1.599    -0.613 
           aACA     1.549     2.478 
A:
          scale   156.056  3047.091 
    Upper_YR_LN     0.092    -1.218 
      Sherpa.LC    -0.003     1.232 
       Pulliyar    -1.730    -0.005 


full rank
f4info: 
f4rank: 3 dof:      0 chisq:     0.000 tail:                    1 dofdiff:      6 chisqdiff:    18.437 taildiff:         0.0052273438
B:
          scale     1.000     1.000     1.000 
     Anatolia_N    -0.139     0.512    -1.335 
         Ami.SG     1.344    -0.741     0.184 
        Mixe.SG     1.016    -0.094     0.324 
   Ganj_Dareh_N    -0.281     0.653    -1.155 
        Onge.DG     0.302    -0.214     0.537 
     Villabruna    -0.108     0.613     0.602 
     DevilsGate     1.609    -0.541    -0.738 
           aACA     1.540     2.458     1.884 
A:
          scale   159.559  2907.177  2533.784 
    Upper_YR_LN     0.163    -0.395    -1.278 
      Sherpa.LC     0.032     1.641    -0.796 
       Pulliyar    -1.724     0.389    -0.856 


best coefficients:     0.490     0.485     0.025 
Jackknife mean:      0.486873719     0.487862818     0.025263463 
      std. errors:     0.091     0.090     0.010 

error covariance (* 1000000)
      8298      -8120       -178 
     -8120       8045         75 
      -178         75        104 


summ: Wambule    3      0.005227     0.487     0.488     0.025  8298 -8120  -178  8045    75   104 

    fixed pat  wt  dof     chisq       tail prob
          000  0     6    18.437      0.00522734     0.490     0.485     0.025 
          001  1     7   104.538     1.24385e-19     2.481    -1.481    -0.000  infeasible
          010  1     7    37.935     3.11798e-06     0.980    -0.000     0.020 
          100  1     7    49.526      1.7894e-08     0.000     0.971     0.029 
          011  2     8    40.738     2.33234e-06     1.000     0.000    -0.000 
          101  2     8    56.666     2.09196e-09     0.000     1.000    -0.000 
          110  2     8  3184.054               0     0.000    -0.000     1.000 
best pat:          000       0.00522734              -  -
best pat:          010      3.11798e-06  chi(nested):    19.497 p-value for nested model:     1.00737e-05
best pat:          011      2.33234e-06  chi(nested):     2.803 p-value for nested model:       0.0940939

coeffs:     0.490     0.485     0.025 

## dscore:: f_4(Base, Fit, Rbase, right2)
## genstat:: f_4(Base, Fit, right1, right2)

details:     Upper_YR_LN      Anatolia_N     0.000198    0.526293
details:       Sherpa.LC      Anatolia_N     0.000760    2.796877
details:        Pulliyar      Anatolia_N     0.001912    4.783623
dscore:      Anatolia_N f4:     0.000513 Z:     2.034597

details:     Upper_YR_LN          Ami.SG     0.001152    2.487190
details:       Sherpa.LC          Ami.SG    -0.000109   -0.308780
details:        Pulliyar          Ami.SG    -0.014908  -29.947093
dscore:          Ami.SG f4:     0.000136 Z:     0.425966

details:     Upper_YR_LN         Mixe.SG     0.000624    1.409935
details:       Sherpa.LC         Mixe.SG     0.000141    0.406660
details:        Pulliyar         Mixe.SG    -0.011265  -20.748972
dscore:         Mixe.SG f4:     0.000091 Z:     0.293628

details:     Upper_YR_LN    Ganj_Dareh_N     0.000036    0.082078
details:       Sherpa.LC    Ganj_Dareh_N     0.000805    2.394186
details:        Pulliyar    Ganj_Dareh_N     0.003478    7.232249
dscore:    Ganj_Dareh_N f4:     0.000495 Z:     1.670889

details:     Upper_YR_LN         Onge.DG    -0.000181   -0.382436
details:       Sherpa.LC         Onge.DG    -0.000126   -0.357437
details:        Pulliyar         Onge.DG    -0.003581   -7.291596
dscore:         Onge.DG f4:    -0.000240 Z:    -0.718612

details:     Upper_YR_LN      Villabruna    -0.000871   -1.523081
details:       Sherpa.LC      Villabruna     0.000315    0.726539
details:        Pulliyar      Villabruna     0.000989    1.534542
dscore:      Villabruna f4:    -0.000249 Z:    -0.630813

details:     Upper_YR_LN      DevilsGate     0.001916    3.678404
details:       Sherpa.LC      DevilsGate     0.000316    0.851647
details:        Pulliyar      DevilsGate    -0.017420  -32.589270
dscore:      DevilsGate f4:     0.000654 Z:     1.828213

details:     Upper_YR_LN            aACA     0.000095    0.254754
details:       Sherpa.LC            aACA     0.001179    4.089646
details:        Pulliyar            aACA    -0.017115  -39.499750
dscore:            aACA f4:     0.000187 Z:     0.706170

gendstat:           MbutiPygmy           Anatolia_N     2.035
gendstat:           MbutiPygmy               Ami.SG     0.426
gendstat:           MbutiPygmy              Mixe.SG     0.294
gendstat:           MbutiPygmy         Ganj_Dareh_N     1.671
gendstat:           MbutiPygmy              Onge.DG    -0.719
gendstat:           MbutiPygmy           Villabruna    -0.631
gendstat:           MbutiPygmy           DevilsGate     1.828
gendstat:           MbutiPygmy                 aACA     0.706
gendstat:           Anatolia_N               Ami.SG    -1.313
gendstat:           Anatolia_N              Mixe.SG    -1.484
gendstat:           Anatolia_N         Ganj_Dareh_N    -0.068
gendstat:           Anatolia_N              Onge.DG    -2.572
gendstat:           Anatolia_N           Villabruna    -2.232
gendstat:           Anatolia_N           DevilsGate     0.439
gendstat:           Anatolia_N                 aACA    -1.428
gendstat:               Ami.SG              Mixe.SG    -0.153
gendstat:               Ami.SG         Ganj_Dareh_N     1.078
gendstat:               Ami.SG              Onge.DG    -1.194
gendstat:               Ami.SG           Villabruna    -0.935
gendstat:               Ami.SG           DevilsGate     1.674
gendstat:               Ami.SG                 aACA     0.240
gendstat:              Mixe.SG         Ganj_Dareh_N     1.190
gendstat:              Mixe.SG              Onge.DG    -0.965
gendstat:              Mixe.SG           Villabruna    -0.824
gendstat:              Mixe.SG           DevilsGate     1.691
gendstat:              Mixe.SG                 aACA     0.406
gendstat:         Ganj_Dareh_N              Onge.DG    -2.082
gendstat:         Ganj_Dareh_N           Villabruna    -1.858
gendstat:         Ganj_Dareh_N           DevilsGate     0.414
gendstat:         Ganj_Dareh_N                 aACA    -1.082
gendstat:              Onge.DG           Villabruna    -0.022
gendstat:              Onge.DG           DevilsGate     2.497
gendstat:              Onge.DG                 aACA     1.554
gendstat:           Villabruna           DevilsGate     2.114
gendstat:           Villabruna                 aACA     1.168
gendstat:           DevilsGate                 aACA    -1.731

## end of run
