/home/cliu7/utils/AdmixTools/bin/qpWave: parameter file: temp/param/qpAdm_Wambule.Upper_YR_LN.Sherpa.LC.Pulliyar.par7z94oz65
### THE INPUT PARAMETERS
##PARAMETER NAME: VALUE
DIR: data/intermediate
S1: illumina_all_merged.qpAdm
indivname: data/intermediate/illumina_all_merged.qpAdm.grouped2.ind
snpname: data/intermediate/illumina_all_merged.qpAdm.snp
genotypename: data/intermediate/illumina_all_merged.qpAdm.geno
popleft: temp/param/left.7z94oz65
popright: temp/param/right.7z94oz65
details: YES
## qpWave version: 410
packed geno read OK
end of inpack

left pops:
Wambule
Upper_YR_LN
Sherpa.LC
Pulliyar

right pops:
MbutiPygmy
Anatolia_N
Ami.SG
Mixe.SG
Ganj_Dareh_N
Onge.DG
Villabruna
DevilsGate
aACA

  0              Wambule   13
  1          Upper_YR_LN    7
  2            Sherpa.LC    9
  3             Pulliyar    5
  4           MbutiPygmy   13
  5           Anatolia_N   25
  6               Ami.SG    2
  7              Mixe.SG    3
  8         Ganj_Dareh_N    7
  9              Onge.DG    2
 10           Villabruna    1
 11           DevilsGate    4
 12                 aACA   32
jackknife block size:     0.050
snps: 222521  indivs: 123
number of blocks for block jackknife: 548
dof (jackknife):   464.554
numsnps used: 78832
f4info: 
f4rank: 0 dof:     24 chisq:  3804.047 tail:                    0 dofdiff:      0 chisqdiff:     0.000 taildiff:                    1

f4info: 
f4rank: 1 dof:     14 chisq:   109.724 tail:       6.32905779e-17 dofdiff:     10 chisqdiff:  3694.323 taildiff:                    0
B:
          scale     1.000 
     Anatolia_N    -0.141 
         Ami.SG     1.325 
        Mixe.SG     1.029 
   Ganj_Dareh_N    -0.280 
        Onge.DG     0.290 
     Villabruna    -0.074 
     DevilsGate     1.603 
           aACA     1.558 
A:
          scale   153.915 
    Upper_YR_LN     0.026 
      Sherpa.LC     0.051 
       Pulliyar    -1.731 

f4info: 
f4rank: 2 dof:      6 chisq:    17.295 tail:        0.00825652557 dofdiff:      8 chisqdiff:    92.428 taildiff:       1.49318087e-16
B:
          scale     1.000     1.000 
     Anatolia_N    -0.150     0.864 
         Ami.SG     1.347    -0.522 
        Mixe.SG     1.013     0.091 
   Ganj_Dareh_N    -0.295     0.944 
        Onge.DG     0.300     0.233 
     Villabruna    -0.094     1.201 
     DevilsGate     1.600    -0.571 
           aACA     1.547     2.064 
A:
          scale   155.207  2623.626 
    Upper_YR_LN     0.074    -1.201 
      Sherpa.LC     0.013     1.249 
       Pulliyar    -1.730    -0.003 

f4info: 
f4rank: 3 dof:      0 chisq:     0.000 tail:                    1 dofdiff:      6 chisqdiff:    17.295 taildiff:        0.00825652557
B:
          scale     1.000     1.000     1.000 
     Anatolia_N    -0.170     0.431     1.675 
         Ami.SG     1.351    -0.732    -0.343 
        Mixe.SG     1.020    -0.028    -0.230 
   Ganj_Dareh_N    -0.312     0.592     1.711 
        Onge.DG     0.322     0.278    -0.842 
     Villabruna    -0.093     1.326    -0.535 
     DevilsGate     1.583    -1.099     1.047 
           aACA     1.547     1.971     0.052 
A:
          scale   156.566  2741.125  3562.449 
    Upper_YR_LN     0.105    -1.328     1.106 
      Sherpa.LC     0.037     1.110     1.329 
       Pulliyar    -1.728    -0.057     0.095 

## end of run
