/home/cliu7/utils/AdmixTools/bin/qpWave: parameter file: temp/param/qpAdm_Upper_YR_LN.Sherpa.LC.parif6hlg4q
### THE INPUT PARAMETERS
##PARAMETER NAME: VALUE
DIR: data/intermediate
S1: HO_all_merged.qpAdm
indivname: data/intermediate/HO_all_merged.qpAdm.grouped.ind
snpname: data/intermediate/HO_all_merged.qpAdm.snp
genotypename: data/intermediate/HO_all_merged.qpAdm.geno
popleft: temp/param/left.if6hlg4q
popright: temp/param/right.if6hlg4q
details: YES
## qpWave version: 410
packed geno read OK
end of inpack

left pops:
Upper_YR_LN
Sherpa.LC

right pops:
Mbuti
Anatolia_N
Ami
Mixe
Ganj_Dareh_N
Onge
Villabruna

  0          Upper_YR_LN    6
  1            Sherpa.LC    9
  2                Mbuti   10
  3           Anatolia_N   25
  4                  Ami   10
  5                 Mixe   10
  6         Ganj_Dareh_N    7
  7                 Onge   12
  8           Villabruna    1
jackknife block size:     0.050
snps: 498990  indivs: 90
number of blocks for block jackknife: 710
dof (jackknife):   582.879
numsnps used: 436082
f4info: 
f4rank: 0 dof:      6 chisq:    87.875 tail:       8.36682538e-17 dofdiff:      0 chisqdiff:     0.000 taildiff:                    1

f4info: 
f4rank: 1 dof:      0 chisq:     0.000 tail:                    1 dofdiff:      6 chisqdiff:    87.875 taildiff:       8.36682538e-17
B:
          scale     1.000 
     Anatolia_N    -0.144 
            Ami     2.053 
           Mixe     1.215 
   Ganj_Dareh_N     0.132 
           Onge     0.520 
     Villabruna    -0.054 
A:
          scale  1292.264 
      Sherpa.LC    -1.000 

## end of run
