/home/cliu7/utils/AdmixTools/bin/qpAdm: parameter file: temp/param/qpAdm_Brokkat.Naga.Sherpa.LC.Pulliyar.par7cktuz72
### THE INPUT PARAMETERS
##PARAMETER NAME: VALUE
DIR: data/intermediate
S1: illumina_all_merged.qpAdm
indivname: data/intermediate/illumina_all_merged.qpAdm.grouped2.ind
snpname: data/intermediate/illumina_all_merged.qpAdm.snp
genotypename: data/intermediate/illumina_all_merged.qpAdm.geno
popleft: temp/param/left.7cktuz72
popright: temp/param/right.7cktuz72
details: YES
## qpAdm version: 810
seed: 517416577
packed geno read OK
end of inpack

left pops:
Brokkat
Naga
Sherpa.LC
Pulliyar

right pops:
Mbuti
Anatolia_N
Ami.DG
Mixe.DG
Ganj_Dareh_N
Onge.DG
Villabruna
DevilsGate
aACA

  0              Brokkat   16
  1                 Naga    4
  2            Sherpa.LC    9
  3             Pulliyar    5
  4                Mbuti   13
  5           Anatolia_N   25
  6               Ami.DG    2
  7              Mixe.DG    3
  8         Ganj_Dareh_N    7
  9              Onge.DG    2
 10           Villabruna    1
 11           DevilsGate    4
 12                 aACA   32
jackknife block size:     0.050
snps: 234294  indivs: 123
number of blocks for block jackknife: 548
## ncols: 234294
coverage:              Brokkat 234294
coverage:                 Naga 234294
coverage:            Sherpa.LC 117394
coverage:             Pulliyar 234294
coverage:                Mbuti 234294
coverage:           Anatolia_N 117047
coverage:               Ami.DG 228808
coverage:              Mixe.DG 228825
coverage:         Ganj_Dareh_N 104920
coverage:              Onge.DG 228703
coverage:           Villabruna  86810
coverage:           DevilsGate 117364
coverage:                 aACA 120350
dof (jackknife):   466.904
numsnps used: 83886
codimension 1
f4info: 
f4rank: 2 dof:      6 chisq:     5.606 tail:          0.468728654 dofdiff:      8 chisqdiff:    -5.606 taildiff:                    1
B:
          scale     1.000     1.000 
     Anatolia_N    -0.139     0.939 
         Ami.DG     1.353    -0.875 
        Mixe.DG     1.017    -0.647 
   Ganj_Dareh_N    -0.274     0.748 
        Onge.DG     0.316    -0.270 
     Villabruna    -0.087     0.335 
     DevilsGate     1.557    -0.062 
           aACA     1.583     2.277 
A:
          scale   160.227  3152.402 
           Naga     0.085    -1.660 
      Sherpa.LC     0.004     0.265 
       Pulliyar    -1.730    -0.417 


full rank
f4info: 
f4rank: 3 dof:      0 chisq:     0.000 tail:                    1 dofdiff:      6 chisqdiff:     5.606 taildiff:          0.468728654
B:
          scale     1.000     1.000     1.000 
     Anatolia_N    -0.123     1.090     0.071 
         Ami.DG     1.337    -1.337     0.295 
        Mixe.DG     1.016    -0.914    -0.602 
   Ganj_Dareh_N    -0.254     0.939    -0.465 
        Onge.DG     0.324    -0.255    -0.570 
     Villabruna    -0.074     0.553    -0.332 
     DevilsGate     1.567    -0.508    -0.431 
           aACA     1.592     1.636     2.590 
A:
          scale   164.623  2873.524  3661.225 
           Naga     0.077    -1.234    -0.511 
      Sherpa.LC     0.066     1.058    -1.171 
       Pulliyar    -1.729     0.599    -1.170 


best coefficients:     0.134     0.857     0.009 
Jackknife mean:      0.138214087     0.853119164     0.008666748 
      std. errors:     0.091     0.092     0.009 

error covariance (* 1000000)
      8356      -8380         24 
     -8380       8491       -111 
        24       -111         87 


summ: Brokkat    3      0.468729     0.138     0.853     0.009  8356 -8380    24  8491  -111    87 

    fixed pat  wt  dof     chisq       tail prob
          000  0     6     5.606        0.468729     0.134     0.857     0.009 
          001  1     7    95.970     7.31722e-18    -0.301     1.301    -0.000  infeasible
          010  1     7    72.963     3.71415e-13     0.981    -0.000     0.019 
          100  1     7     7.293         0.39903    -0.000     0.992     0.008 
          011  2     8    76.986     1.97253e-13     1.000     0.000    -0.000 
          101  2     8     7.955        0.437895     0.000     1.000    -0.000 
          110  2     8  3335.087               0     0.000    -0.000     1.000 
best pat:          000         0.468729              -  -
best pat:          100          0.39903  chi(nested):     1.687 p-value for nested model:        0.194017
best pat:          101         0.437895  chi(nested):     0.662 p-value for nested model:        0.415892

coeffs:     0.134     0.857     0.009 

## dscore:: f_4(Base, Fit, Rbase, right2)
## genstat:: f_4(Base, Fit, right1, right2)

details:            Naga      Anatolia_N    -0.000642   -2.318190
details:       Sherpa.LC      Anatolia_N     0.000290    1.223347
details:        Pulliyar      Anatolia_N     0.001391    3.736671
dscore:      Anatolia_N f4:     0.000174 Z:     0.786286

details:            Naga          Ami.DG     0.001031    3.069279
details:       Sherpa.LC          Ami.DG    -0.000090   -0.289557
details:        Pulliyar          Ami.DG    -0.014584  -31.381297
dscore:          Ami.DG f4:    -0.000063 Z:    -0.219549

details:            Naga         Mixe.DG     0.000902    2.617857
details:       Sherpa.LC         Mixe.DG     0.000219    0.732824
details:        Pulliyar         Mixe.DG    -0.010873  -22.121563
dscore:         Mixe.DG f4:     0.000216 Z:     0.787078

details:            Naga    Ganj_Dareh_N    -0.000547   -1.685543
details:       Sherpa.LC    Ganj_Dareh_N     0.000369    1.255654
details:        Pulliyar    Ganj_Dareh_N     0.002887    6.294184
dscore:    Ganj_Dareh_N f4:     0.000267 Z:     0.985589

details:            Naga         Onge.DG     0.000306    0.943221
details:       Sherpa.LC         Onge.DG     0.000182    0.626699
details:        Pulliyar         Onge.DG    -0.003339   -7.190123
dscore:         Onge.DG f4:     0.000168 Z:     0.627656

details:            Naga      Villabruna    -0.000346   -0.794364
details:       Sherpa.LC      Villabruna     0.000268    0.693597
details:        Pulliyar      Villabruna     0.000871    1.446549
dscore:      Villabruna f4:     0.000191 Z:     0.534137

details:            Naga      DevilsGate     0.000928    2.627040
details:       Sherpa.LC      DevilsGate     0.000530    1.617753
details:        Pulliyar      DevilsGate    -0.016706  -32.562292
dscore:      DevilsGate f4:     0.000436 Z:     1.449328

details:            Naga            aACA    -0.000391   -1.443845
details:       Sherpa.LC            aACA     0.000367    1.436802
details:        Pulliyar            aACA    -0.017392  -42.551620
dscore:            aACA f4:     0.000113 Z:     0.483872

gendstat:                Mbuti           Anatolia_N     0.786
gendstat:                Mbuti               Ami.DG    -0.220
gendstat:                Mbuti              Mixe.DG     0.787
gendstat:                Mbuti         Ganj_Dareh_N     0.986
gendstat:                Mbuti              Onge.DG     0.628
gendstat:                Mbuti           Villabruna     0.534
gendstat:                Mbuti           DevilsGate     1.449
gendstat:                Mbuti                 aACA     0.484
gendstat:           Anatolia_N               Ami.DG    -0.885
gendstat:           Anatolia_N              Mixe.DG     0.167
gendstat:           Anatolia_N         Ganj_Dareh_N     0.401
gendstat:           Anatolia_N              Onge.DG    -0.022
gendstat:           Anatolia_N           Villabruna     0.057
gendstat:           Anatolia_N           DevilsGate     0.933
gendstat:           Anatolia_N                 aACA    -0.289
gendstat:               Ami.DG              Mixe.DG     1.017
gendstat:               Ami.DG         Ganj_Dareh_N     1.073
gendstat:               Ami.DG              Onge.DG     0.808
gendstat:               Ami.DG           Villabruna     0.673
gendstat:               Ami.DG           DevilsGate     1.801
gendstat:               Ami.DG                 aACA     0.802
gendstat:              Mixe.DG         Ganj_Dareh_N     0.167
gendstat:              Mixe.DG              Onge.DG    -0.164
gendstat:              Mixe.DG           Villabruna    -0.069
gendstat:              Mixe.DG           DevilsGate     0.747
gendstat:              Mixe.DG                 aACA    -0.468
gendstat:         Ganj_Dareh_N              Onge.DG    -0.330
gendstat:         Ganj_Dareh_N           Villabruna    -0.210
gendstat:         Ganj_Dareh_N           DevilsGate     0.513
gendstat:         Ganj_Dareh_N                 aACA    -0.573
gendstat:              Onge.DG           Villabruna     0.062
gendstat:              Onge.DG           DevilsGate     0.889
gendstat:              Onge.DG                 aACA    -0.235
gendstat:           Villabruna           DevilsGate     0.647
gendstat:           Villabruna                 aACA    -0.233
gendstat:           DevilsGate                 aACA    -1.353

## end of run
