/home/cliu7/utils/AdmixTools/bin/qpAdm: parameter file: temp/param/qpAdm_Brokkat.Upper_YR_LN.Sherpa.LC.Dai.pariiozrnou
### THE INPUT PARAMETERS
##PARAMETER NAME: VALUE
DIR: data/intermediate
S1: illumina_all_merged.qpAdm
indivname: data/intermediate/illumina_all_merged.qpAdm.grouped2.ind
snpname: data/intermediate/illumina_all_merged.qpAdm.snp
genotypename: data/intermediate/illumina_all_merged.qpAdm.geno
popleft: temp/param/left.iiozrnou
popright: temp/param/right.iiozrnou
details: YES
## qpAdm version: 810
seed: 1693866953
packed geno read OK
end of inpack

left pops:
Brokkat
Upper_YR_LN
Sherpa.LC
Dai

right pops:
Mbuti
Anatolia_N
Ami.DG
Mixe.DG
Ganj_Dareh_N
Onge.DG
Villabruna
DevilsGate
aACA

  0              Brokkat   16
  1          Upper_YR_LN    7
  2            Sherpa.LC    9
  3                  Dai   10
  4                Mbuti   13
  5           Anatolia_N   25
  6               Ami.DG    2
  7              Mixe.DG    3
  8         Ganj_Dareh_N    7
  9              Onge.DG    2
 10           Villabruna    1
 11           DevilsGate    4
 12                 aACA   32
jackknife block size:     0.050
snps: 234294  indivs: 131
number of blocks for block jackknife: 548
## ncols: 234294
coverage:              Brokkat 234294
coverage:          Upper_YR_LN 232854
coverage:            Sherpa.LC 117394
coverage:                  Dai 234294
coverage:                Mbuti 234294
coverage:           Anatolia_N 117047
coverage:               Ami.DG 228808
coverage:              Mixe.DG 228825
coverage:         Ganj_Dareh_N 104920
coverage:              Onge.DG 228703
coverage:           Villabruna  86810
coverage:           DevilsGate 117364
coverage:                 aACA 120350
dof (jackknife):   467.077
numsnps used: 83972
codimension 1
f4info: 
f4rank: 2 dof:      6 chisq:     2.575 tail:          0.859966239 dofdiff:      8 chisqdiff:    -2.575 taildiff:                    1
B:
          scale     1.000     1.000 
     Anatolia_N     0.375    -0.109 
         Ami.DG    -2.083     0.081 
        Mixe.DG     0.172     0.986 
   Ganj_Dareh_N     0.219    -0.291 
        Onge.DG    -0.078     0.067 
     Villabruna     0.362    -0.882 
     DevilsGate     0.094     2.469 
           aACA     1.816     0.219 
A:
          scale   823.355  2121.260 
    Upper_YR_LN    -0.400     1.698 
      Sherpa.LC     0.096     0.230 
            Dai    -1.682    -0.254 


full rank
f4info: 
f4rank: 3 dof:      0 chisq:     0.000 tail:                    1 dofdiff:      6 chisqdiff:     2.575 taildiff:          0.859966239
B:
          scale     1.000     1.000     1.000 
     Anatolia_N     0.403    -0.086     0.233 
         Ami.DG    -2.067     0.197     1.996 
        Mixe.DG     0.178     0.970    -0.367 
   Ganj_Dareh_N     0.266    -0.281     0.799 
        Onge.DG    -0.056     0.078     0.425 
     Villabruna     0.393    -0.849     0.736 
     DevilsGate     0.120     2.484    -0.553 
           aACA     1.814     0.192    -1.470 
A:
          scale   886.590  1998.098  3656.031 
    Upper_YR_LN    -0.378     1.650     0.115 
      Sherpa.LC     0.432     0.526     1.490 
            Dai    -1.634    -0.027     0.876 


best coefficients:    -0.127     1.038     0.090 
Jackknife mean:     -0.114707078     1.027995193     0.086711885 
      std. errors:     0.139     0.105     0.046 

error covariance (* 1000000)
     19396     -14146      -5250 
    -14146      11052       3094 
     -5250       3094       2156 


summ: Brokkat    3      0.859966    -0.115     1.028     0.087 19396 -14146 -5250 11052  3094  2156 

    fixed pat  wt  dof     chisq       tail prob
          000  0     6     2.575        0.859966    -0.127     1.038     0.090  infeasible
          001  1     7     7.398         0.38863     0.071     0.929    -0.000 
          010  1     7    43.600      2.5546e-07     1.333     0.000    -0.333  infeasible
          100  1     7     3.683        0.815451    -0.000     0.945     0.055 
          011  2     8    95.638     3.31651e-17     1.000     0.000    -0.000 
          101  2     8     7.909        0.442443     0.000     1.000    -0.000 
          110  2     8  1284.132               0     0.000    -0.000     1.000 
best pat:          000         0.859966              -  -
best pat:          100         0.815451  chi(nested):     1.108 p-value for nested model:         0.29249
best pat:          101         0.442443  chi(nested):     4.225 p-value for nested model:       0.0398232

coeffs:    -0.127     1.038     0.090 

## dscore:: f_4(Base, Fit, Rbase, right2)
## genstat:: f_4(Base, Fit, right1, right2)

details:     Upper_YR_LN      Anatolia_N    -0.000220   -0.618924
details:       Sherpa.LC      Anatolia_N     0.000285    1.209668
details:             Dai      Anatolia_N    -0.000691   -3.136696
dscore:      Anatolia_N f4:     0.000262 Z:     1.067599

details:     Upper_YR_LN          Ami.DG     0.001145    2.657153
details:       Sherpa.LC          Ami.DG    -0.000111   -0.361238
details:             Dai          Ami.DG     0.004299   14.656235
dscore:          Ami.DG f4:     0.000125 Z:     0.387336

details:     Upper_YR_LN         Mixe.DG     0.000740    1.777121
details:       Sherpa.LC         Mixe.DG     0.000213    0.716857
details:             Dai         Mixe.DG    -0.000422   -1.433611
dscore:         Mixe.DG f4:     0.000089 Z:     0.287957

details:     Upper_YR_LN    Ganj_Dareh_N    -0.000312   -0.733751
details:       Sherpa.LC    Ganj_Dareh_N     0.000397    1.363032
details:             Dai    Ganj_Dareh_N    -0.000306   -1.088416
dscore:    Ganj_Dareh_N f4:     0.000424 Z:     1.396038

details:     Upper_YR_LN         Onge.DG     0.000125    0.283450
details:       Sherpa.LC         Onge.DG     0.000185    0.641829
details:             Dai         Onge.DG     0.000204    0.688166
dscore:         Onge.DG f4:     0.000194 Z:     0.652038

details:     Upper_YR_LN      Villabruna    -0.000845   -1.589885
details:       Sherpa.LC      Villabruna     0.000290    0.754031
details:             Dai      Villabruna    -0.000543   -1.495872
dscore:      Villabruna f4:     0.000360 Z:     0.899009

details:     Upper_YR_LN      DevilsGate     0.002015    4.137507
details:       Sherpa.LC      DevilsGate     0.000513    1.575020
details:             Dai      DevilsGate    -0.000383   -1.204503
dscore:      DevilsGate f4:     0.000241 Z:     0.717456

details:     Upper_YR_LN            aACA    -0.000633   -1.806334
details:       Sherpa.LC            aACA     0.000359    1.411701
details:             Dai            aACA    -0.003692  -16.022359
dscore:            aACA f4:     0.000122 Z:     0.463901

gendstat:                Mbuti           Anatolia_N     1.068
gendstat:                Mbuti               Ami.DG     0.387
gendstat:                Mbuti              Mixe.DG     0.288
gendstat:                Mbuti         Ganj_Dareh_N     1.396
gendstat:                Mbuti              Onge.DG     0.652
gendstat:                Mbuti           Villabruna     0.899
gendstat:                Mbuti           DevilsGate     0.717
gendstat:                Mbuti                 aACA     0.464
gendstat:           Anatolia_N               Ami.DG    -0.453
gendstat:           Anatolia_N              Mixe.DG    -0.614
gendstat:           Anatolia_N         Ganj_Dareh_N     0.633
gendstat:           Anatolia_N              Onge.DG    -0.237
gendstat:           Anatolia_N           Villabruna     0.298
gendstat:           Anatolia_N           DevilsGate    -0.066
gendstat:           Anatolia_N                 aACA    -0.598
gendstat:               Ami.DG              Mixe.DG    -0.114
gendstat:               Ami.DG         Ganj_Dareh_N     0.865
gendstat:               Ami.DG              Onge.DG     0.217
gendstat:               Ami.DG           Villabruna     0.549
gendstat:               Ami.DG           DevilsGate     0.370
gendstat:               Ami.DG                 aACA    -0.012
gendstat:              Mixe.DG         Ganj_Dareh_N     0.963
gendstat:              Mixe.DG              Onge.DG     0.326
gendstat:              Mixe.DG           Villabruna     0.645
gendstat:              Mixe.DG           DevilsGate     0.452
gendstat:              Mixe.DG                 aACA     0.130
gendstat:         Ganj_Dareh_N              Onge.DG    -0.690
gendstat:         Ganj_Dareh_N           Villabruna    -0.155
gendstat:         Ganj_Dareh_N           DevilsGate    -0.492
gendstat:         Ganj_Dareh_N                 aACA    -0.996
gendstat:              Onge.DG           Villabruna     0.405
gendstat:              Onge.DG           DevilsGate     0.138
gendstat:              Onge.DG                 aACA    -0.277
gendstat:           Villabruna           DevilsGate    -0.278
gendstat:           Villabruna                 aACA    -0.632
gendstat:           DevilsGate                 aACA    -0.441

## end of run
