/home/cliu7/utils/AdmixTools/bin/qpAdm: parameter file: temp/param/qpAdm_Brokpa.YR_MN.Sherpa.LC.Pathan.paryxbpn8xr
### THE INPUT PARAMETERS
##PARAMETER NAME: VALUE
DIR: data/intermediate
S1: illumina_all_merged.qpAdm
indivname: data/intermediate/illumina_all_merged.qpAdm.grouped2.ind
snpname: data/intermediate/illumina_all_merged.qpAdm.snp
genotypename: data/intermediate/illumina_all_merged.qpAdm.geno
popleft: temp/param/left.yxbpn8xr
popright: temp/param/right.yxbpn8xr
details: YES
## qpAdm version: 810
seed: -573708421
packed geno read OK
end of inpack

left pops:
Brokpa
YR_MN
Sherpa.LC
Pathan

right pops:
Mbuti
Anatolia_N
Ami.DG
Mixe.DG
Ganj_Dareh_N
Onge.DG
Villabruna
DevilsGate
aACA

  0               Brokpa   14
  1                YR_MN    8
  2            Sherpa.LC    9
  3               Pathan   22
  4                Mbuti   13
  5           Anatolia_N   25
  6               Ami.DG    2
  7              Mixe.DG    3
  8         Ganj_Dareh_N    7
  9              Onge.DG    2
 10           Villabruna    1
 11           DevilsGate    4
 12                 aACA   32
jackknife block size:     0.050
snps: 234294  indivs: 142
number of blocks for block jackknife: 548
## ncols: 234294
coverage:               Brokpa 234294
coverage:                YR_MN 232597
coverage:            Sherpa.LC 117394
coverage:               Pathan 234294
coverage:                Mbuti 234294
coverage:           Anatolia_N 117047
coverage:               Ami.DG 228808
coverage:              Mixe.DG 228825
coverage:         Ganj_Dareh_N 104920
coverage:              Onge.DG 228703
coverage:           Villabruna  86810
coverage:           DevilsGate 117364
coverage:                 aACA 120350
dof (jackknife):   465.376
numsnps used: 82090
codimension 1
f4info: 
f4rank: 2 dof:      6 chisq:     6.051 tail:          0.417517117 dofdiff:      8 chisqdiff:    -6.051 taildiff:                    1
B:
          scale     1.000     1.000 
     Anatolia_N    -0.556    -0.024 
         Ami.DG     1.364    -1.245 
        Mixe.DG     0.818    -0.194 
   Ganj_Dareh_N    -0.586     0.004 
        Onge.DG     0.591    -0.040 
     Villabruna    -0.417     0.153 
     DevilsGate     1.432    -0.075 
           aACA     1.499     2.526 
A:
          scale   123.806  1649.204 
          YR_MN     0.128    -1.692 
      Sherpa.LC     0.005     0.290 
         Pathan    -1.727    -0.228 


full rank
f4info: 
f4rank: 3 dof:      0 chisq:     0.000 tail:                    1 dofdiff:      6 chisqdiff:     6.051 taildiff:          0.417517117
B:
          scale     1.000     1.000     1.000 
     Anatolia_N    -0.535     0.280     0.855 
         Ami.DG     1.349    -1.619     0.608 
        Mixe.DG     0.813    -0.404    -0.093 
   Ganj_Dareh_N    -0.571     0.304     0.689 
        Onge.DG     0.588    -0.149    -0.223 
     Villabruna    -0.401     0.441     0.505 
     DevilsGate     1.443    -0.443     0.143 
           aACA     1.523     2.152    -2.468 
A:
          scale   128.080  1517.595  1797.940 
          YR_MN     0.121    -1.168     0.558 
      Sherpa.LC     0.073     0.961     1.067 
         Pathan    -1.726     0.843     1.245 


best coefficients:     0.143     0.844     0.013 
Jackknife mean:      0.143925963     0.842840420     0.013233618 
      std. errors:     0.044     0.043     0.007 

error covariance (* 1000000)
      1901      -1869        -33 
     -1869       1879        -10 
       -33        -10         42 


summ: Brokpa    3      0.417517     0.144     0.843     0.013  1901 -1869   -33  1879   -10    42 

    fixed pat  wt  dof     chisq       tail prob
          000  0     6     6.051        0.417517     0.143     0.844     0.013 
          001  1     7   191.340               0     1.485    -0.485    -0.000  infeasible
          010  1     7   149.215     5.93468e-29     0.997    -0.000     0.003 
          100  1     7    15.428       0.0308909    -0.000     0.985     0.015 
          011  2     8   150.767     1.35668e-28     1.000     0.000    -0.000 
          101  2     8    20.412      0.00888559     0.000     1.000    -0.000 
          110  2     8  7612.761               0     0.000     0.000     1.000 
best pat:          000         0.417517              -  -
best pat:          100        0.0308909  chi(nested):     9.377 p-value for nested model:      0.00219738
best pat:          101       0.00888559  chi(nested):     4.984 p-value for nested model:       0.0255826

coeffs:     0.143     0.844     0.013 

## dscore:: f_4(Base, Fit, Rbase, right2)
## genstat:: f_4(Base, Fit, right1, right2)

details:           YR_MN      Anatolia_N    -0.000514   -1.433209
details:       Sherpa.LC      Anatolia_N     0.000373    1.503337
details:          Pathan      Anatolia_N     0.007868   25.211989
dscore:      Anatolia_N f4:     0.000345 Z:     1.536897

details:           YR_MN          Ami.DG     0.002747    6.000971
details:       Sherpa.LC          Ami.DG     0.000148    0.479686
details:          Pathan          Ami.DG    -0.018789  -45.947709
dscore:          Ami.DG f4:     0.000270 Z:     0.966143

details:           YR_MN         Mixe.DG     0.000857    1.804805
details:       Sherpa.LC         Mixe.DG     0.000132    0.419634
details:          Pathan         Mixe.DG    -0.011409  -25.498618
dscore:         Mixe.DG f4:     0.000084 Z:     0.292332

details:           YR_MN    Ganj_Dareh_N    -0.000502   -1.042237
details:       Sherpa.LC    Ganj_Dareh_N     0.000339    1.104790
details:          Pathan    Ganj_Dareh_N     0.008352   21.851399
dscore:    Ganj_Dareh_N f4:     0.000325 Z:     1.150973

details:           YR_MN         Onge.DG     0.000466    1.031647
details:       Sherpa.LC         Onge.DG     0.000103    0.338209
details:          Pathan         Onge.DG    -0.008249  -20.533843
dscore:         Onge.DG f4:     0.000045 Z:     0.163060

details:           YR_MN      Villabruna    -0.000658   -1.147613
details:       Sherpa.LC      Villabruna     0.000423    1.121853
details:          Pathan      Villabruna     0.005931   11.730264
dscore:      Villabruna f4:     0.000341 Z:     1.005814

details:           YR_MN      DevilsGate     0.001643    3.226913
details:       Sherpa.LC      DevilsGate     0.000637    1.962027
details:          Pathan      DevilsGate    -0.019865  -46.122379
dscore:      DevilsGate f4:     0.000511 Z:     1.724656

details:           YR_MN            aACA    -0.001056   -2.713946
details:       Sherpa.LC            aACA     0.000773    3.060375
details:          Pathan            aACA    -0.021195  -58.610550
dscore:            aACA f4:     0.000222 Z:     0.963309

gendstat:                Mbuti           Anatolia_N     1.537
gendstat:                Mbuti               Ami.DG     0.966
gendstat:                Mbuti              Mixe.DG     0.292
gendstat:                Mbuti         Ganj_Dareh_N     1.151
gendstat:                Mbuti              Onge.DG     0.163
gendstat:                Mbuti           Villabruna     1.006
gendstat:                Mbuti           DevilsGate     1.725
gendstat:                Mbuti                 aACA     0.963
gendstat:           Anatolia_N               Ami.DG    -0.281
gendstat:           Anatolia_N              Mixe.DG    -0.975
gendstat:           Anatolia_N         Ganj_Dareh_N    -0.087
gendstat:           Anatolia_N              Onge.DG    -1.141
gendstat:           Anatolia_N           Villabruna    -0.014
gendstat:           Anatolia_N           DevilsGate     0.577
gendstat:           Anatolia_N                 aACA    -0.584
gendstat:               Ami.DG              Mixe.DG    -0.700
gendstat:               Ami.DG         Ganj_Dareh_N     0.177
gendstat:               Ami.DG              Onge.DG    -0.750
gendstat:               Ami.DG           Villabruna     0.188
gendstat:               Ami.DG           DevilsGate     0.885
gendstat:               Ami.DG                 aACA    -0.232
gendstat:              Mixe.DG         Ganj_Dareh_N     0.763
gendstat:              Mixe.DG              Onge.DG    -0.129
gendstat:              Mixe.DG           Villabruna     0.693
gendstat:              Mixe.DG           DevilsGate     1.439
gendstat:              Mixe.DG                 aACA     0.602
gendstat:         Ganj_Dareh_N              Onge.DG    -0.867
gendstat:         Ganj_Dareh_N           Villabruna     0.044
gendstat:         Ganj_Dareh_N           DevilsGate     0.566
gendstat:         Ganj_Dareh_N                 aACA    -0.373
gendstat:              Onge.DG           Villabruna     0.820
gendstat:              Onge.DG           DevilsGate     1.480
gendstat:              Onge.DG                 aACA     0.711
gendstat:           Villabruna           DevilsGate     0.469
gendstat:           Villabruna                 aACA    -0.369
gendstat:           DevilsGate                 aACA    -1.191

## end of run
