/home/cliu7/utils/AdmixTools/bin/qpWave: parameter file: temp/param/qpAdm_Brokkat.Naga.Sherpa.LC.Dai.parz_sqt6ol
### THE INPUT PARAMETERS
##PARAMETER NAME: VALUE
DIR: data/intermediate
S1: illumina_all_merged.qpAdm
indivname: data/intermediate/illumina_all_merged.qpAdm.grouped2.ind
snpname: data/intermediate/illumina_all_merged.qpAdm.snp
genotypename: data/intermediate/illumina_all_merged.qpAdm.geno
popleft: temp/param/left.z_sqt6ol
popright: temp/param/right.z_sqt6ol
details: YES
## qpWave version: 410
packed geno read OK
end of inpack

left pops:
Brokkat
Naga
Sherpa.LC
Dai

right pops:
Mbuti
Anatolia_N
Ami.DG
Mixe.DG
Ganj_Dareh_N
Onge.DG
Villabruna
DevilsGate
aACA

  0              Brokkat   16
  1                 Naga    4
  2            Sherpa.LC    9
  3                  Dai   10
  4                Mbuti   13
  5           Anatolia_N   25
  6               Ami.DG    2
  7              Mixe.DG    3
  8         Ganj_Dareh_N    7
  9              Onge.DG    2
 10           Villabruna    1
 11           DevilsGate    4
 12                 aACA   32
jackknife block size:     0.050
snps: 234294  indivs: 128
number of blocks for block jackknife: 548
dof (jackknife):   467.133
numsnps used: 84257
f4info: 
f4rank: 0 dof:     24 chisq:  1612.602 tail:                    0 dofdiff:      0 chisqdiff:     0.000 taildiff:                    1

f4info: 
f4rank: 1 dof:     14 chisq:    46.464 tail:       2.35419162e-05 dofdiff:     10 chisqdiff:  1566.138 taildiff:                    0
B:
          scale     1.000 
     Anatolia_N     0.310 
         Ami.DG    -2.107 
        Mixe.DG     0.278 
   Ganj_Dareh_N     0.132 
        Onge.DG    -0.033 
     Villabruna     0.262 
     DevilsGate     0.283 
           aACA     1.794 
A:
          scale   817.540 
           Naga    -0.318 
      Sherpa.LC     0.096 
            Dai    -1.700 

f4info: 
f4rank: 2 dof:      6 chisq:     3.541 tail:          0.738465476 dofdiff:      8 chisqdiff:    42.922 taildiff:       9.08567822e-07
B:
          scale     1.000     1.000 
     Anatolia_N     0.431    -1.078 
         Ami.DG    -2.093     0.194 
        Mixe.DG     0.119     1.582 
   Ganj_Dareh_N     0.262    -1.099 
        Onge.DG    -0.093     0.295 
     Villabruna     0.331    -0.613 
     DevilsGate     0.177     1.546 
           aACA     1.789     0.489 
A:
          scale   826.934  3172.194 
           Naga    -0.333     1.680 
      Sherpa.LC     0.095     0.074 
            Dai    -1.697    -0.414 

f4info: 
f4rank: 3 dof:      0 chisq:     0.000 tail:                    1 dofdiff:      6 chisqdiff:     3.541 taildiff:          0.738465476
B:
          scale     1.000     1.000     1.000 
     Anatolia_N     0.391    -0.737     1.351 
         Ami.DG    -2.128     0.387     0.688 
        Mixe.DG     0.107     1.677    -0.088 
   Ganj_Dareh_N     0.205    -0.662     1.740 
        Onge.DG    -0.121     0.510     0.534 
     Villabruna     0.297    -0.302     1.080 
     DevilsGate     0.104     1.835     1.096 
           aACA     1.775     0.581     0.122 
A:
          scale   830.666  2974.405  6875.303 
           Naga    -0.331     1.660    -0.368 
      Sherpa.LC     0.121     0.397     1.682 
            Dai    -1.696    -0.295     0.191 

## end of run
