/home/cliu7/utils/AdmixTools/bin/qpAdm: parameter file: temp/param/qpAdm_Brokpa.Naga.Sherpa.LC.Han.par3emwz8_8
### THE INPUT PARAMETERS
##PARAMETER NAME: VALUE
DIR: data/intermediate
S1: illumina_all_merged.qpAdm
indivname: data/intermediate/illumina_all_merged.qpAdm.grouped2.ind
snpname: data/intermediate/illumina_all_merged.qpAdm.snp
genotypename: data/intermediate/illumina_all_merged.qpAdm.geno
popleft: temp/param/left.3emwz8_8
popright: temp/param/right.3emwz8_8
details: YES
## qpAdm version: 810
seed: 2054603569
packed geno read OK
end of inpack

left pops:
Brokpa
Naga
Sherpa.LC
Han

right pops:
Mbuti
Anatolia_N
Ami.DG
Mixe.DG
Ganj_Dareh_N
Onge.DG
Villabruna
DevilsGate
aACA

  0               Brokpa   14
  1                 Naga    4
  2            Sherpa.LC    9
  3                  Han   44
  4                Mbuti   13
  5           Anatolia_N   25
  6               Ami.DG    2
  7              Mixe.DG    3
  8         Ganj_Dareh_N    7
  9              Onge.DG    2
 10           Villabruna    1
 11           DevilsGate    4
 12                 aACA   32
jackknife block size:     0.050
snps: 234294  indivs: 160
number of blocks for block jackknife: 548
## ncols: 234294
coverage:               Brokpa 234294
coverage:                 Naga 234294
coverage:            Sherpa.LC 117394
coverage:                  Han 234294
coverage:                Mbuti 234294
coverage:           Anatolia_N 117047
coverage:               Ami.DG 228808
coverage:              Mixe.DG 228825
coverage:         Ganj_Dareh_N 104920
coverage:              Onge.DG 228703
coverage:           Villabruna  86810
coverage:           DevilsGate 117364
coverage:                 aACA 120350
dof (jackknife):   466.565
numsnps used: 83592
codimension 1
f4info: 
f4rank: 2 dof:      6 chisq:     9.938 tail:          0.127304883 dofdiff:      8 chisqdiff:    -9.938 taildiff:                    1
B:
          scale     1.000     1.000 
     Anatolia_N    -0.212     1.136 
         Ami.DG     2.411     1.679 
        Mixe.DG     0.639    -0.649 
   Ganj_Dareh_N    -0.199     1.215 
        Onge.DG     0.223     0.092 
     Villabruna    -0.152     0.442 
     DevilsGate     0.917    -0.346 
           aACA    -0.885    -1.292 
A:
          scale   936.710  3902.313 
           Naga     0.716    -1.686 
      Sherpa.LC    -0.151    -0.173 
            Han     1.570     0.359 


full rank
f4info: 
f4rank: 3 dof:      0 chisq:     0.000 tail:                    1 dofdiff:      6 chisqdiff:     9.938 taildiff:          0.127304883
B:
          scale     1.000     1.000     1.000 
     Anatolia_N    -0.108     0.255     1.605 
         Ami.DG     2.439    -1.357     0.339 
        Mixe.DG     0.620     0.233    -1.137 
   Ganj_Dareh_N    -0.072     0.188     1.619 
        Onge.DG     0.243     0.020    -0.118 
     Villabruna    -0.052     0.574     0.705 
     DevilsGate     1.002     0.894    -0.761 
           aACA    -0.766     2.208    -0.554 
A:
          scale   911.759  3514.635  4601.237 
           Naga     0.576     0.436    -1.563 
      Sherpa.LC     0.270     1.672     0.741 
            Han     1.611    -0.111     0.080 


best coefficients:    -0.071     0.947     0.124 
Jackknife mean:      0.026874819     0.879736700     0.093388480 
      std. errors:     0.424     0.292     0.138 

error covariance (* 1000000)
    180032    -123052     -56981 
   -123052      85112      37940 
    -56981      37940      19041 


summ: Brokpa    3      0.127305     0.027     0.880     0.093 180032 -123052 -56981 85112 37940 19041 

    fixed pat  wt  dof     chisq       tail prob
          000  0     6     9.938        0.127305    -0.071     0.947     0.124  infeasible
          001  1     7    12.026       0.0996922     0.263     0.737     0.000 
          010  1     7    26.167     0.000470126     1.337     0.000    -0.337  infeasible
          100  1     7     9.963        0.190661    -0.000     0.899     0.101 
          011  2     8    63.626     9.01525e-11     1.000     0.000     0.000 
          101  2     8    19.049       0.0145986     0.000     1.000     0.000 
          110  2     8  1339.152               0     0.000     0.000     1.000 
best pat:          000         0.127305              -  -
best pat:          100         0.190661  chi(nested):     0.026 p-value for nested model:        0.872543
best pat:          101        0.0145986  chi(nested):     9.086 p-value for nested model:      0.00257587

coeffs:    -0.071     0.947     0.124 

## dscore:: f_4(Base, Fit, Rbase, right2)
## genstat:: f_4(Base, Fit, right1, right2)

details:            Naga      Anatolia_N    -0.000560   -2.142917
details:       Sherpa.LC      Anatolia_N     0.000376    1.544252
details:             Han      Anatolia_N    -0.000161   -1.003194
dscore:      Anatolia_N f4:     0.000376 Z:     1.615475

details:            Naga          Ami.DG     0.001283    3.962987
details:       Sherpa.LC          Ami.DG     0.000158    0.521757
details:             Han          Ami.DG     0.004376   21.199808
dscore:          Ami.DG f4:     0.000600 Z:     2.071376

details:            Naga         Mixe.DG     0.000834    2.461478
details:       Sherpa.LC         Mixe.DG     0.000149    0.482124
details:             Han         Mixe.DG     0.001086    4.950279
dscore:         Mixe.DG f4:     0.000216 Z:     0.728897

details:            Naga    Ganj_Dareh_N    -0.000562   -1.845315
details:       Sherpa.LC    Ganj_Dareh_N     0.000356    1.185167
details:             Han    Ganj_Dareh_N    -0.000095   -0.464864
dscore:    Ganj_Dareh_N f4:     0.000366 Z:     1.267041

details:            Naga         Onge.DG     0.000215    0.680509
details:       Sherpa.LC         Onge.DG     0.000091    0.303941
details:             Han         Onge.DG     0.000435    2.099260
dscore:         Onge.DG f4:     0.000125 Z:     0.436564

details:            Naga      Villabruna    -0.000201   -0.505074
details:       Sherpa.LC      Villabruna     0.000416    1.117040
details:             Han      Villabruna    -0.000086   -0.342029
dscore:      Villabruna f4:     0.000397 Z:     1.111175

details:            Naga      DevilsGate     0.001036    2.976703
details:       Sherpa.LC      DevilsGate     0.000637    1.992568
details:             Han      DevilsGate     0.001748    7.357161
dscore:      DevilsGate f4:     0.000746 Z:     2.425774

details:            Naga            aACA     0.000000    0.000798
details:       Sherpa.LC            aACA     0.000760    3.070278
details:             Han            aACA    -0.001419   -8.186925
dscore:            aACA f4:     0.000545 Z:     2.290861

gendstat:                Mbuti           Anatolia_N     1.615
gendstat:                Mbuti               Ami.DG     2.071
gendstat:                Mbuti              Mixe.DG     0.729
gendstat:                Mbuti         Ganj_Dareh_N     1.267
gendstat:                Mbuti              Onge.DG     0.437
gendstat:                Mbuti           Villabruna     1.111
gendstat:                Mbuti           DevilsGate     2.426
gendstat:                Mbuti                 aACA     2.291
gendstat:           Anatolia_N               Ami.DG     0.814
gendstat:           Anatolia_N              Mixe.DG    -0.576
gendstat:           Anatolia_N         Ganj_Dareh_N    -0.040
gendstat:           Anatolia_N              Onge.DG    -0.921
gendstat:           Anatolia_N           Villabruna     0.072
gendstat:           Anatolia_N           DevilsGate     1.234
gendstat:           Anatolia_N                 aACA     0.766
gendstat:               Ami.DG              Mixe.DG    -1.385
gendstat:               Ami.DG         Ganj_Dareh_N    -0.748
gendstat:               Ami.DG              Onge.DG    -1.549
gendstat:               Ami.DG           Villabruna    -0.518
gendstat:               Ami.DG           DevilsGate     0.517
gendstat:               Ami.DG                 aACA    -0.258
gendstat:              Mixe.DG         Ganj_Dareh_N     0.461
gendstat:              Mixe.DG              Onge.DG    -0.296
gendstat:              Mixe.DG           Villabruna     0.468
gendstat:              Mixe.DG           DevilsGate     1.705
gendstat:              Mixe.DG                 aACA     1.374
gendstat:         Ganj_Dareh_N              Onge.DG    -0.734
gendstat:         Ganj_Dareh_N           Villabruna     0.082
gendstat:         Ganj_Dareh_N           DevilsGate     1.109
gendstat:         Ganj_Dareh_N                 aACA     0.631
gendstat:              Onge.DG           Villabruna     0.721
gendstat:              Onge.DG           DevilsGate     1.893
gendstat:              Onge.DG                 aACA     1.648
gendstat:           Villabruna           DevilsGate     0.916
gendstat:           Villabruna                 aACA     0.434
gendstat:           DevilsGate                 aACA    -0.793

## end of run
