/home/cliu7/utils/AdmixTools/bin/qpAdm: parameter file: temp/param/qpAdm_Bumthang.Naga.Sherpa.LC.Han.pary2kc2i2_
### THE INPUT PARAMETERS
##PARAMETER NAME: VALUE
DIR: data/intermediate
S1: illumina_all_merged.qpAdm
indivname: data/intermediate/illumina_all_merged.qpAdm.grouped2.ind
snpname: data/intermediate/illumina_all_merged.qpAdm.snp
genotypename: data/intermediate/illumina_all_merged.qpAdm.geno
popleft: temp/param/left.y2kc2i2_
popright: temp/param/right.y2kc2i2_
details: YES
## qpAdm version: 810
seed: -1255022679
packed geno read OK
end of inpack

left pops:
Bumthang
Naga
Sherpa.LC
Han

right pops:
Mbuti
Anatolia_N
Ami.DG
Mixe.DG
Ganj_Dareh_N
Onge.DG
Villabruna
DevilsGate
aACA

  0             Bumthang   19
  1                 Naga    4
  2            Sherpa.LC    9
  3                  Han   44
  4                Mbuti   13
  5           Anatolia_N   25
  6               Ami.DG    2
  7              Mixe.DG    3
  8         Ganj_Dareh_N    7
  9              Onge.DG    2
 10           Villabruna    1
 11           DevilsGate    4
 12                 aACA   32
jackknife block size:     0.050
snps: 234294  indivs: 165
number of blocks for block jackknife: 548
## ncols: 234294
coverage:             Bumthang 234294
coverage:                 Naga 234294
coverage:            Sherpa.LC 117394
coverage:                  Han 234294
coverage:                Mbuti 234294
coverage:           Anatolia_N 117047
coverage:               Ami.DG 228808
coverage:              Mixe.DG 228825
coverage:         Ganj_Dareh_N 104920
coverage:              Onge.DG 228703
coverage:           Villabruna  86810
coverage:           DevilsGate 117364
coverage:                 aACA 120350
dof (jackknife):   466.399
numsnps used: 83483
codimension 1
f4info: 
f4rank: 2 dof:      6 chisq:    10.589 tail:           0.10194146 dofdiff:      8 chisqdiff:   -10.589 taildiff:                    1
B:
          scale     1.000     1.000 
     Anatolia_N    -0.207     0.942 
         Ami.DG     2.414     1.638 
        Mixe.DG     0.698    -0.756 
   Ganj_Dareh_N    -0.166     0.999 
        Onge.DG     0.293    -0.057 
     Villabruna    -0.330     0.653 
     DevilsGate     0.881    -0.319 
           aACA    -0.803    -1.525 
A:
          scale   882.449  3577.254 
           Naga     0.780    -1.664 
      Sherpa.LC    -0.068    -0.353 
            Han     1.545     0.327 


full rank
f4info: 
f4rank: 3 dof:      0 chisq:     0.000 tail:                    1 dofdiff:      6 chisqdiff:    10.589 taildiff:           0.10194146
B:
          scale     1.000     1.000     1.000 
     Anatolia_N    -0.092    -0.016     1.685 
         Ami.DG     2.434    -1.335    -0.217 
        Mixe.DG     0.715     0.685    -1.085 
   Ganj_Dareh_N    -0.031    -0.008     1.664 
        Onge.DG     0.332     0.308    -0.153 
     Villabruna    -0.263    -0.290     0.938 
     DevilsGate     0.947     0.691    -0.379 
           aACA    -0.692     2.257     0.349 
A:
          scale   876.156  3535.764  4591.956 
           Naga     0.612     0.937    -1.402 
      Sherpa.LC     0.311     1.436     1.016 
            Han     1.590    -0.243    -0.041 


best coefficients:    -0.195     1.050     0.145 
Jackknife mean:     -0.133314760     1.005078678     0.128236082 
      std. errors:     0.449     0.309     0.146 

error covariance (* 1000000)
    201155    -137711     -63444 
   -137711      95472      42239 
    -63444      42239      21205 


summ: Bumthang    3      0.101941    -0.133     1.005     0.128 201155 -137711 -63444 95472 42239 21205 

    fixed pat  wt  dof     chisq       tail prob
          000  0     6    10.589        0.101941    -0.195     1.050     0.145  infeasible
          001  1     7    13.197       0.0674471     0.194     0.806     0.000 
          010  1     7    27.519     0.000268621     1.405     0.000    -0.405  infeasible
          100  1     7    11.063        0.135881    -0.000     0.918     0.082 
          011  2     8    82.702     1.39498e-14     1.000     0.000     0.000 
          101  2     8    17.017        0.029937     0.000     1.000     0.000 
          110  2     8  1489.129               0     0.000     0.000     1.000 
best pat:          000         0.101941              -  -
best pat:          100         0.135881  chi(nested):     0.474 p-value for nested model:        0.490993
best pat:          101         0.029937  chi(nested):     5.953 p-value for nested model:       0.0146901

coeffs:    -0.195     1.050     0.145 

## dscore:: f_4(Base, Fit, Rbase, right2)
## genstat:: f_4(Base, Fit, right1, right2)

details:            Naga      Anatolia_N    -0.000570   -2.114006
details:       Sherpa.LC      Anatolia_N     0.000367    1.523561
details:             Han      Anatolia_N    -0.000171   -1.088270
dscore:      Anatolia_N f4:     0.000471 Z:     1.918786

details:            Naga          Ami.DG     0.001433    4.436605
details:       Sherpa.LC          Ami.DG     0.000307    1.042576
details:             Han          Ami.DG     0.004530   21.862373
dscore:          Ami.DG f4:     0.000699 Z:     2.298848

details:            Naga         Mixe.DG     0.001024    3.082101
details:       Sherpa.LC         Mixe.DG     0.000338    1.095200
details:             Han         Mixe.DG     0.001277    6.180613
dscore:         Mixe.DG f4:     0.000341 Z:     1.059502

details:            Naga    Ganj_Dareh_N    -0.000530   -1.750164
details:       Sherpa.LC    Ganj_Dareh_N     0.000390    1.310543
details:             Han    Ganj_Dareh_N    -0.000062   -0.331673
dscore:    Ganj_Dareh_N f4:     0.000504 Z:     1.632472

details:            Naga         Onge.DG     0.000373    1.193823
details:       Sherpa.LC         Onge.DG     0.000248    0.833861
details:             Han         Onge.DG     0.000593    2.995073
dscore:         Onge.DG f4:     0.000274 Z:     0.894927

details:            Naga      Villabruna    -0.000576   -1.360081
details:       Sherpa.LC      Villabruna     0.000042    0.109183
details:             Han      Villabruna    -0.000460   -1.742958
dscore:      Villabruna f4:     0.000089 Z:     0.224879

details:            Naga      DevilsGate     0.000975    2.839149
details:       Sherpa.LC      DevilsGate     0.000576    1.810594
details:             Han      DevilsGate     0.001688    7.702848
dscore:      DevilsGate f4:     0.000659 Z:     1.990076

details:            Naga            aACA     0.000020    0.075098
details:       Sherpa.LC            aACA     0.000781    3.245234
details:             Han            aACA    -0.001401   -8.632902
dscore:            aACA f4:     0.000614 Z:     2.452247

gendstat:                Mbuti           Anatolia_N     1.919
gendstat:                Mbuti               Ami.DG     2.299
gendstat:                Mbuti              Mixe.DG     1.060
gendstat:                Mbuti         Ganj_Dareh_N     1.632
gendstat:                Mbuti              Onge.DG     0.895
gendstat:                Mbuti           Villabruna     0.225
gendstat:                Mbuti           DevilsGate     1.990
gendstat:                Mbuti                 aACA     2.452
gendstat:           Anatolia_N               Ami.DG     0.792
gendstat:           Anatolia_N              Mixe.DG    -0.457
gendstat:           Anatolia_N         Ganj_Dareh_N     0.124
gendstat:           Anatolia_N              Onge.DG    -0.674
gendstat:           Anatolia_N           Villabruna    -1.166
gendstat:           Anatolia_N           DevilsGate     0.627
gendstat:           Anatolia_N                 aACA     0.636
gendstat:               Ami.DG              Mixe.DG    -1.215
gendstat:               Ami.DG         Ganj_Dareh_N    -0.616
gendstat:               Ami.DG              Onge.DG    -1.333
gendstat:               Ami.DG           Villabruna    -1.442
gendstat:               Ami.DG           DevilsGate    -0.133
gendstat:               Ami.DG                 aACA    -0.368
gendstat:              Mixe.DG         Ganj_Dareh_N     0.465
gendstat:              Mixe.DG              Onge.DG    -0.200
gendstat:              Mixe.DG           Villabruna    -0.590
gendstat:              Mixe.DG           DevilsGate     0.986
gendstat:              Mixe.DG                 aACA     1.102
gendstat:         Ganj_Dareh_N              Onge.DG    -0.656
gendstat:         Ganj_Dareh_N           Villabruna    -1.013
gendstat:         Ganj_Dareh_N           DevilsGate     0.426
gendstat:         Ganj_Dareh_N                 aACA     0.375
gendstat:              Onge.DG           Villabruna    -0.434
gendstat:              Onge.DG           DevilsGate     1.127
gendstat:              Onge.DG                 aACA     1.281
gendstat:           Villabruna           DevilsGate     1.370
gendstat:           Villabruna                 aACA     1.413
gendstat:           DevilsGate                 aACA    -0.171

## end of run
