/home/cliu7/utils/AdmixTools/bin/qpWave: parameter file: temp/param/qpAdm_Bumthang.YR_MN.Sherpa.LC.Han.pardx6zngzs
### THE INPUT PARAMETERS
##PARAMETER NAME: VALUE
DIR: data/intermediate
S1: illumina_all_merged.qpAdm
indivname: data/intermediate/illumina_all_merged.qpAdm.grouped2.ind
snpname: data/intermediate/illumina_all_merged.qpAdm.snp
genotypename: data/intermediate/illumina_all_merged.qpAdm.geno
popleft: temp/param/left.dx6zngzs
popright: temp/param/right.dx6zngzs
details: YES
## qpWave version: 410
packed geno read OK
end of inpack

left pops:
Bumthang
YR_MN
Sherpa.LC
Han

right pops:
Mbuti
Anatolia_N
Ami.DG
Mixe.DG
Ganj_Dareh_N
Onge.DG
Villabruna
DevilsGate
aACA

  0             Bumthang   19
  1                YR_MN    8
  2            Sherpa.LC    9
  3                  Han   44
  4                Mbuti   13
  5           Anatolia_N   25
  6               Ami.DG    2
  7              Mixe.DG    3
  8         Ganj_Dareh_N    7
  9              Onge.DG    2
 10           Villabruna    1
 11           DevilsGate    4
 12                 aACA   32
jackknife block size:     0.050
snps: 234294  indivs: 169
number of blocks for block jackknife: 548
dof (jackknife):   466.132
numsnps used: 83210
f4info: 
f4rank: 0 dof:     24 chisq:  1857.357 tail:                    0 dofdiff:      0 chisqdiff:     0.000 taildiff:                    1

f4info: 
f4rank: 1 dof:     14 chisq:    19.497 tail:          0.146801493 dofdiff:     10 chisqdiff:  1837.860 taildiff:                    0
B:
          scale     1.000 
     Anatolia_N    -0.153 
         Ami.DG     2.434 
        Mixe.DG     0.633 
   Ganj_Dareh_N    -0.120 
        Onge.DG     0.268 
     Villabruna    -0.310 
     DevilsGate     0.807 
           aACA    -0.905 
A:
          scale   799.890 
          YR_MN     0.975 
      Sherpa.LC    -0.134 
            Han     1.426 

f4info: 
f4rank: 2 dof:      6 chisq:     7.223 tail:          0.300708199 dofdiff:      8 chisqdiff:    12.274 taildiff:          0.139379613
B:
          scale     1.000     1.000 
     Anatolia_N    -0.124     0.775 
         Ami.DG     2.433     0.039 
        Mixe.DG     0.664     0.606 
   Ganj_Dareh_N    -0.083     0.770 
        Onge.DG     0.287     0.540 
     Villabruna    -0.309    -0.170 
     DevilsGate     0.878     1.371 
           aACA    -0.818     2.058 
A:
          scale   759.162  4111.937 
          YR_MN     1.013     0.522 
      Sherpa.LC     0.068     1.647 
            Han     1.404     0.120 

f4info: 
f4rank: 3 dof:      0 chisq:     0.000 tail:                    1 dofdiff:      6 chisqdiff:     7.223 taildiff:          0.300708199
B:
          scale     1.000     1.000     1.000 
     Anatolia_N    -0.194     1.019     0.819 
         Ami.DG     2.347     0.227     1.062 
        Mixe.DG     0.719     0.532    -0.495 
   Ganj_Dareh_N    -0.137     1.058     0.853 
        Onge.DG     0.371     0.431    -0.602 
     Villabruna    -0.442     0.417     1.776 
     DevilsGate     1.012     0.976    -1.211 
           aACA    -0.750     2.048    -0.496 
A:
          scale   761.756  4178.166  5805.559 
          YR_MN     1.012    -0.295    -1.374 
      Sherpa.LC     0.081     1.703    -0.305 
            Han     1.403     0.114     1.009 

## end of run
