/home/cliu7/utils/AdmixTools/bin/qpAdm: parameter file: temp/param/qpAdm_Bumthang.Upper_YR_LN.Sherpa.LC.Dai.parui5refra
### THE INPUT PARAMETERS
##PARAMETER NAME: VALUE
DIR: data/intermediate
S1: illumina_all_merged.qpAdm
indivname: data/intermediate/illumina_all_merged.qpAdm.grouped2.ind
snpname: data/intermediate/illumina_all_merged.qpAdm.snp
genotypename: data/intermediate/illumina_all_merged.qpAdm.geno
popleft: temp/param/left.ui5refra
popright: temp/param/right.ui5refra
details: YES
## qpAdm version: 810
seed: 423444283
packed geno read OK
end of inpack

left pops:
Bumthang
Upper_YR_LN
Sherpa.LC
Dai

right pops:
Mbuti
Anatolia_N
Ami.DG
Mixe.DG
Ganj_Dareh_N
Onge.DG
Villabruna
DevilsGate
aACA

  0             Bumthang   19
  1          Upper_YR_LN    7
  2            Sherpa.LC    9
  3                  Dai   10
  4                Mbuti   13
  5           Anatolia_N   25
  6               Ami.DG    2
  7              Mixe.DG    3
  8         Ganj_Dareh_N    7
  9              Onge.DG    2
 10           Villabruna    1
 11           DevilsGate    4
 12                 aACA   32
jackknife block size:     0.050
snps: 234294  indivs: 134
number of blocks for block jackknife: 548
## ncols: 234294
coverage:             Bumthang 234294
coverage:          Upper_YR_LN 232854
coverage:            Sherpa.LC 117394
coverage:                  Dai 234294
coverage:                Mbuti 234294
coverage:           Anatolia_N 117047
coverage:               Ami.DG 228808
coverage:              Mixe.DG 228825
coverage:         Ganj_Dareh_N 104920
coverage:              Onge.DG 228703
coverage:           Villabruna  86810
coverage:           DevilsGate 117364
coverage:                 aACA 120350
dof (jackknife):   466.708
numsnps used: 83715
codimension 1
f4info: 
f4rank: 2 dof:      6 chisq:     6.842 tail:            0.3357214 dofdiff:      8 chisqdiff:    -6.842 taildiff:                    1
B:
          scale     1.000     1.000 
     Anatolia_N     0.325     0.146 
         Ami.DG    -2.244     0.158 
        Mixe.DG     0.100     1.039 
   Ganj_Dareh_N     0.212    -0.165 
        Onge.DG    -0.112     0.171 
     Villabruna     0.492    -0.784 
     DevilsGate     0.003     2.314 
           aACA     1.596     0.923 
A:
          scale   809.796  1864.435 
    Upper_YR_LN    -0.529     1.677 
      Sherpa.LC     0.108     0.266 
            Dai    -1.646    -0.343 


full rank
f4info: 
f4rank: 3 dof:      0 chisq:     0.000 tail:                    1 dofdiff:      6 chisqdiff:     6.842 taildiff:            0.3357214
B:
          scale     1.000     1.000     1.000 
     Anatolia_N     0.307     0.146     0.931 
         Ami.DG    -2.286     0.212     0.064 
        Mixe.DG     0.076     1.031    -0.341 
   Ganj_Dareh_N     0.170    -0.075     1.353 
        Onge.DG    -0.130     0.169     0.423 
     Villabruna     0.457    -0.811     1.065 
     DevilsGate    -0.008     2.290    -1.191 
           aACA     1.556     0.968     1.565 
A:
          scale   803.785  1815.212  5450.669 
    Upper_YR_LN    -0.481     1.564    -0.440 
      Sherpa.LC    -0.055     0.703     1.663 
            Dai    -1.663    -0.246     0.205 


best coefficients:    -0.140     1.028     0.112 
Jackknife mean:     -0.124600202     1.016363126     0.108237076 
      std. errors:     0.159     0.119     0.049 

error covariance (* 1000000)
     25333     -18575      -6758 
    -18575      14265       4310 
     -6758       4310       2448 


summ: Bumthang    3      0.335721    -0.125     1.016     0.108 25333 -18575 -6758 14265  4310  2448 

    fixed pat  wt  dof     chisq       tail prob
          000  0     6     6.842        0.335721    -0.140     1.028     0.112  infeasible
          001  1     7    15.109       0.0346335     0.136     0.864    -0.000 
          010  1     7    44.121     2.02488e-07     1.312     0.000    -0.312  infeasible
          100  1     7     8.144        0.320083    -0.000     0.925     0.075 
          011  2     8    92.527     1.42588e-16     1.000     0.000    -0.000 
          101  2     8    17.084        0.029244     0.000     1.000    -0.000 
          110  2     8  1378.048               0     0.000    -0.000     1.000 
best pat:          000         0.335721              -  -
best pat:          100         0.320083  chi(nested):     1.302 p-value for nested model:        0.253852
best pat:          101         0.029244  chi(nested):     8.940 p-value for nested model:      0.00278933

coeffs:    -0.140     1.028     0.112 

## dscore:: f_4(Base, Fit, Rbase, right2)
## genstat:: f_4(Base, Fit, right1, right2)

details:     Upper_YR_LN      Anatolia_N    -0.000138   -0.421662
details:       Sherpa.LC      Anatolia_N     0.000369    1.539893
details:             Dai      Anatolia_N    -0.000611   -2.985975
dscore:      Anatolia_N f4:     0.000329 Z:     1.307120

details:     Upper_YR_LN          Ami.DG     0.001556    3.821026
details:       Sherpa.LC          Ami.DG     0.000296    1.012891
details:             Dai          Ami.DG     0.004720   16.851800
dscore:          Ami.DG f4:     0.000616 Z:     1.997116

details:     Upper_YR_LN         Mixe.DG     0.000871    2.212069
details:       Sherpa.LC         Mixe.DG     0.000343    1.115663
details:             Dai         Mixe.DG    -0.000295   -1.068371
dscore:         Mixe.DG f4:     0.000197 Z:     0.614576

details:     Upper_YR_LN    Ganj_Dareh_N    -0.000285   -0.708251
details:       Sherpa.LC    Ganj_Dareh_N     0.000426    1.440507
details:             Dai    Ganj_Dareh_N    -0.000279   -1.066298
dscore:    Ganj_Dareh_N f4:     0.000446 Z:     1.440275

details:     Upper_YR_LN         Onge.DG     0.000192    0.461003
details:       Sherpa.LC         Onge.DG     0.000252    0.852813
details:             Dai         Onge.DG     0.000271    1.024870
dscore:         Onge.DG f4:     0.000263 Z:     0.857690

details:     Upper_YR_LN      Villabruna    -0.001079   -2.091607
details:       Sherpa.LC      Villabruna     0.000060    0.157164
details:             Dai      Villabruna    -0.000777   -2.150353
dscore:      Villabruna f4:     0.000125 Z:     0.315771

details:     Upper_YR_LN      DevilsGate     0.002083    4.533373
details:       Sherpa.LC      DevilsGate     0.000576    1.824400
details:             Dai      DevilsGate    -0.000323   -1.093064
dscore:      DevilsGate f4:     0.000264 Z:     0.803416

details:     Upper_YR_LN            aACA    -0.000214   -0.647943
details:       Sherpa.LC            aACA     0.000780    3.263277
details:             Dai            aACA    -0.003283  -15.217515
dscore:            aACA f4:     0.000463 Z:     1.864711

gendstat:                Mbuti           Anatolia_N     1.307
gendstat:                Mbuti               Ami.DG     1.997
gendstat:                Mbuti              Mixe.DG     0.615
gendstat:                Mbuti         Ganj_Dareh_N     1.440
gendstat:                Mbuti              Onge.DG     0.858
gendstat:                Mbuti           Villabruna     0.316
gendstat:                Mbuti           DevilsGate     0.803
gendstat:                Mbuti                 aACA     1.865
gendstat:           Anatolia_N               Ami.DG     0.997
gendstat:           Anatolia_N              Mixe.DG    -0.472
gendstat:           Anatolia_N         Ganj_Dareh_N     0.458
gendstat:           Anatolia_N              Onge.DG    -0.231
gendstat:           Anatolia_N           Villabruna    -0.630
gendstat:           Anatolia_N           DevilsGate    -0.221
gendstat:           Anatolia_N                 aACA     0.598
gendstat:               Ami.DG              Mixe.DG    -1.434
gendstat:               Ami.DG         Ganj_Dareh_N    -0.539
gendstat:               Ami.DG              Onge.DG    -1.140
gendstat:               Ami.DG           Villabruna    -1.170
gendstat:               Ami.DG           DevilsGate    -1.185
gendstat:               Ami.DG                 aACA    -0.666
gendstat:              Mixe.DG         Ganj_Dareh_N     0.721
gendstat:              Mixe.DG              Onge.DG     0.201
gendstat:              Mixe.DG           Villabruna    -0.170
gendstat:              Mixe.DG           DevilsGate     0.211
gendstat:              Mixe.DG                 aACA     1.086
gendstat:         Ganj_Dareh_N              Onge.DG    -0.532
gendstat:         Ganj_Dareh_N           Villabruna    -0.805
gendstat:         Ganj_Dareh_N           DevilsGate    -0.512
gendstat:         Ganj_Dareh_N                 aACA     0.059
gendstat:              Onge.DG           Villabruna    -0.327
gendstat:              Onge.DG           DevilsGate     0.004
gendstat:              Onge.DG                 aACA     0.781
gendstat:           Villabruna           DevilsGate     0.336
gendstat:           Villabruna                 aACA     0.911
gendstat:           DevilsGate                 aACA     0.755

## end of run
