/home/cliu7/utils/AdmixTools/bin/qpWave: parameter file: temp/param/qpAdm_Bumthang.Naga.Sherpa.LC.Pulliyar.parfvtkejgb
### THE INPUT PARAMETERS
##PARAMETER NAME: VALUE
DIR: data/intermediate
S1: illumina_all_merged.qpAdm
indivname: data/intermediate/illumina_all_merged.qpAdm.grouped2.ind
snpname: data/intermediate/illumina_all_merged.qpAdm.snp
genotypename: data/intermediate/illumina_all_merged.qpAdm.geno
popleft: temp/param/left.fvtkejgb
popright: temp/param/right.fvtkejgb
details: YES
## qpWave version: 410
packed geno read OK
end of inpack

left pops:
Bumthang
Naga
Sherpa.LC
Pulliyar

right pops:
Mbuti
Anatolia_N
Ami.DG
Mixe.DG
Ganj_Dareh_N
Onge.DG
Villabruna
DevilsGate
aACA

  0             Bumthang   19
  1                 Naga    4
  2            Sherpa.LC    9
  3             Pulliyar    5
  4                Mbuti   13
  5           Anatolia_N   25
  6               Ami.DG    2
  7              Mixe.DG    3
  8         Ganj_Dareh_N    7
  9              Onge.DG    2
 10           Villabruna    1
 11           DevilsGate    4
 12                 aACA   32
jackknife block size:     0.050
snps: 234294  indivs: 126
number of blocks for block jackknife: 548
dof (jackknife):   466.617
numsnps used: 83680
f4info: 
f4rank: 0 dof:     24 chisq:  3716.375 tail:                    0 dofdiff:      0 chisqdiff:     0.000 taildiff:                    1

f4info: 
f4rank: 1 dof:     14 chisq:    92.685 tail:       1.17770356e-13 dofdiff:     10 chisqdiff:  3623.690 taildiff:                    0
B:
          scale     1.000 
     Anatolia_N    -0.115 
         Ami.DG     1.350 
        Mixe.DG     1.020 
   Ganj_Dareh_N    -0.262 
        Onge.DG     0.325 
     Villabruna    -0.063 
     DevilsGate     1.564 
           aACA     1.581 
A:
          scale   161.330 
           Naga     0.081 
      Sherpa.LC     0.053 
       Pulliyar    -1.729 

f4info: 
f4rank: 2 dof:      6 chisq:     2.280 tail:          0.892242247 dofdiff:      8 chisqdiff:    90.405 taildiff:       3.84887177e-16
B:
          scale     1.000     1.000 
     Anatolia_N    -0.133     1.179 
         Ami.DG     1.340    -1.118 
        Mixe.DG     1.016    -0.648 
   Ganj_Dareh_N    -0.266     1.049 
        Onge.DG     0.314    -0.184 
     Villabruna    -0.066     0.985 
     DevilsGate     1.568     0.005 
           aACA     1.588     1.684 
A:
          scale   161.357  3089.928 
           Naga     0.085    -1.649 
      Sherpa.LC     0.037     0.516 
       Pulliyar    -1.730    -0.126 

f4info: 
f4rank: 3 dof:      0 chisq:     0.000 tail:                    1 dofdiff:      6 chisqdiff:     2.280 taildiff:          0.892242247
B:
          scale     1.000     1.000     1.000 
     Anatolia_N    -0.139     1.093     1.254 
         Ami.DG     1.337    -1.157     0.347 
        Mixe.DG     1.013    -0.704     0.706 
   Ganj_Dareh_N    -0.274     0.928     1.875 
        Onge.DG     0.309    -0.226     1.110 
     Villabruna    -0.063     0.960    -0.725 
     DevilsGate     1.567    -0.014     0.162 
           aACA     1.592     1.771    -0.713 
A:
          scale   162.117  3164.622  9870.370 
           Naga     0.099    -1.622     0.600 
      Sherpa.LC     0.057     0.603     1.623 
       Pulliyar    -1.728    -0.073     0.088 

## end of run
