/home/cliu7/utils/AdmixTools/bin/qpAdm: parameter file: temp/param/qpAdm_Chali.Naxi.Sherpa.LC.Han.paruqb9ytpk
### THE INPUT PARAMETERS
##PARAMETER NAME: VALUE
DIR: data/intermediate
S1: illumina_all_merged.qpAdm
indivname: data/intermediate/illumina_all_merged.qpAdm.grouped2.ind
snpname: data/intermediate/illumina_all_merged.qpAdm.snp
genotypename: data/intermediate/illumina_all_merged.qpAdm.geno
popleft: temp/param/left.uqb9ytpk
popright: temp/param/right.uqb9ytpk
details: YES
## qpAdm version: 810
seed: -988389565
packed geno read OK
end of inpack

left pops:
Chali
Naxi
Sherpa.LC
Han

right pops:
Mbuti
Anatolia_N
Ami.DG
Mixe.DG
Ganj_Dareh_N
Onge.DG
Villabruna
DevilsGate
aACA

  0                Chali   19
  1                 Naxi    8
  2            Sherpa.LC    9
  3                  Han   44
  4                Mbuti   13
  5           Anatolia_N   25
  6               Ami.DG    2
  7              Mixe.DG    3
  8         Ganj_Dareh_N    7
  9              Onge.DG    2
 10           Villabruna    1
 11           DevilsGate    4
 12                 aACA   32
jackknife block size:     0.050
snps: 234294  indivs: 169
number of blocks for block jackknife: 548
## ncols: 234294
coverage:                Chali 234294
coverage:                 Naxi 234294
coverage:            Sherpa.LC 117394
coverage:                  Han 234294
coverage:                Mbuti 234294
coverage:           Anatolia_N 117047
coverage:               Ami.DG 228808
coverage:              Mixe.DG 228825
coverage:         Ganj_Dareh_N 104920
coverage:              Onge.DG 228703
coverage:           Villabruna  86810
coverage:           DevilsGate 117364
coverage:                 aACA 120350
dof (jackknife):   466.597
numsnps used: 83581
codimension 1
f4info: 
f4rank: 2 dof:      6 chisq:     2.162 tail:          0.904243618 dofdiff:      8 chisqdiff:    -2.162 taildiff:                    1
B:
          scale     1.000     1.000 
     Anatolia_N    -0.082     0.683 
         Ami.DG     2.440    -0.887 
        Mixe.DG     0.549    -0.203 
   Ganj_Dareh_N    -0.114     0.433 
        Onge.DG     0.164    -0.196 
     Villabruna    -0.172     0.324 
     DevilsGate     1.117     1.162 
           aACA    -0.648     2.242 
A:
          scale   879.049  3111.845 
           Naxi     0.801     0.275 
      Sherpa.LC     0.159     1.705 
            Han     1.527     0.137 


full rank
f4info: 
f4rank: 3 dof:      0 chisq:     0.000 tail:                    1 dofdiff:      6 chisqdiff:     2.162 taildiff:          0.904243618
B:
          scale     1.000     1.000     1.000 
     Anatolia_N    -0.078     0.747     0.057 
         Ami.DG     2.438    -1.029    -0.960 
        Mixe.DG     0.555    -0.185    -0.849 
   Ganj_Dareh_N    -0.105     0.527    -0.394 
        Onge.DG     0.172    -0.193    -0.100 
     Villabruna    -0.169     0.451    -0.675 
     DevilsGate     1.131     1.001     1.050 
           aACA    -0.626     2.197     2.152 
A:
          scale   890.152  3034.771  7692.524 
           Naxi     0.766    -0.556     1.692 
      Sherpa.LC     0.209     1.640     0.328 
            Han     1.539    -0.007     0.173 


best coefficients:     2.720    -0.327    -1.392 
Jackknife mean:      2.267350746    -0.139688437    -1.127662309 
      std. errors:     1.152     0.484     0.676 

error covariance (* 1000000)
   1326650    -551956    -774695 
   -551956     233885     318071 
   -774695     318071     456624 


summ: Chali    3      0.904244     2.267    -0.140    -1.128 1326650 -551956 -774695 233885 318071 456624 

    fixed pat  wt  dof     chisq       tail prob
          000  0     6     2.162        0.904244     2.720    -0.327    -1.392  infeasible
          001  1     7    25.317     0.000666726     0.334     0.666     0.000 
          010  1     7     3.114         0.87427     1.957    -0.000    -0.957  infeasible
          100  1     7    27.520     0.000268549    -0.000     0.814     0.186 
          011  2     8   169.028               0     1.000     0.000     0.000 
          101  2     8    53.338     9.27692e-09     0.000     1.000     0.000 
          110  2     8   993.622               0     0.000     0.000     1.000 
best pat:          000         0.904244              -  -
best pat:          100      0.000268549  chi(nested):    25.358 p-value for nested model:     4.76061e-07
best pat:          101      9.27692e-09  chi(nested):    25.818 p-value for nested model:     3.75236e-07

coeffs:     2.720    -0.327    -1.392 

## dscore:: f_4(Base, Fit, Rbase, right2)
## genstat:: f_4(Base, Fit, right1, right2)

details:            Naxi      Anatolia_N    -0.000183   -0.871224
details:       Sherpa.LC      Anatolia_N     0.000416    1.792486
details:             Han      Anatolia_N    -0.000121   -0.708534
dscore:      Anatolia_N f4:    -0.000466 Z:    -0.977021

details:            Naxi          Ami.DG     0.002091    7.504498
details:       Sherpa.LC          Ami.DG     0.000006    0.019120
details:             Han          Ami.DG     0.004224   18.102118
dscore:          Ami.DG f4:    -0.000196 Z:    -0.329824

details:            Naxi         Mixe.DG     0.000340    1.261426
details:       Sherpa.LC         Mixe.DG     0.000026    0.085994
details:             Han         Mixe.DG     0.000963    4.102566
dscore:         Mixe.DG f4:    -0.000425 Z:    -0.728948

details:            Naxi    Ganj_Dareh_N    -0.000263   -1.013365
details:       Sherpa.LC    Ganj_Dareh_N     0.000271    0.853847
details:             Han    Ganj_Dareh_N    -0.000181   -0.858142
dscore:    Ganj_Dareh_N f4:    -0.000553 Z:    -0.992652

details:            Naxi         Onge.DG     0.000176    0.681037
details:       Sherpa.LC         Onge.DG    -0.000034   -0.110146
details:             Han         Onge.DG     0.000310    1.376822
dscore:         Onge.DG f4:     0.000057 Z:     0.103144

details:            Naxi      Villabruna    -0.000374   -1.127345
details:       Sherpa.LC      Villabruna     0.000205    0.520995
details:             Han      Villabruna    -0.000296   -1.083809
dscore:      Villabruna f4:    -0.000673 Z:    -0.925063

details:            Naxi      DevilsGate     0.001059    3.727387
details:       Sherpa.LC      DevilsGate     0.000902    2.737378
details:             Han      DevilsGate     0.002014    8.016971
dscore:      DevilsGate f4:    -0.000219 Z:    -0.357656

details:            Naxi            aACA    -0.000454   -2.086124
details:       Sherpa.LC            aACA     0.001162    4.659396
details:             Han            aACA    -0.001018   -5.401862
dscore:            aACA f4:    -0.000197 Z:    -0.421789

gendstat:                Mbuti           Anatolia_N    -0.977
gendstat:                Mbuti               Ami.DG    -0.330
gendstat:                Mbuti              Mixe.DG    -0.729
gendstat:                Mbuti         Ganj_Dareh_N    -0.993
gendstat:                Mbuti              Onge.DG     0.103
gendstat:                Mbuti           Villabruna    -0.925
gendstat:                Mbuti           DevilsGate    -0.358
gendstat:                Mbuti                 aACA    -0.422
gendstat:           Anatolia_N               Ami.DG     0.496
gendstat:           Anatolia_N              Mixe.DG     0.079
gendstat:           Anatolia_N         Ganj_Dareh_N    -0.185
gendstat:           Anatolia_N              Onge.DG     0.987
gendstat:           Anatolia_N           Villabruna    -0.331
gendstat:           Anatolia_N           DevilsGate     0.437
gendstat:           Anatolia_N                 aACA     0.656
gendstat:               Ami.DG              Mixe.DG    -0.387
gendstat:               Ami.DG         Ganj_Dareh_N    -0.540
gendstat:               Ami.DG              Onge.DG     0.402
gendstat:               Ami.DG           Villabruna    -0.606
gendstat:               Ami.DG           DevilsGate    -0.037
gendstat:               Ami.DG                 aACA    -0.003
gendstat:              Mixe.DG         Ganj_Dareh_N    -0.212
gendstat:              Mixe.DG              Onge.DG     0.787
gendstat:              Mixe.DG           Villabruna    -0.338
gendstat:              Mixe.DG           DevilsGate     0.365
gendstat:              Mixe.DG                 aACA     0.505
gendstat:         Ganj_Dareh_N              Onge.DG     0.965
gendstat:         Ganj_Dareh_N           Villabruna    -0.169
gendstat:         Ganj_Dareh_N           DevilsGate     0.506
gendstat:         Ganj_Dareh_N                 aACA     0.673
gendstat:              Onge.DG           Villabruna    -0.981
gendstat:              Onge.DG           DevilsGate    -0.435
gendstat:              Onge.DG                 aACA    -0.507
gendstat:           Villabruna           DevilsGate     0.610
gendstat:           Villabruna                 aACA     0.707
gendstat:           DevilsGate                 aACA     0.046

## end of run
