/home/cliu7/utils/AdmixTools/bin/qpAdm: parameter file: temp/param/qpAdm_Chali.Naga.Sherpa.LC.Pulliyar.par_7v76hr1
### THE INPUT PARAMETERS
##PARAMETER NAME: VALUE
DIR: data/intermediate
S1: illumina_all_merged.qpAdm
indivname: data/intermediate/illumina_all_merged.qpAdm.grouped2.ind
snpname: data/intermediate/illumina_all_merged.qpAdm.snp
genotypename: data/intermediate/illumina_all_merged.qpAdm.geno
popleft: temp/param/left._7v76hr1
popright: temp/param/right._7v76hr1
details: YES
## qpAdm version: 810
seed: 816496119
packed geno read OK
end of inpack

left pops:
Chali
Naga
Sherpa.LC
Pulliyar

right pops:
Mbuti
Anatolia_N
Ami.DG
Mixe.DG
Ganj_Dareh_N
Onge.DG
Villabruna
DevilsGate
aACA

  0                Chali   19
  1                 Naga    4
  2            Sherpa.LC    9
  3             Pulliyar    5
  4                Mbuti   13
  5           Anatolia_N   25
  6               Ami.DG    2
  7              Mixe.DG    3
  8         Ganj_Dareh_N    7
  9              Onge.DG    2
 10           Villabruna    1
 11           DevilsGate    4
 12                 aACA   32
jackknife block size:     0.050
snps: 234294  indivs: 126
number of blocks for block jackknife: 548
## ncols: 234294
coverage:                Chali 234294
coverage:                 Naga 234294
coverage:            Sherpa.LC 117394
coverage:             Pulliyar 234294
coverage:                Mbuti 234294
coverage:           Anatolia_N 117047
coverage:               Ami.DG 228808
coverage:              Mixe.DG 228825
coverage:         Ganj_Dareh_N 104920
coverage:              Onge.DG 228703
coverage:           Villabruna  86810
coverage:           DevilsGate 117364
coverage:                 aACA 120350
dof (jackknife):   466.634
numsnps used: 83867
codimension 1
f4info: 
f4rank: 2 dof:      6 chisq:     5.081 tail:          0.533406529 dofdiff:      8 chisqdiff:    -5.081 taildiff:                    1
B:
          scale     1.000     1.000 
     Anatolia_N    -0.142     1.020 
         Ami.DG     1.354    -1.087 
        Mixe.DG     1.036    -0.667 
   Ganj_Dareh_N    -0.272     0.905 
        Onge.DG     0.326    -0.195 
     Villabruna    -0.078     0.409 
     DevilsGate     1.559     0.167 
           aACA     1.567     2.069 
A:
          scale   164.034  3821.349 
           Naga     0.126    -1.139 
      Sherpa.LC     0.050     1.303 
       Pulliyar    -1.727     0.067 


full rank
f4info: 
f4rank: 3 dof:      0 chisq:     0.000 tail:                    1 dofdiff:      6 chisqdiff:     5.081 taildiff:          0.533406529
B:
          scale     1.000     1.000     1.000 
     Anatolia_N    -0.130     1.099    -0.124 
         Ami.DG     1.345    -1.467    -0.136 
        Mixe.DG     1.025    -0.944     0.193 
   Ganj_Dareh_N    -0.263     1.040     0.155 
        Onge.DG     0.321    -0.251     0.059 
     Villabruna    -0.079     0.473    -0.120 
     DevilsGate     1.566    -0.187    -1.206 
           aACA     1.579     1.532     2.536 
A:
          scale   166.533  3081.358  6487.111 
           Naga     0.132    -0.566    -0.976 
      Sherpa.LC     0.092     1.461    -0.970 
       Pulliyar    -1.725     0.739    -1.052 


best coefficients:     0.508     0.442     0.050 
Jackknife mean:      0.508128748     0.442142103     0.049729149 
      std. errors:     0.082     0.082     0.009 

error covariance (* 1000000)
      6679      -6691         12 
     -6691       6778        -87 
        12        -87         75 


summ: Chali    3      0.533407     0.508     0.442     0.050  6679 -6691    12  6778   -87    75 

    fixed pat  wt  dof     chisq       tail prob
          000  0     6     5.081        0.533407     0.508     0.442     0.050 
          001  1     7    81.876     5.70474e-15    -2.325     3.325    -0.000  infeasible
          010  1     7    24.459     0.000945765     0.943    -0.000     0.057 
          100  1     7    32.681     3.03502e-05     0.000     0.954     0.046 
          011  2     8    50.378     3.45696e-08     1.000     0.000    -0.000 
          101  2     8    52.549     1.31859e-08     0.000     1.000    -0.000 
          110  2     8  3074.776               0     0.000    -0.000     1.000 
best pat:          000         0.533407              -  -
best pat:          010      0.000945765  chi(nested):    19.378 p-value for nested model:     1.07251e-05
best pat:          011      3.45696e-08  chi(nested):    25.919 p-value for nested model:     3.56073e-07

coeffs:     0.508     0.442     0.050 

## dscore:: f_4(Base, Fit, Rbase, right2)
## genstat:: f_4(Base, Fit, right1, right2)

details:            Naga      Anatolia_N    -0.000518   -1.955316
details:       Sherpa.LC      Anatolia_N     0.000414    1.786809
details:        Pulliyar      Anatolia_N     0.001516    4.167963
dscore:      Anatolia_N f4:    -0.000005 Z:    -0.024580

details:            Naga          Ami.DG     0.001127    3.373829
details:       Sherpa.LC          Ami.DG     0.000006    0.019081
details:        Pulliyar          Ami.DG    -0.014492  -30.073667
dscore:          Ami.DG f4:    -0.000144 Z:    -0.539792

details:            Naga         Mixe.DG     0.000709    2.093578
details:       Sherpa.LC         Mixe.DG     0.000026    0.085835
details:        Pulliyar         Mixe.DG    -0.011068  -21.918706
dscore:         Mixe.DG f4:    -0.000178 Z:    -0.698661

details:            Naga    Ganj_Dareh_N    -0.000646   -2.024959
details:       Sherpa.LC    Ganj_Dareh_N     0.000270    0.852003
details:        Pulliyar    Ganj_Dareh_N     0.002788    6.303865
dscore:    Ganj_Dareh_N f4:    -0.000071 Z:    -0.273785

details:            Naga         Onge.DG     0.000090    0.278940
details:       Sherpa.LC         Onge.DG    -0.000034   -0.109933
details:        Pulliyar         Onge.DG    -0.003556   -7.720614
dscore:         Onge.DG f4:    -0.000146 Z:    -0.565547

details:            Naga      Villabruna    -0.000410   -0.999253
details:       Sherpa.LC      Villabruna     0.000204    0.520358
details:        Pulliyar      Villabruna     0.000807    1.367210
dscore:      Villabruna f4:    -0.000078 Z:    -0.245960

details:            Naga      DevilsGate     0.001297    3.665011
details:       Sherpa.LC      DevilsGate     0.000899    2.732743
details:        Pulliyar      DevilsGate    -0.016341  -32.002584
dscore:      DevilsGate f4:     0.000245 Z:     0.896513

details:            Naga            aACA     0.000400    1.446116
details:       Sherpa.LC            aACA     0.001158    4.645195
details:        Pulliyar            aACA    -0.016605  -39.983074
dscore:            aACA f4:    -0.000109 Z:    -0.518676

gendstat:                Mbuti           Anatolia_N    -0.025
gendstat:                Mbuti               Ami.DG    -0.540
gendstat:                Mbuti              Mixe.DG    -0.699
gendstat:                Mbuti         Ganj_Dareh_N    -0.274
gendstat:                Mbuti              Onge.DG    -0.566
gendstat:                Mbuti           Villabruna    -0.246
gendstat:                Mbuti           DevilsGate     0.897
gendstat:                Mbuti                 aACA    -0.519
gendstat:           Anatolia_N               Ami.DG    -0.554
gendstat:           Anatolia_N              Mixe.DG    -0.737
gendstat:           Anatolia_N         Ganj_Dareh_N    -0.292
gendstat:           Anatolia_N              Onge.DG    -0.592
gendstat:           Anatolia_N           Villabruna    -0.271
gendstat:           Anatolia_N           DevilsGate     1.001
gendstat:           Anatolia_N                 aACA    -0.545
gendstat:               Ami.DG              Mixe.DG    -0.130
gendstat:               Ami.DG         Ganj_Dareh_N     0.249
gendstat:               Ami.DG              Onge.DG    -0.007
gendstat:               Ami.DG           Villabruna     0.191
gendstat:               Ami.DG           DevilsGate     1.481
gendstat:               Ami.DG                 aACA     0.172
gendstat:              Mixe.DG         Ganj_Dareh_N     0.371
gendstat:              Mixe.DG              Onge.DG     0.117
gendstat:              Mixe.DG           Villabruna     0.303
gendstat:              Mixe.DG           DevilsGate     1.618
gendstat:              Mixe.DG                 aACA     0.331
gendstat:         Ganj_Dareh_N              Onge.DG    -0.261
gendstat:         Ganj_Dareh_N           Villabruna    -0.023
gendstat:         Ganj_Dareh_N           DevilsGate     1.037
gendstat:         Ganj_Dareh_N                 aACA    -0.153
gendstat:              Onge.DG           Villabruna     0.208
gendstat:              Onge.DG           DevilsGate     1.401
gendstat:              Onge.DG                 aACA     0.161
gendstat:           Villabruna           DevilsGate     0.965
gendstat:           Villabruna                 aACA    -0.106
gendstat:           DevilsGate                 aACA    -1.693

## end of run
