/home/cliu7/utils/AdmixTools/bin/qpAdm: parameter file: temp/param/qpAdm_Chali.Naga.Sherpa.LC.Pathan.par895hgeda
### THE INPUT PARAMETERS
##PARAMETER NAME: VALUE
DIR: data/intermediate
S1: illumina_all_merged.qpAdm
indivname: data/intermediate/illumina_all_merged.qpAdm.grouped2.ind
snpname: data/intermediate/illumina_all_merged.qpAdm.snp
genotypename: data/intermediate/illumina_all_merged.qpAdm.geno
popleft: temp/param/left.895hgeda
popright: temp/param/right.895hgeda
details: YES
## qpAdm version: 810
seed: -595909086
packed geno read OK
end of inpack

left pops:
Chali
Naga
Sherpa.LC
Pathan

right pops:
Mbuti
Anatolia_N
Ami.DG
Mixe.DG
Ganj_Dareh_N
Onge.DG
Villabruna
DevilsGate
aACA

  0                Chali   19
  1                 Naga    4
  2            Sherpa.LC    9
  3               Pathan   22
  4                Mbuti   13
  5           Anatolia_N   25
  6               Ami.DG    2
  7              Mixe.DG    3
  8         Ganj_Dareh_N    7
  9              Onge.DG    2
 10           Villabruna    1
 11           DevilsGate    4
 12                 aACA   32
jackknife block size:     0.050
snps: 234294  indivs: 143
number of blocks for block jackknife: 548
## ncols: 234294
coverage:                Chali 234294
coverage:                 Naga 234294
coverage:            Sherpa.LC 117394
coverage:               Pathan 234294
coverage:                Mbuti 234294
coverage:           Anatolia_N 117047
coverage:               Ami.DG 228808
coverage:              Mixe.DG 228825
coverage:         Ganj_Dareh_N 104920
coverage:              Onge.DG 228703
coverage:           Villabruna  86810
coverage:           DevilsGate 117364
coverage:                 aACA 120350
dof (jackknife):   465.525
numsnps used: 82348
codimension 1
f4info: 
f4rank: 2 dof:      6 chisq:     9.441 tail:          0.150261723 dofdiff:      8 chisqdiff:    -9.441 taildiff:                    1
B:
          scale     1.000     1.000 
     Anatolia_N    -0.556     0.588 
         Ami.DG     1.362    -0.974 
        Mixe.DG     0.836    -0.776 
   Ganj_Dareh_N    -0.589     0.491 
        Onge.DG     0.596    -0.108 
     Villabruna    -0.396     0.072 
     DevilsGate     1.428     0.236 
           aACA     1.496     2.406 
A:
          scale   124.516  4068.014 
           Naga     0.092    -1.039 
      Sherpa.LC     0.017     1.386 
         Pathan    -1.730    -0.038 


full rank
f4info: 
f4rank: 3 dof:      0 chisq:     0.000 tail:                    1 dofdiff:      6 chisqdiff:     9.441 taildiff:          0.150261723
B:
          scale     1.000     1.000     1.000 
     Anatolia_N    -0.550     0.934    -0.858 
         Ami.DG     1.352    -1.335    -0.169 
        Mixe.DG     0.826    -0.911    -0.241 
   Ganj_Dareh_N    -0.588     0.787    -0.059 
        Onge.DG     0.588    -0.327     0.761 
     Villabruna    -0.402     0.269    -0.265 
     DevilsGate     1.437     0.072    -1.043 
           aACA     1.506     1.927     2.332 
A:
          scale   126.238  3150.107  4662.909 
           Naga     0.107    -0.297    -1.097 
      Sherpa.LC     0.054     1.541    -0.913 
         Pathan    -1.728     0.733    -0.981 


best coefficients:     0.552     0.415     0.034 
Jackknife mean:      0.550568026     0.415878010     0.033553964 
      std. errors:     0.087     0.088     0.006 

error covariance (* 1000000)
      7544      -7618         74 
     -7618       7730       -112 
        74       -112         39 


summ: Chali    3      0.150262     0.551     0.416     0.034  7544 -7618    74  7730  -112    39 

    fixed pat  wt  dof     chisq       tail prob
          000  0     6     9.441        0.150262     0.552     0.415     0.034 
          001  1     7    84.283      1.8381e-15    -1.310     2.310    -0.000  infeasible
          010  1     7    23.566      0.00135752     0.959    -0.000     0.041 
          100  1     7    40.227     1.13916e-06     0.000     0.973     0.027 
          011  2     8    51.496     2.10555e-08     1.000     0.000    -0.000 
          101  2     8    53.907     7.19696e-09     0.000     1.000    -0.000 
          110  2     8  7213.496               0     0.000    -0.000     1.000 
best pat:          000         0.150262              -  -
best pat:          010       0.00135752  chi(nested):    14.125 p-value for nested model:     0.000171016
best pat:          011      2.10555e-08  chi(nested):    27.930 p-value for nested model:       1.258e-07

coeffs:     0.552     0.415     0.034 

## dscore:: f_4(Base, Fit, Rbase, right2)
## genstat:: f_4(Base, Fit, right1, right2)

details:            Naga      Anatolia_N    -0.000528   -1.956610
details:       Sherpa.LC      Anatolia_N     0.000422    1.788063
details:          Pathan      Anatolia_N     0.007893   24.910827
dscore:      Anatolia_N f4:     0.000148 Z:     0.714481

details:            Naga          Ami.DG     0.001148    3.374572
details:       Sherpa.LC          Ami.DG     0.000006    0.019086
details:          Pathan          Ami.DG    -0.018949  -44.164894
dscore:          Ami.DG f4:     0.000001 Z:     0.003820

details:            Naga         Mixe.DG     0.000722    2.093669
details:       Sherpa.LC         Mixe.DG     0.000026    0.085811
details:          Pathan         Mixe.DG    -0.011539  -24.950640
dscore:         Mixe.DG f4:     0.000023 Z:     0.086371

details:            Naga    Ganj_Dareh_N    -0.000658   -2.026174
details:       Sherpa.LC    Ganj_Dareh_N     0.000275    0.851924
details:          Pathan    Ganj_Dareh_N     0.008271   21.255725
dscore:    Ganj_Dareh_N f4:     0.000028 Z:     0.106201

details:            Naga         Onge.DG     0.000092    0.278976
details:       Sherpa.LC         Onge.DG    -0.000035   -0.109994
details:          Pathan         Onge.DG    -0.008403  -20.435313
dscore:         Onge.DG f4:    -0.000245 Z:    -0.927182

details:            Naga      Villabruna    -0.000418   -0.999050
details:       Sherpa.LC      Villabruna     0.000208    0.520294
details:          Pathan      Villabruna     0.005682   11.106950
dscore:      Villabruna f4:     0.000046 Z:     0.141031

details:            Naga      DevilsGate     0.001321    3.666012
details:       Sherpa.LC      DevilsGate     0.000916    2.732780
details:          Pathan      DevilsGate    -0.019618  -44.436592
dscore:      DevilsGate f4:     0.000451 Z:     1.600753

details:            Naga            aACA     0.000407    1.446949
details:       Sherpa.LC            aACA     0.001179    4.647839
details:          Pathan            aACA    -0.020806  -56.306722
dscore:            aACA f4:     0.000016 Z:     0.075338

gendstat:                Mbuti           Anatolia_N     0.714
gendstat:                Mbuti               Ami.DG     0.004
gendstat:                Mbuti              Mixe.DG     0.086
gendstat:                Mbuti         Ganj_Dareh_N     0.106
gendstat:                Mbuti              Onge.DG    -0.927
gendstat:                Mbuti           Villabruna     0.141
gendstat:                Mbuti           DevilsGate     1.601
gendstat:                Mbuti                 aACA     0.075
gendstat:           Anatolia_N               Ami.DG    -0.568
gendstat:           Anatolia_N              Mixe.DG    -0.520
gendstat:           Anatolia_N         Ganj_Dareh_N    -0.520
gendstat:           Anatolia_N              Onge.DG    -1.604
gendstat:           Anatolia_N           Villabruna    -0.367
gendstat:           Anatolia_N           DevilsGate     1.175
gendstat:           Anatolia_N                 aACA    -0.669
gendstat:               Ami.DG              Mixe.DG     0.081
gendstat:               Ami.DG         Ganj_Dareh_N     0.089
gendstat:               Ami.DG              Onge.DG    -0.888
gendstat:               Ami.DG           Villabruna     0.127
gendstat:               Ami.DG           DevilsGate     1.668
gendstat:               Ami.DG                 aACA     0.074
gendstat:              Mixe.DG         Ganj_Dareh_N     0.018
gendstat:              Mixe.DG              Onge.DG    -0.951
gendstat:              Mixe.DG           Villabruna     0.070
gendstat:              Mixe.DG           DevilsGate     1.596
gendstat:              Mixe.DG                 aACA    -0.030
gendstat:         Ganj_Dareh_N              Onge.DG    -0.920
gendstat:         Ganj_Dareh_N           Villabruna     0.053
gendstat:         Ganj_Dareh_N           DevilsGate     1.361
gendstat:         Ganj_Dareh_N                 aACA    -0.045
gendstat:              Onge.DG           Villabruna     0.869
gendstat:              Onge.DG           DevilsGate     2.426
gendstat:              Onge.DG                 aACA     1.132
gendstat:           Villabruna           DevilsGate     1.171
gendstat:           Villabruna                 aACA    -0.098
gendstat:           DevilsGate                 aACA    -2.024

## end of run
