/home/cliu7/utils/AdmixTools/bin/qpAdm: parameter file: temp/param/qpAdm_Chali.YR_MN.Sherpa.LC.Dai.paru6p9rwtr
### THE INPUT PARAMETERS
##PARAMETER NAME: VALUE
DIR: data/intermediate
S1: illumina_all_merged.qpAdm
indivname: data/intermediate/illumina_all_merged.qpAdm.grouped2.ind
snpname: data/intermediate/illumina_all_merged.qpAdm.snp
genotypename: data/intermediate/illumina_all_merged.qpAdm.geno
popleft: temp/param/left.u6p9rwtr
popright: temp/param/right.u6p9rwtr
details: YES
## qpAdm version: 810
seed: 573764831
packed geno read OK
end of inpack

left pops:
Chali
YR_MN
Sherpa.LC
Dai

right pops:
Mbuti
Anatolia_N
Ami.DG
Mixe.DG
Ganj_Dareh_N
Onge.DG
Villabruna
DevilsGate
aACA

  0                Chali   19
  1                YR_MN    8
  2            Sherpa.LC    9
  3                  Dai   10
  4                Mbuti   13
  5           Anatolia_N   25
  6               Ami.DG    2
  7              Mixe.DG    3
  8         Ganj_Dareh_N    7
  9              Onge.DG    2
 10           Villabruna    1
 11           DevilsGate    4
 12                 aACA   32
jackknife block size:     0.050
snps: 234294  indivs: 135
number of blocks for block jackknife: 548
## ncols: 234294
coverage:                Chali 234294
coverage:                YR_MN 232597
coverage:            Sherpa.LC 117394
coverage:                  Dai 234294
coverage:                Mbuti 234294
coverage:           Anatolia_N 117047
coverage:               Ami.DG 228808
coverage:              Mixe.DG 228825
coverage:         Ganj_Dareh_N 104920
coverage:              Onge.DG 228703
coverage:           Villabruna  86810
coverage:           DevilsGate 117364
coverage:                 aACA 120350
dof (jackknife):   466.708
numsnps used: 84060
codimension 1
f4info: 
f4rank: 2 dof:      6 chisq:    14.821 tail:         0.0216965525 dofdiff:      8 chisqdiff:   -14.821 taildiff:                    1
B:
          scale     1.000     1.000 
     Anatolia_N     0.370     0.097 
         Ami.DG    -2.285     0.083 
        Mixe.DG     0.155     0.884 
   Ganj_Dareh_N     0.331    -0.173 
        Onge.DG    -0.033     0.263 
     Villabruna     0.440    -0.302 
     DevilsGate    -0.225     2.212 
           aACA     1.503     1.455 
A:
          scale   803.921  1911.805 
          YR_MN    -0.911     1.505 
      Sherpa.LC     0.177     0.724 
            Dai    -1.463    -0.458 


full rank
f4info: 
f4rank: 3 dof:      0 chisq:     0.000 tail:                    1 dofdiff:      6 chisqdiff:    14.821 taildiff:         0.0216965525
B:
          scale     1.000     1.000     1.000 
     Anatolia_N     0.366     0.074     1.120 
         Ami.DG    -2.317     0.134     0.634 
        Mixe.DG     0.150     0.876    -1.547 
   Ganj_Dareh_N     0.303    -0.189     0.918 
        Onge.DG    -0.046     0.221    -0.635 
     Villabruna     0.436    -0.364     0.889 
     DevilsGate    -0.231     2.193     0.063 
           aACA     1.462     1.478     1.382 
A:
          scale   801.763  2014.213  5647.369 
          YR_MN    -0.856     1.484    -0.751 
      Sherpa.LC     0.096     0.795     1.456 
            Dai    -1.503    -0.409     0.562 


best coefficients:    -0.381     1.021     0.360 
Jackknife mean:     -0.112388392     0.896426952     0.215961441 
      std. errors:     0.536     0.258     0.282 

error covariance (* 1000000)
    287789    -137238    -150551 
   -137238      66353      70885 
   -150551      70885      79665 


summ: Chali    3      0.021697    -0.112     0.896     0.216 287789 -137238 -150551 66353 70885 79665 

    fixed pat  wt  dof     chisq       tail prob
          000  0     6    14.821       0.0216966    -0.381     1.021     0.360  infeasible
          001  1     7    26.033     0.000496874     0.294     0.706    -0.000 
          010  1     7    27.766     0.000242406     1.770     0.000    -0.770  infeasible
          100  1     7    17.967       0.0121204    -0.000     0.836     0.164 
          011  2     8   117.917      8.9211e-22     1.000     0.000    -0.000 
          101  2     8    53.509     8.59494e-09     0.000     1.000    -0.000 
          110  2     8  1073.996               0     0.000    -0.000     1.000 
best pat:          000        0.0216966              -  -
best pat:          100        0.0121204  chi(nested):     3.146 p-value for nested model:       0.0761145
best pat:          101      8.59494e-09  chi(nested):    35.542 p-value for nested model:      2.4959e-09

coeffs:    -0.381     1.021     0.360 

## dscore:: f_4(Base, Fit, Rbase, right2)
## genstat:: f_4(Base, Fit, right1, right2)

details:           YR_MN      Anatolia_N    -0.000471   -1.313278
details:       Sherpa.LC      Anatolia_N     0.000395    1.708826
details:             Dai      Anatolia_N    -0.000581   -2.641179
dscore:      Anatolia_N f4:     0.000374 Z:     1.373188

details:           YR_MN          Ami.DG     0.002516    5.694821
details:       Sherpa.LC          Ami.DG    -0.000021   -0.067043
details:             Dai          Ami.DG     0.004398   14.423244
dscore:          Ami.DG f4:     0.000604 Z:     1.592763

details:           YR_MN         Mixe.DG     0.000713    1.528050
details:       Sherpa.LC         Mixe.DG     0.000005    0.016019
details:             Dai         Mixe.DG    -0.000598   -1.981479
dscore:         Mixe.DG f4:    -0.000482 Z:    -1.351682

details:           YR_MN    Ganj_Dareh_N    -0.000579   -1.226252
details:       Sherpa.LC    Ganj_Dareh_N     0.000243    0.770168
details:             Dai    Ganj_Dareh_N    -0.000424   -1.514261
dscore:    Ganj_Dareh_N f4:     0.000316 Z:     0.871201

details:           YR_MN         Onge.DG     0.000314    0.712594
details:       Sherpa.LC         Onge.DG    -0.000041   -0.131585
details:             Dai         Onge.DG    -0.000009   -0.032234
dscore:         Onge.DG f4:    -0.000164 Z:    -0.458446

details:           YR_MN      Villabruna    -0.000858   -1.544983
details:       Sherpa.LC      Villabruna     0.000198    0.506018
details:             Dai      Villabruna    -0.000636   -1.758662
dscore:      Villabruna f4:     0.000299 Z:     0.643913

details:           YR_MN      DevilsGate     0.001876    3.756054
details:       Sherpa.LC      DevilsGate     0.000893    2.723816
details:             Dai      DevilsGate     0.000015    0.046638
dscore:      DevilsGate f4:     0.000202 Z:     0.522014

details:           YR_MN            aACA    -0.000638   -1.692042
details:       Sherpa.LC            aACA     0.001148    4.615031
details:             Dai            aACA    -0.002890  -11.982796
dscore:            aACA f4:     0.000373 Z:     1.254206

gendstat:                Mbuti           Anatolia_N     1.373
gendstat:                Mbuti               Ami.DG     1.593
gendstat:                Mbuti              Mixe.DG    -1.352
gendstat:                Mbuti         Ganj_Dareh_N     0.871
gendstat:                Mbuti              Onge.DG    -0.458
gendstat:                Mbuti           Villabruna     0.644
gendstat:                Mbuti           DevilsGate     0.522
gendstat:                Mbuti                 aACA     1.254
gendstat:           Anatolia_N               Ami.DG     0.643
gendstat:           Anatolia_N              Mixe.DG    -2.591
gendstat:           Anatolia_N         Ganj_Dareh_N    -0.185
gendstat:           Anatolia_N              Onge.DG    -1.590
gendstat:           Anatolia_N           Villabruna    -0.181
gendstat:           Anatolia_N           DevilsGate    -0.466
gendstat:           Anatolia_N                 aACA    -0.002
gendstat:               Ami.DG              Mixe.DG    -2.971
gendstat:               Ami.DG         Ganj_Dareh_N    -0.709
gendstat:               Ami.DG              Onge.DG    -2.084
gendstat:               Ami.DG           Villabruna    -0.594
gendstat:               Ami.DG           DevilsGate    -1.051
gendstat:               Ami.DG                 aACA    -0.840
gendstat:              Mixe.DG         Ganj_Dareh_N     1.972
gendstat:              Mixe.DG              Onge.DG     0.861
gendstat:              Mixe.DG           Villabruna     1.579
gendstat:              Mixe.DG           DevilsGate     1.780
gendstat:              Mixe.DG                 aACA     2.992
gendstat:         Ganj_Dareh_N              Onge.DG    -1.206
gendstat:         Ganj_Dareh_N           Villabruna    -0.034
gendstat:         Ganj_Dareh_N           DevilsGate    -0.255
gendstat:         Ganj_Dareh_N                 aACA     0.162
gendstat:              Onge.DG           Villabruna     0.940
gendstat:              Onge.DG           DevilsGate     0.913
gendstat:              Onge.DG                 aACA     1.729
gendstat:           Villabruna           DevilsGate    -0.192
gendstat:           Villabruna                 aACA     0.166
gendstat:           DevilsGate                 aACA     0.552

## end of run
