/home/cliu7/utils/AdmixTools/bin/qpAdm: parameter file: temp/param/qpAdm_Chali.Naga.Sherpa.LC.Dai.partu4tj1bc
### THE INPUT PARAMETERS
##PARAMETER NAME: VALUE
DIR: data/intermediate
S1: illumina_all_merged.qpAdm
indivname: data/intermediate/illumina_all_merged.qpAdm.grouped2.ind
snpname: data/intermediate/illumina_all_merged.qpAdm.snp
genotypename: data/intermediate/illumina_all_merged.qpAdm.geno
popleft: temp/param/left.tu4tj1bc
popright: temp/param/right.tu4tj1bc
details: YES
## qpAdm version: 810
seed: -67917048
packed geno read OK
end of inpack

left pops:
Chali
Naga
Sherpa.LC
Dai

right pops:
Mbuti
Anatolia_N
Ami.DG
Mixe.DG
Ganj_Dareh_N
Onge.DG
Villabruna
DevilsGate
aACA

  0                Chali   19
  1                 Naga    4
  2            Sherpa.LC    9
  3                  Dai   10
  4                Mbuti   13
  5           Anatolia_N   25
  6               Ami.DG    2
  7              Mixe.DG    3
  8         Ganj_Dareh_N    7
  9              Onge.DG    2
 10           Villabruna    1
 11           DevilsGate    4
 12                 aACA   32
jackknife block size:     0.050
snps: 234294  indivs: 131
number of blocks for block jackknife: 548
## ncols: 234294
coverage:                Chali 234294
coverage:                 Naga 234294
coverage:            Sherpa.LC 117394
coverage:                  Dai 234294
coverage:                Mbuti 234294
coverage:           Anatolia_N 117047
coverage:               Ami.DG 228808
coverage:              Mixe.DG 228825
coverage:         Ganj_Dareh_N 104920
coverage:              Onge.DG 228703
coverage:           Villabruna  86810
coverage:           DevilsGate 117364
coverage:                 aACA 120350
dof (jackknife):   466.896
numsnps used: 84273
codimension 1
f4info: 
f4rank: 2 dof:      6 chisq:    16.836 tail:        0.00990620712 dofdiff:      8 chisqdiff:   -16.836 taildiff:                    1
B:
          scale     1.000     1.000 
     Anatolia_N     0.401    -0.704 
         Ami.DG    -2.219     0.417 
        Mixe.DG     0.243     1.159 
   Ganj_Dareh_N     0.319    -0.857 
        Onge.DG     0.022    -0.041 
     Villabruna     0.379    -0.496 
     DevilsGate     0.090     1.813 
           aACA     1.613     1.311 
A:
          scale   899.505  2452.221 
           Naga    -0.303     1.666 
      Sherpa.LC     0.278     0.432 
            Dai    -1.682    -0.193 


full rank
f4info: 
f4rank: 3 dof:      0 chisq:     0.000 tail:                    1 dofdiff:      6 chisqdiff:    16.836 taildiff:        0.00990620712
B:
          scale     1.000     1.000     1.000 
     Anatolia_N     0.346    -0.314     1.553 
         Ami.DG    -2.273     0.636     0.443 
        Mixe.DG     0.276     0.878    -1.505 
   Ganj_Dareh_N     0.255    -0.573     1.455 
        Onge.DG    -0.002     0.037    -0.297 
     Villabruna     0.346    -0.306     0.752 
     DevilsGate     0.044     1.995    -0.017 
           aACA     1.565     1.523     0.596 
A:
          scale   887.892  2239.481  5248.058 
           Naga    -0.293     1.441    -0.734 
      Sherpa.LC     0.168     0.957     1.530 
            Dai    -1.699     0.081     0.345 


best coefficients:    -0.242     1.028     0.214 
Jackknife mean:     -0.155546757     0.960549564     0.194997193 
      std. errors:     0.390     0.307     0.088 

error covariance (* 1000000)
    151713    -119254     -32459 
   -119254      94526      24727 
    -32459      24727       7732 


summ: Chali    3      0.009906    -0.156     0.961     0.195 151713 -119254 -32459 94526 24727  7732 

    fixed pat  wt  dof     chisq       tail prob
          000  0     6    16.836      0.00990621    -0.242     1.028     0.214  infeasible
          001  1     7    34.769     1.23622e-05     0.553     0.447     0.000 
          010  1     7    43.045     3.27013e-07     1.098     0.000    -0.098  infeasible
          100  1     7    18.140        0.011355     0.000     0.839     0.161 
          011  2     8    49.839     4.38791e-08     1.000     0.000    -0.000 
          101  2     8    52.923     1.11624e-08     0.000     1.000    -0.000 
          110  2     8  1089.747               0     0.000     0.000     1.000 
best pat:          000       0.00990621              -  -
best pat:          100         0.011355  chi(nested):     1.304 p-value for nested model:        0.253479
best pat:          011      4.38791e-08 not nested

coeffs:    -0.242     1.028     0.214 

## dscore:: f_4(Base, Fit, Rbase, right2)
## genstat:: f_4(Base, Fit, right1, right2)

details:            Naga      Anatolia_N    -0.000516   -1.957768
details:       Sherpa.LC      Anatolia_N     0.000413    1.790918
details:             Dai      Anatolia_N    -0.000564   -2.569922
dscore:      Anatolia_N f4:     0.000428 Z:     1.816563

details:            Naga          Ami.DG     0.001122    3.376417
details:       Sherpa.LC          Ami.DG     0.000006    0.019110
details:             Dai          Ami.DG     0.004420   14.475872
dscore:          Ami.DG f4:     0.000679 Z:     2.056187

details:            Naga         Mixe.DG     0.000706    2.095586
details:       Sherpa.LC         Mixe.DG     0.000026    0.085953
details:             Dai         Mixe.DG    -0.000580   -1.919656
dscore:         Mixe.DG f4:    -0.000268 Z:    -0.850982

details:            Naga    Ganj_Dareh_N    -0.000643   -2.026201
details:       Sherpa.LC    Ganj_Dareh_N     0.000269    0.853422
details:             Dai    Ganj_Dareh_N    -0.000403   -1.440012
dscore:    Ganj_Dareh_N f4:     0.000345 Z:     1.069302

details:            Naga         Onge.DG     0.000090    0.279309
details:       Sherpa.LC         Onge.DG    -0.000034   -0.110133
details:             Dai         Onge.DG    -0.000003   -0.011167
dscore:         Onge.DG f4:    -0.000057 Z:    -0.182363

details:            Naga      Villabruna    -0.000408   -0.999571
details:       Sherpa.LC      Villabruna     0.000203    0.520629
details:             Dai      Villabruna    -0.000611   -1.693059
dscore:      Villabruna f4:     0.000177 Z:     0.436595

details:            Naga      DevilsGate     0.001291    3.669848
details:       Sherpa.LC      DevilsGate     0.000895    2.736392
details:             Dai      DevilsGate     0.000004    0.012620
dscore:      DevilsGate f4:     0.000609 Z:     1.777996

details:            Naga            aACA     0.000398    1.448252
details:       Sherpa.LC            aACA     0.001152    4.654980
details:             Dai            aACA    -0.002890  -11.983180
dscore:            aACA f4:     0.000471 Z:     1.818799

gendstat:                Mbuti           Anatolia_N     1.817
gendstat:                Mbuti               Ami.DG     2.056
gendstat:                Mbuti              Mixe.DG    -0.851
gendstat:                Mbuti         Ganj_Dareh_N     1.069
gendstat:                Mbuti              Onge.DG    -0.182
gendstat:                Mbuti           Villabruna     0.437
gendstat:                Mbuti           DevilsGate     1.778
gendstat:                Mbuti                 aACA     1.819
gendstat:           Anatolia_N               Ami.DG     0.787
gendstat:           Anatolia_N              Mixe.DG    -2.402
gendstat:           Anatolia_N         Ganj_Dareh_N    -0.298
gendstat:           Anatolia_N              Onge.DG    -1.620
gendstat:           Anatolia_N           Villabruna    -0.707
gendstat:           Anatolia_N           DevilsGate     0.573
gendstat:           Anatolia_N                 aACA     0.183
gendstat:               Ami.DG              Mixe.DG    -2.893
gendstat:               Ami.DG         Ganj_Dareh_N    -0.916
gendstat:               Ami.DG              Onge.DG    -2.164
gendstat:               Ami.DG           Villabruna    -1.108
gendstat:               Ami.DG           DevilsGate    -0.214
gendstat:               Ami.DG                 aACA    -0.826
gendstat:              Mixe.DG         Ganj_Dareh_N     1.665
gendstat:              Mixe.DG              Onge.DG     0.641
gendstat:              Mixe.DG           Villabruna     1.022
gendstat:              Mixe.DG           DevilsGate     2.572
gendstat:              Mixe.DG                 aACA     2.892
gendstat:         Ganj_Dareh_N              Onge.DG    -1.117
gendstat:         Ganj_Dareh_N           Villabruna    -0.378
gendstat:         Ganj_Dareh_N           DevilsGate     0.678
gendstat:         Ganj_Dareh_N                 aACA     0.398
gendstat:              Onge.DG           Villabruna     0.547
gendstat:              Onge.DG           DevilsGate     1.905
gendstat:              Onge.DG                 aACA     1.876
gendstat:           Villabruna           DevilsGate     0.988
gendstat:           Villabruna                 aACA     0.753
gendstat:           DevilsGate                 aACA    -0.510

## end of run
