/home/cliu7/utils/AdmixTools/bin/qpWave: parameter file: temp/param/qpAdm_Dakpa.YR_MN.Sherpa.LC.Pulliyar.par9hwcvw4k
### THE INPUT PARAMETERS
##PARAMETER NAME: VALUE
DIR: data/intermediate
S1: illumina_all_merged.qpAdm
indivname: data/intermediate/illumina_all_merged.qpAdm.grouped2.ind
snpname: data/intermediate/illumina_all_merged.qpAdm.snp
genotypename: data/intermediate/illumina_all_merged.qpAdm.geno
popleft: temp/param/left.9hwcvw4k
popright: temp/param/right.9hwcvw4k
details: YES
## qpWave version: 410
packed geno read OK
end of inpack

left pops:
Dakpa
YR_MN
Sherpa.LC
Pulliyar

right pops:
Mbuti
Anatolia_N
Ami.DG
Mixe.DG
Ganj_Dareh_N
Onge.DG
Villabruna
DevilsGate
aACA

  0                Dakpa    2
  1                YR_MN    8
  2            Sherpa.LC    9
  3             Pulliyar    5
  4                Mbuti   13
  5           Anatolia_N   25
  6               Ami.DG    2
  7              Mixe.DG    3
  8         Ganj_Dareh_N    7
  9              Onge.DG    2
 10           Villabruna    1
 11           DevilsGate    4
 12                 aACA   32
jackknife block size:     0.050
snps: 234294  indivs: 113
number of blocks for block jackknife: 548
dof (jackknife):   467.312
numsnps used: 84742
f4info: 
f4rank: 0 dof:     24 chisq:  3594.754 tail:                    0 dofdiff:      0 chisqdiff:     0.000 taildiff:                    1

f4info: 
f4rank: 1 dof:     14 chisq:   196.572 tail:       2.75142437e-34 dofdiff:     10 chisqdiff:  3398.181 taildiff:                    0
B:
          scale     1.000 
     Anatolia_N    -0.083 
         Ami.DG     1.353 
        Mixe.DG     1.043 
   Ganj_Dareh_N    -0.210 
        Onge.DG     0.301 
     Villabruna    -0.027 
     DevilsGate     1.572 
           aACA     1.571 
A:
          scale   167.093 
          YR_MN     0.081 
      Sherpa.LC     0.122 
       Pulliyar    -1.726 

f4info: 
f4rank: 2 dof:      6 chisq:     2.781 tail:          0.835779466 dofdiff:      8 chisqdiff:   193.791 taildiff:       1.29735383e-37
B:
          scale     1.000     1.000 
     Anatolia_N    -0.124     0.656 
         Ami.DG     1.355    -1.534 
        Mixe.DG     1.010    -0.242 
   Ganj_Dareh_N    -0.247     0.552 
        Onge.DG     0.314    -0.262 
     Villabruna    -0.081     0.879 
     DevilsGate     1.576    -0.194 
           aACA     1.574     1.994 
A:
          scale   168.393  1575.846 
          YR_MN     0.167    -1.710 
      Sherpa.LC     0.091     0.243 
       Pulliyar    -1.722    -0.130 

f4info: 
f4rank: 3 dof:      0 chisq:     0.000 tail:                    1 dofdiff:      6 chisqdiff:     2.781 taildiff:          0.835779466
B:
          scale     1.000     1.000     1.000 
     Anatolia_N    -0.128     0.539     0.710 
         Ami.DG     1.357    -1.543    -0.353 
        Mixe.DG     1.001    -0.370     0.777 
   Ganj_Dareh_N    -0.243     0.602    -0.080 
        Onge.DG     0.286    -0.600     2.310 
     Villabruna    -0.071     0.881    -0.253 
     DevilsGate     1.592    -0.064    -1.057 
           aACA     1.569     1.921     0.495 
A:
          scale   168.770  1559.564  7251.493 
          YR_MN     0.179    -1.715     0.163 
      Sherpa.LC     0.107     0.174     1.720 
       Pulliyar    -1.719    -0.167     0.124 

## end of run
