/home/cliu7/utils/AdmixTools/bin/qpWave: parameter file: temp/param/qpAdm_Dakpa.Naga.Sherpa.LC.Han.parbbb9v1hj
### THE INPUT PARAMETERS
##PARAMETER NAME: VALUE
DIR: data/intermediate
S1: illumina_all_merged.qpAdm
indivname: data/intermediate/illumina_all_merged.qpAdm.grouped2.ind
snpname: data/intermediate/illumina_all_merged.qpAdm.snp
genotypename: data/intermediate/illumina_all_merged.qpAdm.geno
popleft: temp/param/left.bbb9v1hj
popright: temp/param/right.bbb9v1hj
details: YES
## qpWave version: 410
packed geno read OK
end of inpack

left pops:
Dakpa
Naga
Sherpa.LC
Han

right pops:
Mbuti
Anatolia_N
Ami.DG
Mixe.DG
Ganj_Dareh_N
Onge.DG
Villabruna
DevilsGate
aACA

  0                Dakpa    2
  1                 Naga    4
  2            Sherpa.LC    9
  3                  Han   44
  4                Mbuti   13
  5           Anatolia_N   25
  6               Ami.DG    2
  7              Mixe.DG    3
  8         Ganj_Dareh_N    7
  9              Onge.DG    2
 10           Villabruna    1
 11           DevilsGate    4
 12                 aACA   32
jackknife block size:     0.050
snps: 234294  indivs: 148
number of blocks for block jackknife: 548
dof (jackknife):   466.699
numsnps used: 83853
f4info: 
f4rank: 0 dof:     24 chisq:  1329.154 tail:      6.79010107e-266 dofdiff:      0 chisqdiff:     0.000 taildiff:                    1

f4info: 
f4rank: 1 dof:     14 chisq:    47.335 tail:       1.69242931e-05 dofdiff:     10 chisqdiff:  1281.819 taildiff:      3.20816068e-269
B:
          scale     1.000 
     Anatolia_N    -0.179 
         Ami.DG     2.460 
        Mixe.DG     0.487 
   Ganj_Dareh_N    -0.122 
        Onge.DG     0.267 
     Villabruna    -0.218 
     DevilsGate     0.661 
           aACA    -1.052 
A:
          scale  1012.380 
           Naga     0.399 
      Sherpa.LC    -0.209 
            Han     1.672 

f4info: 
f4rank: 2 dof:      6 chisq:     8.585 tail:          0.198300357 dofdiff:      8 chisqdiff:    38.751 taildiff:       5.46783596e-06
B:
          scale     1.000     1.000 
     Anatolia_N    -0.555     0.751 
         Ami.DG     2.186     1.402 
        Mixe.DG     1.045    -0.893 
   Ganj_Dareh_N    -0.628     0.970 
        Onge.DG     0.443    -0.320 
     Villabruna    -0.437     0.369 
     DevilsGate     0.964    -0.363 
           aACA    -0.333    -1.833 
A:
          scale   859.021  2561.089 
           Naga     0.847    -1.099 
      Sherpa.LC     0.117    -0.961 
            Han     1.507     0.932 

f4info: 
f4rank: 3 dof:      0 chisq:     0.000 tail:                    1 dofdiff:      6 chisqdiff:     8.585 taildiff:          0.198300357
B:
          scale     1.000     1.000     1.000 
     Anatolia_N    -0.288    -0.208     1.710 
         Ami.DG     2.265    -0.912     0.674 
        Mixe.DG     1.021     0.879    -0.429 
   Ganj_Dareh_N    -0.434    -0.566     1.585 
        Onge.DG     0.612     0.684     0.317 
     Villabruna    -0.331    -0.199     0.964 
     DevilsGate     1.032     0.560     0.287 
           aACA    -0.088     2.283     0.902 
A:
          scale   763.434  2393.277  5151.820 
           Naga     0.768     0.944    -1.233 
      Sherpa.LC     0.324     1.248     1.157 
            Han     1.519    -0.743     0.376 

## end of run
