/home/cliu7/utils/AdmixTools/bin/qpWave: parameter file: temp/param/qpAdm_Dakpa.Yi.Sherpa.LC.Pulliyar.par9yu_zsye
### THE INPUT PARAMETERS
##PARAMETER NAME: VALUE
DIR: data/intermediate
S1: illumina_all_merged.qpAdm
indivname: data/intermediate/illumina_all_merged.qpAdm.grouped2.ind
snpname: data/intermediate/illumina_all_merged.qpAdm.snp
genotypename: data/intermediate/illumina_all_merged.qpAdm.geno
popleft: temp/param/left.9yu_zsye
popright: temp/param/right.9yu_zsye
details: YES
## qpWave version: 410
packed geno read OK
end of inpack

left pops:
Dakpa
Yi
Sherpa.LC
Pulliyar

right pops:
Mbuti
Anatolia_N
Ami.DG
Mixe.DG
Ganj_Dareh_N
Onge.DG
Villabruna
DevilsGate
aACA

  0                Dakpa    2
  1                   Yi   10
  2            Sherpa.LC    9
  3             Pulliyar    5
  4                Mbuti   13
  5           Anatolia_N   25
  6               Ami.DG    2
  7              Mixe.DG    3
  8         Ganj_Dareh_N    7
  9              Onge.DG    2
 10           Villabruna    1
 11           DevilsGate    4
 12                 aACA   32
jackknife block size:     0.050
snps: 234294  indivs: 115
number of blocks for block jackknife: 548
dof (jackknife):   466.842
numsnps used: 84083
f4info: 
f4rank: 0 dof:     24 chisq:  3984.796 tail:                    0 dofdiff:      0 chisqdiff:     0.000 taildiff:                    1

f4info: 
f4rank: 1 dof:     14 chisq:   399.296 tail:       1.78434918e-76 dofdiff:     10 chisqdiff:  3585.501 taildiff:                    0
B:
          scale     1.000 
     Anatolia_N    -0.114 
         Ami.DG     1.398 
        Mixe.DG     1.077 
   Ganj_Dareh_N    -0.212 
        Onge.DG     0.351 
     Villabruna    -0.066 
     DevilsGate     1.551 
           aACA     1.515 
A:
          scale   161.467 
             Yi     0.064 
      Sherpa.LC     0.106 
       Pulliyar    -1.728 

f4info: 
f4rank: 2 dof:      6 chisq:     3.098 tail:          0.796420237 dofdiff:      8 chisqdiff:   396.197 taildiff:       1.21871355e-80
B:
          scale     1.000     1.000 
     Anatolia_N    -0.117     0.541 
         Ami.DG     1.352    -1.804 
        Mixe.DG     1.008    -0.116 
   Ganj_Dareh_N    -0.242     0.652 
        Onge.DG     0.314    -0.414 
     Villabruna    -0.070     0.620 
     DevilsGate     1.572     0.014 
           aACA     1.585     1.860 
A:
          scale   166.733  1871.007 
             Yi     0.141    -1.710 
      Sherpa.LC     0.094     0.267 
       Pulliyar    -1.724    -0.075 

f4info: 
f4rank: 3 dof:      0 chisq:     0.000 tail:                    1 dofdiff:      6 chisqdiff:     3.098 taildiff:          0.796420237
B:
          scale     1.000     1.000     1.000 
     Anatolia_N    -0.123     0.379     0.814 
         Ami.DG     1.355    -1.772    -0.439 
        Mixe.DG     1.000    -0.210     0.618 
   Ganj_Dareh_N    -0.237     0.665    -0.085 
        Onge.DG     0.284    -0.810     2.262 
     Villabruna    -0.061     0.634    -0.157 
     DevilsGate     1.589     0.185    -1.064 
           aACA     1.576     1.771     0.694 
A:
          scale   167.124  1819.859  6897.188 
             Yi     0.153    -1.720     0.139 
      Sherpa.LC     0.110     0.149     1.722 
       Pulliyar    -1.722    -0.143     0.122 

## end of run
