/home/cliu7/utils/AdmixTools/bin/qpAdm: parameter file: temp/param/qpAdm_Dzala.YR_MN.Sherpa.LC.Pulliyar.parmsc02kt7
### THE INPUT PARAMETERS
##PARAMETER NAME: VALUE
DIR: data/intermediate
S1: illumina_all_merged.qpAdm
indivname: data/intermediate/illumina_all_merged.qpAdm.grouped2.ind
snpname: data/intermediate/illumina_all_merged.qpAdm.snp
genotypename: data/intermediate/illumina_all_merged.qpAdm.geno
popleft: temp/param/left.msc02kt7
popright: temp/param/right.msc02kt7
details: YES
## qpAdm version: 810
seed: 723900071
packed geno read OK
end of inpack

left pops:
Dzala
YR_MN
Sherpa.LC
Pulliyar

right pops:
Mbuti
Anatolia_N
Ami.DG
Mixe.DG
Ganj_Dareh_N
Onge.DG
Villabruna
DevilsGate
aACA

  0                Dzala   14
  1                YR_MN    8
  2            Sherpa.LC    9
  3             Pulliyar    5
  4                Mbuti   13
  5           Anatolia_N   25
  6               Ami.DG    2
  7              Mixe.DG    3
  8         Ganj_Dareh_N    7
  9              Onge.DG    2
 10           Villabruna    1
 11           DevilsGate    4
 12                 aACA   32
jackknife block size:     0.050
snps: 234294  indivs: 125
number of blocks for block jackknife: 548
## ncols: 234294
coverage:                Dzala 234294
coverage:                YR_MN 232597
coverage:            Sherpa.LC 117394
coverage:             Pulliyar 234294
coverage:                Mbuti 234294
coverage:           Anatolia_N 117047
coverage:               Ami.DG 228808
coverage:              Mixe.DG 228825
coverage:         Ganj_Dareh_N 104920
coverage:              Onge.DG 228703
coverage:           Villabruna  86810
coverage:           DevilsGate 117364
coverage:                 aACA 120350
dof (jackknife):   466.670
numsnps used: 83647
codimension 1
f4info: 
f4rank: 2 dof:      6 chisq:     2.413 tail:           0.87812856 dofdiff:      8 chisqdiff:    -2.413 taildiff:                    1
B:
          scale     1.000     1.000 
     Anatolia_N    -0.122     0.499 
         Ami.DG     1.367    -1.354 
        Mixe.DG     1.020    -0.138 
   Ganj_Dareh_N    -0.253     0.369 
        Onge.DG     0.328    -0.205 
     Villabruna    -0.071     0.600 
     DevilsGate     1.569    -0.053 
           aACA     1.562     2.315 
A:
          scale   161.410  1743.940 
          YR_MN     0.148    -1.670 
      Sherpa.LC     0.030     0.447 
       Pulliyar    -1.725    -0.105 


full rank
f4info: 
f4rank: 3 dof:      0 chisq:     0.000 tail:                    1 dofdiff:      6 chisqdiff:     2.413 taildiff:           0.87812856
B:
          scale     1.000     1.000     1.000 
     Anatolia_N    -0.111     0.510     0.338 
         Ami.DG     1.334    -1.537    -1.369 
        Mixe.DG     1.020    -0.248    -0.349 
   Ganj_Dareh_N    -0.245     0.396     0.286 
        Onge.DG     0.326    -0.238    -0.432 
     Villabruna    -0.040     0.651    -0.231 
     DevilsGate     1.551    -0.306     0.488 
           aACA     1.611     2.141     2.308 
A:
          scale   162.666  1387.860  3956.858 
          YR_MN     0.117    -1.673     1.001 
      Sherpa.LC     0.020    -0.086     1.293 
       Pulliyar    -1.728     0.440    -0.572 


best coefficients:     0.203     0.766     0.031 
Jackknife mean:      0.203590634     0.765413827     0.030995540 
      std. errors:     0.043     0.042     0.009 

error covariance (* 1000000)
      1807      -1750        -57 
     -1750       1769        -19 
       -57        -19         76 


summ: Dzala    3      0.878129     0.204     0.765     0.031  1807 -1750   -57  1769   -19    76 

    fixed pat  wt  dof     chisq       tail prob
          000  0     6     2.413        0.878129     0.203     0.766     0.031 
          001  1     7   180.339               0     1.636    -0.636    -0.000  infeasible
          010  1     7   131.814      2.6258e-25     0.985     0.000     0.015 
          100  1     7    20.421      0.00472804    -0.000     0.965     0.035 
          011  2     8   132.735      7.6633e-25     1.000     0.000    -0.000 
          101  2     8    32.729     6.89163e-05     0.000     1.000    -0.000 
          110  2     8  3184.260               0     0.000    -0.000     1.000 
best pat:          000         0.878129              -  -
best pat:          100       0.00472804  chi(nested):    18.009 p-value for nested model:     2.19884e-05
best pat:          101      6.89163e-05  chi(nested):    12.307 p-value for nested model:     0.000451145

coeffs:     0.203     0.766     0.031 

## dscore:: f_4(Base, Fit, Rbase, right2)
## genstat:: f_4(Base, Fit, right1, right2)

details:           YR_MN      Anatolia_N    -0.000691   -1.940470
details:       Sherpa.LC      Anatolia_N     0.000179    0.734943
details:        Pulliyar      Anatolia_N     0.001302    3.622062
dscore:      Anatolia_N f4:     0.000037 Z:     0.173481

details:           YR_MN          Ami.DG     0.002412    5.537790
details:       Sherpa.LC          Ami.DG    -0.000139   -0.466541
details:        Pulliyar          Ami.DG    -0.014599  -32.648270
dscore:          Ami.DG f4:    -0.000067 Z:    -0.263657

details:           YR_MN         Mixe.DG     0.000847    1.839673
details:       Sherpa.LC         Mixe.DG     0.000136    0.446322
details:        Pulliyar         Mixe.DG    -0.010927  -22.351015
dscore:         Mixe.DG f4:    -0.000061 Z:    -0.229939

details:           YR_MN    Ganj_Dareh_N    -0.000661   -1.359631
details:       Sherpa.LC    Ganj_Dareh_N     0.000166    0.527687
details:        Pulliyar    Ganj_Dareh_N     0.002712    6.196715
dscore:    Ganj_Dareh_N f4:     0.000076 Z:     0.267913

details:           YR_MN         Onge.DG     0.000338    0.783980
details:       Sherpa.LC         Onge.DG    -0.000018   -0.061152
details:        Pulliyar         Onge.DG    -0.003538   -7.904859
dscore:         Onge.DG f4:    -0.000054 Z:    -0.215253

details:           YR_MN      Villabruna    -0.001049   -1.861682
details:       Sherpa.LC      Villabruna     0.000012    0.031773
details:        Pulliyar      Villabruna     0.000655    1.097570
dscore:      Villabruna f4:    -0.000184 Z:    -0.551961

details:           YR_MN      DevilsGate     0.001504    3.052619
details:       Sherpa.LC      DevilsGate     0.000517    1.543822
details:        Pulliyar      DevilsGate    -0.016687  -32.884019
dscore:      DevilsGate f4:     0.000186 Z:     0.630792

details:           YR_MN            aACA    -0.000916   -2.490301
details:       Sherpa.LC            aACA     0.000879    3.661034
details:        Pulliyar            aACA    -0.016865  -42.679832
dscore:            aACA f4:    -0.000034 Z:    -0.163170

gendstat:                Mbuti           Anatolia_N     0.173
gendstat:                Mbuti               Ami.DG    -0.264
gendstat:                Mbuti              Mixe.DG    -0.230
gendstat:                Mbuti         Ganj_Dareh_N     0.268
gendstat:                Mbuti              Onge.DG    -0.215
gendstat:                Mbuti           Villabruna    -0.552
gendstat:                Mbuti           DevilsGate     0.631
gendstat:                Mbuti                 aACA    -0.163
gendstat:           Anatolia_N               Ami.DG    -0.415
gendstat:           Anatolia_N              Mixe.DG    -0.392
gendstat:           Anatolia_N         Ganj_Dareh_N     0.174
gendstat:           Anatolia_N              Onge.DG    -0.357
gendstat:           Anatolia_N           Villabruna    -0.800
gendstat:           Anatolia_N           DevilsGate     0.557
gendstat:           Anatolia_N                 aACA    -0.354
gendstat:               Ami.DG              Mixe.DG     0.022
gendstat:               Ami.DG         Ganj_Dareh_N     0.475
gendstat:               Ami.DG              Onge.DG     0.047
gendstat:               Ami.DG           Villabruna    -0.328
gendstat:               Ami.DG           DevilsGate     0.919
gendstat:               Ami.DG                 aACA     0.160
gendstat:              Mixe.DG         Ganj_Dareh_N     0.458
gendstat:              Mixe.DG              Onge.DG     0.025
gendstat:              Mixe.DG           Villabruna    -0.351
gendstat:              Mixe.DG           DevilsGate     0.899
gendstat:              Mixe.DG                 aACA     0.131
gendstat:         Ganj_Dareh_N              Onge.DG    -0.416
gendstat:         Ganj_Dareh_N           Villabruna    -0.743
gendstat:         Ganj_Dareh_N           DevilsGate     0.340
gendstat:         Ganj_Dareh_N                 aACA    -0.407
gendstat:              Onge.DG           Villabruna    -0.373
gendstat:              Onge.DG           DevilsGate     0.779
gendstat:              Onge.DG                 aACA     0.087
gendstat:           Villabruna           DevilsGate     1.053
gendstat:           Villabruna                 aACA     0.481
gendstat:           DevilsGate                 aACA    -0.925

## end of run
