/home/cliu7/utils/AdmixTools/bin/qpWave: parameter file: temp/param/qpAdm_Dzala.Upper_YR_LN.Sherpa.LC.Han.pare_xm512_
### THE INPUT PARAMETERS
##PARAMETER NAME: VALUE
DIR: data/intermediate
S1: illumina_all_merged.qpAdm
indivname: data/intermediate/illumina_all_merged.qpAdm.grouped2.ind
snpname: data/intermediate/illumina_all_merged.qpAdm.snp
genotypename: data/intermediate/illumina_all_merged.qpAdm.geno
popleft: temp/param/left.e_xm512_
popright: temp/param/right.e_xm512_
details: YES
## qpWave version: 410
packed geno read OK
end of inpack

left pops:
Dzala
Upper_YR_LN
Sherpa.LC
Han

right pops:
Mbuti
Anatolia_N
Ami.DG
Mixe.DG
Ganj_Dareh_N
Onge.DG
Villabruna
DevilsGate
aACA

  0                Dzala   14
  1          Upper_YR_LN    7
  2            Sherpa.LC    9
  3                  Han   44
  4                Mbuti   13
  5           Anatolia_N   25
  6               Ami.DG    2
  7              Mixe.DG    3
  8         Ganj_Dareh_N    7
  9              Onge.DG    2
 10           Villabruna    1
 11           DevilsGate    4
 12                 aACA   32
jackknife block size:     0.050
snps: 234294  indivs: 163
number of blocks for block jackknife: 548
dof (jackknife):   466.493
numsnps used: 83214
f4info: 
f4rank: 0 dof:     24 chisq:  1674.123 tail:                    0 dofdiff:      0 chisqdiff:     0.000 taildiff:                    1

f4info: 
f4rank: 1 dof:     14 chisq:    41.734 tail:       0.000136242456 dofdiff:     10 chisqdiff:  1632.389 taildiff:                    0
B:
          scale     1.000 
     Anatolia_N    -0.190 
         Ami.DG     2.446 
        Mixe.DG     0.613 
   Ganj_Dareh_N    -0.138 
        Onge.DG     0.228 
     Villabruna    -0.225 
     DevilsGate     0.797 
           aACA    -0.920 
A:
          scale  1012.899 
    Upper_YR_LN     0.504 
      Sherpa.LC    -0.312 
            Han     1.627 

f4info: 
f4rank: 2 dof:      6 chisq:     8.082 tail:          0.232124415 dofdiff:      8 chisqdiff:    33.651 taildiff:       4.69823878e-05
B:
          scale     1.000     1.000 
     Anatolia_N    -0.222    -0.001 
         Ami.DG     2.250    -0.997 
        Mixe.DG     0.684     0.394 
   Ganj_Dareh_N    -0.264    -0.337 
        Onge.DG     0.147    -0.210 
     Villabruna    -0.471    -0.948 
     DevilsGate     1.291     2.063 
           aACA    -0.665     1.240 
A:
          scale   923.263  2676.716 
    Upper_YR_LN     0.798     1.402 
      Sherpa.LC    -0.159     0.766 
            Han     1.529    -0.669 

f4info: 
f4rank: 3 dof:      0 chisq:     0.000 tail:                    1 dofdiff:      6 chisqdiff:     8.082 taildiff:          0.232124415
B:
          scale     1.000     1.000     1.000 
     Anatolia_N    -0.249    -0.070     0.750 
         Ami.DG     2.253    -1.106     0.883 
        Mixe.DG     0.675     0.308     0.297 
   Ganj_Dareh_N    -0.256    -0.341     1.092 
        Onge.DG     0.133    -0.314     0.241 
     Villabruna    -0.507    -1.087     1.170 
     DevilsGate     1.272     1.952     0.130 
           aACA    -0.670     1.213     1.983 
A:
          scale   934.879  2666.219  5861.359 
    Upper_YR_LN     0.756     1.417    -0.649 
      Sherpa.LC    -0.027     0.733     1.569 
            Han     1.558    -0.675     0.342 

## end of run
