/home/cliu7/utils/AdmixTools/bin/qpWave: parameter file: temp/param/qpAdm_Dzala.Upper_YR_LN.Sherpa.LC.Pathan.par1ylbvog7
### THE INPUT PARAMETERS
##PARAMETER NAME: VALUE
DIR: data/intermediate
S1: illumina_all_merged.qpAdm
indivname: data/intermediate/illumina_all_merged.qpAdm.grouped2.ind
snpname: data/intermediate/illumina_all_merged.qpAdm.snp
genotypename: data/intermediate/illumina_all_merged.qpAdm.geno
popleft: temp/param/left.1ylbvog7
popright: temp/param/right.1ylbvog7
details: YES
## qpWave version: 410
packed geno read OK
end of inpack

left pops:
Dzala
Upper_YR_LN
Sherpa.LC
Pathan

right pops:
Mbuti
Anatolia_N
Ami.DG
Mixe.DG
Ganj_Dareh_N
Onge.DG
Villabruna
DevilsGate
aACA

  0                Dzala   14
  1          Upper_YR_LN    7
  2            Sherpa.LC    9
  3               Pathan   22
  4                Mbuti   13
  5           Anatolia_N   25
  6               Ami.DG    2
  7              Mixe.DG    3
  8         Ganj_Dareh_N    7
  9              Onge.DG    2
 10           Villabruna    1
 11           DevilsGate    4
 12                 aACA   32
jackknife block size:     0.050
snps: 234294  indivs: 141
number of blocks for block jackknife: 548
dof (jackknife):   465.462
numsnps used: 81981
f4info: 
f4rank: 0 dof:     24 chisq:  8055.519 tail:                    0 dofdiff:      0 chisqdiff:     0.000 taildiff:                    1

f4info: 
f4rank: 1 dof:     14 chisq:   105.646 tail:       3.89055775e-16 dofdiff:     10 chisqdiff:  7949.873 taildiff:                    0
B:
          scale     1.000 
     Anatolia_N    -0.524 
         Ami.DG     1.353 
        Mixe.DG     0.826 
   Ganj_Dareh_N    -0.564 
        Onge.DG     0.602 
     Villabruna    -0.374 
     DevilsGate     1.457 
           aACA     1.507 
A:
          scale   121.193 
    Upper_YR_LN     0.031 
      Sherpa.LC     0.040 
         Pathan    -1.731 

f4info: 
f4rank: 2 dof:      6 chisq:    11.793 tail:         0.0667559414 dofdiff:      8 chisqdiff:    93.854 taildiff:         7.657421e-17
B:
          scale     1.000     1.000 
     Anatolia_N    -0.532     0.278 
         Ami.DG     1.360    -0.592 
        Mixe.DG     0.822    -0.087 
   Ganj_Dareh_N    -0.570     0.433 
        Onge.DG     0.594     0.568 
     Villabruna    -0.385     1.059 
     DevilsGate     1.445    -0.970 
           aACA     1.509     2.235 
A:
          scale   122.991  2731.748 
    Upper_YR_LN     0.084    -1.597 
      Sherpa.LC     0.020     0.671 
         Pathan    -1.730    -0.002 

f4info: 
f4rank: 3 dof:      0 chisq:     0.000 tail:                    1 dofdiff:      6 chisqdiff:    11.793 taildiff:         0.0667559414
B:
          scale     1.000     1.000     1.000 
     Anatolia_N    -0.547    -0.017     1.087 
         Ami.DG     1.364    -0.354    -1.364 
        Mixe.DG     0.817    -0.144    -0.068 
   Ganj_Dareh_N    -0.583     0.227     1.070 
        Onge.DG     0.598     0.710    -0.860 
     Villabruna    -0.394     1.257    -0.139 
     DevilsGate     1.434    -1.445     1.374 
           aACA     1.505     1.905     1.078 
A:
          scale   123.705  2545.900  5828.433 
    Upper_YR_LN     0.090    -1.700     0.320 
      Sherpa.LC     0.028     0.322     1.702 
         Pathan    -1.729    -0.083     0.044 

## end of run
