/home/cliu7/utils/AdmixTools/bin/qpWave: parameter file: temp/param/qpAdm_Gurung.Naga.Sherpa.LC.Pathan.pargcq7zzka
### THE INPUT PARAMETERS
##PARAMETER NAME: VALUE
DIR: data/intermediate
S1: illumina_all_merged.qpAdm
indivname: data/intermediate/illumina_all_merged.qpAdm.grouped2.ind
snpname: data/intermediate/illumina_all_merged.qpAdm.snp
genotypename: data/intermediate/illumina_all_merged.qpAdm.geno
popleft: temp/param/left.gcq7zzka
popright: temp/param/right.gcq7zzka
details: YES
## qpWave version: 410
packed geno read OK
end of inpack

left pops:
Gurung
Naga
Sherpa.LC
Pathan

right pops:
Mbuti
Anatolia_N
Ami.DG
Mixe.DG
Ganj_Dareh_N
Onge.DG
Villabruna
DevilsGate
aACA

  0               Gurung   17
  1                 Naga    4
  2            Sherpa.LC    9
  3               Pathan   22
  4                Mbuti   13
  5           Anatolia_N   25
  6               Ami.DG    2
  7              Mixe.DG    3
  8         Ganj_Dareh_N    7
  9              Onge.DG    2
 10           Villabruna    1
 11           DevilsGate    4
 12                 aACA   32
jackknife block size:     0.050
snps: 234294  indivs: 141
number of blocks for block jackknife: 548
dof (jackknife):   465.529
numsnps used: 82333
f4info: 
f4rank: 0 dof:     24 chisq:  8190.867 tail:                    0 dofdiff:      0 chisqdiff:     0.000 taildiff:                    1

f4info: 
f4rank: 1 dof:     14 chisq:    99.595 tail:       5.66907326e-15 dofdiff:     10 chisqdiff:  8091.272 taildiff:                    0
B:
          scale     1.000 
     Anatolia_N    -0.548 
         Ami.DG     1.359 
        Mixe.DG     0.818 
   Ganj_Dareh_N    -0.575 
        Onge.DG     0.607 
     Villabruna    -0.395 
     DevilsGate     1.438 
           aACA     1.504 
A:
          scale   131.362 
           Naga     0.197 
      Sherpa.LC     0.159 
         Pathan    -1.713 

f4info: 
f4rank: 2 dof:      6 chisq:    19.992 tail:        0.00277849103 dofdiff:      8 chisqdiff:    79.603 taildiff:       5.87499223e-14
B:
          scale     1.000     1.000 
     Anatolia_N    -0.566     1.276 
         Ami.DG     1.357    -1.207 
        Mixe.DG     0.811    -0.704 
   Ganj_Dareh_N    -0.595     1.300 
        Onge.DG     0.607    -0.043 
     Villabruna    -0.416     0.863 
     DevilsGate     1.423    -0.297 
           aACA     1.504     1.376 
A:
          scale   132.234  3305.346 
           Naga     0.184    -1.247 
      Sherpa.LC     0.164     1.202 
         Pathan    -1.714    -0.022 

f4info: 
f4rank: 3 dof:      0 chisq:     0.000 tail:                    1 dofdiff:      6 chisqdiff:    19.992 taildiff:        0.00277849103
B:
          scale     1.000     1.000     1.000 
     Anatolia_N    -0.574     1.368     0.217 
         Ami.DG     1.351    -0.256    -1.063 
        Mixe.DG     0.809     0.458    -1.236 
   Ganj_Dareh_N    -0.607     1.222     0.293 
        Onge.DG     0.613    -1.004     1.153 
     Villabruna    -0.427     1.295    -0.264 
     DevilsGate     1.419     0.915    -0.609 
           aACA     1.500     0.915     1.855 
A:
          scale   132.205  3093.458  4063.813 
           Naga     0.219     0.273    -1.696 
      Sherpa.LC     0.169     1.698     0.295 
         Pathan    -1.710     0.203    -0.188 

## end of run
