/home/cliu7/utils/AdmixTools/bin/qpWave: parameter file: temp/param/qpAdm_Gurung.Naxi.Sherpa.LC.Dai.pare5b7eyei
### THE INPUT PARAMETERS
##PARAMETER NAME: VALUE
DIR: data/intermediate
S1: illumina_all_merged.qpAdm
indivname: data/intermediate/illumina_all_merged.qpAdm.grouped2.ind
snpname: data/intermediate/illumina_all_merged.qpAdm.snp
genotypename: data/intermediate/illumina_all_merged.qpAdm.geno
popleft: temp/param/left.e5b7eyei
popright: temp/param/right.e5b7eyei
details: YES
## qpWave version: 410
packed geno read OK
end of inpack

left pops:
Gurung
Naxi
Sherpa.LC
Dai

right pops:
Mbuti
Anatolia_N
Ami.DG
Mixe.DG
Ganj_Dareh_N
Onge.DG
Villabruna
DevilsGate
aACA

  0               Gurung   17
  1                 Naxi    8
  2            Sherpa.LC    9
  3                  Dai   10
  4                Mbuti   13
  5           Anatolia_N   25
  6               Ami.DG    2
  7              Mixe.DG    3
  8         Ganj_Dareh_N    7
  9              Onge.DG    2
 10           Villabruna    1
 11           DevilsGate    4
 12                 aACA   32
jackknife block size:     0.050
snps: 234294  indivs: 133
number of blocks for block jackknife: 548
dof (jackknife):   466.667
numsnps used: 83669
f4info: 
f4rank: 0 dof:     24 chisq:  1755.331 tail:                    0 dofdiff:      0 chisqdiff:     0.000 taildiff:                    1

f4info: 
f4rank: 1 dof:     14 chisq:   283.436 tail:       3.33125018e-52 dofdiff:     10 chisqdiff:  1471.895 taildiff:      2.96163033e-310
B:
          scale     1.000 
     Anatolia_N     0.637 
         Ami.DG    -2.358 
        Mixe.DG     0.064 
   Ganj_Dareh_N     0.536 
        Onge.DG     0.131 
     Villabruna     0.361 
     DevilsGate    -0.108 
           aACA     1.258 
A:
          scale   795.161 
           Naxi    -0.581 
      Sherpa.LC     0.236 
            Dai    -1.614 

f4info: 
f4rank: 2 dof:      6 chisq:    10.674 tail:         0.0990054787 dofdiff:      8 chisqdiff:   272.762 taildiff:       2.54784659e-54
B:
          scale     1.000     1.000 
     Anatolia_N    -0.365     0.250 
         Ami.DG     2.467    -0.677 
        Mixe.DG     0.582     0.879 
   Ganj_Dareh_N    -0.369     0.061 
        Onge.DG     0.233     0.215 
     Villabruna    -0.263     0.243 
     DevilsGate     1.088     1.318 
           aACA     0.032     2.205 
A:
          scale   610.393  1222.742 
           Naxi     0.993     0.515 
      Sherpa.LC     0.529     1.371 
            Dai     1.317    -0.925 

f4info: 
f4rank: 3 dof:      0 chisq:     0.000 tail:                    1 dofdiff:      6 chisqdiff:    10.674 taildiff:         0.0990054787
B:
          scale     1.000     1.000     1.000 
     Anatolia_N    -0.367     0.268     0.691 
         Ami.DG     2.473    -0.713     1.033 
        Mixe.DG     0.581     0.782    -1.638 
   Ganj_Dareh_N    -0.337     0.115     0.929 
        Onge.DG     0.232     0.160    -0.605 
     Villabruna    -0.254     0.251     1.031 
     DevilsGate     1.085     1.279    -0.621 
           aACA     0.038     2.252     1.046 
A:
          scale   610.536  1263.556 10200.283 
           Naxi     0.991     0.549    -1.310 
      Sherpa.LC     0.530     1.339     0.962 
            Dai     1.318    -0.951     0.598 

## end of run
