/home/cliu7/utils/AdmixTools/bin/qpWave: parameter file: temp/param/qpAdm_Gurung.Yi.Sherpa.LC.Dai.par7x8pvx_l
### THE INPUT PARAMETERS
##PARAMETER NAME: VALUE
DIR: data/intermediate
S1: illumina_all_merged.qpAdm
indivname: data/intermediate/illumina_all_merged.qpAdm.grouped2.ind
snpname: data/intermediate/illumina_all_merged.qpAdm.snp
genotypename: data/intermediate/illumina_all_merged.qpAdm.geno
popleft: temp/param/left.7x8pvx_l
popright: temp/param/right.7x8pvx_l
details: YES
## qpWave version: 410
packed geno read OK
end of inpack

left pops:
Gurung
Yi
Sherpa.LC
Dai

right pops:
Mbuti
Anatolia_N
Ami.DG
Mixe.DG
Ganj_Dareh_N
Onge.DG
Villabruna
DevilsGate
aACA

  0               Gurung   17
  1                   Yi   10
  2            Sherpa.LC    9
  3                  Dai   10
  4                Mbuti   13
  5           Anatolia_N   25
  6               Ami.DG    2
  7              Mixe.DG    3
  8         Ganj_Dareh_N    7
  9              Onge.DG    2
 10           Villabruna    1
 11           DevilsGate    4
 12                 aACA   32
jackknife block size:     0.050
snps: 234294  indivs: 135
number of blocks for block jackknife: 548
dof (jackknife):   466.650
numsnps used: 83637
f4info: 
f4rank: 0 dof:     24 chisq:  1880.644 tail:                    0 dofdiff:      0 chisqdiff:     0.000 taildiff:                    1

f4info: 
f4rank: 1 dof:     14 chisq:   292.432 tail:       4.46518151e-54 dofdiff:     10 chisqdiff:  1588.212 taildiff:                    0
B:
          scale     1.000 
     Anatolia_N    -0.593 
         Ami.DG     2.462 
        Mixe.DG     0.030 
   Ganj_Dareh_N    -0.457 
        Onge.DG     0.037 
     Villabruna    -0.398 
     DevilsGate     0.306 
           aACA    -1.060 
A:
          scale   735.822 
             Yi     0.669 
      Sherpa.LC    -0.181 
            Dai     1.587 

f4info: 
f4rank: 2 dof:      6 chisq:    16.467 tail:          0.011456941 dofdiff:      8 chisqdiff:   275.966 taildiff:       5.31634824e-55
B:
          scale     1.000     1.000 
     Anatolia_N    -0.372     0.264 
         Ami.DG     2.398    -0.788 
        Mixe.DG     0.603     0.858 
   Ganj_Dareh_N    -0.429     0.017 
        Onge.DG     0.287     0.261 
     Villabruna    -0.295     0.231 
     DevilsGate     1.180     1.349 
           aACA     0.044     2.152 
A:
          scale   595.681  1217.986 
             Yi     1.054     0.533 
      Sherpa.LC     0.515     1.331 
            Dai     1.274    -0.971 

f4info: 
f4rank: 3 dof:      0 chisq:     0.000 tail:                    1 dofdiff:      6 chisqdiff:    16.467 taildiff:          0.011456941
B:
          scale     1.000     1.000     1.000 
     Anatolia_N    -0.358     0.278     0.481 
         Ami.DG     2.442    -0.781     1.096 
        Mixe.DG     0.581     0.755    -1.003 
   Ganj_Dareh_N    -0.370     0.082     1.298 
        Onge.DG     0.265     0.190    -0.972 
     Villabruna    -0.259     0.244     0.960 
     DevilsGate     1.136     1.288    -0.887 
           aACA     0.066     2.232     1.105 
A:
          scale   595.187  1250.871  8206.239 
             Yi     1.046     0.557    -1.263 
      Sherpa.LC     0.528     1.303     1.012 
            Dai     1.276    -0.996     0.616 

## end of run
