/home/cliu7/utils/AdmixTools/bin/qpAdm: parameter file: temp/param/qpAdm_Khengpa.Naxi.Sherpa.LC.Pulliyar.parcq3lna95
### THE INPUT PARAMETERS
##PARAMETER NAME: VALUE
DIR: data/intermediate
S1: illumina_all_merged.qpAdm
indivname: data/intermediate/illumina_all_merged.qpAdm.grouped2.ind
snpname: data/intermediate/illumina_all_merged.qpAdm.snp
genotypename: data/intermediate/illumina_all_merged.qpAdm.geno
popleft: temp/param/left.cq3lna95
popright: temp/param/right.cq3lna95
details: YES
## qpAdm version: 810
seed: 576517134
packed geno read OK
end of inpack

left pops:
Khengpa
Naxi
Sherpa.LC
Pulliyar

right pops:
Mbuti
Anatolia_N
Ami.DG
Mixe.DG
Ganj_Dareh_N
Onge.DG
Villabruna
DevilsGate
aACA

  0              Khengpa   18
  1                 Naxi    8
  2            Sherpa.LC    9
  3             Pulliyar    5
  4                Mbuti   13
  5           Anatolia_N   25
  6               Ami.DG    2
  7              Mixe.DG    3
  8         Ganj_Dareh_N    7
  9              Onge.DG    2
 10           Villabruna    1
 11           DevilsGate    4
 12                 aACA   32
jackknife block size:     0.050
snps: 234294  indivs: 129
number of blocks for block jackknife: 548
## ncols: 234294
coverage:              Khengpa 234294
coverage:                 Naxi 234294
coverage:            Sherpa.LC 117394
coverage:             Pulliyar 234294
coverage:                Mbuti 234294
coverage:           Anatolia_N 117047
coverage:               Ami.DG 228808
coverage:              Mixe.DG 228825
coverage:         Ganj_Dareh_N 104920
coverage:              Onge.DG 228703
coverage:           Villabruna  86810
coverage:           DevilsGate 117364
coverage:                 aACA 120350
dof (jackknife):   466.534
numsnps used: 83496
codimension 1
f4info: 
f4rank: 2 dof:      6 chisq:     5.943 tail:          0.429607979 dofdiff:      8 chisqdiff:    -5.943 taildiff:                    1
B:
          scale     1.000     1.000 
     Anatolia_N    -0.145     0.285 
         Ami.DG     1.404    -1.659 
        Mixe.DG     1.020     0.035 
   Ganj_Dareh_N    -0.268     0.089 
        Onge.DG     0.325    -0.138 
     Villabruna    -0.093     0.189 
     DevilsGate     1.564     0.343 
           aACA     1.528     2.233 
A:
          scale   166.414  2354.892 
           Naxi     0.143    -1.469 
      Sherpa.LC     0.065     0.819 
       Pulliyar    -1.725    -0.412 


full rank
f4info: 
f4rank: 3 dof:      0 chisq:     0.000 tail:                    1 dofdiff:      6 chisqdiff:     5.943 taildiff:          0.429607979
B:
          scale     1.000     1.000     1.000 
     Anatolia_N    -0.058     0.425    -0.217 
         Ami.DG     1.404    -2.011    -0.881 
        Mixe.DG     1.003    -0.234     0.520 
   Ganj_Dareh_N    -0.151     0.288    -0.625 
        Onge.DG     0.320    -0.229     0.038 
     Villabruna     0.000     0.338    -0.344 
     DevilsGate     1.574    -0.047     0.858 
           aACA     1.555     1.862     2.379 
A:
          scale   189.475   961.142   795.557 
           Naxi     0.183    -0.365    -0.255 
      Sherpa.LC     0.182     0.747    -0.448 
       Pulliyar    -1.713     1.519    -1.654 


best coefficients:     0.331     0.618     0.051 
Jackknife mean:      0.331309037     0.617800757     0.050890205 
      std. errors:     0.047     0.046     0.008 

error covariance (* 1000000)
      2245      -2133       -112 
     -2133       2079         54 
      -112         54         58 


summ: Khengpa    3      0.429608     0.331     0.618     0.051  2245 -2133  -112  2079    54    58 

    fixed pat  wt  dof     chisq       tail prob
          000  0     6     5.943        0.429608     0.331     0.618     0.051 
          001  1     7   272.877               0     2.053    -1.053    -0.000  infeasible
          010  1     7   167.048               0     0.965     0.000     0.035 
          100  1     7    37.758     3.36904e-06     0.000     0.935     0.065 
          011  2     8   185.321               0     1.000     0.000    -0.000 
          101  2     8    82.808     1.32844e-14     0.000     1.000    -0.000 
          110  2     8  3342.783               0     0.000    -0.000     1.000 
best pat:          000         0.429608              -  -
best pat:          100      3.36904e-06  chi(nested):    31.815 p-value for nested model:       1.696e-08
best pat:          101      1.32844e-14  chi(nested):    45.050 p-value for nested model:     1.92073e-11

coeffs:     0.331     0.618     0.051 

## dscore:: f_4(Base, Fit, Rbase, right2)
## genstat:: f_4(Base, Fit, right1, right2)

details:            Naxi      Anatolia_N    -0.000186   -0.953321
details:       Sherpa.LC      Anatolia_N     0.000413    1.719237
details:        Pulliyar      Anatolia_N     0.001520    4.300740
dscore:      Anatolia_N f4:     0.000271 Z:     1.520656

details:            Naxi          Ami.DG     0.002398    9.393652
details:       Sherpa.LC          Ami.DG     0.000310    1.035599
details:        Pulliyar          Ami.DG    -0.014252  -31.785371
dscore:          Ami.DG f4:     0.000259 Z:     1.146390

details:            Naxi         Mixe.DG     0.000811    3.287764
details:       Sherpa.LC         Mixe.DG     0.000497    1.656914
details:        Pulliyar         Mixe.DG    -0.010647  -22.241035
dscore:         Mixe.DG f4:     0.000034 Z:     0.148748

details:            Naxi    Ganj_Dareh_N    -0.000074   -0.307606
details:       Sherpa.LC    Ganj_Dareh_N     0.000461    1.512198
details:        Pulliyar    Ganj_Dareh_N     0.002991    6.843531
dscore:    Ganj_Dareh_N f4:     0.000413 Z:     1.782370

details:            Naxi         Onge.DG     0.000329    1.350322
details:       Sherpa.LC         Onge.DG     0.000119    0.412840
details:        Pulliyar         Onge.DG    -0.003418   -7.809986
dscore:         Onge.DG f4:     0.000008 Z:     0.037953

details:            Naxi      Villabruna    -0.000074   -0.246010
details:       Sherpa.LC      Villabruna     0.000506    1.319380
details:        Pulliyar      Villabruna     0.001112    1.939687
dscore:      Villabruna f4:     0.000345 Z:     1.223723

details:            Naxi      DevilsGate     0.001175    4.390021
details:       Sherpa.LC      DevilsGate     0.001018    3.191688
details:        Pulliyar      DevilsGate    -0.016299  -34.230616
dscore:      DevilsGate f4:     0.000189 Z:     0.791940

details:            Naxi            aACA     0.000000    0.000824
details:       Sherpa.LC            aACA     0.001617    6.665541
details:        Pulliyar            aACA    -0.016224  -42.036190
dscore:            aACA f4:     0.000175 Z:     0.941508

gendstat:                Mbuti           Anatolia_N     1.521
gendstat:                Mbuti               Ami.DG     1.146
gendstat:                Mbuti              Mixe.DG     0.149
gendstat:                Mbuti         Ganj_Dareh_N     1.782
gendstat:                Mbuti              Onge.DG     0.038
gendstat:                Mbuti           Villabruna     1.224
gendstat:                Mbuti           DevilsGate     0.792
gendstat:                Mbuti                 aACA     0.942
gendstat:           Anatolia_N               Ami.DG    -0.056
gendstat:           Anatolia_N              Mixe.DG    -1.129
gendstat:           Anatolia_N         Ganj_Dareh_N     0.766
gendstat:           Anatolia_N              Onge.DG    -1.244
gendstat:           Anatolia_N           Villabruna     0.308
gendstat:           Anatolia_N           DevilsGate    -0.367
gendstat:           Anatolia_N                 aACA    -0.582
gendstat:               Ami.DG              Mixe.DG    -1.012
gendstat:               Ami.DG         Ganj_Dareh_N     0.621
gendstat:               Ami.DG              Onge.DG    -1.102
gendstat:               Ami.DG           Villabruna     0.279
gendstat:               Ami.DG           DevilsGate    -0.318
gendstat:               Ami.DG                 aACA    -0.474
gendstat:              Mixe.DG         Ganj_Dareh_N     1.495
gendstat:              Mixe.DG              Onge.DG    -0.108
gendstat:              Mixe.DG           Villabruna     1.037
gendstat:              Mixe.DG           DevilsGate     0.676
gendstat:              Mixe.DG                 aACA     0.797
gendstat:         Ganj_Dareh_N              Onge.DG    -1.645
gendstat:         Ganj_Dareh_N           Villabruna    -0.230
gendstat:         Ganj_Dareh_N           DevilsGate    -0.855
gendstat:         Ganj_Dareh_N                 aACA    -1.100
gendstat:              Onge.DG           Villabruna     1.119
gendstat:              Onge.DG           DevilsGate     0.712
gendstat:              Onge.DG                 aACA     0.868
gendstat:           Villabruna           DevilsGate    -0.518
gendstat:           Villabruna                 aACA    -0.653
gendstat:           DevilsGate                 aACA    -0.073

## end of run
