/home/cliu7/utils/AdmixTools/bin/qpAdm: parameter file: temp/param/qpAdm_Khengpa.Upper_YR_LN.Sherpa.LC.Han.par7i3ldtqa
### THE INPUT PARAMETERS
##PARAMETER NAME: VALUE
DIR: data/intermediate
S1: illumina_all_merged.qpAdm
indivname: data/intermediate/illumina_all_merged.qpAdm.grouped2.ind
snpname: data/intermediate/illumina_all_merged.qpAdm.snp
genotypename: data/intermediate/illumina_all_merged.qpAdm.geno
popleft: temp/param/left.7i3ldtqa
popright: temp/param/right.7i3ldtqa
details: YES
## qpAdm version: 810
seed: -1425975418
packed geno read OK
end of inpack

left pops:
Khengpa
Upper_YR_LN
Sherpa.LC
Han

right pops:
Mbuti
Anatolia_N
Ami.DG
Mixe.DG
Ganj_Dareh_N
Onge.DG
Villabruna
DevilsGate
aACA

  0              Khengpa   18
  1          Upper_YR_LN    7
  2            Sherpa.LC    9
  3                  Han   44
  4                Mbuti   13
  5           Anatolia_N   25
  6               Ami.DG    2
  7              Mixe.DG    3
  8         Ganj_Dareh_N    7
  9              Onge.DG    2
 10           Villabruna    1
 11           DevilsGate    4
 12                 aACA   32
jackknife block size:     0.050
snps: 234294  indivs: 167
number of blocks for block jackknife: 548
## ncols: 234294
coverage:              Khengpa 234294
coverage:          Upper_YR_LN 232854
coverage:            Sherpa.LC 117394
coverage:                  Han 234294
coverage:                Mbuti 234294
coverage:           Anatolia_N 117047
coverage:               Ami.DG 228808
coverage:              Mixe.DG 228825
coverage:         Ganj_Dareh_N 104920
coverage:              Onge.DG 228703
coverage:           Villabruna  86810
coverage:           DevilsGate 117364
coverage:                 aACA 120350
dof (jackknife):   466.289
numsnps used: 83088
codimension 1
f4info: 
f4rank: 2 dof:      6 chisq:    17.970 tail:        0.00630842812 dofdiff:      8 chisqdiff:   -17.970 taildiff:                    1
B:
          scale     1.000     1.000 
     Anatolia_N    -0.038     0.382 
         Ami.DG     2.322    -1.397 
        Mixe.DG     0.820     0.237 
   Ganj_Dareh_N     0.021     0.296 
        Onge.DG     0.221    -0.168 
     Villabruna    -0.031     0.231 
     DevilsGate     1.372     1.027 
           aACA    -0.001     2.150 
A:
          scale   789.521  2088.255 
    Upper_YR_LN     0.969     0.939 
      Sherpa.LC     0.290     1.341 
            Han     1.406    -0.567 


full rank
f4info: 
f4rank: 3 dof:      0 chisq:     0.000 tail:                    1 dofdiff:      6 chisqdiff:    17.970 taildiff:        0.00630842812
B:
          scale     1.000     1.000     1.000 
     Anatolia_N    -0.016     0.397     0.622 
         Ami.DG     2.299    -1.369    -0.005 
        Mixe.DG     0.838     0.219    -0.310 
   Ganj_Dareh_N     0.029     0.321     0.996 
        Onge.DG     0.231    -0.124     0.223 
     Villabruna    -0.011     0.169     1.599 
     DevilsGate     1.399     1.081    -1.606 
           aACA     0.012     2.146     1.157 
A:
          scale   829.642  2049.217  3742.481 
    Upper_YR_LN     0.807     1.016    -1.499 
      Sherpa.LC     0.402     1.259     0.858 
            Han     1.479    -0.619     0.133 


best coefficients:    -2.421     2.208     1.213 
Jackknife mean:     -0.821345430     1.269669198     0.551676232 
      std. errors:     2.081     1.232     0.863 

error covariance (* 1000000)
   4332221   -2552379   -1779842 
  -2552379    1517082    1035297 
  -1779842    1035297     744545 


summ: Khengpa    3      0.006308    -0.821     1.270     0.552 4332221 -2552379 -1779842 1517082 1035297 744545 

    fixed pat  wt  dof     chisq       tail prob
          000  0     6    17.970      0.00630843    -2.421     2.208     1.213  infeasible
          001  1     7    64.178     2.19948e-11     0.568     0.432     0.000 
          010  1     7    40.285     1.11006e-06     1.407    -0.000    -0.407  infeasible
          100  1     7    51.644     6.86179e-09    -0.000     0.798     0.202 
          011  2     8    70.666     3.62121e-12     1.000     0.000     0.000 
          101  2     8    83.415     1.00162e-14     0.000     1.000     0.000 
          110  2     8  1154.604               0     0.000     0.000     1.000 
best pat:          000       0.00630843              -  -
best pat:          100      6.86179e-09  chi(nested):    33.674 p-value for nested model:     6.51539e-09
best pat:          011      3.62121e-12 not nested

coeffs:    -2.421     2.208     1.213 

## dscore:: f_4(Base, Fit, Rbase, right2)
## genstat:: f_4(Base, Fit, right1, right2)

details:     Upper_YR_LN      Anatolia_N    -0.000081   -0.248717
details:       Sherpa.LC      Anatolia_N     0.000430    1.786775
details:             Han      Anatolia_N    -0.000112   -0.731468
dscore:      Anatolia_N f4:     0.001008 Z:     1.063493

details:     Upper_YR_LN          Ami.DG     0.001573    3.751572
details:       Sherpa.LC          Ami.DG     0.000304    1.012257
details:             Han          Ami.DG     0.004528   22.811579
dscore:          Ami.DG f4:     0.002355 Z:     2.062515

details:     Upper_YR_LN         Mixe.DG     0.001048    2.661079
details:       Sherpa.LC         Mixe.DG     0.000516    1.717797
details:             Han         Mixe.DG     0.001437    7.089119
dscore:         Mixe.DG f4:     0.000345 Z:     0.310168

details:     Upper_YR_LN    Ganj_Dareh_N    -0.000222   -0.547906
details:       Sherpa.LC    Ganj_Dareh_N     0.000494    1.620219
details:             Han    Ganj_Dareh_N     0.000011    0.055692
dscore:    Ganj_Dareh_N f4:     0.001641 Z:     1.438501

details:     Upper_YR_LN         Onge.DG     0.000069    0.168789
details:       Sherpa.LC         Onge.DG     0.000130    0.449805
details:             Han         Onge.DG     0.000471    2.357142
dscore:         Onge.DG f4:     0.000690 Z:     0.612188

details:     Upper_YR_LN      Villabruna    -0.000609   -1.185042
details:       Sherpa.LC      Villabruna     0.000538    1.402584
details:             Han      Villabruna     0.000007    0.032579
dscore:      Villabruna f4:     0.002672 Z:     1.863549

details:     Upper_YR_LN      DevilsGate     0.002547    5.598206
details:       Sherpa.LC      DevilsGate     0.001029    3.222811
details:             Han      DevilsGate     0.002129    9.755307
dscore:      DevilsGate f4:    -0.001311 Z:    -1.065430

details:     Upper_YR_LN            aACA     0.000623    1.833925
details:       Sherpa.LC            aACA     0.001625    6.688537
details:             Han            aACA    -0.000570   -3.497724
dscore:            aACA f4:     0.001389 Z:     1.537772

gendstat:                Mbuti           Anatolia_N     1.063
gendstat:                Mbuti               Ami.DG     2.063
gendstat:                Mbuti              Mixe.DG     0.310
gendstat:                Mbuti         Ganj_Dareh_N     1.439
gendstat:                Mbuti              Onge.DG     0.612
gendstat:                Mbuti           Villabruna     1.864
gendstat:                Mbuti           DevilsGate    -1.065
gendstat:                Mbuti                 aACA     1.538
gendstat:           Anatolia_N               Ami.DG     1.353
gendstat:           Anatolia_N              Mixe.DG    -0.681
gendstat:           Anatolia_N         Ganj_Dareh_N     0.690
gendstat:           Anatolia_N              Onge.DG    -0.322
gendstat:           Anatolia_N           Villabruna     1.402
gendstat:           Anatolia_N           DevilsGate    -2.139
gendstat:           Anatolia_N                 aACA     0.492
gendstat:               Ami.DG              Mixe.DG    -1.881
gendstat:               Ami.DG         Ganj_Dareh_N    -0.588
gendstat:               Ami.DG              Onge.DG    -1.522
gendstat:               Ami.DG           Villabruna     0.219
gendstat:               Ami.DG           DevilsGate    -3.385
gendstat:               Ami.DG                 aACA    -1.202
gendstat:              Mixe.DG         Ganj_Dareh_N     1.077
gendstat:              Mixe.DG              Onge.DG     0.310
gendstat:              Mixe.DG           Villabruna     1.572
gendstat:              Mixe.DG           DevilsGate    -1.474
gendstat:              Mixe.DG                 aACA     1.272
gendstat:         Ganj_Dareh_N              Onge.DG    -0.806
gendstat:         Ganj_Dareh_N           Villabruna     0.741
gendstat:         Ganj_Dareh_N           DevilsGate    -2.295
gendstat:         Ganj_Dareh_N                 aACA    -0.238
gendstat:              Onge.DG           Villabruna     1.376
gendstat:              Onge.DG           DevilsGate    -1.730
gendstat:              Onge.DG                 aACA     0.808
gendstat:           Villabruna           DevilsGate    -2.600
gendstat:           Villabruna                 aACA    -0.972
gendstat:           DevilsGate                 aACA     2.943

## end of run
