/home/cliu7/utils/AdmixTools/bin/qpAdm: parameter file: temp/param/qpAdm_Khengpa.Naga.Sherpa.LC.Pulliyar.parj_zzn_xq
### THE INPUT PARAMETERS
##PARAMETER NAME: VALUE
DIR: data/intermediate
S1: illumina_all_merged.qpAdm
indivname: data/intermediate/illumina_all_merged.qpAdm.grouped2.ind
snpname: data/intermediate/illumina_all_merged.qpAdm.snp
genotypename: data/intermediate/illumina_all_merged.qpAdm.geno
popleft: temp/param/left.j_zzn_xq
popright: temp/param/right.j_zzn_xq
details: YES
## qpAdm version: 810
seed: -313994144
packed geno read OK
end of inpack

left pops:
Khengpa
Naga
Sherpa.LC
Pulliyar

right pops:
Mbuti
Anatolia_N
Ami.DG
Mixe.DG
Ganj_Dareh_N
Onge.DG
Villabruna
DevilsGate
aACA

  0              Khengpa   18
  1                 Naga    4
  2            Sherpa.LC    9
  3             Pulliyar    5
  4                Mbuti   13
  5           Anatolia_N   25
  6               Ami.DG    2
  7              Mixe.DG    3
  8         Ganj_Dareh_N    7
  9              Onge.DG    2
 10           Villabruna    1
 11           DevilsGate    4
 12                 aACA   32
jackknife block size:     0.050
snps: 234294  indivs: 125
number of blocks for block jackknife: 548
## ncols: 234294
coverage:              Khengpa 234294
coverage:                 Naga 234294
coverage:            Sherpa.LC 117394
coverage:             Pulliyar 234294
coverage:                Mbuti 234294
coverage:           Anatolia_N 117047
coverage:               Ami.DG 228808
coverage:              Mixe.DG 228825
coverage:         Ganj_Dareh_N 104920
coverage:              Onge.DG 228703
coverage:           Villabruna  86810
coverage:           DevilsGate 117364
coverage:                 aACA 120350
dof (jackknife):   466.543
numsnps used: 83609
codimension 1
f4info: 
f4rank: 2 dof:      6 chisq:     3.246 tail:          0.777423632 dofdiff:      8 chisqdiff:    -3.246 taildiff:                    1
B:
          scale     1.000     1.000 
     Anatolia_N    -0.148     1.005 
         Ami.DG     1.360    -1.101 
        Mixe.DG     1.027    -0.559 
   Ganj_Dareh_N    -0.277     0.911 
        Onge.DG     0.323    -0.248 
     Villabruna    -0.097     0.419 
     DevilsGate     1.566     0.131 
           aACA     1.559     2.093 
A:
          scale   165.905  3858.057 
           Naga     0.155    -1.027 
      Sherpa.LC     0.079     1.394 
       Pulliyar    -1.723     0.049 


full rank
f4info: 
f4rank: 3 dof:      0 chisq:     0.000 tail:                    1 dofdiff:      6 chisqdiff:     3.246 taildiff:          0.777423632
B:
          scale     1.000     1.000     1.000 
     Anatolia_N    -0.118     1.105     0.700 
         Ami.DG     1.332    -1.635    -0.164 
        Mixe.DG     1.022    -0.868    -0.806 
   Ganj_Dareh_N    -0.243     1.134    -0.403 
        Onge.DG     0.322    -0.252    -0.018 
     Villabruna    -0.073     0.710    -0.644 
     DevilsGate     1.570    -0.601     0.074 
           aACA     1.592     1.067     2.500 
A:
          scale   170.693  2328.342  5630.587 
           Naga     0.161    -0.378    -0.880 
      Sherpa.LC     0.149     1.280    -0.780 
       Pulliyar    -1.718     1.104    -1.272 


best coefficients:     0.539     0.395     0.067 
Jackknife mean:      0.536465164     0.396791438     0.066743398 
      std. errors:     0.081     0.082     0.007 

error covariance (* 1000000)
      6573      -6590         17 
     -6590       6661        -72 
        17        -72         55 


summ: Khengpa    3      0.777424     0.536     0.397     0.067  6573 -6590    17  6661   -72    55 

    fixed pat  wt  dof     chisq       tail prob
          000  0     6     3.246        0.777424     0.539     0.395     0.067 
          001  1     7    80.182     1.26489e-14    -3.408     4.408    -0.000  infeasible
          010  1     7    18.402       0.0102835     0.928    -0.000     0.072 
          100  1     7    37.267     4.17504e-06    -0.000     0.936     0.064 
          011  2     8    70.882     3.27955e-12     1.000     0.000    -0.000 
          101  2     8    82.548     1.49862e-14     0.000     1.000    -0.000 
          110  2     8  3334.540               0     0.000    -0.000     1.000 
best pat:          000         0.777424              -  -
best pat:          010        0.0102835  chi(nested):    15.156 p-value for nested model:     9.89913e-05
best pat:          011      3.27955e-12  chi(nested):    52.480 p-value for nested model:     4.34605e-13

coeffs:     0.539     0.395     0.067 

## dscore:: f_4(Base, Fit, Rbase, right2)
## genstat:: f_4(Base, Fit, right1, right2)

details:            Naga      Anatolia_N    -0.000523   -2.014291
details:       Sherpa.LC      Anatolia_N     0.000413    1.718107
details:        Pulliyar      Anatolia_N     0.001518    4.300770
dscore:      Anatolia_N f4:    -0.000017 Z:    -0.087392

details:            Naga          Ami.DG     0.001434    4.475677
details:       Sherpa.LC          Ami.DG     0.000310    1.035100
details:        Pulliyar          Ami.DG    -0.014233  -31.777415
dscore:          Ami.DG f4:    -0.000056 Z:    -0.229926

details:            Naga         Mixe.DG     0.001181    3.684715
details:       Sherpa.LC         Mixe.DG     0.000496    1.656703
details:        Pulliyar         Mixe.DG    -0.010632  -22.243924
dscore:         Mixe.DG f4:     0.000122 Z:     0.512781

details:            Naga    Ganj_Dareh_N    -0.000458   -1.489534
details:       Sherpa.LC    Ganj_Dareh_N     0.000460    1.511787
details:        Pulliyar    Ganj_Dareh_N     0.002986    6.843061
dscore:    Ganj_Dareh_N f4:     0.000134 Z:     0.554894

details:            Naga         Onge.DG     0.000243    0.800946
details:       Sherpa.LC         Onge.DG     0.000119    0.412650
details:        Pulliyar         Onge.DG    -0.003414   -7.807492
dscore:         Onge.DG f4:    -0.000050 Z:    -0.217339

details:            Naga      Villabruna    -0.000111   -0.272792
details:       Sherpa.LC      Villabruna     0.000506    1.319021
details:        Pulliyar      Villabruna     0.001110    1.939870
dscore:      Villabruna f4:     0.000214 Z:     0.698069

details:            Naga      DevilsGate     0.001416    4.123767
details:       Sherpa.LC      DevilsGate     0.001017    3.191731
details:        Pulliyar      DevilsGate    -0.016277  -34.220014
dscore:      DevilsGate f4:     0.000077 Z:     0.299162

details:            Naga            aACA     0.000855    3.351999
details:       Sherpa.LC            aACA     0.001615    6.663130
details:        Pulliyar            aACA    -0.016202  -42.021694
dscore:            aACA f4:     0.000016 Z:     0.083555

gendstat:                Mbuti           Anatolia_N    -0.087
gendstat:                Mbuti               Ami.DG    -0.230
gendstat:                Mbuti              Mixe.DG     0.513
gendstat:                Mbuti         Ganj_Dareh_N     0.555
gendstat:                Mbuti              Onge.DG    -0.217
gendstat:                Mbuti           Villabruna     0.698
gendstat:                Mbuti           DevilsGate     0.299
gendstat:                Mbuti                 aACA     0.084
gendstat:           Anatolia_N               Ami.DG    -0.162
gendstat:           Anatolia_N              Mixe.DG     0.636
gendstat:           Anatolia_N         Ganj_Dareh_N     0.784
gendstat:           Anatolia_N              Onge.DG    -0.146
gendstat:           Anatolia_N           Villabruna     0.922
gendstat:           Anatolia_N           DevilsGate     0.388
gendstat:           Anatolia_N                 aACA     0.187
gendstat:               Ami.DG              Mixe.DG     0.756
gendstat:               Ami.DG         Ganj_Dareh_N     0.742
gendstat:               Ami.DG              Onge.DG     0.023
gendstat:               Ami.DG           Villabruna     0.824
gendstat:               Ami.DG           DevilsGate     0.564
gendstat:               Ami.DG                 aACA     0.376
gendstat:              Mixe.DG         Ganj_Dareh_N     0.049
gendstat:              Mixe.DG              Onge.DG    -0.712
gendstat:              Mixe.DG           Villabruna     0.299
gendstat:              Mixe.DG           DevilsGate    -0.188
gendstat:              Mixe.DG                 aACA    -0.570
gendstat:         Ganj_Dareh_N              Onge.DG    -0.705
gendstat:         Ganj_Dareh_N           Villabruna     0.271
gendstat:         Ganj_Dareh_N           DevilsGate    -0.219
gendstat:         Ganj_Dareh_N                 aACA    -0.548
gendstat:              Onge.DG           Villabruna     0.873
gendstat:              Onge.DG           DevilsGate     0.470
gendstat:              Onge.DG                 aACA     0.335
gendstat:           Villabruna           DevilsGate    -0.415
gendstat:           Villabruna                 aACA    -0.697
gendstat:           DevilsGate                 aACA    -0.295

## end of run
