/home/cliu7/utils/AdmixTools/bin/qpAdm: parameter file: temp/param/qpAdm_Khengpa.Naxi.Sherpa.LC.Pathan.par1dyi9srd
### THE INPUT PARAMETERS
##PARAMETER NAME: VALUE
DIR: data/intermediate
S1: illumina_all_merged.qpAdm
indivname: data/intermediate/illumina_all_merged.qpAdm.grouped2.ind
snpname: data/intermediate/illumina_all_merged.qpAdm.snp
genotypename: data/intermediate/illumina_all_merged.qpAdm.geno
popleft: temp/param/left.1dyi9srd
popright: temp/param/right.1dyi9srd
details: YES
## qpAdm version: 810
seed: -1128961183
packed geno read OK
end of inpack

left pops:
Khengpa
Naxi
Sherpa.LC
Pathan

right pops:
Mbuti
Anatolia_N
Ami.DG
Mixe.DG
Ganj_Dareh_N
Onge.DG
Villabruna
DevilsGate
aACA

  0              Khengpa   18
  1                 Naxi    8
  2            Sherpa.LC    9
  3               Pathan   22
  4                Mbuti   13
  5           Anatolia_N   25
  6               Ami.DG    2
  7              Mixe.DG    3
  8         Ganj_Dareh_N    7
  9              Onge.DG    2
 10           Villabruna    1
 11           DevilsGate    4
 12                 aACA   32
jackknife block size:     0.050
snps: 234294  indivs: 146
number of blocks for block jackknife: 548
## ncols: 234294
coverage:              Khengpa 234294
coverage:                 Naxi 234294
coverage:            Sherpa.LC 117394
coverage:               Pathan 234294
coverage:                Mbuti 234294
coverage:           Anatolia_N 117047
coverage:               Ami.DG 228808
coverage:              Mixe.DG 228825
coverage:         Ganj_Dareh_N 104920
coverage:              Onge.DG 228703
coverage:           Villabruna  86810
coverage:           DevilsGate 117364
coverage:                 aACA 120350
dof (jackknife):   465.496
numsnps used: 82312
codimension 1
f4info: 
f4rank: 2 dof:      6 chisq:    13.688 tail:         0.0333220142 dofdiff:      8 chisqdiff:   -13.688 taildiff:                    1
B:
          scale     1.000     1.000 
     Anatolia_N    -0.563    -0.093 
         Ami.DG     1.393    -1.544 
        Mixe.DG     0.814    -0.106 
   Ganj_Dareh_N    -0.596    -0.172 
        Onge.DG     0.591     0.086 
     Villabruna    -0.418    -0.066 
     DevilsGate     1.432     0.302 
           aACA     1.467     2.338 
A:
          scale   126.114  2360.449 
           Naxi     0.106    -1.444 
      Sherpa.LC     0.030     0.858 
         Pathan    -1.729    -0.423 


full rank
f4info: 
f4rank: 3 dof:      0 chisq:     0.000 tail:                    1 dofdiff:      6 chisqdiff:    13.688 taildiff:         0.0333220142
B:
          scale     1.000     1.000     1.000 
     Anatolia_N    -0.488     0.313    -0.761 
         Ami.DG     1.431    -1.868    -0.556 
        Mixe.DG     0.832    -0.258     0.235 
   Ganj_Dareh_N    -0.516     0.260    -0.887 
        Onge.DG     0.570    -0.166     0.475 
     Villabruna    -0.352     0.280    -0.647 
     DevilsGate     1.460    -0.002     0.744 
           aACA     1.474     2.043     2.252 
A:
          scale   142.780  1072.960   687.975 
           Naxi     0.180    -0.143    -0.471 
      Sherpa.LC     0.156     0.992    -0.574 
         Pathan    -1.716     1.412    -1.565 


best coefficients:     0.355     0.613     0.032 
Jackknife mean:      0.355386119     0.612235584     0.032378297 
      std. errors:     0.048     0.047     0.005 

error covariance (* 1000000)
      2305      -2242        -63 
     -2242       2207         35 
       -63         35         28 


summ: Khengpa    3      0.033322     0.355     0.612     0.032  2305 -2242   -63  2207    35    28 

    fixed pat  wt  dof     chisq       tail prob
          000  0     6    13.688        0.033322     0.355     0.613     0.032 
          001  1     7   281.715               0     2.403    -1.403    -0.000  infeasible
          010  1     7   168.187               0     0.976     0.000     0.024 
          100  1     7    49.335     1.95056e-08    -0.000     0.959     0.041 
          011  2     8   187.826               0     1.000     0.000    -0.000 
          101  2     8    84.578     5.83073e-15     0.000     1.000    -0.000 
          110  2     8  7200.555               0     0.000    -0.000     1.000 
best pat:          000         0.033322              -  -
best pat:          100      1.95056e-08  chi(nested):    35.647 p-value for nested model:     2.36507e-09
best pat:          101      5.83073e-15  chi(nested):    35.243 p-value for nested model:     2.90974e-09

coeffs:     0.355     0.613     0.032 

## dscore:: f_4(Base, Fit, Rbase, right2)
## genstat:: f_4(Base, Fit, right1, right2)

details:            Naxi      Anatolia_N    -0.000189   -0.954062
details:       Sherpa.LC      Anatolia_N     0.000419    1.720391
details:          Pathan      Anatolia_N     0.007894   26.639262
dscore:      Anatolia_N f4:     0.000445 Z:     2.459332

details:            Naxi          Ami.DG     0.002432    9.393047
details:       Sherpa.LC          Ami.DG     0.000315    1.034771
details:          Pathan          Ami.DG    -0.018649  -45.077311
dscore:          Ami.DG f4:     0.000452 Z:     1.951085

details:            Naxi         Mixe.DG     0.000823    3.287911
details:       Sherpa.LC         Mixe.DG     0.000504    1.655953
details:          Pathan         Mixe.DG    -0.011067  -25.186847
dscore:         Mixe.DG f4:     0.000242 Z:     1.054336

details:            Naxi    Ganj_Dareh_N    -0.000075   -0.307391
details:       Sherpa.LC    Ganj_Dareh_N     0.000468    1.511182
details:          Pathan    Ganj_Dareh_N     0.008467   22.895746
dscore:    Ganj_Dareh_N f4:     0.000534 Z:     2.283056

details:            Naxi         Onge.DG     0.000334    1.349511
details:       Sherpa.LC         Onge.DG     0.000121    0.412536
details:          Pathan         Onge.DG    -0.008252  -21.129044
dscore:         Onge.DG f4:    -0.000075 Z:    -0.336819

details:            Naxi      Villabruna    -0.000075   -0.245885
details:       Sherpa.LC      Villabruna     0.000514    1.319113
details:          Pathan      Villabruna     0.005990   12.523713
dscore:      Villabruna f4:     0.000482 Z:     1.684985

details:            Naxi      DevilsGate     0.001192    4.391061
details:       Sherpa.LC      DevilsGate     0.001033    3.192737
details:          Pathan      DevilsGate    -0.019510  -46.635926
dscore:      DevilsGate f4:     0.000424 Z:     1.745250

details:            Naxi            aACA     0.000000    0.000824
details:       Sherpa.LC            aACA     0.001640    6.666136
details:          Pathan            aACA    -0.020354  -57.399697
dscore:            aACA f4:     0.000347 Z:     1.832129

gendstat:                Mbuti           Anatolia_N     2.459
gendstat:                Mbuti               Ami.DG     1.951
gendstat:                Mbuti              Mixe.DG     1.054
gendstat:                Mbuti         Ganj_Dareh_N     2.283
gendstat:                Mbuti              Onge.DG    -0.337
gendstat:                Mbuti           Villabruna     1.685
gendstat:                Mbuti           DevilsGate     1.745
gendstat:                Mbuti                 aACA     1.832
gendstat:           Anatolia_N               Ami.DG     0.028
gendstat:           Anatolia_N              Mixe.DG    -0.952
gendstat:           Anatolia_N         Ganj_Dareh_N     0.472
gendstat:           Anatolia_N              Onge.DG    -2.440
gendstat:           Anatolia_N           Villabruna     0.152
gendstat:           Anatolia_N           DevilsGate    -0.093
gendstat:           Anatolia_N                 aACA    -0.587
gendstat:               Ami.DG              Mixe.DG    -0.923
gendstat:               Ami.DG         Ganj_Dareh_N     0.327
gendstat:               Ami.DG              Onge.DG    -2.272
gendstat:               Ami.DG           Villabruna     0.098
gendstat:               Ami.DG           DevilsGate    -0.122
gendstat:               Ami.DG                 aACA    -0.580
gendstat:              Mixe.DG         Ganj_Dareh_N     1.136
gendstat:              Mixe.DG              Onge.DG    -1.346
gendstat:              Mixe.DG           Villabruna     0.789
gendstat:              Mixe.DG           DevilsGate     0.786
gendstat:              Mixe.DG                 aACA     0.587
gendstat:         Ganj_Dareh_N              Onge.DG    -2.445
gendstat:         Ganj_Dareh_N           Villabruna    -0.174
gendstat:         Ganj_Dareh_N           DevilsGate    -0.413
gendstat:         Ganj_Dareh_N                 aACA    -0.852
gendstat:              Onge.DG           Villabruna     1.832
gendstat:              Onge.DG           DevilsGate     1.945
gendstat:              Onge.DG                 aACA     2.182
gendstat:           Villabruna           DevilsGate    -0.190
gendstat:           Villabruna                 aACA    -0.511
gendstat:           DevilsGate                 aACA    -0.396

## end of run
