/home/cliu7/utils/AdmixTools/bin/qpWave: parameter file: temp/param/qpAdm_Kurtop.Naga.Sherpa.LC.Pathan.paru569xcvk
### THE INPUT PARAMETERS
##PARAMETER NAME: VALUE
DIR: data/intermediate
S1: illumina_all_merged.qpAdm
indivname: data/intermediate/illumina_all_merged.qpAdm.grouped2.ind
snpname: data/intermediate/illumina_all_merged.qpAdm.snp
genotypename: data/intermediate/illumina_all_merged.qpAdm.geno
popleft: temp/param/left.u569xcvk
popright: temp/param/right.u569xcvk
details: YES
## qpWave version: 410
packed geno read OK
end of inpack

left pops:
Kurtop
Naga
Sherpa.LC
Pathan

right pops:
Mbuti
Anatolia_N
Ami.DG
Mixe.DG
Ganj_Dareh_N
Onge.DG
Villabruna
DevilsGate
aACA

  0               Kurtop   19
  1                 Naga    4
  2            Sherpa.LC    9
  3               Pathan   22
  4                Mbuti   13
  5           Anatolia_N   25
  6               Ami.DG    2
  7              Mixe.DG    3
  8         Ganj_Dareh_N    7
  9              Onge.DG    2
 10           Villabruna    1
 11           DevilsGate    4
 12                 aACA   32
jackknife block size:     0.050
snps: 234294  indivs: 143
number of blocks for block jackknife: 548
dof (jackknife):   465.500
numsnps used: 82335
f4info: 
f4rank: 0 dof:     24 chisq:  8026.899 tail:                    0 dofdiff:      0 chisqdiff:     0.000 taildiff:                    1

f4info: 
f4rank: 1 dof:     14 chisq:    93.619 tail:       7.82889215e-14 dofdiff:     10 chisqdiff:  7933.280 taildiff:                    0
B:
          scale     1.000 
     Anatolia_N    -0.549 
         Ami.DG     1.358 
        Mixe.DG     0.839 
   Ganj_Dareh_N    -0.582 
        Onge.DG     0.589 
     Villabruna    -0.396 
     DevilsGate     1.429 
           aACA     1.506 
A:
          scale   124.688 
           Naga     0.081 
      Sherpa.LC     0.050 
         Pathan    -1.729 

f4info: 
f4rank: 2 dof:      6 chisq:    10.381 tail:          0.109497743 dofdiff:      8 chisqdiff:    83.238 taildiff:       1.08775127e-14
B:
          scale     1.000     1.000 
     Anatolia_N    -0.571     1.239 
         Ami.DG     1.361    -0.964 
        Mixe.DG     0.828    -0.553 
   Ganj_Dareh_N    -0.600     1.214 
        Onge.DG     0.585     0.166 
     Villabruna    -0.421     0.852 
     DevilsGate     1.418    -0.014 
           aACA     1.499     1.733 
A:
          scale   125.529  3310.264 
           Naga     0.081    -1.308 
      Sherpa.LC     0.049     1.104 
         Pathan    -1.729    -0.266 

f4info: 
f4rank: 3 dof:      0 chisq:     0.000 tail:                    1 dofdiff:      6 chisqdiff:    10.381 taildiff:          0.109497743
B:
          scale     1.000     1.000     1.000 
     Anatolia_N    -0.574     1.365     0.485 
         Ami.DG     1.355    -0.749     0.686 
        Mixe.DG     0.819    -0.288     0.859 
   Ganj_Dareh_N    -0.604     1.196     0.170 
        Onge.DG     0.592    -0.024    -0.448 
     Villabruna    -0.430     1.167     1.083 
     DevilsGate     1.411     0.767     1.474 
           aACA     1.507     1.453    -1.727 
A:
          scale   126.034  3426.398  4817.187 
           Naga     0.111    -0.484     1.659 
      Sherpa.LC     0.064     1.663     0.481 
         Pathan    -1.727     0.031     0.125 

## end of run
