/home/cliu7/utils/AdmixTools/bin/qpAdm: parameter file: temp/param/qpAdm_Kurtop.Naxi.Sherpa.LC.Dai.parpjbf2x97
### THE INPUT PARAMETERS
##PARAMETER NAME: VALUE
DIR: data/intermediate
S1: illumina_all_merged.qpAdm
indivname: data/intermediate/illumina_all_merged.qpAdm.grouped2.ind
snpname: data/intermediate/illumina_all_merged.qpAdm.snp
genotypename: data/intermediate/illumina_all_merged.qpAdm.geno
popleft: temp/param/left.pjbf2x97
popright: temp/param/right.pjbf2x97
details: YES
## qpAdm version: 810
seed: -1408697815
packed geno read OK
end of inpack

left pops:
Kurtop
Naxi
Sherpa.LC
Dai

right pops:
Mbuti
Anatolia_N
Ami.DG
Mixe.DG
Ganj_Dareh_N
Onge.DG
Villabruna
DevilsGate
aACA

  0               Kurtop   19
  1                 Naxi    8
  2            Sherpa.LC    9
  3                  Dai   10
  4                Mbuti   13
  5           Anatolia_N   25
  6               Ami.DG    2
  7              Mixe.DG    3
  8         Ganj_Dareh_N    7
  9              Onge.DG    2
 10           Villabruna    1
 11           DevilsGate    4
 12                 aACA   32
jackknife block size:     0.050
snps: 234294  indivs: 135
number of blocks for block jackknife: 548
## ncols: 234294
coverage:               Kurtop 234294
coverage:                 Naxi 234294
coverage:            Sherpa.LC 117394
coverage:                  Dai 234294
coverage:                Mbuti 234294
coverage:           Anatolia_N 117047
coverage:               Ami.DG 228808
coverage:              Mixe.DG 228825
coverage:         Ganj_Dareh_N 104920
coverage:              Onge.DG 228703
coverage:           Villabruna  86810
coverage:           DevilsGate 117364
coverage:                 aACA 120350
dof (jackknife):   466.700
numsnps used: 83847
codimension 1
f4info: 
f4rank: 2 dof:      6 chisq:    10.457 tail:          0.106675773 dofdiff:      8 chisqdiff:   -10.457 taildiff:                    1
B:
          scale     1.000     1.000 
     Anatolia_N    -0.289     0.318 
         Ami.DG     2.440     0.344 
        Mixe.DG    -0.025     1.059 
   Ganj_Dareh_N    -0.221     0.095 
        Onge.DG     0.169     0.455 
     Villabruna    -0.197     0.342 
     DevilsGate     0.305     1.861 
           aACA    -1.324     1.692 
A:
          scale   793.972  1950.583 
           Naxi     0.774     1.148 
      Sherpa.LC    -0.026     1.247 
            Dai     1.549    -0.358 


full rank
f4info: 
f4rank: 3 dof:      0 chisq:     0.000 tail:                    1 dofdiff:      6 chisqdiff:    10.457 taildiff:          0.106675773
B:
          scale     1.000     1.000     1.000 
     Anatolia_N    -0.286     0.315     1.058 
         Ami.DG     2.455     0.394     0.231 
        Mixe.DG    -0.030     0.949    -1.725 
   Ganj_Dareh_N    -0.214     0.099     1.088 
        Onge.DG     0.173     0.426    -0.433 
     Villabruna    -0.192     0.301     1.141 
     DevilsGate     0.308     1.904    -0.317 
           aACA    -1.298     1.715     1.039 
A:
          scale   793.435  2003.144  8703.779 
           Naxi     0.729     1.112    -0.833 
      Sherpa.LC     0.021     1.292     1.486 
            Dai     1.571    -0.306     0.315 


best coefficients:    -1.707     1.824     0.882 
Jackknife mean:     -0.872076635     1.354512111     0.517564524 
      std. errors:     1.445     0.812     0.636 

error covariance (* 1000000)
   2086664   -1171125    -915540 
  -1171125     659894     511231 
   -915540     511231     404309 


summ: Kurtop    3      0.106676    -0.872     1.355     0.518 2086664 -1171125 -915540 659894 511231 404309 

    fixed pat  wt  dof     chisq       tail prob
          000  0     6    10.457        0.106676    -1.707     1.824     0.882  infeasible
          001  1     7    34.581     1.34075e-05     0.245     0.755    -0.000 
          010  1     7    43.937      2.1978e-07     1.582     0.000    -0.582  infeasible
          100  1     7    24.468     0.000942551    -0.000     0.871     0.129 
          011  2     8   253.022               0     1.000     0.000    -0.000 
          101  2     8    51.028     2.59178e-08     0.000     1.000    -0.000 
          110  2     8  1250.205               0     0.000     0.000     1.000 
best pat:          000         0.106676              -  -
best pat:          100      0.000942551  chi(nested):    14.010 p-value for nested model:     0.000181796
best pat:          101      2.59178e-08  chi(nested):    26.560 p-value for nested model:     2.55434e-07

coeffs:    -1.707     1.824     0.882 

## dscore:: f_4(Base, Fit, Rbase, right2)
## genstat:: f_4(Base, Fit, right1, right2)

details:            Naxi      Anatolia_N    -0.000187   -0.915590
details:       Sherpa.LC      Anatolia_N     0.000411    1.880676
details:             Dai      Anatolia_N    -0.000571   -2.779638
dscore:      Anatolia_N f4:     0.000564 Z:     1.159108

details:            Naxi          Ami.DG     0.002467    9.269451
details:       Sherpa.LC          Ami.DG     0.000389    1.314608
details:             Dai          Ami.DG     0.004825   17.288028
dscore:          Ami.DG f4:     0.000755 Z:     1.221354

details:            Naxi         Mixe.DG     0.000670    2.548157
details:       Sherpa.LC         Mixe.DG     0.000357    1.223959
details:             Dai         Mixe.DG    -0.000252   -0.907510
dscore:         Mixe.DG f4:    -0.000715 Z:    -1.196785

details:            Naxi    Ganj_Dareh_N    -0.000248   -1.018304
details:       Sherpa.LC    Ganj_Dareh_N     0.000284    1.026429
details:             Dai    Ganj_Dareh_N    -0.000391   -1.488947
dscore:    Ganj_Dareh_N f4:     0.000597 Z:     1.023255

details:            Naxi         Onge.DG     0.000450    1.798291
details:       Sherpa.LC         Onge.DG     0.000241    0.843231
details:             Dai         Onge.DG     0.000272    1.059389
dscore:         Onge.DG f4:    -0.000089 Z:    -0.153394

details:            Naxi      Villabruna    -0.000131   -0.420201
details:       Sherpa.LC      Villabruna     0.000447    1.278802
details:             Dai      Villabruna    -0.000371   -1.125006
dscore:      Villabruna f4:     0.000711 Z:     0.930201

details:            Naxi      DevilsGate     0.001373    5.142111
details:       Sherpa.LC      DevilsGate     0.001217    3.855488
details:             Dai      DevilsGate     0.000321    1.099189
dscore:      DevilsGate f4:     0.000160 Z:     0.234409

details:            Naxi            aACA    -0.000333   -1.581418
details:       Sherpa.LC            aACA     0.001278    5.383098
details:             Dai            aACA    -0.002785  -12.587826
dscore:            aACA f4:     0.000442 Z:     0.907091

gendstat:                Mbuti           Anatolia_N     1.159
gendstat:                Mbuti               Ami.DG     1.221
gendstat:                Mbuti              Mixe.DG    -1.197
gendstat:                Mbuti         Ganj_Dareh_N     1.023
gendstat:                Mbuti              Onge.DG    -0.153
gendstat:                Mbuti           Villabruna     0.930
gendstat:                Mbuti           DevilsGate     0.234
gendstat:                Mbuti                 aACA     0.907
gendstat:           Anatolia_N               Ami.DG     0.327
gendstat:           Anatolia_N              Mixe.DG    -2.378
gendstat:           Anatolia_N         Ganj_Dareh_N     0.066
gendstat:           Anatolia_N              Onge.DG    -1.122
gendstat:           Anatolia_N           Villabruna     0.222
gendstat:           Anatolia_N           DevilsGate    -0.638
gendstat:           Anatolia_N                 aACA    -0.275
gendstat:               Ami.DG              Mixe.DG    -2.470
gendstat:               Ami.DG         Ganj_Dareh_N    -0.238
gendstat:               Ami.DG              Onge.DG    -1.270
gendstat:               Ami.DG           Villabruna    -0.053
gendstat:               Ami.DG           DevilsGate    -0.933
gendstat:               Ami.DG                 aACA    -0.668
gendstat:              Mixe.DG         Ganj_Dareh_N     2.001
gendstat:              Mixe.DG              Onge.DG     0.978
gendstat:              Mixe.DG           Villabruna     1.781
gendstat:              Mixe.DG           DevilsGate     1.399
gendstat:              Mixe.DG                 aACA     2.534
gendstat:         Ganj_Dareh_N              Onge.DG    -0.973
gendstat:         Ganj_Dareh_N           Villabruna     0.145
gendstat:         Ganj_Dareh_N           DevilsGate    -0.588
gendstat:         Ganj_Dareh_N                 aACA    -0.269
gendstat:              Onge.DG           Villabruna     1.007
gendstat:              Onge.DG           DevilsGate     0.354
gendstat:              Onge.DG                 aACA     0.971
gendstat:           Villabruna           DevilsGate    -0.655
gendstat:           Villabruna                 aACA    -0.374
gendstat:           DevilsGate                 aACA     0.529

## end of run
