/home/cliu7/utils/AdmixTools/bin/qpWave: parameter file: temp/param/qpAdm_Kurtop.Naga.Sherpa.LC.Dai.parfm8sl2ol
### THE INPUT PARAMETERS
##PARAMETER NAME: VALUE
DIR: data/intermediate
S1: illumina_all_merged.qpAdm
indivname: data/intermediate/illumina_all_merged.qpAdm.grouped2.ind
snpname: data/intermediate/illumina_all_merged.qpAdm.snp
genotypename: data/intermediate/illumina_all_merged.qpAdm.geno
popleft: temp/param/left.fm8sl2ol
popright: temp/param/right.fm8sl2ol
details: YES
## qpWave version: 410
packed geno read OK
end of inpack

left pops:
Kurtop
Naga
Sherpa.LC
Dai

right pops:
Mbuti
Anatolia_N
Ami.DG
Mixe.DG
Ganj_Dareh_N
Onge.DG
Villabruna
DevilsGate
aACA

  0               Kurtop   19
  1                 Naga    4
  2            Sherpa.LC    9
  3                  Dai   10
  4                Mbuti   13
  5           Anatolia_N   25
  6               Ami.DG    2
  7              Mixe.DG    3
  8         Ganj_Dareh_N    7
  9              Onge.DG    2
 10           Villabruna    1
 11           DevilsGate    4
 12                 aACA   32
jackknife block size:     0.050
snps: 234294  indivs: 131
number of blocks for block jackknife: 548
dof (jackknife):   466.682
numsnps used: 83936
f4info: 
f4rank: 0 dof:     24 chisq:  1535.258 tail:      5.81761053e-310 dofdiff:      0 chisqdiff:     0.000 taildiff:                    1

f4info: 
f4rank: 1 dof:     14 chisq:    86.715 tail:       1.57811321e-12 dofdiff:     10 chisqdiff:  1448.543 taildiff:      3.27041421e-305
B:
          scale     1.000 
     Anatolia_N     0.306 
         Ami.DG    -2.244 
        Mixe.DG     0.338 
   Ganj_Dareh_N     0.179 
        Onge.DG    -0.055 
     Villabruna     0.275 
     DevilsGate     0.110 
           aACA     1.623 
A:
          scale   877.473 
           Naga    -0.189 
      Sherpa.LC     0.257 
            Dai    -1.702 

f4info: 
f4rank: 2 dof:      6 chisq:    16.001 tail:         0.0137465035 dofdiff:      8 chisqdiff:    70.713 taildiff:       3.54346378e-12
B:
          scale     1.000     1.000 
     Anatolia_N    -0.378    -0.279 
         Ami.DG     2.422     0.399 
        Mixe.DG    -0.008     1.165 
   Ganj_Dareh_N    -0.305    -0.465 
        Onge.DG     0.120     0.236 
     Villabruna    -0.229     0.119 
     DevilsGate     0.316     1.911 
           aACA    -1.316     1.571 
A:
          scale   850.470  1779.476 
           Naga     0.457     1.502 
      Sherpa.LC    -0.127     0.758 
            Dai     1.666    -0.412 

f4info: 
f4rank: 3 dof:      0 chisq:     0.000 tail:                    1 dofdiff:      6 chisqdiff:    16.001 taildiff:         0.0137465035
B:
          scale     1.000     1.000     1.000 
     Anatolia_N    -0.338    -0.039     1.532 
         Ami.DG     2.453     0.566     0.719 
        Mixe.DG    -0.001     1.040    -1.149 
   Ganj_Dareh_N    -0.264    -0.229     1.534 
        Onge.DG     0.168     0.377     0.040 
     Villabruna    -0.203     0.215     1.097 
     DevilsGate     0.324     1.909     0.061 
           aACA    -1.274     1.647     0.506 
A:
          scale   845.189  1709.625  4987.291 
           Naga     0.422     1.311    -1.050 
      Sherpa.LC    -0.058     1.094     1.342 
            Dai     1.679    -0.292     0.310 

## end of run
