/home/cliu7/utils/AdmixTools/bin/qpWave: parameter file: temp/param/qpAdm_Kurtop.Naga.Sherpa.LC.Pulliyar.par4kji29lm
### THE INPUT PARAMETERS
##PARAMETER NAME: VALUE
DIR: data/intermediate
S1: illumina_all_merged.qpAdm
indivname: data/intermediate/illumina_all_merged.qpAdm.grouped2.ind
snpname: data/intermediate/illumina_all_merged.qpAdm.snp
genotypename: data/intermediate/illumina_all_merged.qpAdm.geno
popleft: temp/param/left.4kji29lm
popright: temp/param/right.4kji29lm
details: YES
## qpWave version: 410
packed geno read OK
end of inpack

left pops:
Kurtop
Naga
Sherpa.LC
Pulliyar

right pops:
Mbuti
Anatolia_N
Ami.DG
Mixe.DG
Ganj_Dareh_N
Onge.DG
Villabruna
DevilsGate
aACA

  0               Kurtop   19
  1                 Naga    4
  2            Sherpa.LC    9
  3             Pulliyar    5
  4                Mbuti   13
  5           Anatolia_N   25
  6               Ami.DG    2
  7              Mixe.DG    3
  8         Ganj_Dareh_N    7
  9              Onge.DG    2
 10           Villabruna    1
 11           DevilsGate    4
 12                 aACA   32
jackknife block size:     0.050
snps: 234294  indivs: 126
number of blocks for block jackknife: 548
dof (jackknife):   466.522
numsnps used: 83613
f4info: 
f4rank: 0 dof:     24 chisq:  3729.814 tail:                    0 dofdiff:      0 chisqdiff:     0.000 taildiff:                    1

f4info: 
f4rank: 1 dof:     14 chisq:    89.574 tail:       4.56808827e-13 dofdiff:     10 chisqdiff:  3640.240 taildiff:                    0
B:
          scale     1.000 
     Anatolia_N    -0.116 
         Ami.DG     1.354 
        Mixe.DG     1.045 
   Ganj_Dareh_N    -0.262 
        Onge.DG     0.327 
     Villabruna    -0.059 
     DevilsGate     1.552 
           aACA     1.573 
A:
          scale   162.637 
           Naga     0.114 
      Sherpa.LC     0.087 
       Pulliyar    -1.726 

f4info: 
f4rank: 2 dof:      6 chisq:     5.688 tail:           0.45907766 dofdiff:      8 chisqdiff:    83.886 taildiff:       8.04685917e-15
B:
          scale     1.000     1.000 
     Anatolia_N    -0.146     1.289 
         Ami.DG     1.356    -0.992 
        Mixe.DG     1.032    -0.481 
   Ganj_Dareh_N    -0.275     1.261 
        Onge.DG     0.317     0.004 
     Villabruna    -0.088     0.836 
     DevilsGate     1.554    -0.052 
           aACA     1.573     1.683 
A:
          scale   164.524  3289.904 
           Naga     0.121    -1.433 
      Sherpa.LC     0.078     0.957 
       Pulliyar    -1.726    -0.172 

f4info: 
f4rank: 3 dof:      0 chisq:     0.000 tail:                    1 dofdiff:      6 chisqdiff:     5.688 taildiff:           0.45907766
B:
          scale     1.000     1.000     1.000 
     Anatolia_N    -0.146     1.259     0.406 
         Ami.DG     1.358    -1.072    -0.255 
        Mixe.DG     1.033    -0.573    -0.324 
   Ganj_Dareh_N    -0.270     1.191     0.225 
        Onge.DG     0.317    -0.064     0.465 
     Villabruna    -0.099     0.809     1.384 
     DevilsGate     1.545    -0.014     1.905 
           aACA     1.581     1.691    -1.362 
A:
          scale   165.260  3454.929  7613.327 
           Naga     0.141    -1.267     1.172 
      Sherpa.LC     0.097     1.180     1.264 
       Pulliyar    -1.724    -0.037     0.167 

## end of run
