/home/cliu7/utils/AdmixTools/bin/qpAdm: parameter file: temp/param/qpAdm_Kurtop.Naxi.Sherpa.LC.Han.parz8prv3jd
### THE INPUT PARAMETERS
##PARAMETER NAME: VALUE
DIR: data/intermediate
S1: illumina_all_merged.qpAdm
indivname: data/intermediate/illumina_all_merged.qpAdm.grouped2.ind
snpname: data/intermediate/illumina_all_merged.qpAdm.snp
genotypename: data/intermediate/illumina_all_merged.qpAdm.geno
popleft: temp/param/left.z8prv3jd
popright: temp/param/right.z8prv3jd
details: YES
## qpAdm version: 810
seed: 1889288158
packed geno read OK
end of inpack

left pops:
Kurtop
Naxi
Sherpa.LC
Han

right pops:
Mbuti
Anatolia_N
Ami.DG
Mixe.DG
Ganj_Dareh_N
Onge.DG
Villabruna
DevilsGate
aACA

  0               Kurtop   19
  1                 Naxi    8
  2            Sherpa.LC    9
  3                  Han   44
  4                Mbuti   13
  5           Anatolia_N   25
  6               Ami.DG    2
  7              Mixe.DG    3
  8         Ganj_Dareh_N    7
  9              Onge.DG    2
 10           Villabruna    1
 11           DevilsGate    4
 12                 aACA   32
jackknife block size:     0.050
snps: 234294  indivs: 169
number of blocks for block jackknife: 548
## ncols: 234294
coverage:               Kurtop 234294
coverage:                 Naxi 234294
coverage:            Sherpa.LC 117394
coverage:                  Han 234294
coverage:                Mbuti 234294
coverage:           Anatolia_N 117047
coverage:               Ami.DG 228808
coverage:              Mixe.DG 228825
coverage:         Ganj_Dareh_N 104920
coverage:              Onge.DG 228703
coverage:           Villabruna  86810
coverage:           DevilsGate 117364
coverage:                 aACA 120350
dof (jackknife):   466.395
numsnps used: 83399
codimension 1
f4info: 
f4rank: 2 dof:      6 chisq:     2.804 tail:          0.833052063 dofdiff:      8 chisqdiff:    -2.804 taildiff:                    1
B:
          scale     1.000     1.000 
     Anatolia_N    -0.047     0.569 
         Ami.DG     2.393    -1.176 
        Mixe.DG     0.666    -0.013 
   Ganj_Dareh_N    -0.078     0.410 
        Onge.DG     0.297     0.136 
     Villabruna    -0.007     0.607 
     DevilsGate     1.245     0.928 
           aACA    -0.427     2.208 
A:
          scale   776.687  2666.636 
           Naxi     0.842     0.178 
      Sherpa.LC     0.358     1.718 
            Han     1.471    -0.133 


full rank
f4info: 
f4rank: 3 dof:      0 chisq:     0.000 tail:                    1 dofdiff:      6 chisqdiff:     2.804 taildiff:          0.833052063
B:
          scale     1.000     1.000     1.000 
     Anatolia_N    -0.032     0.636    -0.307 
         Ami.DG     2.383    -1.146    -1.403 
        Mixe.DG     0.682     0.014    -0.390 
   Ganj_Dareh_N    -0.060     0.475    -0.576 
        Onge.DG     0.303     0.075     0.564 
     Villabruna     0.004     0.651    -0.185 
     DevilsGate     1.270     0.907     0.697 
           aACA    -0.381     2.192     2.148 
A:
          scale   782.193  2610.973  8718.875 
           Naxi     0.834    -0.444     1.718 
      Sherpa.LC     0.363     1.650     0.169 
            Han     1.474    -0.281     0.141 


best coefficients:     3.147    -0.458    -1.689 
Jackknife mean:      2.499827215    -0.189853945    -1.309973270 
      std. errors:     1.450     0.608     0.850 

error covariance (* 1000000)
   2103328    -875367   -1227961 
   -875367     369629     505738 
  -1227961     505738     722223 


summ: Kurtop    3      0.833052     2.500    -0.190    -1.310 2103328 -875367 -1227961 369629 505738 722223 

    fixed pat  wt  dof     chisq       tail prob
          000  0     6     2.804        0.833052     3.147    -0.458    -1.689  infeasible
          001  1     7    35.329     9.69794e-06     0.232     0.768     0.000 
          010  1     7     4.254        0.750118     2.078     0.000    -1.078  infeasible
          100  1     7    35.358      9.5792e-06    -0.000     0.866     0.134 
          011  2     8   254.355               0     1.000     0.000     0.000 
          101  2     8    51.248      2.3509e-08     0.000     1.000     0.000 
          110  2     8  1215.074               0     0.000     0.000     1.000 
best pat:          000         0.833052              -  -
best pat:          100       9.5792e-06  chi(nested):    32.554 p-value for nested model:     1.15922e-08
best pat:          101       2.3509e-08  chi(nested):    15.890 p-value for nested model:     6.71326e-05

coeffs:     3.147    -0.458    -1.689 

## dscore:: f_4(Base, Fit, Rbase, right2)
## genstat:: f_4(Base, Fit, right1, right2)

details:            Naxi      Anatolia_N    -0.000188   -0.916329
details:       Sherpa.LC      Anatolia_N     0.000413    1.881608
details:             Han      Anatolia_N    -0.000125   -0.797256
dscore:      Anatolia_N f4:    -0.000569 Z:    -1.023521

details:            Naxi          Ami.DG     0.002480    9.274366
details:       Sherpa.LC          Ami.DG     0.000391    1.314822
details:             Han          Ami.DG     0.004618   21.735368
dscore:          Ami.DG f4:    -0.000173 Z:    -0.251832

details:            Naxi         Mixe.DG     0.000673    2.548079
details:       Sherpa.LC         Mixe.DG     0.000359    1.224522
details:             Han         Mixe.DG     0.001298    5.936045
dscore:         Mixe.DG f4:    -0.000237 Z:    -0.350501

details:            Naxi    Ganj_Dareh_N    -0.000249   -1.018149
details:       Sherpa.LC    Ganj_Dareh_N     0.000286    1.026894
details:             Han    Ganj_Dareh_N    -0.000167   -0.859949
dscore:    Ganj_Dareh_N f4:    -0.000634 Z:    -0.989739

details:            Naxi         Onge.DG     0.000452    1.798608
details:       Sherpa.LC         Onge.DG     0.000242    0.843369
details:             Han         Onge.DG     0.000587    2.968824
dscore:         Onge.DG f4:     0.000321 Z:     0.491404

details:            Naxi      Villabruna    -0.000131   -0.420089
details:       Sherpa.LC      Villabruna     0.000449    1.279406
details:             Han      Villabruna    -0.000053   -0.215250
dscore:      Villabruna f4:    -0.000529 Z:    -0.630397

details:            Naxi      DevilsGate     0.001381    5.145568
details:       Sherpa.LC      DevilsGate     0.001223    3.857577
details:             Han      DevilsGate     0.002337   10.545243
dscore:      DevilsGate f4:    -0.000163 Z:    -0.231104

details:            Naxi            aACA    -0.000334   -1.582099
details:       Sherpa.LC            aACA     0.001285    5.386001
details:             Han            aACA    -0.000900   -5.213004
dscore:            aACA f4:    -0.000121 Z:    -0.222841

gendstat:                Mbuti           Anatolia_N    -1.024
gendstat:                Mbuti               Ami.DG    -0.252
gendstat:                Mbuti              Mixe.DG    -0.351
gendstat:                Mbuti         Ganj_Dareh_N    -0.990
gendstat:                Mbuti              Onge.DG     0.491
gendstat:                Mbuti           Villabruna    -0.630
gendstat:                Mbuti           DevilsGate    -0.231
gendstat:                Mbuti                 aACA    -0.223
gendstat:           Anatolia_N               Ami.DG     0.623
gendstat:           Anatolia_N              Mixe.DG     0.547
gendstat:           Anatolia_N         Ganj_Dareh_N    -0.123
gendstat:           Anatolia_N              Onge.DG     1.449
gendstat:           Anatolia_N           Villabruna     0.056
gendstat:           Anatolia_N           DevilsGate     0.631
gendstat:           Anatolia_N                 aACA     0.944
gendstat:               Ami.DG              Mixe.DG    -0.096
gendstat:               Ami.DG         Ganj_Dareh_N    -0.610
gendstat:               Ami.DG              Onge.DG     0.693
gendstat:               Ami.DG           Villabruna    -0.397
gendstat:               Ami.DG           DevilsGate     0.014
gendstat:               Ami.DG                 aACA     0.099
gendstat:              Mixe.DG         Ganj_Dareh_N    -0.569
gendstat:              Mixe.DG              Onge.DG     0.806
gendstat:              Mixe.DG           Villabruna    -0.351
gendstat:              Mixe.DG           DevilsGate     0.114
gendstat:              Mixe.DG                 aACA     0.224
gendstat:         Ganj_Dareh_N              Onge.DG     1.316
gendstat:         Ganj_Dareh_N           Villabruna     0.131
gendstat:         Ganj_Dareh_N           DevilsGate     0.625
gendstat:         Ganj_Dareh_N                 aACA     0.836
gendstat:              Onge.DG           Villabruna    -1.000
gendstat:              Onge.DG           DevilsGate    -0.689
gendstat:              Onge.DG                 aACA    -0.779
gendstat:           Villabruna           DevilsGate     0.427
gendstat:           Villabruna                 aACA     0.524
gendstat:           DevilsGate                 aACA     0.079

## end of run
