/home/cliu7/utils/AdmixTools/bin/qpAdm: parameter file: temp/param/qpAdm_Kurtop.Upper_YR_LN.Sherpa.LC.Pulliyar.parqifj9bcc
### THE INPUT PARAMETERS
##PARAMETER NAME: VALUE
DIR: data/intermediate
S1: illumina_all_merged.qpAdm
indivname: data/intermediate/illumina_all_merged.qpAdm.grouped2.ind
snpname: data/intermediate/illumina_all_merged.qpAdm.snp
genotypename: data/intermediate/illumina_all_merged.qpAdm.geno
popleft: temp/param/left.qifj9bcc
popright: temp/param/right.qifj9bcc
details: YES
## qpAdm version: 810
seed: -1057457512
packed geno read OK
end of inpack

left pops:
Kurtop
Upper_YR_LN
Sherpa.LC
Pulliyar

right pops:
Mbuti
Anatolia_N
Ami.DG
Mixe.DG
Ganj_Dareh_N
Onge.DG
Villabruna
DevilsGate
aACA

  0               Kurtop   19
  1          Upper_YR_LN    7
  2            Sherpa.LC    9
  3             Pulliyar    5
  4                Mbuti   13
  5           Anatolia_N   25
  6               Ami.DG    2
  7              Mixe.DG    3
  8         Ganj_Dareh_N    7
  9              Onge.DG    2
 10           Villabruna    1
 11           DevilsGate    4
 12                 aACA   32
jackknife block size:     0.050
snps: 234294  indivs: 129
number of blocks for block jackknife: 548
## ncols: 234294
coverage:               Kurtop 234294
coverage:          Upper_YR_LN 232854
coverage:            Sherpa.LC 117394
coverage:             Pulliyar 234294
coverage:                Mbuti 234294
coverage:           Anatolia_N 117047
coverage:               Ami.DG 228808
coverage:              Mixe.DG 228825
coverage:         Ganj_Dareh_N 104920
coverage:              Onge.DG 228703
coverage:           Villabruna  86810
coverage:           DevilsGate 117364
coverage:                 aACA 120350
dof (jackknife):   466.455
numsnps used: 83288
codimension 1
f4info: 
f4rank: 2 dof:      6 chisq:    17.336 tail:        0.00812571978 dofdiff:      8 chisqdiff:   -17.336 taildiff:                    1
B:
          scale     1.000     1.000 
     Anatolia_N    -0.141     0.214 
         Ami.DG     1.348    -0.640 
        Mixe.DG     1.027     0.073 
   Ganj_Dareh_N    -0.269     0.288 
        Onge.DG     0.301     0.045 
     Villabruna    -0.099     0.722 
     DevilsGate     1.571    -0.790 
           aACA     1.571     2.512 
A:
          scale   165.632  2749.438 
    Upper_YR_LN     0.175    -1.628 
      Sherpa.LC     0.060     0.539 
       Pulliyar    -1.722    -0.246 


full rank
f4info: 
f4rank: 3 dof:      0 chisq:     0.000 tail:                    1 dofdiff:      6 chisqdiff:    17.336 taildiff:        0.00812571978
B:
          scale     1.000     1.000     1.000 
     Anatolia_N    -0.133    -0.110     1.271 
         Ami.DG     1.348    -0.306    -1.572 
        Mixe.DG     1.021     0.221    -1.072 
   Ganj_Dareh_N    -0.263     0.026     1.011 
        Onge.DG     0.311     0.033    -0.216 
     Villabruna    -0.106     0.535     0.686 
     DevilsGate     1.585    -0.792     0.919 
           aACA     1.560     2.633     0.619 
A:
          scale   168.029  2389.046  4508.757 
    Upper_YR_LN     0.230    -1.646     0.705 
      Sherpa.LC     0.093     0.116     1.384 
       Pulliyar    -1.714    -0.526     0.767 


best coefficients:     0.231     0.720     0.049 
Jackknife mean:      0.233476145     0.717796461     0.048727394 
      std. errors:     0.080     0.080     0.008 

error covariance (* 1000000)
      6414      -6399        -15 
     -6399       6453        -54 
       -15        -54         69 


summ: Kurtop    3      0.008126     0.233     0.718     0.049  6414 -6399   -15  6453   -54    69 

    fixed pat  wt  dof     chisq       tail prob
          000  0     6    17.336      0.00812572     0.231     0.720     0.049 
          001  1     7   109.571     1.12716e-20     4.110    -3.110    -0.000  infeasible
          010  1     7    74.432     1.87024e-13     0.950    -0.000     0.050 
          100  1     7    25.241     0.000687669     0.000     0.950     0.050 
          011  2     8    90.514     3.65694e-16     1.000     0.000    -0.000 
          101  2     8    51.251     2.34754e-08     0.000     1.000    -0.000 
          110  2     8  3162.476               0     0.000    -0.000     1.000 
best pat:          000       0.00812572              -  -
best pat:          100      0.000687669  chi(nested):     7.905 p-value for nested model:      0.00492912
best pat:          101      2.34754e-08  chi(nested):    26.010 p-value for nested model:     3.39642e-07

coeffs:     0.231     0.720     0.049 

## dscore:: f_4(Base, Fit, Rbase, right2)
## genstat:: f_4(Base, Fit, right1, right2)

details:     Upper_YR_LN      Anatolia_N    -0.000086   -0.243008
details:       Sherpa.LC      Anatolia_N     0.000423    1.924183
details:        Pulliyar      Anatolia_N     0.001536    4.317141
dscore:      Anatolia_N f4:     0.000360 Z:     1.896139

details:     Upper_YR_LN          Ami.DG     0.001645    3.855760
details:       Sherpa.LC          Ami.DG     0.000379    1.271828
details:        Pulliyar          Ami.DG    -0.014132  -30.702852
dscore:          Ami.DG f4:    -0.000036 Z:    -0.141296

details:     Upper_YR_LN         Mixe.DG     0.000902    2.191911
details:       Sherpa.LC         Mixe.DG     0.000371    1.263510
details:        Pulliyar         Mixe.DG    -0.010747  -21.803260
dscore:         Mixe.DG f4:    -0.000048 Z:    -0.191140

details:     Upper_YR_LN    Ganj_Dareh_N    -0.000396   -0.920461
details:       Sherpa.LC    Ganj_Dareh_N     0.000318    1.143358
details:        Pulliyar    Ganj_Dareh_N     0.002805    6.337194
dscore:    Ganj_Dareh_N f4:     0.000274 Z:     1.125970

details:     Upper_YR_LN         Onge.DG     0.000185    0.435106
details:       Sherpa.LC         Onge.DG     0.000245    0.853040
details:        Pulliyar         Onge.DG    -0.003311   -7.417001
dscore:         Onge.DG f4:     0.000058 Z:     0.232530

details:     Upper_YR_LN      Villabruna    -0.000673   -1.234276
details:       Sherpa.LC      Villabruna     0.000471    1.342233
details:        Pulliyar      Villabruna     0.001061    1.818418
dscore:      Villabruna f4:     0.000236 Z:     0.768855

details:     Upper_YR_LN      DevilsGate     0.002745    5.743918
details:       Sherpa.LC      DevilsGate     0.001230    3.879201
details:        Pulliyar      DevilsGate    -0.016046  -32.318909
dscore:      DevilsGate f4:     0.000738 Z:     2.632424

details:     Upper_YR_LN            aACA     0.000288    0.824898
details:       Sherpa.LC            aACA     0.001288    5.386497
details:        Pulliyar            aACA    -0.016519  -41.026570
dscore:            aACA f4:     0.000189 Z:     0.902595

gendstat:                Mbuti           Anatolia_N     1.896
gendstat:                Mbuti               Ami.DG    -0.141
gendstat:                Mbuti              Mixe.DG    -0.191
gendstat:                Mbuti         Ganj_Dareh_N     1.126
gendstat:                Mbuti              Onge.DG     0.233
gendstat:                Mbuti           Villabruna     0.769
gendstat:                Mbuti           DevilsGate     2.632
gendstat:                Mbuti                 aACA     0.903
gendstat:           Anatolia_N               Ami.DG    -1.731
gendstat:           Anatolia_N              Mixe.DG    -1.807
gendstat:           Anatolia_N         Ganj_Dareh_N    -0.412
gendstat:           Anatolia_N              Onge.DG    -1.261
gendstat:           Anatolia_N           Villabruna    -0.472
gendstat:           Anatolia_N           DevilsGate     1.487
gendstat:           Anatolia_N                 aACA    -0.911
gendstat:               Ami.DG              Mixe.DG    -0.048
gendstat:               Ami.DG         Ganj_Dareh_N     1.190
gendstat:               Ami.DG              Onge.DG     0.362
gendstat:               Ami.DG           Villabruna     0.825
gendstat:               Ami.DG           DevilsGate     3.054
gendstat:               Ami.DG                 aACA     1.192
gendstat:              Mixe.DG         Ganj_Dareh_N     1.157
gendstat:              Mixe.DG              Onge.DG     0.395
gendstat:              Mixe.DG           Villabruna     0.904
gendstat:              Mixe.DG           DevilsGate     2.992
gendstat:              Mixe.DG                 aACA     1.146
gendstat:         Ganj_Dareh_N              Onge.DG    -0.772
gendstat:         Ganj_Dareh_N           Villabruna    -0.117
gendstat:         Ganj_Dareh_N           DevilsGate     1.542
gendstat:         Ganj_Dareh_N                 aACA    -0.356
gendstat:              Onge.DG           Villabruna     0.548
gendstat:              Onge.DG           DevilsGate     2.391
gendstat:              Onge.DG                 aACA     0.602
gendstat:           Villabruna           DevilsGate     1.479
gendstat:           Villabruna                 aACA    -0.161
gendstat:           DevilsGate                 aACA    -2.519

## end of run
