/home/cliu7/utils/AdmixTools/bin/qpWave: parameter file: temp/param/qpAdm_Kurtop.YR_MN.Sherpa.LC.Pulliyar.pardior5fah
### THE INPUT PARAMETERS
##PARAMETER NAME: VALUE
DIR: data/intermediate
S1: illumina_all_merged.qpAdm
indivname: data/intermediate/illumina_all_merged.qpAdm.grouped2.ind
snpname: data/intermediate/illumina_all_merged.qpAdm.snp
genotypename: data/intermediate/illumina_all_merged.qpAdm.geno
popleft: temp/param/left.dior5fah
popright: temp/param/right.dior5fah
details: YES
## qpWave version: 410
packed geno read OK
end of inpack

left pops:
Kurtop
YR_MN
Sherpa.LC
Pulliyar

right pops:
Mbuti
Anatolia_N
Ami.DG
Mixe.DG
Ganj_Dareh_N
Onge.DG
Villabruna
DevilsGate
aACA

  0               Kurtop   19
  1                YR_MN    8
  2            Sherpa.LC    9
  3             Pulliyar    5
  4                Mbuti   13
  5           Anatolia_N   25
  6               Ami.DG    2
  7              Mixe.DG    3
  8         Ganj_Dareh_N    7
  9              Onge.DG    2
 10           Villabruna    1
 11           DevilsGate    4
 12                 aACA   32
jackknife block size:     0.050
snps: 234294  indivs: 130
number of blocks for block jackknife: 548
dof (jackknife):   466.319
numsnps used: 83368
f4info: 
f4rank: 0 dof:     24 chisq:  3722.161 tail:                    0 dofdiff:      0 chisqdiff:     0.000 taildiff:                    1

f4info: 
f4rank: 1 dof:     14 chisq:   193.925 tail:       9.53607536e-34 dofdiff:     10 chisqdiff:  3528.236 taildiff:                    0
B:
          scale     1.000 
     Anatolia_N    -0.088 
         Ami.DG     1.356 
        Mixe.DG     1.052 
   Ganj_Dareh_N    -0.224 
        Onge.DG     0.312 
     Villabruna    -0.012 
     DevilsGate     1.556 
           aACA     1.575 
A:
          scale   160.345 
          YR_MN     0.034 
      Sherpa.LC     0.082 
       Pulliyar    -1.730 

f4info: 
f4rank: 2 dof:      6 chisq:     8.825 tail:          0.183678053 dofdiff:      8 chisqdiff:   185.101 taildiff:        8.7305132e-36
B:
          scale     1.000     1.000 
     Anatolia_N    -0.142     0.640 
         Ami.DG     1.369    -1.508 
        Mixe.DG     1.026    -0.125 
   Ganj_Dareh_N    -0.269     0.560 
        Onge.DG     0.315    -0.215 
     Villabruna    -0.095     0.782 
     DevilsGate     1.557    -0.300 
           aACA     1.565     2.059 
A:
          scale   164.568  1670.632 
          YR_MN     0.148    -1.677 
      Sherpa.LC     0.067     0.401 
       Pulliyar    -1.724    -0.165 

f4info: 
f4rank: 3 dof:      0 chisq:     0.000 tail:                    1 dofdiff:      6 chisqdiff:     8.825 taildiff:          0.183678053
B:
          scale     1.000     1.000     1.000 
     Anatolia_N    -0.147     0.420     1.328 
         Ami.DG     1.369    -1.565    -0.156 
        Mixe.DG     1.031    -0.067    -0.799 
   Ganj_Dareh_N    -0.271     0.374     1.134 
        Onge.DG     0.319    -0.250     0.409 
     Villabruna    -0.107     0.608     1.226 
     DevilsGate     1.548    -0.526     1.529 
           aACA     1.568     2.126    -0.527 
A:
          scale   165.231  1704.164  5768.328 
          YR_MN     0.169    -1.675     0.405 
      Sherpa.LC     0.096     0.416     1.679 
       Pulliyar    -1.721    -0.142     0.134 

## end of run
