/home/cliu7/utils/AdmixTools/bin/qpAdm: parameter file: temp/param/qpAdm_Lakha.Upper_YR_LN.Sherpa.LC.Dai.para9hi65oc
### THE INPUT PARAMETERS
##PARAMETER NAME: VALUE
DIR: data/intermediate
S1: illumina_all_merged.qpAdm
indivname: data/intermediate/illumina_all_merged.qpAdm.grouped2.ind
snpname: data/intermediate/illumina_all_merged.qpAdm.snp
genotypename: data/intermediate/illumina_all_merged.qpAdm.geno
popleft: temp/param/left.a9hi65oc
popright: temp/param/right.a9hi65oc
details: YES
## qpAdm version: 810
seed: 1174960845
packed geno read OK
end of inpack

left pops:
Lakha
Upper_YR_LN
Sherpa.LC
Dai

right pops:
Mbuti
Anatolia_N
Ami.DG
Mixe.DG
Ganj_Dareh_N
Onge.DG
Villabruna
DevilsGate
aACA

  0                Lakha   18
  1          Upper_YR_LN    7
  2            Sherpa.LC    9
  3                  Dai   10
  4                Mbuti   13
  5           Anatolia_N   25
  6               Ami.DG    2
  7              Mixe.DG    3
  8         Ganj_Dareh_N    7
  9              Onge.DG    2
 10           Villabruna    1
 11           DevilsGate    4
 12                 aACA   32
jackknife block size:     0.050
snps: 234294  indivs: 133
number of blocks for block jackknife: 548
## ncols: 234294
coverage:                Lakha 234294
coverage:          Upper_YR_LN 232854
coverage:            Sherpa.LC 117394
coverage:                  Dai 234294
coverage:                Mbuti 234294
coverage:           Anatolia_N 117047
coverage:               Ami.DG 228808
coverage:              Mixe.DG 228825
coverage:         Ganj_Dareh_N 104920
coverage:              Onge.DG 228703
coverage:           Villabruna  86810
coverage:           DevilsGate 117364
coverage:                 aACA 120350
dof (jackknife):   467.097
numsnps used: 84117
codimension 1
f4info: 
f4rank: 2 dof:      6 chisq:     2.149 tail:          0.905535747 dofdiff:      8 chisqdiff:    -2.149 taildiff:                    1
B:
          scale     1.000     1.000 
     Anatolia_N     0.421    -0.094 
         Ami.DG    -2.067    -0.122 
        Mixe.DG     0.097     1.018 
   Ganj_Dareh_N     0.276    -0.327 
        Onge.DG    -0.079     0.037 
     Villabruna     0.612    -1.190 
     DevilsGate     0.062     2.274 
           aACA     1.755     0.493 
A:
          scale   767.141  2001.571 
    Upper_YR_LN    -0.532     1.672 
      Sherpa.LC     0.007     0.299 
            Dai    -1.648    -0.341 


full rank
f4info: 
f4rank: 3 dof:      0 chisq:     0.000 tail:                    1 dofdiff:      6 chisqdiff:     2.149 taildiff:          0.905535747
B:
          scale     1.000     1.000     1.000 
     Anatolia_N     0.410    -0.087     0.849 
         Ami.DG    -2.084    -0.140    -0.997 
        Mixe.DG     0.066     1.028     0.013 
   Ganj_Dareh_N     0.256    -0.289     1.561 
        Onge.DG    -0.098     0.077     0.587 
     Villabruna     0.643    -1.180     0.107 
     DevilsGate    -0.002     2.267    -0.904 
           aACA     1.731     0.544     1.637 
A:
          scale   758.672  1969.066  8013.320 
    Upper_YR_LN    -0.531     1.611    -0.092 
      Sherpa.LC    -0.125     0.467     1.716 
            Dai    -1.644    -0.432     0.215 


best coefficients:    -0.187     1.122     0.065 
Jackknife mean:     -0.172284464     1.110549786     0.061734678 
      std. errors:     0.160     0.120     0.053 

error covariance (* 1000000)
     25643     -18575      -7068 
    -18575      14284       4291 
     -7068       4291       2777 


summ: Lakha    3      0.905536    -0.172     1.111     0.062 25643 -18575 -7068 14284  4291  2777 

    fixed pat  wt  dof     chisq       tail prob
          000  0     6     2.149        0.905536    -0.187     1.122     0.065  infeasible
          001  1     7     4.121        0.765757    -0.030     1.030    -0.000  infeasible
          010  1     7    44.785     1.50534e-07     1.410     0.000    -0.410  infeasible
          100  1     7     4.000        0.779806    -0.000     0.987     0.013 
          011  2     8   114.763     3.98595e-21     1.000     0.000    -0.000 
          101  2     8     4.207        0.837989     0.000     1.000    -0.000 
          110  2     8  1282.128               0     0.000    -0.000     1.000 
best pat:          000         0.905536              -  -
best pat:          100         0.779806  chi(nested):     1.851 p-value for nested model:        0.173651
best pat:          101         0.837989  chi(nested):     0.207 p-value for nested model:        0.649001

coeffs:    -0.187     1.122     0.065 

## dscore:: f_4(Base, Fit, Rbase, right2)
## genstat:: f_4(Base, Fit, right1, right2)

details:     Upper_YR_LN      Anatolia_N    -0.000360   -0.985716
details:       Sherpa.LC      Anatolia_N     0.000144    0.562356
details:             Dai      Anatolia_N    -0.000830   -3.527294
dscore:      Anatolia_N f4:     0.000175 Z:     0.619752

details:     Upper_YR_LN          Ami.DG     0.001386    3.138511
details:       Sherpa.LC          Ami.DG     0.000132    0.421171
details:             Dai          Ami.DG     0.004535   14.813102
dscore:          Ami.DG f4:     0.000184 Z:     0.527844

details:     Upper_YR_LN         Mixe.DG     0.000812    1.862819
details:       Sherpa.LC         Mixe.DG     0.000286    0.886255
details:             Dai         Mixe.DG    -0.000348   -1.130089
dscore:         Mixe.DG f4:     0.000147 Z:     0.413229

details:     Upper_YR_LN    Ganj_Dareh_N    -0.000429   -1.000546
details:       Sherpa.LC    Ganj_Dareh_N     0.000279    0.886888
details:             Dai    Ganj_Dareh_N    -0.000423   -1.383323
dscore:    Ganj_Dareh_N f4:     0.000366 Z:     1.045084

details:     Upper_YR_LN         Onge.DG     0.000147    0.328938
details:       Sherpa.LC         Onge.DG     0.000207    0.671089
details:             Dai         Onge.DG     0.000226    0.740760
dscore:         Onge.DG f4:     0.000219 Z:     0.650060

details:     Upper_YR_LN      Villabruna    -0.001428   -2.587598
details:       Sherpa.LC      Villabruna    -0.000295   -0.771051
details:             Dai      Villabruna    -0.001127   -2.965844
dscore:      Villabruna f4:    -0.000136 Z:    -0.322989

details:     Upper_YR_LN      DevilsGate     0.001893    3.822048
details:       Sherpa.LC      DevilsGate     0.000393    1.115129
details:             Dai      DevilsGate    -0.000501   -1.460361
dscore:      DevilsGate f4:     0.000054 Z:     0.139943

details:     Upper_YR_LN            aACA    -0.000762   -2.083726
details:       Sherpa.LC            aACA     0.000228    0.896430
details:             Dai            aACA    -0.003816  -15.382568
dscore:            aACA f4:     0.000150 Z:     0.541659

gendstat:                Mbuti           Anatolia_N     0.620
gendstat:                Mbuti               Ami.DG     0.528
gendstat:                Mbuti              Mixe.DG     0.413
gendstat:                Mbuti         Ganj_Dareh_N     1.045
gendstat:                Mbuti              Onge.DG     0.650
gendstat:                Mbuti           Villabruna    -0.323
gendstat:                Mbuti           DevilsGate     0.140
gendstat:                Mbuti                 aACA     0.542
gendstat:           Anatolia_N               Ami.DG     0.023
gendstat:           Anatolia_N              Mixe.DG    -0.087
gendstat:           Anatolia_N         Ganj_Dareh_N     0.649
gendstat:           Anatolia_N              Onge.DG     0.133
gendstat:           Anatolia_N           Villabruna    -0.870
gendstat:           Anatolia_N           DevilsGate    -0.327
gendstat:           Anatolia_N                 aACA    -0.099
gendstat:               Ami.DG              Mixe.DG    -0.108
gendstat:               Ami.DG         Ganj_Dareh_N     0.473
gendstat:               Ami.DG              Onge.DG     0.098
gendstat:               Ami.DG           Villabruna    -0.693
gendstat:               Ami.DG           DevilsGate    -0.356
gendstat:               Ami.DG                 aACA    -0.128
gendstat:              Mixe.DG         Ganj_Dareh_N     0.549
gendstat:              Mixe.DG              Onge.DG     0.193
gendstat:              Mixe.DG           Villabruna    -0.602
gendstat:              Mixe.DG           DevilsGate    -0.239
gendstat:              Mixe.DG                 aACA     0.012
gendstat:         Ganj_Dareh_N              Onge.DG    -0.370
gendstat:         Ganj_Dareh_N           Villabruna    -1.157
gendstat:         Ganj_Dareh_N           DevilsGate    -0.712
gendstat:         Ganj_Dareh_N                 aACA    -0.628
gendstat:              Onge.DG           Villabruna    -0.817
gendstat:              Onge.DG           DevilsGate    -0.422
gendstat:              Onge.DG                 aACA    -0.232
gendstat:           Villabruna           DevilsGate     0.403
gendstat:           Villabruna                 aACA     0.707
gendstat:           DevilsGate                 aACA     0.309

## end of run
