/home/cliu7/utils/AdmixTools/bin/qpWave: parameter file: temp/param/qpAdm_Lakha.Yi.Sherpa.LC.Pulliyar.par4grreip_
### THE INPUT PARAMETERS
##PARAMETER NAME: VALUE
DIR: data/intermediate
S1: illumina_all_merged.qpAdm
indivname: data/intermediate/illumina_all_merged.qpAdm.grouped2.ind
snpname: data/intermediate/illumina_all_merged.qpAdm.snp
genotypename: data/intermediate/illumina_all_merged.qpAdm.geno
popleft: temp/param/left.4grreip_
popright: temp/param/right.4grreip_
details: YES
## qpWave version: 410
packed geno read OK
end of inpack

left pops:
Lakha
Yi
Sherpa.LC
Pulliyar

right pops:
Mbuti
Anatolia_N
Ami.DG
Mixe.DG
Ganj_Dareh_N
Onge.DG
Villabruna
DevilsGate
aACA

  0                Lakha   18
  1                   Yi   10
  2            Sherpa.LC    9
  3             Pulliyar    5
  4                Mbuti   13
  5           Anatolia_N   25
  6               Ami.DG    2
  7              Mixe.DG    3
  8         Ganj_Dareh_N    7
  9              Onge.DG    2
 10           Villabruna    1
 11           DevilsGate    4
 12                 aACA   32
jackknife block size:     0.050
snps: 234294  indivs: 131
number of blocks for block jackknife: 548
dof (jackknife):   466.548
numsnps used: 83716
f4info: 
f4rank: 0 dof:     24 chisq:  4109.692 tail:                    0 dofdiff:      0 chisqdiff:     0.000 taildiff:                    1

f4info: 
f4rank: 1 dof:     14 chisq:   484.614 tail:       1.68688201e-94 dofdiff:     10 chisqdiff:  3625.078 taildiff:                    0
B:
          scale     1.000 
     Anatolia_N    -0.118 
         Ami.DG     1.384 
        Mixe.DG     1.056 
   Ganj_Dareh_N    -0.250 
        Onge.DG     0.337 
     Villabruna    -0.063 
     DevilsGate     1.536 
           aACA     1.555 
A:
          scale   155.574 
             Yi    -0.018 
      Sherpa.LC     0.044 
       Pulliyar    -1.731 

f4info: 
f4rank: 2 dof:      6 chisq:     3.650 tail:          0.723899798 dofdiff:      8 chisqdiff:   480.964 taildiff:       8.52156356e-99
B:
          scale     1.000     1.000 
     Anatolia_N    -0.109     0.458 
         Ami.DG     1.333    -1.782 
        Mixe.DG     1.004    -0.169 
   Ganj_Dareh_N    -0.246     0.458 
        Onge.DG     0.313    -0.393 
     Villabruna    -0.040     0.794 
     DevilsGate     1.563    -0.135 
           aACA     1.612     1.890 
A:
          scale   159.021  1636.189 
             Yi     0.062    -1.731 
      Sherpa.LC     0.014    -0.006 
       Pulliyar    -1.731    -0.062 

f4info: 
f4rank: 3 dof:      0 chisq:     0.000 tail:                    1 dofdiff:      6 chisqdiff:     3.650 taildiff:          0.723899798
B:
          scale     1.000     1.000     1.000 
     Anatolia_N    -0.117     0.387     0.956 
         Ami.DG     1.334    -1.746    -0.711 
        Mixe.DG     1.002    -0.174     0.504 
   Ganj_Dareh_N    -0.258     0.335     1.702 
        Onge.DG     0.309    -0.432     0.751 
     Villabruna    -0.031     0.882    -1.576 
     DevilsGate     1.559    -0.188     0.601 
           aACA     1.615     1.913    -0.139 
A:
          scale   159.881  1625.063  9504.796 
             Yi     0.069    -1.730    -0.034 
      Sherpa.LC     0.030    -0.033     1.731 
       Pulliyar    -1.730    -0.069     0.028 

## end of run
