/home/cliu7/utils/AdmixTools/bin/qpWave: parameter file: temp/param/qpAdm_Lakha.Naxi.Sherpa.LC.Pulliyar.parxshwb3v0
### THE INPUT PARAMETERS
##PARAMETER NAME: VALUE
DIR: data/intermediate
S1: illumina_all_merged.qpAdm
indivname: data/intermediate/illumina_all_merged.qpAdm.grouped2.ind
snpname: data/intermediate/illumina_all_merged.qpAdm.snp
genotypename: data/intermediate/illumina_all_merged.qpAdm.geno
popleft: temp/param/left.xshwb3v0
popright: temp/param/right.xshwb3v0
details: YES
## qpWave version: 410
packed geno read OK
end of inpack

left pops:
Lakha
Naxi
Sherpa.LC
Pulliyar

right pops:
Mbuti
Anatolia_N
Ami.DG
Mixe.DG
Ganj_Dareh_N
Onge.DG
Villabruna
DevilsGate
aACA

  0                Lakha   18
  1                 Naxi    8
  2            Sherpa.LC    9
  3             Pulliyar    5
  4                Mbuti   13
  5           Anatolia_N   25
  6               Ami.DG    2
  7              Mixe.DG    3
  8         Ganj_Dareh_N    7
  9              Onge.DG    2
 10           Villabruna    1
 11           DevilsGate    4
 12                 aACA   32
jackknife block size:     0.050
snps: 234294  indivs: 129
number of blocks for block jackknife: 548
dof (jackknife):   466.644
numsnps used: 83787
f4info: 
f4rank: 0 dof:     24 chisq:  4141.767 tail:                    0 dofdiff:      0 chisqdiff:     0.000 taildiff:                    1

f4info: 
f4rank: 1 dof:     14 chisq:   353.725 tail:       6.80636645e-67 dofdiff:     10 chisqdiff:  3788.042 taildiff:                    0
B:
          scale     1.000 
     Anatolia_N    -0.116 
         Ami.DG     1.392 
        Mixe.DG     1.029 
   Ganj_Dareh_N    -0.255 
        Onge.DG     0.322 
     Villabruna    -0.056 
     DevilsGate     1.553 
           aACA     1.551 
A:
          scale   152.287 
           Naxi    -0.047 
      Sherpa.LC     0.024 
       Pulliyar    -1.731 

f4info: 
f4rank: 2 dof:      6 chisq:     3.651 tail:          0.723728028 dofdiff:      8 chisqdiff:   350.074 taildiff:       8.73226281e-71
B:
          scale     1.000     1.000 
     Anatolia_N    -0.109     0.481 
         Ami.DG     1.331    -1.855 
        Mixe.DG     1.004    -0.268 
   Ganj_Dareh_N    -0.245     0.326 
        Onge.DG     0.312    -0.257 
     Villabruna    -0.039     0.805 
     DevilsGate     1.563    -0.033 
           aACA     1.615     1.854 
A:
          scale   159.212  1732.121 
           Naxi     0.043    -1.732 
      Sherpa.LC     0.014    -0.005 
       Pulliyar    -1.731    -0.043 

f4info: 
f4rank: 3 dof:      0 chisq:     0.000 tail:                    1 dofdiff:      6 chisqdiff:     3.651 taildiff:          0.723728028
B:
          scale     1.000     1.000     1.000 
     Anatolia_N    -0.116     0.413     0.964 
         Ami.DG     1.332    -1.814    -0.736 
        Mixe.DG     1.002    -0.284     0.490 
   Ganj_Dareh_N    -0.257     0.190     1.689 
        Onge.DG     0.308    -0.319     0.762 
     Villabruna    -0.030     0.885    -1.569 
     DevilsGate     1.559    -0.075     0.614 
           aACA     1.617     1.880    -0.126 
A:
          scale   160.076  1729.562  9522.637 
           Naxi     0.050    -1.731    -0.039 
      Sherpa.LC     0.030    -0.038     1.731 
       Pulliyar    -1.731    -0.051     0.029 

## end of run
