/home/cliu7/utils/AdmixTools/bin/qpAdm: parameter file: temp/param/qpAdm_Lakha.YR_MN.Sherpa.LC.Pulliyar.parrd7b8iw8
### THE INPUT PARAMETERS
##PARAMETER NAME: VALUE
DIR: data/intermediate
S1: illumina_all_merged.qpAdm
indivname: data/intermediate/illumina_all_merged.qpAdm.grouped2.ind
snpname: data/intermediate/illumina_all_merged.qpAdm.snp
genotypename: data/intermediate/illumina_all_merged.qpAdm.geno
popleft: temp/param/left.rd7b8iw8
popright: temp/param/right.rd7b8iw8
details: YES
## qpAdm version: 810
seed: -1563179161
packed geno read OK
end of inpack

left pops:
Lakha
YR_MN
Sherpa.LC
Pulliyar

right pops:
Mbuti
Anatolia_N
Ami.DG
Mixe.DG
Ganj_Dareh_N
Onge.DG
Villabruna
DevilsGate
aACA

  0                Lakha   18
  1                YR_MN    8
  2            Sherpa.LC    9
  3             Pulliyar    5
  4                Mbuti   13
  5           Anatolia_N   25
  6               Ami.DG    2
  7              Mixe.DG    3
  8         Ganj_Dareh_N    7
  9              Onge.DG    2
 10           Villabruna    1
 11           DevilsGate    4
 12                 aACA   32
jackknife block size:     0.050
snps: 234294  indivs: 129
number of blocks for block jackknife: 548
## ncols: 234294
coverage:                Lakha 234294
coverage:                YR_MN 232597
coverage:            Sherpa.LC 117394
coverage:             Pulliyar 234294
coverage:                Mbuti 234294
coverage:           Anatolia_N 117047
coverage:               Ami.DG 228808
coverage:              Mixe.DG 228825
coverage:         Ganj_Dareh_N 104920
coverage:              Onge.DG 228703
coverage:           Villabruna  86810
coverage:           DevilsGate 117364
coverage:                 aACA 120350
dof (jackknife):   466.606
numsnps used: 83835
codimension 1
f4info: 
f4rank: 2 dof:      6 chisq:     3.984 tail:          0.678785292 dofdiff:      8 chisqdiff:    -3.984 taildiff:                    1
B:
          scale     1.000     1.000 
     Anatolia_N    -0.122     0.398 
         Ami.DG     1.345    -1.302 
        Mixe.DG     1.005    -0.213 
   Ganj_Dareh_N    -0.256     0.217 
        Onge.DG     0.312    -0.308 
     Villabruna    -0.060     0.755 
     DevilsGate     1.566    -0.039 
           aACA     1.596     2.321 
A:
          scale   161.180  1390.720 
          YR_MN     0.147    -1.721 
      Sherpa.LC     0.017    -0.010 
       Pulliyar    -1.726    -0.195 


full rank
f4info: 
f4rank: 3 dof:      0 chisq:     0.000 tail:                    1 dofdiff:      6 chisqdiff:     3.984 taildiff:          0.678785292
B:
          scale     1.000     1.000     1.000 
     Anatolia_N    -0.105     0.412    -0.349 
         Ami.DG     1.329    -1.488    -0.507 
        Mixe.DG     1.009    -0.334    -0.226 
   Ganj_Dareh_N    -0.239     0.257    -0.621 
        Onge.DG     0.319    -0.298    -0.578 
     Villabruna    -0.063     0.688     0.738 
     DevilsGate     1.571    -0.238    -0.060 
           aACA     1.604     2.195     2.510 
A:
          scale   165.191  1427.596  2681.576 
          YR_MN     0.140    -1.597    -0.284 
      Sherpa.LC     0.064     0.505    -1.146 
       Pulliyar    -1.725     0.440    -1.267 


best coefficients:    -0.007     0.998     0.009 
Jackknife mean:     -0.005191516     0.995925507     0.009266008 
      std. errors:     0.051     0.049     0.011 

error covariance (* 1000000)
      2563      -2442       -122 
     -2442       2438          4 
      -122          4        118 


summ: Lakha    3      0.678785    -0.005     0.996     0.009  2563 -2442  -122  2438     4   118 

    fixed pat  wt  dof     chisq       tail prob
          000  0     6     3.984        0.678785    -0.007     0.998     0.009  infeasible
          001  1     7   218.231               0     0.435     0.565    -0.000 
          010  1     7   201.613               0     1.020     0.000    -0.020  infeasible
          100  1     7     3.880        0.793531    -0.000     0.991     0.009 
          011  2     8   203.649               0     1.000     0.000    -0.000 
          101  2     8     4.478        0.811609     0.000     1.000    -0.000 
          110  2     8  3166.480               0     0.000    -0.000     1.000 
best pat:          000         0.678785              -  -
best pat:          100         0.793531  chi(nested):    -0.105 p-value for nested model:            -nan
best pat:          101         0.811609  chi(nested):     0.599 p-value for nested model:        0.439123

coeffs:    -0.007     0.998     0.009 

## dscore:: f_4(Base, Fit, Rbase, right2)
## genstat:: f_4(Base, Fit, right1, right2)

details:           YR_MN      Anatolia_N    -0.000718   -1.957399
details:       Sherpa.LC      Anatolia_N     0.000151    0.583798
details:        Pulliyar      Anatolia_N     0.001271    3.386903
dscore:      Anatolia_N f4:     0.000167 Z:     0.647890

details:           YR_MN          Ami.DG     0.002692    5.818221
details:       Sherpa.LC          Ami.DG     0.000147    0.466021
details:        Pulliyar          Ami.DG    -0.014281  -29.967757
dscore:          Ami.DG f4:    -0.000003 Z:    -0.009465

details:           YR_MN         Mixe.DG     0.000997    2.062170
details:       Sherpa.LC         Mixe.DG     0.000287    0.889292
details:        Pulliyar         Mixe.DG    -0.010751  -21.420925
dscore:         Mixe.DG f4:     0.000181 Z:     0.561561

details:           YR_MN    Ganj_Dareh_N    -0.000578   -1.211009
details:       Sherpa.LC    Ganj_Dareh_N     0.000246    0.774229
details:        Pulliyar    Ganj_Dareh_N     0.002787    6.299527
dscore:    Ganj_Dareh_N f4:     0.000275 Z:     0.866749

details:           YR_MN         Onge.DG     0.000560    1.256445
details:       Sherpa.LC         Onge.DG     0.000205    0.656425
details:        Pulliyar         Onge.DG    -0.003308   -7.131014
dscore:         Onge.DG f4:     0.000170 Z:     0.545600

details:           YR_MN      Villabruna    -0.001356   -2.328080
details:       Sherpa.LC      Villabruna    -0.000297   -0.775679
details:        Pulliyar      Villabruna     0.000344    0.553575
dscore:      Villabruna f4:    -0.000284 Z:    -0.741696

details:           YR_MN      DevilsGate     0.001407    2.724660
details:       Sherpa.LC      DevilsGate     0.000422    1.186561
details:        Pulliyar      DevilsGate    -0.016743  -32.198678
dscore:      DevilsGate f4:     0.000258 Z:     0.724975

details:           YR_MN            aACA    -0.001544   -3.894163
details:       Sherpa.LC            aACA     0.000246    0.964934
details:        Pulliyar            aACA    -0.017458  -42.779937
dscore:            aACA f4:     0.000096 Z:     0.378144

gendstat:                Mbuti           Anatolia_N     0.648
gendstat:                Mbuti               Ami.DG    -0.009
gendstat:                Mbuti              Mixe.DG     0.562
gendstat:                Mbuti         Ganj_Dareh_N     0.867
gendstat:                Mbuti              Onge.DG     0.546
gendstat:                Mbuti           Villabruna    -0.742
gendstat:                Mbuti           DevilsGate     0.725
gendstat:                Mbuti                 aACA     0.378
gendstat:           Anatolia_N               Ami.DG    -0.535
gendstat:           Anatolia_N              Mixe.DG     0.047
gendstat:           Anatolia_N         Ganj_Dareh_N     0.399
gendstat:           Anatolia_N              Onge.DG     0.010
gendstat:           Anatolia_N           Villabruna    -1.377
gendstat:           Anatolia_N           DevilsGate     0.263
gendstat:           Anatolia_N                 aACA    -0.295
gendstat:               Ami.DG              Mixe.DG     0.591
gendstat:               Ami.DG         Ganj_Dareh_N     0.797
gendstat:               Ami.DG              Onge.DG     0.511
gendstat:               Ami.DG           Villabruna    -0.668
gendstat:               Ami.DG           DevilsGate     0.774
gendstat:               Ami.DG                 aACA     0.408
gendstat:              Mixe.DG         Ganj_Dareh_N     0.259
gendstat:              Mixe.DG              Onge.DG    -0.032
gendstat:              Mixe.DG           Villabruna    -1.088
gendstat:              Mixe.DG           DevilsGate     0.214
gendstat:              Mixe.DG                 aACA    -0.323
gendstat:         Ganj_Dareh_N              Onge.DG    -0.288
gendstat:         Ganj_Dareh_N           Villabruna    -1.406
gendstat:         Ganj_Dareh_N           DevilsGate    -0.044
gendstat:         Ganj_Dareh_N                 aACA    -0.573
gendstat:              Onge.DG           Villabruna    -1.124
gendstat:              Onge.DG           DevilsGate     0.240
gendstat:              Onge.DG                 aACA    -0.264
gendstat:           Villabruna           DevilsGate     1.252
gendstat:           Villabruna                 aACA     1.031
gendstat:           DevilsGate                 aACA    -0.563

## end of run
