/home/cliu7/utils/AdmixTools/bin/qpAdm: parameter file: temp/param/qpAdm_Lakha.Upper_YR_LN.Sherpa.LC.Pathan.parh5yne8p7
### THE INPUT PARAMETERS
##PARAMETER NAME: VALUE
DIR: data/intermediate
S1: illumina_all_merged.qpAdm
indivname: data/intermediate/illumina_all_merged.qpAdm.grouped2.ind
snpname: data/intermediate/illumina_all_merged.qpAdm.snp
genotypename: data/intermediate/illumina_all_merged.qpAdm.geno
popleft: temp/param/left.h5yne8p7
popright: temp/param/right.h5yne8p7
details: YES
## qpAdm version: 810
seed: -356015736
packed geno read OK
end of inpack

left pops:
Lakha
Upper_YR_LN
Sherpa.LC
Pathan

right pops:
Mbuti
Anatolia_N
Ami.DG
Mixe.DG
Ganj_Dareh_N
Onge.DG
Villabruna
DevilsGate
aACA

  0                Lakha   18
  1          Upper_YR_LN    7
  2            Sherpa.LC    9
  3               Pathan   22
  4                Mbuti   13
  5           Anatolia_N   25
  6               Ami.DG    2
  7              Mixe.DG    3
  8         Ganj_Dareh_N    7
  9              Onge.DG    2
 10           Villabruna    1
 11           DevilsGate    4
 12                 aACA   32
jackknife block size:     0.050
snps: 234294  indivs: 145
number of blocks for block jackknife: 548
## ncols: 234294
coverage:                Lakha 234294
coverage:          Upper_YR_LN 232854
coverage:            Sherpa.LC 117394
coverage:               Pathan 234294
coverage:                Mbuti 234294
coverage:           Anatolia_N 117047
coverage:               Ami.DG 228808
coverage:              Mixe.DG 228825
coverage:         Ganj_Dareh_N 104920
coverage:              Onge.DG 228703
coverage:           Villabruna  86810
coverage:           DevilsGate 117364
coverage:                 aACA 120350
dof (jackknife):   465.452
numsnps used: 82002
codimension 1
f4info: 
f4rank: 2 dof:      6 chisq:     5.108 tail:          0.530079093 dofdiff:      8 chisqdiff:    -5.108 taildiff:                    1
B:
          scale     1.000     1.000 
     Anatolia_N    -0.539    -0.424 
         Ami.DG     1.346    -0.464 
        Mixe.DG     0.811    -0.322 
   Ganj_Dareh_N    -0.580    -0.227 
        Onge.DG     0.576     0.194 
     Villabruna    -0.392     0.618 
     DevilsGate     1.454    -0.723 
           aACA     1.518     2.551 
A:
          scale   124.087  2037.460 
    Upper_YR_LN     0.120    -1.678 
      Sherpa.LC     0.012    -0.053 
         Pathan    -1.728    -0.427 


full rank
f4info: 
f4rank: 3 dof:      0 chisq:     0.000 tail:                    1 dofdiff:      6 chisqdiff:     5.108 taildiff:          0.530079093
B:
          scale     1.000     1.000     1.000 
     Anatolia_N    -0.529    -0.593    -0.145 
         Ami.DG     1.358    -0.234    -1.069 
        Mixe.DG     0.824    -0.247    -0.219 
   Ganj_Dareh_N    -0.571    -0.440     0.510 
        Onge.DG     0.580     0.197    -0.017 
     Villabruna    -0.414     0.588    -0.231 
     DevilsGate     1.481    -0.552    -0.456 
           aACA     1.473     2.579     2.503 
A:
          scale   126.440  1337.821  4347.593 
    Upper_YR_LN     0.148    -1.294     0.467 
      Sherpa.LC     0.029    -0.494     1.373 
         Pathan    -1.726    -1.039     0.947 


best coefficients:    -0.034     1.029     0.005 
Jackknife mean:     -0.028811016     1.023764909     0.005046107 
      std. errors:     0.084     0.083     0.008 

error covariance (* 1000000)
      6978      -6915        -63 
     -6915       6912          3 
       -63          3         60 


summ: Lakha    3      0.530079    -0.029     1.024     0.005  6978 -6915   -63  6912     3    60 

    fixed pat  wt  dof     chisq       tail prob
          000  0     6     5.108        0.530079    -0.034     1.029     0.005  infeasible
          001  1     7   125.093     6.65006e-24     1.040    -0.040    -0.000  infeasible
          010  1     7   116.156     4.83243e-22     1.001     0.000    -0.001 
          100  1     7     4.360        0.737517     0.000     0.995     0.005 
          011  2     8   116.104     2.11011e-21     1.000     0.000    -0.000 
          101  2     8     6.697         0.56964     0.000     1.000    -0.000 
          110  2     8  6507.522               0     0.000    -0.000     1.000 
best pat:          000         0.530079              -  -
best pat:          100         0.737517  chi(nested):    -0.748 p-value for nested model:            -nan
best pat:          101          0.56964  chi(nested):     2.337 p-value for nested model:        0.126317

coeffs:    -0.034     1.029     0.005 

## dscore:: f_4(Base, Fit, Rbase, right2)
## genstat:: f_4(Base, Fit, right1, right2)

details:     Upper_YR_LN      Anatolia_N    -0.000369   -0.984765
details:       Sherpa.LC      Anatolia_N     0.000148    0.562340
details:          Pathan      Anatolia_N     0.007609   22.933805
dscore:      Anatolia_N f4:     0.000202 Z:     0.754182

details:     Upper_YR_LN          Ami.DG     0.001421    3.136363
details:       Sherpa.LC          Ami.DG     0.000135    0.420489
details:          Pathan          Ami.DG    -0.018795  -42.633412
dscore:          Ami.DG f4:    -0.000002 Z:    -0.005040

details:     Upper_YR_LN         Mixe.DG     0.000833    1.860119
details:       Sherpa.LC         Mixe.DG     0.000294    0.884959
details:          Pathan         Mixe.DG    -0.011273  -23.754167
dscore:         Mixe.DG f4:     0.000218 Z:     0.645691

details:     Upper_YR_LN    Ganj_Dareh_N    -0.000440   -0.999695
details:       Sherpa.LC    Ganj_Dareh_N     0.000286    0.885523
details:          Pathan    Ganj_Dareh_N     0.008227   20.547469
dscore:    Ganj_Dareh_N f4:     0.000350 Z:     1.060848

details:     Upper_YR_LN         Onge.DG     0.000151    0.328464
details:       Sherpa.LC         Onge.DG     0.000212    0.669890
details:          Pathan         Onge.DG    -0.008145  -18.954516
dscore:         Onge.DG f4:     0.000173 Z:     0.536914

details:     Upper_YR_LN      Villabruna    -0.001465   -2.588799
details:       Sherpa.LC      Villabruna    -0.000302   -0.770336
details:          Pathan      Villabruna     0.005139    9.865240
dscore:      Villabruna f4:    -0.000236 Z:    -0.590308

details:     Upper_YR_LN      DevilsGate     0.001942    3.821785
details:       Sherpa.LC      DevilsGate     0.000403    1.114763
details:          Pathan      DevilsGate    -0.020120  -43.640027
dscore:      DevilsGate f4:     0.000250 Z:     0.679761

details:     Upper_YR_LN            aACA    -0.000782   -2.081096
details:       Sherpa.LC            aACA     0.000234    0.895498
details:          Pathan            aACA    -0.021751  -56.217377
dscore:            aACA f4:     0.000159 Z:     0.600375

gendstat:                Mbuti           Anatolia_N     0.754
gendstat:                Mbuti               Ami.DG    -0.005
gendstat:                Mbuti              Mixe.DG     0.646
gendstat:                Mbuti         Ganj_Dareh_N     1.061
gendstat:                Mbuti              Onge.DG     0.537
gendstat:                Mbuti           Villabruna    -0.590
gendstat:                Mbuti           DevilsGate     0.680
gendstat:                Mbuti                 aACA     0.600
gendstat:           Anatolia_N               Ami.DG    -0.618
gendstat:           Anatolia_N              Mixe.DG     0.050
gendstat:           Anatolia_N         Ganj_Dareh_N     0.526
gendstat:           Anatolia_N              Onge.DG    -0.092
gendstat:           Anatolia_N           Villabruna    -1.288
gendstat:           Anatolia_N           DevilsGate     0.134
gendstat:           Anatolia_N                 aACA    -0.174
gendstat:               Ami.DG              Mixe.DG     0.676
gendstat:               Ami.DG         Ganj_Dareh_N     0.967
gendstat:               Ami.DG              Onge.DG     0.500
gendstat:               Ami.DG           Villabruna    -0.534
gendstat:               Ami.DG           DevilsGate     0.721
gendstat:               Ami.DG                 aACA     0.638
gendstat:              Mixe.DG         Ganj_Dareh_N     0.347
gendstat:              Mixe.DG              Onge.DG    -0.125
gendstat:              Mixe.DG           Villabruna    -1.017
gendstat:              Mixe.DG           DevilsGate     0.085
gendstat:              Mixe.DG                 aACA    -0.215
gendstat:         Ganj_Dareh_N              Onge.DG    -0.467
gendstat:         Ganj_Dareh_N           Villabruna    -1.418
gendstat:         Ganj_Dareh_N           DevilsGate    -0.239
gendstat:         Ganj_Dareh_N                 aACA    -0.586
gendstat:              Onge.DG           Villabruna    -0.976
gendstat:              Onge.DG           DevilsGate     0.204
gendstat:              Onge.DG                 aACA    -0.048
gendstat:           Villabruna           DevilsGate     1.082
gendstat:           Villabruna                 aACA     1.026
gendstat:           DevilsGate                 aACA    -0.306

## end of run
