/home/cliu7/utils/AdmixTools/bin/qpWave: parameter file: temp/param/qpAdm_Lakha.Naxi.Sherpa.LC.Pathan.par985q8r3q
### THE INPUT PARAMETERS
##PARAMETER NAME: VALUE
DIR: data/intermediate
S1: illumina_all_merged.qpAdm
indivname: data/intermediate/illumina_all_merged.qpAdm.grouped2.ind
snpname: data/intermediate/illumina_all_merged.qpAdm.snp
genotypename: data/intermediate/illumina_all_merged.qpAdm.geno
popleft: temp/param/left.985q8r3q
popright: temp/param/right.985q8r3q
details: YES
## qpWave version: 410
packed geno read OK
end of inpack

left pops:
Lakha
Naxi
Sherpa.LC
Pathan

right pops:
Mbuti
Anatolia_N
Ami.DG
Mixe.DG
Ganj_Dareh_N
Onge.DG
Villabruna
DevilsGate
aACA

  0                Lakha   18
  1                 Naxi    8
  2            Sherpa.LC    9
  3               Pathan   22
  4                Mbuti   13
  5           Anatolia_N   25
  6               Ami.DG    2
  7              Mixe.DG    3
  8         Ganj_Dareh_N    7
  9              Onge.DG    2
 10           Villabruna    1
 11           DevilsGate    4
 12                 aACA   32
jackknife block size:     0.050
snps: 234294  indivs: 146
number of blocks for block jackknife: 548
dof (jackknife):   465.516
numsnps used: 82339
f4info: 
f4rank: 0 dof:     24 chisq:  8313.959 tail:                    0 dofdiff:      0 chisqdiff:     0.000 taildiff:                    1

f4info: 
f4rank: 1 dof:     14 chisq:   359.924 tail:       3.40242462e-68 dofdiff:     10 chisqdiff:  7954.035 taildiff:                    0
B:
          scale     1.000 
     Anatolia_N    -0.534 
         Ami.DG     1.378 
        Mixe.DG     0.805 
   Ganj_Dareh_N    -0.579 
        Onge.DG     0.569 
     Villabruna    -0.385 
     DevilsGate     1.455 
           aACA     1.497 
A:
          scale   120.370 
           Naxi    -0.025 
      Sherpa.LC     0.014 
         Pathan    -1.732 

f4info: 
f4rank: 2 dof:      6 chisq:     3.779 tail:           0.70659821 dofdiff:      8 chisqdiff:   356.146 taildiff:       4.41467915e-72
B:
          scale     1.000     1.000 
     Anatolia_N    -0.534     0.340 
         Ami.DG     1.342    -1.785 
        Mixe.DG     0.809    -0.255 
   Ganj_Dareh_N    -0.576     0.207 
        Onge.DG     0.583    -0.146 
     Villabruna    -0.371     0.712 
     DevilsGate     1.437     0.056 
           aACA     1.544     2.015 
A:
          scale   122.738  1747.577 
           Naxi     0.043    -1.731 
      Sherpa.LC     0.008     0.003 
         Pathan    -1.731    -0.044 

f4info: 
f4rank: 3 dof:      0 chisq:     0.000 tail:                    1 dofdiff:      6 chisqdiff:     3.779 taildiff:           0.70659821
B:
          scale     1.000     1.000     1.000 
     Anatolia_N    -0.543     0.244     1.233 
         Ami.DG     1.342    -1.756    -0.512 
        Mixe.DG     0.804    -0.290     0.712 
   Ganj_Dareh_N    -0.588     0.044     1.827 
        Onge.DG     0.582    -0.191     0.513 
     Villabruna    -0.369     0.769    -1.214 
     DevilsGate     1.433    -0.001     0.798 
           aACA     1.544     2.036    -0.021 
A:
          scale   123.255  1749.215  8710.016 
           Naxi     0.049    -1.731    -0.024 
      Sherpa.LC     0.022    -0.023     1.732 
         Pathan    -1.731    -0.049     0.021 

## end of run
