/home/cliu7/utils/AdmixTools/bin/qpWave: parameter file: temp/param/qpAdm_Layap.Naxi.Sherpa.LC.Han.parrg0ukkzf
### THE INPUT PARAMETERS
##PARAMETER NAME: VALUE
DIR: data/intermediate
S1: illumina_all_merged.qpAdm
indivname: data/intermediate/illumina_all_merged.qpAdm.grouped2.ind
snpname: data/intermediate/illumina_all_merged.qpAdm.snp
genotypename: data/intermediate/illumina_all_merged.qpAdm.geno
popleft: temp/param/left.rg0ukkzf
popright: temp/param/right.rg0ukkzf
details: YES
## qpWave version: 410
packed geno read OK
end of inpack

left pops:
Layap
Naxi
Sherpa.LC
Han

right pops:
Mbuti
Anatolia_N
Ami.DG
Mixe.DG
Ganj_Dareh_N
Onge.DG
Villabruna
DevilsGate
aACA

  0                Layap   12
  1                 Naxi    8
  2            Sherpa.LC    9
  3                  Han   44
  4                Mbuti   13
  5           Anatolia_N   25
  6               Ami.DG    2
  7              Mixe.DG    3
  8         Ganj_Dareh_N    7
  9              Onge.DG    2
 10           Villabruna    1
 11           DevilsGate    4
 12                 aACA   32
jackknife block size:     0.050
snps: 234294  indivs: 162
number of blocks for block jackknife: 548
dof (jackknife):   466.626
numsnps used: 83599
f4info: 
f4rank: 0 dof:     24 chisq:  1532.740 tail:      2.01235201e-309 dofdiff:      0 chisqdiff:     0.000 taildiff:                    1

f4info: 
f4rank: 1 dof:     14 chisq:    13.276 tail:          0.504931767 dofdiff:     10 chisqdiff:  1519.464 taildiff:      1.57508128e-320
B:
          scale     1.000 
     Anatolia_N    -0.290 
         Ami.DG     2.390 
        Mixe.DG     0.546 
   Ganj_Dareh_N    -0.184 
        Onge.DG     0.175 
     Villabruna    -0.261 
     DevilsGate     0.831 
           aACA    -1.041 
A:
          scale   847.655 
           Naxi     0.849 
      Sherpa.LC    -0.068 
            Han     1.508 

f4info: 
f4rank: 2 dof:      6 chisq:     5.334 tail:          0.501700391 dofdiff:      8 chisqdiff:     7.941 taildiff:           0.43921033
B:
          scale     1.000     1.000 
     Anatolia_N    -0.279     0.570 
         Ami.DG     2.387     0.115 
        Mixe.DG     0.567     0.417 
   Ganj_Dareh_N    -0.163     0.924 
        Onge.DG     0.199    -0.003 
     Villabruna    -0.243     0.707 
     DevilsGate     0.898     1.743 
           aACA    -0.984     1.760 
A:
          scale   823.180  5348.883 
           Naxi     0.830    -0.233 
      Sherpa.LC     0.069     1.682 
            Han     1.519     0.339 

f4info: 
f4rank: 3 dof:      0 chisq:     0.000 tail:                    1 dofdiff:      6 chisqdiff:     5.334 taildiff:          0.501700391
B:
          scale     1.000     1.000     1.000 
     Anatolia_N    -0.394     0.303     1.808 
         Ami.DG     2.351     0.090     0.696 
        Mixe.DG     0.538     0.362     0.576 
   Ganj_Dareh_N    -0.192     0.796     0.606 
        Onge.DG     0.258     0.158    -0.566 
     Villabruna    -0.351     0.384     1.628 
     DevilsGate     0.936     1.869    -0.710 
           aACA    -0.961     1.863    -0.274 
A:
          scale   822.890  5525.466 11339.639 
           Naxi     0.826    -0.623    -1.389 
      Sherpa.LC     0.069     1.594    -0.674 
            Han     1.521     0.266     0.785 

## end of run
