/home/cliu7/utils/AdmixTools/bin/qpAdm: parameter file: temp/param/qpAdm_Mangde.Naga.Sherpa.LC.Pathan.parbjnf8p1l
### THE INPUT PARAMETERS
##PARAMETER NAME: VALUE
DIR: data/intermediate
S1: illumina_all_merged.qpAdm
indivname: data/intermediate/illumina_all_merged.qpAdm.grouped2.ind
snpname: data/intermediate/illumina_all_merged.qpAdm.snp
genotypename: data/intermediate/illumina_all_merged.qpAdm.geno
popleft: temp/param/left.bjnf8p1l
popright: temp/param/right.bjnf8p1l
details: YES
## qpAdm version: 810
seed: -1398565534
packed geno read OK
end of inpack

left pops:
Mangde
Naga
Sherpa.LC
Pathan

right pops:
Mbuti
Anatolia_N
Ami.DG
Mixe.DG
Ganj_Dareh_N
Onge.DG
Villabruna
DevilsGate
aACA

  0               Mangde   18
  1                 Naga    4
  2            Sherpa.LC    9
  3               Pathan   22
  4                Mbuti   13
  5           Anatolia_N   25
  6               Ami.DG    2
  7              Mixe.DG    3
  8         Ganj_Dareh_N    7
  9              Onge.DG    2
 10           Villabruna    1
 11           DevilsGate    4
 12                 aACA   32
jackknife block size:     0.050
snps: 234294  indivs: 142
number of blocks for block jackknife: 548
## ncols: 234294
coverage:               Mangde 234294
coverage:                 Naga 234294
coverage:            Sherpa.LC 117394
coverage:               Pathan 234294
coverage:                Mbuti 234294
coverage:           Anatolia_N 117047
coverage:               Ami.DG 228808
coverage:              Mixe.DG 228825
coverage:         Ganj_Dareh_N 104920
coverage:              Onge.DG 228703
coverage:           Villabruna  86810
coverage:           DevilsGate 117364
coverage:                 aACA 120350
dof (jackknife):   465.611
numsnps used: 82357
codimension 1
f4info: 
f4rank: 2 dof:      6 chisq:     4.459 tail:          0.614798523 dofdiff:      8 chisqdiff:    -4.459 taildiff:                    1
B:
          scale     1.000     1.000 
     Anatolia_N    -0.563     0.475 
         Ami.DG     1.349    -1.018 
        Mixe.DG     0.821    -0.803 
   Ganj_Dareh_N    -0.602     0.309 
        Onge.DG     0.577    -0.090 
     Villabruna    -0.408     0.023 
     DevilsGate     1.441     0.127 
           aACA     1.500     2.444 
A:
          scale   125.920  3940.754 
           Naga     0.111    -1.512 
      Sherpa.LC     0.034     0.776 
         Pathan    -1.728    -0.334 


full rank
f4info: 
f4rank: 3 dof:      0 chisq:     0.000 tail:                    1 dofdiff:      6 chisqdiff:     4.459 taildiff:          0.614798523
B:
          scale     1.000     1.000     1.000 
     Anatolia_N    -0.508     1.281    -0.384 
         Ami.DG     1.347    -1.588    -0.479 
        Mixe.DG     0.830    -0.877    -0.561 
   Ganj_Dareh_N    -0.535     1.239    -0.779 
        Onge.DG     0.596    -0.275    -0.042 
     Villabruna    -0.384     0.655    -0.247 
     DevilsGate     1.453    -0.882     0.451 
           aACA     1.529     0.500     2.537 
A:
          scale   138.360  1400.273  1932.292 
           Naga     0.127    -0.300    -0.636 
      Sherpa.LC     0.145     0.840    -0.507 
         Pathan    -1.721     1.485    -1.529 


best coefficients:     0.323     0.644     0.034 
Jackknife mean:      0.324596534     0.641842301     0.033561164 
      std. errors:     0.079     0.080     0.006 

error covariance (* 1000000)
      6304      -6344         40 
     -6344       6422        -78 
        40        -78         38 


summ: Mangde    3      0.614799     0.325     0.642     0.034  6304 -6344    40  6422   -78    38 

    fixed pat  wt  dof     chisq       tail prob
          000  0     6     4.459        0.614799     0.323     0.644     0.034 
          001  1     7    79.021     2.18073e-14    -1.399     2.399    -0.000  infeasible
          010  1     7    47.060     5.43272e-08     0.955     0.000     0.045 
          100  1     7    16.265        0.022804    -0.000     0.970     0.030 
          011  2     8    79.382     6.51004e-14     1.000     0.000    -0.000 
          101  2     8    34.169     3.78592e-05     0.000     1.000    -0.000 
          110  2     8  7204.717               0     0.000     0.000     1.000 
best pat:          000         0.614799              -  -
best pat:          100         0.022804  chi(nested):    11.806 p-value for nested model:     0.000590497
best pat:          101      3.78592e-05  chi(nested):    17.904 p-value for nested model:     2.32308e-05

coeffs:     0.323     0.644     0.034 

## dscore:: f_4(Base, Fit, Rbase, right2)
## genstat:: f_4(Base, Fit, right1, right2)

details:            Naga      Anatolia_N    -0.000630   -2.377460
details:       Sherpa.LC      Anatolia_N     0.000320    1.331792
details:          Pathan      Anatolia_N     0.007790   25.034961
dscore:      Anatolia_N f4:     0.000264 Z:     1.295804

details:            Naga          Ami.DG     0.001728    4.977706
details:       Sherpa.LC          Ami.DG     0.000586    1.800208
details:          Pathan          Ami.DG    -0.018367  -44.414907
dscore:          Ami.DG f4:     0.000319 Z:     1.147700

details:            Naga         Mixe.DG     0.001150    3.416439
details:       Sherpa.LC         Mixe.DG     0.000455    1.433626
details:          Pathan         Mixe.DG    -0.011110  -24.043374
dscore:         Mixe.DG f4:     0.000291 Z:     1.110242

details:            Naga    Ganj_Dareh_N    -0.000504   -1.638852
details:       Sherpa.LC    Ganj_Dareh_N     0.000429    1.391627
details:          Pathan    Ganj_Dareh_N     0.008424   21.743847
dscore:    Ganj_Dareh_N f4:     0.000396 Z:     1.572865

details:            Naga         Onge.DG     0.000583    1.821351
details:       Sherpa.LC         Onge.DG     0.000456    1.499467
details:          Pathan         Onge.DG    -0.007912  -19.695152
dscore:         Onge.DG f4:     0.000216 Z:     0.850154

details:            Naga      Villabruna    -0.000444   -1.075542
details:       Sherpa.LC      Villabruna     0.000182    0.488872
details:          Pathan      Villabruna     0.005655   11.384896
dscore:      Villabruna f4:     0.000163 Z:     0.535946

details:            Naga      DevilsGate     0.001248    3.382246
details:       Sherpa.LC      DevilsGate     0.000843    2.490151
details:          Pathan      DevilsGate    -0.019689  -43.770114
dscore:      DevilsGate f4:     0.000284 Z:     0.987786

details:            Naga            aACA     0.000451    1.620444
details:       Sherpa.LC            aACA     0.001222    4.835917
details:          Pathan            aACA    -0.020760  -56.699231
dscore:            aACA f4:     0.000235 Z:     1.110408

gendstat:                Mbuti           Anatolia_N     1.296
gendstat:                Mbuti               Ami.DG     1.148
gendstat:                Mbuti              Mixe.DG     1.110
gendstat:                Mbuti         Ganj_Dareh_N     1.573
gendstat:                Mbuti              Onge.DG     0.850
gendstat:                Mbuti           Villabruna     0.536
gendstat:                Mbuti           DevilsGate     0.988
gendstat:                Mbuti                 aACA     1.110
gendstat:           Anatolia_N               Ami.DG     0.213
gendstat:           Anatolia_N              Mixe.DG     0.115
gendstat:           Anatolia_N         Ganj_Dareh_N     0.606
gendstat:           Anatolia_N              Onge.DG    -0.198
gendstat:           Anatolia_N           Villabruna    -0.378
gendstat:           Anatolia_N           DevilsGate     0.076
gendstat:           Anatolia_N                 aACA    -0.139
gendstat:               Ami.DG              Mixe.DG    -0.103
gendstat:               Ami.DG         Ganj_Dareh_N     0.266
gendstat:               Ami.DG              Onge.DG    -0.377
gendstat:               Ami.DG           Villabruna    -0.447
gendstat:               Ami.DG           DevilsGate    -0.132
gendstat:               Ami.DG                 aACA    -0.410
gendstat:              Mixe.DG         Ganj_Dareh_N     0.366
gendstat:              Mixe.DG              Onge.DG    -0.280
gendstat:              Mixe.DG           Villabruna    -0.369
gendstat:              Mixe.DG           DevilsGate    -0.026
gendstat:              Mixe.DG                 aACA    -0.266
gendstat:         Ganj_Dareh_N              Onge.DG    -0.627
gendstat:         Ganj_Dareh_N           Villabruna    -0.721
gendstat:         Ganj_Dareh_N           DevilsGate    -0.377
gendstat:         Ganj_Dareh_N                 aACA    -0.658
gendstat:              Onge.DG           Villabruna    -0.161
gendstat:              Onge.DG           DevilsGate     0.235
gendstat:              Onge.DG                 aACA     0.089
gendstat:           Villabruna           DevilsGate     0.333
gendstat:           Villabruna                 aACA     0.239
gendstat:           DevilsGate                 aACA    -0.218

## end of run
