/home/cliu7/utils/AdmixTools/bin/qpAdm: parameter file: temp/param/qpAdm_Mangde.Naxi.Sherpa.LC.Pathan.par7piijeem
### THE INPUT PARAMETERS
##PARAMETER NAME: VALUE
DIR: data/intermediate
S1: illumina_all_merged.qpAdm
indivname: data/intermediate/illumina_all_merged.qpAdm.grouped2.ind
snpname: data/intermediate/illumina_all_merged.qpAdm.snp
genotypename: data/intermediate/illumina_all_merged.qpAdm.geno
popleft: temp/param/left.7piijeem
popright: temp/param/right.7piijeem
details: YES
## qpAdm version: 810
seed: 801185193
packed geno read OK
end of inpack

left pops:
Mangde
Naxi
Sherpa.LC
Pathan

right pops:
Mbuti
Anatolia_N
Ami.DG
Mixe.DG
Ganj_Dareh_N
Onge.DG
Villabruna
DevilsGate
aACA

  0               Mangde   18
  1                 Naxi    8
  2            Sherpa.LC    9
  3               Pathan   22
  4                Mbuti   13
  5           Anatolia_N   25
  6               Ami.DG    2
  7              Mixe.DG    3
  8         Ganj_Dareh_N    7
  9              Onge.DG    2
 10           Villabruna    1
 11           DevilsGate    4
 12                 aACA   32
jackknife block size:     0.050
snps: 234294  indivs: 146
number of blocks for block jackknife: 548
## ncols: 234294
coverage:               Mangde 234294
coverage:                 Naxi 234294
coverage:            Sherpa.LC 117394
coverage:               Pathan 234294
coverage:                Mbuti 234294
coverage:           Anatolia_N 117047
coverage:               Ami.DG 228808
coverage:              Mixe.DG 228825
coverage:         Ganj_Dareh_N 104920
coverage:              Onge.DG 228703
coverage:           Villabruna  86810
coverage:           DevilsGate 117364
coverage:                 aACA 120350
dof (jackknife):   465.559
numsnps used: 82333
codimension 1
f4info: 
f4rank: 2 dof:      6 chisq:     6.840 tail:          0.335930015 dofdiff:      8 chisqdiff:    -6.840 taildiff:                    1
B:
          scale     1.000     1.000 
     Anatolia_N    -0.559    -0.095 
         Ami.DG     1.379    -1.571 
        Mixe.DG     0.815    -0.090 
   Ganj_Dareh_N    -0.599    -0.251 
        Onge.DG     0.579    -0.085 
     Villabruna    -0.413     0.056 
     DevilsGate     1.437     0.383 
           aACA     1.480     2.301 
A:
          scale   126.426  1990.249 
           Naxi     0.111    -1.612 
      Sherpa.LC     0.031     0.386 
         Pathan    -1.728    -0.504 


full rank
f4info: 
f4rank: 3 dof:      0 chisq:     0.000 tail:                    1 dofdiff:      6 chisqdiff:     6.840 taildiff:          0.335930015
B:
          scale     1.000     1.000     1.000 
     Anatolia_N    -0.527    -0.459     0.375 
         Ami.DG     1.447    -1.196    -1.573 
        Mixe.DG     0.821     0.075    -0.232 
   Ganj_Dareh_N    -0.552    -0.646     0.373 
        Onge.DG     0.597    -0.054    -0.105 
     Villabruna    -0.403    -0.165     0.167 
     DevilsGate     1.439     0.595     0.152 
           aACA     1.435     2.356     2.265 
A:
          scale   132.643   923.089  1649.960 
           Naxi     0.155    -0.799     0.010 
      Sherpa.LC     0.085    -0.555     1.189 
         Pathan    -1.723    -1.433     1.259 


best coefficients:     0.182     0.792     0.026 
Jackknife mean:      0.183409546     0.790572379     0.026018075 
      std. errors:     0.052     0.051     0.007 

error covariance (* 1000000)
      2698      -2622        -77 
     -2622       2588         34 
       -77         34         43 


summ: Mangde    3      0.335930     0.183     0.791     0.026  2698 -2622   -77  2588    34    43 

    fixed pat  wt  dof     chisq       tail prob
          000  0     6     6.840         0.33593     0.182     0.792     0.026 
          001  1     7   335.228               0     1.875    -0.875    -0.000  infeasible
          010  1     7   253.029               0     0.985     0.000     0.015 
          100  1     7    16.487       0.0210218    -0.000     0.969     0.031 
          011  2     8   257.739               0     1.000     0.000    -0.000 
          101  2     8    33.667     4.66817e-05     0.000     1.000    -0.000 
          110  2     8  7218.925               0     0.000     0.000     1.000 
best pat:          000          0.33593              -  -
best pat:          100        0.0210218  chi(nested):     9.647 p-value for nested model:      0.00189637
best pat:          101      4.66817e-05  chi(nested):    17.180 p-value for nested model:     3.40033e-05

coeffs:     0.182     0.792     0.026 

## dscore:: f_4(Base, Fit, Rbase, right2)
## genstat:: f_4(Base, Fit, right1, right2)

details:            Naxi      Anatolia_N    -0.000289   -1.402837
details:       Sherpa.LC      Anatolia_N     0.000320    1.332535
details:          Pathan      Anatolia_N     0.007792   25.043099
dscore:      Anatolia_N f4:     0.000404 Z:     1.977167

details:            Naxi          Ami.DG     0.002703    9.743062
details:       Sherpa.LC          Ami.DG     0.000586    1.800657
details:          Pathan          Ami.DG    -0.018373  -44.421938
dscore:          Ami.DG f4:     0.000477 Z:     1.688096

details:            Naxi         Mixe.DG     0.000774    2.849044
details:       Sherpa.LC         Mixe.DG     0.000455    1.434031
details:          Pathan         Mixe.DG    -0.011113  -24.047013
dscore:         Mixe.DG f4:     0.000212 Z:     0.766916

details:            Naxi    Ganj_Dareh_N    -0.000114   -0.449514
details:       Sherpa.LC    Ganj_Dareh_N     0.000429    1.391959
details:          Pathan    Ganj_Dareh_N     0.008426   21.749862
dscore:    Ganj_Dareh_N f4:     0.000538 Z:     2.031951

details:            Naxi         Onge.DG     0.000670    2.637759
details:       Sherpa.LC         Onge.DG     0.000457    1.500138
details:          Pathan         Onge.DG    -0.007914  -19.699383
dscore:         Onge.DG f4:     0.000277 Z:     1.057819

details:            Naxi      Villabruna    -0.000406   -1.250195
details:       Sherpa.LC      Villabruna     0.000182    0.488951
details:          Pathan      Villabruna     0.005657   11.386888
dscore:      Villabruna f4:     0.000218 Z:     0.689117

details:            Naxi      DevilsGate     0.001002    3.402133
details:       Sherpa.LC      DevilsGate     0.000843    2.490686
details:          Pathan      DevilsGate    -0.019694  -43.774002
dscore:      DevilsGate f4:     0.000337 Z:     1.147214

details:            Naxi            aACA    -0.000417   -1.858796
details:       Sherpa.LC            aACA     0.001223    4.838505
details:          Pathan            aACA    -0.020767  -56.721547
dscore:            aACA f4:     0.000352 Z:     1.594445

gendstat:                Mbuti           Anatolia_N     1.977
gendstat:                Mbuti               Ami.DG     1.688
gendstat:                Mbuti              Mixe.DG     0.767
gendstat:                Mbuti         Ganj_Dareh_N     2.032
gendstat:                Mbuti              Onge.DG     1.058
gendstat:                Mbuti           Villabruna     0.689
gendstat:                Mbuti           DevilsGate     1.147
gendstat:                Mbuti                 aACA     1.594
gendstat:           Anatolia_N               Ami.DG     0.278
gendstat:           Anatolia_N              Mixe.DG    -0.750
gendstat:           Anatolia_N         Ganj_Dareh_N     0.593
gendstat:           Anatolia_N              Onge.DG    -0.515
gendstat:           Anatolia_N           Villabruna    -0.669
gendstat:           Anatolia_N           DevilsGate    -0.239
gendstat:           Anatolia_N                 aACA    -0.254
gendstat:               Ami.DG              Mixe.DG    -0.963
gendstat:               Ami.DG         Ganj_Dareh_N     0.202
gendstat:               Ami.DG              Onge.DG    -0.699
gendstat:               Ami.DG           Villabruna    -0.728
gendstat:               Ami.DG           DevilsGate    -0.526
gendstat:               Ami.DG                 aACA    -0.600
gendstat:              Mixe.DG         Ganj_Dareh_N     1.064
gendstat:              Mixe.DG              Onge.DG     0.234
gendstat:              Mixe.DG           Villabruna     0.016
gendstat:              Mixe.DG           DevilsGate     0.436
gendstat:              Mixe.DG                 aACA     0.628
gendstat:         Ganj_Dareh_N              Onge.DG    -0.868
gendstat:         Ganj_Dareh_N           Villabruna    -0.931
gendstat:         Ganj_Dareh_N           DevilsGate    -0.646
gendstat:         Ganj_Dareh_N                 aACA    -0.711
gendstat:              Onge.DG           Villabruna    -0.169
gendstat:              Onge.DG           DevilsGate     0.195
gendstat:              Onge.DG                 aACA     0.329
gendstat:           Villabruna           DevilsGate     0.323
gendstat:           Villabruna                 aACA     0.427
gendstat:           DevilsGate                 aACA     0.066

## end of run
