/home/cliu7/utils/AdmixTools/bin/qpAdm: parameter file: temp/param/qpAdm_Mangde.Naxi.Sherpa.LC.Han.par1eoemp89
### THE INPUT PARAMETERS
##PARAMETER NAME: VALUE
DIR: data/intermediate
S1: illumina_all_merged.qpAdm
indivname: data/intermediate/illumina_all_merged.qpAdm.grouped2.ind
snpname: data/intermediate/illumina_all_merged.qpAdm.snp
genotypename: data/intermediate/illumina_all_merged.qpAdm.geno
popleft: temp/param/left.1eoemp89
popright: temp/param/right.1eoemp89
details: YES
## qpAdm version: 810
seed: -988745091
packed geno read OK
end of inpack

left pops:
Mangde
Naxi
Sherpa.LC
Han

right pops:
Mbuti
Anatolia_N
Ami.DG
Mixe.DG
Ganj_Dareh_N
Onge.DG
Villabruna
DevilsGate
aACA

  0               Mangde   18
  1                 Naxi    8
  2            Sherpa.LC    9
  3                  Han   44
  4                Mbuti   13
  5           Anatolia_N   25
  6               Ami.DG    2
  7              Mixe.DG    3
  8         Ganj_Dareh_N    7
  9              Onge.DG    2
 10           Villabruna    1
 11           DevilsGate    4
 12                 aACA   32
jackknife block size:     0.050
snps: 234294  indivs: 168
number of blocks for block jackknife: 548
## ncols: 234294
coverage:               Mangde 234294
coverage:                 Naxi 234294
coverage:            Sherpa.LC 117394
coverage:                  Han 234294
coverage:                Mbuti 234294
coverage:           Anatolia_N 117047
coverage:               Ami.DG 228808
coverage:              Mixe.DG 228825
coverage:         Ganj_Dareh_N 104920
coverage:              Onge.DG 228703
coverage:           Villabruna  86810
coverage:           DevilsGate 117364
coverage:                 aACA 120350
dof (jackknife):   466.471
numsnps used: 83478
codimension 1
f4info: 
f4rank: 2 dof:      6 chisq:     5.043 tail:           0.53826042 dofdiff:      8 chisqdiff:    -5.043 taildiff:                    1
B:
          scale     1.000     1.000 
     Anatolia_N    -0.114     0.460 
         Ami.DG     2.468    -1.024 
        Mixe.DG     0.703     0.100 
   Ganj_Dareh_N    -0.015     0.629 
        Onge.DG     0.392     0.426 
     Villabruna    -0.162     0.253 
     DevilsGate     0.999     0.470 
           aACA    -0.475     2.422 
A:
          scale   765.464  3121.461 
           Naxi     0.868     0.246 
      Sherpa.LC     0.326     1.710 
            Han     1.463    -0.121 


full rank
f4info: 
f4rank: 3 dof:      0 chisq:     0.000 tail:                    1 dofdiff:      6 chisqdiff:     5.043 taildiff:           0.53826042
B:
          scale     1.000     1.000     1.000 
     Anatolia_N    -0.081     0.620    -0.541 
         Ami.DG     2.457    -1.165    -0.654 
        Mixe.DG     0.720     0.071    -0.015 
   Ganj_Dareh_N     0.017     0.689    -0.115 
        Onge.DG     0.399     0.230     1.261 
     Villabruna    -0.133     0.467    -0.839 
     DevilsGate     1.036     0.501    -0.181 
           aACA    -0.433     2.293     2.223 
A:
          scale   784.295  2942.217  8386.375 
           Naxi     0.807    -0.567     1.653 
      Sherpa.LC     0.381     1.603     0.447 
            Han     1.484    -0.329     0.258 


best coefficients:     3.787    -0.694    -2.093 
Jackknife mean:      1.872715442     0.102531650    -0.975247092 
      std. errors:     2.830     1.184     1.651 

error covariance (* 1000000)
   8008303   -3341982   -4666321 
  -3341982    1402528    1939454 
  -4666321    1939454    2726867 


summ: Mangde    3      0.538260     1.873     0.103    -0.975 8008303 -3341982 -4666321 1402528 1939454 2726867 

    fixed pat  wt  dof     chisq       tail prob
          000  0     6     5.043         0.53826     3.787    -0.694    -2.093  infeasible
          001  1     7    21.934      0.00260771     0.200     0.800     0.000 
          010  1     7     6.355        0.498924     2.147     0.000    -1.147  infeasible
          100  1     7    22.419      0.00215036    -0.000     0.885     0.115 
          011  2     8   260.630               0     1.000     0.000     0.000 
          101  2     8    32.852      6.5486e-05     0.000     1.000     0.000 
          110  2     8  1162.901               0     0.000    -0.000     1.000 
best pat:          000          0.53826              -  -
best pat:          100       0.00215036  chi(nested):    17.376 p-value for nested model:     3.06734e-05
best pat:          101       6.5486e-05  chi(nested):    10.433 p-value for nested model:      0.00123783

coeffs:     3.787    -0.694    -2.093 

## dscore:: f_4(Base, Fit, Rbase, right2)
## genstat:: f_4(Base, Fit, right1, right2)

details:            Naxi      Anatolia_N    -0.000285   -1.406135
details:       Sherpa.LC      Anatolia_N     0.000315    1.333982
details:             Han      Anatolia_N    -0.000222   -1.329310
dscore:      Anatolia_N f4:    -0.000832 Z:    -1.260999

details:            Naxi          Ami.DG     0.002666    9.758789
details:       Sherpa.LC          Ami.DG     0.000578    1.802936
details:             Han          Ami.DG     0.004802   20.971135
dscore:          Ami.DG f4:    -0.000355 Z:    -0.434153

details:            Naxi         Mixe.DG     0.000763    2.852814
details:       Sherpa.LC         Mixe.DG     0.000449    1.436726
details:             Han         Mixe.DG     0.001387    6.282697
dscore:         Mixe.DG f4:    -0.000325 Z:    -0.399377

details:            Naxi    Ganj_Dareh_N    -0.000112   -0.450055
details:       Sherpa.LC    Ganj_Dareh_N     0.000423    1.394915
details:             Han    Ganj_Dareh_N    -0.000029   -0.146825
dscore:    Ganj_Dareh_N f4:    -0.000656 Z:    -0.853748

details:            Naxi         Onge.DG     0.000660    2.642607
details:       Sherpa.LC         Onge.DG     0.000450    1.502119
details:             Han         Onge.DG     0.000795    3.783726
dscore:         Onge.DG f4:     0.000525 Z:     0.677773

details:            Naxi      Villabruna    -0.000401   -1.251868
details:       Sherpa.LC      Villabruna     0.000179    0.489632
details:             Han      Villabruna    -0.000323   -1.272557
dscore:      Villabruna f4:    -0.000967 Z:    -0.949452

details:            Naxi      DevilsGate     0.000988    3.408343
details:       Sherpa.LC      DevilsGate     0.000831    2.493265
details:             Han      DevilsGate     0.001944    7.919253
dscore:      DevilsGate f4:    -0.000903 Z:    -1.045152

details:            Naxi            aACA    -0.000412   -1.862356
details:       Sherpa.LC            aACA     0.001206    4.847309
details:             Han            aACA    -0.000976   -5.321137
dscore:            aACA f4:    -0.000352 Z:    -0.535912

gendstat:                Mbuti           Anatolia_N    -1.261
gendstat:                Mbuti               Ami.DG    -0.434
gendstat:                Mbuti              Mixe.DG    -0.399
gendstat:                Mbuti         Ganj_Dareh_N    -0.854
gendstat:                Mbuti              Onge.DG     0.678
gendstat:                Mbuti           Villabruna    -0.949
gendstat:                Mbuti           DevilsGate    -1.045
gendstat:                Mbuti                 aACA    -0.536
gendstat:           Anatolia_N               Ami.DG     0.627
gendstat:           Anatolia_N              Mixe.DG     0.701
gendstat:           Anatolia_N         Ganj_Dareh_N     0.271
gendstat:           Anatolia_N              Onge.DG     1.836
gendstat:           Anatolia_N           Villabruna    -0.155
gendstat:           Anatolia_N           DevilsGate    -0.089
gendstat:           Anatolia_N                 aACA     0.844
gendstat:               Ami.DG              Mixe.DG     0.037
gendstat:               Ami.DG         Ganj_Dareh_N    -0.335
gendstat:               Ami.DG              Onge.DG     1.010
gendstat:               Ami.DG           Villabruna    -0.557
gendstat:               Ami.DG           DevilsGate    -0.656
gendstat:               Ami.DG                 aACA     0.005
gendstat:              Mixe.DG         Ganj_Dareh_N    -0.402
gendstat:              Mixe.DG              Onge.DG     1.020
gendstat:              Mixe.DG           Villabruna    -0.639
gendstat:              Mixe.DG           DevilsGate    -0.730
gendstat:              Mixe.DG                 aACA    -0.043
gendstat:         Ganj_Dareh_N              Onge.DG     1.344
gendstat:         Ganj_Dareh_N           Villabruna    -0.313
gendstat:         Ganj_Dareh_N           DevilsGate    -0.269
gendstat:         Ganj_Dareh_N                 aACA     0.414
gendstat:              Onge.DG           Villabruna    -1.434
gendstat:              Onge.DG           DevilsGate    -1.656
gendstat:              Onge.DG                 aACA    -1.262
gendstat:           Villabruna           DevilsGate     0.060
gendstat:           Villabruna                 aACA     0.643
gendstat:           DevilsGate                 aACA     0.847

## end of run
