/home/cliu7/utils/AdmixTools/bin/qpWave: parameter file: temp/param/qpAdm_Monpa.Naxi.Sherpa.LC.Pulliyar.parup1bbh0v
### THE INPUT PARAMETERS
##PARAMETER NAME: VALUE
DIR: data/intermediate
S1: illumina_all_merged.qpAdm
indivname: data/intermediate/illumina_all_merged.qpAdm.grouped2.ind
snpname: data/intermediate/illumina_all_merged.qpAdm.snp
genotypename: data/intermediate/illumina_all_merged.qpAdm.geno
popleft: temp/param/left.up1bbh0v
popright: temp/param/right.up1bbh0v
details: YES
## qpWave version: 410
packed geno read OK
end of inpack

left pops:
Monpa
Naxi
Sherpa.LC
Pulliyar

right pops:
Mbuti
Anatolia_N
Ami.DG
Mixe.DG
Ganj_Dareh_N
Onge.DG
Villabruna
DevilsGate
aACA

  0                Monpa   20
  1                 Naxi    8
  2            Sherpa.LC    9
  3             Pulliyar    5
  4                Mbuti   13
  5           Anatolia_N   25
  6               Ami.DG    2
  7              Mixe.DG    3
  8         Ganj_Dareh_N    7
  9              Onge.DG    2
 10           Villabruna    1
 11           DevilsGate    4
 12                 aACA   32
jackknife block size:     0.050
snps: 234294  indivs: 131
number of blocks for block jackknife: 548
dof (jackknife):   466.484
numsnps used: 83587
f4info: 
f4rank: 0 dof:     24 chisq:  4020.391 tail:                    0 dofdiff:      0 chisqdiff:     0.000 taildiff:                    1

f4info: 
f4rank: 1 dof:     14 chisq:   284.723 tail:       1.79829488e-52 dofdiff:     10 chisqdiff:  3735.668 taildiff:                    0
B:
          scale     1.000 
     Anatolia_N    -0.111 
         Ami.DG     1.402 
        Mixe.DG     1.043 
   Ganj_Dareh_N    -0.247 
        Onge.DG     0.339 
     Villabruna    -0.025 
     DevilsGate     1.570 
           aACA     1.514 
A:
          scale   154.658 
           Naxi     0.012 
      Sherpa.LC     0.076 
       Pulliyar    -1.730 

f4info: 
f4rank: 2 dof:      6 chisq:     8.747 tail:          0.188306925 dofdiff:      8 chisqdiff:   275.975 taildiff:       5.29101802e-55
B:
          scale     1.000     1.000 
     Anatolia_N    -0.129     0.376 
         Ami.DG     1.375    -1.958 
        Mixe.DG     1.013    -0.194 
   Ganj_Dareh_N    -0.268     0.131 
        Onge.DG     0.322    -0.259 
     Villabruna    -0.077     0.539 
     DevilsGate     1.567     0.076 
           aACA     1.558     1.899 
A:
          scale   161.158  2376.346 
           Naxi     0.076    -1.523 
      Sherpa.LC     0.037     0.824 
       Pulliyar    -1.730    -0.007 

f4info: 
f4rank: 3 dof:      0 chisq:     0.000 tail:                    1 dofdiff:      6 chisqdiff:     8.747 taildiff:          0.188306925
B:
          scale     1.000     1.000     1.000 
     Anatolia_N    -0.155     0.304     1.296 
         Ami.DG     1.375    -1.964     0.188 
        Mixe.DG     1.010    -0.197     0.180 
   Ganj_Dareh_N    -0.311    -0.026     2.364 
        Onge.DG     0.304    -0.342     0.791 
     Villabruna    -0.076     0.557     0.124 
     DevilsGate     1.567     0.092     0.027 
           aACA     1.555     1.891     0.143 
A:
          scale   163.786  2381.564  3778.660 
           Naxi     0.103    -1.560     0.745 
      Sherpa.LC     0.077     0.750     1.559 
       Pulliyar    -1.727    -0.060     0.114 

## end of run
