/home/cliu7/utils/AdmixTools/bin/qpAdm: parameter file: temp/param/qpAdm_Monpa.Upper_YR_LN.Sherpa.LC.Pulliyar.para639jtb2
### THE INPUT PARAMETERS
##PARAMETER NAME: VALUE
DIR: data/intermediate
S1: illumina_all_merged.qpAdm
indivname: data/intermediate/illumina_all_merged.qpAdm.grouped2.ind
snpname: data/intermediate/illumina_all_merged.qpAdm.snp
genotypename: data/intermediate/illumina_all_merged.qpAdm.geno
popleft: temp/param/left.a639jtb2
popright: temp/param/right.a639jtb2
details: YES
## qpAdm version: 810
seed: -1012341333
packed geno read OK
end of inpack

left pops:
Monpa
Upper_YR_LN
Sherpa.LC
Pulliyar

right pops:
Mbuti
Anatolia_N
Ami.DG
Mixe.DG
Ganj_Dareh_N
Onge.DG
Villabruna
DevilsGate
aACA

  0                Monpa   20
  1          Upper_YR_LN    7
  2            Sherpa.LC    9
  3             Pulliyar    5
  4                Mbuti   13
  5           Anatolia_N   25
  6               Ami.DG    2
  7              Mixe.DG    3
  8         Ganj_Dareh_N    7
  9              Onge.DG    2
 10           Villabruna    1
 11           DevilsGate    4
 12                 aACA   32
jackknife block size:     0.050
snps: 234294  indivs: 130
number of blocks for block jackknife: 548
## ncols: 234294
coverage:                Monpa 234294
coverage:          Upper_YR_LN 232854
coverage:            Sherpa.LC 117394
coverage:             Pulliyar 234294
coverage:                Mbuti 234294
coverage:           Anatolia_N 117047
coverage:               Ami.DG 228808
coverage:              Mixe.DG 228825
coverage:         Ganj_Dareh_N 104920
coverage:              Onge.DG 228703
coverage:           Villabruna  86810
coverage:           DevilsGate 117364
coverage:                 aACA 120350
dof (jackknife):   466.525
numsnps used: 83493
codimension 1
f4info: 
f4rank: 2 dof:      6 chisq:    15.141 tail:         0.0191855454 dofdiff:      8 chisqdiff:   -15.141 taildiff:                    1
B:
          scale     1.000     1.000 
     Anatolia_N    -0.137     0.286 
         Ami.DG     1.354    -0.807 
        Mixe.DG     1.015    -0.061 
   Ganj_Dareh_N    -0.280     0.438 
        Onge.DG     0.302     0.158 
     Villabruna    -0.093     0.705 
     DevilsGate     1.585    -0.563 
           aACA     1.557     2.497 
A:
          scale   162.939  3165.799 
    Upper_YR_LN     0.136    -1.384 
      Sherpa.LC     0.026     1.041 
       Pulliyar    -1.727    -0.021 


full rank
f4info: 
f4rank: 3 dof:      0 chisq:     0.000 tail:                    1 dofdiff:      6 chisqdiff:    15.141 taildiff:         0.0191855454
B:
          scale     1.000     1.000     1.000 
     Anatolia_N    -0.123     0.362    -0.866 
         Ami.DG     1.345    -1.019     0.486 
        Mixe.DG     1.015    -0.183     0.146 
   Ganj_Dareh_N    -0.256     0.695    -1.213 
        Onge.DG     0.313     0.025    -0.203 
     Villabruna    -0.102     0.653     0.614 
     DevilsGate     1.602    -0.740    -0.575 
           aACA     1.551     2.311     2.184 
A:
          scale   168.767  2696.505  2030.433 
    Upper_YR_LN     0.219    -0.248    -1.139 
      Sherpa.LC     0.099     1.549    -0.838 
       Pulliyar    -1.715     0.734    -1.000 


best coefficients:     0.411     0.548     0.041 
Jackknife mean:      0.409877033     0.549392680     0.040730287 
      std. errors:     0.098     0.097     0.010 

error covariance (* 1000000)
      9539      -9399       -140 
     -9399       9363         36 
      -140         36        104 


summ: Monpa    3      0.019186     0.410     0.549     0.041  9539 -9399  -140  9363    36   104 

    fixed pat  wt  dof     chisq       tail prob
          000  0     6    15.141       0.0191855     0.411     0.548     0.041 
          001  1     7    99.700     1.24393e-18     5.047    -4.047    -0.000  infeasible
          010  1     7    40.258     1.12353e-06     0.964     0.000     0.036 
          100  1     7    33.051     2.59047e-05     0.000     0.957     0.043 
          011  2     8    47.892     1.03596e-07     1.000     0.000    -0.000 
          101  2     8    47.138     1.44337e-07     0.000     1.000    -0.000 
          110  2     8  2864.020               0     0.000    -0.000     1.000 
best pat:          000        0.0191855              -  -
best pat:          100      2.59047e-05  chi(nested):    17.910 p-value for nested model:     2.31654e-05
best pat:          101      1.44337e-07  chi(nested):    14.087 p-value for nested model:     0.000174556

coeffs:     0.411     0.548     0.041 

## dscore:: f_4(Base, Fit, Rbase, right2)
## genstat:: f_4(Base, Fit, right1, right2)

details:     Upper_YR_LN      Anatolia_N     0.000061    0.168302
details:       Sherpa.LC      Anatolia_N     0.000569    1.990336
details:        Pulliyar      Anatolia_N     0.001679    4.460286
dscore:      Anatolia_N f4:     0.000405 Z:     1.614053

details:     Upper_YR_LN          Ami.DG     0.001355    2.988605
details:       Sherpa.LC          Ami.DG     0.000092    0.263023
details:        Pulliyar          Ami.DG    -0.014383  -28.924546
dscore:          Ami.DG f4:     0.000024 Z:     0.076865

details:     Upper_YR_LN         Mixe.DG     0.001031    2.380411
details:       Sherpa.LC         Mixe.DG     0.000501    1.481714
details:        Pulliyar         Mixe.DG    -0.010590  -20.447926
dscore:         Mixe.DG f4:     0.000269 Z:     0.901364

details:     Upper_YR_LN    Ganj_Dareh_N     0.000130    0.296513
details:       Sherpa.LC    Ganj_Dareh_N     0.000842    2.498209
details:        Pulliyar    Ganj_Dareh_N     0.003323    7.160582
dscore:    Ganj_Dareh_N f4:     0.000650 Z:     2.176426

details:     Upper_YR_LN         Onge.DG     0.000305    0.659348
details:       Sherpa.LC         Onge.DG     0.000365    1.074254
details:        Pulliyar         Onge.DG    -0.003182   -6.648652
dscore:         Onge.DG f4:     0.000196 Z:     0.620564

details:     Upper_YR_LN      Villabruna    -0.000919   -1.676920
details:       Sherpa.LC      Villabruna     0.000223    0.514907
details:        Pulliyar      Villabruna     0.000812    1.306382
dscore:      Villabruna f4:    -0.000223 Z:    -0.586526

details:     Upper_YR_LN      DevilsGate     0.002281    4.470790
details:       Sherpa.LC      DevilsGate     0.000771    2.077981
details:        Pulliyar      DevilsGate    -0.016464  -31.186391
dscore:      DevilsGate f4:     0.000693 Z:     1.986721

details:     Upper_YR_LN            aACA     0.000385    1.060901
details:       Sherpa.LC            aACA     0.001383    5.025664
details:        Pulliyar            aACA    -0.016381  -38.425872
dscore:            aACA f4:     0.000252 Z:     1.006465

gendstat:                Mbuti           Anatolia_N     1.614
gendstat:                Mbuti               Ami.DG     0.077
gendstat:                Mbuti              Mixe.DG     0.901
gendstat:                Mbuti         Ganj_Dareh_N     2.176
gendstat:                Mbuti              Onge.DG     0.621
gendstat:                Mbuti           Villabruna    -0.587
gendstat:                Mbuti           DevilsGate     1.987
gendstat:                Mbuti                 aACA     1.006
gendstat:           Anatolia_N               Ami.DG    -1.316
gendstat:           Anatolia_N              Mixe.DG    -0.489
gendstat:           Anatolia_N         Ganj_Dareh_N     0.938
gendstat:           Anatolia_N              Onge.DG    -0.717
gendstat:           Anatolia_N           Villabruna    -1.929
gendstat:           Anatolia_N           DevilsGate     0.929
gendstat:           Anatolia_N                 aACA    -0.687
gendstat:               Ami.DG              Mixe.DG     0.833
gendstat:               Ami.DG         Ganj_Dareh_N     1.874
gendstat:               Ami.DG              Onge.DG     0.534
gendstat:               Ami.DG           Villabruna    -0.607
gendstat:               Ami.DG           DevilsGate     2.209
gendstat:               Ami.DG                 aACA     0.978
gendstat:              Mixe.DG         Ganj_Dareh_N     1.175
gendstat:              Mixe.DG              Onge.DG    -0.217
gendstat:              Mixe.DG           Villabruna    -1.216
gendstat:              Mixe.DG           DevilsGate     1.321
gendstat:              Mixe.DG                 aACA    -0.072
gendstat:         Ganj_Dareh_N              Onge.DG    -1.295
gendstat:         Ganj_Dareh_N           Villabruna    -2.243
gendstat:         Ganj_Dareh_N           DevilsGate     0.115
gendstat:         Ganj_Dareh_N                 aACA    -1.378
gendstat:              Onge.DG           Villabruna    -1.017
gendstat:              Onge.DG           DevilsGate     1.395
gendstat:              Onge.DG                 aACA     0.198
gendstat:           Villabruna           DevilsGate     2.214
gendstat:           Villabruna                 aACA     1.309
gendstat:           DevilsGate                 aACA    -1.686

## end of run
