/home/cliu7/utils/AdmixTools/bin/qpWave: parameter file: temp/param/qpAdm_Monpa.Naga.Sherpa.LC.Pathan.parnodhxvk5
### THE INPUT PARAMETERS
##PARAMETER NAME: VALUE
DIR: data/intermediate
S1: illumina_all_merged.qpAdm
indivname: data/intermediate/illumina_all_merged.qpAdm.grouped2.ind
snpname: data/intermediate/illumina_all_merged.qpAdm.snp
genotypename: data/intermediate/illumina_all_merged.qpAdm.geno
popleft: temp/param/left.nodhxvk5
popright: temp/param/right.nodhxvk5
details: YES
## qpWave version: 410
packed geno read OK
end of inpack

left pops:
Monpa
Naga
Sherpa.LC
Pathan

right pops:
Mbuti
Anatolia_N
Ami.DG
Mixe.DG
Ganj_Dareh_N
Onge.DG
Villabruna
DevilsGate
aACA

  0                Monpa   20
  1                 Naga    4
  2            Sherpa.LC    9
  3               Pathan   22
  4                Mbuti   13
  5           Anatolia_N   25
  6               Ami.DG    2
  7              Mixe.DG    3
  8         Ganj_Dareh_N    7
  9              Onge.DG    2
 10           Villabruna    1
 11           DevilsGate    4
 12                 aACA   32
jackknife block size:     0.050
snps: 234294  indivs: 144
number of blocks for block jackknife: 548
dof (jackknife):   465.537
numsnps used: 82332
f4info: 
f4rank: 0 dof:     24 chisq:  7874.338 tail:                    0 dofdiff:      0 chisqdiff:     0.000 taildiff:                    1

f4info: 
f4rank: 1 dof:     14 chisq:    86.128 tail:       2.03338653e-12 dofdiff:     10 chisqdiff:  7788.210 taildiff:                    0
B:
          scale     1.000 
     Anatolia_N    -0.543 
         Ami.DG     1.360 
        Mixe.DG     0.829 
   Ganj_Dareh_N    -0.585 
        Onge.DG     0.584 
     Villabruna    -0.383 
     DevilsGate     1.449 
           aACA     1.496 
A:
          scale   123.337 
           Naga     0.071 
      Sherpa.LC     0.042 
         Pathan    -1.730 

f4info: 
f4rank: 2 dof:      6 chisq:     6.480 tail:          0.371570826 dofdiff:      8 chisqdiff:    79.648 taildiff:       5.75548202e-14
B:
          scale     1.000     1.000 
     Anatolia_N    -0.576     1.197 
         Ami.DG     1.369    -1.024 
        Mixe.DG     0.824    -0.436 
   Ganj_Dareh_N    -0.621     1.235 
        Onge.DG     0.584     0.111 
     Villabruna    -0.415     0.841 
     DevilsGate     1.429     0.084 
           aACA     1.474     1.754 
A:
          scale   123.997  3294.673 
           Naga     0.066    -0.838 
      Sherpa.LC     0.036     1.474 
         Pathan    -1.730    -0.351 

f4info: 
f4rank: 3 dof:      0 chisq:     0.000 tail:                    1 dofdiff:      6 chisqdiff:     6.480 taildiff:          0.371570826
B:
          scale     1.000     1.000     1.000 
     Anatolia_N    -0.579     1.310     0.107 
         Ami.DG     1.363    -0.673     0.718 
        Mixe.DG     0.803     0.343     1.818 
   Ganj_Dareh_N    -0.635     1.805     1.113 
        Onge.DG     0.579     0.248     0.162 
     Villabruna    -0.410     0.575    -0.415 
     DevilsGate     1.429     0.414     0.332 
           aACA     1.488     1.376    -1.619 
A:
          scale   124.985  2880.057  5448.258 
           Naga     0.095     0.046     1.729 
      Sherpa.LC     0.047     1.731    -0.048 
         Pathan    -1.729     0.050     0.093 

## end of run
