/home/cliu7/utils/AdmixTools/bin/qpWave: parameter file: temp/param/qpAdm_Monpa.Naga.Sherpa.LC.Dai.parcjtpz4io
### THE INPUT PARAMETERS
##PARAMETER NAME: VALUE
DIR: data/intermediate
S1: illumina_all_merged.qpAdm
indivname: data/intermediate/illumina_all_merged.qpAdm.grouped2.ind
snpname: data/intermediate/illumina_all_merged.qpAdm.snp
genotypename: data/intermediate/illumina_all_merged.qpAdm.geno
popleft: temp/param/left.cjtpz4io
popright: temp/param/right.cjtpz4io
details: YES
## qpWave version: 410
packed geno read OK
end of inpack

left pops:
Monpa
Naga
Sherpa.LC
Dai

right pops:
Mbuti
Anatolia_N
Ami.DG
Mixe.DG
Ganj_Dareh_N
Onge.DG
Villabruna
DevilsGate
aACA

  0                Monpa   20
  1                 Naga    4
  2            Sherpa.LC    9
  3                  Dai   10
  4                Mbuti   13
  5           Anatolia_N   25
  6               Ami.DG    2
  7              Mixe.DG    3
  8         Ganj_Dareh_N    7
  9              Onge.DG    2
 10           Villabruna    1
 11           DevilsGate    4
 12                 aACA   32
jackknife block size:     0.050
snps: 234294  indivs: 132
number of blocks for block jackknife: 548
dof (jackknife):   466.816
numsnps used: 84156
f4info: 
f4rank: 0 dof:     24 chisq:  1452.222 tail:      3.39215883e-292 dofdiff:      0 chisqdiff:     0.000 taildiff:                    1

f4info: 
f4rank: 1 dof:     14 chisq:    50.372 tail:       5.28874451e-06 dofdiff:     10 chisqdiff:  1401.850 taildiff:      3.95481587e-295
B:
          scale     1.000 
     Anatolia_N     0.332 
         Ami.DG    -2.118 
        Mixe.DG     0.378 
   Ganj_Dareh_N     0.071 
        Onge.DG    -0.066 
     Villabruna     0.386 
     DevilsGate     0.369 
           aACA     1.723 
A:
          scale   915.810 
           Naga    -0.095 
      Sherpa.LC     0.369 
            Dai    -1.690 

f4info: 
f4rank: 2 dof:      6 chisq:    13.044 tail:         0.0423400214 dofdiff:      8 chisqdiff:    37.328 taildiff:       1.00149432e-05
B:
          scale     1.000     1.000 
     Anatolia_N     0.452    -0.707 
         Ami.DG    -2.260     0.166 
        Mixe.DG     0.025     1.631 
   Ganj_Dareh_N     0.206    -0.556 
        Onge.DG    -0.140     0.368 
     Villabruna     0.452    -0.591 
     DevilsGate     0.086     1.504 
           aACA     1.554     1.326 
A:
          scale   928.326  2603.273 
           Naga    -0.292     1.624 
      Sherpa.LC     0.334     0.290 
            Dai    -1.674    -0.528 

f4info: 
f4rank: 3 dof:      0 chisq:     0.000 tail:                    1 dofdiff:      6 chisqdiff:    13.044 taildiff:         0.0423400214
B:
          scale     1.000     1.000     1.000 
     Anatolia_N    -0.281     0.095     1.517 
         Ami.DG     2.405     0.863     0.489 
        Mixe.DG     0.003     1.310    -1.016 
   Ganj_Dareh_N     0.015     0.481     1.869 
        Onge.DG     0.217     0.632     0.121 
     Villabruna    -0.366    -0.188     0.761 
     DevilsGate    -0.014     1.512    -0.445 
           aACA    -1.399     1.605     0.377 
A:
          scale   902.353  1879.920  4586.852 
           Naga     0.273     1.326    -1.081 
      Sherpa.LC    -0.205     1.112     1.312 
            Dai     1.698    -0.079     0.332 

## end of run
