/home/cliu7/utils/AdmixTools/bin/qpAdm: parameter file: temp/param/qpAdm_Monpa.Naga.Sherpa.LC.Han.par6gw5mnj6
### THE INPUT PARAMETERS
##PARAMETER NAME: VALUE
DIR: data/intermediate
S1: illumina_all_merged.qpAdm
indivname: data/intermediate/illumina_all_merged.qpAdm.grouped2.ind
snpname: data/intermediate/illumina_all_merged.qpAdm.snp
genotypename: data/intermediate/illumina_all_merged.qpAdm.geno
popleft: temp/param/left.6gw5mnj6
popright: temp/param/right.6gw5mnj6
details: YES
## qpAdm version: 810
seed: 445261079
packed geno read OK
end of inpack

left pops:
Monpa
Naga
Sherpa.LC
Han

right pops:
Mbuti
Anatolia_N
Ami.DG
Mixe.DG
Ganj_Dareh_N
Onge.DG
Villabruna
DevilsGate
aACA

  0                Monpa   20
  1                 Naga    4
  2            Sherpa.LC    9
  3                  Han   44
  4                Mbuti   13
  5           Anatolia_N   25
  6               Ami.DG    2
  7              Mixe.DG    3
  8         Ganj_Dareh_N    7
  9              Onge.DG    2
 10           Villabruna    1
 11           DevilsGate    4
 12                 aACA   32
jackknife block size:     0.050
snps: 234294  indivs: 166
number of blocks for block jackknife: 548
## ncols: 234294
coverage:                Monpa 234294
coverage:                 Naga 234294
coverage:            Sherpa.LC 117394
coverage:                  Han 234294
coverage:                Mbuti 234294
coverage:           Anatolia_N 117047
coverage:               Ami.DG 228808
coverage:              Mixe.DG 228825
coverage:         Ganj_Dareh_N 104920
coverage:              Onge.DG 228703
coverage:           Villabruna  86810
coverage:           DevilsGate 117364
coverage:                 aACA 120350
dof (jackknife):   466.372
numsnps used: 83514
codimension 1
f4info: 
f4rank: 2 dof:      6 chisq:    16.661 tail:         0.0106131837 dofdiff:      8 chisqdiff:   -16.661 taildiff:                    1
B:
          scale     1.000     1.000 
     Anatolia_N    -0.248    -0.420 
         Ami.DG     2.368    -1.665 
        Mixe.DG     0.844     0.686 
   Ganj_Dareh_N    -0.021    -0.171 
        Onge.DG     0.351     0.120 
     Villabruna    -0.352    -0.368 
     DevilsGate     1.074     0.491 
           aACA    -0.464     2.040 
A:
          scale   967.540  2624.291 
           Naga     0.838     1.359 
      Sherpa.LC    -0.033     0.972 
            Han     1.516    -0.457 


full rank
f4info: 
f4rank: 3 dof:      0 chisq:     0.000 tail:                    1 dofdiff:      6 chisqdiff:    16.661 taildiff:         0.0106131837
B:
          scale     1.000     1.000     1.000 
     Anatolia_N     0.009     0.408     1.569 
         Ami.DG     2.380    -1.248     0.472 
        Mixe.DG     0.852     0.477    -1.257 
   Ganj_Dareh_N     0.233     0.703     1.413 
        Onge.DG     0.421     0.313    -0.254 
     Villabruna    -0.193     0.110     0.950 
     DevilsGate     1.117     0.595    -0.578 
           aACA    -0.309     2.256    -0.660 
A:
          scale   905.469  2296.842  4778.445 
           Naga     0.642     0.614    -1.566 
      Sherpa.LC     0.329     1.597     0.733 
            Han     1.575    -0.271     0.108 


best coefficients:    -0.791     1.325     0.466 
Jackknife mean:     -0.470997546     1.110222507     0.360775040 
      std. errors:     0.986     0.671     0.322 

error covariance (* 1000000)
    972285    -659512    -312773 
   -659512     450218     209295 
   -312773     209295     103478 


summ: Monpa    3      0.010613    -0.471     1.110     0.361 972285 -659512 -312773 450218 209295 103478 

    fixed pat  wt  dof     chisq       tail prob
          000  0     6    16.661       0.0106132    -0.791     1.325     0.466  infeasible
          001  1     7    24.242      0.00103286     0.609     0.391     0.000 
          010  1     7    26.272     0.000450366     1.166     0.000    -0.166  infeasible
          100  1     7    19.824       0.0059633    -0.000     0.788     0.212 
          011  2     8    33.552     4.89603e-05     1.000     0.000     0.000 
          101  2     8    46.875     1.62005e-07     0.000     1.000     0.000 
          110  2     8   666.438               0     0.000    -0.000     1.000 
best pat:          000        0.0106132              -  -
best pat:          100        0.0059633  chi(nested):     3.163 p-value for nested model:       0.0753386
best pat:          011      4.89603e-05 not nested

coeffs:    -0.791     1.325     0.466 

## dscore:: f_4(Base, Fit, Rbase, right2)
## genstat:: f_4(Base, Fit, right1, right2)

details:            Naga      Anatolia_N    -0.000378   -1.326242
details:       Sherpa.LC      Anatolia_N     0.000558    1.954681
details:             Han      Anatolia_N     0.000021    0.101601
dscore:      Anatolia_N f4:     0.001049 Z:     2.811194

details:            Naga          Ami.DG     0.001231    3.347876
details:       Sherpa.LC          Ami.DG     0.000105    0.300086
details:             Han          Ami.DG     0.004326   16.034864
dscore:          Ami.DG f4:     0.001181 Z:     2.610262

details:            Naga         Mixe.DG     0.001173    3.218686
details:       Sherpa.LC         Mixe.DG     0.000487    1.436624
details:             Han         Mixe.DG     0.001425    5.157138
dscore:         Mixe.DG f4:     0.000382 Z:     0.821995

details:            Naga    Ganj_Dareh_N    -0.000097   -0.296926
details:       Sherpa.LC    Ganj_Dareh_N     0.000822    2.431523
details:             Han    Ganj_Dareh_N     0.000370    1.470019
dscore:    Ganj_Dareh_N f4:     0.001339 Z:     2.952219

details:            Naga         Onge.DG     0.000486    1.456676
details:       Sherpa.LC         Onge.DG     0.000362    1.062967
details:             Han         Onge.DG     0.000706    2.793834
dscore:         Onge.DG f4:     0.000424 Z:     0.944423

details:            Naga      Villabruna    -0.000426   -0.990115
details:       Sherpa.LC      Villabruna     0.000191    0.440876
details:             Han      Villabruna    -0.000311   -0.984133
dscore:      Villabruna f4:     0.000445 Z:     0.747441

details:            Naga      DevilsGate     0.001176    2.987348
details:       Sherpa.LC      DevilsGate     0.000776    2.091008
details:             Han      DevilsGate     0.001889    6.642608
dscore:      DevilsGate f4:     0.000978 Z:     1.992161

details:            Naga            aACA     0.000625    2.116544
details:       Sherpa.LC            aACA     0.001385    5.027128
details:             Han            aACA    -0.000796   -3.725081
dscore:            aACA f4:     0.000971 Z:     2.599718

gendstat:                Mbuti           Anatolia_N     2.811
gendstat:                Mbuti               Ami.DG     2.610
gendstat:                Mbuti              Mixe.DG     0.822
gendstat:                Mbuti         Ganj_Dareh_N     2.952
gendstat:                Mbuti              Onge.DG     0.944
gendstat:                Mbuti           Villabruna     0.747
gendstat:                Mbuti           DevilsGate     1.992
gendstat:                Mbuti                 aACA     2.600
gendstat:           Anatolia_N               Ami.DG     0.303
gendstat:           Anatolia_N              Mixe.DG    -1.545
gendstat:           Anatolia_N         Ganj_Dareh_N     0.727
gendstat:           Anatolia_N              Onge.DG    -1.410
gendstat:           Anatolia_N           Villabruna    -1.190
gendstat:           Anatolia_N           DevilsGate    -0.156
gendstat:           Anatolia_N                 aACA    -0.226
gendstat:               Ami.DG              Mixe.DG    -1.714
gendstat:               Ami.DG         Ganj_Dareh_N     0.318
gendstat:               Ami.DG              Onge.DG    -1.556
gendstat:               Ami.DG           Villabruna    -1.169
gendstat:               Ami.DG           DevilsGate    -0.453
gendstat:               Ami.DG                 aACA    -0.589
gendstat:              Mixe.DG         Ganj_Dareh_N     1.888
gendstat:              Mixe.DG              Onge.DG     0.085
gendstat:              Mixe.DG           Villabruna     0.102
gendstat:              Mixe.DG           DevilsGate     1.222
gendstat:              Mixe.DG                 aACA     1.578
gendstat:         Ganj_Dareh_N              Onge.DG    -1.703
gendstat:         Ganj_Dareh_N           Villabruna    -1.457
gendstat:         Ganj_Dareh_N           DevilsGate    -0.674
gendstat:         Ganj_Dareh_N                 aACA    -0.814
gendstat:              Onge.DG           Villabruna     0.034
gendstat:              Onge.DG           DevilsGate     1.062
gendstat:              Onge.DG                 aACA     1.323
gendstat:           Villabruna           DevilsGate     0.861
gendstat:           Villabruna                 aACA     0.935
gendstat:           DevilsGate                 aACA    -0.019

## end of run
