/home/cliu7/utils/AdmixTools/bin/qpAdm: parameter file: temp/param/qpAdm_Ngalop.YR_MN.Sherpa.LC.Pulliyar.par_o7kotkv
### THE INPUT PARAMETERS
##PARAMETER NAME: VALUE
DIR: data/intermediate
S1: illumina_all_merged.qpAdm
indivname: data/intermediate/illumina_all_merged.qpAdm.grouped2.ind
snpname: data/intermediate/illumina_all_merged.qpAdm.snp
genotypename: data/intermediate/illumina_all_merged.qpAdm.geno
popleft: temp/param/left._o7kotkv
popright: temp/param/right._o7kotkv
details: YES
## qpAdm version: 810
seed: -601537986
packed geno read OK
end of inpack

left pops:
Ngalop
YR_MN
Sherpa.LC
Pulliyar

right pops:
Mbuti
Anatolia_N
Ami.DG
Mixe.DG
Ganj_Dareh_N
Onge.DG
Villabruna
DevilsGate
aACA

  0               Ngalop   18
  1                YR_MN    8
  2            Sherpa.LC    9
  3             Pulliyar    5
  4                Mbuti   13
  5           Anatolia_N   25
  6               Ami.DG    2
  7              Mixe.DG    3
  8         Ganj_Dareh_N    7
  9              Onge.DG    2
 10           Villabruna    1
 11           DevilsGate    4
 12                 aACA   32
jackknife block size:     0.050
snps: 234294  indivs: 129
number of blocks for block jackknife: 548
## ncols: 234294
coverage:               Ngalop 234294
coverage:                YR_MN 232597
coverage:            Sherpa.LC 117394
coverage:             Pulliyar 234294
coverage:                Mbuti 234294
coverage:           Anatolia_N 117047
coverage:               Ami.DG 228808
coverage:              Mixe.DG 228825
coverage:         Ganj_Dareh_N 104920
coverage:              Onge.DG 228703
coverage:           Villabruna  86810
coverage:           DevilsGate 117364
coverage:                 aACA 120350
dof (jackknife):   466.241
numsnps used: 83291
codimension 1
f4info: 
f4rank: 2 dof:      6 chisq:     9.335 tail:          0.155576246 dofdiff:      8 chisqdiff:    -9.335 taildiff:                    1
B:
          scale     1.000     1.000 
     Anatolia_N    -0.118     0.550 
         Ami.DG     1.364    -1.422 
        Mixe.DG     1.040    -0.115 
   Ganj_Dareh_N    -0.255     0.348 
        Onge.DG     0.319    -0.240 
     Villabruna    -0.071     0.582 
     DevilsGate     1.576    -0.009 
           aACA     1.545     2.268 
A:
          scale   166.561  1808.309 
          YR_MN     0.228    -1.628 
      Sherpa.LC     0.108     0.578 
       Pulliyar    -1.714    -0.118 


full rank
f4info: 
f4rank: 3 dof:      0 chisq:     0.000 tail:                    1 dofdiff:      6 chisqdiff:     9.335 taildiff:          0.155576246
B:
          scale     1.000     1.000     1.000 
     Anatolia_N    -0.114     0.539     0.114 
         Ami.DG     1.348    -1.579    -0.955 
        Mixe.DG     1.058     0.029    -1.042 
   Ganj_Dareh_N    -0.266     0.243     0.548 
        Onge.DG     0.301    -0.427     0.227 
     Villabruna    -0.068     0.579     0.090 
     DevilsGate     1.567    -0.215     0.253 
           aACA     1.559     2.143     2.359 
A:
          scale   167.772  1584.720  3843.605 
          YR_MN     0.210    -1.726     0.737 
      Sherpa.LC     0.095    -0.108     1.547 
       Pulliyar    -1.717     0.104    -0.250 


best coefficients:     0.238     0.687     0.075 
Jackknife mean:      0.238619970     0.686299177     0.075080852 
      std. errors:     0.041     0.040     0.008 

error covariance (* 1000000)
      1697      -1622        -75 
     -1622       1617          6 
       -75          6         69 


summ: Ngalop    3      0.155576     0.239     0.686     0.075  1697 -1622   -75  1617     6    69 

    fixed pat  wt  dof     chisq       tail prob
          000  0     6     9.335        0.155576     0.238     0.687     0.075 
          001  1     7   185.212               0     4.588    -3.588    -0.000  infeasible
          010  1     7   118.597     1.50083e-22     0.941    -0.000     0.059 
          100  1     7    39.323     1.69609e-06    -0.000     0.918     0.082 
          011  2     8   134.165     3.86928e-25     1.000     0.000    -0.000 
          101  2     8   109.303     5.29409e-20     0.000     1.000    -0.000 
          110  2     8  3147.601               0     0.000    -0.000     1.000 
best pat:          000         0.155576              -  -
best pat:          100      1.69609e-06  chi(nested):    29.987 p-value for nested model:     4.34893e-08
best pat:          101      5.29409e-20  chi(nested):    69.981 p-value for nested model:      5.9888e-17

coeffs:     0.238     0.687     0.075 

## dscore:: f_4(Base, Fit, Rbase, right2)
## genstat:: f_4(Base, Fit, right1, right2)

details:           YR_MN      Anatolia_N    -0.000787   -2.235332
details:       Sherpa.LC      Anatolia_N     0.000087    0.378337
details:        Pulliyar      Anatolia_N     0.001215    3.381797
dscore:      Anatolia_N f4:    -0.000036 Z:    -0.187811

details:           YR_MN          Ami.DG     0.003156    7.010257
details:       Sherpa.LC          Ami.DG     0.000594    2.056947
details:        Pulliyar          Ami.DG    -0.013928  -31.322380
dscore:          Ami.DG f4:     0.000115 Z:     0.474446

details:           YR_MN         Mixe.DG     0.000993    2.191508
details:       Sherpa.LC         Mixe.DG     0.000278    0.979666
details:        Pulliyar         Mixe.DG    -0.010832  -23.049238
dscore:         Mixe.DG f4:    -0.000385 Z:    -1.639018

details:           YR_MN    Ganj_Dareh_N    -0.000612   -1.363720
details:       Sherpa.LC    Ganj_Dareh_N     0.000218    0.753231
details:        Pulliyar    Ganj_Dareh_N     0.002776    6.458973
dscore:    Ganj_Dareh_N f4:     0.000212 Z:     0.878790

details:           YR_MN         Onge.DG     0.000780    1.797007
details:       Sherpa.LC         Onge.DG     0.000422    1.490059
details:        Pulliyar         Onge.DG    -0.003113   -7.068901
dscore:         Onge.DG f4:     0.000242 Z:     1.029210

details:           YR_MN      Villabruna    -0.000902   -1.629946
details:       Sherpa.LC      Villabruna     0.000164    0.450630
details:        Pulliyar      Villabruna     0.000809    1.402303
dscore:      Villabruna f4:    -0.000042 Z:    -0.140813

details:           YR_MN      DevilsGate     0.002133    4.337659
details:       Sherpa.LC      DevilsGate     0.001141    3.813633
details:        Pulliyar      DevilsGate    -0.016136  -33.131206
dscore:      DevilsGate f4:     0.000081 Z:     0.319421

details:           YR_MN            aACA    -0.000019   -0.050639
details:       Sherpa.LC            aACA     0.001784    7.709083
details:        Pulliyar            aACA    -0.016036  -40.558124
dscore:            aACA f4:     0.000017 Z:     0.085248

gendstat:                Mbuti           Anatolia_N    -0.188
gendstat:                Mbuti               Ami.DG     0.474
gendstat:                Mbuti              Mixe.DG    -1.639
gendstat:                Mbuti         Ganj_Dareh_N     0.879
gendstat:                Mbuti              Onge.DG     1.029
gendstat:                Mbuti           Villabruna    -0.141
gendstat:                Mbuti           DevilsGate     0.319
gendstat:                Mbuti                 aACA     0.085
gendstat:           Anatolia_N               Ami.DG     0.638
gendstat:           Anatolia_N              Mixe.DG    -1.546
gendstat:           Anatolia_N         Ganj_Dareh_N     1.194
gendstat:           Anatolia_N              Onge.DG     1.238
gendstat:           Anatolia_N           Villabruna    -0.022
gendstat:           Anatolia_N           DevilsGate     0.485
gendstat:           Anatolia_N                 aACA     0.288
gendstat:               Ami.DG              Mixe.DG    -2.147
gendstat:               Ami.DG         Ganj_Dareh_N     0.349
gendstat:               Ami.DG              Onge.DG     0.489
gendstat:               Ami.DG           Villabruna    -0.478
gendstat:               Ami.DG           DevilsGate    -0.141
gendstat:               Ami.DG                 aACA    -0.540
gendstat:              Mixe.DG         Ganj_Dareh_N     2.094
gendstat:              Mixe.DG              Onge.DG     2.492
gendstat:              Mixe.DG           Villabruna     1.077
gendstat:              Mixe.DG           DevilsGate     1.848
gendstat:              Mixe.DG                 aACA     2.138
gendstat:         Ganj_Dareh_N              Onge.DG     0.110
gendstat:         Ganj_Dareh_N           Villabruna    -0.789
gendstat:         Ganj_Dareh_N           DevilsGate    -0.446
gendstat:         Ganj_Dareh_N                 aACA    -0.788
gendstat:              Onge.DG           Villabruna    -0.911
gendstat:              Onge.DG           DevilsGate    -0.615
gendstat:              Onge.DG                 aACA    -1.050
gendstat:           Villabruna           DevilsGate     0.383
gendstat:           Villabruna                 aACA     0.202
gendstat:           DevilsGate                 aACA    -0.310

## end of run
