/home/cliu7/utils/AdmixTools/bin/qpWave: parameter file: temp/param/qpAdm_Ngalop.Naga.Sherpa.LC.Pathan.parcsx18bac
### THE INPUT PARAMETERS
##PARAMETER NAME: VALUE
DIR: data/intermediate
S1: illumina_all_merged.qpAdm
indivname: data/intermediate/illumina_all_merged.qpAdm.grouped2.ind
snpname: data/intermediate/illumina_all_merged.qpAdm.snp
genotypename: data/intermediate/illumina_all_merged.qpAdm.geno
popleft: temp/param/left.csx18bac
popright: temp/param/right.csx18bac
details: YES
## qpWave version: 410
packed geno read OK
end of inpack

left pops:
Ngalop
Naga
Sherpa.LC
Pathan

right pops:
Mbuti
Anatolia_N
Ami.DG
Mixe.DG
Ganj_Dareh_N
Onge.DG
Villabruna
DevilsGate
aACA

  0               Ngalop   18
  1                 Naga    4
  2            Sherpa.LC    9
  3               Pathan   22
  4                Mbuti   13
  5           Anatolia_N   25
  6               Ami.DG    2
  7              Mixe.DG    3
  8         Ganj_Dareh_N    7
  9              Onge.DG    2
 10           Villabruna    1
 11           DevilsGate    4
 12                 aACA   32
jackknife block size:     0.050
snps: 234294  indivs: 142
number of blocks for block jackknife: 548
dof (jackknife):   465.534
numsnps used: 82326
f4info: 
f4rank: 0 dof:     24 chisq:  8198.907 tail:                    0 dofdiff:      0 chisqdiff:     0.000 taildiff:                    1

f4info: 
f4rank: 1 dof:     14 chisq:    85.371 tail:       2.81946269e-12 dofdiff:     10 chisqdiff:  8113.536 taildiff:                    0
B:
          scale     1.000 
     Anatolia_N    -0.535 
         Ami.DG     1.362 
        Mixe.DG     0.844 
   Ganj_Dareh_N    -0.577 
        Onge.DG     0.586 
     Villabruna    -0.378 
     DevilsGate     1.451 
           aACA     1.491 
A:
          scale   126.501 
           Naga     0.132 
      Sherpa.LC     0.101 
         Pathan    -1.724 

f4info: 
f4rank: 2 dof:      6 chisq:     1.890 tail:          0.929560485 dofdiff:      8 chisqdiff:    83.482 taildiff:       9.71134322e-15
B:
          scale     1.000     1.000 
     Anatolia_N    -0.558     1.111 
         Ami.DG     1.357    -0.882 
        Mixe.DG     0.836    -0.559 
   Ganj_Dareh_N    -0.603     1.132 
        Onge.DG     0.586     0.131 
     Villabruna    -0.411     0.811 
     DevilsGate     1.434     0.222 
           aACA     1.488     1.916 
A:
          scale   127.475  3474.753 
           Naga     0.130    -0.950 
      Sherpa.LC     0.085     1.447 
         Pathan    -1.725    -0.048 

f4info: 
f4rank: 3 dof:      0 chisq:     0.000 tail:                    1 dofdiff:      6 chisqdiff:     1.890 taildiff:          0.929560485
B:
          scale     1.000     1.000     1.000 
     Anatolia_N    -0.560     1.087    -0.211 
         Ami.DG     1.355    -0.809     1.348 
        Mixe.DG     0.832    -0.577    -0.011 
   Ganj_Dareh_N    -0.607     1.226     1.609 
        Onge.DG     0.586     0.118    -0.197 
     Villabruna    -0.416     0.840     1.287 
     DevilsGate     1.433     0.287     0.872 
           aACA     1.490     1.878    -1.046 
A:
          scale   127.407  3427.039 12347.887 
           Naga     0.134    -0.711     1.574 
      Sherpa.LC     0.087     1.579     0.706 
         Pathan    -1.725     0.024     0.158 

## end of run
