/home/cliu7/utils/AdmixTools/bin/qpAdm: parameter file: temp/param/qpAdm_Nup.Yi.Sherpa.LC.Han.par_3mnfprt
### THE INPUT PARAMETERS
##PARAMETER NAME: VALUE
DIR: data/intermediate
S1: illumina_all_merged.qpAdm
indivname: data/intermediate/illumina_all_merged.qpAdm.grouped2.ind
snpname: data/intermediate/illumina_all_merged.qpAdm.snp
genotypename: data/intermediate/illumina_all_merged.qpAdm.geno
popleft: temp/param/left._3mnfprt
popright: temp/param/right._3mnfprt
details: YES
## qpAdm version: 810
seed: 528226319
packed geno read OK
end of inpack

left pops:
Nup
Yi
Sherpa.LC
Han

right pops:
Mbuti
Anatolia_N
Ami.DG
Mixe.DG
Ganj_Dareh_N
Onge.DG
Villabruna
DevilsGate
aACA

  0                  Nup   18
  1                   Yi   10
  2            Sherpa.LC    9
  3                  Han   44
  4                Mbuti   13
  5           Anatolia_N   25
  6               Ami.DG    2
  7              Mixe.DG    3
  8         Ganj_Dareh_N    7
  9              Onge.DG    2
 10           Villabruna    1
 11           DevilsGate    4
 12                 aACA   32
jackknife block size:     0.050
snps: 234294  indivs: 170
number of blocks for block jackknife: 548
## ncols: 234294
coverage:                  Nup 234294
coverage:                   Yi 234294
coverage:            Sherpa.LC 117394
coverage:                  Han 234294
coverage:                Mbuti 234294
coverage:           Anatolia_N 117047
coverage:               Ami.DG 228808
coverage:              Mixe.DG 228825
coverage:         Ganj_Dareh_N 104920
coverage:              Onge.DG 228703
coverage:           Villabruna  86810
coverage:           DevilsGate 117364
coverage:                 aACA 120350
dof (jackknife):   466.455
numsnps used: 83516
codimension 1
f4info: 
f4rank: 2 dof:      6 chisq:     3.981 tail:           0.67923389 dofdiff:      8 chisqdiff:    -3.981 taildiff:                    1
B:
          scale     1.000     1.000 
     Anatolia_N    -0.219     0.893 
         Ami.DG     2.424    -0.997 
        Mixe.DG     0.628     0.006 
   Ganj_Dareh_N    -0.122     1.413 
        Onge.DG     0.220    -1.047 
     Villabruna    -0.270     1.424 
     DevilsGate     0.700    -0.085 
           aACA    -1.028     1.039 
A:
          scale  1003.540  5020.214 
             Yi     0.682    -1.685 
      Sherpa.LC    -0.253    -0.007 
            Han     1.572    -0.403 


full rank
f4info: 
f4rank: 3 dof:      0 chisq:     0.000 tail:                    1 dofdiff:      6 chisqdiff:     3.981 taildiff:           0.67923389
B:
          scale     1.000     1.000     1.000 
     Anatolia_N    -0.190     0.864     0.358 
         Ami.DG     2.439    -1.253     0.800 
        Mixe.DG     0.687     0.185    -0.152 
   Ganj_Dareh_N    -0.082     1.234     0.663 
        Onge.DG     0.275    -0.447    -1.400 
     Villabruna    -0.304     0.751     1.517 
     DevilsGate     0.771     0.053    -0.144 
           aACA    -0.879     1.833    -1.577 
A:
          scale   965.521  4475.122  7271.769 
             Yi     0.749    -1.271    -1.218 
      Sherpa.LC     0.101     1.107    -1.222 
            Han     1.559    -0.399    -0.152 


best coefficients:    -0.042     0.882     0.160 
Jackknife mean:      0.033298873     0.852685151     0.114015976 
      std. errors:     0.640     0.246     0.396 

error covariance (* 1000000)
    409168    -156339    -252829 
   -156339      60687      95652 
   -252829      95652     157177 


summ: Nup    3      0.679234     0.033     0.853     0.114 409168 -156339 -252829 60687 95652 157177 

    fixed pat  wt  dof     chisq       tail prob
          000  0     6     3.981        0.679234    -0.042     0.882     0.160  infeasible
          001  1     7     4.392        0.733709     0.214     0.786     0.000 
          010  1     7    14.412       0.0443154     2.255     0.000    -1.255  infeasible
          100  1     7     3.990        0.780938     0.000     0.865     0.135 
          011  2     8   364.838               0     1.000     0.000     0.000 
          101  2     8    19.347       0.0131107     0.000     1.000     0.000 
          110  2     8  1320.129               0     0.000     0.000     1.000 
best pat:          000         0.679234              -  -
best pat:          100         0.780938  chi(nested):     0.009 p-value for nested model:        0.925211
best pat:          101        0.0131107  chi(nested):    15.357 p-value for nested model:     8.89926e-05

coeffs:    -0.042     0.882     0.160 

## dscore:: f_4(Base, Fit, Rbase, right2)
## genstat:: f_4(Base, Fit, right1, right2)

details:              Yi      Anatolia_N    -0.000450   -2.512403
details:       Sherpa.LC      Anatolia_N     0.000162    0.687882
details:             Han      Anatolia_N    -0.000375   -2.357943
dscore:      Anatolia_N f4:     0.000101 Z:     0.470338

details:              Yi          Ami.DG     0.002128    8.336154
details:       Sherpa.LC          Ami.DG    -0.000159   -0.502288
details:             Han          Ami.DG     0.004063   17.930390
dscore:          Ami.DG f4:     0.000422 Z:     1.446228

details:              Yi         Mixe.DG     0.000515    2.049499
details:       Sherpa.LC         Mixe.DG     0.000182    0.576998
details:             Han         Mixe.DG     0.001120    4.995655
dscore:         Mixe.DG f4:     0.000318 Z:     1.099808

details:              Yi    Ganj_Dareh_N    -0.000518   -2.153837
details:       Sherpa.LC    Ganj_Dareh_N     0.000213    0.705689
details:             Han    Ganj_Dareh_N    -0.000239   -1.169930
dscore:    Ganj_Dareh_N f4:     0.000171 Z:     0.620115

details:              Yi         Onge.DG     0.000571    2.181437
details:       Sherpa.LC         Onge.DG     0.000183    0.596277
details:             Han         Onge.DG     0.000528    2.420027
dscore:         Onge.DG f4:     0.000222 Z:     0.787947

details:              Yi      Villabruna    -0.000733   -2.319315
details:       Sherpa.LC      Villabruna    -0.000095   -0.252668
details:             Han      Villabruna    -0.000597   -2.233707
dscore:      Villabruna f4:    -0.000149 Z:    -0.430575

details:              Yi      DevilsGate     0.000624    2.325903
details:       Sherpa.LC      DevilsGate     0.000158    0.489117
details:             Han      DevilsGate     0.001270    5.175988
dscore:      DevilsGate f4:     0.000316 Z:     1.064544

details:              Yi            aACA    -0.000928   -4.542752
details:       Sherpa.LC            aACA     0.000653    2.628074
details:             Han            aACA    -0.001528   -8.278394
dscore:            aACA f4:     0.000370 Z:     1.615302

gendstat:                Mbuti           Anatolia_N     0.470
gendstat:                Mbuti               Ami.DG     1.446
gendstat:                Mbuti              Mixe.DG     1.100
gendstat:                Mbuti         Ganj_Dareh_N     0.620
gendstat:                Mbuti              Onge.DG     0.788
gendstat:                Mbuti           Villabruna    -0.431
gendstat:                Mbuti           DevilsGate     1.065
gendstat:                Mbuti                 aACA     1.615
gendstat:           Anatolia_N               Ami.DG     1.178
gendstat:           Anatolia_N              Mixe.DG     0.819
gendstat:           Anatolia_N         Ganj_Dareh_N     0.303
gendstat:           Anatolia_N              Onge.DG     0.448
gendstat:           Anatolia_N           Villabruna    -0.815
gendstat:           Anatolia_N           DevilsGate     0.741
gendstat:           Anatolia_N                 aACA     1.304
gendstat:               Ami.DG              Mixe.DG    -0.370
gendstat:               Ami.DG         Ganj_Dareh_N    -0.810
gendstat:               Ami.DG              Onge.DG    -0.671
gendstat:               Ami.DG           Villabruna    -1.457
gendstat:               Ami.DG           DevilsGate    -0.375
gendstat:               Ami.DG                 aACA    -0.242
gendstat:              Mixe.DG         Ganj_Dareh_N    -0.459
gendstat:              Mixe.DG              Onge.DG    -0.310
gendstat:              Mixe.DG           Villabruna    -1.174
gendstat:              Mixe.DG           DevilsGate    -0.005
gendstat:              Mixe.DG                 aACA     0.229
gendstat:         Ganj_Dareh_N              Onge.DG     0.160
gendstat:         Ganj_Dareh_N           Villabruna    -0.871
gendstat:         Ganj_Dareh_N           DevilsGate     0.430
gendstat:         Ganj_Dareh_N                 aACA     0.729
gendstat:              Onge.DG           Villabruna    -0.985
gendstat:              Onge.DG           DevilsGate     0.299
gendstat:              Onge.DG                 aACA     0.603
gendstat:           Villabruna           DevilsGate     1.167
gendstat:           Villabruna                 aACA     1.497
gendstat:           DevilsGate                 aACA     0.226

## end of run
