/home/cliu7/utils/AdmixTools/bin/qpWave: parameter file: temp/param/qpAdm_Nup.Upper_YR_LN.Sherpa.LC.Pathan.par432is3co
### THE INPUT PARAMETERS
##PARAMETER NAME: VALUE
DIR: data/intermediate
S1: illumina_all_merged.qpAdm
indivname: data/intermediate/illumina_all_merged.qpAdm.grouped2.ind
snpname: data/intermediate/illumina_all_merged.qpAdm.snp
genotypename: data/intermediate/illumina_all_merged.qpAdm.geno
popleft: temp/param/left.432is3co
popright: temp/param/right.432is3co
details: YES
## qpWave version: 410
packed geno read OK
end of inpack

left pops:
Nup
Upper_YR_LN
Sherpa.LC
Pathan

right pops:
Mbuti
Anatolia_N
Ami.DG
Mixe.DG
Ganj_Dareh_N
Onge.DG
Villabruna
DevilsGate
aACA

  0                  Nup   18
  1          Upper_YR_LN    7
  2            Sherpa.LC    9
  3               Pathan   22
  4                Mbuti   13
  5           Anatolia_N   25
  6               Ami.DG    2
  7              Mixe.DG    3
  8         Ganj_Dareh_N    7
  9              Onge.DG    2
 10           Villabruna    1
 11           DevilsGate    4
 12                 aACA   32
jackknife block size:     0.050
snps: 234294  indivs: 145
number of blocks for block jackknife: 548
dof (jackknife):   465.450
numsnps used: 81992
f4info: 
f4rank: 0 dof:     24 chisq:  8005.594 tail:                    0 dofdiff:      0 chisqdiff:     0.000 taildiff:                    1

f4info: 
f4rank: 1 dof:     14 chisq:   100.357 tail:        4.0516384e-15 dofdiff:     10 chisqdiff:  7905.238 taildiff:                    0
B:
          scale     1.000 
     Anatolia_N    -0.526 
         Ami.DG     1.346 
        Mixe.DG     0.825 
   Ganj_Dareh_N    -0.567 
        Onge.DG     0.582 
     Villabruna    -0.378 
     DevilsGate     1.463 
           aACA     1.513 
A:
          scale   120.847 
    Upper_YR_LN     0.019 
      Sherpa.LC     0.025 
         Pathan    -1.732 

f4info: 
f4rank: 2 dof:      6 chisq:     4.928 tail:          0.553108803 dofdiff:      8 chisqdiff:    95.429 taildiff:         3.658143e-17
B:
          scale     1.000     1.000 
     Anatolia_N    -0.532     0.273 
         Ami.DG     1.356    -0.561 
        Mixe.DG     0.815    -0.130 
   Ganj_Dareh_N    -0.571     0.493 
        Onge.DG     0.579     0.516 
     Villabruna    -0.385     1.183 
     DevilsGate     1.455    -0.819 
           aACA     1.513     2.239 
A:
          scale   122.406  2648.429 
    Upper_YR_LN     0.072    -1.628 
      Sherpa.LC     0.006     0.590 
         Pathan    -1.731    -0.039 

f4info: 
f4rank: 3 dof:      0 chisq:     0.000 tail:                    1 dofdiff:      6 chisqdiff:     4.928 taildiff:          0.553108803
B:
          scale     1.000     1.000     1.000 
     Anatolia_N    -0.543     0.080     1.166 
         Ami.DG     1.358    -0.487    -1.363 
        Mixe.DG     0.809    -0.286     0.627 
   Ganj_Dareh_N    -0.582     0.272     1.375 
        Onge.DG     0.579     0.370     0.315 
     Villabruna    -0.385     1.413    -1.161 
     DevilsGate     1.449    -1.144     0.750 
           aACA     1.511     2.040     0.701 
A:
          scale   123.005  2560.745  8260.954 
    Upper_YR_LN     0.079    -1.683     0.401 
      Sherpa.LC     0.017     0.402     1.685 
         Pathan    -1.730    -0.073     0.035 

## end of run
