/home/cliu7/utils/AdmixTools/bin/qpWave: parameter file: temp/param/qpAdm_Nup.Yi.Sherpa.LC.Han.par_3mnfprt
### THE INPUT PARAMETERS
##PARAMETER NAME: VALUE
DIR: data/intermediate
S1: illumina_all_merged.qpAdm
indivname: data/intermediate/illumina_all_merged.qpAdm.grouped2.ind
snpname: data/intermediate/illumina_all_merged.qpAdm.snp
genotypename: data/intermediate/illumina_all_merged.qpAdm.geno
popleft: temp/param/left._3mnfprt
popright: temp/param/right._3mnfprt
details: YES
## qpWave version: 410
packed geno read OK
end of inpack

left pops:
Nup
Yi
Sherpa.LC
Han

right pops:
Mbuti
Anatolia_N
Ami.DG
Mixe.DG
Ganj_Dareh_N
Onge.DG
Villabruna
DevilsGate
aACA

  0                  Nup   18
  1                   Yi   10
  2            Sherpa.LC    9
  3                  Han   44
  4                Mbuti   13
  5           Anatolia_N   25
  6               Ami.DG    2
  7              Mixe.DG    3
  8         Ganj_Dareh_N    7
  9              Onge.DG    2
 10           Villabruna    1
 11           DevilsGate    4
 12                 aACA   32
jackknife block size:     0.050
snps: 234294  indivs: 170
number of blocks for block jackknife: 548
dof (jackknife):   466.455
numsnps used: 83516
f4info: 
f4rank: 0 dof:     24 chisq:  1700.872 tail:                    0 dofdiff:      0 chisqdiff:     0.000 taildiff:                    1

f4info: 
f4rank: 1 dof:     14 chisq:    19.278 tail:          0.154580699 dofdiff:     10 chisqdiff:  1681.594 taildiff:                    0
B:
          scale     1.000 
     Anatolia_N    -0.246 
         Ami.DG     2.416 
        Mixe.DG     0.627 
   Ganj_Dareh_N    -0.173 
        Onge.DG     0.210 
     Villabruna    -0.285 
     DevilsGate     0.710 
           aACA    -1.024 
A:
          scale   925.579 
             Yi     0.834 
      Sherpa.LC    -0.232 
            Han     1.500 

f4info: 
f4rank: 2 dof:      6 chisq:     3.976 tail:          0.679885376 dofdiff:      8 chisqdiff:    15.302 taildiff:         0.0535299882
B:
          scale     1.000     1.000 
     Anatolia_N    -0.238     0.973 
         Ami.DG     2.414    -0.064 
        Mixe.DG     0.622     0.336 
   Ganj_Dareh_N    -0.154     1.610 
        Onge.DG     0.244    -1.017 
     Villabruna    -0.302     1.617 
     DevilsGate     0.694     0.252 
           aACA    -1.037     0.796 
A:
          scale   953.075  6259.607 
             Yi     0.773    -1.719 
      Sherpa.LC    -0.241    -0.028 
            Han     1.531    -0.211 

f4info: 
f4rank: 3 dof:      0 chisq:     0.000 tail:                    1 dofdiff:      6 chisqdiff:     3.976 taildiff:          0.679885376
B:
          scale     1.000     1.000     1.000 
     Anatolia_N    -0.288     0.731     0.724 
         Ami.DG     2.384     0.400     0.514 
        Mixe.DG     0.633     0.967     0.059 
   Ganj_Dareh_N    -0.245     1.084     1.208 
        Onge.DG     0.379     0.463    -1.444 
     Villabruna    -0.454    -0.046     1.799 
     DevilsGate     0.729     0.888    -0.013 
           aACA    -0.944     2.047    -0.654 
A:
          scale   900.181  6420.797  8367.224 
             Yi     0.848    -0.473    -1.434 
      Sherpa.LC    -0.085     1.628    -0.586 
            Han     1.508     0.357     0.774 

## end of run
