/home/cliu7/utils/AdmixTools/bin/qpAdm: parameter file: temp/param/qpAdm_Nup.Upper_YR_LN.Sherpa.LC.Dai.par2_ohuejc
### THE INPUT PARAMETERS
##PARAMETER NAME: VALUE
DIR: data/intermediate
S1: illumina_all_merged.qpAdm
indivname: data/intermediate/illumina_all_merged.qpAdm.grouped2.ind
snpname: data/intermediate/illumina_all_merged.qpAdm.snp
genotypename: data/intermediate/illumina_all_merged.qpAdm.geno
popleft: temp/param/left.2_ohuejc
popright: temp/param/right.2_ohuejc
details: YES
## qpAdm version: 810
seed: 936530110
packed geno read OK
end of inpack

left pops:
Nup
Upper_YR_LN
Sherpa.LC
Dai

right pops:
Mbuti
Anatolia_N
Ami.DG
Mixe.DG
Ganj_Dareh_N
Onge.DG
Villabruna
DevilsGate
aACA

  0                  Nup   18
  1          Upper_YR_LN    7
  2            Sherpa.LC    9
  3                  Dai   10
  4                Mbuti   13
  5           Anatolia_N   25
  6               Ami.DG    2
  7              Mixe.DG    3
  8         Ganj_Dareh_N    7
  9              Onge.DG    2
 10           Villabruna    1
 11           DevilsGate    4
 12                 aACA   32
jackknife block size:     0.050
snps: 234294  indivs: 133
number of blocks for block jackknife: 548
## ncols: 234294
coverage:                  Nup 234294
coverage:          Upper_YR_LN 232854
coverage:            Sherpa.LC 117394
coverage:                  Dai 234294
coverage:                Mbuti 234294
coverage:           Anatolia_N 117047
coverage:               Ami.DG 228808
coverage:              Mixe.DG 228825
coverage:         Ganj_Dareh_N 104920
coverage:              Onge.DG 228703
coverage:           Villabruna  86810
coverage:           DevilsGate 117364
coverage:                 aACA 120350
dof (jackknife):   466.742
numsnps used: 83898
codimension 1
f4info: 
f4rank: 2 dof:      6 chisq:     2.481 tail:          0.870552837 dofdiff:      8 chisqdiff:    -2.481 taildiff:                    1
B:
          scale     1.000     1.000 
     Anatolia_N     0.439    -0.240 
         Ami.DG    -2.073     0.085 
        Mixe.DG     0.199     0.974 
   Ganj_Dareh_N     0.296    -0.553 
        Onge.DG    -0.062     0.003 
     Villabruna     0.499    -1.241 
     DevilsGate     0.268     2.235 
           aACA     1.748     0.382 
A:
          scale   849.577  2279.357 
    Upper_YR_LN    -0.363     1.711 
      Sherpa.LC     0.201    -0.005 
            Dai    -1.682    -0.272 


full rank
f4info: 
f4rank: 3 dof:      0 chisq:     0.000 tail:                    1 dofdiff:      6 chisqdiff:     2.481 taildiff:          0.870552837
B:
          scale     1.000     1.000     1.000 
     Anatolia_N     0.427    -0.207     0.571 
         Ami.DG    -2.116     0.071    -0.676 
        Mixe.DG     0.178     0.990     0.036 
   Ganj_Dareh_N     0.280    -0.492     1.011 
        Onge.DG    -0.095     0.053     0.620 
     Villabruna     0.516    -1.201    -0.008 
     DevilsGate     0.241     2.250    -0.707 
           aACA     1.702     0.472     2.304 
A:
          scale   838.343  2138.714  7835.375 
    Upper_YR_LN    -0.408     1.698     0.314 
      Sherpa.LC     0.030     0.250     1.693 
            Dai    -1.683    -0.232     0.188 


best coefficients:     0.019     0.880     0.101 
Jackknife mean:      0.027738499     0.872750096     0.099511406 
      std. errors:     0.132     0.098     0.043 

error covariance (* 1000000)
     17305     -12518      -4788 
    -12518       9574       2943 
     -4788       2943       1844 


summ: Nup    3      0.870553     0.028     0.873     0.100 17305 -12518 -4788  9574  2943  1844 

    fixed pat  wt  dof     chisq       tail prob
          000  0     6     2.481        0.870553     0.019     0.880     0.101 
          001  1     7     9.133        0.243267     0.273     0.727    -0.000 
          010  1     7    36.651     5.46023e-06     1.262     0.000    -0.262  infeasible
          100  1     7     2.495        0.927456    -0.000     0.894     0.106 
          011  2     8    72.925     1.28276e-12     1.000     0.000    -0.000 
          101  2     8    19.651       0.0117399     0.000     1.000    -0.000 
          110  2     8  1391.989               0     0.000    -0.000     1.000 
best pat:          000         0.870553              -  -
best pat:          100         0.927456  chi(nested):     0.014 p-value for nested model:        0.906105
best pat:          101        0.0117399  chi(nested):    17.156 p-value for nested model:     3.44346e-05

coeffs:     0.019     0.880     0.101 

## dscore:: f_4(Base, Fit, Rbase, right2)
## genstat:: f_4(Base, Fit, right1, right2)

details:     Upper_YR_LN      Anatolia_N    -0.000336   -1.004335
details:       Sherpa.LC      Anatolia_N     0.000170    0.729793
details:             Dai      Anatolia_N    -0.000807   -3.738380
dscore:      Anatolia_N f4:     0.000061 Z:     0.289665

details:     Upper_YR_LN          Ami.DG     0.001098    2.585488
details:       Sherpa.LC          Ami.DG    -0.000159   -0.507094
details:             Dai          Ami.DG     0.004255   14.099727
dscore:          Ami.DG f4:     0.000311 Z:     1.072520

details:     Upper_YR_LN         Mixe.DG     0.000720    1.780753
details:       Sherpa.LC         Mixe.DG     0.000193    0.616158
details:             Dai         Mixe.DG    -0.000444   -1.517744
dscore:         Mixe.DG f4:     0.000138 Z:     0.481887

details:     Upper_YR_LN    Ganj_Dareh_N    -0.000473   -1.122566
details:       Sherpa.LC    Ganj_Dareh_N     0.000236    0.786413
details:             Dai    Ganj_Dareh_N    -0.000468   -1.688631
dscore:    Ganj_Dareh_N f4:     0.000151 Z:     0.550431

details:     Upper_YR_LN         Onge.DG     0.000140    0.324475
details:       Sherpa.LC         Onge.DG     0.000199    0.653776
details:             Dai         Onge.DG     0.000218    0.760945
dscore:         Onge.DG f4:     0.000200 Z:     0.711702

details:     Upper_YR_LN      Villabruna    -0.001204   -2.318204
details:       Sherpa.LC      Villabruna    -0.000067   -0.180975
details:             Dai      Villabruna    -0.000902   -2.456529
dscore:      Villabruna f4:    -0.000173 Z:    -0.508108

details:     Upper_YR_LN      DevilsGate     0.001677    3.541862
details:       Sherpa.LC      DevilsGate     0.000173    0.541025
details:             Dai      DevilsGate    -0.000723   -2.288420
dscore:      DevilsGate f4:     0.000111 Z:     0.373803

details:     Upper_YR_LN            aACA    -0.000332   -0.950407
details:       Sherpa.LC            aACA     0.000661    2.667416
details:             Dai            aACA    -0.003393  -14.387560
dscore:            aACA f4:     0.000232 Z:     1.015094

gendstat:                Mbuti           Anatolia_N     0.290
gendstat:                Mbuti               Ami.DG     1.073
gendstat:                Mbuti              Mixe.DG     0.482
gendstat:                Mbuti         Ganj_Dareh_N     0.550
gendstat:                Mbuti              Onge.DG     0.712
gendstat:                Mbuti           Villabruna    -0.508
gendstat:                Mbuti           DevilsGate     0.374
gendstat:                Mbuti                 aACA     1.015
gendstat:           Anatolia_N               Ami.DG     0.922
gendstat:           Anatolia_N              Mixe.DG     0.291
gendstat:           Anatolia_N         Ganj_Dareh_N     0.390
gendstat:           Anatolia_N              Onge.DG     0.514
gendstat:           Anatolia_N           Villabruna    -0.771
gendstat:           Anatolia_N           DevilsGate     0.171
gendstat:           Anatolia_N                 aACA     0.831
gendstat:               Ami.DG              Mixe.DG    -0.629
gendstat:               Ami.DG         Ganj_Dareh_N    -0.524
gendstat:               Ami.DG              Onge.DG    -0.375
gendstat:               Ami.DG           Villabruna    -1.243
gendstat:               Ami.DG           DevilsGate    -0.720
gendstat:               Ami.DG                 aACA    -0.382
gendstat:              Mixe.DG         Ganj_Dareh_N     0.042
gendstat:              Mixe.DG              Onge.DG     0.203
gendstat:              Mixe.DG           Villabruna    -0.791
gendstat:              Mixe.DG           DevilsGate    -0.092
gendstat:              Mixe.DG                 aACA     0.413
gendstat:         Ganj_Dareh_N              Onge.DG     0.155
gendstat:         Ganj_Dareh_N           Villabruna    -0.895
gendstat:         Ganj_Dareh_N           DevilsGate    -0.122
gendstat:         Ganj_Dareh_N                 aACA     0.298
gendstat:              Onge.DG           Villabruna    -0.996
gendstat:              Onge.DG           DevilsGate    -0.286
gendstat:              Onge.DG                 aACA     0.128
gendstat:           Villabruna           DevilsGate     0.718
gendstat:           Villabruna                 aACA     1.180
gendstat:           DevilsGate                 aACA     0.509

## end of run
