/home/cliu7/utils/AdmixTools/bin/qpWave: parameter file: temp/param/qpAdm_Nup.Upper_YR_LN.Sherpa.LC.Han.parutl2038e
### THE INPUT PARAMETERS
##PARAMETER NAME: VALUE
DIR: data/intermediate
S1: illumina_all_merged.qpAdm
indivname: data/intermediate/illumina_all_merged.qpAdm.grouped2.ind
snpname: data/intermediate/illumina_all_merged.qpAdm.snp
genotypename: data/intermediate/illumina_all_merged.qpAdm.geno
popleft: temp/param/left.utl2038e
popright: temp/param/right.utl2038e
details: YES
## qpWave version: 410
packed geno read OK
end of inpack

left pops:
Nup
Upper_YR_LN
Sherpa.LC
Han

right pops:
Mbuti
Anatolia_N
Ami.DG
Mixe.DG
Ganj_Dareh_N
Onge.DG
Villabruna
DevilsGate
aACA

  0                  Nup   18
  1          Upper_YR_LN    7
  2            Sherpa.LC    9
  3                  Han   44
  4                Mbuti   13
  5           Anatolia_N   25
  6               Ami.DG    2
  7              Mixe.DG    3
  8         Ganj_Dareh_N    7
  9              Onge.DG    2
 10           Villabruna    1
 11           DevilsGate    4
 12                 aACA   32
jackknife block size:     0.050
snps: 234294  indivs: 167
number of blocks for block jackknife: 548
dof (jackknife):   466.344
numsnps used: 83213
f4info: 
f4rank: 0 dof:     24 chisq:  1721.014 tail:                    0 dofdiff:      0 chisqdiff:     0.000 taildiff:                    1

f4info: 
f4rank: 1 dof:     14 chisq:    26.883 tail:         0.0199409655 dofdiff:     10 chisqdiff:  1694.131 taildiff:                    0
B:
          scale     1.000 
     Anatolia_N    -0.239 
         Ami.DG     2.432 
        Mixe.DG     0.598 
   Ganj_Dareh_N    -0.153 
        Onge.DG     0.300 
     Villabruna    -0.269 
     DevilsGate     0.636 
           aACA    -1.040 
A:
          scale  1013.613 
    Upper_YR_LN     0.533 
      Sherpa.LC    -0.256 
            Han     1.628 

f4info: 
f4rank: 2 dof:      6 chisq:     3.691 tail:          0.718456717 dofdiff:      8 chisqdiff:    23.192 taildiff:        0.00312626227
B:
          scale     1.000     1.000 
     Anatolia_N    -0.293     0.228 
         Ami.DG     2.249     1.315 
        Mixe.DG     0.678    -0.353 
   Ganj_Dareh_N    -0.287     0.594 
        Onge.DG     0.242     0.185 
     Villabruna    -0.585     1.509 
     DevilsGate     0.984    -1.758 
           aACA    -0.972    -0.580 
A:
          scale   980.369  3123.190 
    Upper_YR_LN     0.723    -1.546 
      Sherpa.LC    -0.224    -0.286 
            Han     1.558     0.726 

f4info: 
f4rank: 3 dof:      0 chisq:     0.000 tail:                    1 dofdiff:      6 chisqdiff:     3.691 taildiff:          0.718456717
B:
          scale     1.000     1.000     1.000 
     Anatolia_N    -0.265     0.207     0.724 
         Ami.DG     2.280     1.106     0.658 
        Mixe.DG     0.715    -0.450     0.776 
   Ganj_Dareh_N    -0.235     0.482     1.150 
        Onge.DG     0.298     0.069     0.949 
     Villabruna    -0.570     1.513     0.352 
     DevilsGate     1.012    -1.840     0.048 
           aACA    -0.853    -0.787     2.022 
A:
          scale   949.900  3031.322  6855.828 
    Upper_YR_LN     0.709    -1.545    -0.334 
      Sherpa.LC    -0.074    -0.398     1.684 
            Han     1.578     0.675     0.229 

## end of run
