/home/cliu7/utils/AdmixTools/bin/qpWave: parameter file: temp/param/qpAdm_Nup.Naga.Sherpa.LC.Han.par0qbl2hj0
### THE INPUT PARAMETERS
##PARAMETER NAME: VALUE
DIR: data/intermediate
S1: illumina_all_merged.qpAdm
indivname: data/intermediate/illumina_all_merged.qpAdm.grouped2.ind
snpname: data/intermediate/illumina_all_merged.qpAdm.snp
genotypename: data/intermediate/illumina_all_merged.qpAdm.geno
popleft: temp/param/left.0qbl2hj0
popright: temp/param/right.0qbl2hj0
details: YES
## qpWave version: 410
packed geno read OK
end of inpack

left pops:
Nup
Naga
Sherpa.LC
Han

right pops:
Mbuti
Anatolia_N
Ami.DG
Mixe.DG
Ganj_Dareh_N
Onge.DG
Villabruna
DevilsGate
aACA

  0                  Nup   18
  1                 Naga    4
  2            Sherpa.LC    9
  3                  Han   44
  4                Mbuti   13
  5           Anatolia_N   25
  6               Ami.DG    2
  7              Mixe.DG    3
  8         Ganj_Dareh_N    7
  9              Onge.DG    2
 10           Villabruna    1
 11           DevilsGate    4
 12                 aACA   32
jackknife block size:     0.050
snps: 234294  indivs: 164
number of blocks for block jackknife: 548
dof (jackknife):   466.510
numsnps used: 83564
f4info: 
f4rank: 0 dof:     24 chisq:  1815.377 tail:                    0 dofdiff:      0 chisqdiff:     0.000 taildiff:                    1

f4info: 
f4rank: 1 dof:     14 chisq:    33.974 tail:        0.00208031413 dofdiff:     10 chisqdiff:  1781.403 taildiff:                    0
B:
          scale     1.000 
     Anatolia_N    -0.185 
         Ami.DG     2.428 
        Mixe.DG     0.539 
   Ganj_Dareh_N    -0.100 
        Onge.DG     0.264 
     Villabruna    -0.275 
     DevilsGate     0.694 
           aACA    -1.068 
A:
          scale  1041.241 
           Naga     0.372 
      Sherpa.LC    -0.269 
            Han     1.670 

f4info: 
f4rank: 2 dof:      6 chisq:     3.547 tail:          0.737689949 dofdiff:      8 chisqdiff:    30.427 taildiff:       0.000177595455
B:
          scale     1.000     1.000 
     Anatolia_N    -0.412     1.513 
         Ami.DG     2.334     0.898 
        Mixe.DG     0.713    -0.953 
   Ganj_Dareh_N    -0.334     1.485 
        Onge.DG     0.283    -0.167 
     Villabruna    -0.453     1.118 
     DevilsGate     0.717    -0.182 
           aACA    -0.981    -0.693 
A:
          scale  1016.142  3876.054 
           Naga     0.520    -1.606 
      Sherpa.LC    -0.232    -0.325 
            Han     1.636     0.562 

f4info: 
f4rank: 3 dof:      0 chisq:     0.000 tail:                    1 dofdiff:      6 chisqdiff:     3.547 taildiff:          0.737689949
B:
          scale     1.000     1.000     1.000 
     Anatolia_N    -0.342     1.295     1.103 
         Ami.DG     2.366     0.702     0.486 
        Mixe.DG     0.751    -1.190     0.494 
   Ganj_Dareh_N    -0.258     1.212     1.308 
        Onge.DG     0.333    -0.401     0.694 
     Villabruna    -0.444     1.158    -0.045 
     DevilsGate     0.778    -0.427     0.735 
           aACA    -0.861    -1.123     1.890 
A:
          scale   984.174  3923.046  6891.144 
           Naga     0.533    -1.606    -0.369 
      Sherpa.LC    -0.084    -0.414     1.680 
            Han     1.646     0.498     0.206 

## end of run
