/home/cliu7/utils/AdmixTools/bin/qpAdm: parameter file: temp/param/qpAdm_Nup.Upper_YR_LN.Sherpa.LC.Han.parutl2038e
### THE INPUT PARAMETERS
##PARAMETER NAME: VALUE
DIR: data/intermediate
S1: illumina_all_merged.qpAdm
indivname: data/intermediate/illumina_all_merged.qpAdm.grouped2.ind
snpname: data/intermediate/illumina_all_merged.qpAdm.snp
genotypename: data/intermediate/illumina_all_merged.qpAdm.geno
popleft: temp/param/left.utl2038e
popright: temp/param/right.utl2038e
details: YES
## qpAdm version: 810
seed: -1516167567
packed geno read OK
end of inpack

left pops:
Nup
Upper_YR_LN
Sherpa.LC
Han

right pops:
Mbuti
Anatolia_N
Ami.DG
Mixe.DG
Ganj_Dareh_N
Onge.DG
Villabruna
DevilsGate
aACA

  0                  Nup   18
  1          Upper_YR_LN    7
  2            Sherpa.LC    9
  3                  Han   44
  4                Mbuti   13
  5           Anatolia_N   25
  6               Ami.DG    2
  7              Mixe.DG    3
  8         Ganj_Dareh_N    7
  9              Onge.DG    2
 10           Villabruna    1
 11           DevilsGate    4
 12                 aACA   32
jackknife block size:     0.050
snps: 234294  indivs: 167
number of blocks for block jackknife: 548
## ncols: 234294
coverage:                  Nup 234294
coverage:          Upper_YR_LN 232854
coverage:            Sherpa.LC 117394
coverage:                  Han 234294
coverage:                Mbuti 234294
coverage:           Anatolia_N 117047
coverage:               Ami.DG 228808
coverage:              Mixe.DG 228825
coverage:         Ganj_Dareh_N 104920
coverage:              Onge.DG 228703
coverage:           Villabruna  86810
coverage:           DevilsGate 117364
coverage:                 aACA 120350
dof (jackknife):   466.344
numsnps used: 83213
codimension 1
f4info: 
f4rank: 2 dof:      6 chisq:     3.669 tail:           0.72138218 dofdiff:      8 chisqdiff:    -3.669 taildiff:                    1
B:
          scale     1.000     1.000 
     Anatolia_N    -0.272     0.138 
         Ami.DG     2.337     1.725 
        Mixe.DG     0.644    -0.224 
   Ganj_Dareh_N    -0.236     0.496 
        Onge.DG     0.256     0.212 
     Villabruna    -0.455     1.295 
     DevilsGate     0.835    -1.538 
           aACA    -1.012    -0.788 
A:
          scale   956.575  2924.477 
    Upper_YR_LN     0.824    -1.688 
      Sherpa.LC    -0.205    -0.222 
            Han     1.510     0.319 


full rank
f4info: 
f4rank: 3 dof:      0 chisq:     0.000 tail:                    1 dofdiff:      6 chisqdiff:     3.669 taildiff:           0.72138218
B:
          scale     1.000     1.000     1.000 
     Anatolia_N    -0.243     0.142     0.592 
         Ami.DG     2.363     1.452    -1.253 
        Mixe.DG     0.690    -0.355     0.102 
   Ganj_Dareh_N    -0.185     0.408     0.858 
        Onge.DG     0.314     0.101     0.427 
     Villabruna    -0.458     1.373     0.272 
     DevilsGate     0.874    -1.659    -0.437 
           aACA    -0.879    -0.966     2.210 
A:
          scale   956.901  2898.745  5425.295 
    Upper_YR_LN     0.723    -1.683    -0.606 
      Sherpa.LC     0.124    -0.259     1.623 
            Han     1.569     0.315     0.003 


best coefficients:    -0.088     0.916     0.172 
Jackknife mean:     -0.066252972     0.901406945     0.164846027 
      std. errors:     0.205     0.127     0.089 

error covariance (* 1000000)
     42075     -25125     -16950 
    -25125      16027       9098 
    -16950       9098       7852 


summ: Nup    3      0.721382    -0.066     0.901     0.165 42075 -25125 -16950 16027  9098  7852 

    fixed pat  wt  dof     chisq       tail prob
          000  0     6     3.669        0.721382    -0.088     0.916     0.172  infeasible
          001  1     7     9.166        0.240969     0.272     0.728     0.000 
          010  1     7    23.767      0.00125189     1.486    -0.000    -0.486  infeasible
          100  1     7     3.942        0.786381    -0.000     0.863     0.137 
          011  2     8    73.128     1.16831e-12     1.000     0.000     0.000 
          101  2     8    19.744       0.0113499     0.000     1.000     0.000 
          110  2     8  1283.827               0     0.000     0.000     1.000 
best pat:          000         0.721382              -  -
best pat:          100         0.786381  chi(nested):     0.274 p-value for nested model:        0.600942
best pat:          101        0.0113499  chi(nested):    15.801 p-value for nested model:     7.03512e-05

coeffs:    -0.088     0.916     0.172 

## dscore:: f_4(Base, Fit, Rbase, right2)
## genstat:: f_4(Base, Fit, right1, right2)

details:     Upper_YR_LN      Anatolia_N    -0.000338   -1.004142
details:       Sherpa.LC      Anatolia_N     0.000171    0.730262
details:             Han      Anatolia_N    -0.000370   -2.313377
dscore:      Anatolia_N f4:     0.000123 Z:     0.548509

details:     Upper_YR_LN          Ami.DG     0.001107    2.585260
details:       Sherpa.LC          Ami.DG    -0.000161   -0.507002
details:             Han          Ami.DG     0.004057   17.858949
dscore:          Ami.DG f4:     0.000455 Z:     1.503709

details:     Upper_YR_LN         Mixe.DG     0.000726    1.780298
details:       Sherpa.LC         Mixe.DG     0.000194    0.616304
details:             Han         Mixe.DG     0.001114    4.978064
dscore:         Mixe.DG f4:     0.000306 Z:     1.021118

details:     Upper_YR_LN    Ganj_Dareh_N    -0.000477   -1.122549
details:       Sherpa.LC    Ganj_Dareh_N     0.000238    0.786931
details:             Han    Ganj_Dareh_N    -0.000245   -1.202892
dscore:    Ganj_Dareh_N f4:     0.000217 Z:     0.761148

details:     Upper_YR_LN         Onge.DG     0.000141    0.324521
details:       Sherpa.LC         Onge.DG     0.000201    0.653793
details:             Han         Onge.DG     0.000542    2.479837
dscore:         Onge.DG f4:     0.000265 Z:     0.913224

details:     Upper_YR_LN      Villabruna    -0.001213   -2.319719
details:       Sherpa.LC      Villabruna    -0.000068   -0.181088
details:             Han      Villabruna    -0.000598   -2.237329
dscore:      Villabruna f4:    -0.000058 Z:    -0.163522

details:     Upper_YR_LN      DevilsGate     0.001690    3.542449
details:       Sherpa.LC      DevilsGate     0.000175    0.541056
details:             Han      DevilsGate     0.001273    5.176992
dscore:      DevilsGate f4:     0.000231 Z:     0.753968

details:     Upper_YR_LN            aACA    -0.000334   -0.950393
details:       Sherpa.LC            aACA     0.000666    2.668175
details:             Han            aACA    -0.001526   -8.246691
dscore:            aACA f4:     0.000377 Z:     1.594692

gendstat:                Mbuti           Anatolia_N     0.549
gendstat:                Mbuti               Ami.DG     1.504
gendstat:                Mbuti              Mixe.DG     1.021
gendstat:                Mbuti         Ganj_Dareh_N     0.761
gendstat:                Mbuti              Onge.DG     0.913
gendstat:                Mbuti           Villabruna    -0.164
gendstat:                Mbuti           DevilsGate     0.754
gendstat:                Mbuti                 aACA     1.595
gendstat:           Anatolia_N               Ami.DG     1.171
gendstat:           Anatolia_N              Mixe.DG     0.666
gendstat:           Anatolia_N         Ganj_Dareh_N     0.394
gendstat:           Anatolia_N              Onge.DG     0.512
gendstat:           Anatolia_N           Villabruna    -0.573
gendstat:           Anatolia_N           DevilsGate     0.361
gendstat:           Anatolia_N                 aACA     1.189
gendstat:               Ami.DG              Mixe.DG    -0.512
gendstat:               Ami.DG         Ganj_Dareh_N    -0.743
gendstat:               Ami.DG              Onge.DG    -0.619
gendstat:               Ami.DG           Villabruna    -1.263
gendstat:               Ami.DG           DevilsGate    -0.772
gendstat:               Ami.DG                 aACA    -0.354
gendstat:              Mixe.DG         Ganj_Dareh_N    -0.268
gendstat:              Mixe.DG              Onge.DG    -0.128
gendstat:              Mixe.DG           Villabruna    -0.885
gendstat:              Mixe.DG           DevilsGate    -0.242
gendstat:              Mixe.DG                 aACA     0.298
gendstat:         Ganj_Dareh_N              Onge.DG     0.147
gendstat:         Ganj_Dareh_N           Villabruna    -0.730
gendstat:         Ganj_Dareh_N           DevilsGate     0.038
gendstat:         Ganj_Dareh_N                 aACA     0.568
gendstat:              Onge.DG           Villabruna    -0.829
gendstat:              Onge.DG           DevilsGate    -0.106
gendstat:              Onge.DG                 aACA     0.442
gendstat:           Villabruna           DevilsGate     0.706
gendstat:           Villabruna                 aACA     1.217
gendstat:           DevilsGate                 aACA     0.589

## end of run
