/home/cliu7/utils/AdmixTools/bin/qpWave: parameter file: temp/param/qpAdm_Nup.YR_MN.Sherpa.LC.Dai.par5g93qpwg
### THE INPUT PARAMETERS
##PARAMETER NAME: VALUE
DIR: data/intermediate
S1: illumina_all_merged.qpAdm
indivname: data/intermediate/illumina_all_merged.qpAdm.grouped2.ind
snpname: data/intermediate/illumina_all_merged.qpAdm.snp
genotypename: data/intermediate/illumina_all_merged.qpAdm.geno
popleft: temp/param/left.5g93qpwg
popright: temp/param/right.5g93qpwg
details: YES
## qpWave version: 410
packed geno read OK
end of inpack

left pops:
Nup
YR_MN
Sherpa.LC
Dai

right pops:
Mbuti
Anatolia_N
Ami.DG
Mixe.DG
Ganj_Dareh_N
Onge.DG
Villabruna
DevilsGate
aACA

  0                  Nup   18
  1                YR_MN    8
  2            Sherpa.LC    9
  3                  Dai   10
  4                Mbuti   13
  5           Anatolia_N   25
  6               Ami.DG    2
  7              Mixe.DG    3
  8         Ganj_Dareh_N    7
  9              Onge.DG    2
 10           Villabruna    1
 11           DevilsGate    4
 12                 aACA   32
jackknife block size:     0.050
snps: 234294  indivs: 134
number of blocks for block jackknife: 548
dof (jackknife):   466.607
numsnps used: 83959
f4info: 
f4rank: 0 dof:     24 chisq:  1628.587 tail:                    0 dofdiff:      0 chisqdiff:     0.000 taildiff:                    1

f4info: 
f4rank: 1 dof:     14 chisq:    27.562 tail:         0.0162542269 dofdiff:     10 chisqdiff:  1601.024 taildiff:                    0
B:
          scale     1.000 
     Anatolia_N     0.442 
         Ami.DG    -2.047 
        Mixe.DG     0.228 
   Ganj_Dareh_N     0.292 
        Onge.DG    -0.051 
     Villabruna     0.518 
     DevilsGate     0.388 
           aACA     1.748 
A:
          scale   776.152 
          YR_MN    -0.731 
      Sherpa.LC     0.196 
            Dai    -1.558 

f4info: 
f4rank: 2 dof:      6 chisq:     2.541 tail:          0.863878403 dofdiff:      8 chisqdiff:    25.022 taildiff:         0.0015414989
B:
          scale     1.000     1.000 
     Anatolia_N     0.498    -0.352 
         Ami.DG    -2.130     0.180 
        Mixe.DG    -0.002     1.438 
   Ganj_Dareh_N     0.354    -0.516 
        Onge.DG    -0.161     0.559 
     Villabruna     0.592    -0.849 
     DevilsGate     0.055     1.949 
           aACA     1.646     0.823 
A:
          scale   780.411  2532.664 
          YR_MN    -0.799     1.503 
      Sherpa.LC     0.181     0.127 
            Dai    -1.526    -0.852 

f4info: 
f4rank: 3 dof:      0 chisq:     0.000 tail:                    1 dofdiff:      6 chisqdiff:     2.541 taildiff:          0.863878403
B:
          scale     1.000     1.000     1.000 
     Anatolia_N     0.476    -0.331     0.762 
         Ami.DG    -2.176     0.266     1.280 
        Mixe.DG    -0.005     1.420    -0.191 
   Ganj_Dareh_N     0.321    -0.429     1.319 
        Onge.DG    -0.190     0.593     0.886 
     Villabruna     0.594    -0.877    -0.439 
     DevilsGate     0.053     1.927    -0.795 
           aACA     1.595     0.886     1.548 
A:
          scale   773.751  2469.252 11063.495 
          YR_MN    -0.797     1.517    -0.251 
      Sherpa.LC     0.142     0.354     1.690 
            Dai    -1.531    -0.757     0.287 

## end of run
