/home/cliu7/utils/AdmixTools/bin/qpAdm: parameter file: temp/param/qpAdm_Tamang.Yi.Sherpa.LC.Pathan.parzclx6xm3
### THE INPUT PARAMETERS
##PARAMETER NAME: VALUE
DIR: data/intermediate
S1: illumina_all_merged.qpAdm
indivname: data/intermediate/illumina_all_merged.qpAdm.grouped2.ind
snpname: data/intermediate/illumina_all_merged.qpAdm.snp
genotypename: data/intermediate/illumina_all_merged.qpAdm.geno
popleft: temp/param/left.zclx6xm3
popright: temp/param/right.zclx6xm3
details: YES
## qpAdm version: 810
seed: -1353319646
packed geno read OK
end of inpack

left pops:
Tamang
Yi
Sherpa.LC
Pathan

right pops:
Mbuti
Anatolia_N
Ami.DG
Mixe.DG
Ganj_Dareh_N
Onge.DG
Villabruna
DevilsGate
aACA

  0               Tamang   19
  1                   Yi   10
  2            Sherpa.LC    9
  3               Pathan   22
  4                Mbuti   13
  5           Anatolia_N   25
  6               Ami.DG    2
  7              Mixe.DG    3
  8         Ganj_Dareh_N    7
  9              Onge.DG    2
 10           Villabruna    1
 11           DevilsGate    4
 12                 aACA   32
jackknife block size:     0.050
snps: 234294  indivs: 149
number of blocks for block jackknife: 548
## ncols: 234294
coverage:               Tamang 234294
coverage:                   Yi 234294
coverage:            Sherpa.LC 117394
coverage:               Pathan 234294
coverage:                Mbuti 234294
coverage:           Anatolia_N 117047
coverage:               Ami.DG 228808
coverage:              Mixe.DG 228825
coverage:         Ganj_Dareh_N 104920
coverage:              Onge.DG 228703
coverage:           Villabruna  86810
coverage:           DevilsGate 117364
coverage:                 aACA 120350
dof (jackknife):   465.473
numsnps used: 82291
codimension 1
f4info: 
f4rank: 2 dof:      6 chisq:    66.140 tail:       2.52353207e-12 dofdiff:      8 chisqdiff:   -66.140 taildiff:                    1
B:
          scale     1.000     1.000 
     Anatolia_N    -0.558    -0.420 
         Ami.DG     1.404    -1.593 
        Mixe.DG     0.821     0.008 
   Ganj_Dareh_N    -0.601    -0.278 
        Onge.DG     0.605     0.600 
     Villabruna    -0.410    -0.051 
     DevilsGate     1.430    -0.016 
           aACA     1.451     2.201 
A:
          scale   141.109  1967.827 
             Yi     0.418    -1.505 
      Sherpa.LC     0.316     0.511 
         Pathan    -1.651    -0.689 


full rank
f4info: 
f4rank: 3 dof:      0 chisq:     0.000 tail:                    1 dofdiff:      6 chisqdiff:    66.140 taildiff:       2.52353207e-12
B:
          scale     1.000     1.000     1.000 
     Anatolia_N    -0.542     0.838     0.237 
         Ami.DG     1.423     1.337    -1.387 
        Mixe.DG     0.815     0.116     0.042 
   Ganj_Dareh_N    -0.583     0.765     0.357 
        Onge.DG     0.591    -0.823    -0.320 
     Villabruna    -0.410     0.320     0.249 
     DevilsGate     1.445     0.184     0.372 
           aACA     1.439    -2.024     2.364 
A:
          scale   143.182  1230.692  1736.947 
             Yi     0.456     1.024     0.015 
      Sherpa.LC     0.360     0.860     1.620 
         Pathan    -1.632     1.100     0.613 


best coefficients:     0.153     0.678     0.169 
Jackknife mean:      0.154606513     0.676788059     0.168605428 
      std. errors:     0.049     0.049     0.006 

error covariance (* 1000000)
      2406      -2367        -39 
     -2367       2359          8 
       -39          8         31 


summ: Tamang    3      0.000000     0.155     0.677     0.169  2406 -2367   -39  2359     8    31 

    fixed pat  wt  dof     chisq       tail prob
          000  0     6    66.140     2.52353e-12     0.153     0.678     0.169 
          001  1     7   295.391               0    -5.563     6.563     0.000  infeasible
          010  1     7   378.055               0     0.831     0.000     0.169 
          100  1     7    75.719     1.02465e-13    -0.000     0.829     0.171 
          011  2     8  1192.958               0     1.000     0.000    -0.000 
          101  2     8   636.073               0     0.000     1.000    -0.000 
          110  2     8  7061.598               0     0.000     0.000     1.000 
best pat:          000      2.52353e-12              -  -
best pat:          100      1.02465e-13  chi(nested):     9.579 p-value for nested model:      0.00196815
best pat:          101     4.09244e-132  chi(nested):   560.354 p-value for nested model:     7.0541e-124

coeffs:     0.153     0.678     0.169 

## dscore:: f_4(Base, Fit, Rbase, right2)
## genstat:: f_4(Base, Fit, right1, right2)

details:              Yi      Anatolia_N    -0.001044   -5.817488
details:       Sherpa.LC      Anatolia_N    -0.000424   -1.755437
details:          Pathan      Anatolia_N     0.007053   26.580270
dscore:      Anatolia_N f4:     0.000742 Z:     4.103699

details:              Yi          Ami.DG     0.005669   23.816643
details:       Sherpa.LC          Ami.DG     0.003347   10.623832
details:          Pathan          Ami.DG    -0.015621  -45.462742
dscore:          Ami.DG f4:     0.000505 Z:     2.173460

details:              Yi         Mixe.DG     0.002678   10.797450
details:       Sherpa.LC         Mixe.DG     0.002340    7.748743
details:          Pathan         Mixe.DG    -0.009234  -24.066068
dscore:         Mixe.DG f4:     0.000441 Z:     1.935104

details:              Yi    Ganj_Dareh_N    -0.001220   -5.413788
details:       Sherpa.LC    Ganj_Dareh_N    -0.000478   -1.629190
details:          Pathan    Ganj_Dareh_N     0.007524   22.634886
dscore:    Ganj_Dareh_N f4:     0.000758 Z:     3.440020

details:              Yi         Onge.DG     0.001185    5.051696
details:       Sherpa.LC         Onge.DG     0.000792    2.617734
details:          Pathan         Onge.DG    -0.007583  -22.313228
dscore:         Onge.DG f4:    -0.000559 Z:    -2.498517

details:              Yi      Villabruna    -0.001022   -3.439848
details:       Sherpa.LC      Villabruna    -0.000375   -0.942002
details:          Pathan      Villabruna     0.005103   11.710686
dscore:      Villabruna f4:     0.000449 Z:     1.503533

details:              Yi      DevilsGate     0.004748   17.965382
details:       Sherpa.LC      DevilsGate     0.004275   13.058180
details:          Pathan      DevilsGate    -0.016273  -43.811778
dscore:      DevilsGate f4:     0.000883 Z:     3.548860

details:              Yi            aACA     0.002939   14.219294
details:       Sherpa.LC            aACA     0.004544   17.926017
details:          Pathan            aACA    -0.017457  -57.857280
dscore:            aACA f4:     0.000590 Z:     3.082212

gendstat:                Mbuti           Anatolia_N     4.104
gendstat:                Mbuti               Ami.DG     2.173
gendstat:                Mbuti              Mixe.DG     1.935
gendstat:                Mbuti         Ganj_Dareh_N     3.440
gendstat:                Mbuti              Onge.DG    -2.499
gendstat:                Mbuti           Villabruna     1.504
gendstat:                Mbuti           DevilsGate     3.549
gendstat:                Mbuti                 aACA     3.082
gendstat:           Anatolia_N               Ami.DG    -1.076
gendstat:           Anatolia_N              Mixe.DG    -1.400
gendstat:           Anatolia_N         Ganj_Dareh_N     0.084
gendstat:           Anatolia_N              Onge.DG    -6.246
gendstat:           Anatolia_N           Villabruna    -1.150
gendstat:           Anatolia_N           DevilsGate     0.613
gendstat:           Anatolia_N                 aACA    -0.878
gendstat:               Ami.DG              Mixe.DG    -0.287
gendstat:               Ami.DG         Ganj_Dareh_N     0.990
gendstat:               Ami.DG              Onge.DG    -4.560
gendstat:               Ami.DG           Villabruna    -0.180
gendstat:               Ami.DG           DevilsGate     1.641
gendstat:               Ami.DG                 aACA     0.501
gendstat:              Mixe.DG         Ganj_Dareh_N     1.229
gendstat:              Mixe.DG              Onge.DG    -4.192
gendstat:              Mixe.DG           Villabruna     0.028
gendstat:              Mixe.DG           DevilsGate     1.835
gendstat:              Mixe.DG                 aACA     0.817
gendstat:         Ganj_Dareh_N              Onge.DG    -5.323
gendstat:         Ganj_Dareh_N           Villabruna    -1.011
gendstat:         Ganj_Dareh_N           DevilsGate     0.460
gendstat:         Ganj_Dareh_N                 aACA    -0.755
gendstat:              Onge.DG           Villabruna     3.307
gendstat:              Onge.DG           DevilsGate     5.981
gendstat:              Onge.DG                 aACA     5.975
gendstat:           Villabruna           DevilsGate     1.367
gendstat:           Villabruna                 aACA     0.503
gendstat:           DevilsGate                 aACA    -1.524

## end of run
