/home/cliu7/utils/AdmixTools/bin/qpWave: parameter file: temp/param/qpAdm_Tamang.Upper_YR_LN.Sherpa.LC.Dai.parmc_ydz9z
### THE INPUT PARAMETERS
##PARAMETER NAME: VALUE
DIR: data/intermediate
S1: illumina_all_merged.qpAdm
indivname: data/intermediate/illumina_all_merged.qpAdm.grouped2.ind
snpname: data/intermediate/illumina_all_merged.qpAdm.snp
genotypename: data/intermediate/illumina_all_merged.qpAdm.geno
popleft: temp/param/left.mc_ydz9z
popright: temp/param/right.mc_ydz9z
details: YES
## qpWave version: 410
packed geno read OK
end of inpack

left pops:
Tamang
Upper_YR_LN
Sherpa.LC
Dai

right pops:
Mbuti
Anatolia_N
Ami.DG
Mixe.DG
Ganj_Dareh_N
Onge.DG
Villabruna
DevilsGate
aACA

  0               Tamang   19
  1          Upper_YR_LN    7
  2            Sherpa.LC    9
  3                  Dai   10
  4                Mbuti   13
  5           Anatolia_N   25
  6               Ami.DG    2
  7              Mixe.DG    3
  8         Ganj_Dareh_N    7
  9              Onge.DG    2
 10           Villabruna    1
 11           DevilsGate    4
 12                 aACA   32
jackknife block size:     0.050
snps: 234294  indivs: 134
number of blocks for block jackknife: 548
dof (jackknife):   466.325
numsnps used: 82996
f4info: 
f4rank: 0 dof:     24 chisq:  2430.587 tail:                    0 dofdiff:      0 chisqdiff:     0.000 taildiff:                    1

f4info: 
f4rank: 1 dof:     14 chisq:   802.098 tail:       3.9357693e-162 dofdiff:     10 chisqdiff:  1628.489 taildiff:                    0
B:
          scale     1.000 
     Anatolia_N    -0.413 
         Ami.DG     2.456 
        Mixe.DG     0.534 
   Ganj_Dareh_N    -0.379 
        Onge.DG     0.175 
     Villabruna    -0.391 
     DevilsGate     1.087 
           aACA     0.063 
A:
          scale   506.854 
    Upper_YR_LN     0.758 
      Sherpa.LC     0.200 
            Dai     1.544 

f4info: 
f4rank: 2 dof:      6 chisq:    26.544 tail:        0.00017621842 dofdiff:      8 chisqdiff:   775.554 taildiff:      3.81620018e-162
B:
          scale     1.000     1.000 
     Anatolia_N    -0.341     0.393 
         Ami.DG     1.889    -1.740 
        Mixe.DG     0.805     0.485 
   Ganj_Dareh_N    -0.324     0.210 
        Onge.DG     0.293     0.008 
     Villabruna    -0.337     0.287 
     DevilsGate     1.536     0.788 
           aACA     1.000     1.958 
A:
          scale   356.157  1057.374 
    Upper_YR_LN     1.077     0.390 
      Sherpa.LC     0.885     0.999 
            Dai     1.028    -1.360 

f4info: 
f4rank: 3 dof:      0 chisq:     0.000 tail:                    1 dofdiff:      6 chisqdiff:    26.544 taildiff:        0.00017621842
B:
          scale     1.000     1.000     1.000 
     Anatolia_N    -0.328     0.363     0.267 
         Ami.DG     1.867    -1.782     1.031 
        Mixe.DG     0.814     0.480    -0.350 
   Ganj_Dareh_N    -0.330     0.194     0.722 
        Onge.DG     0.271     0.006     0.383 
     Villabruna    -0.369     0.181     1.411 
     DevilsGate     1.581     0.848    -1.435 
           aACA     0.963     1.916     1.423 
A:
          scale   354.236  1048.314  4020.538 
    Upper_YR_LN     1.096     0.520    -1.236 
      Sherpa.LC     0.872     0.936     1.167 
            Dai     1.019    -1.361     0.331 

## end of run
