/home/cliu7/utils/AdmixTools/bin/qpWave: parameter file: temp/param/qpAdm_Tamang.Naxi.Sherpa.LC.Han.parqddlwkcg
### THE INPUT PARAMETERS
##PARAMETER NAME: VALUE
DIR: data/intermediate
S1: illumina_all_merged.qpAdm
indivname: data/intermediate/illumina_all_merged.qpAdm.grouped2.ind
snpname: data/intermediate/illumina_all_merged.qpAdm.snp
genotypename: data/intermediate/illumina_all_merged.qpAdm.geno
popleft: temp/param/left.qddlwkcg
popright: temp/param/right.qddlwkcg
details: YES
## qpWave version: 410
packed geno read OK
end of inpack

left pops:
Tamang
Naxi
Sherpa.LC
Han

right pops:
Mbuti
Anatolia_N
Ami.DG
Mixe.DG
Ganj_Dareh_N
Onge.DG
Villabruna
DevilsGate
aACA

  0               Tamang   19
  1                 Naxi    8
  2            Sherpa.LC    9
  3                  Han   44
  4                Mbuti   13
  5           Anatolia_N   25
  6               Ami.DG    2
  7              Mixe.DG    3
  8         Ganj_Dareh_N    7
  9              Onge.DG    2
 10           Villabruna    1
 11           DevilsGate    4
 12                 aACA   32
jackknife block size:     0.050
snps: 234294  indivs: 169
number of blocks for block jackknife: 548
dof (jackknife):   466.233
numsnps used: 83000
f4info: 
f4rank: 0 dof:     24 chisq:  3040.782 tail:                    0 dofdiff:      0 chisqdiff:     0.000 taildiff:                    1

f4info: 
f4rank: 1 dof:     14 chisq:   609.470 tail:       5.1296177e-121 dofdiff:     10 chisqdiff:  2431.312 taildiff:                    0
B:
          scale     1.000 
     Anatolia_N    -0.276 
         Ami.DG     2.082 
        Mixe.DG     0.937 
   Ganj_Dareh_N    -0.187 
        Onge.DG     0.291 
     Villabruna    -0.253 
     DevilsGate     1.458 
           aACA     0.634 
A:
          scale   365.288 
           Naxi     0.965 
      Sherpa.LC     0.545 
            Han     1.331 

f4info: 
f4rank: 2 dof:      6 chisq:     5.300 tail:          0.505899966 dofdiff:      8 chisqdiff:   604.170 taildiff:      2.97030758e-125
B:
          scale     1.000     1.000 
     Anatolia_N    -0.262     0.071 
         Ami.DG     1.859    -1.572 
        Mixe.DG     0.919     0.058 
   Ganj_Dareh_N    -0.264     0.019 
        Onge.DG     0.314     0.052 
     Villabruna    -0.233     0.061 
     DevilsGate     1.547     0.353 
           aACA     1.008     2.321 
A:
          scale   329.852  1704.892 
           Naxi     0.984     0.001 
      Sherpa.LC     0.804     1.441 
            Han     1.177    -0.960 

f4info: 
f4rank: 3 dof:      0 chisq:     0.000 tail:                    1 dofdiff:      6 chisqdiff:     5.300 taildiff:          0.505899966
B:
          scale     1.000     1.000     1.000 
     Anatolia_N    -0.271     0.211     1.588 
         Ami.DG     1.856    -1.544     0.350 
        Mixe.DG     0.913     0.042     0.121 
   Ganj_Dareh_N    -0.270     0.150     1.535 
        Onge.DG     0.323    -0.004    -0.389 
     Villabruna    -0.248     0.203     1.570 
     DevilsGate     1.544     0.415     0.552 
           aACA     1.012     2.310    -0.250 
A:
          scale   329.733  1679.632 10119.335 
           Naxi     0.959    -0.073    -1.440 
      Sherpa.LC     0.823     1.448     0.474 
            Han     1.184    -0.947     0.837 

## end of run
