/home/cliu7/utils/AdmixTools/bin/qpWave: parameter file: temp/param/qpAdm_Tshangla.Naga.Sherpa.LC.Han.parq23_ebqq
### THE INPUT PARAMETERS
##PARAMETER NAME: VALUE
DIR: data/intermediate
S1: illumina_all_merged.qpAdm
indivname: data/intermediate/illumina_all_merged.qpAdm.grouped2.ind
snpname: data/intermediate/illumina_all_merged.qpAdm.snp
genotypename: data/intermediate/illumina_all_merged.qpAdm.geno
popleft: temp/param/left.q23_ebqq
popright: temp/param/right.q23_ebqq
details: YES
## qpWave version: 410
packed geno read OK
end of inpack

left pops:
Tshangla
Naga
Sherpa.LC
Han

right pops:
Mbuti
Anatolia_N
Ami.DG
Mixe.DG
Ganj_Dareh_N
Onge.DG
Villabruna
DevilsGate
aACA

  0             Tshangla   19
  1                 Naga    4
  2            Sherpa.LC    9
  3                  Han   44
  4                Mbuti   13
  5           Anatolia_N   25
  6               Ami.DG    2
  7              Mixe.DG    3
  8         Ganj_Dareh_N    7
  9              Onge.DG    2
 10           Villabruna    1
 11           DevilsGate    4
 12                 aACA   32
jackknife block size:     0.050
snps: 234294  indivs: 165
number of blocks for block jackknife: 548
dof (jackknife):   466.377
numsnps used: 83435
f4info: 
f4rank: 0 dof:     24 chisq:  1952.228 tail:                    0 dofdiff:      0 chisqdiff:     0.000 taildiff:                    1

f4info: 
f4rank: 1 dof:     14 chisq:    74.241 tail:       3.25937919e-10 dofdiff:     10 chisqdiff:  1877.986 taildiff:                    0
B:
          scale     1.000 
     Anatolia_N    -0.083 
         Ami.DG     2.462 
        Mixe.DG     0.569 
   Ganj_Dareh_N    -0.046 
        Onge.DG     0.342 
     Villabruna    -0.118 
     DevilsGate     0.963 
           aACA    -0.738 
A:
          scale   980.661 
           Naga     0.313 
      Sherpa.LC    -0.360 
            Han     1.665 

f4info: 
f4rank: 2 dof:      6 chisq:    17.594 tail:        0.00733074895 dofdiff:      8 chisqdiff:    56.647 taildiff:       2.10993027e-09
B:
          scale     1.000     1.000 
     Anatolia_N    -0.150    -0.237 
         Ami.DG     2.402    -0.865 
        Mixe.DG     0.713     0.621 
   Ganj_Dareh_N    -0.107    -0.322 
        Onge.DG     0.332     0.250 
     Villabruna    -0.112     0.043 
     DevilsGate     1.215     1.145 
           aACA    -0.297     2.309 
A:
          scale   879.830  2620.210 
           Naga     0.760     1.249 
      Sherpa.LC     0.034     1.114 
            Han     1.556    -0.448 

f4info: 
f4rank: 3 dof:      0 chisq:     0.000 tail:                    1 dofdiff:      6 chisqdiff:    17.594 taildiff:        0.00733074895
B:
          scale     1.000     1.000     1.000 
     Anatolia_N    -0.140     0.211     1.699 
         Ami.DG     2.365    -0.597     0.585 
        Mixe.DG     0.762     0.489    -0.880 
   Ganj_Dareh_N    -0.095     0.190     1.723 
        Onge.DG     0.388     0.378    -0.048 
     Villabruna    -0.107     0.315     1.002 
     DevilsGate     1.257     1.226    -0.149 
           aACA    -0.241     2.362    -0.009 
A:
          scale   895.367  2536.691  4848.740 
           Naga     0.629     0.788    -1.409 
      Sherpa.LC     0.158     1.474     0.895 
            Han     1.606    -0.454     0.463 

## end of run
