/home/cliu7/utils/AdmixTools/bin/qpWave: parameter file: temp/param/qpAdm_Tshangla.Yi.Sherpa.LC.Dai.parwe0ojxnx
### THE INPUT PARAMETERS
##PARAMETER NAME: VALUE
DIR: data/intermediate
S1: illumina_all_merged.qpAdm
indivname: data/intermediate/illumina_all_merged.qpAdm.grouped2.ind
snpname: data/intermediate/illumina_all_merged.qpAdm.snp
genotypename: data/intermediate/illumina_all_merged.qpAdm.geno
popleft: temp/param/left.we0ojxnx
popright: temp/param/right.we0ojxnx
details: YES
## qpWave version: 410
packed geno read OK
end of inpack

left pops:
Tshangla
Yi
Sherpa.LC
Dai

right pops:
Mbuti
Anatolia_N
Ami.DG
Mixe.DG
Ganj_Dareh_N
Onge.DG
Villabruna
DevilsGate
aACA

  0             Tshangla   19
  1                   Yi   10
  2            Sherpa.LC    9
  3                  Dai   10
  4                Mbuti   13
  5           Anatolia_N   25
  6               Ami.DG    2
  7              Mixe.DG    3
  8         Ganj_Dareh_N    7
  9              Onge.DG    2
 10           Villabruna    1
 11           DevilsGate    4
 12                 aACA   32
jackknife block size:     0.050
snps: 234294  indivs: 137
number of blocks for block jackknife: 548
dof (jackknife):   466.719
numsnps used: 83818
f4info: 
f4rank: 0 dof:     24 chisq:  1604.106 tail:                    0 dofdiff:      0 chisqdiff:     0.000 taildiff:                    1

f4info: 
f4rank: 1 dof:     14 chisq:    79.388 tail:       3.67415195e-11 dofdiff:     10 chisqdiff:  1524.718 taildiff:      1.15611361e-321
B:
          scale     1.000 
     Anatolia_N     0.364 
         Ami.DG    -2.276 
        Mixe.DG     0.226 
   Ganj_Dareh_N     0.255 
        Onge.DG    -0.105 
     Villabruna     0.397 
     DevilsGate     0.127 
           aACA     1.545 
A:
          scale   839.150 
             Yi    -0.585 
      Sherpa.LC     0.302 
            Dai    -1.602 

f4info: 
f4rank: 2 dof:      6 chisq:    12.609 tail:         0.0496764895 dofdiff:      8 chisqdiff:    66.779 taildiff:       2.14505982e-11
B:
          scale     1.000     1.000 
     Anatolia_N    -0.329     0.172 
         Ami.DG     2.430     0.588 
        Mixe.DG    -0.034     1.029 
   Ganj_Dareh_N    -0.264    -0.149 
        Onge.DG     0.257     0.734 
     Villabruna    -0.325     0.041 
     DevilsGate     0.244     1.901 
           aACA    -1.297     1.546 
A:
          scale   825.209  2152.620 
             Yi     0.736     1.297 
      Sherpa.LC    -0.190     0.979 
            Dai     1.556    -0.599 

f4info: 
f4rank: 3 dof:      0 chisq:     0.000 tail:                    1 dofdiff:      6 chisqdiff:    12.609 taildiff:         0.0496764895
B:
          scale     1.000     1.000     1.000 
     Anatolia_N    -0.299     0.347     0.906 
         Ami.DG     2.460     0.723     0.816 
        Mixe.DG    -0.045     0.783    -1.207 
   Ganj_Dareh_N    -0.191     0.161     1.630 
        Onge.DG     0.254     0.665    -0.409 
     Villabruna    -0.271     0.195     1.084 
     DevilsGate     0.241     1.828    -0.746 
           aACA    -1.274     1.701     0.707 
A:
          scale   820.699  2046.465  7095.789 
             Yi     0.722     1.170    -1.054 
      Sherpa.LC    -0.130     1.200     1.242 
            Dai     1.569    -0.439     0.588 

## end of run
