/home/cliu7/utils/AdmixTools/bin/qpAdm: parameter file: temp/param/qpAdm_Tshangla.Yi.Sherpa.LC.Pathan.partogtp6qs
### THE INPUT PARAMETERS
##PARAMETER NAME: VALUE
DIR: data/intermediate
S1: illumina_all_merged.qpAdm
indivname: data/intermediate/illumina_all_merged.qpAdm.grouped2.ind
snpname: data/intermediate/illumina_all_merged.qpAdm.snp
genotypename: data/intermediate/illumina_all_merged.qpAdm.geno
popleft: temp/param/left.togtp6qs
popright: temp/param/right.togtp6qs
details: YES
## qpAdm version: 810
seed: 218062799
packed geno read OK
end of inpack

left pops:
Tshangla
Yi
Sherpa.LC
Pathan

right pops:
Mbuti
Anatolia_N
Ami.DG
Mixe.DG
Ganj_Dareh_N
Onge.DG
Villabruna
DevilsGate
aACA

  0             Tshangla   19
  1                   Yi   10
  2            Sherpa.LC    9
  3               Pathan   22
  4                Mbuti   13
  5           Anatolia_N   25
  6               Ami.DG    2
  7              Mixe.DG    3
  8         Ganj_Dareh_N    7
  9              Onge.DG    2
 10           Villabruna    1
 11           DevilsGate    4
 12                 aACA   32
jackknife block size:     0.050
snps: 234294  indivs: 149
number of blocks for block jackknife: 548
## ncols: 234294
coverage:             Tshangla 234294
coverage:                   Yi 234294
coverage:            Sherpa.LC 117394
coverage:               Pathan 234294
coverage:                Mbuti 234294
coverage:           Anatolia_N 117047
coverage:               Ami.DG 228808
coverage:              Mixe.DG 228825
coverage:         Ganj_Dareh_N 104920
coverage:              Onge.DG 228703
coverage:           Villabruna  86810
coverage:           DevilsGate 117364
coverage:                 aACA 120350
dof (jackknife):   465.513
numsnps used: 82310
codimension 1
f4info: 
f4rank: 2 dof:      6 chisq:    11.022 tail:         0.0876911146 dofdiff:      8 chisqdiff:   -11.022 taildiff:                    1
B:
          scale     1.000     1.000 
     Anatolia_N    -0.559    -0.246 
         Ami.DG     1.399    -1.483 
        Mixe.DG     0.817     0.192 
   Ganj_Dareh_N    -0.596    -0.133 
        Onge.DG     0.591    -0.107 
     Villabruna    -0.413    -0.038 
     DevilsGate     1.434     0.190 
           aACA     1.461     2.374 
A:
          scale   125.893  2038.177 
             Yi     0.121    -1.506 
      Sherpa.LC     0.018     0.644 
         Pathan    -1.728    -0.564 


full rank
f4info: 
f4rank: 3 dof:      0 chisq:     0.000 tail:                    1 dofdiff:      6 chisqdiff:    11.022 taildiff:         0.0876911146
B:
          scale     1.000     1.000     1.000 
     Anatolia_N    -0.500    -0.007     0.945 
         Ami.DG     1.389    -1.729     0.865 
        Mixe.DG     0.805    -0.032    -0.444 
   Ganj_Dareh_N    -0.547     0.114     0.783 
        Onge.DG     0.595    -0.201    -0.034 
     Villabruna    -0.381     0.202     0.457 
     DevilsGate     1.469    -0.059    -0.140 
           aACA     1.488     2.216    -2.306 
A:
          scale   133.731  1111.178   927.357 
             Yi     0.136    -0.486     0.318 
      Sherpa.LC     0.099     1.034     0.745 
         Pathan    -1.724     1.302     1.531 


best coefficients:     0.284     0.689     0.027 
Jackknife mean:      0.285210416     0.687587190     0.027202394 
      std. errors:     0.042     0.041     0.005 

error covariance (* 1000000)
      1755      -1709        -46 
     -1709       1692         17 
       -46         17         28 


summ: Tshangla    3      0.087691     0.285     0.688     0.027  1755 -1709   -46  1692    17    28 

    fixed pat  wt  dof     chisq       tail prob
          000  0     6    11.022       0.0876911     0.284     0.689     0.027 
          001  1     7   431.204               0     2.190    -1.190    -0.000  infeasible
          010  1     7   293.163               0     0.989     0.000     0.011 
          100  1     7    41.914     5.40226e-07    -0.000     0.968     0.032 
          011  2     8   300.404               0     1.000     0.000    -0.000 
          101  2     8    64.076     7.34867e-11     0.000     1.000    -0.000 
          110  2     8  7614.473               0     0.000    -0.000     1.000 
best pat:          000        0.0876911              -  -
best pat:          100      5.40226e-07  chi(nested):    30.892 p-value for nested model:     2.72843e-08
best pat:          101      7.34867e-11  chi(nested):    22.162 p-value for nested model:     2.50592e-06

coeffs:     0.284     0.689     0.027 

## dscore:: f_4(Base, Fit, Rbase, right2)
## genstat:: f_4(Base, Fit, right1, right2)

details:              Yi      Anatolia_N    -0.000203   -1.215476
details:       Sherpa.LC      Anatolia_N     0.000417    1.780824
details:          Pathan      Anatolia_N     0.007892   26.148321
dscore:      Anatolia_N f4:     0.000444 Z:     2.465607

details:              Yi          Ami.DG     0.002502   10.724559
details:       Sherpa.LC          Ami.DG     0.000181    0.619567
details:          Pathan          Ami.DG    -0.018783  -46.876609
dscore:          Ami.DG f4:     0.000325 Z:     1.441713

details:              Yi         Mixe.DG     0.000598    2.587419
details:       Sherpa.LC         Mixe.DG     0.000260    0.912740
details:          Pathan         Mixe.DG    -0.011311  -26.710673
dscore:         Mixe.DG f4:     0.000042 Z:     0.189387

details:              Yi    Ganj_Dareh_N    -0.000324   -1.539233
details:       Sherpa.LC    Ganj_Dareh_N     0.000418    1.411792
details:          Pathan    Ganj_Dareh_N     0.008417   22.689438
dscore:    Ganj_Dareh_N f4:     0.000424 Z:     1.863277

details:              Yi         Onge.DG     0.000677    2.992984
details:       Sherpa.LC         Onge.DG     0.000283    0.976129
details:          Pathan         Onge.DG    -0.008089  -20.205485
dscore:         Onge.DG f4:     0.000168 Z:     0.749749

details:              Yi      Villabruna    -0.000293   -1.021266
details:       Sherpa.LC      Villabruna     0.000354    0.954690
details:          Pathan      Villabruna     0.005830   12.243150
dscore:      Villabruna f4:     0.000319 Z:     1.119543

details:              Yi      DevilsGate     0.001393    5.509916
details:       Sherpa.LC      DevilsGate     0.000919    2.893086
details:          Pathan      DevilsGate    -0.019624  -46.618530
dscore:      DevilsGate f4:     0.000496 Z:     1.987631

details:              Yi            aACA    -0.000258   -1.360740
details:       Sherpa.LC            aACA     0.001347    5.872897
details:          Pathan            aACA    -0.020649  -57.663453
dscore:            aACA f4:     0.000293 Z:     1.649999

gendstat:                Mbuti           Anatolia_N     2.466
gendstat:                Mbuti               Ami.DG     1.442
gendstat:                Mbuti              Mixe.DG     0.189
gendstat:                Mbuti         Ganj_Dareh_N     1.863
gendstat:                Mbuti              Onge.DG     0.750
gendstat:                Mbuti           Villabruna     1.120
gendstat:                Mbuti           DevilsGate     1.988
gendstat:                Mbuti                 aACA     1.650
gendstat:           Anatolia_N               Ami.DG    -0.525
gendstat:           Anatolia_N              Mixe.DG    -1.955
gendstat:           Anatolia_N         Ganj_Dareh_N    -0.102
gendstat:           Anatolia_N              Onge.DG    -1.246
gendstat:           Anatolia_N           Villabruna    -0.531
gendstat:           Anatolia_N           DevilsGate     0.220
gendstat:           Anatolia_N                 aACA    -0.891
gendstat:               Ami.DG              Mixe.DG    -1.265
gendstat:               Ami.DG         Ganj_Dareh_N     0.384
gendstat:               Ami.DG              Onge.DG    -0.672
gendstat:               Ami.DG           Villabruna    -0.022
gendstat:               Ami.DG           DevilsGate     0.706
gendstat:               Ami.DG                 aACA    -0.181
gendstat:              Mixe.DG         Ganj_Dareh_N     1.455
gendstat:              Mixe.DG              Onge.DG     0.532
gendstat:              Mixe.DG           Villabruna     0.933
gendstat:              Mixe.DG           DevilsGate     1.873
gendstat:              Mixe.DG                 aACA     1.396
gendstat:         Ganj_Dareh_N              Onge.DG    -1.001
gendstat:         Ganj_Dareh_N           Villabruna    -0.357
gendstat:         Ganj_Dareh_N           DevilsGate     0.264
gendstat:         Ganj_Dareh_N                 aACA    -0.586
gendstat:              Onge.DG           Villabruna     0.492
gendstat:              Onge.DG           DevilsGate     1.262
gendstat:              Onge.DG                 aACA     0.630
gendstat:           Villabruna           DevilsGate     0.574
gendstat:           Villabruna                 aACA    -0.093
gendstat:           DevilsGate                 aACA    -1.008

## end of run
