/home/cliu7/utils/AdmixTools/bin/qpAdm: parameter file: temp/param/qpAdm_Tshangla.Naxi.Sherpa.LC.Dai.parbuby24u1
### THE INPUT PARAMETERS
##PARAMETER NAME: VALUE
DIR: data/intermediate
S1: illumina_all_merged.qpAdm
indivname: data/intermediate/illumina_all_merged.qpAdm.grouped2.ind
snpname: data/intermediate/illumina_all_merged.qpAdm.snp
genotypename: data/intermediate/illumina_all_merged.qpAdm.geno
popleft: temp/param/left.buby24u1
popright: temp/param/right.buby24u1
details: YES
## qpAdm version: 810
seed: 304210675
packed geno read OK
end of inpack

left pops:
Tshangla
Naxi
Sherpa.LC
Dai

right pops:
Mbuti
Anatolia_N
Ami.DG
Mixe.DG
Ganj_Dareh_N
Onge.DG
Villabruna
DevilsGate
aACA

  0             Tshangla   19
  1                 Naxi    8
  2            Sherpa.LC    9
  3                  Dai   10
  4                Mbuti   13
  5           Anatolia_N   25
  6               Ami.DG    2
  7              Mixe.DG    3
  8         Ganj_Dareh_N    7
  9              Onge.DG    2
 10           Villabruna    1
 11           DevilsGate    4
 12                 aACA   32
jackknife block size:     0.050
snps: 234294  indivs: 135
number of blocks for block jackknife: 548
## ncols: 234294
coverage:             Tshangla 234294
coverage:                 Naxi 234294
coverage:            Sherpa.LC 117394
coverage:                  Dai 234294
coverage:                Mbuti 234294
coverage:           Anatolia_N 117047
coverage:               Ami.DG 228808
coverage:              Mixe.DG 228825
coverage:         Ganj_Dareh_N 104920
coverage:              Onge.DG 228703
coverage:           Villabruna  86810
coverage:           DevilsGate 117364
coverage:                 aACA 120350
dof (jackknife):   466.719
numsnps used: 83835
codimension 1
f4info: 
f4rank: 2 dof:      6 chisq:    11.539 tail:         0.0730881565 dofdiff:      8 chisqdiff:   -11.539 taildiff:                    1
B:
          scale     1.000     1.000 
     Anatolia_N    -0.320     0.270 
         Ami.DG     2.401     0.566 
        Mixe.DG    -0.112     1.063 
   Ganj_Dareh_N    -0.188     0.150 
        Onge.DG     0.170     0.575 
     Villabruna    -0.303     0.154 
     DevilsGate     0.074     1.753 
           aACA    -1.400     1.740 
A:
          scale   832.314  2231.984 
           Naxi     0.714     1.226 
      Sherpa.LC    -0.132     1.196 
            Dai     1.572    -0.256 


full rank
f4info: 
f4rank: 3 dof:      0 chisq:     0.000 tail:                    1 dofdiff:      6 chisqdiff:    11.539 taildiff:         0.0730881565
B:
          scale     1.000     1.000     1.000 
     Anatolia_N    -0.313     0.291     1.010 
         Ami.DG     2.418     0.611     0.242 
        Mixe.DG    -0.109     0.932    -1.674 
   Ganj_Dareh_N    -0.165     0.229     1.222 
        Onge.DG     0.188     0.569    -0.271 
     Villabruna    -0.270     0.153     0.937 
     DevilsGate     0.087     1.776    -0.491 
           aACA    -1.378     1.767     1.198 
A:
          scale   831.217  2284.005  8366.445 
           Naxi     0.669     1.202    -0.799 
      Sherpa.LC    -0.078     1.230     1.490 
            Dai     1.596    -0.204     0.376 


best coefficients:    -1.444     1.650     0.794 
Jackknife mean:     -0.414781469     1.071961136     0.342820333 
      std. errors:     1.501     0.843     0.661 

error covariance (* 1000000)
   2252194   -1262682    -989513 
  -1262682     709940     552742 
   -989513     552742     436771 


summ: Tshangla    3      0.073088    -0.415     1.072     0.343 2252194 -1262682 -989513 709940 552742 436771 

    fixed pat  wt  dof     chisq       tail prob
          000  0     6    11.539       0.0730882    -1.444     1.650     0.794  infeasible
          001  1     7    31.671     4.67319e-05     0.341     0.659    -0.000 
          010  1     7    34.570     1.34708e-05     1.504     0.000    -0.504  infeasible
          100  1     7    20.979      0.00380173    -0.000     0.839     0.161 
          011  2     8   201.725               0     1.000     0.000    -0.000 
          101  2     8    63.142     1.12303e-10     0.000     1.000    -0.000 
          110  2     8  1330.590               0     0.000     0.000     1.000 
best pat:          000        0.0730882              -  -
best pat:          100       0.00380173  chi(nested):     9.440 p-value for nested model:      0.00212294
best pat:          101      1.12303e-10  chi(nested):    42.164 p-value for nested model:     8.39433e-11

coeffs:    -1.444     1.650     0.794 

## dscore:: f_4(Base, Fit, Rbase, right2)
## genstat:: f_4(Base, Fit, right1, right2)

details:            Naxi      Anatolia_N    -0.000188   -0.988096
details:       Sherpa.LC      Anatolia_N     0.000410    1.782140
details:             Dai      Anatolia_N    -0.000572   -2.928034
dscore:      Anatolia_N f4:     0.000493 Z:     1.103186

details:            Naxi          Ami.DG     0.002257    8.936671
details:       Sherpa.LC          Ami.DG     0.000178    0.620091
details:             Dai          Ami.DG     0.004615   17.230773
dscore:          Ami.DG f4:     0.000700 Z:     1.276138

details:            Naxi         Mixe.DG     0.000568    2.401417
details:       Sherpa.LC         Mixe.DG     0.000255    0.914007
details:             Dai         Mixe.DG    -0.000354   -1.328180
dscore:         Mixe.DG f4:    -0.000681 Z:    -1.274363

details:            Naxi    Ganj_Dareh_N    -0.000123   -0.546091
details:       Sherpa.LC    Ganj_Dareh_N     0.000410    1.413528
details:             Dai    Ganj_Dareh_N    -0.000265   -1.010956
dscore:    Ganj_Dareh_N f4:     0.000643 Z:     1.182755

details:            Naxi         Onge.DG     0.000487    2.125596
details:       Sherpa.LC         Onge.DG     0.000278    0.977128
details:             Dai         Onge.DG     0.000309    1.237532
dscore:         Onge.DG f4:     0.000001 Z:     0.001149

details:            Naxi      Villabruna    -0.000230   -0.812757
details:       Sherpa.LC      Villabruna     0.000347    0.954666
details:             Dai      Villabruna    -0.000471   -1.453483
dscore:      Villabruna f4:     0.000532 Z:     0.753417

details:            Naxi      DevilsGate     0.001059    4.147709
details:       Sherpa.LC      DevilsGate     0.000903    2.894193
details:             Dai      DevilsGate     0.000007    0.023505
dscore:      DevilsGate f4:    -0.000035 Z:    -0.056233

details:            Naxi            aACA    -0.000288   -1.507150
details:       Sherpa.LC            aACA     0.001322    5.876886
details:             Dai            aACA    -0.002741  -12.944682
dscore:            aACA f4:     0.000421 Z:     0.973152

gendstat:                Mbuti           Anatolia_N     1.103
gendstat:                Mbuti               Ami.DG     1.276
gendstat:                Mbuti              Mixe.DG    -1.274
gendstat:                Mbuti         Ganj_Dareh_N     1.183
gendstat:                Mbuti              Onge.DG     0.001
gendstat:                Mbuti           Villabruna     0.753
gendstat:                Mbuti           DevilsGate    -0.056
gendstat:                Mbuti                 aACA     0.973
gendstat:           Anatolia_N               Ami.DG     0.395
gendstat:           Anatolia_N              Mixe.DG    -2.431
gendstat:           Anatolia_N         Ganj_Dareh_N     0.326
gendstat:           Anatolia_N              Onge.DG    -0.925
gendstat:           Anatolia_N           Villabruna     0.066
gendstat:           Anatolia_N           DevilsGate    -0.937
gendstat:           Anatolia_N                 aACA    -0.180
gendstat:               Ami.DG              Mixe.DG    -2.623
gendstat:               Ami.DG         Ganj_Dareh_N    -0.095
gendstat:               Ami.DG              Onge.DG    -1.192
gendstat:               Ami.DG           Villabruna    -0.221
gendstat:               Ami.DG           DevilsGate    -1.279
gendstat:               Ami.DG                 aACA    -0.680
gendstat:              Mixe.DG         Ganj_Dareh_N     2.202
gendstat:              Mixe.DG              Onge.DG     1.183
gendstat:              Mixe.DG           Villabruna     1.676
gendstat:              Mixe.DG           DevilsGate     1.136
gendstat:              Mixe.DG                 aACA     2.683
gendstat:         Ganj_Dareh_N              Onge.DG    -1.007
gendstat:         Ganj_Dareh_N           Villabruna    -0.158
gendstat:         Ganj_Dareh_N           DevilsGate    -1.027
gendstat:         Ganj_Dareh_N                 aACA    -0.420
gendstat:              Onge.DG           Villabruna     0.723
gendstat:              Onge.DG           DevilsGate    -0.056
gendstat:              Onge.DG                 aACA     0.858
gendstat:           Villabruna           DevilsGate    -0.758
gendstat:           Villabruna                 aACA    -0.168
gendstat:           DevilsGate                 aACA     0.944

## end of run
