/home/cliu7/utils/AdmixTools/bin/qpAdm: parameter file: temp/param/qpAdm_Tshangla.Upper_YR_LN.Sherpa.LC.Pathan.parakrr_3hh
### THE INPUT PARAMETERS
##PARAMETER NAME: VALUE
DIR: data/intermediate
S1: illumina_all_merged.qpAdm
indivname: data/intermediate/illumina_all_merged.qpAdm.grouped2.ind
snpname: data/intermediate/illumina_all_merged.qpAdm.snp
genotypename: data/intermediate/illumina_all_merged.qpAdm.geno
popleft: temp/param/left.akrr_3hh
popright: temp/param/right.akrr_3hh
details: YES
## qpAdm version: 810
seed: 1113399089
packed geno read OK
end of inpack

left pops:
Tshangla
Upper_YR_LN
Sherpa.LC
Pathan

right pops:
Mbuti
Anatolia_N
Ami.DG
Mixe.DG
Ganj_Dareh_N
Onge.DG
Villabruna
DevilsGate
aACA

  0             Tshangla   19
  1          Upper_YR_LN    7
  2            Sherpa.LC    9
  3               Pathan   22
  4                Mbuti   13
  5           Anatolia_N   25
  6               Ami.DG    2
  7              Mixe.DG    3
  8         Ganj_Dareh_N    7
  9              Onge.DG    2
 10           Villabruna    1
 11           DevilsGate    4
 12                 aACA   32
jackknife block size:     0.050
snps: 234294  indivs: 146
number of blocks for block jackknife: 548
## ncols: 234294
coverage:             Tshangla 234294
coverage:          Upper_YR_LN 232854
coverage:            Sherpa.LC 117394
coverage:               Pathan 234294
coverage:                Mbuti 234294
coverage:           Anatolia_N 117047
coverage:               Ami.DG 228808
coverage:              Mixe.DG 228825
coverage:         Ganj_Dareh_N 104920
coverage:              Onge.DG 228703
coverage:           Villabruna  86810
coverage:           DevilsGate 117364
coverage:                 aACA 120350
dof (jackknife):   465.430
numsnps used: 81967
codimension 1
f4info: 
f4rank: 2 dof:      6 chisq:    20.987 tail:        0.00184487519 dofdiff:      8 chisqdiff:   -20.987 taildiff:                    1
B:
          scale     1.000     1.000 
     Anatolia_N    -0.558    -0.153 
         Ami.DG     1.361    -0.761 
        Mixe.DG     0.825    -0.233 
   Ganj_Dareh_N    -0.591    -0.003 
        Onge.DG     0.576     0.275 
     Villabruna    -0.414     0.268 
     DevilsGate     1.445    -0.619 
           aACA     1.489     2.610 
A:
          scale   125.466  3180.077 
    Upper_YR_LN     0.110    -1.446 
      Sherpa.LC     0.019     0.932 
         Pathan    -1.728    -0.202 


full rank
f4info: 
f4rank: 3 dof:      0 chisq:     0.000 tail:                    1 dofdiff:      6 chisqdiff:    20.987 taildiff:        0.00184487519
B:
          scale     1.000     1.000     1.000 
     Anatolia_N    -0.542    -0.990     0.575 
         Ami.DG     1.360     0.043    -1.284 
        Mixe.DG     0.824     0.042    -0.596 
   Ganj_Dareh_N    -0.582    -0.672     0.685 
        Onge.DG     0.578     0.359    -0.214 
     Villabruna    -0.423     0.054     0.361 
     DevilsGate     1.470    -0.778    -0.062 
           aACA     1.471     2.414     2.240 
A:
          scale   127.824  1875.584  3306.319 
    Upper_YR_LN     0.173    -1.431     0.484 
      Sherpa.LC     0.054    -0.363     1.517 
         Pathan    -1.723    -0.905     0.681 


best coefficients:     0.377     0.592     0.030 
Jackknife mean:      0.376862846     0.592675873     0.030461281 
      std. errors:     0.076     0.076     0.005 

error covariance (* 1000000)
      5837      -5788        -49 
     -5788       5767         20 
       -49         20         29 


summ: Tshangla    3      0.001845     0.377     0.593     0.030  5837 -5788   -49  5767    20    29 

    fixed pat  wt  dof     chisq       tail prob
          000  0     6    20.987      0.00184488     0.377     0.592     0.030 
          001  1     7   105.093     9.54931e-20    13.386   -12.386    -0.000  infeasible
          010  1     7    57.332     5.13535e-10     0.973    -0.000     0.027 
          100  1     7    41.483     6.53854e-07     0.000     0.969     0.031 
          011  2     8    68.780     8.59488e-12     1.000     0.000    -0.000 
          101  2     8    65.179     4.44835e-11     0.000     1.000    -0.000 
          110  2     8  7565.327               0     0.000    -0.000     1.000 
best pat:          000       0.00184488              -  -
best pat:          100      6.53854e-07  chi(nested):    20.496 p-value for nested model:     5.97422e-06
best pat:          101      4.44835e-11  chi(nested):    23.696 p-value for nested model:     1.12816e-06

coeffs:     0.377     0.592     0.030 

## dscore:: f_4(Base, Fit, Rbase, right2)
## genstat:: f_4(Base, Fit, right1, right2)

details:     Upper_YR_LN      Anatolia_N    -0.000088   -0.258564
details:       Sherpa.LC      Anatolia_N     0.000430    1.829935
details:          Pathan      Anatolia_N     0.007894   26.028400
dscore:      Anatolia_N f4:     0.000461 Z:     2.325645

details:     Upper_YR_LN          Ami.DG     0.001467    3.539173
details:       Sherpa.LC          Ami.DG     0.000180    0.614061
details:          Pathan          Ami.DG    -0.018758  -46.799424
dscore:          Ami.DG f4:     0.000090 Z:     0.369334

details:     Upper_YR_LN         Mixe.DG     0.000820    2.026052
details:       Sherpa.LC         Mixe.DG     0.000280    0.979755
details:          Pathan         Mixe.DG    -0.011291  -26.594397
dscore:         Mixe.DG f4:     0.000132 Z:     0.552749

details:     Upper_YR_LN    Ganj_Dareh_N    -0.000265   -0.647933
details:       Sherpa.LC    Ganj_Dareh_N     0.000460    1.550230
details:          Pathan    Ganj_Dareh_N     0.008405   22.485116
dscore:    Ganj_Dareh_N f4:     0.000428 Z:     1.723057

details:     Upper_YR_LN         Onge.DG     0.000238    0.546734
details:       Sherpa.LC         Onge.DG     0.000299    1.029193
details:          Pathan         Onge.DG    -0.008062  -20.147745
dscore:         Onge.DG f4:     0.000022 Z:     0.083568

details:     Upper_YR_LN      Villabruna    -0.000778   -1.513677
details:       Sherpa.LC      Villabruna     0.000385    1.038473
details:          Pathan      Villabruna     0.005829   12.243561
dscore:      Villabruna f4:     0.000112 Z:     0.362950

details:     Upper_YR_LN      DevilsGate     0.002481    5.302697
details:       Sherpa.LC      DevilsGate     0.000942    2.960421
details:          Pathan      DevilsGate    -0.019589  -46.497443
dscore:      DevilsGate f4:     0.000899 Z:     3.188247

details:     Upper_YR_LN            aACA     0.000341    1.020154
details:       Sherpa.LC            aACA     0.001357    5.883037
details:          Pathan            aACA    -0.020638  -57.655620
dscore:            aACA f4:     0.000305 Z:     1.542834

gendstat:                Mbuti           Anatolia_N     2.326
gendstat:                Mbuti               Ami.DG     0.369
gendstat:                Mbuti              Mixe.DG     0.553
gendstat:                Mbuti         Ganj_Dareh_N     1.723
gendstat:                Mbuti              Onge.DG     0.084
gendstat:                Mbuti           Villabruna     0.363
gendstat:                Mbuti           DevilsGate     3.188
gendstat:                Mbuti                 aACA     1.543
gendstat:           Anatolia_N               Ami.DG    -1.606
gendstat:           Anatolia_N              Mixe.DG    -1.499
gendstat:           Anatolia_N         Ganj_Dareh_N    -0.158
gendstat:           Anatolia_N              Onge.DG    -1.816
gendstat:           Anatolia_N           Villabruna    -1.345
gendstat:           Anatolia_N           DevilsGate     1.732
gendstat:           Anatolia_N                 aACA    -0.904
gendstat:               Ami.DG              Mixe.DG     0.180
gendstat:               Ami.DG         Ganj_Dareh_N     1.277
gendstat:               Ami.DG              Onge.DG    -0.264
gendstat:               Ami.DG           Villabruna     0.066
gendstat:               Ami.DG           DevilsGate     3.119
gendstat:               Ami.DG                 aACA     1.174
gendstat:              Mixe.DG         Ganj_Dareh_N     1.076
gendstat:              Mixe.DG              Onge.DG    -0.416
gendstat:              Mixe.DG           Villabruna    -0.062
gendstat:              Mixe.DG           DevilsGate     2.945
gendstat:              Mixe.DG                 aACA     0.927
gendstat:         Ganj_Dareh_N              Onge.DG    -1.457
gendstat:         Ganj_Dareh_N           Villabruna    -0.979
gendstat:         Ganj_Dareh_N           DevilsGate     1.590
gendstat:         Ganj_Dareh_N                 aACA    -0.532
gendstat:              Onge.DG           Villabruna     0.268
gendstat:              Onge.DG           DevilsGate     3.089
gendstat:              Onge.DG                 aACA     1.284
gendstat:           Villabruna           DevilsGate     2.316
gendstat:           Villabruna                 aACA     0.665
gendstat:           DevilsGate                 aACA    -2.746

## end of run
