/home/cliu7/utils/AdmixTools/bin/qpWave: parameter file: temp/param/qpAdm_Gurung.Sherpa.LC.YR_MN.parex_gjo5l
### THE INPUT PARAMETERS
##PARAMETER NAME: VALUE
DIR: data/intermediate
S1: HO_all_merged.qpAdm
indivname: data/intermediate/HO_all_merged.qpAdm.grouped2.ind
snpname: data/intermediate/HO_all_merged.qpAdm.snp
genotypename: data/intermediate/HO_all_merged.qpAdm.geno
popleft: temp/param/left.ex_gjo5l
popright: temp/param/right.ex_gjo5l
details: YES
## qpWave version: 410
packed geno read OK
end of inpack

left pops:
Gurung
Sherpa.LC
YR_MN

right pops:
Mbuti
Anatolia_N
Ami
Mixe
Ganj_Dareh_N
Onge
Villabruna
DevilsGate
aACA

  0               Gurung    5
  1            Sherpa.LC    9
  2                YR_MN    8
  3                Mbuti   10
  4           Anatolia_N   25
  5                  Ami   10
  6                 Mixe   10
  7         Ganj_Dareh_N    7
  8                 Onge   12
  9           Villabruna    1
 10           DevilsGate    4
 11                 aACA   32
jackknife block size:     0.050
snps: 498990  indivs: 133
number of blocks for block jackknife: 710
dof (jackknife):   583.331
numsnps used: 426096
f4info: 
f4rank: 0 dof:     16 chisq:   522.118 tail:      7.08008397e-101 dofdiff:      0 chisqdiff:     0.000 taildiff:                    1

f4info: 
f4rank: 1 dof:      7 chisq:   125.505 tail:       5.45618671e-24 dofdiff:      9 chisqdiff:   396.613 taildiff:        7.2318113e-80
B:
          scale     1.000 
     Anatolia_N    -0.165 
            Ami     2.254 
           Mixe     0.701 
   Ganj_Dareh_N     0.137 
           Onge     0.057 
     Villabruna    -0.032 
     DevilsGate     0.957 
           aACA    -1.209 
A:
          scale  2297.161 
      Sherpa.LC    -0.692 
          YR_MN     1.233 

f4info: 
f4rank: 2 dof:      0 chisq:     0.000 tail:                    1 dofdiff:      7 chisqdiff:   125.505 taildiff:       5.45618671e-24
B:
          scale     1.000     1.000 
     Anatolia_N    -0.270     0.106 
            Ami     1.701    -1.490 
           Mixe     0.921    -0.007 
   Ganj_Dareh_N    -0.346    -0.230 
           Onge     0.018    -0.176 
     Villabruna     0.272     0.194 
     DevilsGate     1.783     0.171 
           aACA     0.901     2.370 
A:
          scale  1107.370  3035.076 
      Sherpa.LC     0.694     1.232 
          YR_MN     1.232    -0.694 

## end of run
