/home/cliu7/utils/AdmixTools/bin/qpAdm: parameter file: temp/param/qpAdm_Gurung.Sherpa.LC.YR_MN.parex_gjo5l
### THE INPUT PARAMETERS
##PARAMETER NAME: VALUE
DIR: data/intermediate
S1: HO_all_merged.qpAdm
indivname: data/intermediate/HO_all_merged.qpAdm.grouped2.ind
snpname: data/intermediate/HO_all_merged.qpAdm.snp
genotypename: data/intermediate/HO_all_merged.qpAdm.geno
popleft: temp/param/left.ex_gjo5l
popright: temp/param/right.ex_gjo5l
details: YES
## qpAdm version: 810
seed: -1653213815
packed geno read OK
end of inpack

left pops:
Gurung
Sherpa.LC
YR_MN

right pops:
Mbuti
Anatolia_N
Ami
Mixe
Ganj_Dareh_N
Onge
Villabruna
DevilsGate
aACA

  0               Gurung    5
  1            Sherpa.LC    9
  2                YR_MN    8
  3                Mbuti   10
  4           Anatolia_N   25
  5                  Ami   10
  6                 Mixe   10
  7         Ganj_Dareh_N    7
  8                 Onge   12
  9           Villabruna    1
 10           DevilsGate    4
 11                 aACA   32
jackknife block size:     0.050
snps: 498990  indivs: 133
number of blocks for block jackknife: 710
## ncols: 498990
coverage:               Gurung 498036
coverage:            Sherpa.LC 498990
coverage:                YR_MN 497089
coverage:                Mbuti 498990
coverage:           Anatolia_N 498137
coverage:                  Ami 498990
coverage:                 Mixe 498990
coverage:         Ganj_Dareh_N 457128
coverage:                 Onge 498990
coverage:           Villabruna 415230
coverage:           DevilsGate 498716
coverage:                 aACA 498987
dof (jackknife):   583.331
numsnps used: 426096
codimension 1
f4info: 
f4rank: 1 dof:      7 chisq:   125.004 tail:        6.9393234e-24 dofdiff:      9 chisqdiff:  -125.004 taildiff:                    1
B:
          scale     1.000 
     Anatolia_N    -0.171 
            Ami     2.254 
           Mixe     0.700 
   Ganj_Dareh_N     0.133 
           Onge     0.053 
     Villabruna    -0.032 
     DevilsGate     0.958 
           aACA    -1.208 
A:
          scale  2296.318 
      Sherpa.LC    -0.689 
          YR_MN     1.235 


full rank
f4info: 
f4rank: 2 dof:      0 chisq:     0.000 tail:                    1 dofdiff:      7 chisqdiff:   125.004 taildiff:        6.9393234e-24
B:
          scale     1.000     1.000 
     Anatolia_N    -0.276     0.107 
            Ami     1.705    -1.518 
           Mixe     0.919    -0.025 
   Ganj_Dareh_N    -0.352    -0.226 
           Onge     0.013    -0.178 
     Villabruna     0.267     0.187 
     DevilsGate     1.783     0.142 
           aACA     0.893     2.355 
A:
          scale  1113.481  3036.008 
      Sherpa.LC     0.701     1.236 
          YR_MN     1.228    -0.687 


best coefficients:     0.642     0.358 
Jackknife mean:      0.642907434     0.357092566 
      std. errors:     0.060     0.060 

error covariance (* 1000000)
      3656      -3656 
     -3656       3656 


summ: Gurung    2      0.000000     0.643     0.357  3656 -3656  3656 

    fixed pat  wt  dof     chisq       tail prob
           00  0     7   125.004     6.93932e-24     0.642     0.358 
           01  1     8   171.524               0     1.000     0.000 
           10  1     8   239.419               0     0.000     1.000 
best pat:           00      6.93932e-24              -  -
best pat:           01      6.18217e-33  chi(nested):    46.520 p-value for nested model:     9.07095e-12

coeffs:     0.642     0.358 

## dscore:: f_4(Base, Fit, Rbase, right2)
## genstat:: f_4(Base, Fit, right1, right2)

details:       Sherpa.LC      Anatolia_N    -0.000127   -0.807595
details:           YR_MN      Anatolia_N    -0.000325   -1.672117
dscore:      Anatolia_N f4:    -0.000198 Z:    -1.395530

details:       Sherpa.LC             Ami     0.000461    2.459011
details:           YR_MN             Ami     0.002233    9.933772
dscore:             Ami f4:     0.001095 Z:     6.331448

details:       Sherpa.LC            Mixe     0.000574    2.876800
details:           YR_MN            Mixe     0.001026    4.306830
dscore:            Mixe f4:     0.000736 Z:     4.088025

details:       Sherpa.LC    Ganj_Dareh_N    -0.000310   -1.641194
details:           YR_MN    Ganj_Dareh_N    -0.000333   -1.378962
dscore:    Ganj_Dareh_N f4:    -0.000318 Z:    -1.823282

details:       Sherpa.LC            Onge    -0.000060   -0.334992
details:           YR_MN            Onge     0.000060    0.269006
dscore:            Onge f4:    -0.000017 Z:    -0.104335

details:       Sherpa.LC      Villabruna     0.000249    0.985067
details:           YR_MN      Villabruna     0.000258    0.837894
dscore:      Villabruna f4:     0.000253 Z:     1.108446

details:       Sherpa.LC      DevilsGate     0.001187    5.335961
details:           YR_MN      DevilsGate     0.001945    7.211695
dscore:      DevilsGate f4:     0.001459 Z:     7.184084

details:       Sherpa.LC            aACA     0.001527    8.887080
details:           YR_MN            aACA     0.000460    2.297549
dscore:            aACA f4:     0.001145 Z:     7.311526

gendstat:                Mbuti           Anatolia_N    -1.396
gendstat:                Mbuti                  Ami     6.331
gendstat:                Mbuti                 Mixe     4.088
gendstat:                Mbuti         Ganj_Dareh_N    -1.823
gendstat:                Mbuti                 Onge    -0.104
gendstat:                Mbuti           Villabruna     1.108
gendstat:                Mbuti           DevilsGate     7.184
gendstat:                Mbuti                 aACA     7.312
gendstat:           Anatolia_N                  Ami     7.851
gendstat:           Anatolia_N                 Mixe     5.670
gendstat:           Anatolia_N         Ganj_Dareh_N    -0.802
gendstat:           Anatolia_N                 Onge     1.124
gendstat:           Anatolia_N           Villabruna     2.318
gendstat:           Anatolia_N           DevilsGate     8.237
gendstat:           Anatolia_N                 aACA     9.109
gendstat:                  Ami                 Mixe    -2.294
gendstat:                  Ami         Ganj_Dareh_N    -7.177
gendstat:                  Ami                 Onge    -6.633
gendstat:                  Ami           Villabruna    -3.534
gendstat:                  Ami           DevilsGate     2.140
gendstat:                  Ami                 aACA     0.429
gendstat:                 Mixe         Ganj_Dareh_N    -5.404
gendstat:                 Mixe                 Onge    -4.101
gendstat:                 Mixe           Villabruna    -2.047
gendstat:                 Mixe           DevilsGate     3.527
gendstat:                 Mixe                 aACA     2.811
gendstat:         Ganj_Dareh_N                 Onge     1.601
gendstat:         Ganj_Dareh_N           Villabruna     2.413
gendstat:         Ganj_Dareh_N           DevilsGate     7.798
gendstat:         Ganj_Dareh_N                 aACA     7.904
gendstat:                 Onge           Villabruna     1.156
gendstat:                 Onge           DevilsGate     6.973
gendstat:                 Onge                 aACA     7.524
gendstat:           Villabruna           DevilsGate     4.716
gendstat:           Villabruna                 aACA     3.997
gendstat:           DevilsGate                 aACA    -1.924

## end of run
