/home/cliu7/utils/AdmixTools/bin/qpAdm: parameter file: temp/param/qpAdm_Nubri.LC.UpperMustang.LC.Upper_YR_LN.parr4030u9_
### THE INPUT PARAMETERS
##PARAMETER NAME: VALUE
DIR: data/intermediate
S1: HO_all_merged.qpAdm
indivname: data/intermediate/HO_all_merged.qpAdm.grouped2.ind
snpname: data/intermediate/HO_all_merged.qpAdm.snp
genotypename: data/intermediate/HO_all_merged.qpAdm.geno
popleft: temp/param/left.r4030u9_
popright: temp/param/right.r4030u9_
details: YES
## qpAdm version: 810
seed: 1846412224
packed geno read OK
end of inpack

left pops:
Nubri.LC
UpperMustang.LC
Upper_YR_LN

right pops:
Mbuti
Anatolia_N
Ami
Mixe
Ganj_Dareh_N
Onge
Villabruna
DevilsGate
aACA

  0             Nubri.LC    6
  1      UpperMustang.LC   11
  2          Upper_YR_LN    7
  3                Mbuti   10
  4           Anatolia_N   25
  5                  Ami   10
  6                 Mixe   10
  7         Ganj_Dareh_N    7
  8                 Onge   12
  9           Villabruna    1
 10           DevilsGate    4
 11                 aACA   32
jackknife block size:     0.050
snps: 498990  indivs: 135
number of blocks for block jackknife: 710
## ncols: 498990
coverage:             Nubri.LC 498990
coverage:      UpperMustang.LC 498990
coverage:          Upper_YR_LN 496840
coverage:                Mbuti 498990
coverage:           Anatolia_N 498137
coverage:                  Ami 498990
coverage:                 Mixe 498990
coverage:         Ganj_Dareh_N 457128
coverage:                 Onge 498990
coverage:           Villabruna 415230
coverage:           DevilsGate 498716
coverage:                 aACA 498987
dof (jackknife):   583.176
numsnps used: 427740
codimension 1
f4info: 
f4rank: 1 dof:      7 chisq:     4.315 tail:          0.742879036 dofdiff:      9 chisqdiff:    -4.315 taildiff:                    1
B:
          scale     1.000 
     Anatolia_N    -0.097 
            Ami     1.527 
           Mixe     1.047 
   Ganj_Dareh_N     0.295 
           Onge     0.516 
     Villabruna    -0.100 
     DevilsGate     2.038 
           aACA    -0.214 
A:
          scale  1180.518 
UpperMustang.LC     0.184 
    Upper_YR_LN     1.402 


full rank
f4info: 
f4rank: 2 dof:      0 chisq:     0.000 tail:                    1 dofdiff:      7 chisqdiff:     4.315 taildiff:          0.742879036
B:
          scale     1.000     1.000 
     Anatolia_N    -0.096     1.060 
            Ami     1.522    -0.934 
           Mixe     1.059    -0.309 
   Ganj_Dareh_N     0.293     1.130 
           Onge     0.535    -0.158 
     Villabruna    -0.107     0.587 
     DevilsGate     2.032    -1.528 
           aACA    -0.203     1.388 
A:
          scale  1300.228  6762.792 
UpperMustang.LC    -0.105    -1.289 
    Upper_YR_LN     1.410    -0.582 


best coefficients:     1.151    -0.151 
Jackknife mean:      1.148726624    -0.148726624 
      std. errors:     0.051     0.051 

error covariance (* 1000000)
      2585      -2585 
     -2585       2585 


summ: Nubri.LC    2      0.742879     1.149    -0.149  2585 -2585  2585 

    fixed pat  wt  dof     chisq       tail prob
           00  0     7     4.315        0.742879     1.151    -0.151  infeasible
           01  1     8    14.312       0.0739834     1.000     0.000 
           10  1     8   332.769               0     0.000     1.000 
best pat:           00         0.742879              -  -
best pat:           01        0.0739834  chi(nested):     9.997 p-value for nested model:      0.00156772

coeffs:     1.151    -0.151 

## dscore:: f_4(Base, Fit, Rbase, right2)
## genstat:: f_4(Base, Fit, right1, right2)

details: UpperMustang.LC      Anatolia_N    -0.000199   -1.370865
details:     Upper_YR_LN      Anatolia_N    -0.000193   -1.001389
dscore:      Anatolia_N f4:    -0.000200 Z:    -1.288195

details: UpperMustang.LC             Ami     0.000057    0.347235
details:     Upper_YR_LN             Ami     0.001741    8.200592
dscore:             Ami f4:    -0.000196 Z:    -1.108981

details: UpperMustang.LC            Mixe    -0.000025   -0.139881
details:     Upper_YR_LN            Mixe     0.001185    5.193235
dscore:            Mixe f4:    -0.000208 Z:    -1.074601

details: UpperMustang.LC    Ganj_Dareh_N    -0.000247   -1.408855
details:     Upper_YR_LN    Ganj_Dareh_N     0.000221    0.959679
dscore:    Ganj_Dareh_N f4:    -0.000317 Z:    -1.688832

details: UpperMustang.LC            Onge    -0.000014   -0.081058
details:     Upper_YR_LN            Onge     0.000601    2.914455
dscore:            Onge f4:    -0.000107 Z:    -0.559722

details: UpperMustang.LC      Villabruna    -0.000117   -0.501664
details:     Upper_YR_LN      Villabruna    -0.000169   -0.556077
dscore:      Villabruna f4:    -0.000109 Z:    -0.435920

details: UpperMustang.LC      DevilsGate     0.000135    0.689250
details:     Upper_YR_LN      DevilsGate     0.002353    8.903179
dscore:      DevilsGate f4:    -0.000199 Z:    -0.946361

details: UpperMustang.LC            aACA    -0.000243   -1.581790
details:     Upper_YR_LN            aACA    -0.000327   -1.668833
dscore:            aACA f4:    -0.000230 Z:    -1.396036

gendstat:                Mbuti           Anatolia_N    -1.288
gendstat:                Mbuti                  Ami    -1.109
gendstat:                Mbuti                 Mixe    -1.075
gendstat:                Mbuti         Ganj_Dareh_N    -1.689
gendstat:                Mbuti                 Onge    -0.560
gendstat:                Mbuti           Villabruna    -0.436
gendstat:                Mbuti           DevilsGate    -0.946
gendstat:                Mbuti                 aACA    -1.396
gendstat:           Anatolia_N                  Ami     0.024
gendstat:           Anatolia_N                 Mixe    -0.038
gendstat:           Anatolia_N         Ganj_Dareh_N    -0.774
gendstat:           Anatolia_N                 Onge     0.514
gendstat:           Anatolia_N           Villabruna     0.443
gendstat:           Anatolia_N           DevilsGate     0.008
gendstat:           Anatolia_N                 aACA    -0.184
gendstat:                  Ami                 Mixe    -0.068
gendstat:                  Ami         Ganj_Dareh_N    -0.589
gendstat:                  Ami                 Onge     0.530
gendstat:                  Ami           Villabruna     0.352
gendstat:                  Ami           DevilsGate    -0.015
gendstat:                  Ami                 aACA    -0.297
gendstat:                 Mixe         Ganj_Dareh_N    -0.515
gendstat:                 Mixe                 Onge     0.516
gendstat:                 Mixe           Villabruna     0.387
gendstat:                 Mixe           DevilsGate     0.044
gendstat:                 Mixe                 aACA    -0.139
gendstat:         Ganj_Dareh_N                 Onge     1.029
gendstat:         Ganj_Dareh_N           Villabruna     0.861
gendstat:         Ganj_Dareh_N           DevilsGate     0.497
gendstat:         Ganj_Dareh_N                 aACA     0.441
gendstat:                 Onge           Villabruna    -0.007
gendstat:                 Onge           DevilsGate    -0.453
gendstat:                 Onge                 aACA    -0.771
gendstat:           Villabruna           DevilsGate    -0.333
gendstat:           Villabruna                 aACA    -0.504
gendstat:           DevilsGate                 aACA    -0.194

## end of run
