/home/cliu7/utils/AdmixTools/bin/qpWave: parameter file: temp/param/qpAdm_Qiang_Daofu.UpperMustang.LC.Upper_YR_LN.parjsrfe3lm
### THE INPUT PARAMETERS
##PARAMETER NAME: VALUE
DIR: data/intermediate
S1: HO_all_merged.qpAdm
indivname: data/intermediate/HO_all_merged.qpAdm.grouped2.ind
snpname: data/intermediate/HO_all_merged.qpAdm.snp
genotypename: data/intermediate/HO_all_merged.qpAdm.geno
popleft: temp/param/left.jsrfe3lm
popright: temp/param/right.jsrfe3lm
details: YES
## qpWave version: 410
packed geno read OK
end of inpack

left pops:
Qiang_Daofu
UpperMustang.LC
Upper_YR_LN

right pops:
Mbuti
Anatolia_N
Ami
Mixe
Ganj_Dareh_N
Onge
Villabruna
DevilsGate
aACA

  0          Qiang_Daofu    8
  1      UpperMustang.LC   11
  2          Upper_YR_LN    7
  3                Mbuti   10
  4           Anatolia_N   25
  5                  Ami   10
  6                 Mixe   10
  7         Ganj_Dareh_N    7
  8                 Onge   12
  9           Villabruna    1
 10           DevilsGate    4
 11                 aACA   32
jackknife block size:     0.050
snps: 498990  indivs: 137
number of blocks for block jackknife: 710
dof (jackknife):   583.215
numsnps used: 424013
f4info: 
f4rank: 0 dof:     16 chisq:   381.413 tail:       2.84114571e-71 dofdiff:      0 chisqdiff:     0.000 taildiff:                    1

f4info: 
f4rank: 1 dof:      7 chisq:     7.138 tail:          0.414683935 dofdiff:      9 chisqdiff:   374.275 taildiff:       4.19007882e-75
B:
          scale     1.000 
     Anatolia_N     0.123 
            Ami     1.544 
           Mixe     1.110 
   Ganj_Dareh_N     0.446 
           Onge     0.617 
     Villabruna     0.023 
     DevilsGate     1.944 
           aACA    -0.109 
A:
          scale  1747.545 
UpperMustang.LC    -1.220 
    Upper_YR_LN     0.715 

f4info: 
f4rank: 2 dof:      0 chisq:     0.000 tail:                    1 dofdiff:      7 chisqdiff:     7.138 taildiff:          0.414683935
B:
          scale     1.000     1.000 
     Anatolia_N     0.110     2.071 
            Ami     1.534     0.286 
           Mixe     1.124     0.518 
   Ganj_Dareh_N     0.453     0.549 
           Onge     0.600     0.848 
     Villabruna     0.002     1.037 
     DevilsGate     1.948    -1.051 
           aACA    -0.096    -0.402 
A:
          scale  1732.723  9337.872 
UpperMustang.LC    -1.225    -0.707 
    Upper_YR_LN     0.707    -1.225 

## end of run
