/home/cliu7/utils/AdmixTools/bin/qpWave: parameter file: temp/param/qpAdm_Tibetan_Xinlong.UpperMustang.LC.Upper_YR_LN.parddsq88pr
### THE INPUT PARAMETERS
##PARAMETER NAME: VALUE
DIR: data/intermediate
S1: HO_all_merged.qpAdm
indivname: data/intermediate/HO_all_merged.qpAdm.grouped2.ind
snpname: data/intermediate/HO_all_merged.qpAdm.snp
genotypename: data/intermediate/HO_all_merged.qpAdm.geno
popleft: temp/param/left.ddsq88pr
popright: temp/param/right.ddsq88pr
details: YES
## qpWave version: 410
packed geno read OK
end of inpack

left pops:
Tibetan_Xinlong
UpperMustang.LC
Upper_YR_LN

right pops:
Mbuti
Anatolia_N
Ami
Mixe
Ganj_Dareh_N
Onge
Villabruna
DevilsGate
aACA

  0      Tibetan_Xinlong   10
  1      UpperMustang.LC   11
  2          Upper_YR_LN    7
  3                Mbuti   10
  4           Anatolia_N   25
  5                  Ami   10
  6                 Mixe   10
  7         Ganj_Dareh_N    7
  8                 Onge   12
  9           Villabruna    1
 10           DevilsGate    4
 11                 aACA   32
jackknife block size:     0.050
snps: 498990  indivs: 139
number of blocks for block jackknife: 710
dof (jackknife):   583.329
numsnps used: 422954
f4info: 
f4rank: 0 dof:     16 chisq:   938.383 tail:      1.72249336e-189 dofdiff:      0 chisqdiff:     0.000 taildiff:                    1

f4info: 
f4rank: 1 dof:      7 chisq:    60.089 tail:       1.44891101e-10 dofdiff:      9 chisqdiff:   878.294 taildiff:      2.93616011e-183
B:
          scale     1.000 
     Anatolia_N    -0.036 
            Ami     2.198 
           Mixe     0.904 
   Ganj_Dareh_N     0.083 
           Onge     0.547 
     Villabruna    -0.193 
     DevilsGate     1.285 
           aACA    -0.595 
A:
          scale  1383.913 
UpperMustang.LC    -1.367 
    Upper_YR_LN    -0.362 

f4info: 
f4rank: 2 dof:      0 chisq:     0.000 tail:                    1 dofdiff:      7 chisqdiff:    60.089 taildiff:       1.44891101e-10
B:
          scale     1.000     1.000 
     Anatolia_N     0.005     0.007 
            Ami     2.182    -1.119 
           Mixe     0.928     0.610 
   Ganj_Dareh_N     0.099     0.807 
           Onge     0.542     0.155 
     Villabruna    -0.121     0.145 
     DevilsGate     1.273     2.019 
           aACA    -0.663     1.265 
A:
          scale  1464.582  2862.390 
UpperMustang.LC    -1.412     0.078 
    Upper_YR_LN     0.078     1.412 

## end of run
