/home/cliu7/utils/AdmixTools/bin/qpAdm: parameter file: temp/param/qpAdm_Tibetan_Shigatse.Sherpa.LC.Upper_YR_LN.par0inciofs
### THE INPUT PARAMETERS
##PARAMETER NAME: VALUE
DIR: data/intermediate
S1: HO_all_merged.qpAdm
indivname: data/intermediate/HO_all_merged.qpAdm.grouped2.ind
snpname: data/intermediate/HO_all_merged.qpAdm.snp
genotypename: data/intermediate/HO_all_merged.qpAdm.geno
popleft: temp/param/left.0inciofs
popright: temp/param/right.0inciofs
details: YES
## qpAdm version: 810
seed: -1100303368
packed geno read OK
end of inpack

left pops:
Tibetan_Shigatse
Sherpa.LC
Upper_YR_LN

right pops:
Mbuti
Anatolia_N
Ami
Mixe
Ganj_Dareh_N
Onge
Villabruna
DevilsGate
aACA

  0     Tibetan_Shigatse   10
  1            Sherpa.LC    9
  2          Upper_YR_LN    7
  3                Mbuti   10
  4           Anatolia_N   25
  5                  Ami   10
  6                 Mixe   10
  7         Ganj_Dareh_N    7
  8                 Onge   12
  9           Villabruna    1
 10           DevilsGate    4
 11                 aACA   32
jackknife block size:     0.050
snps: 498990  indivs: 137
number of blocks for block jackknife: 710
## ncols: 498990
coverage:     Tibetan_Shigatse 498036
coverage:            Sherpa.LC 498990
coverage:          Upper_YR_LN 496840
coverage:                Mbuti 498990
coverage:           Anatolia_N 498137
coverage:                  Ami 498990
coverage:                 Mixe 498990
coverage:         Ganj_Dareh_N 457128
coverage:                 Onge 498990
coverage:           Villabruna 415230
coverage:           DevilsGate 498716
coverage:                 aACA 498987
dof (jackknife):   583.172
numsnps used: 423800
codimension 1
f4info: 
f4rank: 1 dof:      7 chisq:     8.784 tail:          0.268548969 dofdiff:      9 chisqdiff:    -8.784 taildiff:                    1
B:
          scale     1.000 
     Anatolia_N    -0.079 
            Ami     1.619 
           Mixe     0.950 
   Ganj_Dareh_N     0.243 
           Onge     0.461 
     Villabruna    -0.048 
     DevilsGate     2.006 
           aACA    -0.412 
A:
          scale  1653.056 
      Sherpa.LC    -0.130 
    Upper_YR_LN     1.408 


full rank
f4info: 
f4rank: 2 dof:      0 chisq:     0.000 tail:                    1 dofdiff:      7 chisqdiff:     8.784 taildiff:          0.268548969
B:
          scale     1.000     1.000 
     Anatolia_N    -0.084     0.268 
            Ami     1.593     1.240 
           Mixe     0.924     1.265 
   Ganj_Dareh_N     0.261    -0.238 
           Onge     0.425     0.915 
     Villabruna    -0.013    -0.551 
     DevilsGate     2.040    -1.778 
           aACA    -0.437     0.656 
A:
          scale  1659.426 10363.355 
      Sherpa.LC    -0.163    -1.363 
    Upper_YR_LN     1.405    -0.376 


best coefficients:     0.916     0.084 
Jackknife mean:      0.914578180     0.085421820 
      std. errors:     0.047     0.047 

error covariance (* 1000000)
      2196      -2196 
     -2196       2196 


summ: Tibetan_Shigatse    2      0.268549     0.915     0.085  2196 -2196  2196 

    fixed pat  wt  dof     chisq       tail prob
           00  0     7     8.784        0.268549     0.916     0.084 
           01  1     8    11.846        0.158192     1.000     0.000 
           10  1     8   243.820               0     0.000     1.000 
best pat:           00         0.268549              -  -
best pat:           01         0.158192  chi(nested):     3.063 p-value for nested model:       0.0801183

coeffs:     0.916     0.084 

## dscore:: f_4(Base, Fit, Rbase, right2)
## genstat:: f_4(Base, Fit, right1, right2)

details:       Sherpa.LC      Anatolia_N    -0.000031   -0.216825
details:     Upper_YR_LN      Anatolia_N    -0.000080   -0.475086
dscore:      Anatolia_N f4:    -0.000035 Z:    -0.258859

details:       Sherpa.LC             Ami    -0.000324   -2.036648
details:     Upper_YR_LN             Ami     0.001305    6.828352
dscore:             Ami f4:    -0.000187 Z:    -1.237255

details:       Sherpa.LC            Mixe    -0.000263   -1.513562
details:     Upper_YR_LN            Mixe     0.000738    3.543123
dscore:            Mixe f4:    -0.000179 Z:    -1.077954

details:       Sherpa.LC    Ganj_Dareh_N     0.000000    0.000171
details:     Upper_YR_LN    Ganj_Dareh_N     0.000230    1.084492
dscore:    Ganj_Dareh_N f4:     0.000019 Z:     0.125744

details:       Sherpa.LC            Onge    -0.000168   -1.009569
details:     Upper_YR_LN            Onge     0.000327    1.604037
dscore:            Onge f4:    -0.000126 Z:    -0.789527

details:       Sherpa.LC      Villabruna     0.000071    0.334823
details:     Upper_YR_LN      Villabruna     0.000011    0.041671
dscore:      Villabruna f4:     0.000066 Z:     0.326190

details:       Sherpa.LC      DevilsGate     0.000027    0.142576
details:     Upper_YR_LN      DevilsGate     0.001793    7.434128
dscore:      DevilsGate f4:     0.000176 Z:     0.972020

details:       Sherpa.LC            aACA    -0.000049   -0.340208
details:     Upper_YR_LN            aACA    -0.000393   -2.160222
dscore:            aACA f4:    -0.000078 Z:    -0.567510

gendstat:                Mbuti           Anatolia_N    -0.259
gendstat:                Mbuti                  Ami    -1.237
gendstat:                Mbuti                 Mixe    -1.078
gendstat:                Mbuti         Ganj_Dareh_N     0.126
gendstat:                Mbuti                 Onge    -0.790
gendstat:                Mbuti           Villabruna     0.326
gendstat:                Mbuti           DevilsGate     0.972
gendstat:                Mbuti                 aACA    -0.568
gendstat:           Anatolia_N                  Ami    -1.041
gendstat:           Anatolia_N                 Mixe    -0.921
gendstat:           Anatolia_N         Ganj_Dareh_N     0.432
gendstat:           Anatolia_N                 Onge    -0.617
gendstat:           Anatolia_N           Villabruna     0.611
gendstat:           Anatolia_N           DevilsGate     1.186
gendstat:           Anatolia_N                 aACA    -0.319
gendstat:                  Ami                 Mixe     0.059
gendstat:                  Ami         Ganj_Dareh_N     1.248
gendstat:                  Ami                 Onge     0.420
gendstat:                  Ami           Villabruna     1.204
gendstat:                  Ami           DevilsGate     2.476
gendstat:                  Ami                 aACA     1.068
gendstat:                 Mixe         Ganj_Dareh_N     1.165
gendstat:                 Mixe                 Onge     0.307
gendstat:                 Mixe           Villabruna     1.146
gendstat:                 Mixe           DevilsGate     2.103
gendstat:                 Mixe                 aACA     0.775
gendstat:         Ganj_Dareh_N                 Onge    -0.877
gendstat:         Ganj_Dareh_N           Villabruna     0.230
gendstat:         Ganj_Dareh_N           DevilsGate     0.796
gendstat:         Ganj_Dareh_N                 aACA    -0.620
gendstat:                 Onge           Villabruna     0.918
gendstat:                 Onge           DevilsGate     1.695
gendstat:                 Onge                 aACA     0.342
gendstat:           Villabruna           DevilsGate     0.476
gendstat:           Villabruna                 aACA    -0.707
gendstat:           DevilsGate                 aACA    -1.830

## end of run
