/home/cliu7/utils/AdmixTools/bin/qpWave: parameter file: temp/param/qpAdm_Tibetan_Chamdo.Sherpa.LC.YR_MN.par2vv32i2d
### THE INPUT PARAMETERS
##PARAMETER NAME: VALUE
DIR: data/intermediate
S1: HO_all_merged.qpAdm
indivname: data/intermediate/HO_all_merged.qpAdm.grouped2.ind
snpname: data/intermediate/HO_all_merged.qpAdm.snp
genotypename: data/intermediate/HO_all_merged.qpAdm.geno
popleft: temp/param/left.2vv32i2d
popright: temp/param/right.2vv32i2d
details: YES
## qpWave version: 410
packed geno read OK
end of inpack

left pops:
Tibetan_Chamdo
Sherpa.LC
YR_MN

right pops:
Mbuti
Anatolia_N
Ami
Mixe
Ganj_Dareh_N
Onge
Villabruna
DevilsGate
aACA

  0       Tibetan_Chamdo   12
  1            Sherpa.LC    9
  2                YR_MN    8
  3                Mbuti   10
  4           Anatolia_N   25
  5                  Ami   10
  6                 Mixe   10
  7         Ganj_Dareh_N    7
  8                 Onge   12
  9           Villabruna    1
 10           DevilsGate    4
 11                 aACA   32
jackknife block size:     0.050
snps: 498990  indivs: 140
number of blocks for block jackknife: 710
dof (jackknife):   583.280
numsnps used: 423766
f4info: 
f4rank: 0 dof:     16 chisq:   388.374 tail:       9.92243822e-73 dofdiff:      0 chisqdiff:     0.000 taildiff:                    1

f4info: 
f4rank: 1 dof:      7 chisq:     9.969 tail:          0.190328801 dofdiff:      9 chisqdiff:   378.405 taildiff:       5.52186688e-76
B:
          scale     1.000 
     Anatolia_N    -0.254 
            Ami     2.231 
           Mixe     0.550 
   Ganj_Dareh_N    -0.039 
           Onge     0.175 
     Villabruna     0.017 
     DevilsGate     0.962 
           aACA    -1.303 
A:
          scale  2415.497 
      Sherpa.LC    -0.726 
          YR_MN     1.214 

f4info: 
f4rank: 2 dof:      0 chisq:     0.000 tail:                    1 dofdiff:      7 chisqdiff:     9.969 taildiff:          0.190328801
B:
          scale     1.000     1.000 
     Anatolia_N    -0.251    -0.024 
            Ami     2.284     1.018 
           Mixe     0.488    -1.273 
   Ganj_Dareh_N     0.076     1.674 
           Onge     0.160     0.134 
     Villabruna     0.042     0.498 
     DevilsGate     0.862    -1.422 
           aACA    -1.306     0.502 
A:
          scale  2416.000  9928.154 
      Sherpa.LC    -0.722     1.216 
          YR_MN     1.216     0.722 

## end of run
