/home/cliu7/utils/AdmixTools/bin/qpAdm: parameter file: temp/param/qpAdm_Tibetan_Yajiang.UpperMustang.LC.Upper_YR_LN.paru2cojo5p
### THE INPUT PARAMETERS
##PARAMETER NAME: VALUE
DIR: data/intermediate
S1: HO_all_merged.qpAdm
indivname: data/intermediate/HO_all_merged.qpAdm.grouped2.ind
snpname: data/intermediate/HO_all_merged.qpAdm.snp
genotypename: data/intermediate/HO_all_merged.qpAdm.geno
popleft: temp/param/left.u2cojo5p
popright: temp/param/right.u2cojo5p
details: YES
## qpAdm version: 810
seed: 1981291811
packed geno read OK
end of inpack

left pops:
Tibetan_Yajiang
UpperMustang.LC
Upper_YR_LN

right pops:
Mbuti
Anatolia_N
Ami
Mixe
Ganj_Dareh_N
Onge
Villabruna
DevilsGate
aACA

  0      Tibetan_Yajiang   10
  1      UpperMustang.LC   11
  2          Upper_YR_LN    7
  3                Mbuti   10
  4           Anatolia_N   25
  5                  Ami   10
  6                 Mixe   10
  7         Ganj_Dareh_N    7
  8                 Onge   12
  9           Villabruna    1
 10           DevilsGate    4
 11                 aACA   32
jackknife block size:     0.050
snps: 498990  indivs: 139
number of blocks for block jackknife: 710
## ncols: 498990
coverage:      Tibetan_Yajiang 498036
coverage:      UpperMustang.LC 498990
coverage:          Upper_YR_LN 496840
coverage:                Mbuti 498990
coverage:           Anatolia_N 498137
coverage:                  Ami 498990
coverage:                 Mixe 498990
coverage:         Ganj_Dareh_N 457128
coverage:                 Onge 498990
coverage:           Villabruna 415230
coverage:           DevilsGate 498716
coverage:                 aACA 498987
dof (jackknife):   583.398
numsnps used: 422687
codimension 1
f4info: 
f4rank: 1 dof:      7 chisq:    48.742 tail:       2.54887102e-08 dofdiff:      9 chisqdiff:   -48.742 taildiff:                    1
B:
          scale     1.000 
     Anatolia_N    -0.012 
            Ami     1.775 
           Mixe     1.042 
   Ganj_Dareh_N     0.296 
           Onge     0.445 
     Villabruna    -0.312 
     DevilsGate     1.728 
           aACA    -0.627 
A:
          scale  2069.627 
UpperMustang.LC    -1.373 
    Upper_YR_LN     0.339 


full rank
f4info: 
f4rank: 2 dof:      0 chisq:     0.000 tail:                    1 dofdiff:      7 chisqdiff:    48.742 taildiff:       2.54887102e-08
B:
          scale     1.000     1.000 
     Anatolia_N    -0.014    -0.391 
            Ami     1.477    -1.329 
           Mixe     1.088    -0.357 
   Ganj_Dareh_N     0.424    -0.002 
           Onge     0.566     0.238 
     Villabruna    -0.044     0.364 
     DevilsGate     2.033     0.518 
           aACA     0.008     2.345 
A:
          scale  1778.062  3873.040 
UpperMustang.LC    -0.808     1.080 
    Upper_YR_LN     1.160     0.913 


best coefficients:     0.198     0.802 
Jackknife mean:      0.201355078     0.798644922 
      std. errors:     0.054     0.054 

error covariance (* 1000000)
      2926      -2926 
     -2926       2926 


summ: Tibetan_Yajiang    2      0.000000     0.201     0.799  2926 -2926  2926 

    fixed pat  wt  dof     chisq       tail prob
           00  0     7    48.742     2.54887e-08     0.198     0.802 
           01  1     8   382.548               0     1.000     0.000 
           10  1     8    60.332     4.01136e-10     0.000     1.000 
best pat:           00      2.54887e-08              -  -
best pat:           10      4.01136e-10  chi(nested):    11.590 p-value for nested model:     0.000663016

coeffs:     0.198     0.802 

## dscore:: f_4(Base, Fit, Rbase, right2)
## genstat:: f_4(Base, Fit, right1, right2)

details: UpperMustang.LC      Anatolia_N    -0.000103   -0.874664
details:     Upper_YR_LN      Anatolia_N    -0.000094   -0.592841
dscore:      Anatolia_N f4:    -0.000096 Z:    -0.716012

details: UpperMustang.LC             Ami    -0.001042   -7.380038
details:     Upper_YR_LN             Ami     0.000658    3.597522
dscore:             Ami f4:     0.000322 Z:     2.058323

details: UpperMustang.LC            Mixe    -0.000595   -4.015443
details:     Upper_YR_LN            Mixe     0.000634    3.147778
dscore:            Mixe f4:     0.000391 Z:     2.257365

details: UpperMustang.LC    Ganj_Dareh_N    -0.000194   -1.318946
details:     Upper_YR_LN    Ganj_Dareh_N     0.000283    1.434521
dscore:    Ganj_Dareh_N f4:     0.000189 Z:     1.127476

details: UpperMustang.LC            Onge    -0.000191   -1.381057
details:     Upper_YR_LN            Onge     0.000432    2.314516
dscore:            Onge f4:     0.000309 Z:     1.967042

details: UpperMustang.LC      Villabruna     0.000121    0.655212
details:     Upper_YR_LN      Villabruna     0.000066    0.246995
dscore:      Villabruna f4:     0.000077 Z:     0.340684

details: UpperMustang.LC      DevilsGate    -0.000780   -4.523502
details:     Upper_YR_LN      DevilsGate     0.001458    6.387215
dscore:      DevilsGate f4:     0.001015 Z:     5.208011

details: UpperMustang.LC            aACA     0.000650    5.039314
details:     Upper_YR_LN            aACA     0.000565    3.369948
dscore:            aACA f4:     0.000582 Z:     4.074599

gendstat:                Mbuti           Anatolia_N    -0.716
gendstat:                Mbuti                  Ami     2.058
gendstat:                Mbuti                 Mixe     2.257
gendstat:                Mbuti         Ganj_Dareh_N     1.127
gendstat:                Mbuti                 Onge     1.967
gendstat:                Mbuti           Villabruna     0.341
gendstat:                Mbuti           DevilsGate     5.208
gendstat:                Mbuti                 aACA     4.075
gendstat:           Anatolia_N                  Ami     2.876
gendstat:           Anatolia_N                 Mixe     3.096
gendstat:           Anatolia_N         Ganj_Dareh_N     1.998
gendstat:           Anatolia_N                 Onge     2.683
gendstat:           Anatolia_N           Villabruna     0.905
gendstat:           Anatolia_N           DevilsGate     6.131
gendstat:           Anatolia_N                 aACA     4.980
gendstat:                  Ami                 Mixe     0.446
gendstat:                  Ami         Ganj_Dareh_N    -0.758
gendstat:                  Ami                 Onge    -0.086
gendstat:                  Ami           Villabruna    -1.067
gendstat:                  Ami           DevilsGate     4.143
gendstat:                  Ami                 aACA     2.443
gendstat:                 Mixe         Ganj_Dareh_N    -1.091
gendstat:                 Mixe                 Onge    -0.455
gendstat:                 Mixe           Villabruna    -1.354
gendstat:                 Mixe           DevilsGate     3.403
gendstat:                 Mixe                 aACA     1.370
gendstat:         Ganj_Dareh_N                 Onge     0.685
gendstat:         Ganj_Dareh_N           Villabruna    -0.498
gendstat:         Ganj_Dareh_N           DevilsGate     4.061
gendstat:         Ganj_Dareh_N                 aACA     2.457
gendstat:                 Onge           Villabruna    -0.988
gendstat:                 Onge           DevilsGate     3.593
gendstat:                 Onge                 aACA     1.929
gendstat:           Villabruna           DevilsGate     3.725
gendstat:           Villabruna                 aACA     2.286
gendstat:           DevilsGate                 aACA    -2.700

## end of run
