/home/cliu7/utils/AdmixTools/bin/qpWave: parameter file: temp/param/qpAdm_Tibetan_Yunnan.UpperMustang.LC.YR_MN.par0q3ev0cd
### THE INPUT PARAMETERS
##PARAMETER NAME: VALUE
DIR: data/intermediate
S1: HO_all_merged.qpAdm
indivname: data/intermediate/HO_all_merged.qpAdm.grouped2.ind
snpname: data/intermediate/HO_all_merged.qpAdm.snp
genotypename: data/intermediate/HO_all_merged.qpAdm.geno
popleft: temp/param/left.0q3ev0cd
popright: temp/param/right.0q3ev0cd
details: YES
## qpWave version: 410
packed geno read OK
end of inpack

left pops:
Tibetan_Yunnan
UpperMustang.LC
YR_MN

right pops:
Mbuti
Anatolia_N
Ami
Mixe
Ganj_Dareh_N
Onge
Villabruna
DevilsGate
aACA

  0       Tibetan_Yunnan    4
  1      UpperMustang.LC   11
  2                YR_MN    8
  3                Mbuti   10
  4           Anatolia_N   25
  5                  Ami   10
  6                 Mixe   10
  7         Ganj_Dareh_N    7
  8                 Onge   12
  9           Villabruna    1
 10           DevilsGate    4
 11                 aACA   32
jackknife block size:     0.050
snps: 498990  indivs: 134
number of blocks for block jackknife: 710
dof (jackknife):   583.374
numsnps used: 427079
f4info: 
f4rank: 0 dof:     16 chisq:   503.464 tail:        6.1726649e-97 dofdiff:      0 chisqdiff:     0.000 taildiff:                    1

f4info: 
f4rank: 1 dof:      7 chisq:     7.299 tail:           0.39844271 dofdiff:      9 chisqdiff:   496.165 taildiff:      3.80755169e-101
B:
          scale     1.000 
     Anatolia_N    -0.112 
            Ami     2.132 
           Mixe     0.818 
   Ganj_Dareh_N     0.327 
           Onge     0.392 
     Villabruna    -0.183 
     DevilsGate     1.339 
           aACA    -0.829 
A:
          scale  2096.103 
UpperMustang.LC    -1.270 
          YR_MN     0.622 

f4info: 
f4rank: 2 dof:      0 chisq:     0.000 tail:                    1 dofdiff:      7 chisqdiff:     7.299 taildiff:           0.39844271
B:
          scale     1.000     1.000 
     Anatolia_N     0.000     0.761 
            Ami     2.140    -0.042 
           Mixe     0.867     0.342 
   Ganj_Dareh_N     0.430     0.829 
           Onge     0.552     1.201 
     Villabruna    -0.312    -1.487 
     DevilsGate     1.317    -0.551 
           aACA    -0.592     1.631 
A:
          scale  1985.292  5768.888 
UpperMustang.LC    -1.379    -0.311 
          YR_MN     0.311    -1.379 

## end of run
