/home/cliu7/utils/AdmixTools/bin/qpWave: parameter file: temp/param/qpAdm_Tibetan_Xinlong.UpperMustang.LC.YR_MN.par19orx54v
### THE INPUT PARAMETERS
##PARAMETER NAME: VALUE
DIR: data/intermediate
S1: HO_all_merged.qpAdm
indivname: data/intermediate/HO_all_merged.qpAdm.grouped2.ind
snpname: data/intermediate/HO_all_merged.qpAdm.snp
genotypename: data/intermediate/HO_all_merged.qpAdm.geno
popleft: temp/param/left.19orx54v
popright: temp/param/right.19orx54v
details: YES
## qpWave version: 410
packed geno read OK
end of inpack

left pops:
Tibetan_Xinlong
UpperMustang.LC
YR_MN

right pops:
Mbuti
Anatolia_N
Ami
Mixe
Ganj_Dareh_N
Onge
Villabruna
DevilsGate
aACA

  0      Tibetan_Xinlong   10
  1      UpperMustang.LC   11
  2                YR_MN    8
  3                Mbuti   10
  4           Anatolia_N   25
  5                  Ami   10
  6                 Mixe   10
  7         Ganj_Dareh_N    7
  8                 Onge   12
  9           Villabruna    1
 10           DevilsGate    4
 11                 aACA   32
jackknife block size:     0.050
snps: 498990  indivs: 140
number of blocks for block jackknife: 710
dof (jackknife):   583.379
numsnps used: 423338
f4info: 
f4rank: 0 dof:     16 chisq:   941.487 tail:      3.73495905e-190 dofdiff:      0 chisqdiff:     0.000 taildiff:                    1

f4info: 
f4rank: 1 dof:      7 chisq:     7.811 tail:          0.349539974 dofdiff:      9 chisqdiff:   933.676 taildiff:      3.42455468e-195
B:
          scale     1.000 
     Anatolia_N    -0.013 
            Ami     2.195 
           Mixe     0.898 
   Ganj_Dareh_N     0.088 
           Onge     0.503 
     Villabruna    -0.128 
     DevilsGate     1.250 
           aACA    -0.734 
A:
          scale  1483.589 
UpperMustang.LC    -1.413 
          YR_MN    -0.065 

f4info: 
f4rank: 2 dof:      0 chisq:     0.000 tail:                    1 dofdiff:      7 chisqdiff:     7.811 taildiff:          0.349539974
B:
          scale     1.000     1.000 
     Anatolia_N     0.023     0.945 
            Ami     2.217     0.385 
           Mixe     0.926     0.687 
   Ganj_Dareh_N     0.050    -1.002 
           Onge     0.556     1.336 
     Villabruna    -0.135    -0.735 
     DevilsGate     1.199    -1.165 
           aACA    -0.676     1.342 
A:
          scale  1457.665  9070.258 
UpperMustang.LC    -1.406     0.149 
          YR_MN    -0.149    -1.406 

## end of run
