/home/cliu7/utils/AdmixTools/bin/qpAdm: parameter file: temp/param/qpAdm_Tibetan_Lhasa.UpperMustang.LC.YR_MN.par72sgjrip
### THE INPUT PARAMETERS
##PARAMETER NAME: VALUE
DIR: data/intermediate
S1: HO_all_merged.qpAdm
indivname: data/intermediate/HO_all_merged.qpAdm.grouped2.ind
snpname: data/intermediate/HO_all_merged.qpAdm.snp
genotypename: data/intermediate/HO_all_merged.qpAdm.geno
popleft: temp/param/left.72sgjrip
popright: temp/param/right.72sgjrip
details: YES
## qpAdm version: 810
seed: 2084840416
packed geno read OK
end of inpack

left pops:
Tibetan_Lhasa
UpperMustang.LC
YR_MN

right pops:
Mbuti
Anatolia_N
Ami
Mixe
Ganj_Dareh_N
Onge
Villabruna
DevilsGate
aACA

  0        Tibetan_Lhasa    9
  1      UpperMustang.LC   11
  2                YR_MN    8
  3                Mbuti   10
  4           Anatolia_N   25
  5                  Ami   10
  6                 Mixe   10
  7         Ganj_Dareh_N    7
  8                 Onge   12
  9           Villabruna    1
 10           DevilsGate    4
 11                 aACA   32
jackknife block size:     0.050
snps: 498990  indivs: 139
number of blocks for block jackknife: 710
## ncols: 498990
coverage:        Tibetan_Lhasa 498036
coverage:      UpperMustang.LC 498990
coverage:                YR_MN 497089
coverage:                Mbuti 498990
coverage:           Anatolia_N 498137
coverage:                  Ami 498990
coverage:                 Mixe 498990
coverage:         Ganj_Dareh_N 457128
coverage:                 Onge 498990
coverage:           Villabruna 415230
coverage:           DevilsGate 498716
coverage:                 aACA 498987
dof (jackknife):   583.403
numsnps used: 423919
codimension 1
f4info: 
f4rank: 1 dof:      7 chisq:    13.754 tail:         0.0557322602 dofdiff:      9 chisqdiff:   -13.754 taildiff:                    1
B:
          scale     1.000 
     Anatolia_N    -0.277 
            Ami     2.048 
           Mixe     0.697 
   Ganj_Dareh_N     0.060 
           Onge     0.134 
     Villabruna    -0.103 
     DevilsGate     1.317 
           aACA    -1.214 
A:
          scale  1891.430 
UpperMustang.LC    -0.134 
          YR_MN     1.408 


full rank
f4info: 
f4rank: 2 dof:      0 chisq:     0.000 tail:                    1 dofdiff:      7 chisqdiff:    13.754 taildiff:         0.0557322602
B:
          scale     1.000     1.000 
     Anatolia_N    -0.350     0.798 
            Ami     2.041     0.347 
           Mixe     0.644     0.593 
   Ganj_Dareh_N    -0.022     1.156 
           Onge     0.052     1.008 
     Villabruna    -0.123     0.573 
     DevilsGate     1.196     0.959 
           aACA    -1.360     1.815 
A:
          scale  2040.564  4088.566 
UpperMustang.LC    -0.421    -1.324 
          YR_MN     1.350    -0.497 


best coefficients:     0.913     0.087 
Jackknife mean:      0.912645649     0.087354351 
      std. errors:     0.036     0.036 

error covariance (* 1000000)
      1264      -1264 
     -1264       1264 


summ: Tibetan_Lhasa    2      0.055732     0.913     0.087  1264 -1264  1264 

    fixed pat  wt  dof     chisq       tail prob
           00  0     7    13.754       0.0557323     0.913     0.087 
           01  1     8    19.564       0.0121179     1.000     0.000 
           10  1     8   297.546               0     0.000     1.000 
best pat:           00        0.0557323              -  -
best pat:           01        0.0121179  chi(nested):     5.810 p-value for nested model:       0.0159365

coeffs:     0.913     0.087 

## dscore:: f_4(Base, Fit, Rbase, right2)
## genstat:: f_4(Base, Fit, right1, right2)

details: UpperMustang.LC      Anatolia_N    -0.000190   -1.579304
details:           YR_MN      Anatolia_N    -0.000332   -1.729561
dscore:      Anatolia_N f4:    -0.000202 Z:    -1.742431

details: UpperMustang.LC             Ami    -0.000535   -3.776419
details:           YR_MN             Ami     0.001309    6.659967
dscore:             Ami f4:    -0.000375 Z:    -2.765565

details: UpperMustang.LC            Mixe    -0.000328   -2.248958
details:           YR_MN            Mixe     0.000351    1.546440
dscore:            Mixe f4:    -0.000269 Z:    -1.923478

details: UpperMustang.LC    Ganj_Dareh_N    -0.000371   -2.642345
details:           YR_MN    Ganj_Dareh_N    -0.000157   -0.696977
dscore:    Ganj_Dareh_N f4:    -0.000353 Z:    -2.622975

details: UpperMustang.LC            Onge    -0.000340   -2.383133
details:           YR_MN            Onge    -0.000090   -0.414102
dscore:            Onge f4:    -0.000318 Z:    -2.316031

details: UpperMustang.LC      Villabruna    -0.000166   -0.915318
details:           YR_MN      Villabruna    -0.000156   -0.543979
dscore:      Villabruna f4:    -0.000165 Z:    -0.949662

details: UpperMustang.LC      DevilsGate    -0.000559   -3.401778
details:           YR_MN      DevilsGate     0.000674    2.633972
dscore:      DevilsGate f4:    -0.000452 Z:    -2.858388

details: UpperMustang.LC            aACA    -0.000309   -2.429146
details:           YR_MN            aACA    -0.001122   -6.239116
dscore:            aACA f4:    -0.000380 Z:    -3.122114

gendstat:                Mbuti           Anatolia_N    -1.742
gendstat:                Mbuti                  Ami    -2.766
gendstat:                Mbuti                 Mixe    -1.923
gendstat:                Mbuti         Ganj_Dareh_N    -2.623
gendstat:                Mbuti                 Onge    -2.316
gendstat:                Mbuti           Villabruna    -0.950
gendstat:                Mbuti           DevilsGate    -2.858
gendstat:                Mbuti                 aACA    -3.122
gendstat:           Anatolia_N                  Ami    -1.263
gendstat:           Anatolia_N                 Mixe    -0.487
gendstat:           Anatolia_N         Ganj_Dareh_N    -1.370
gendstat:           Anatolia_N                 Onge    -0.886
gendstat:           Anatolia_N           Villabruna     0.247
gendstat:           Anatolia_N           DevilsGate    -1.595
gendstat:           Anatolia_N                 aACA    -1.483
gendstat:                  Ami                 Mixe     0.814
gendstat:                  Ami         Ganj_Dareh_N     0.153
gendstat:                  Ami                 Onge     0.411
gendstat:                  Ami           Villabruna     1.151
gendstat:                  Ami           DevilsGate    -0.612
gendstat:                  Ami                 aACA    -0.048
gendstat:                 Mixe         Ganj_Dareh_N    -0.554
gendstat:                 Mixe                 Onge    -0.323
gendstat:                 Mixe           Villabruna     0.562
gendstat:                 Mixe           DevilsGate    -1.288
gendstat:                 Mixe                 aACA    -0.911
gendstat:         Ganj_Dareh_N                 Onge     0.231
gendstat:         Ganj_Dareh_N           Villabruna     1.079
gendstat:         Ganj_Dareh_N           DevilsGate    -0.595
gendstat:         Ganj_Dareh_N                 aACA    -0.201
gendstat:                 Onge           Villabruna     0.842
gendstat:                 Onge           DevilsGate    -0.853
gendstat:                 Onge                 aACA    -0.496
gendstat:           Villabruna           DevilsGate    -1.438
gendstat:           Villabruna                 aACA    -1.259
gendstat:           DevilsGate                 aACA     0.571

## end of run
