/home/cliu7/utils/AdmixTools/bin/qpAdm: parameter file: temp/param/qpAdm_UpperMustang.LC.Sherpa.LC.YR_MN.par3ue6yjn7
### THE INPUT PARAMETERS
##PARAMETER NAME: VALUE
DIR: data/intermediate
S1: HO_all_merged.qpAdm
indivname: data/intermediate/HO_all_merged.qpAdm.grouped2.ind
snpname: data/intermediate/HO_all_merged.qpAdm.snp
genotypename: data/intermediate/HO_all_merged.qpAdm.geno
popleft: temp/param/left.3ue6yjn7
popright: temp/param/right.3ue6yjn7
details: YES
## qpAdm version: 810
seed: 2139516654
packed geno read OK
end of inpack

left pops:
UpperMustang.LC
Sherpa.LC
YR_MN

right pops:
Mbuti
Anatolia_N
Ami
Mixe
Ganj_Dareh_N
Onge
Villabruna
DevilsGate
aACA

  0      UpperMustang.LC   11
  1            Sherpa.LC    9
  2                YR_MN    8
  3                Mbuti   10
  4           Anatolia_N   25
  5                  Ami   10
  6                 Mixe   10
  7         Ganj_Dareh_N    7
  8                 Onge   12
  9           Villabruna    1
 10           DevilsGate    4
 11                 aACA   32
jackknife block size:     0.050
snps: 498990  indivs: 139
number of blocks for block jackknife: 710
## ncols: 498990
coverage:      UpperMustang.LC 498990
coverage:            Sherpa.LC 498990
coverage:                YR_MN 497089
coverage:                Mbuti 498990
coverage:           Anatolia_N 498137
coverage:                  Ami 498990
coverage:                 Mixe 498990
coverage:         Ganj_Dareh_N 457128
coverage:                 Onge 498990
coverage:           Villabruna 415230
coverage:           DevilsGate 498716
coverage:                 aACA 498987
dof (jackknife):   583.356
numsnps used: 427443
codimension 1
f4info: 
f4rank: 1 dof:      7 chisq:    10.210 tail:          0.176997682 dofdiff:      9 chisqdiff:   -10.210 taildiff:                    1
B:
          scale     1.000 
     Anatolia_N    -0.259 
            Ami     2.182 
           Mixe     0.671 
   Ganj_Dareh_N     0.043 
           Onge     0.163 
     Villabruna    -0.015 
     DevilsGate     1.159 
           aACA    -1.162 
A:
          scale  1774.488 
      Sherpa.LC    -0.080 
          YR_MN     1.412 


full rank
f4info: 
f4rank: 2 dof:      0 chisq:     0.000 tail:                    1 dofdiff:      7 chisqdiff:    10.210 taildiff:          0.176997682
B:
          scale     1.000     1.000 
     Anatolia_N    -0.168     0.371 
            Ami     2.094    -1.285 
           Mixe     0.770     0.467 
   Ganj_Dareh_N     0.239     0.908 
           Onge     0.281     0.371 
     Villabruna     0.018    -0.031 
     DevilsGate     1.420     1.184 
           aACA    -0.916     1.905 
A:
          scale  1609.215  6850.767 
      Sherpa.LC     0.247     1.412 
          YR_MN     1.392    -0.082 


best coefficients:     0.946     0.054 
Jackknife mean:      0.945420351     0.054579649 
      std. errors:     0.037     0.037 

error covariance (* 1000000)
      1375      -1375 
     -1375       1375 


summ: UpperMustang.LC    2      0.176998     0.945     0.055  1375 -1375  1375 

    fixed pat  wt  dof     chisq       tail prob
           00  0     7    10.210        0.176998     0.946     0.054 
           01  1     8    12.141         0.14504     1.000     0.000 
           10  1     8   394.620               0     0.000     1.000 
best pat:           00         0.176998              -  -
best pat:           01          0.14504  chi(nested):     1.931 p-value for nested model:        0.164661

coeffs:     0.946     0.054 

## dscore:: f_4(Base, Fit, Rbase, right2)
## genstat:: f_4(Base, Fit, right1, right2)

details:       Sherpa.LC      Anatolia_N     0.000058    0.400078
details:           YR_MN      Anatolia_N    -0.000146   -0.763970
dscore:      Anatolia_N f4:     0.000047 Z:     0.333614

details:       Sherpa.LC             Ami     0.000064    0.399372
details:           YR_MN             Ami     0.001833    9.081934
dscore:             Ami f4:     0.000160 Z:     1.022772

details:       Sherpa.LC            Mixe     0.000222    1.278902
details:           YR_MN            Mixe     0.000667    2.874268
dscore:            Mixe f4:     0.000246 Z:     1.459152

details:       Sherpa.LC    Ganj_Dareh_N     0.000230    1.338254
details:           YR_MN    Ganj_Dareh_N     0.000201    0.865027
dscore:    Ganj_Dareh_N f4:     0.000228 Z:     1.367211

details:       Sherpa.LC            Onge     0.000127    0.758507
details:           YR_MN            Onge     0.000244    1.120917
dscore:            Onge f4:     0.000133 Z:     0.821253

details:       Sherpa.LC      Villabruna     0.000005    0.021757
details:           YR_MN      Villabruna     0.000021    0.069865
dscore:      Villabruna f4:     0.000006 Z:     0.026256

details:       Sherpa.LC      DevilsGate     0.000469    2.356984
details:           YR_MN      DevilsGate     0.001223    4.750919
dscore:      DevilsGate f4:     0.000510 Z:     2.636563

details:       Sherpa.LC            aACA     0.000259    1.717214
details:           YR_MN            aACA    -0.000810   -4.323948
dscore:            aACA f4:     0.000201 Z:     1.374025

gendstat:                Mbuti           Anatolia_N     0.334
gendstat:                Mbuti                  Ami     1.023
gendstat:                Mbuti                 Mixe     1.459
gendstat:                Mbuti         Ganj_Dareh_N     1.367
gendstat:                Mbuti                 Onge     0.821
gendstat:                Mbuti           Villabruna     0.026
gendstat:                Mbuti           DevilsGate     2.637
gendstat:                Mbuti                 aACA     1.374
gendstat:           Anatolia_N                  Ami     0.737
gendstat:           Anatolia_N                 Mixe     1.261
gendstat:           Anatolia_N         Ganj_Dareh_N     1.357
gendstat:           Anatolia_N                 Onge     0.579
gendstat:           Anatolia_N           Villabruna    -0.224
gendstat:           Anatolia_N           DevilsGate     2.432
gendstat:           Anatolia_N                 aACA     1.069
gendstat:                  Ami                 Mixe     0.601
gendstat:                  Ami         Ganj_Dareh_N     0.390
gendstat:                  Ami                 Onge    -0.173
gendstat:                  Ami           Villabruna    -0.697
gendstat:                  Ami           DevilsGate     2.297
gendstat:                  Ami                 aACA     0.396
gendstat:                 Mixe         Ganj_Dareh_N    -0.099
gendstat:                 Mixe                 Onge    -0.662
gendstat:                 Mixe           Villabruna    -1.061
gendstat:                 Mixe           DevilsGate     1.550
gendstat:                 Mixe                 aACA    -0.329
gendstat:         Ganj_Dareh_N                 Onge    -0.555
gendstat:         Ganj_Dareh_N           Villabruna    -1.054
gendstat:         Ganj_Dareh_N           DevilsGate     1.336
gendstat:         Ganj_Dareh_N                 aACA    -0.157
gendstat:                 Onge           Villabruna    -0.574
gendstat:                 Onge           DevilsGate     2.008
gendstat:                 Onge                 aACA     0.469
gendstat:           Villabruna           DevilsGate     2.077
gendstat:           Villabruna                 aACA     0.911
gendstat:           DevilsGate                 aACA    -2.023

## end of run
