/home/cliu7/utils/AdmixTools/bin/qpAdm: parameter file: temp/param/qpAdm_UpperMustang.LC.Sherpa.LC.Upper_YR_LN.paro4qqzejh
### THE INPUT PARAMETERS
##PARAMETER NAME: VALUE
DIR: data/intermediate
S1: HO_all_merged.qpAdm
indivname: data/intermediate/HO_all_merged.qpAdm.grouped2.ind
snpname: data/intermediate/HO_all_merged.qpAdm.snp
genotypename: data/intermediate/HO_all_merged.qpAdm.geno
popleft: temp/param/left.o4qqzejh
popright: temp/param/right.o4qqzejh
details: YES
## qpAdm version: 810
seed: -1767408436
packed geno read OK
end of inpack

left pops:
UpperMustang.LC
Sherpa.LC
Upper_YR_LN

right pops:
Mbuti
Anatolia_N
Ami
Mixe
Ganj_Dareh_N
Onge
Villabruna
DevilsGate
aACA

  0      UpperMustang.LC   11
  1            Sherpa.LC    9
  2          Upper_YR_LN    7
  3                Mbuti   10
  4           Anatolia_N   25
  5                  Ami   10
  6                 Mixe   10
  7         Ganj_Dareh_N    7
  8                 Onge   12
  9           Villabruna    1
 10           DevilsGate    4
 11                 aACA   32
jackknife block size:     0.050
snps: 498990  indivs: 138
number of blocks for block jackknife: 710
## ncols: 498990
coverage:      UpperMustang.LC 498990
coverage:            Sherpa.LC 498990
coverage:          Upper_YR_LN 496840
coverage:                Mbuti 498990
coverage:           Anatolia_N 498137
coverage:                  Ami 498990
coverage:                 Mixe 498990
coverage:         Ganj_Dareh_N 457128
coverage:                 Onge 498990
coverage:           Villabruna 415230
coverage:           DevilsGate 498716
coverage:                 aACA 498987
dof (jackknife):   583.326
numsnps used: 426883
codimension 1
f4info: 
f4rank: 1 dof:      7 chisq:    12.013 tail:           0.10012257 dofdiff:      9 chisqdiff:   -12.013 taildiff:                    1
B:
          scale     1.000 
     Anatolia_N    -0.017 
            Ami     1.593 
           Mixe     1.082 
   Ganj_Dareh_N     0.321 
           Onge     0.549 
     Villabruna    -0.038 
     DevilsGate     1.963 
           aACA    -0.176 
A:
          scale  1368.178 
      Sherpa.LC    -0.010 
    Upper_YR_LN     1.414 


full rank
f4info: 
f4rank: 2 dof:      0 chisq:     0.000 tail:                    1 dofdiff:      7 chisqdiff:    12.013 taildiff:           0.10012257
B:
          scale     1.000     1.000 
     Anatolia_N     0.005     0.342 
            Ami     1.501    -1.871 
           Mixe     1.093    -0.183 
   Ganj_Dareh_N     0.433     0.935 
           Onge     0.554    -0.020 
     Villabruna    -0.052     0.068 
     DevilsGate     2.013     0.112 
           aACA    -0.058     1.860 
A:
          scale  1262.106  9829.523 
      Sherpa.LC     0.278     1.406 
    Upper_YR_LN     1.387    -0.155 


best coefficients:     0.993     0.007 
Jackknife mean:      0.991488258     0.008511742 
      std. errors:     0.054     0.054 

error covariance (* 1000000)
      2908      -2908 
     -2908       2908 


summ: UpperMustang.LC    2      0.100123     0.991     0.009  2908 -2908  2908 

    fixed pat  wt  dof     chisq       tail prob
           00  0     7    12.013        0.100123     0.993     0.007 
           01  1     8    11.962        0.152928     1.000     0.000 
           10  1     8   298.013               0     0.000     1.000 
best pat:           00         0.100123              -  -
best pat:           01         0.152928  chi(nested):    -0.052 p-value for nested model:            -nan

coeffs:     0.993     0.007 

## dscore:: f_4(Base, Fit, Rbase, right2)
## genstat:: f_4(Base, Fit, right1, right2)

details:       Sherpa.LC      Anatolia_N     0.000058    0.402986
details:     Upper_YR_LN      Anatolia_N     0.000007    0.038552
dscore:      Anatolia_N f4:     0.000058 Z:     0.401998

details:       Sherpa.LC             Ami     0.000068    0.421723
details:     Upper_YR_LN             Ami     0.001687    8.517805
dscore:             Ami f4:     0.000080 Z:     0.497327

details:       Sherpa.LC            Mixe     0.000221    1.275232
details:     Upper_YR_LN            Mixe     0.001213    5.861700
dscore:            Mixe f4:     0.000228 Z:     1.323071

details:       Sherpa.LC    Ganj_Dareh_N     0.000239    1.382778
details:     Upper_YR_LN    Ganj_Dareh_N     0.000469    2.178273
dscore:    Ganj_Dareh_N f4:     0.000240 Z:     1.398115

details:       Sherpa.LC            Onge     0.000126    0.755166
details:     Upper_YR_LN            Onge     0.000617    2.935256
dscore:            Onge f4:     0.000130 Z:     0.779304

details:       Sherpa.LC      Villabruna     0.000008    0.036596
details:     Upper_YR_LN      Villabruna    -0.000052   -0.183239
dscore:      Villabruna f4:     0.000008 Z:     0.034802

details:       Sherpa.LC      DevilsGate     0.000464    2.331866
details:     Upper_YR_LN      DevilsGate     0.002222    9.087373
dscore:      DevilsGate f4:     0.000477 Z:     2.406313

details:       Sherpa.LC            aACA     0.000258    1.709998
details:     Upper_YR_LN            aACA    -0.000084   -0.459457
dscore:            aACA f4:     0.000256 Z:     1.700379

gendstat:                Mbuti           Anatolia_N     0.402
gendstat:                Mbuti                  Ami     0.497
gendstat:                Mbuti                 Mixe     1.323
gendstat:                Mbuti         Ganj_Dareh_N     1.398
gendstat:                Mbuti                 Onge     0.779
gendstat:                Mbuti           Villabruna     0.035
gendstat:                Mbuti           DevilsGate     2.406
gendstat:                Mbuti                 aACA     1.700
gendstat:           Anatolia_N                  Ami     0.142
gendstat:           Anatolia_N                 Mixe     1.049
gendstat:           Anatolia_N         Ganj_Dareh_N     1.328
gendstat:           Anatolia_N                 Onge     0.472
gendstat:           Anatolia_N           Villabruna    -0.264
gendstat:           Anatolia_N           DevilsGate     2.143
gendstat:           Anatolia_N                 aACA     1.337
gendstat:                  Ami                 Mixe     1.003
gendstat:                  Ami         Ganj_Dareh_N     0.889
gendstat:                  Ami                 Onge     0.316
gendstat:                  Ami           Villabruna    -0.317
gendstat:                  Ami           DevilsGate     2.541
gendstat:                  Ami                 aACA     1.631
gendstat:                 Mixe         Ganj_Dareh_N     0.066
gendstat:                 Mixe                 Onge    -0.560
gendstat:                 Mixe           Villabruna    -0.943
gendstat:                 Mixe           DevilsGate     1.423
gendstat:                 Mixe                 aACA     0.196
gendstat:         Ganj_Dareh_N                 Onge    -0.627
gendstat:         Ganj_Dareh_N           Villabruna    -1.069
gendstat:         Ganj_Dareh_N           DevilsGate     1.092
gendstat:         Ganj_Dareh_N                 aACA     0.086
gendstat:                 Onge           Villabruna    -0.532
gendstat:                 Onge           DevilsGate     1.796
gendstat:                 Onge                 aACA     0.843
gendstat:           Villabruna           DevilsGate     1.874
gendstat:           Villabruna                 aACA     1.121
gendstat:           DevilsGate                 aACA    -1.415

## end of run
