/home/cliu7/utils/AdmixTools/bin/qpWave: parameter file: temp/param/qpAdm_Yi.Sherpa.LC.YR_MN.parzjofj0sr
### THE INPUT PARAMETERS
##PARAMETER NAME: VALUE
DIR: data/intermediate
S1: HO_all_merged.qpAdm
indivname: data/intermediate/HO_all_merged.qpAdm.grouped2.ind
snpname: data/intermediate/HO_all_merged.qpAdm.snp
genotypename: data/intermediate/HO_all_merged.qpAdm.geno
popleft: temp/param/left.zjofj0sr
popright: temp/param/right.zjofj0sr
details: YES
## qpWave version: 410
packed geno read OK
end of inpack

left pops:
Yi
Sherpa.LC
YR_MN

right pops:
Mbuti
Anatolia_N
Ami
Mixe
Ganj_Dareh_N
Onge
Villabruna
DevilsGate
aACA

  0                   Yi    8
  1            Sherpa.LC    9
  2                YR_MN    8
  3                Mbuti   10
  4           Anatolia_N   25
  5                  Ami   10
  6                 Mixe   10
  7         Ganj_Dareh_N    7
  8                 Onge   12
  9           Villabruna    1
 10           DevilsGate    4
 11                 aACA   32
jackknife block size:     0.050
snps: 498990  indivs: 136
number of blocks for block jackknife: 710
dof (jackknife):   583.336
numsnps used: 425722
f4info: 
f4rank: 0 dof:     16 chisq:   749.691 tail:      3.38384427e-149 dofdiff:      0 chisqdiff:     0.000 taildiff:                    1

f4info: 
f4rank: 1 dof:      7 chisq:    15.485 tail:         0.0302598849 dofdiff:      9 chisqdiff:   734.206 taildiff:      3.05158963e-152
B:
          scale     1.000 
     Anatolia_N    -0.109 
            Ami     2.364 
           Mixe     0.575 
   Ganj_Dareh_N    -0.026 
           Onge     0.478 
     Villabruna    -0.480 
     DevilsGate     0.661 
           aACA    -1.083 
A:
          scale  1643.629 
      Sherpa.LC    -1.414 
          YR_MN    -0.041 

f4info: 
f4rank: 2 dof:      0 chisq:     0.000 tail:                    1 dofdiff:      7 chisqdiff:    15.485 taildiff:         0.0302598849
B:
          scale     1.000     1.000 
     Anatolia_N    -0.067     0.563 
            Ami     2.408     0.137 
           Mixe     0.649     0.155 
   Ganj_Dareh_N    -0.001     0.103 
           Onge     0.595     1.209 
     Villabruna    -0.556    -1.590 
     DevilsGate     0.564    -1.219 
           aACA    -0.892     1.468 
A:
          scale  1578.486  5887.168 
      Sherpa.LC    -1.399     0.210 
          YR_MN    -0.210    -1.399 

## end of run
