/home/cliu7/utils/AdmixTools/bin/qpWave: parameter file: temp/param/qpAdm_Gurung.Mebrak.Upper_YR_LN.par4og1rsqm
### THE INPUT PARAMETERS
##PARAMETER NAME: VALUE
DIR: data/intermediate
S1: HO_all_merged.qpAdm
indivname: data/intermediate/HO_all_merged.qpAdm.grouped.ind
snpname: data/intermediate/HO_all_merged.qpAdm.snp
genotypename: data/intermediate/HO_all_merged.qpAdm.geno
popleft: temp/param/left.4og1rsqm
popright: temp/param/right.4og1rsqm
details: YES
## qpWave version: 410
packed geno read OK
end of inpack

left pops:
Gurung
Mebrak
Upper_YR_LN

right pops:
Mbuti
Anatolia_N
Ami
Mixe
Ganj_Dareh_N
Onge
Villabruna
DevilsGate
Sherpa.LC

  0               Gurung    5
  1               Mebrak    8
  2          Upper_YR_LN    7
  3                Mbuti   10
  4           Anatolia_N   25
  5                  Ami   10
  6                 Mixe   10
  7         Ganj_Dareh_N    7
  8                 Onge   12
  9           Villabruna    1
 10           DevilsGate    4
 11            Sherpa.LC    9
jackknife block size:     0.050
snps: 498990  indivs: 108
number of blocks for block jackknife: 710
dof (jackknife):   583.165
numsnps used: 426565
f4info: 
f4rank: 0 dof:     16 chisq:   396.431 tail:       2.03769556e-74 dofdiff:      0 chisqdiff:     0.000 taildiff:                    1

f4info: 
f4rank: 1 dof:      7 chisq:   161.706 tail:       1.40343566e-31 dofdiff:      9 chisqdiff:   234.725 taildiff:       1.66247761e-45
B:
          scale     1.000 
     Anatolia_N     0.011 
            Ami     1.581 
           Mixe     1.196 
   Ganj_Dareh_N     0.107 
           Onge     0.518 
     Villabruna    -0.092 
     DevilsGate     1.813 
      Sherpa.LC     0.704 
A:
          scale  1077.921 
         Mebrak    -0.026 
    Upper_YR_LN     1.414 

f4info: 
f4rank: 2 dof:      0 chisq:     0.000 tail:                    1 dofdiff:      7 chisqdiff:   161.706 taildiff:       1.40343566e-31
B:
          scale     1.000     1.000 
     Anatolia_N    -0.160     0.432 
            Ami     1.287     1.138 
           Mixe     0.964     0.857 
   Ganj_Dareh_N    -0.116     0.629 
           Onge     0.169     1.153 
     Villabruna     0.169    -0.438 
     DevilsGate     1.962     0.056 
      Sherpa.LC     1.211    -1.966 
A:
          scale   899.656  3082.416 
         Mebrak     0.455    -1.339 
    Upper_YR_LN     1.339     0.455 

## end of run
