/home/cliu7/utils/AdmixTools/bin/qpAdm: parameter file: temp/param/qpAdm_Gurung.Rhirhi.YR_MN.par9iesa83z
### THE INPUT PARAMETERS
##PARAMETER NAME: VALUE
DIR: data/intermediate
S1: HO_all_merged.qpAdm
indivname: data/intermediate/HO_all_merged.qpAdm.grouped.ind
snpname: data/intermediate/HO_all_merged.qpAdm.snp
genotypename: data/intermediate/HO_all_merged.qpAdm.geno
popleft: temp/param/left.9iesa83z
popright: temp/param/right.9iesa83z
details: YES
## qpAdm version: 810
seed: 1946830040
packed geno read OK
end of inpack

left pops:
Gurung
Rhirhi
YR_MN

right pops:
Mbuti
Anatolia_N
Ami
Mixe
Ganj_Dareh_N
Onge
Villabruna
DevilsGate
Sherpa.LC

  0               Gurung    5
  1               Rhirhi    4
  2                YR_MN    8
  3                Mbuti   10
  4           Anatolia_N   25
  5                  Ami   10
  6                 Mixe   10
  7         Ganj_Dareh_N    7
  8                 Onge   12
  9           Villabruna    1
 10           DevilsGate    4
 11            Sherpa.LC    9
jackknife block size:     0.050
snps: 498990  indivs: 105
number of blocks for block jackknife: 710
## ncols: 498990
coverage:               Gurung 498036
coverage:               Rhirhi 489694
coverage:                YR_MN 497089
coverage:                Mbuti 498990
coverage:           Anatolia_N 498137
coverage:                  Ami 498990
coverage:                 Mixe 498990
coverage:         Ganj_Dareh_N 457128
coverage:                 Onge 498990
coverage:           Villabruna 415230
coverage:           DevilsGate 498716
coverage:            Sherpa.LC 498990
dof (jackknife):   583.388
numsnps used: 424892
codimension 1
f4info: 
f4rank: 1 dof:      7 chisq:    66.663 tail:       6.96040775e-12 dofdiff:      9 chisqdiff:   -66.663 taildiff:                    1
B:
          scale     1.000 
     Anatolia_N    -0.144 
            Ami     2.169 
           Mixe     1.120 
   Ganj_Dareh_N    -0.039 
           Onge     0.237 
     Villabruna    -0.087 
     DevilsGate     1.394 
      Sherpa.LC     0.110 
A:
          scale  1448.823 
         Rhirhi    -0.455 
          YR_MN     1.339 


full rank
f4info: 
f4rank: 2 dof:      0 chisq:     0.000 tail:                    1 dofdiff:      7 chisqdiff:    66.663 taildiff:       6.96040775e-12
B:
          scale     1.000     1.000 
     Anatolia_N    -0.330     0.325 
            Ami     1.874     1.424 
           Mixe     0.834     0.775 
   Ganj_Dareh_N    -0.366     0.843 
           Onge    -0.032     0.960 
     Villabruna     0.290    -1.038 
     DevilsGate     1.749    -0.663 
      Sherpa.LC     0.635    -1.455 
A:
          scale  1233.435  2800.096 
         Rhirhi     0.280    -1.399 
          YR_MN     1.386     0.208 


best coefficients:     0.746     0.254 
Jackknife mean:      0.740630803     0.259369197 
      std. errors:     0.083     0.083 

error covariance (* 1000000)
      6855      -6855 
     -6855       6855 


summ: Gurung    2      0.000000     0.741     0.259  6855 -6855  6855 

    fixed pat  wt  dof     chisq       tail prob
           00  0     7    66.663     6.96041e-12     0.746     0.254 
           01  1     8    78.411     1.02055e-13     1.000     0.000 
           10  1     8   209.981               0     0.000     1.000 
best pat:           00      6.96041e-12              -  -
best pat:           01      1.02055e-13  chi(nested):    11.748 p-value for nested model:     0.000609208

coeffs:     0.746     0.254 

## dscore:: f_4(Base, Fit, Rbase, right2)
## genstat:: f_4(Base, Fit, right1, right2)

details:          Rhirhi      Anatolia_N    -0.000236   -1.170674
details:           YR_MN      Anatolia_N    -0.000342   -1.760028
dscore:      Anatolia_N f4:    -0.000263 Z:    -1.539761

details:          Rhirhi             Ami    -0.000286   -1.189042
details:           YR_MN             Ami     0.002218    9.865256
dscore:             Ami f4:     0.000350 Z:     1.682107

details:          Rhirhi            Mixe    -0.000197   -0.765879
details:           YR_MN            Mixe     0.001001    4.211725
dscore:            Mixe f4:     0.000107 Z:     0.488130

details:          Rhirhi    Ganj_Dareh_N    -0.000506   -1.935647
details:           YR_MN    Ganj_Dareh_N    -0.000344   -1.429024
dscore:    Ganj_Dareh_N f4:    -0.000465 Z:    -2.116470

details:          Rhirhi            Onge    -0.000488   -2.032371
details:           YR_MN            Onge     0.000041    0.182247
dscore:            Onge f4:    -0.000354 Z:    -1.750807

details:          Rhirhi      Villabruna     0.000589    1.797128
details:           YR_MN      Villabruna     0.000254    0.821644
dscore:      Villabruna f4:     0.000504 Z:     1.805955

details:          Rhirhi      DevilsGate     0.000729    2.479421
details:           YR_MN      DevilsGate     0.001924    7.128258
dscore:      DevilsGate f4:     0.001032 Z:     4.135901

details:          Rhirhi       Sherpa.LC     0.000870    3.587837
details:           YR_MN       Sherpa.LC     0.000611    2.793368
dscore:       Sherpa.LC f4:     0.000805 Z:     3.879556

gendstat:                Mbuti           Anatolia_N    -1.540
gendstat:                Mbuti                  Ami     1.682
gendstat:                Mbuti                 Mixe     0.488
gendstat:                Mbuti         Ganj_Dareh_N    -2.116
gendstat:                Mbuti                 Onge    -1.751
gendstat:                Mbuti           Villabruna     1.806
gendstat:                Mbuti           DevilsGate     4.136
gendstat:                Mbuti            Sherpa.LC     3.880
gendstat:           Anatolia_N                  Ami     3.225
gendstat:           Anatolia_N                 Mixe     1.833
gendstat:           Anatolia_N         Ganj_Dareh_N    -1.120
gendstat:           Anatolia_N                 Onge    -0.457
gendstat:           Anatolia_N           Villabruna     3.199
gendstat:           Anatolia_N           DevilsGate     5.395
gendstat:           Anatolia_N            Sherpa.LC     5.691
gendstat:                  Ami                 Mixe    -1.369
gendstat:                  Ami         Ganj_Dareh_N    -3.578
gendstat:                  Ami                 Onge    -3.286
gendstat:                  Ami           Villabruna     0.549
gendstat:                  Ami           DevilsGate     3.406
gendstat:                  Ami            Sherpa.LC     2.987
gendstat:                 Mixe         Ganj_Dareh_N    -2.319
gendstat:                 Mixe                 Onge    -1.972
gendstat:                 Mixe           Villabruna     1.399
gendstat:                 Mixe           DevilsGate     4.043
gendstat:                 Mixe            Sherpa.LC     3.867
gendstat:         Ganj_Dareh_N                 Onge     0.459
gendstat:         Ganj_Dareh_N           Villabruna     3.423
gendstat:         Ganj_Dareh_N           DevilsGate     5.394
gendstat:         Ganj_Dareh_N            Sherpa.LC     5.704
gendstat:                 Onge           Villabruna     2.973
gendstat:                 Onge           DevilsGate     5.154
gendstat:                 Onge            Sherpa.LC     5.446
gendstat:           Villabruna           DevilsGate     1.676
gendstat:           Villabruna            Sherpa.LC     1.079
gendstat:           DevilsGate            Sherpa.LC    -1.130

## end of run
