/home/cliu7/utils/AdmixTools/bin/qpWave: parameter file: temp/param/qpAdm_Naga.Lubrak.YR_MN.par7g_hr10o
### THE INPUT PARAMETERS
##PARAMETER NAME: VALUE
DIR: data/intermediate
S1: HO_all_merged.qpAdm
indivname: data/intermediate/HO_all_merged.qpAdm.grouped.ind
snpname: data/intermediate/HO_all_merged.qpAdm.snp
genotypename: data/intermediate/HO_all_merged.qpAdm.geno
popleft: temp/param/left.7g_hr10o
popright: temp/param/right.7g_hr10o
details: YES
## qpWave version: 410
packed geno read OK
end of inpack

left pops:
Naga
Lubrak
YR_MN

right pops:
Mbuti
Anatolia_N
Ami
Mixe
Ganj_Dareh_N
Onge
Villabruna
DevilsGate
Sherpa.LC

  0                 Naga    6
  1               Lubrak    2
  2                YR_MN    8
  3                Mbuti   10
  4           Anatolia_N   25
  5                  Ami   10
  6                 Mixe   10
  7         Ganj_Dareh_N    7
  8                 Onge   12
  9           Villabruna    1
 10           DevilsGate    4
 11            Sherpa.LC    9
jackknife block size:     0.050
snps: 498990  indivs: 104
number of blocks for block jackknife: 710
dof (jackknife):   583.147
numsnps used: 310282
f4info: 
f4rank: 0 dof:     16 chisq:   180.060 tail:       8.19330949e-30 dofdiff:      0 chisqdiff:     0.000 taildiff:                    1

f4info: 
f4rank: 1 dof:      7 chisq:     9.164 tail:          0.241061146 dofdiff:      9 chisqdiff:   170.896 taildiff:       4.01560345e-32
B:
          scale     1.000 
     Anatolia_N     0.402 
            Ami    -1.682 
           Mixe    -0.631 
   Ganj_Dareh_N     0.143 
           Onge    -0.036 
     Villabruna     0.628 
     DevilsGate    -0.138 
      Sherpa.LC     2.043 
A:
          scale  2250.730 
         Lubrak     1.234 
          YR_MN    -0.692 

f4info: 
f4rank: 2 dof:      0 chisq:     0.000 tail:                    1 dofdiff:      7 chisqdiff:     9.164 taildiff:          0.241061146
B:
          scale     1.000     1.000 
     Anatolia_N     0.473    -0.284 
            Ami    -1.673    -0.174 
           Mixe    -0.866     1.210 
   Ganj_Dareh_N     0.434    -1.247 
           Onge    -0.310     1.410 
     Villabruna     0.826    -0.878 
     DevilsGate    -0.173    -0.350 
      Sherpa.LC     1.797     1.410 
A:
          scale  2139.334  5887.680 
         Lubrak     1.317    -0.514 
          YR_MN    -0.514    -1.317 

## end of run
