/home/cliu7/utils/AdmixTools/bin/qpAdm: parameter file: temp/param/qpAdm_Naga.Rhirhi.Upper_YR_LN.parxz_k272x
### THE INPUT PARAMETERS
##PARAMETER NAME: VALUE
DIR: data/intermediate
S1: HO_all_merged.qpAdm
indivname: data/intermediate/HO_all_merged.qpAdm.grouped.ind
snpname: data/intermediate/HO_all_merged.qpAdm.snp
genotypename: data/intermediate/HO_all_merged.qpAdm.geno
popleft: temp/param/left.xz_k272x
popright: temp/param/right.xz_k272x
details: YES
## qpAdm version: 810
seed: -1755973091
packed geno read OK
end of inpack

left pops:
Naga
Rhirhi
Upper_YR_LN

right pops:
Mbuti
Anatolia_N
Ami
Mixe
Ganj_Dareh_N
Onge
Villabruna
DevilsGate
Sherpa.LC

  0                 Naga    6
  1               Rhirhi    4
  2          Upper_YR_LN    7
  3                Mbuti   10
  4           Anatolia_N   25
  5                  Ami   10
  6                 Mixe   10
  7         Ganj_Dareh_N    7
  8                 Onge   12
  9           Villabruna    1
 10           DevilsGate    4
 11            Sherpa.LC    9
jackknife block size:     0.050
snps: 498990  indivs: 105
number of blocks for block jackknife: 710
## ncols: 498990
coverage:                 Naga 498990
coverage:               Rhirhi 489694
coverage:          Upper_YR_LN 496840
coverage:                Mbuti 498990
coverage:           Anatolia_N 498137
coverage:                  Ami 498990
coverage:                 Mixe 498990
coverage:         Ganj_Dareh_N 457128
coverage:                 Onge 498990
coverage:           Villabruna 415230
coverage:           DevilsGate 498716
coverage:            Sherpa.LC 498990
dof (jackknife):   583.125
numsnps used: 425462
codimension 1
f4info: 
f4rank: 1 dof:      7 chisq:    25.209 tail:       0.000696591522 dofdiff:      9 chisqdiff:   -25.209 taildiff:                    1
B:
          scale     1.000 
     Anatolia_N    -0.028 
            Ami     1.879 
           Mixe     1.267 
   Ganj_Dareh_N     0.134 
           Onge     0.750 
     Villabruna    -0.329 
     DevilsGate     1.374 
      Sherpa.LC     0.535 
A:
          scale  1238.625 
         Rhirhi    -1.395 
    Upper_YR_LN     0.230 


full rank
f4info: 
f4rank: 2 dof:      0 chisq:     0.000 tail:                    1 dofdiff:      7 chisqdiff:    25.209 taildiff:       0.000696591522
B:
          scale     1.000     1.000 
     Anatolia_N    -0.033     0.446 
            Ami     1.910    -1.212 
           Mixe     1.302    -0.177 
   Ganj_Dareh_N     0.110     1.277 
           Onge     0.757    -0.664 
     Villabruna    -0.350     0.524 
     DevilsGate     1.300     1.960 
      Sherpa.LC     0.512    -0.339 
A:
          scale  1324.569  4033.317 
         Rhirhi    -1.333     0.483 
    Upper_YR_LN     0.471     1.329 


best coefficients:     0.142     0.858 
Jackknife mean:      0.143085075     0.856914925 
      std. errors:     0.063     0.063 

error covariance (* 1000000)
      3977      -3977 
     -3977       3977 


summ: Naga    2      0.000697     0.143     0.857  3977 -3977  3977 

    fixed pat  wt  dof     chisq       tail prob
           00  0     7    25.209     0.000696592     0.142     0.858 
           01  1     8   147.682     5.96805e-28     1.000     0.000 
           10  1     8    30.511     0.000171596     0.000     1.000 
best pat:           00      0.000696592              -  -
best pat:           10      0.000171596  chi(nested):     5.302 p-value for nested model:        0.021301

coeffs:     0.142     0.858 

## dscore:: f_4(Base, Fit, Rbase, right2)
## genstat:: f_4(Base, Fit, right1, right2)

details:          Rhirhi      Anatolia_N     0.000087    0.429447
details:     Upper_YR_LN      Anatolia_N     0.000142    0.787318
dscore:      Anatolia_N f4:     0.000134 Z:     0.807040

details:          Rhirhi             Ami    -0.002069   -8.801759
details:     Upper_YR_LN             Ami     0.000286    1.427414
dscore:             Ami f4:    -0.000048 Z:    -0.258518

details:          Rhirhi            Mixe    -0.001335   -5.211870
details:     Upper_YR_LN            Mixe     0.000409    1.858776
dscore:            Mixe f4:     0.000162 Z:     0.797609

details:          Rhirhi    Ganj_Dareh_N     0.000042    0.163092
details:     Upper_YR_LN    Ganj_Dareh_N     0.000466    2.094460
dscore:    Ganj_Dareh_N f4:     0.000406 Z:     1.964885

details:          Rhirhi            Onge    -0.000843   -3.467770
details:     Upper_YR_LN            Onge     0.000056    0.258218
dscore:            Onge f4:    -0.000072 Z:    -0.359928

details:          Rhirhi      Villabruna     0.000417    1.368531
details:     Upper_YR_LN      Villabruna     0.000059    0.203747
dscore:      Villabruna f4:     0.000109 Z:     0.415243

details:          Rhirhi      DevilsGate    -0.001076   -3.676368
details:     Upper_YR_LN      DevilsGate     0.001114    4.213025
dscore:      DevilsGate f4:     0.000804 Z:     3.298260

details:          Rhirhi       Sherpa.LC    -0.000559   -2.337079
details:     Upper_YR_LN       Sherpa.LC     0.000076    0.381230
dscore:       Sherpa.LC f4:    -0.000014 Z:    -0.074143

gendstat:                Mbuti           Anatolia_N     0.807
gendstat:                Mbuti                  Ami    -0.259
gendstat:                Mbuti                 Mixe     0.798
gendstat:                Mbuti         Ganj_Dareh_N     1.965
gendstat:                Mbuti                 Onge    -0.360
gendstat:                Mbuti           Villabruna     0.415
gendstat:                Mbuti           DevilsGate     3.298
gendstat:                Mbuti            Sherpa.LC    -0.074
gendstat:           Anatolia_N                  Ami    -1.082
gendstat:           Anatolia_N                 Mixe     0.159
gendstat:           Anatolia_N         Ganj_Dareh_N     1.643
gendstat:           Anatolia_N                 Onge    -1.182
gendstat:           Anatolia_N           Villabruna    -0.105
gendstat:           Anatolia_N           DevilsGate     3.127
gendstat:           Anatolia_N            Sherpa.LC    -0.877
gendstat:                  Ami                 Mixe     1.170
gendstat:                  Ami         Ganj_Dareh_N     2.207
gendstat:                  Ami                 Onge    -0.130
gendstat:                  Ami           Villabruna     0.595
gendstat:                  Ami           DevilsGate     4.309
gendstat:                  Ami            Sherpa.LC     0.250
gendstat:                 Mixe         Ganj_Dareh_N     1.113
gendstat:                 Mixe                 Onge    -1.155
gendstat:                 Mixe           Villabruna    -0.197
gendstat:                 Mixe           DevilsGate     2.939
gendstat:                 Mixe            Sherpa.LC    -1.016
gendstat:         Ganj_Dareh_N                 Onge    -2.253
gendstat:         Ganj_Dareh_N           Villabruna    -1.139
gendstat:         Ganj_Dareh_N           DevilsGate     1.601
gendstat:         Ganj_Dareh_N            Sherpa.LC    -2.077
gendstat:                 Onge           Villabruna     0.677
gendstat:                 Onge           DevilsGate     3.674
gendstat:                 Onge            Sherpa.LC     0.317
gendstat:           Villabruna           DevilsGate     2.356
gendstat:           Villabruna            Sherpa.LC    -0.465
gendstat:           DevilsGate            Sherpa.LC    -4.113

## end of run
