/home/cliu7/utils/AdmixTools/bin/qpWave: parameter file: temp/param/qpAdm_Naga.Chokhopani.Upper_YR_LN.parozdjcfbz
### THE INPUT PARAMETERS
##PARAMETER NAME: VALUE
DIR: data/intermediate
S1: HO_all_merged.qpAdm
indivname: data/intermediate/HO_all_merged.qpAdm.grouped.ind
snpname: data/intermediate/HO_all_merged.qpAdm.snp
genotypename: data/intermediate/HO_all_merged.qpAdm.geno
popleft: temp/param/left.ozdjcfbz
popright: temp/param/right.ozdjcfbz
details: YES
## qpWave version: 410
packed geno read OK
end of inpack

left pops:
Naga
Chokhopani
Upper_YR_LN

right pops:
Mbuti
Anatolia_N
Ami
Mixe
Ganj_Dareh_N
Onge
Villabruna
DevilsGate
Sherpa.LC

  0                 Naga    6
  1           Chokhopani    2
  2          Upper_YR_LN    7
  3                Mbuti   10
  4           Anatolia_N   25
  5                  Ami   10
  6                 Mixe   10
  7         Ganj_Dareh_N    7
  8                 Onge   12
  9           Villabruna    1
 10           DevilsGate    4
 11            Sherpa.LC    9
jackknife block size:     0.050
snps: 498990  indivs: 103
number of blocks for block jackknife: 710
dof (jackknife):   582.979
numsnps used: 429926
f4info: 
f4rank: 0 dof:     16 chisq:   129.192 tail:       9.20872408e-20 dofdiff:      0 chisqdiff:     0.000 taildiff:                    1

f4info: 
f4rank: 1 dof:      7 chisq:    19.693 tail:        0.00627239325 dofdiff:      9 chisqdiff:   109.499 taildiff:       1.85934114e-19
B:
          scale     1.000 
     Anatolia_N     0.154 
            Ami     1.607 
           Mixe     1.355 
   Ganj_Dareh_N     0.405 
           Onge     0.134 
     Villabruna     0.556 
     DevilsGate     1.708 
      Sherpa.LC     0.384 
A:
          scale  1672.844 
     Chokhopani    -1.334 
    Upper_YR_LN     0.470 

f4info: 
f4rank: 2 dof:      0 chisq:     0.000 tail:                    1 dofdiff:      7 chisqdiff:    19.693 taildiff:        0.00627239325
B:
          scale     1.000     1.000 
     Anatolia_N     0.123     0.372 
            Ami     1.670    -1.384 
           Mixe     1.409    -0.530 
   Ganj_Dareh_N     0.362     1.225 
           Onge     0.134     0.058 
     Villabruna     0.567    -0.674 
     DevilsGate     1.606     1.903 
      Sherpa.LC     0.397    -0.286 
A:
          scale  1702.204  4883.220 
     Chokhopani    -1.252     0.657 
    Upper_YR_LN     0.657     1.252 

## end of run
