/home/cliu7/utils/AdmixTools/bin/qpAdm: parameter file: temp/param/qpAdm_Naxi.Rhirhi.Upper_YR_LN.par7o603wmm
### THE INPUT PARAMETERS
##PARAMETER NAME: VALUE
DIR: data/intermediate
S1: HO_all_merged.qpAdm
indivname: data/intermediate/HO_all_merged.qpAdm.grouped.ind
snpname: data/intermediate/HO_all_merged.qpAdm.snp
genotypename: data/intermediate/HO_all_merged.qpAdm.geno
popleft: temp/param/left.7o603wmm
popright: temp/param/right.7o603wmm
details: YES
## qpAdm version: 810
seed: -380380371
packed geno read OK
end of inpack

left pops:
Naxi
Rhirhi
Upper_YR_LN

right pops:
Mbuti
Anatolia_N
Ami
Mixe
Ganj_Dareh_N
Onge
Villabruna
DevilsGate
Sherpa.LC

  0                 Naxi    9
  1               Rhirhi    4
  2          Upper_YR_LN    7
  3                Mbuti   10
  4           Anatolia_N   25
  5                  Ami   10
  6                 Mixe   10
  7         Ganj_Dareh_N    7
  8                 Onge   12
  9           Villabruna    1
 10           DevilsGate    4
 11            Sherpa.LC    9
jackknife block size:     0.050
snps: 498990  indivs: 108
number of blocks for block jackknife: 710
## ncols: 498990
coverage:                 Naxi 498990
coverage:               Rhirhi 489694
coverage:          Upper_YR_LN 496840
coverage:                Mbuti 498990
coverage:           Anatolia_N 498137
coverage:                  Ami 498990
coverage:                 Mixe 498990
coverage:         Ganj_Dareh_N 457128
coverage:                 Onge 498990
coverage:           Villabruna 415230
coverage:           DevilsGate 498716
coverage:            Sherpa.LC 498990
dof (jackknife):   583.319
numsnps used: 422604
codimension 1
f4info: 
f4rank: 1 dof:      7 chisq:    50.819 tail:       9.97193924e-09 dofdiff:      9 chisqdiff:   -50.819 taildiff:                    1
B:
          scale     1.000 
     Anatolia_N    -0.005 
            Ami     2.256 
           Mixe     1.073 
   Ganj_Dareh_N     0.078 
           Onge     0.850 
     Villabruna    -0.463 
     DevilsGate     0.882 
      Sherpa.LC     0.189 
A:
          scale  1155.713 
         Rhirhi    -1.391 
    Upper_YR_LN    -0.253 


full rank
f4info: 
f4rank: 2 dof:      0 chisq:     0.000 tail:                    1 dofdiff:      7 chisqdiff:    50.819 taildiff:       9.97193924e-09
B:
          scale     1.000     1.000 
     Anatolia_N     0.018     0.058 
            Ami     2.197    -1.488 
           Mixe     1.125     0.575 
   Ganj_Dareh_N     0.141     0.569 
           Onge     0.773    -0.356 
     Villabruna    -0.430     0.521 
     DevilsGate     1.030     2.004 
      Sherpa.LC     0.215     0.845 
A:
          scale  1207.568  3020.144 
         Rhirhi    -1.395     0.185 
    Upper_YR_LN     0.233     1.402 


best coefficients:    -0.222     1.222 
Jackknife mean:     -0.213725955     1.213725955 
      std. errors:     0.091     0.091 

error covariance (* 1000000)
      8354      -8354 
     -8354       8354 


summ: Naxi    2      0.000000    -0.214     1.214  8354 -8354  8354 

    fixed pat  wt  dof     chisq       tail prob
           00  0     7    50.819     9.97194e-09    -0.222     1.222  infeasible
           01  1     8   274.724               0     1.000     0.000 
           10  1     8    62.084     1.81506e-10     0.000     1.000 
best pat:           00      9.97194e-09              -  -
best pat:           10      1.81506e-10  chi(nested):    11.265 p-value for nested model:     0.000789775

coeffs:    -0.222     1.222 

## dscore:: f_4(Base, Fit, Rbase, right2)
## genstat:: f_4(Base, Fit, right1, right2)

details:          Rhirhi      Anatolia_N    -0.000019   -0.097659
details:     Upper_YR_LN      Anatolia_N     0.000036    0.218968
dscore:      Anatolia_N f4:     0.000049 Z:     0.246563

details:          Rhirhi             Ami    -0.002633  -11.664220
details:     Upper_YR_LN             Ami    -0.000262   -1.383622
dscore:             Ami f4:     0.000264 Z:     1.168784

details:          Rhirhi            Mixe    -0.001269   -5.136704
details:     Upper_YR_LN            Mixe     0.000488    2.390762
dscore:            Mixe f4:     0.000878 Z:     3.620534

details:          Rhirhi    Ganj_Dareh_N    -0.000131   -0.535004
details:     Upper_YR_LN    Ganj_Dareh_N     0.000296    1.441399
dscore:    Ganj_Dareh_N f4:     0.000391 Z:     1.606253

details:          Rhirhi            Onge    -0.000917   -3.763296
details:     Upper_YR_LN            Onge    -0.000012   -0.060226
dscore:            Onge f4:     0.000189 Z:     0.802571

details:          Rhirhi      Villabruna     0.000528    1.657753
details:     Upper_YR_LN      Villabruna     0.000167    0.625695
dscore:      Villabruna f4:     0.000087 Z:     0.277379

details:          Rhirhi      DevilsGate    -0.001071   -3.867296
details:     Upper_YR_LN      DevilsGate     0.001134    4.811420
dscore:      DevilsGate f4:     0.001623 Z:     5.751202

details:          Rhirhi       Sherpa.LC    -0.000201   -0.867863
details:     Upper_YR_LN       Sherpa.LC     0.000438    2.290920
dscore:       Sherpa.LC f4:     0.000580 Z:     2.538401

gendstat:                Mbuti           Anatolia_N     0.247
gendstat:                Mbuti                  Ami     1.169
gendstat:                Mbuti                 Mixe     3.621
gendstat:                Mbuti         Ganj_Dareh_N     1.606
gendstat:                Mbuti                 Onge     0.803
gendstat:                Mbuti           Villabruna     0.277
gendstat:                Mbuti           DevilsGate     5.751
gendstat:                Mbuti            Sherpa.LC     2.538
gendstat:           Anatolia_N                  Ami     1.006
gendstat:           Anatolia_N                 Mixe     3.710
gendstat:           Anatolia_N         Ganj_Dareh_N     1.715
gendstat:           Anatolia_N                 Onge     0.641
gendstat:           Anatolia_N           Villabruna     0.140
gendstat:           Anatolia_N           DevilsGate     6.075
gendstat:           Anatolia_N            Sherpa.LC     2.547
gendstat:                  Ami                 Mixe     2.885
gendstat:                  Ami         Ganj_Dareh_N     0.502
gendstat:                  Ami                 Onge    -0.341
gendstat:                  Ami           Villabruna    -0.561
gendstat:                  Ami           DevilsGate     5.600
gendstat:                  Ami            Sherpa.LC     1.880
gendstat:                 Mixe         Ganj_Dareh_N    -1.796
gendstat:                 Mixe                 Onge    -2.767
gendstat:                 Mixe           Villabruna    -2.454
gendstat:                 Mixe           DevilsGate     2.948
gendstat:                 Mixe            Sherpa.LC    -1.407
gendstat:         Ganj_Dareh_N                 Onge    -0.781
gendstat:         Ganj_Dareh_N           Villabruna    -0.953
gendstat:         Ganj_Dareh_N           DevilsGate     4.182
gendstat:         Ganj_Dareh_N            Sherpa.LC     0.757
gendstat:                 Onge           Villabruna    -0.315
gendstat:                 Onge           DevilsGate     5.099
gendstat:                 Onge            Sherpa.LC     1.758
gendstat:           Villabruna           DevilsGate     4.346
gendstat:           Villabruna            Sherpa.LC     1.572
gendstat:           DevilsGate            Sherpa.LC    -4.472

## end of run
