/home/cliu7/utils/AdmixTools/bin/qpAdm: parameter file: temp/param/qpAdm_Naxi.Chokhopani.YR_MN.parinl7903g
### THE INPUT PARAMETERS
##PARAMETER NAME: VALUE
DIR: data/intermediate
S1: HO_all_merged.qpAdm
indivname: data/intermediate/HO_all_merged.qpAdm.grouped.ind
snpname: data/intermediate/HO_all_merged.qpAdm.snp
genotypename: data/intermediate/HO_all_merged.qpAdm.geno
popleft: temp/param/left.inl7903g
popright: temp/param/right.inl7903g
details: YES
## qpAdm version: 810
seed: -796753016
packed geno read OK
end of inpack

left pops:
Naxi
Chokhopani
YR_MN

right pops:
Mbuti
Anatolia_N
Ami
Mixe
Ganj_Dareh_N
Onge
Villabruna
DevilsGate
Sherpa.LC

  0                 Naxi    9
  1           Chokhopani    2
  2                YR_MN    8
  3                Mbuti   10
  4           Anatolia_N   25
  5                  Ami   10
  6                 Mixe   10
  7         Ganj_Dareh_N    7
  8                 Onge   12
  9           Villabruna    1
 10           DevilsGate    4
 11            Sherpa.LC    9
jackknife block size:     0.050
snps: 498990  indivs: 107
number of blocks for block jackknife: 710
## ncols: 498990
coverage:                 Naxi 498990
coverage:           Chokhopani 498917
coverage:                YR_MN 497089
coverage:                Mbuti 498990
coverage:           Anatolia_N 498137
coverage:                  Ami 498990
coverage:                 Mixe 498990
coverage:         Ganj_Dareh_N 457128
coverage:                 Onge 498990
coverage:           Villabruna 415230
coverage:           DevilsGate 498716
coverage:            Sherpa.LC 498990
dof (jackknife):   583.256
numsnps used: 427336
codimension 1
f4info: 
f4rank: 1 dof:      7 chisq:    11.138 tail:          0.132717903 dofdiff:      9 chisqdiff:   -11.138 taildiff:                    1
B:
          scale     1.000 
     Anatolia_N     0.065 
            Ami     2.208 
           Mixe     1.176 
   Ganj_Dareh_N     0.251 
           Onge    -0.107 
     Villabruna     0.581 
     DevilsGate     1.121 
      Sherpa.LC    -0.265 
A:
          scale  1771.977 
     Chokhopani    -1.398 
          YR_MN     0.214 


full rank
f4info: 
f4rank: 2 dof:      0 chisq:     0.000 tail:                    1 dofdiff:      7 chisqdiff:    11.138 taildiff:          0.132717903
B:
          scale     1.000     1.000 
     Anatolia_N     0.135     0.451 
            Ami     2.262    -0.009 
           Mixe     1.193     0.022 
   Ganj_Dareh_N     0.268    -0.248 
           Onge     0.121     1.557 
     Villabruna     0.475    -1.034 
     DevilsGate     1.059    -0.778 
      Sherpa.LC    -0.085     1.907 
A:
          scale  1642.379  6069.808 
     Chokhopani    -1.412    -0.078 
          YR_MN    -0.073    -1.412 


best coefficients:     0.133     0.867 
Jackknife mean:      0.134998018     0.865001982 
      std. errors:     0.061     0.061 

error covariance (* 1000000)
      3677      -3677 
     -3677       3677 


summ: Naxi    2      0.132718     0.135     0.865  3677 -3677  3677 

    fixed pat  wt  dof     chisq       tail prob
           00  0     7    11.138        0.132718     0.133     0.867 
           01  1     8   150.502     1.54056e-28     1.000     0.000 
           10  1     8    15.649        0.047689     0.000     1.000 
best pat:           00         0.132718              -  -
best pat:           10         0.047689  chi(nested):     4.511 p-value for nested model:       0.0336752

coeffs:     0.133     0.867 

## dscore:: f_4(Base, Fit, Rbase, right2)
## genstat:: f_4(Base, Fit, right1, right2)

details:      Chokhopani      Anatolia_N    -0.000125   -0.588776
details:           YR_MN      Anatolia_N    -0.000113   -0.600054
dscore:      Anatolia_N f4:    -0.000115 Z:    -0.664934

details:      Chokhopani             Ami    -0.001950   -8.240798
details:           YR_MN             Ami    -0.000100   -0.507295
dscore:             Ami f4:    -0.000346 Z:    -1.897128

details:      Chokhopani            Mixe    -0.001031   -4.123086
details:           YR_MN            Mixe    -0.000061   -0.280191
dscore:            Mixe f4:    -0.000190 Z:    -0.952132

details:      Chokhopani    Ganj_Dareh_N    -0.000232   -0.898622
details:           YR_MN    Ganj_Dareh_N     0.000042    0.187040
dscore:    Ganj_Dareh_N f4:     0.000006 Z:     0.028459

details:      Chokhopani            Onge    -0.000129   -0.520206
details:           YR_MN            Onge    -0.000370   -1.800848
dscore:            Onge f4:    -0.000338 Z:    -1.794101

details:      Chokhopani      Villabruna    -0.000398   -1.222578
details:           YR_MN      Villabruna     0.000219    0.744286
dscore:      Villabruna f4:     0.000137 Z:     0.507703

details:      Chokhopani      DevilsGate    -0.000906   -3.217250
details:           YR_MN      DevilsGate     0.000131    0.538490
dscore:      DevilsGate f4:    -0.000007 Z:    -0.032179

details:      Chokhopani       Sherpa.LC     0.000045    0.198648
details:           YR_MN       Sherpa.LC    -0.000442   -2.163668
dscore:       Sherpa.LC f4:    -0.000378 Z:    -2.029454

gendstat:                Mbuti           Anatolia_N    -0.665
gendstat:                Mbuti                  Ami    -1.897
gendstat:                Mbuti                 Mixe    -0.952
gendstat:                Mbuti         Ganj_Dareh_N     0.028
gendstat:                Mbuti                 Onge    -1.794
gendstat:                Mbuti           Villabruna     0.508
gendstat:                Mbuti           DevilsGate    -0.032
gendstat:                Mbuti            Sherpa.LC    -2.029
gendstat:           Anatolia_N                  Ami    -1.366
gendstat:           Anatolia_N                 Mixe    -0.398
gendstat:           Anatolia_N         Ganj_Dareh_N     0.734
gendstat:           Anatolia_N                 Onge    -1.277
gendstat:           Anatolia_N           Villabruna     1.129
gendstat:           Anatolia_N           DevilsGate     0.514
gendstat:           Anatolia_N            Sherpa.LC    -1.516
gendstat:                  Ami                 Mixe     0.909
gendstat:                  Ami         Ganj_Dareh_N     1.779
gendstat:                  Ami                 Onge     0.046
gendstat:                  Ami           Villabruna     1.825
gendstat:                  Ami           DevilsGate     1.763
gendstat:                  Ami            Sherpa.LC    -0.217
gendstat:                 Mixe         Ganj_Dareh_N     0.912
gendstat:                 Mixe                 Onge    -0.775
gendstat:                 Mixe           Villabruna     1.226
gendstat:                 Mixe           DevilsGate     0.881
gendstat:                 Mixe            Sherpa.LC    -1.074
gendstat:         Ganj_Dareh_N                 Onge    -1.675
gendstat:         Ganj_Dareh_N           Villabruna     0.499
gendstat:         Ganj_Dareh_N           DevilsGate    -0.054
gendstat:         Ganj_Dareh_N            Sherpa.LC    -1.900
gendstat:                 Onge           Villabruna     1.755
gendstat:                 Onge           DevilsGate     1.549
gendstat:                 Onge            Sherpa.LC    -0.226
gendstat:           Villabruna           DevilsGate    -0.501
gendstat:           Villabruna            Sherpa.LC    -1.954
gendstat:           DevilsGate            Sherpa.LC    -1.947

## end of run
