/home/cliu7/utils/AdmixTools/bin/qpAdm: parameter file: temp/param/qpAdm_Naxi.Mebrak.YR_MN.parjwe3lfoq
### THE INPUT PARAMETERS
##PARAMETER NAME: VALUE
DIR: data/intermediate
S1: HO_all_merged.qpAdm
indivname: data/intermediate/HO_all_merged.qpAdm.grouped.ind
snpname: data/intermediate/HO_all_merged.qpAdm.snp
genotypename: data/intermediate/HO_all_merged.qpAdm.geno
popleft: temp/param/left.jwe3lfoq
popright: temp/param/right.jwe3lfoq
details: YES
## qpAdm version: 810
seed: -1126254321
packed geno read OK
end of inpack

left pops:
Naxi
Mebrak
YR_MN

right pops:
Mbuti
Anatolia_N
Ami
Mixe
Ganj_Dareh_N
Onge
Villabruna
DevilsGate
Sherpa.LC

  0                 Naxi    9
  1               Mebrak    8
  2                YR_MN    8
  3                Mbuti   10
  4           Anatolia_N   25
  5                  Ami   10
  6                 Mixe   10
  7         Ganj_Dareh_N    7
  8                 Onge   12
  9           Villabruna    1
 10           DevilsGate    4
 11            Sherpa.LC    9
jackknife block size:     0.050
snps: 498990  indivs: 113
number of blocks for block jackknife: 710
## ncols: 498990
coverage:                 Naxi 498990
coverage:               Mebrak 498978
coverage:                YR_MN 497089
coverage:                Mbuti 498990
coverage:           Anatolia_N 498137
coverage:                  Ami 498990
coverage:                 Mixe 498990
coverage:         Ganj_Dareh_N 457128
coverage:                 Onge 498990
coverage:           Villabruna 415230
coverage:           DevilsGate 498716
coverage:            Sherpa.LC 498990
dof (jackknife):   583.281
numsnps used: 425878
codimension 1
f4info: 
f4rank: 1 dof:      7 chisq:    13.537 tail:         0.0600629754 dofdiff:      9 chisqdiff:   -13.537 taildiff:                    1
B:
          scale     1.000 
     Anatolia_N     0.015 
            Ami     2.252 
           Mixe     1.044 
   Ganj_Dareh_N    -0.049 
           Onge     0.792 
     Villabruna    -0.192 
     DevilsGate     0.915 
      Sherpa.LC    -0.580 
A:
          scale  1538.025 
         Mebrak    -1.409 
          YR_MN     0.118 


full rank
f4info: 
f4rank: 2 dof:      0 chisq:     0.000 tail:                    1 dofdiff:      7 chisqdiff:    13.537 taildiff:         0.0600629754
B:
          scale     1.000     1.000 
     Anatolia_N     0.057     0.463 
            Ami     2.281    -0.548 
           Mixe     1.013    -0.175 
   Ganj_Dareh_N    -0.052    -0.168 
           Onge     0.867     1.216 
     Villabruna    -0.243    -0.848 
     DevilsGate     0.879    -0.947 
      Sherpa.LC    -0.427     2.081 
A:
          scale  1454.340  6079.416 
         Mebrak    -1.407    -0.052 
          YR_MN    -0.144    -1.413 


best coefficients:     0.077     0.923 
Jackknife mean:      0.079430011     0.920569989 
      std. errors:     0.050     0.050 

error covariance (* 1000000)
      2499      -2499 
     -2499       2499 


summ: Naxi    2      0.060063     0.079     0.921  2499 -2499  2499 

    fixed pat  wt  dof     chisq       tail prob
           00  0     7    13.537        0.060063     0.077     0.923 
           01  1     8   366.918               0     1.000     0.000 
           10  1     8    15.679       0.0472182     0.000     1.000 
best pat:           00         0.060063              -  -
best pat:           10        0.0472182  chi(nested):     2.142 p-value for nested model:        0.143322

coeffs:     0.077     0.923 

## dscore:: f_4(Base, Fit, Rbase, right2)
## genstat:: f_4(Base, Fit, right1, right2)

details:          Mebrak      Anatolia_N    -0.000062   -0.374508
details:           YR_MN      Anatolia_N    -0.000115   -0.608003
dscore:      Anatolia_N f4:    -0.000111 Z:    -0.622203

details:          Mebrak             Ami    -0.002206  -11.874304
details:           YR_MN             Ami    -0.000102   -0.514013
dscore:             Ami f4:    -0.000265 Z:    -1.413307

details:          Mebrak            Mixe    -0.000982   -4.992504
details:           YR_MN            Mixe    -0.000063   -0.287319
dscore:            Mixe f4:    -0.000134 Z:    -0.651771

details:          Mebrak    Ganj_Dareh_N     0.000050    0.275608
details:           YR_MN    Ganj_Dareh_N     0.000040    0.177763
dscore:    Ganj_Dareh_N f4:     0.000041 Z:     0.192470

details:          Mebrak            Onge    -0.000852   -4.665569
details:           YR_MN            Onge    -0.000371   -1.798337
dscore:            Onge f4:    -0.000408 Z:    -2.103879

details:          Mebrak      Villabruna     0.000240    0.980858
details:           YR_MN      Villabruna     0.000222    0.751635
dscore:      Villabruna f4:     0.000223 Z:     0.802449

details:          Mebrak      DevilsGate    -0.000847   -3.865981
details:           YR_MN      DevilsGate     0.000130    0.534050
dscore:      DevilsGate f4:     0.000054 Z:     0.237115

details:          Mebrak       Sherpa.LC     0.000391    2.055720
details:           YR_MN       Sherpa.LC    -0.000444   -2.168261
dscore:       Sherpa.LC f4:    -0.000380 Z:    -1.959684

gendstat:                Mbuti           Anatolia_N    -0.622
gendstat:                Mbuti                  Ami    -1.413
gendstat:                Mbuti                 Mixe    -0.652
gendstat:                Mbuti         Ganj_Dareh_N     0.192
gendstat:                Mbuti                 Onge    -2.104
gendstat:                Mbuti           Villabruna     0.802
gendstat:                Mbuti           DevilsGate     0.237
gendstat:                Mbuti            Sherpa.LC    -1.960
gendstat:           Anatolia_N                  Ami    -0.876
gendstat:           Anatolia_N                 Mixe    -0.118
gendstat:           Anatolia_N         Ganj_Dareh_N     0.889
gendstat:           Anatolia_N                 Onge    -1.643
gendstat:           Anatolia_N           Villabruna     1.458
gendstat:           Anatolia_N           DevilsGate     0.767
gendstat:           Anatolia_N            Sherpa.LC    -1.481
gendstat:                  Ami                 Mixe     0.742
gendstat:                  Ami         Ganj_Dareh_N     1.490
gendstat:                  Ami                 Onge    -0.831
gendstat:                  Ami           Villabruna     1.792
gendstat:                  Ami           DevilsGate     1.615
gendstat:                  Ami            Sherpa.LC    -0.772
gendstat:                 Mixe         Ganj_Dareh_N     0.784
gendstat:                 Mixe                 Onge    -1.384
gendstat:                 Mixe           Villabruna     1.299
gendstat:                 Mixe           DevilsGate     0.879
gendstat:                 Mixe            Sherpa.LC    -1.343
gendstat:         Ganj_Dareh_N                 Onge    -2.119
gendstat:         Ganj_Dareh_N           Villabruna     0.680
gendstat:         Ganj_Dareh_N           DevilsGate     0.054
gendstat:         Ganj_Dareh_N            Sherpa.LC    -1.990
gendstat:                 Onge           Villabruna     2.283
gendstat:                 Onge           DevilsGate     2.108
gendstat:                 Onge            Sherpa.LC     0.158
gendstat:           Villabruna           DevilsGate    -0.573
gendstat:           Villabruna            Sherpa.LC    -2.199
gendstat:           DevilsGate            Sherpa.LC    -2.203

## end of run
