/home/cliu7/utils/AdmixTools/bin/qpWave: parameter file: temp/param/qpAdm_Naxi.Chokhopani.YR_MN.parinl7903g
### THE INPUT PARAMETERS
##PARAMETER NAME: VALUE
DIR: data/intermediate
S1: HO_all_merged.qpAdm
indivname: data/intermediate/HO_all_merged.qpAdm.grouped.ind
snpname: data/intermediate/HO_all_merged.qpAdm.snp
genotypename: data/intermediate/HO_all_merged.qpAdm.geno
popleft: temp/param/left.inl7903g
popright: temp/param/right.inl7903g
details: YES
## qpWave version: 410
packed geno read OK
end of inpack

left pops:
Naxi
Chokhopani
YR_MN

right pops:
Mbuti
Anatolia_N
Ami
Mixe
Ganj_Dareh_N
Onge
Villabruna
DevilsGate
Sherpa.LC

  0                 Naxi    9
  1           Chokhopani    2
  2                YR_MN    8
  3                Mbuti   10
  4           Anatolia_N   25
  5                  Ami   10
  6                 Mixe   10
  7         Ganj_Dareh_N    7
  8                 Onge   12
  9           Villabruna    1
 10           DevilsGate    4
 11            Sherpa.LC    9
jackknife block size:     0.050
snps: 498990  indivs: 107
number of blocks for block jackknife: 710
dof (jackknife):   583.256
numsnps used: 427336
f4info: 
f4rank: 0 dof:     16 chisq:   184.932 tail:       8.62339844e-31 dofdiff:      0 chisqdiff:     0.000 taildiff:                    1

f4info: 
f4rank: 1 dof:      7 chisq:    11.203 tail:          0.130016071 dofdiff:      9 chisqdiff:   173.730 taildiff:       1.03050636e-32
B:
          scale     1.000 
     Anatolia_N     0.068 
            Ami     2.206 
           Mixe     1.177 
   Ganj_Dareh_N     0.253 
           Onge    -0.104 
     Villabruna     0.583 
     DevilsGate     1.123 
      Sherpa.LC    -0.261 
A:
          scale  1767.757 
     Chokhopani    -1.398 
          YR_MN     0.214 

f4info: 
f4rank: 2 dof:      0 chisq:     0.000 tail:                    1 dofdiff:      7 chisqdiff:    11.203 taildiff:          0.130016071
B:
          scale     1.000     1.000 
     Anatolia_N     0.148     0.482 
            Ami     2.266     0.304 
           Mixe     1.198     0.196 
   Ganj_Dareh_N     0.268    -0.199 
           Onge     0.156     1.599 
     Villabruna     0.458    -0.976 
     DevilsGate     1.050    -0.628 
      Sherpa.LC    -0.044     1.922 
A:
          scale  1641.913  6137.366 
     Chokhopani    -1.414     0.022 
          YR_MN    -0.022    -1.414 

## end of run
