/home/cliu7/utils/AdmixTools/bin/qpWave: parameter file: temp/param/qpAdm_Nubri.LC.Mebrak.YR_MN.parfpjoky92
### THE INPUT PARAMETERS
##PARAMETER NAME: VALUE
DIR: data/intermediate
S1: HO_all_merged.qpAdm
indivname: data/intermediate/HO_all_merged.qpAdm.grouped.ind
snpname: data/intermediate/HO_all_merged.qpAdm.snp
genotypename: data/intermediate/HO_all_merged.qpAdm.geno
popleft: temp/param/left.fpjoky92
popright: temp/param/right.fpjoky92
details: YES
## qpWave version: 410
packed geno read OK
end of inpack

left pops:
Nubri.LC
Mebrak
YR_MN

right pops:
Mbuti
Anatolia_N
Ami
Mixe
Ganj_Dareh_N
Onge
Villabruna
DevilsGate
Sherpa.LC

  0             Nubri.LC    6
  1               Mebrak    8
  2                YR_MN    8
  3                Mbuti   10
  4           Anatolia_N   25
  5                  Ami   10
  6                 Mixe   10
  7         Ganj_Dareh_N    7
  8                 Onge   12
  9           Villabruna    1
 10           DevilsGate    4
 11            Sherpa.LC    9
jackknife block size:     0.050
snps: 498990  indivs: 110
number of blocks for block jackknife: 710
dof (jackknife):   582.957
numsnps used: 431776
f4info: 
f4rank: 0 dof:     16 chisq:   348.802 tail:       1.83927363e-64 dofdiff:      0 chisqdiff:     0.000 taildiff:                    1

f4info: 
f4rank: 1 dof:      7 chisq:    17.847 tail:          0.012677371 dofdiff:      9 chisqdiff:   330.955 taildiff:       6.97026804e-66
B:
          scale     1.000 
     Anatolia_N    -0.263 
            Ami     2.153 
           Mixe     0.839 
   Ganj_Dareh_N    -0.045 
           Onge     0.353 
     Villabruna    -0.099 
     DevilsGate     1.272 
      Sherpa.LC    -0.915 
A:
          scale  1592.902 
         Mebrak    -0.055 
          YR_MN     1.413 

f4info: 
f4rank: 2 dof:      0 chisq:     0.000 tail:                    1 dofdiff:      7 chisqdiff:    17.847 taildiff:          0.012677371
B:
          scale     1.000     1.000 
     Anatolia_N    -0.370     1.255 
            Ami     2.071     0.887 
           Mixe     0.697     1.226 
   Ganj_Dareh_N    -0.036     0.103 
           Onge     0.262     1.053 
     Villabruna    -0.100     0.320 
     DevilsGate     1.488    -1.704 
      Sherpa.LC    -0.891    -0.076 
A:
          scale  1563.777  6273.682 
         Mebrak    -0.002    -1.414 
          YR_MN     1.414    -0.002 

## end of run
