/home/cliu7/utils/AdmixTools/bin/qpAdm: parameter file: temp/param/qpAdm_Nubri.LC.Chokhopani.Upper_YR_LN.paruftw0er_
### THE INPUT PARAMETERS
##PARAMETER NAME: VALUE
DIR: data/intermediate
S1: HO_all_merged.qpAdm
indivname: data/intermediate/HO_all_merged.qpAdm.grouped.ind
snpname: data/intermediate/HO_all_merged.qpAdm.snp
genotypename: data/intermediate/HO_all_merged.qpAdm.geno
popleft: temp/param/left.uftw0er_
popright: temp/param/right.uftw0er_
details: YES
## qpAdm version: 810
seed: 2122645246
packed geno read OK
end of inpack

left pops:
Nubri.LC
Chokhopani
Upper_YR_LN

right pops:
Mbuti
Anatolia_N
Ami
Mixe
Ganj_Dareh_N
Onge
Villabruna
DevilsGate
Sherpa.LC

  0             Nubri.LC    6
  1           Chokhopani    2
  2          Upper_YR_LN    7
  3                Mbuti   10
  4           Anatolia_N   25
  5                  Ami   10
  6                 Mixe   10
  7         Ganj_Dareh_N    7
  8                 Onge   12
  9           Villabruna    1
 10           DevilsGate    4
 11            Sherpa.LC    9
jackknife block size:     0.050
snps: 498990  indivs: 103
number of blocks for block jackknife: 710
## ncols: 498990
coverage:             Nubri.LC 498990
coverage:           Chokhopani 498917
coverage:          Upper_YR_LN 496840
coverage:                Mbuti 498990
coverage:           Anatolia_N 498137
coverage:                  Ami 498990
coverage:                 Mixe 498990
coverage:         Ganj_Dareh_N 457128
coverage:                 Onge 498990
coverage:           Villabruna 415230
coverage:           DevilsGate 498716
coverage:            Sherpa.LC 498990
dof (jackknife):   582.801
numsnps used: 434258
codimension 1
f4info: 
f4rank: 1 dof:      7 chisq:    17.961 tail:         0.0121449831 dofdiff:      9 chisqdiff:   -17.961 taildiff:                    1
B:
          scale     1.000 
     Anatolia_N    -0.109 
            Ami     1.570 
           Mixe     1.126 
   Ganj_Dareh_N     0.265 
           Onge     0.459 
     Villabruna    -0.003 
     DevilsGate     1.992 
      Sherpa.LC     0.085 
A:
          scale  1227.291 
     Chokhopani     0.252 
    Upper_YR_LN     1.392 


full rank
f4info: 
f4rank: 2 dof:      0 chisq:     0.000 tail:                    1 dofdiff:      7 chisqdiff:    17.961 taildiff:         0.0121449831
B:
          scale     1.000     1.000 
     Anatolia_N    -0.164     0.923 
            Ami     1.528     0.075 
           Mixe     1.047     0.960 
   Ganj_Dareh_N     0.198     0.861 
           Onge     0.516    -1.108 
     Villabruna    -0.130     1.784 
     DevilsGate     2.054    -0.581 
      Sherpa.LC     0.069     0.856 
A:
          scale  1260.542  3658.841 
     Chokhopani     0.050    -1.414 
    Upper_YR_LN     1.413    -0.038 


best coefficients:     1.221    -0.221 
Jackknife mean:      1.208898198    -0.208898198 
      std. errors:     0.125     0.125 

error covariance (* 1000000)
     15576     -15576 
    -15576      15576 


summ: Nubri.LC    2      0.012145     1.209    -0.209 15576 -15576 15576 

    fixed pat  wt  dof     chisq       tail prob
           00  0     7    17.961        0.012145     1.221    -0.221  infeasible
           01  1     8    22.688      0.00378816     1.000     0.000 
           10  1     8   215.604               0     0.000     1.000 
best pat:           00         0.012145              -  -
best pat:           01       0.00378816  chi(nested):     4.727 p-value for nested model:       0.0296935

coeffs:     1.221    -0.221 

## dscore:: f_4(Base, Fit, Rbase, right2)
## genstat:: f_4(Base, Fit, right1, right2)

details:      Chokhopani      Anatolia_N    -0.000373   -1.706661
details:     Upper_YR_LN      Anatolia_N    -0.000192   -1.009326
dscore:      Anatolia_N f4:    -0.000413 Z:    -1.626553

details:      Chokhopani             Ami     0.000027    0.110443
details:     Upper_YR_LN             Ami     0.001715    8.184089
dscore:             Ami f4:    -0.000346 Z:    -1.223062

details:      Chokhopani            Mixe    -0.000335   -1.219988
details:     Upper_YR_LN            Mixe     0.001167    5.183438
dscore:            Mixe f4:    -0.000666 Z:    -2.084081

details:      Chokhopani    Ganj_Dareh_N    -0.000336   -1.298943
details:     Upper_YR_LN    Ganj_Dareh_N     0.000214    0.941871
dscore:    Ganj_Dareh_N f4:    -0.000457 Z:    -1.498433

details:      Chokhopani            Onge     0.000435    1.714429
details:     Upper_YR_LN            Onge     0.000591    2.903090
dscore:            Onge f4:     0.000401 Z:     1.342321

details:      Chokhopani      Villabruna    -0.000714   -2.084003
details:     Upper_YR_LN      Villabruna    -0.000166   -0.554966
dscore:      Villabruna f4:    -0.000835 Z:    -2.081621

details:      Chokhopani      DevilsGate     0.000302    1.022613
details:     Upper_YR_LN      DevilsGate     0.002315    8.877119
dscore:      DevilsGate f4:    -0.000143 Z:    -0.415752

details:      Chokhopani       Sherpa.LC    -0.000334   -1.384653
details:     Upper_YR_LN       Sherpa.LC     0.000073    0.354568
dscore:       Sherpa.LC f4:    -0.000423 Z:    -1.508637

gendstat:                Mbuti           Anatolia_N    -1.627
gendstat:                Mbuti                  Ami    -1.223
gendstat:                Mbuti                 Mixe    -2.084
gendstat:                Mbuti         Ganj_Dareh_N    -1.498
gendstat:                Mbuti                 Onge     1.342
gendstat:                Mbuti           Villabruna    -2.082
gendstat:                Mbuti           DevilsGate    -0.416
gendstat:                Mbuti            Sherpa.LC    -1.509
gendstat:           Anatolia_N                  Ami     0.244
gendstat:           Anatolia_N                 Mixe    -0.836
gendstat:           Anatolia_N         Ganj_Dareh_N    -0.180
gendstat:           Anatolia_N                 Onge     2.850
gendstat:           Anatolia_N           Villabruna    -1.200
gendstat:           Anatolia_N           DevilsGate     0.816
gendstat:           Anatolia_N            Sherpa.LC    -0.037
gendstat:                  Ami                 Mixe    -1.173
gendstat:                  Ami         Ganj_Dareh_N    -0.330
gendstat:                  Ami                 Onge     2.552
gendstat:                  Ami           Villabruna    -1.155
gendstat:                  Ami           DevilsGate     0.708
gendstat:                  Ami            Sherpa.LC    -0.347
gendstat:                 Mixe         Ganj_Dareh_N     0.606
gendstat:                 Mixe                 Onge     3.285
gendstat:                 Mixe           Villabruna    -0.388
gendstat:                 Mixe           DevilsGate     1.579
gendstat:                 Mixe            Sherpa.LC     0.884
gendstat:         Ganj_Dareh_N                 Onge     2.639
gendstat:         Ganj_Dareh_N           Villabruna    -0.945
gendstat:         Ganj_Dareh_N           DevilsGate     0.810
gendstat:         Ganj_Dareh_N            Sherpa.LC     0.103
gendstat:                 Onge           Villabruna    -2.925
gendstat:                 Onge           DevilsGate    -1.514
gendstat:                 Onge            Sherpa.LC    -2.725
gendstat:           Villabruna           DevilsGate     1.480
gendstat:           Villabruna            Sherpa.LC     0.989
gendstat:           DevilsGate            Sherpa.LC    -0.978

## end of run
