/home/cliu7/utils/AdmixTools/bin/qpAdm: parameter file: temp/param/qpAdm_Nubri.LC.Samdzong.Upper_YR_LN.parft72uhno
### THE INPUT PARAMETERS
##PARAMETER NAME: VALUE
DIR: data/intermediate
S1: HO_all_merged.qpAdm
indivname: data/intermediate/HO_all_merged.qpAdm.grouped.ind
snpname: data/intermediate/HO_all_merged.qpAdm.snp
genotypename: data/intermediate/HO_all_merged.qpAdm.geno
popleft: temp/param/left.ft72uhno
popright: temp/param/right.ft72uhno
details: YES
## qpAdm version: 810
seed: 586799096
packed geno read OK
end of inpack

left pops:
Nubri.LC
Samdzong
Upper_YR_LN

right pops:
Mbuti
Anatolia_N
Ami
Mixe
Ganj_Dareh_N
Onge
Villabruna
DevilsGate
Sherpa.LC

  0             Nubri.LC    6
  1             Samdzong    9
  2          Upper_YR_LN    7
  3                Mbuti   10
  4           Anatolia_N   25
  5                  Ami   10
  6                 Mixe   10
  7         Ganj_Dareh_N    7
  8                 Onge   12
  9           Villabruna    1
 10           DevilsGate    4
 11            Sherpa.LC    9
jackknife block size:     0.050
snps: 498990  indivs: 110
number of blocks for block jackknife: 710
## ncols: 498990
coverage:             Nubri.LC 498990
coverage:             Samdzong 498985
coverage:          Upper_YR_LN 496840
coverage:                Mbuti 498990
coverage:           Anatolia_N 498137
coverage:                  Ami 498990
coverage:                 Mixe 498990
coverage:         Ganj_Dareh_N 457128
coverage:                 Onge 498990
coverage:           Villabruna 415230
coverage:           DevilsGate 498716
coverage:            Sherpa.LC 498990
dof (jackknife):   582.856
numsnps used: 430142
codimension 1
f4info: 
f4rank: 1 dof:      7 chisq:     5.564 tail:          0.591491838 dofdiff:      9 chisqdiff:    -5.564 taildiff:                    1
B:
          scale     1.000 
     Anatolia_N    -0.153 
            Ami     1.572 
           Mixe     1.113 
   Ganj_Dareh_N     0.285 
           Onge     0.530 
     Villabruna    -0.000 
     DevilsGate     1.976 
      Sherpa.LC     0.023 
A:
          scale  1265.539 
       Samdzong    -0.104 
    Upper_YR_LN     1.410 


full rank
f4info: 
f4rank: 2 dof:      0 chisq:     0.000 tail:                    1 dofdiff:      7 chisqdiff:     5.564 taildiff:          0.591491838
B:
          scale     1.000     1.000 
     Anatolia_N    -0.151     0.197 
            Ami     1.569     1.113 
           Mixe     1.095     1.224 
   Ganj_Dareh_N     0.263     1.206 
           Onge     0.535     0.186 
     Villabruna    -0.046     1.614 
     DevilsGate     1.989    -1.029 
      Sherpa.LC     0.053    -0.266 
A:
          scale  1231.849  9105.650 
       Samdzong    -0.039    -1.298 
    Upper_YR_LN     1.414    -0.561 


best coefficients:     0.932     0.068 
Jackknife mean:      0.930430679     0.069569321 
      std. errors:     0.053     0.053 

error covariance (* 1000000)
      2793      -2793 
     -2793       2793 


summ: Nubri.LC    2      0.591492     0.930     0.070  2793 -2793  2793 

    fixed pat  wt  dof     chisq       tail prob
           00  0     7     5.564        0.591492     0.932     0.068 
           01  1     8     7.137        0.521918     1.000     0.000 
           10  1     8   216.385               0     0.000     1.000 
best pat:           00         0.591492              -  -
best pat:           01         0.521918  chi(nested):     1.573 p-value for nested model:        0.209742

coeffs:     0.932     0.068 

## dscore:: f_4(Base, Fit, Rbase, right2)
## genstat:: f_4(Base, Fit, right1, right2)

details:        Samdzong      Anatolia_N    -0.000046   -0.291297
details:     Upper_YR_LN      Anatolia_N    -0.000192   -1.000579
dscore:      Anatolia_N f4:    -0.000056 Z:    -0.365753

details:        Samdzong             Ami    -0.000226   -1.215277
details:     Upper_YR_LN             Ami     0.001731    8.192998
dscore:             Ami f4:    -0.000092 Z:    -0.511400

details:        Samdzong            Mixe    -0.000231   -1.180250
details:     Upper_YR_LN            Mixe     0.001178    5.189776
dscore:            Mixe f4:    -0.000135 Z:    -0.711412

details:        Samdzong    Ganj_Dareh_N    -0.000203   -1.051482
details:     Upper_YR_LN    Ganj_Dareh_N     0.000220    0.959046
dscore:    Ganj_Dareh_N f4:    -0.000174 Z:    -0.931705

details:        Samdzong            Onge    -0.000066   -0.343834
details:     Upper_YR_LN            Onge     0.000598    2.912113
dscore:            Onge f4:    -0.000021 Z:    -0.111308

details:        Samdzong      Villabruna    -0.000264   -1.056726
details:     Upper_YR_LN      Villabruna    -0.000168   -0.555943
dscore:      Villabruna f4:    -0.000258 Z:    -1.065255

details:        Samdzong      DevilsGate     0.000057    0.253145
details:     Upper_YR_LN      DevilsGate     0.002340    8.898285
dscore:      DevilsGate f4:     0.000213 Z:     0.983964

details:        Samdzong       Sherpa.LC     0.000011    0.062539
details:     Upper_YR_LN       Sherpa.LC     0.000075    0.362327
dscore:       Sherpa.LC f4:     0.000016 Z:     0.089530

gendstat:                Mbuti           Anatolia_N    -0.366
gendstat:                Mbuti                  Ami    -0.511
gendstat:                Mbuti                 Mixe    -0.711
gendstat:                Mbuti         Ganj_Dareh_N    -0.932
gendstat:                Mbuti                 Onge    -0.111
gendstat:                Mbuti           Villabruna    -1.065
gendstat:                Mbuti           DevilsGate     0.984
gendstat:                Mbuti            Sherpa.LC     0.090
gendstat:           Anatolia_N                  Ami    -0.206
gendstat:           Anatolia_N                 Mixe    -0.422
gendstat:           Anatolia_N         Ganj_Dareh_N    -0.725
gendstat:           Anatolia_N                 Onge     0.193
gendstat:           Anatolia_N           Villabruna    -0.949
gendstat:           Anatolia_N           DevilsGate     1.327
gendstat:           Anatolia_N            Sherpa.LC     0.422
gendstat:                  Ami                 Mixe    -0.252
gendstat:                  Ami         Ganj_Dareh_N    -0.390
gendstat:                  Ami                 Onge     0.410
gendstat:                  Ami           Villabruna    -0.655
gendstat:                  Ami           DevilsGate     1.786
gendstat:                  Ami            Sherpa.LC     0.820
gendstat:                 Mixe         Ganj_Dareh_N    -0.187
gendstat:                 Mixe                 Onge     0.581
gendstat:                 Mixe           Villabruna    -0.488
gendstat:                 Mixe           DevilsGate     1.688
gendstat:                 Mixe            Sherpa.LC     0.891
gendstat:         Ganj_Dareh_N                 Onge     0.713
gendstat:         Ganj_Dareh_N           Villabruna    -0.338
gendstat:         Ganj_Dareh_N           DevilsGate     1.553
gendstat:         Ganj_Dareh_N            Sherpa.LC     0.925
gendstat:                 Onge           Villabruna    -0.954
gendstat:                 Onge           DevilsGate     1.112
gendstat:                 Onge            Sherpa.LC     0.207
gendstat:           Villabruna           DevilsGate     1.716
gendstat:           Villabruna            Sherpa.LC     1.103
gendstat:           DevilsGate            Sherpa.LC    -1.127

## end of run
