/home/cliu7/utils/AdmixTools/bin/qpWave: parameter file: temp/param/qpAdm_Nubri.LC.Rhirhi.YR_MN.par35s3l6uc
### THE INPUT PARAMETERS
##PARAMETER NAME: VALUE
DIR: data/intermediate
S1: HO_all_merged.qpAdm
indivname: data/intermediate/HO_all_merged.qpAdm.grouped.ind
snpname: data/intermediate/HO_all_merged.qpAdm.snp
genotypename: data/intermediate/HO_all_merged.qpAdm.geno
popleft: temp/param/left.35s3l6uc
popright: temp/param/right.35s3l6uc
details: YES
## qpWave version: 410
packed geno read OK
end of inpack

left pops:
Nubri.LC
Rhirhi
YR_MN

right pops:
Mbuti
Anatolia_N
Ami
Mixe
Ganj_Dareh_N
Onge
Villabruna
DevilsGate
Sherpa.LC

  0             Nubri.LC    6
  1               Rhirhi    4
  2                YR_MN    8
  3                Mbuti   10
  4           Anatolia_N   25
  5                  Ami   10
  6                 Mixe   10
  7         Ganj_Dareh_N    7
  8                 Onge   12
  9           Villabruna    1
 10           DevilsGate    4
 11            Sherpa.LC    9
jackknife block size:     0.050
snps: 498990  indivs: 106
number of blocks for block jackknife: 710
dof (jackknife):   583.130
numsnps used: 430403
f4info: 
f4rank: 0 dof:     16 chisq:   352.883 tail:       2.59284322e-65 dofdiff:      0 chisqdiff:     0.000 taildiff:                    1

f4info: 
f4rank: 1 dof:      7 chisq:    21.236 tail:        0.00343637568 dofdiff:      9 chisqdiff:   331.647 taildiff:       4.96763951e-66
B:
          scale     1.000 
     Anatolia_N    -0.289 
            Ami     2.184 
           Mixe     0.851 
   Ganj_Dareh_N     0.026 
           Onge     0.311 
     Villabruna    -0.150 
     DevilsGate     1.386 
      Sherpa.LC    -0.615 
A:
          scale  1498.945 
         Rhirhi    -0.039 
          YR_MN     1.414 

f4info: 
f4rank: 2 dof:      0 chisq:     0.000 tail:                    1 dofdiff:      7 chisqdiff:    21.236 taildiff:        0.00343637568
B:
          scale     1.000     1.000 
     Anatolia_N    -0.333     0.747 
            Ami     2.134     0.848 
           Mixe     0.755     1.254 
   Ganj_Dareh_N    -0.009     0.504 
           Onge     0.293     0.678 
     Villabruna    -0.142    -0.569 
     DevilsGate     1.421    -0.950 
      Sherpa.LC    -0.799     1.792 
A:
          scale  1559.119  3721.906 
         Rhirhi    -0.217    -1.397 
          YR_MN     1.397    -0.217 

## end of run
