/home/cliu7/utils/AdmixTools/bin/qpWave: parameter file: temp/param/qpAdm_Nubri.LC.Samdzong.YR_MN.parf75eonp2
### THE INPUT PARAMETERS
##PARAMETER NAME: VALUE
DIR: data/intermediate
S1: HO_all_merged.qpAdm
indivname: data/intermediate/HO_all_merged.qpAdm.grouped.ind
snpname: data/intermediate/HO_all_merged.qpAdm.snp
genotypename: data/intermediate/HO_all_merged.qpAdm.geno
popleft: temp/param/left.f75eonp2
popright: temp/param/right.f75eonp2
details: YES
## qpWave version: 410
packed geno read OK
end of inpack

left pops:
Nubri.LC
Samdzong
YR_MN

right pops:
Mbuti
Anatolia_N
Ami
Mixe
Ganj_Dareh_N
Onge
Villabruna
DevilsGate
Sherpa.LC

  0             Nubri.LC    6
  1             Samdzong    9
  2                YR_MN    8
  3                Mbuti   10
  4           Anatolia_N   25
  5                  Ami   10
  6                 Mixe   10
  7         Ganj_Dareh_N    7
  8                 Onge   12
  9           Villabruna    1
 10           DevilsGate    4
 11            Sherpa.LC    9
jackknife block size:     0.050
snps: 498990  indivs: 111
number of blocks for block jackknife: 710
dof (jackknife):   583.044
numsnps used: 430939
f4info: 
f4rank: 0 dof:     16 chisq:   348.124 tail:       2.54667121e-64 dofdiff:      0 chisqdiff:     0.000 taildiff:                    1

f4info: 
f4rank: 1 dof:      7 chisq:     4.207 tail:           0.75568661 dofdiff:      9 chisqdiff:   343.918 taildiff:       1.22023781e-68
B:
          scale     1.000 
     Anatolia_N    -0.343 
            Ami     2.108 
           Mixe     0.834 
   Ganj_Dareh_N     0.096 
           Onge     0.290 
     Villabruna     0.036 
     DevilsGate     1.402 
      Sherpa.LC    -0.825 
A:
          scale  1550.526 
       Samdzong    -0.117 
          YR_MN     1.409 

f4info: 
f4rank: 2 dof:      0 chisq:     0.000 tail:                    1 dofdiff:      7 chisqdiff:     4.207 taildiff:           0.75568661
B:
          scale     1.000     1.000 
     Anatolia_N    -0.365     0.410 
            Ami     2.078     0.588 
           Mixe     0.711     1.215 
   Ganj_Dareh_N    -0.020     1.325 
           Onge     0.265     0.279 
     Villabruna    -0.079     1.719 
     DevilsGate     1.476    -1.057 
      Sherpa.LC    -0.887     0.324 
A:
          scale  1556.791  9306.157 
       Samdzong    -0.102    -1.411 
          YR_MN     1.411    -0.102 

## end of run
