/home/cliu7/utils/AdmixTools/bin/qpWave: parameter file: temp/param/qpAdm_Nubri.LC.Kyang.YR_MN.par7jup701x
### THE INPUT PARAMETERS
##PARAMETER NAME: VALUE
DIR: data/intermediate
S1: HO_all_merged.qpAdm
indivname: data/intermediate/HO_all_merged.qpAdm.grouped.ind
snpname: data/intermediate/HO_all_merged.qpAdm.snp
genotypename: data/intermediate/HO_all_merged.qpAdm.geno
popleft: temp/param/left.7jup701x
popright: temp/param/right.7jup701x
details: YES
## qpWave version: 410
packed geno read OK
end of inpack

left pops:
Nubri.LC
Kyang
YR_MN

right pops:
Mbuti
Anatolia_N
Ami
Mixe
Ganj_Dareh_N
Onge
Villabruna
DevilsGate
Sherpa.LC

  0             Nubri.LC    6
  1                Kyang    7
  2                YR_MN    8
  3                Mbuti   10
  4           Anatolia_N   25
  5                  Ami   10
  6                 Mixe   10
  7         Ganj_Dareh_N    7
  8                 Onge   12
  9           Villabruna    1
 10           DevilsGate    4
 11            Sherpa.LC    9
jackknife block size:     0.050
snps: 498990  indivs: 109
number of blocks for block jackknife: 710
dof (jackknife):   582.965
numsnps used: 431158
f4info: 
f4rank: 0 dof:     16 chisq:   389.720 tail:       5.18536191e-73 dofdiff:      0 chisqdiff:     0.000 taildiff:                    1

f4info: 
f4rank: 1 dof:      7 chisq:    12.015 tail:          0.100077989 dofdiff:      9 chisqdiff:   377.705 taildiff:       7.78329054e-76
B:
          scale     1.000 
     Anatolia_N    -0.280 
            Ami     2.147 
           Mixe     0.817 
   Ganj_Dareh_N     0.158 
           Onge     0.136 
     Villabruna    -0.104 
     DevilsGate     1.228 
      Sherpa.LC    -1.041 
A:
          scale  1632.855 
          Kyang    -0.229 
          YR_MN     1.396 

f4info: 
f4rank: 2 dof:      0 chisq:     0.000 tail:                    1 dofdiff:      7 chisqdiff:    12.015 taildiff:          0.100077989
B:
          scale     1.000     1.000 
     Anatolia_N    -0.364    -0.637 
            Ami     2.079    -0.710 
           Mixe     0.705    -0.774 
   Ganj_Dareh_N    -0.023    -1.228 
           Onge     0.255     0.627 
     Villabruna    -0.103     0.231 
     DevilsGate     1.470     1.803 
      Sherpa.LC    -0.903     1.134 
A:
          scale  1559.887  6941.723 
          Kyang    -0.067     1.413 
          YR_MN     1.413     0.067 

## end of run
