/home/cliu7/utils/AdmixTools/bin/qpWave: parameter file: temp/param/qpAdm_Qiang_Daofu.Mebrak.YR_MN.par7ehel8or
### THE INPUT PARAMETERS
##PARAMETER NAME: VALUE
DIR: data/intermediate
S1: HO_all_merged.qpAdm
indivname: data/intermediate/HO_all_merged.qpAdm.grouped.ind
snpname: data/intermediate/HO_all_merged.qpAdm.snp
genotypename: data/intermediate/HO_all_merged.qpAdm.geno
popleft: temp/param/left.7ehel8or
popright: temp/param/right.7ehel8or
details: YES
## qpWave version: 410
packed geno read OK
end of inpack

left pops:
Qiang_Daofu
Mebrak
YR_MN

right pops:
Mbuti
Anatolia_N
Ami
Mixe
Ganj_Dareh_N
Onge
Villabruna
DevilsGate
Sherpa.LC

  0          Qiang_Daofu    8
  1               Mebrak    8
  2                YR_MN    8
  3                Mbuti   10
  4           Anatolia_N   25
  5                  Ami   10
  6                 Mixe   10
  7         Ganj_Dareh_N    7
  8                 Onge   12
  9           Villabruna    1
 10           DevilsGate    4
 11            Sherpa.LC    9
jackknife block size:     0.050
snps: 498990  indivs: 112
number of blocks for block jackknife: 710
dof (jackknife):   583.038
numsnps used: 425727
f4info: 
f4rank: 0 dof:     16 chisq:   290.713 tail:         2.130315e-52 dofdiff:      0 chisqdiff:     0.000 taildiff:                    1

f4info: 
f4rank: 1 dof:      7 chisq:    28.574 tail:       0.000173016555 dofdiff:      9 chisqdiff:   262.139 taildiff:       2.71958784e-51
B:
          scale     1.000 
     Anatolia_N    -0.013 
            Ami     2.229 
           Mixe     0.981 
   Ganj_Dareh_N     0.002 
           Onge     0.568 
     Villabruna    -0.029 
     DevilsGate     1.006 
      Sherpa.LC    -0.856 
A:
          scale  2101.550 
         Mebrak    -0.856 
          YR_MN     1.126 

f4info: 
f4rank: 2 dof:      0 chisq:     0.000 tail:                    1 dofdiff:      7 chisqdiff:    28.574 taildiff:       0.000173016555
B:
          scale     1.000     1.000 
     Anatolia_N     0.384     0.815 
            Ami     1.815    -1.316 
           Mixe     1.372     0.472 
   Ganj_Dareh_N     0.172     0.312 
           Onge     0.908     0.592 
     Villabruna     0.051     0.154 
     DevilsGate     1.335     0.293 
      Sherpa.LC     0.199     2.197 
A:
          scale  1821.634  2901.681 
         Mebrak    -1.411    -0.096 
          YR_MN     0.096    -1.411 

## end of run
