/home/cliu7/utils/AdmixTools/bin/qpAdm: parameter file: temp/param/qpAdm_Qiang_Daofu.Mebrak.YR_MN.par7ehel8or
### THE INPUT PARAMETERS
##PARAMETER NAME: VALUE
DIR: data/intermediate
S1: HO_all_merged.qpAdm
indivname: data/intermediate/HO_all_merged.qpAdm.grouped.ind
snpname: data/intermediate/HO_all_merged.qpAdm.snp
genotypename: data/intermediate/HO_all_merged.qpAdm.geno
popleft: temp/param/left.7ehel8or
popright: temp/param/right.7ehel8or
details: YES
## qpAdm version: 810
seed: 1665606431
packed geno read OK
end of inpack

left pops:
Qiang_Daofu
Mebrak
YR_MN

right pops:
Mbuti
Anatolia_N
Ami
Mixe
Ganj_Dareh_N
Onge
Villabruna
DevilsGate
Sherpa.LC

  0          Qiang_Daofu    8
  1               Mebrak    8
  2                YR_MN    8
  3                Mbuti   10
  4           Anatolia_N   25
  5                  Ami   10
  6                 Mixe   10
  7         Ganj_Dareh_N    7
  8                 Onge   12
  9           Villabruna    1
 10           DevilsGate    4
 11            Sherpa.LC    9
jackknife block size:     0.050
snps: 498990  indivs: 112
number of blocks for block jackknife: 710
## ncols: 498990
coverage:          Qiang_Daofu 498036
coverage:               Mebrak 498978
coverage:                YR_MN 497089
coverage:                Mbuti 498990
coverage:           Anatolia_N 498137
coverage:                  Ami 498990
coverage:                 Mixe 498990
coverage:         Ganj_Dareh_N 457128
coverage:                 Onge 498990
coverage:           Villabruna 415230
coverage:           DevilsGate 498716
coverage:            Sherpa.LC 498990
dof (jackknife):   583.038
numsnps used: 425727
codimension 1
f4info: 
f4rank: 1 dof:      7 chisq:    28.483 tail:       0.000179671676 dofdiff:      9 chisqdiff:   -28.483 taildiff:                    1
B:
          scale     1.000 
     Anatolia_N    -0.015 
            Ami     2.230 
           Mixe     0.979 
   Ganj_Dareh_N     0.000 
           Onge     0.566 
     Villabruna    -0.031 
     DevilsGate     1.004 
      Sherpa.LC    -0.861 
A:
          scale  2104.716 
         Mebrak    -0.856 
          YR_MN     1.126 


full rank
f4info: 
f4rank: 2 dof:      0 chisq:     0.000 tail:                    1 dofdiff:      7 chisqdiff:    28.483 taildiff:       0.000179671676
B:
          scale     1.000     1.000 
     Anatolia_N     0.359     0.765 
            Ami     1.853    -1.512 
           Mixe     1.358     0.318 
   Ganj_Dareh_N     0.158     0.282 
           Onge     0.890     0.487 
     Villabruna     0.042     0.137 
     DevilsGate     1.326     0.144 
      Sherpa.LC     0.133     2.161 
A:
          scale  1818.259  2882.396 
         Mebrak    -1.414    -0.159 
          YR_MN     0.002    -1.405 


best coefficients:     0.568     0.432 
Jackknife mean:      0.567568250     0.432431750 
      std. errors:     0.046     0.046 

error covariance (* 1000000)
      2123      -2123 
     -2123       2123 


summ: Qiang_Daofu    2      0.000180     0.568     0.432  2123 -2123  2123 

    fixed pat  wt  dof     chisq       tail prob
           00  0     7    28.483     0.000179672     0.568     0.432 
           01  1     8   100.181     3.92034e-18     1.000     0.000 
           10  1     8   132.335     9.27944e-25     0.000     1.000 
best pat:           00      0.000179672              -  -
best pat:           01      3.92034e-18  chi(nested):    71.698 p-value for nested model:     2.50824e-17

coeffs:     0.568     0.432 

## dscore:: f_4(Base, Fit, Rbase, right2)
## genstat:: f_4(Base, Fit, right1, right2)

details:          Mebrak      Anatolia_N    -0.000324   -1.962526
details:           YR_MN      Anatolia_N    -0.000376   -2.052622
dscore:      Anatolia_N f4:    -0.000347 Z:    -2.546149

details:          Mebrak             Ami    -0.001362   -7.129791
details:           YR_MN             Ami     0.000735    3.654660
dscore:             Ami f4:    -0.000456 Z:    -2.861275

details:          Mebrak            Mixe    -0.001078   -5.345726
details:           YR_MN            Mixe    -0.000157   -0.701634
dscore:            Mixe f4:    -0.000680 Z:    -4.040177

details:          Mebrak    Ganj_Dareh_N    -0.000143   -0.738389
details:           YR_MN    Ganj_Dareh_N    -0.000142   -0.624803
dscore:    Ganj_Dareh_N f4:    -0.000143 Z:    -0.848720

details:          Mebrak            Onge    -0.000723   -3.953724
details:           YR_MN            Onge    -0.000240   -1.101575
dscore:            Onge f4:    -0.000514 Z:    -3.241120

details:          Mebrak      Villabruna    -0.000045   -0.184558
details:           YR_MN      Villabruna    -0.000072   -0.249933
dscore:      Villabruna f4:    -0.000057 Z:    -0.271635

details:          Mebrak      DevilsGate    -0.001044   -4.776781
details:           YR_MN      DevilsGate    -0.000072   -0.292607
dscore:      DevilsGate f4:    -0.000624 Z:    -3.429340

details:          Mebrak       Sherpa.LC    -0.000227   -1.237460
details:           YR_MN       Sherpa.LC    -0.001058   -5.190956
dscore:       Sherpa.LC f4:    -0.000586 Z:    -3.836611

gendstat:                Mbuti           Anatolia_N    -2.546
gendstat:                Mbuti                  Ami    -2.861
gendstat:                Mbuti                 Mixe    -4.040
gendstat:                Mbuti         Ganj_Dareh_N    -0.849
gendstat:                Mbuti                 Onge    -3.241
gendstat:                Mbuti           Villabruna    -0.272
gendstat:                Mbuti           DevilsGate    -3.429
gendstat:                Mbuti            Sherpa.LC    -3.837
gendstat:           Anatolia_N                  Ami    -0.744
gendstat:           Anatolia_N                 Mixe    -2.107
gendstat:           Anatolia_N         Ganj_Dareh_N     1.456
gendstat:           Anatolia_N                 Onge    -1.116
gendstat:           Anatolia_N           Villabruna     1.606
gendstat:           Anatolia_N           DevilsGate    -1.627
gendstat:           Anatolia_N            Sherpa.LC    -1.662
gendstat:                  Ami                 Mixe    -1.549
gendstat:                  Ami         Ganj_Dareh_N     1.813
gendstat:                  Ami                 Onge    -0.382
gendstat:                  Ami           Villabruna     1.817
gendstat:                  Ami           DevilsGate    -1.068
gendstat:                  Ami            Sherpa.LC    -1.093
gendstat:                 Mixe         Ganj_Dareh_N     2.981
gendstat:                 Mixe                 Onge     0.965
gendstat:                 Mixe           Villabruna     2.872
gendstat:                 Mixe           DevilsGate     0.329
gendstat:                 Mixe            Sherpa.LC     0.665
gendstat:         Ganj_Dareh_N                 Onge    -2.113
gendstat:         Ganj_Dareh_N           Villabruna     0.404
gendstat:         Ganj_Dareh_N           DevilsGate    -2.487
gendstat:         Ganj_Dareh_N            Sherpa.LC    -2.661
gendstat:                 Onge           Villabruna     2.104
gendstat:                 Onge           DevilsGate    -0.598
gendstat:                 Onge            Sherpa.LC    -0.478
gendstat:           Villabruna           DevilsGate    -2.477
gendstat:           Villabruna            Sherpa.LC    -2.436
gendstat:           DevilsGate            Sherpa.LC     0.247

## end of run
