/home/cliu7/utils/AdmixTools/bin/qpWave: parameter file: temp/param/qpAdm_Qiang_Daofu.Samdzong.Upper_YR_LN.parw5x62fzq
### THE INPUT PARAMETERS
##PARAMETER NAME: VALUE
DIR: data/intermediate
S1: HO_all_merged.qpAdm
indivname: data/intermediate/HO_all_merged.qpAdm.grouped.ind
snpname: data/intermediate/HO_all_merged.qpAdm.snp
genotypename: data/intermediate/HO_all_merged.qpAdm.geno
popleft: temp/param/left.w5x62fzq
popright: temp/param/right.w5x62fzq
details: YES
## qpWave version: 410
packed geno read OK
end of inpack

left pops:
Qiang_Daofu
Samdzong
Upper_YR_LN

right pops:
Mbuti
Anatolia_N
Ami
Mixe
Ganj_Dareh_N
Onge
Villabruna
DevilsGate
Sherpa.LC

  0          Qiang_Daofu    8
  1             Samdzong    9
  2          Upper_YR_LN    7
  3                Mbuti   10
  4           Anatolia_N   25
  5                  Ami   10
  6                 Mixe   10
  7         Ganj_Dareh_N    7
  8                 Onge   12
  9           Villabruna    1
 10           DevilsGate    4
 11            Sherpa.LC    9
jackknife block size:     0.050
snps: 498990  indivs: 112
number of blocks for block jackknife: 710
dof (jackknife):   582.962
numsnps used: 424915
f4info: 
f4rank: 0 dof:     16 chisq:   278.473 tail:       7.18477185e-50 dofdiff:      0 chisqdiff:     0.000 taildiff:                    1

f4info: 
f4rank: 1 dof:      7 chisq:     5.080 tail:          0.650188784 dofdiff:      9 chisqdiff:   273.393 taildiff:       1.13280905e-53
B:
          scale     1.000 
     Anatolia_N    -0.070 
            Ami     1.639 
           Mixe     1.197 
   Ganj_Dareh_N     0.359 
           Onge     0.570 
     Villabruna     0.144 
     DevilsGate     1.841 
      Sherpa.LC     0.103 
A:
          scale  1566.128 
       Samdzong    -1.156 
    Upper_YR_LN     0.815 

f4info: 
f4rank: 2 dof:      0 chisq:     0.000 tail:                    1 dofdiff:      7 chisqdiff:     5.080 taildiff:          0.650188784
B:
          scale     1.000     1.000 
     Anatolia_N    -0.033     1.317 
            Ami     1.655     0.467 
           Mixe     1.212     0.591 
   Ganj_Dareh_N     0.366     0.208 
           Onge     0.596     0.653 
     Villabruna     0.163     1.241 
     DevilsGate     1.803    -1.292 
      Sherpa.LC     0.151     1.421 
A:
          scale  1554.629  7860.424 
       Samdzong    -1.270    -0.623 
    Upper_YR_LN     0.623    -1.270 

## end of run
