/home/cliu7/utils/AdmixTools/bin/qpWave: parameter file: temp/param/qpAdm_Tamang.Chokhopani.YR_MN.par22kevjfq
### THE INPUT PARAMETERS
##PARAMETER NAME: VALUE
DIR: data/intermediate
S1: HO_all_merged.qpAdm
indivname: data/intermediate/HO_all_merged.qpAdm.grouped.ind
snpname: data/intermediate/HO_all_merged.qpAdm.snp
genotypename: data/intermediate/HO_all_merged.qpAdm.geno
popleft: temp/param/left.22kevjfq
popright: temp/param/right.22kevjfq
details: YES
## qpWave version: 410
packed geno read OK
end of inpack

left pops:
Tamang
Chokhopani
YR_MN

right pops:
Mbuti
Anatolia_N
Ami
Mixe
Ganj_Dareh_N
Onge
Villabruna
DevilsGate
Sherpa.LC

  0               Tamang    7
  1           Chokhopani    2
  2                YR_MN    8
  3                Mbuti   10
  4           Anatolia_N   25
  5                  Ami   10
  6                 Mixe   10
  7         Ganj_Dareh_N    7
  8                 Onge   12
  9           Villabruna    1
 10           DevilsGate    4
 11            Sherpa.LC    9
jackknife block size:     0.050
snps: 498990  indivs: 105
number of blocks for block jackknife: 710
dof (jackknife):   583.268
numsnps used: 426151
f4info: 
f4rank: 0 dof:     16 chisq:   587.087 tail:      1.25120754e-114 dofdiff:      0 chisqdiff:     0.000 taildiff:                    1

f4info: 
f4rank: 1 dof:      7 chisq:   104.216 tail:       1.45034385e-19 dofdiff:      9 chisqdiff:   482.872 taildiff:       2.66822421e-98
B:
          scale     1.000 
     Anatolia_N    -0.263 
            Ami     1.713 
           Mixe     0.919 
   Ganj_Dareh_N    -0.309 
           Onge     0.286 
     Villabruna    -0.202 
     DevilsGate     1.673 
      Sherpa.LC     1.064 
A:
          scale   626.987 
     Chokhopani     0.681 
          YR_MN     1.239 

f4info: 
f4rank: 2 dof:      0 chisq:     0.000 tail:                    1 dofdiff:      7 chisqdiff:   104.216 taildiff:       1.45034385e-19
B:
          scale     1.000     1.000 
     Anatolia_N    -0.349     0.332 
            Ami     1.619     1.376 
           Mixe     0.891     0.694 
   Ganj_Dareh_N    -0.380     0.774 
           Onge     0.304    -0.624 
     Villabruna    -0.270     1.157 
     DevilsGate     1.653     0.114 
      Sherpa.LC     1.192    -1.781 
A:
          scale   613.182  2977.351 
     Chokhopani     0.804    -1.163 
          YR_MN     1.163     0.804 

## end of run
