/home/cliu7/utils/AdmixTools/bin/qpAdm: parameter file: temp/param/qpAdm_Tibetan_Xinlong.Mebrak.YR_MN.parmug9b6mu
### THE INPUT PARAMETERS
##PARAMETER NAME: VALUE
DIR: data/intermediate
S1: HO_all_merged.qpAdm
indivname: data/intermediate/HO_all_merged.qpAdm.grouped.ind
snpname: data/intermediate/HO_all_merged.qpAdm.snp
genotypename: data/intermediate/HO_all_merged.qpAdm.geno
popleft: temp/param/left.mug9b6mu
popright: temp/param/right.mug9b6mu
details: YES
## qpAdm version: 810
seed: 1096098141
packed geno read OK
end of inpack

left pops:
Tibetan_Xinlong
Mebrak
YR_MN

right pops:
Mbuti
Anatolia_N
Ami
Mixe
Ganj_Dareh_N
Onge
Villabruna
DevilsGate
Sherpa.LC

  0      Tibetan_Xinlong   10
  1               Mebrak    8
  2                YR_MN    8
  3                Mbuti   10
  4           Anatolia_N   25
  5                  Ami   10
  6                 Mixe   10
  7         Ganj_Dareh_N    7
  8                 Onge   12
  9           Villabruna    1
 10           DevilsGate    4
 11            Sherpa.LC    9
jackknife block size:     0.050
snps: 498990  indivs: 114
number of blocks for block jackknife: 710
## ncols: 498990
coverage:      Tibetan_Xinlong 498036
coverage:               Mebrak 498978
coverage:                YR_MN 497089
coverage:                Mbuti 498990
coverage:           Anatolia_N 498137
coverage:                  Ami 498990
coverage:                 Mixe 498990
coverage:         Ganj_Dareh_N 457128
coverage:                 Onge 498990
coverage:           Villabruna 415230
coverage:           DevilsGate 498716
coverage:            Sherpa.LC 498990
dof (jackknife):   583.309
numsnps used: 424115
codimension 1
f4info: 
f4rank: 1 dof:      7 chisq:    16.005 tail:         0.0250743912 dofdiff:      9 chisqdiff:   -16.005 taildiff:                    1
B:
          scale     1.000 
     Anatolia_N     0.045 
            Ami     2.291 
           Mixe     1.072 
   Ganj_Dareh_N    -0.148 
           Onge     0.696 
     Villabruna    -0.164 
     DevilsGate     0.910 
      Sherpa.LC    -0.491 
A:
          scale  1454.023 
         Mebrak    -1.413 
          YR_MN     0.047 


full rank
f4info: 
f4rank: 2 dof:      0 chisq:     0.000 tail:                    1 dofdiff:      7 chisqdiff:    16.005 taildiff:         0.0250743912
B:
          scale     1.000     1.000 
     Anatolia_N     0.096     0.559 
            Ami     2.315    -0.478 
           Mixe     1.090     0.053 
   Ganj_Dareh_N    -0.152    -0.559 
           Onge     0.728     0.584 
     Villabruna    -0.157    -0.446 
     DevilsGate     0.879    -0.909 
      Sherpa.LC    -0.300     2.404 
A:
          scale  1355.904  6106.634 
         Mebrak    -1.395     0.050 
          YR_MN    -0.230    -1.413 


best coefficients:     0.032     0.968 
Jackknife mean:      0.034469267     0.965530733 
      std. errors:     0.051     0.051 

error covariance (* 1000000)
      2592      -2592 
     -2592       2592 


summ: Tibetan_Xinlong    2      0.025074     0.034     0.966  2592 -2592  2592 

    fixed pat  wt  dof     chisq       tail prob
           00  0     7    16.005       0.0250744     0.032     0.968 
           01  1     8   438.852               0     1.000    -0.000 
           10  1     8    16.342       0.0377383     0.000     1.000 
best pat:           00        0.0250744              -  -
best pat:           10        0.0377383  chi(nested):     0.337 p-value for nested model:        0.561319

coeffs:     0.032     0.968 

## dscore:: f_4(Base, Fit, Rbase, right2)
## genstat:: f_4(Base, Fit, right1, right2)

details:          Mebrak      Anatolia_N    -0.000097   -0.591411
details:           YR_MN      Anatolia_N    -0.000149   -0.817579
dscore:      Anatolia_N f4:    -0.000147 Z:    -0.829559

details:          Mebrak             Ami    -0.002392  -13.084066
details:           YR_MN             Ami    -0.000286   -1.467840
dscore:             Ami f4:    -0.000354 Z:    -1.857482

details:          Mebrak            Mixe    -0.001125   -6.050228
details:           YR_MN            Mixe    -0.000201   -0.943126
dscore:            Mixe f4:    -0.000230 Z:    -1.112229

details:          Mebrak    Ganj_Dareh_N     0.000149    0.806964
details:           YR_MN    Ganj_Dareh_N     0.000150    0.687803
dscore:    Ganj_Dareh_N f4:     0.000150 Z:     0.705690

details:          Mebrak            Onge    -0.000748   -4.320075
details:           YR_MN            Onge    -0.000264   -1.309650
dscore:            Onge f4:    -0.000279 Z:    -1.425170

details:          Mebrak      Villabruna     0.000155    0.662113
details:           YR_MN      Villabruna     0.000128    0.452633
dscore:      Villabruna f4:     0.000128 Z:     0.468013

details:          Mebrak      DevilsGate    -0.000918   -4.211772
details:           YR_MN      DevilsGate     0.000058    0.239874
dscore:      DevilsGate f4:     0.000027 Z:     0.113101

details:          Mebrak       Sherpa.LC     0.000324    1.768284
details:           YR_MN       Sherpa.LC    -0.000510   -2.604512
dscore:       Sherpa.LC f4:    -0.000483 Z:    -2.531626

gendstat:                Mbuti           Anatolia_N    -0.830
gendstat:                Mbuti                  Ami    -1.857
gendstat:                Mbuti                 Mixe    -1.112
gendstat:                Mbuti         Ganj_Dareh_N     0.706
gendstat:                Mbuti                 Onge    -1.425
gendstat:                Mbuti           Villabruna     0.468
gendstat:                Mbuti           DevilsGate     0.113
gendstat:                Mbuti            Sherpa.LC    -2.532
gendstat:           Anatolia_N                  Ami    -1.162
gendstat:           Anatolia_N                 Mixe    -0.430
gendstat:           Anatolia_N         Ganj_Dareh_N     1.673
gendstat:           Anatolia_N                 Onge    -0.732
gendstat:           Anatolia_N           Villabruna     1.175
gendstat:           Anatolia_N           DevilsGate     0.816
gendstat:           Anatolia_N            Sherpa.LC    -1.891
gendstat:                  Ami                 Mixe     0.682
gendstat:                  Ami         Ganj_Dareh_N     2.418
gendstat:                  Ami                 Onge     0.413
gendstat:                  Ami           Villabruna     1.713
gendstat:                  Ami           DevilsGate     1.847
gendstat:                  Ami            Sherpa.LC    -0.892
gendstat:                 Mixe         Ganj_Dareh_N     1.683
gendstat:                 Mixe                 Onge    -0.240
gendstat:                 Mixe           Villabruna     1.279
gendstat:                 Mixe           DevilsGate     1.163
gendstat:                 Mixe            Sherpa.LC    -1.361
gendstat:         Ganj_Dareh_N                 Onge    -2.005
gendstat:         Ganj_Dareh_N           Villabruna    -0.078
gendstat:         Ganj_Dareh_N           DevilsGate    -0.501
gendstat:         Ganj_Dareh_N            Sherpa.LC    -3.055
gendstat:                 Onge           Villabruna     1.449
gendstat:                 Onge           DevilsGate     1.320
gendstat:                 Onge            Sherpa.LC    -1.128
gendstat:           Villabruna           DevilsGate    -0.338
gendstat:           Villabruna            Sherpa.LC    -2.217
gendstat:           DevilsGate            Sherpa.LC    -2.513

## end of run
