/home/cliu7/utils/AdmixTools/bin/qpAdm: parameter file: temp/param/qpAdm_Tibetan_Yajiang.Rhirhi.YR_MN.par7lajt8t_
### THE INPUT PARAMETERS
##PARAMETER NAME: VALUE
DIR: data/intermediate
S1: HO_all_merged.qpAdm
indivname: data/intermediate/HO_all_merged.qpAdm.grouped.ind
snpname: data/intermediate/HO_all_merged.qpAdm.snp
genotypename: data/intermediate/HO_all_merged.qpAdm.geno
popleft: temp/param/left.7lajt8t_
popright: temp/param/right.7lajt8t_
details: YES
## qpAdm version: 810
seed: 564095478
packed geno read OK
end of inpack

left pops:
Tibetan_Yajiang
Rhirhi
YR_MN

right pops:
Mbuti
Anatolia_N
Ami
Mixe
Ganj_Dareh_N
Onge
Villabruna
DevilsGate
Sherpa.LC

  0      Tibetan_Yajiang   10
  1               Rhirhi    4
  2                YR_MN    8
  3                Mbuti   10
  4           Anatolia_N   25
  5                  Ami   10
  6                 Mixe   10
  7         Ganj_Dareh_N    7
  8                 Onge   12
  9           Villabruna    1
 10           DevilsGate    4
 11            Sherpa.LC    9
jackknife block size:     0.050
snps: 498990  indivs: 110
number of blocks for block jackknife: 710
## ncols: 498990
coverage:      Tibetan_Yajiang 498036
coverage:               Rhirhi 489694
coverage:                YR_MN 497089
coverage:                Mbuti 498990
coverage:           Anatolia_N 498137
coverage:                  Ami 498990
coverage:                 Mixe 498990
coverage:         Ganj_Dareh_N 457128
coverage:                 Onge 498990
coverage:           Villabruna 415230
coverage:           DevilsGate 498716
coverage:            Sherpa.LC 498990
dof (jackknife):   583.455
numsnps used: 421102
codimension 1
f4info: 
f4rank: 1 dof:      7 chisq:    23.861 tail:        0.00120523581 dofdiff:      9 chisqdiff:   -23.861 taildiff:                    1
B:
          scale     1.000 
     Anatolia_N    -0.071 
            Ami     2.262 
           Mixe     1.074 
   Ganj_Dareh_N     0.184 
           Onge     0.477 
     Villabruna    -0.299 
     DevilsGate     1.150 
      Sherpa.LC    -0.231 
A:
          scale  1769.521 
         Rhirhi    -1.115 
          YR_MN     0.870 


full rank
f4info: 
f4rank: 2 dof:      0 chisq:     0.000 tail:                    1 dofdiff:      7 chisqdiff:    23.861 taildiff:        0.00120523581
B:
          scale     1.000     1.000 
     Anatolia_N     0.054     0.889 
            Ami     2.198    -0.973 
           Mixe     1.269     0.781 
   Ganj_Dareh_N     0.157     0.040 
           Onge     0.540     0.238 
     Villabruna    -0.458    -0.792 
     DevilsGate     1.006    -0.690 
      Sherpa.LC     0.123     2.120 
A:
          scale  1637.917  4408.343 
         Rhirhi    -1.361    -0.499 
          YR_MN     0.383    -1.323 


best coefficients:     0.438     0.562 
Jackknife mean:      0.438000162     0.561999838 
      std. errors:     0.050     0.050 

error covariance (* 1000000)
      2532      -2532 
     -2532       2532 


summ: Tibetan_Yajiang    2      0.001205     0.438     0.562  2532 -2532  2532 

    fixed pat  wt  dof     chisq       tail prob
           00  0     7    23.861      0.00120524     0.438     0.562 
           01  1     8   111.947     1.51443e-20     1.000     0.000 
           10  1     8    91.946     1.87155e-16     0.000     1.000 
best pat:           00       0.00120524              -  -
best pat:           10      1.87155e-16  chi(nested):    68.085 p-value for nested model:      1.5661e-16

coeffs:     0.438     0.562 

## dscore:: f_4(Base, Fit, Rbase, right2)
## genstat:: f_4(Base, Fit, right1, right2)

details:          Rhirhi      Anatolia_N    -0.000149   -0.779699
details:           YR_MN      Anatolia_N    -0.000255   -1.371108
dscore:      Anatolia_N f4:    -0.000209 Z:    -1.432986

details:          Rhirhi             Ami    -0.001722   -7.699195
details:           YR_MN             Ami     0.000805    4.097160
dscore:             Ami f4:    -0.000303 Z:    -1.855214

details:          Rhirhi            Mixe    -0.001148   -4.789230
details:           YR_MN            Mixe     0.000061    0.280889
dscore:            Mixe f4:    -0.000469 Z:    -2.691141

details:          Rhirhi    Ganj_Dareh_N    -0.000140   -0.579585
details:           YR_MN    Ganj_Dareh_N     0.000023    0.103865
dscore:    Ganj_Dareh_N f4:    -0.000049 Z:    -0.282860

details:          Rhirhi            Onge    -0.000481   -2.117402
details:           YR_MN            Onge     0.000053    0.258154
dscore:            Onge f4:    -0.000181 Z:    -1.104635

details:          Rhirhi      Villabruna     0.000466    1.575297
details:           YR_MN      Villabruna     0.000128    0.466306
dscore:      Villabruna f4:     0.000277 Z:     1.289765

details:          Rhirhi      DevilsGate    -0.000765   -2.789575
details:           YR_MN      DevilsGate     0.000441    1.780286
dscore:      DevilsGate f4:    -0.000088 Z:    -0.439720

details:          Rhirhi       Sherpa.LC    -0.000348   -1.494043
details:           YR_MN       Sherpa.LC    -0.000609   -3.055500
dscore:       Sherpa.LC f4:    -0.000495 Z:    -2.911681

gendstat:                Mbuti           Anatolia_N    -1.433
gendstat:                Mbuti                  Ami    -1.855
gendstat:                Mbuti                 Mixe    -2.691
gendstat:                Mbuti         Ganj_Dareh_N    -0.283
gendstat:                Mbuti                 Onge    -1.105
gendstat:                Mbuti           Villabruna     1.290
gendstat:                Mbuti           DevilsGate    -0.440
gendstat:                Mbuti            Sherpa.LC    -2.912
gendstat:           Anatolia_N                  Ami    -0.622
gendstat:           Anatolia_N                 Mixe    -1.597
gendstat:           Anatolia_N         Ganj_Dareh_N     1.105
gendstat:           Anatolia_N                 Onge     0.180
gendstat:           Anatolia_N           Villabruna     2.680
gendstat:           Anatolia_N           DevilsGate     0.650
gendstat:           Anatolia_N            Sherpa.LC    -1.853
gendstat:                  Ami                 Mixe    -1.067
gendstat:                  Ami         Ganj_Dareh_N     1.409
gendstat:                  Ami                 Onge     0.751
gendstat:                  Ami           Villabruna     2.647
gendstat:                  Ami           DevilsGate     1.288
gendstat:                  Ami            Sherpa.LC    -1.457
gendstat:                 Mixe         Ganj_Dareh_N     2.209
gendstat:                 Mixe                 Onge     1.636
gendstat:                 Mixe           Villabruna     3.410
gendstat:                 Mixe           DevilsGate     2.005
gendstat:                 Mixe            Sherpa.LC    -0.165
gendstat:         Ganj_Dareh_N                 Onge    -0.713
gendstat:         Ganj_Dareh_N           Villabruna     1.507
gendstat:         Ganj_Dareh_N           DevilsGate    -0.186
gendstat:         Ganj_Dareh_N            Sherpa.LC    -2.479
gendstat:                 Onge           Villabruna     2.083
gendstat:                 Onge           DevilsGate     0.467
gendstat:                 Onge            Sherpa.LC    -1.888
gendstat:           Villabruna           DevilsGate    -1.471
gendstat:           Villabruna            Sherpa.LC    -3.587
gendstat:           DevilsGate            Sherpa.LC    -2.367

## end of run
