/home/cliu7/utils/AdmixTools/bin/qpWave: parameter file: temp/param/qpAdm_Tibetan_Shigatse.Rhirhi.YR_MN.parrml6cr86
### THE INPUT PARAMETERS
##PARAMETER NAME: VALUE
DIR: data/intermediate
S1: HO_all_merged.qpAdm
indivname: data/intermediate/HO_all_merged.qpAdm.grouped.ind
snpname: data/intermediate/HO_all_merged.qpAdm.snp
genotypename: data/intermediate/HO_all_merged.qpAdm.geno
popleft: temp/param/left.rml6cr86
popright: temp/param/right.rml6cr86
details: YES
## qpWave version: 410
packed geno read OK
end of inpack

left pops:
Tibetan_Shigatse
Rhirhi
YR_MN

right pops:
Mbuti
Anatolia_N
Ami
Mixe
Ganj_Dareh_N
Onge
Villabruna
DevilsGate
Sherpa.LC

  0     Tibetan_Shigatse   10
  1               Rhirhi    4
  2                YR_MN    8
  3                Mbuti   10
  4           Anatolia_N   25
  5                  Ami   10
  6                 Mixe   10
  7         Ganj_Dareh_N    7
  8                 Onge   12
  9           Villabruna    1
 10           DevilsGate    4
 11            Sherpa.LC    9
jackknife block size:     0.050
snps: 498990  indivs: 110
number of blocks for block jackknife: 710
dof (jackknife):   583.274
numsnps used: 421458
f4info: 
f4rank: 0 dof:     16 chisq:   355.598 tail:       7.03469345e-66 dofdiff:      0 chisqdiff:     0.000 taildiff:                    1

f4info: 
f4rank: 1 dof:      7 chisq:    42.254 tail:       4.64523176e-07 dofdiff:      9 chisqdiff:   313.344 taildiff:       3.84429178e-62
B:
          scale     1.000 
     Anatolia_N    -0.180 
            Ami     2.217 
           Mixe     0.561 
   Ganj_Dareh_N     0.066 
           Onge     0.173 
     Villabruna     0.064 
     DevilsGate     1.242 
      Sherpa.LC    -1.075 
A:
          scale  1806.463 
         Rhirhi    -0.105 
          YR_MN     1.410 

f4info: 
f4rank: 2 dof:      0 chisq:     0.000 tail:                    1 dofdiff:      7 chisqdiff:    42.254 taildiff:       4.64523176e-07
B:
          scale     1.000     1.000 
     Anatolia_N    -0.133     0.392 
            Ami     2.301    -0.093 
           Mixe     0.994     1.113 
   Ganj_Dareh_N     0.121     0.292 
           Onge     0.413     0.772 
     Villabruna    -0.254    -0.567 
     DevilsGate     1.116    -0.243 
      Sherpa.LC    -0.454     2.353 
A:
          scale  1804.099  2221.718 
         Rhirhi    -0.881    -1.106 
          YR_MN     1.106    -0.881 

## end of run
