/home/cliu7/utils/AdmixTools/bin/qpWave: parameter file: temp/param/qpAdm_Tibetan_Nagqu.Chokhopani.YR_MN.pargpcyyhdu
### THE INPUT PARAMETERS
##PARAMETER NAME: VALUE
DIR: data/intermediate
S1: HO_all_merged.qpAdm
indivname: data/intermediate/HO_all_merged.qpAdm.grouped.ind
snpname: data/intermediate/HO_all_merged.qpAdm.snp
genotypename: data/intermediate/HO_all_merged.qpAdm.geno
popleft: temp/param/left.gpcyyhdu
popright: temp/param/right.gpcyyhdu
details: YES
## qpWave version: 410
packed geno read OK
end of inpack

left pops:
Tibetan_Nagqu
Chokhopani
YR_MN

right pops:
Mbuti
Anatolia_N
Ami
Mixe
Ganj_Dareh_N
Onge
Villabruna
DevilsGate
Sherpa.LC

  0        Tibetan_Nagqu    8
  1           Chokhopani    2
  2                YR_MN    8
  3                Mbuti   10
  4           Anatolia_N   25
  5                  Ami   10
  6                 Mixe   10
  7         Ganj_Dareh_N    7
  8                 Onge   12
  9           Villabruna    1
 10           DevilsGate    4
 11            Sherpa.LC    9
jackknife block size:     0.050
snps: 498990  indivs: 106
number of blocks for block jackknife: 710
dof (jackknife):   583.229
numsnps used: 426974
f4info: 
f4rank: 0 dof:     16 chisq:   245.740 tail:       3.86475369e-43 dofdiff:      0 chisqdiff:     0.000 taildiff:                    1

f4info: 
f4rank: 1 dof:      7 chisq:    19.889 tail:        0.00581492943 dofdiff:      9 chisqdiff:   225.851 taildiff:       1.22929194e-43
B:
          scale     1.000 
     Anatolia_N    -0.175 
            Ami     2.104 
           Mixe     0.659 
   Ganj_Dareh_N     0.223 
           Onge    -0.111 
     Villabruna     0.400 
     DevilsGate     1.027 
      Sherpa.LC    -1.353 
A:
          scale  2196.900 
     Chokhopani    -0.148 
          YR_MN     1.406 

f4info: 
f4rank: 2 dof:      0 chisq:     0.000 tail:                    1 dofdiff:      7 chisqdiff:    19.889 taildiff:        0.00581492943
B:
          scale     1.000     1.000 
     Anatolia_N    -0.113     0.590 
            Ami     2.164    -0.042 
           Mixe     0.863     1.235 
   Ganj_Dareh_N     0.219     0.528 
           Onge    -0.210    -0.281 
     Villabruna     0.470     1.056 
     DevilsGate     1.098     0.510 
      Sherpa.LC    -1.020     2.096 
A:
          scale  2233.139  2922.577 
     Chokhopani    -0.682    -1.239 
          YR_MN     1.239    -0.682 

## end of run
