/home/cliu7/utils/AdmixTools/bin/qpWave: parameter file: temp/param/qpAdm_Tibetan_Shigatse.Chokhopani.Upper_YR_LN.par49brjvom
### THE INPUT PARAMETERS
##PARAMETER NAME: VALUE
DIR: data/intermediate
S1: HO_all_merged.qpAdm
indivname: data/intermediate/HO_all_merged.qpAdm.grouped.ind
snpname: data/intermediate/HO_all_merged.qpAdm.snp
genotypename: data/intermediate/HO_all_merged.qpAdm.geno
popleft: temp/param/left.49brjvom
popright: temp/param/right.49brjvom
details: YES
## qpWave version: 410
packed geno read OK
end of inpack

left pops:
Tibetan_Shigatse
Chokhopani
Upper_YR_LN

right pops:
Mbuti
Anatolia_N
Ami
Mixe
Ganj_Dareh_N
Onge
Villabruna
DevilsGate
Sherpa.LC

  0     Tibetan_Shigatse   10
  1           Chokhopani    2
  2          Upper_YR_LN    7
  3                Mbuti   10
  4           Anatolia_N   25
  5                  Ami   10
  6                 Mixe   10
  7         Ganj_Dareh_N    7
  8                 Onge   12
  9           Villabruna    1
 10           DevilsGate    4
 11            Sherpa.LC    9
jackknife block size:     0.050
snps: 498990  indivs: 107
number of blocks for block jackknife: 710
dof (jackknife):   583.082
numsnps used: 425189
f4info: 
f4rank: 0 dof:     16 chisq:   242.155 tail:       2.09573768e-42 dofdiff:      0 chisqdiff:     0.000 taildiff:                    1

f4info: 
f4rank: 1 dof:      7 chisq:    24.863 tail:       0.000802382422 dofdiff:      9 chisqdiff:   217.292 taildiff:       7.76484772e-42
B:
          scale     1.000 
     Anatolia_N    -0.035 
            Ami     1.564 
           Mixe     0.996 
   Ganj_Dareh_N     0.334 
           Onge     0.355 
     Villabruna     0.182 
     DevilsGate     2.052 
      Sherpa.LC    -0.278 
A:
          scale  1601.804 
     Chokhopani     0.085 
    Upper_YR_LN     1.412 

f4info: 
f4rank: 2 dof:      0 chisq:     0.000 tail:                    1 dofdiff:      7 chisqdiff:    24.863 taildiff:       0.000802382422
B:
          scale     1.000     1.000 
     Anatolia_N     0.009     0.651 
            Ami     1.561    -0.020 
           Mixe     1.086     1.237 
   Ganj_Dareh_N     0.369     0.588 
           Onge     0.294    -0.602 
     Villabruna     0.210     1.200 
     DevilsGate     2.028    -0.734 
      Sherpa.LC    -0.065     1.832 
A:
          scale  1612.231  3322.309 
     Chokhopani    -0.449    -1.341 
    Upper_YR_LN     1.341    -0.449 

## end of run
