/home/cliu7/utils/AdmixTools/bin/qpAdm: parameter file: temp/param/qpAdm_Tibetan_Shigatse.Kyang.YR_MN.parhwnsulyl
### THE INPUT PARAMETERS
##PARAMETER NAME: VALUE
DIR: data/intermediate
S1: HO_all_merged.qpAdm
indivname: data/intermediate/HO_all_merged.qpAdm.grouped.ind
snpname: data/intermediate/HO_all_merged.qpAdm.snp
genotypename: data/intermediate/HO_all_merged.qpAdm.geno
popleft: temp/param/left.hwnsulyl
popright: temp/param/right.hwnsulyl
details: YES
## qpAdm version: 810
seed: 1161115939
packed geno read OK
end of inpack

left pops:
Tibetan_Shigatse
Kyang
YR_MN

right pops:
Mbuti
Anatolia_N
Ami
Mixe
Ganj_Dareh_N
Onge
Villabruna
DevilsGate
Sherpa.LC

  0     Tibetan_Shigatse   10
  1                Kyang    7
  2                YR_MN    8
  3                Mbuti   10
  4           Anatolia_N   25
  5                  Ami   10
  6                 Mixe   10
  7         Ganj_Dareh_N    7
  8                 Onge   12
  9           Villabruna    1
 10           DevilsGate    4
 11            Sherpa.LC    9
jackknife block size:     0.050
snps: 498990  indivs: 113
number of blocks for block jackknife: 710
## ncols: 498990
coverage:     Tibetan_Shigatse 498036
coverage:                Kyang 498984
coverage:                YR_MN 497089
coverage:                Mbuti 498990
coverage:           Anatolia_N 498137
coverage:                  Ami 498990
coverage:                 Mixe 498990
coverage:         Ganj_Dareh_N 457128
coverage:                 Onge 498990
coverage:           Villabruna 415230
coverage:           DevilsGate 498716
coverage:            Sherpa.LC 498990
dof (jackknife):   583.152
numsnps used: 424273
codimension 1
f4info: 
f4rank: 1 dof:      7 chisq:    19.152 tail:        0.00772468384 dofdiff:      9 chisqdiff:   -19.152 taildiff:                    1
B:
          scale     1.000 
     Anatolia_N    -0.311 
            Ami     2.136 
           Mixe     0.615 
   Ganj_Dareh_N     0.090 
           Onge     0.083 
     Villabruna    -0.195 
     DevilsGate     1.078 
      Sherpa.LC    -1.322 
A:
          scale  1852.732 
          Kyang    -0.324 
          YR_MN     1.377 


full rank
f4info: 
f4rank: 2 dof:      0 chisq:     0.000 tail:                    1 dofdiff:      7 chisqdiff:    19.152 taildiff:        0.00772468384
B:
          scale     1.000     1.000 
     Anatolia_N    -0.274     0.268 
            Ami     2.108     0.491 
           Mixe     0.547     1.803 
   Ganj_Dareh_N     0.092     0.826 
           Onge     0.034     0.539 
     Villabruna    -0.020    -0.809 
     DevilsGate     1.101    -0.075 
      Sherpa.LC    -1.400     1.674 
A:
          scale  1857.402  4706.905 
          Kyang    -0.483    -1.314 
          YR_MN     1.329    -0.524 


best coefficients:     0.809     0.191 
Jackknife mean:      0.808519333     0.191480667 
      std. errors:     0.036     0.036 

error covariance (* 1000000)
      1324      -1324 
     -1324       1324 


summ: Tibetan_Shigatse    2      0.007725     0.809     0.191  1324 -1324  1324 

    fixed pat  wt  dof     chisq       tail prob
           00  0     7    19.152      0.00772468     0.809     0.191 
           01  1     8    42.218     1.23191e-06     1.000     0.000 
           10  1     8   283.921               0     0.000     1.000 
best pat:           00       0.00772468              -  -
best pat:           01      1.23191e-06  chi(nested):    23.066 p-value for nested model:     1.56543e-06

coeffs:     0.809     0.191 

## dscore:: f_4(Base, Fit, Rbase, right2)
## genstat:: f_4(Base, Fit, right1, right2)

details:           Kyang      Anatolia_N    -0.000009   -0.061921
details:           YR_MN      Anatolia_N    -0.000228   -1.217429
dscore:      Anatolia_N f4:    -0.000051 Z:    -0.393257

details:           Kyang             Ami    -0.000692   -4.031085
details:           YR_MN             Ami     0.001451    7.107901
dscore:             Ami f4:    -0.000283 Z:    -1.849354

details:           Kyang            Mixe    -0.000651   -3.445910
details:           YR_MN            Mixe     0.000189    0.853352
dscore:            Mixe f4:    -0.000491 Z:    -2.929357

details:           Kyang    Ganj_Dareh_N    -0.000259   -1.499639
details:           YR_MN    Ganj_Dareh_N    -0.000028   -0.126330
dscore:    Ganj_Dareh_N f4:    -0.000215 Z:    -1.384781

details:           Kyang            Onge    -0.000166   -0.949510
details:           YR_MN            Onge    -0.000040   -0.179409
dscore:            Onge f4:    -0.000142 Z:    -0.898565

details:           Kyang      Villabruna     0.000225    0.967396
details:           YR_MN      Villabruna     0.000073    0.251558
dscore:      Villabruna f4:     0.000196 Z:     0.940500

details:           Kyang      DevilsGate    -0.000274   -1.344021
details:           YR_MN      DevilsGate     0.000793    3.161342
dscore:      DevilsGate f4:    -0.000071 Z:    -0.389278

details:           Kyang       Sherpa.LC    -0.000110   -0.653120
details:           YR_MN       Sherpa.LC    -0.001192   -5.749670
dscore:       Sherpa.LC f4:    -0.000316 Z:    -2.073380

gendstat:                Mbuti           Anatolia_N    -0.393
gendstat:                Mbuti                  Ami    -1.849
gendstat:                Mbuti                 Mixe    -2.929
gendstat:                Mbuti         Ganj_Dareh_N    -1.385
gendstat:                Mbuti                 Onge    -0.899
gendstat:                Mbuti           Villabruna     0.940
gendstat:                Mbuti           DevilsGate    -0.389
gendstat:                Mbuti            Sherpa.LC    -2.073
gendstat:           Anatolia_N                  Ami    -1.602
gendstat:           Anatolia_N                 Mixe    -2.865
gendstat:           Anatolia_N         Ganj_Dareh_N    -1.252
gendstat:           Anatolia_N                 Onge    -0.607
gendstat:           Anatolia_N           Villabruna     1.408
gendstat:           Anatolia_N           DevilsGate    -0.115
gendstat:           Anatolia_N            Sherpa.LC    -1.828
gendstat:                  Ami                 Mixe    -1.471
gendstat:                  Ami         Ganj_Dareh_N     0.400
gendstat:                  Ami                 Onge     0.952
gendstat:                  Ami           Villabruna     2.228
gendstat:                  Ami           DevilsGate     1.446
gendstat:                  Ami            Sherpa.LC    -0.289
gendstat:                 Mixe         Ganj_Dareh_N     1.518
gendstat:                 Mixe                 Onge     2.098
gendstat:                 Mixe           Villabruna     3.236
gendstat:                 Mixe           DevilsGate     2.550
gendstat:                 Mixe            Sherpa.LC     1.208
gendstat:         Ganj_Dareh_N                 Onge     0.420
gendstat:         Ganj_Dareh_N           Villabruna     2.002
gendstat:         Ganj_Dareh_N           DevilsGate     0.727
gendstat:         Ganj_Dareh_N            Sherpa.LC    -0.605
gendstat:                 Onge           Villabruna     1.579
gendstat:                 Onge           DevilsGate     0.383
gendstat:                 Onge            Sherpa.LC    -1.166
gendstat:           Villabruna           DevilsGate    -1.124
gendstat:           Villabruna            Sherpa.LC    -2.426
gendstat:           DevilsGate            Sherpa.LC    -1.628

## end of run
