/home/cliu7/utils/AdmixTools/bin/qpAdm: parameter file: temp/param/qpAdm_Tibetan_Shigatse.Chokhopani.Upper_YR_LN.par49brjvom
### THE INPUT PARAMETERS
##PARAMETER NAME: VALUE
DIR: data/intermediate
S1: HO_all_merged.qpAdm
indivname: data/intermediate/HO_all_merged.qpAdm.grouped.ind
snpname: data/intermediate/HO_all_merged.qpAdm.snp
genotypename: data/intermediate/HO_all_merged.qpAdm.geno
popleft: temp/param/left.49brjvom
popright: temp/param/right.49brjvom
details: YES
## qpAdm version: 810
seed: 1130726190
packed geno read OK
end of inpack

left pops:
Tibetan_Shigatse
Chokhopani
Upper_YR_LN

right pops:
Mbuti
Anatolia_N
Ami
Mixe
Ganj_Dareh_N
Onge
Villabruna
DevilsGate
Sherpa.LC

  0     Tibetan_Shigatse   10
  1           Chokhopani    2
  2          Upper_YR_LN    7
  3                Mbuti   10
  4           Anatolia_N   25
  5                  Ami   10
  6                 Mixe   10
  7         Ganj_Dareh_N    7
  8                 Onge   12
  9           Villabruna    1
 10           DevilsGate    4
 11            Sherpa.LC    9
jackknife block size:     0.050
snps: 498990  indivs: 107
number of blocks for block jackknife: 710
## ncols: 498990
coverage:     Tibetan_Shigatse 498036
coverage:           Chokhopani 498917
coverage:          Upper_YR_LN 496840
coverage:                Mbuti 498990
coverage:           Anatolia_N 498137
coverage:                  Ami 498990
coverage:                 Mixe 498990
coverage:         Ganj_Dareh_N 457128
coverage:                 Onge 498990
coverage:           Villabruna 415230
coverage:           DevilsGate 498716
coverage:            Sherpa.LC 498990
dof (jackknife):   583.082
numsnps used: 425189
codimension 1
f4info: 
f4rank: 1 dof:      7 chisq:    24.743 tail:       0.000842634945 dofdiff:      9 chisqdiff:   -24.743 taildiff:                    1
B:
          scale     1.000 
     Anatolia_N    -0.039 
            Ami     1.565 
           Mixe     0.993 
   Ganj_Dareh_N     0.331 
           Onge     0.353 
     Villabruna     0.178 
     DevilsGate     2.053 
      Sherpa.LC    -0.284 
A:
          scale  1606.708 
     Chokhopani     0.085 
    Upper_YR_LN     1.412 


full rank
f4info: 
f4rank: 2 dof:      0 chisq:     0.000 tail:                    1 dofdiff:      7 chisqdiff:    24.743 taildiff:       0.000842634945
B:
          scale     1.000     1.000 
     Anatolia_N    -0.000     0.631 
            Ami     1.562    -0.240 
           Mixe     1.073     1.078 
   Ganj_Dareh_N     0.361     0.520 
           Onge     0.297    -0.660 
     Villabruna     0.197     1.142 
     DevilsGate     2.035    -1.011 
      Sherpa.LC    -0.088     1.830 
A:
          scale  1610.781  3314.451 
     Chokhopani    -0.534    -1.350 
    Upper_YR_LN     1.309    -0.420 


best coefficients:     1.064    -0.064 
Jackknife mean:      1.051613062    -0.051613062 
      std. errors:     0.111     0.111 

error covariance (* 1000000)
     12253     -12253 
    -12253      12253 


summ: Tibetan_Shigatse    2      0.000843     1.052    -0.052 12253 -12253 12253 

    fixed pat  wt  dof     chisq       tail prob
           00  0     7    24.743     0.000842635     1.064    -0.064  infeasible
           01  1     8    25.117      0.00148496     1.000     0.000 
           10  1     8   198.087               0     0.000     1.000 
best pat:           00      0.000842635              -  -
best pat:           01       0.00148496  chi(nested):     0.374 p-value for nested model:        0.540658

coeffs:     1.064    -0.064 

## dscore:: f_4(Base, Fit, Rbase, right2)
## genstat:: f_4(Base, Fit, right1, right2)

details:      Chokhopani      Anatolia_N    -0.000265   -1.245551
details:     Upper_YR_LN      Anatolia_N    -0.000080   -0.477153
dscore:      Anatolia_N f4:    -0.000277 Z:    -1.237345

details:      Chokhopani             Ami    -0.000426   -1.858143
details:     Upper_YR_LN             Ami     0.001301    6.825343
dscore:             Ami f4:    -0.000536 Z:    -2.221004

details:      Chokhopani            Mixe    -0.000801   -3.175417
details:     Upper_YR_LN            Mixe     0.000736    3.541932
dscore:            Mixe f4:    -0.000899 Z:    -3.384458

details:      Chokhopani    Ganj_Dareh_N    -0.000340   -1.318506
details:     Upper_YR_LN    Ganj_Dareh_N     0.000227    1.074976
dscore:    Ganj_Dareh_N f4:    -0.000376 Z:    -1.383684

details:      Chokhopani            Onge     0.000161    0.657651
details:     Upper_YR_LN            Onge     0.000326    1.603092
dscore:            Onge f4:     0.000151 Z:     0.585016

details:      Chokhopani      Villabruna    -0.000543   -1.660324
details:     Upper_YR_LN      Villabruna     0.000013    0.047213
dscore:      Villabruna f4:    -0.000579 Z:    -1.678802

details:      Chokhopani      DevilsGate    -0.000268   -0.976132
details:     Upper_YR_LN      DevilsGate     0.001786    7.424598
dscore:      DevilsGate f4:    -0.000399 Z:    -1.379975

details:      Chokhopani       Sherpa.LC    -0.000722   -3.181808
details:     Upper_YR_LN       Sherpa.LC    -0.000302   -1.597706
dscore:       Sherpa.LC f4:    -0.000748 Z:    -3.135780

gendstat:                Mbuti           Anatolia_N    -1.237
gendstat:                Mbuti                  Ami    -2.221
gendstat:                Mbuti                 Mixe    -3.384
gendstat:                Mbuti         Ganj_Dareh_N    -1.384
gendstat:                Mbuti                 Onge     0.585
gendstat:                Mbuti           Villabruna    -1.679
gendstat:                Mbuti           DevilsGate    -1.380
gendstat:                Mbuti            Sherpa.LC    -3.136
gendstat:           Anatolia_N                  Ami    -1.121
gendstat:           Anatolia_N                 Mixe    -2.459
gendstat:           Anatolia_N         Ganj_Dareh_N    -0.465
gendstat:           Anatolia_N                 Onge     1.777
gendstat:           Anatolia_N           Villabruna    -0.996
gendstat:           Anatolia_N           DevilsGate    -0.427
gendstat:           Anatolia_N            Sherpa.LC    -2.050
gendstat:                  Ami                 Mixe    -1.575
gendstat:                  Ami         Ganj_Dareh_N     0.576
gendstat:                  Ami                 Onge     2.784
gendstat:                  Ami           Villabruna    -0.119
gendstat:                  Ami           DevilsGate     0.575
gendstat:                  Ami            Sherpa.LC    -1.130
gendstat:                 Mixe         Ganj_Dareh_N     1.809
gendstat:                 Mixe                 Onge     3.895
gendstat:                 Mixe           Villabruna     0.889
gendstat:                 Mixe           DevilsGate     1.819
gendstat:                 Mixe            Sherpa.LC     0.661
gendstat:         Ganj_Dareh_N                 Onge     1.934
gendstat:         Ganj_Dareh_N           Villabruna    -0.586
gendstat:         Ganj_Dareh_N           DevilsGate    -0.070
gendstat:         Ganj_Dareh_N            Sherpa.LC    -1.345
gendstat:                 Onge           Villabruna    -2.047
gendstat:                 Onge           DevilsGate    -1.838
gendstat:                 Onge            Sherpa.LC    -3.580
gendstat:           Villabruna           DevilsGate     0.456
gendstat:           Villabruna            Sherpa.LC    -0.475
gendstat:           DevilsGate            Sherpa.LC    -1.460

## end of run
