/home/cliu7/utils/AdmixTools/bin/qpWave: parameter file: temp/param/qpAdm_Tibetan_Shigatse.Lubrak.Upper_YR_LN.parlbubkf3z
### THE INPUT PARAMETERS
##PARAMETER NAME: VALUE
DIR: data/intermediate
S1: HO_all_merged.qpAdm
indivname: data/intermediate/HO_all_merged.qpAdm.grouped.ind
snpname: data/intermediate/HO_all_merged.qpAdm.snp
genotypename: data/intermediate/HO_all_merged.qpAdm.geno
popleft: temp/param/left.lbubkf3z
popright: temp/param/right.lbubkf3z
details: YES
## qpWave version: 410
packed geno read OK
end of inpack

left pops:
Tibetan_Shigatse
Lubrak
Upper_YR_LN

right pops:
Mbuti
Anatolia_N
Ami
Mixe
Ganj_Dareh_N
Onge
Villabruna
DevilsGate
Sherpa.LC

  0     Tibetan_Shigatse   10
  1               Lubrak    2
  2          Upper_YR_LN    7
  3                Mbuti   10
  4           Anatolia_N   25
  5                  Ami   10
  6                 Mixe   10
  7         Ganj_Dareh_N    7
  8                 Onge   12
  9           Villabruna    1
 10           DevilsGate    4
 11            Sherpa.LC    9
jackknife block size:     0.050
snps: 498990  indivs: 107
number of blocks for block jackknife: 710
dof (jackknife):   583.042
numsnps used: 307636
f4info: 
f4rank: 0 dof:     16 chisq:   229.640 tail:       7.56872781e-40 dofdiff:      0 chisqdiff:     0.000 taildiff:                    1

f4info: 
f4rank: 1 dof:      7 chisq:    18.531 tail:        0.00978979208 dofdiff:      9 chisqdiff:   211.109 taildiff:       1.54631746e-40
B:
          scale     1.000 
     Anatolia_N    -0.074 
            Ami     1.459 
           Mixe     0.950 
   Ganj_Dareh_N     0.315 
           Onge     0.399 
     Villabruna     0.090 
     DevilsGate     2.114 
      Sherpa.LC    -0.475 
A:
          scale  1611.175 
         Lubrak    -0.217 
    Upper_YR_LN     1.397 

f4info: 
f4rank: 2 dof:      0 chisq:     0.000 tail:                    1 dofdiff:      7 chisqdiff:    18.531 taildiff:        0.00978979208
B:
          scale     1.000     1.000 
     Anatolia_N    -0.037     0.311 
            Ami     1.433    -0.617 
           Mixe     0.813    -1.072 
   Ganj_Dareh_N     0.314     0.308 
           Onge     0.361    -0.471 
     Villabruna     0.287     1.462 
     DevilsGate     2.220     0.807 
      Sherpa.LC    -0.205     1.808 
A:
          scale  1532.929  3940.215 
         Lubrak     0.238     1.394 
    Upper_YR_LN     1.394    -0.238 

## end of run
