/home/cliu7/utils/AdmixTools/bin/qpWave: parameter file: temp/param/qpAdm_Tibetan_Lhasa.Rhirhi.YR_MN.par81gbli35
### THE INPUT PARAMETERS
##PARAMETER NAME: VALUE
DIR: data/intermediate
S1: HO_all_merged.qpAdm
indivname: data/intermediate/HO_all_merged.qpAdm.grouped.ind
snpname: data/intermediate/HO_all_merged.qpAdm.snp
genotypename: data/intermediate/HO_all_merged.qpAdm.geno
popleft: temp/param/left.81gbli35
popright: temp/param/right.81gbli35
details: YES
## qpWave version: 410
packed geno read OK
end of inpack

left pops:
Tibetan_Lhasa
Rhirhi
YR_MN

right pops:
Mbuti
Anatolia_N
Ami
Mixe
Ganj_Dareh_N
Onge
Villabruna
DevilsGate
Sherpa.LC

  0        Tibetan_Lhasa    9
  1               Rhirhi    4
  2                YR_MN    8
  3                Mbuti   10
  4           Anatolia_N   25
  5                  Ami   10
  6                 Mixe   10
  7         Ganj_Dareh_N    7
  8                 Onge   12
  9           Villabruna    1
 10           DevilsGate    4
 11            Sherpa.LC    9
jackknife block size:     0.050
snps: 498990  indivs: 109
number of blocks for block jackknife: 710
dof (jackknife):   583.342
numsnps used: 422174
f4info: 
f4rank: 0 dof:     16 chisq:   331.694 tail:       6.72506472e-61 dofdiff:      0 chisqdiff:     0.000 taildiff:                    1

f4info: 
f4rank: 1 dof:      7 chisq:    40.205 tail:        1.1500225e-06 dofdiff:      9 chisqdiff:   291.489 taildiff:       1.66486887e-57
B:
          scale     1.000 
     Anatolia_N    -0.390 
            Ami     2.109 
           Mixe     0.689 
   Ganj_Dareh_N    -0.140 
           Onge     0.081 
     Villabruna    -0.235 
     DevilsGate     1.072 
      Sherpa.LC    -1.302 
A:
          scale  1911.355 
         Rhirhi    -0.164 
          YR_MN     1.405 

f4info: 
f4rank: 2 dof:      0 chisq:     0.000 tail:                    1 dofdiff:      7 chisqdiff:    40.205 taildiff:        1.1500225e-06
B:
          scale     1.000     1.000 
     Anatolia_N    -0.072     0.643 
            Ami     2.276    -0.213 
           Mixe     1.113     0.538 
   Ganj_Dareh_N     0.168     0.556 
           Onge     0.512     0.786 
     Villabruna    -0.305     0.011 
     DevilsGate     1.082    -0.188 
      Sherpa.LC    -0.142     2.508 
A:
          scale  1810.475  2195.979 
         Rhirhi    -1.045    -0.953 
          YR_MN     0.953    -1.045 

## end of run
