/home/cliu7/utils/AdmixTools/bin/qpWave: parameter file: temp/param/qpAdm_Tibetan_Xinlong.Chokhopani.YR_MN.par_kwrnavw
### THE INPUT PARAMETERS
##PARAMETER NAME: VALUE
DIR: data/intermediate
S1: HO_all_merged.qpAdm
indivname: data/intermediate/HO_all_merged.qpAdm.grouped.ind
snpname: data/intermediate/HO_all_merged.qpAdm.snp
genotypename: data/intermediate/HO_all_merged.qpAdm.geno
popleft: temp/param/left._kwrnavw
popright: temp/param/right._kwrnavw
details: YES
## qpWave version: 410
packed geno read OK
end of inpack

left pops:
Tibetan_Xinlong
Chokhopani
YR_MN

right pops:
Mbuti
Anatolia_N
Ami
Mixe
Ganj_Dareh_N
Onge
Villabruna
DevilsGate
Sherpa.LC

  0      Tibetan_Xinlong   10
  1           Chokhopani    2
  2                YR_MN    8
  3                Mbuti   10
  4           Anatolia_N   25
  5                  Ami   10
  6                 Mixe   10
  7         Ganj_Dareh_N    7
  8                 Onge   12
  9           Villabruna    1
 10           DevilsGate    4
 11            Sherpa.LC    9
jackknife block size:     0.050
snps: 498990  indivs: 108
number of blocks for block jackknife: 710
dof (jackknife):   583.259
numsnps used: 425464
f4info: 
f4rank: 0 dof:     16 chisq:   205.810 tail:       5.29350225e-35 dofdiff:      0 chisqdiff:     0.000 taildiff:                    1

f4info: 
f4rank: 1 dof:      7 chisq:    15.865 tail:         0.0263795229 dofdiff:      9 chisqdiff:   189.945 taildiff:       4.22616185e-36
B:
          scale     1.000 
     Anatolia_N     0.097 
            Ami     2.250 
           Mixe     1.188 
   Ganj_Dareh_N     0.149 
           Onge    -0.130 
     Villabruna     0.509 
     DevilsGate     1.091 
      Sherpa.LC    -0.165 
A:
          scale  1626.158 
     Chokhopani    -1.412 
          YR_MN     0.075 

f4info: 
f4rank: 2 dof:      0 chisq:     0.000 tail:                    1 dofdiff:      7 chisqdiff:    15.865 taildiff:         0.0263795229
B:
          scale     1.000     1.000 
     Anatolia_N     0.185     0.555 
            Ami     2.259     0.204 
           Mixe     1.249     0.297 
   Ganj_Dareh_N     0.126    -0.716 
           Onge     0.060     1.117 
     Villabruna     0.487    -0.763 
     DevilsGate     1.019    -0.715 
      Sherpa.LC     0.088     2.170 
A:
          scale  1476.570  6108.139 
     Chokhopani    -1.406     0.156 
          YR_MN    -0.156    -1.406 

## end of run
