/home/cliu7/utils/AdmixTools/bin/qpAdm: parameter file: temp/param/qpAdm_Tibetan_Yunnan.Kyang.YR_MN.parmo_3kzq7
### THE INPUT PARAMETERS
##PARAMETER NAME: VALUE
DIR: data/intermediate
S1: HO_all_merged.qpAdm
indivname: data/intermediate/HO_all_merged.qpAdm.grouped.ind
snpname: data/intermediate/HO_all_merged.qpAdm.snp
genotypename: data/intermediate/HO_all_merged.qpAdm.geno
popleft: temp/param/left.mo_3kzq7
popright: temp/param/right.mo_3kzq7
details: YES
## qpAdm version: 810
seed: 820282284
packed geno read OK
end of inpack

left pops:
Tibetan_Yunnan
Kyang
YR_MN

right pops:
Mbuti
Anatolia_N
Ami
Mixe
Ganj_Dareh_N
Onge
Villabruna
DevilsGate
Sherpa.LC

  0       Tibetan_Yunnan    4
  1                Kyang    7
  2                YR_MN    8
  3                Mbuti   10
  4           Anatolia_N   25
  5                  Ami   10
  6                 Mixe   10
  7         Ganj_Dareh_N    7
  8                 Onge   12
  9           Villabruna    1
 10           DevilsGate    4
 11            Sherpa.LC    9
jackknife block size:     0.050
snps: 498990  indivs: 107
number of blocks for block jackknife: 710
## ncols: 498990
coverage:       Tibetan_Yunnan 498036
coverage:                Kyang 498984
coverage:                YR_MN 497089
coverage:                Mbuti 498990
coverage:           Anatolia_N 498137
coverage:                  Ami 498990
coverage:                 Mixe 498990
coverage:         Ganj_Dareh_N 457128
coverage:                 Onge 498990
coverage:           Villabruna 415230
coverage:           DevilsGate 498716
coverage:            Sherpa.LC 498990
dof (jackknife):   583.093
numsnps used: 429215
codimension 1
f4info: 
f4rank: 1 dof:      7 chisq:    13.660 tail:         0.0575793836 dofdiff:      9 chisqdiff:   -13.660 taildiff:                    1
B:
          scale     1.000 
     Anatolia_N    -0.211 
            Ami     2.239 
           Mixe     0.870 
   Ganj_Dareh_N     0.294 
           Onge     0.191 
     Villabruna    -0.343 
     DevilsGate     0.988 
      Sherpa.LC    -0.984 
A:
          scale  1945.904 
          Kyang    -1.245 
          YR_MN     0.671 


full rank
f4info: 
f4rank: 2 dof:      0 chisq:     0.000 tail:                    1 dofdiff:      7 chisqdiff:    13.660 taildiff:         0.0575793836
B:
          scale     1.000     1.000 
     Anatolia_N    -0.115     0.498 
            Ami     2.291    -0.257 
           Mixe     0.964     0.159 
   Ganj_Dareh_N     0.386     0.517 
           Onge     0.317     0.701 
     Villabruna    -0.445    -1.089 
     DevilsGate     0.995    -0.691 
      Sherpa.LC    -0.609     2.289 
A:
          scale  1786.200  4101.034 
          Kyang    -1.399    -0.414 
          YR_MN     0.205    -1.352 


best coefficients:     0.350     0.650 
Jackknife mean:      0.350991729     0.649008271 
      std. errors:     0.046     0.046 

error covariance (* 1000000)
      2105      -2105 
     -2105       2105 


summ: Tibetan_Yunnan    2      0.057579     0.351     0.649  2105 -2105  2105 

    fixed pat  wt  dof     chisq       tail prob
           00  0     7    13.660       0.0575794     0.350     0.650 
           01  1     8   179.738               0     1.000     0.000 
           10  1     8    56.697     2.06296e-09     0.000     1.000 
best pat:           00        0.0575794              -  -
best pat:           10      2.06296e-09  chi(nested):    43.038 p-value for nested model:     5.36921e-11

coeffs:     0.350     0.650 

## dscore:: f_4(Base, Fit, Rbase, right2)
## genstat:: f_4(Base, Fit, right1, right2)

details:           Kyang      Anatolia_N     0.000036    0.195889
details:           YR_MN      Anatolia_N    -0.000181   -0.840301
dscore:      Anatolia_N f4:    -0.000105 Z:    -0.586802

details:           Kyang             Ami    -0.001775   -8.050833
details:           YR_MN             Ami     0.000344    1.497610
dscore:             Ami f4:    -0.000398 Z:    -2.008959

details:           Kyang            Mixe    -0.000777   -3.387728
details:           YR_MN            Mixe     0.000054    0.215616
dscore:            Mixe f4:    -0.000237 Z:    -1.129140

details:           Kyang    Ganj_Dareh_N    -0.000358   -1.685138
details:           YR_MN    Ganj_Dareh_N    -0.000130   -0.505528
dscore:    Ganj_Dareh_N f4:    -0.000210 Z:    -0.988971

details:           Kyang            Onge    -0.000324   -1.538597
details:           YR_MN            Onge    -0.000200   -0.837448
dscore:            Onge f4:    -0.000243 Z:    -1.230917

details:           Kyang      Villabruna     0.000455    1.602164
details:           YR_MN      Villabruna     0.000305    0.910296
dscore:      Villabruna f4:     0.000358 Z:     1.283179

details:           Kyang      DevilsGate    -0.000718   -2.765105
details:           YR_MN      DevilsGate     0.000337    1.204149
dscore:      DevilsGate f4:    -0.000033 Z:    -0.138328

details:           Kyang       Sherpa.LC     0.000240    1.125839
details:           YR_MN       Sherpa.LC    -0.000829   -3.544709
dscore:       Sherpa.LC f4:    -0.000455 Z:    -2.266679

gendstat:                Mbuti           Anatolia_N    -0.587
gendstat:                Mbuti                  Ami    -2.009
gendstat:                Mbuti                 Mixe    -1.129
gendstat:                Mbuti         Ganj_Dareh_N    -0.989
gendstat:                Mbuti                 Onge    -1.231
gendstat:                Mbuti           Villabruna     1.283
gendstat:                Mbuti           DevilsGate    -0.138
gendstat:                Mbuti            Sherpa.LC    -2.267
gendstat:           Anatolia_N                  Ami    -1.594
gendstat:           Anatolia_N                 Mixe    -0.651
gendstat:           Anatolia_N         Ganj_Dareh_N    -0.596
gendstat:           Anatolia_N                 Onge    -0.731
gendstat:           Anatolia_N           Villabruna     1.989
gendstat:           Anatolia_N           DevilsGate     0.318
gendstat:           Anatolia_N            Sherpa.LC    -1.858
gendstat:                  Ami                 Mixe     0.856
gendstat:                  Ami         Ganj_Dareh_N     0.843
gendstat:                  Ami                 Onge     0.807
gendstat:                  Ami           Villabruna     2.659
gendstat:                  Ami           DevilsGate     1.797
gendstat:                  Ami            Sherpa.LC    -0.379
gendstat:                 Mixe         Ganj_Dareh_N     0.116
gendstat:                 Mixe                 Onge    -0.028
gendstat:                 Mixe           Villabruna     2.045
gendstat:                 Mixe           DevilsGate     0.923
gendstat:                 Mixe            Sherpa.LC    -1.158
gendstat:         Ganj_Dareh_N                 Onge    -0.153
gendstat:         Ganj_Dareh_N           Villabruna     2.071
gendstat:         Ganj_Dareh_N           DevilsGate     0.665
gendstat:         Ganj_Dareh_N            Sherpa.LC    -1.079
gendstat:                 Onge           Villabruna     2.148
gendstat:                 Onge           DevilsGate     0.882
gendstat:                 Onge            Sherpa.LC    -1.080
gendstat:           Villabruna           DevilsGate    -1.244
gendstat:           Villabruna            Sherpa.LC    -2.872
gendstat:           DevilsGate            Sherpa.LC    -2.098

## end of run
