/home/cliu7/utils/AdmixTools/bin/qpAdm: parameter file: temp/param/qpAdm_Tibetan_Yunnan.Rhirhi.YR_MN.par11v_33gn
### THE INPUT PARAMETERS
##PARAMETER NAME: VALUE
DIR: data/intermediate
S1: HO_all_merged.qpAdm
indivname: data/intermediate/HO_all_merged.qpAdm.grouped.ind
snpname: data/intermediate/HO_all_merged.qpAdm.snp
genotypename: data/intermediate/HO_all_merged.qpAdm.geno
popleft: temp/param/left.11v_33gn
popright: temp/param/right.11v_33gn
details: YES
## qpAdm version: 810
seed: 1662685877
packed geno read OK
end of inpack

left pops:
Tibetan_Yunnan
Rhirhi
YR_MN

right pops:
Mbuti
Anatolia_N
Ami
Mixe
Ganj_Dareh_N
Onge
Villabruna
DevilsGate
Sherpa.LC

  0       Tibetan_Yunnan    4
  1               Rhirhi    4
  2                YR_MN    8
  3                Mbuti   10
  4           Anatolia_N   25
  5                  Ami   10
  6                 Mixe   10
  7         Ganj_Dareh_N    7
  8                 Onge   12
  9           Villabruna    1
 10           DevilsGate    4
 11            Sherpa.LC    9
jackknife block size:     0.050
snps: 498990  indivs: 104
number of blocks for block jackknife: 710
## ncols: 498990
coverage:       Tibetan_Yunnan 498036
coverage:               Rhirhi 489694
coverage:                YR_MN 497089
coverage:                Mbuti 498990
coverage:           Anatolia_N 498137
coverage:                  Ami 498990
coverage:                 Mixe 498990
coverage:         Ganj_Dareh_N 457128
coverage:                 Onge 498990
coverage:           Villabruna 415230
coverage:           DevilsGate 498716
coverage:            Sherpa.LC 498990
dof (jackknife):   583.189
numsnps used: 428151
codimension 1
f4info: 
f4rank: 1 dof:      7 chisq:    27.793 tail:       0.000239708933 dofdiff:      9 chisqdiff:   -27.793 taildiff:                    1
B:
          scale     1.000 
     Anatolia_N    -0.119 
            Ami     2.266 
           Mixe     1.093 
   Ganj_Dareh_N     0.155 
           Onge     0.538 
     Villabruna    -0.490 
     DevilsGate     1.043 
      Sherpa.LC    -0.121 
A:
          scale  1711.441 
         Rhirhi    -1.263 
          YR_MN     0.636 


full rank
f4info: 
f4rank: 2 dof:      0 chisq:     0.000 tail:                    1 dofdiff:      7 chisqdiff:    27.793 taildiff:       0.000239708933
B:
          scale     1.000     1.000 
     Anatolia_N     0.069     0.502 
            Ami     2.158    -1.020 
           Mixe     1.153    -0.141 
   Ganj_Dareh_N     0.293     0.375 
           Onge     0.722     0.543 
     Villabruna    -0.601    -0.737 
     DevilsGate     0.878    -0.901 
      Sherpa.LC     0.519     2.213 
A:
          scale  1403.097  3743.411 
         Rhirhi    -1.414    -0.104 
          YR_MN    -0.032    -1.410 


best coefficients:     0.335     0.665 
Jackknife mean:      0.334697444     0.665302556 
      std. errors:     0.060     0.060 

error covariance (* 1000000)
      3613      -3613 
     -3613       3613 


summ: Tibetan_Yunnan    2      0.000240     0.335     0.665  3613 -3613  3613 

    fixed pat  wt  dof     chisq       tail prob
           00  0     7    27.793     0.000239709     0.335     0.665 
           01  1     8   126.017     1.89063e-23     1.000     0.000 
           10  1     8    57.421     1.49021e-09     0.000     1.000 
best pat:           00      0.000239709              -  -
best pat:           10      1.49021e-09  chi(nested):    29.628 p-value for nested model:     5.23411e-08

coeffs:     0.335     0.665 

## dscore:: f_4(Base, Fit, Rbase, right2)
## genstat:: f_4(Base, Fit, right1, right2)

details:          Rhirhi      Anatolia_N    -0.000088   -0.406483
details:           YR_MN      Anatolia_N    -0.000193   -0.896968
dscore:      Anatolia_N f4:    -0.000158 Z:    -0.855929

details:          Rhirhi             Ami    -0.002152   -8.514399
details:           YR_MN             Ami     0.000333    1.453021
dscore:             Ami f4:    -0.000500 Z:    -2.451460

details:          Rhirhi            Mixe    -0.001164   -4.305417
details:           YR_MN            Mixe     0.000025    0.101627
dscore:            Mixe f4:    -0.000373 Z:    -1.718435

details:          Rhirhi    Ganj_Dareh_N    -0.000311   -1.139217
details:           YR_MN    Ganj_Dareh_N    -0.000151   -0.586952
dscore:    Ganj_Dareh_N f4:    -0.000205 Z:    -0.926534

details:          Rhirhi            Onge    -0.000749   -2.901619
details:           YR_MN            Onge    -0.000223   -0.941316
dscore:            Onge f4:    -0.000399 Z:    -1.940674

details:          Rhirhi      Villabruna     0.000622    1.827389
details:           YR_MN      Villabruna     0.000290    0.865759
dscore:      Villabruna f4:     0.000401 Z:     1.395097

details:          Rhirhi      DevilsGate    -0.000868   -2.856206
details:           YR_MN      DevilsGate     0.000318    1.135875
dscore:      DevilsGate f4:    -0.000080 Z:    -0.327556

details:          Rhirhi       Sherpa.LC    -0.000591   -2.384201
details:           YR_MN       Sherpa.LC    -0.000848   -3.635101
dscore:       Sherpa.LC f4:    -0.000762 Z:    -3.733073

gendstat:                Mbuti           Anatolia_N    -0.856
gendstat:                Mbuti                  Ami    -2.451
gendstat:                Mbuti                 Mixe    -1.718
gendstat:                Mbuti         Ganj_Dareh_N    -0.927
gendstat:                Mbuti                 Onge    -1.941
gendstat:                Mbuti           Villabruna     1.395
gendstat:                Mbuti           DevilsGate    -0.328
gendstat:                Mbuti            Sherpa.LC    -3.733
gendstat:           Anatolia_N                  Ami    -1.809
gendstat:           Anatolia_N                 Mixe    -1.044
gendstat:           Anatolia_N         Ganj_Dareh_N    -0.253
gendstat:           Anatolia_N                 Onge    -1.242
gendstat:           Anatolia_N           Villabruna     2.344
gendstat:           Anatolia_N           DevilsGate     0.336
gendstat:           Anatolia_N            Sherpa.LC    -3.182
gendstat:                  Ami                 Mixe     0.650
gendstat:                  Ami         Ganj_Dareh_N     1.289
gendstat:                  Ami                 Onge     0.485
gendstat:                  Ami           Villabruna     3.090
gendstat:                  Ami           DevilsGate     1.961
gendstat:                  Ami            Sherpa.LC    -1.708
gendstat:                 Mixe         Ganj_Dareh_N     0.696
gendstat:                 Mixe                 Onge    -0.116
gendstat:                 Mixe           Villabruna     2.630
gendstat:                 Mixe           DevilsGate     1.282
gendstat:                 Mixe            Sherpa.LC    -2.014
gendstat:         Ganj_Dareh_N                 Onge    -0.854
gendstat:         Ganj_Dareh_N           Villabruna     2.130
gendstat:         Ganj_Dareh_N           DevilsGate     0.462
gendstat:         Ganj_Dareh_N            Sherpa.LC    -2.451
gendstat:                 Onge           Villabruna     2.770
gendstat:                 Onge           DevilsGate     1.288
gendstat:                 Onge            Sherpa.LC    -1.772
gendstat:           Villabruna           DevilsGate    -1.476
gendstat:           Villabruna            Sherpa.LC    -4.048
gendstat:           DevilsGate            Sherpa.LC    -3.257

## end of run
