/home/cliu7/utils/AdmixTools/bin/qpWave: parameter file: temp/param/qpAdm_Tibetan_Yunnan.Mebrak.Upper_YR_LN.par3r3hcz2k
### THE INPUT PARAMETERS
##PARAMETER NAME: VALUE
DIR: data/intermediate
S1: HO_all_merged.qpAdm
indivname: data/intermediate/HO_all_merged.qpAdm.grouped.ind
snpname: data/intermediate/HO_all_merged.qpAdm.snp
genotypename: data/intermediate/HO_all_merged.qpAdm.geno
popleft: temp/param/left.3r3hcz2k
popright: temp/param/right.3r3hcz2k
details: YES
## qpWave version: 410
packed geno read OK
end of inpack

left pops:
Tibetan_Yunnan
Mebrak
Upper_YR_LN

right pops:
Mbuti
Anatolia_N
Ami
Mixe
Ganj_Dareh_N
Onge
Villabruna
DevilsGate
Sherpa.LC

  0       Tibetan_Yunnan    4
  1               Mebrak    8
  2          Upper_YR_LN    7
  3                Mbuti   10
  4           Anatolia_N   25
  5                  Ami   10
  6                 Mixe   10
  7         Ganj_Dareh_N    7
  8                 Onge   12
  9           Villabruna    1
 10           DevilsGate    4
 11            Sherpa.LC    9
jackknife block size:     0.050
snps: 498990  indivs: 107
number of blocks for block jackknife: 710
dof (jackknife):   583.061
numsnps used: 429166
f4info: 
f4rank: 0 dof:     16 chisq:   250.190 tail:       4.73122148e-44 dofdiff:      0 chisqdiff:     0.000 taildiff:                    1

f4info: 
f4rank: 1 dof:      7 chisq:    33.813 tail:       1.86682889e-05 dofdiff:      9 chisqdiff:   216.377 taildiff:       1.20918394e-41
B:
          scale     1.000 
     Anatolia_N     0.039 
            Ami     1.884 
           Mixe     1.240 
   Ganj_Dareh_N     0.190 
           Onge     0.771 
     Villabruna    -0.243 
     DevilsGate     1.490 
      Sherpa.LC    -0.030 
A:
          scale  1682.613 
         Mebrak    -1.367 
    Upper_YR_LN     0.363 

f4info: 
f4rank: 2 dof:      0 chisq:     0.000 tail:                    1 dofdiff:      7 chisqdiff:    33.813 taildiff:       1.86682889e-05
B:
          scale     1.000     1.000 
     Anatolia_N     0.116    -0.212 
            Ami     1.937    -1.509 
           Mixe     1.230     0.335 
   Ganj_Dareh_N     0.203     0.139 
           Onge     0.802    -0.395 
     Villabruna    -0.215     0.897 
     DevilsGate     1.411     2.137 
      Sherpa.LC     0.017     0.148 
A:
          scale  1704.870  3427.884 
         Mebrak    -1.249     0.664 
    Upper_YR_LN     0.664     1.249 

## end of run
