/home/cliu7/utils/AdmixTools/bin/qpAdm: parameter file: temp/param/qpAdm_Tibetan_Yajiang.Chokhopani.YR_MN.parokp35_rq
### THE INPUT PARAMETERS
##PARAMETER NAME: VALUE
DIR: data/intermediate
S1: HO_all_merged.qpAdm
indivname: data/intermediate/HO_all_merged.qpAdm.grouped.ind
snpname: data/intermediate/HO_all_merged.qpAdm.snp
genotypename: data/intermediate/HO_all_merged.qpAdm.geno
popleft: temp/param/left.okp35_rq
popright: temp/param/right.okp35_rq
details: YES
## qpAdm version: 810
seed: -359124737
packed geno read OK
end of inpack

left pops:
Tibetan_Yajiang
Chokhopani
YR_MN

right pops:
Mbuti
Anatolia_N
Ami
Mixe
Ganj_Dareh_N
Onge
Villabruna
DevilsGate
Sherpa.LC

  0      Tibetan_Yajiang   10
  1           Chokhopani    2
  2                YR_MN    8
  3                Mbuti   10
  4           Anatolia_N   25
  5                  Ami   10
  6                 Mixe   10
  7         Ganj_Dareh_N    7
  8                 Onge   12
  9           Villabruna    1
 10           DevilsGate    4
 11            Sherpa.LC    9
jackknife block size:     0.050
snps: 498990  indivs: 108
number of blocks for block jackknife: 710
## ncols: 498990
coverage:      Tibetan_Yajiang 498036
coverage:           Chokhopani 498917
coverage:                YR_MN 497089
coverage:                Mbuti 498990
coverage:           Anatolia_N 498137
coverage:                  Ami 498990
coverage:                 Mixe 498990
coverage:         Ganj_Dareh_N 457128
coverage:                 Onge 498990
coverage:           Villabruna 415230
coverage:           DevilsGate 498716
coverage:            Sherpa.LC 498990
dof (jackknife):   583.310
numsnps used: 425150
codimension 1
f4info: 
f4rank: 1 dof:      7 chisq:    18.123 tail:           0.01142641 dofdiff:      9 chisqdiff:   -18.123 taildiff:                    1
B:
          scale     1.000 
     Anatolia_N    -0.035 
            Ami     2.112 
           Mixe     0.984 
   Ganj_Dareh_N     0.384 
           Onge    -0.136 
     Villabruna     0.707 
     DevilsGate     1.183 
      Sherpa.LC    -0.709 
A:
          scale  2338.184 
     Chokhopani    -0.931 
          YR_MN     1.064 


full rank
f4info: 
f4rank: 2 dof:      0 chisq:     0.000 tail:                    1 dofdiff:      7 chisqdiff:    18.123 taildiff:           0.01142641
B:
          scale     1.000     1.000 
     Anatolia_N     0.150     1.121 
            Ami     2.041    -0.856 
           Mixe     1.265     1.127 
   Ganj_Dareh_N     0.363     0.259 
           Onge    -0.356    -0.673 
     Villabruna     0.736     0.314 
     DevilsGate     1.145    -0.471 
      Sherpa.LC    -0.321     1.974 
A:
          scale  2190.537  4829.104 
     Chokhopani    -1.264    -0.715 
          YR_MN     0.634    -1.220 


best coefficients:     0.533     0.467 
Jackknife mean:      0.532295197     0.467704803 
      std. errors:     0.059     0.059 

error covariance (* 1000000)
      3491      -3491 
     -3491       3491 


summ: Tibetan_Yajiang    2      0.011426     0.532     0.468  3491 -3491  3491 

    fixed pat  wt  dof     chisq       tail prob
           00  0     7    18.123       0.0114264     0.533     0.467 
           01  1     8    58.670     8.49492e-10     1.000     0.000 
           10  1     8    90.836     3.14541e-16     0.000     1.000 
best pat:           00        0.0114264              -  -
best pat:           01      8.49492e-10  chi(nested):    40.546 p-value for nested model:     1.91993e-10

coeffs:     0.533     0.467 

## dscore:: f_4(Base, Fit, Rbase, right2)
## genstat:: f_4(Base, Fit, right1, right2)

details:      Chokhopani      Anatolia_N    -0.000257   -1.244514
details:           YR_MN      Anatolia_N    -0.000242   -1.306208
dscore:      Anatolia_N f4:    -0.000250 Z:    -1.634002

details:      Chokhopani             Ami    -0.001056   -4.494173
details:           YR_MN             Ami     0.000805    4.121983
dscore:             Ami f4:    -0.000188 Z:    -1.085827

details:      Chokhopani            Mixe    -0.000903   -3.530323
details:           YR_MN            Mixe     0.000079    0.367137
dscore:            Mixe f4:    -0.000445 Z:    -2.363989

details:      Chokhopani    Ganj_Dareh_N    -0.000253   -0.983052
details:           YR_MN    Ganj_Dareh_N     0.000037    0.169976
dscore:    Ganj_Dareh_N f4:    -0.000118 Z:    -0.641396

details:      Chokhopani            Onge     0.000299    1.230426
details:           YR_MN            Onge     0.000064    0.312714
dscore:            Onge f4:     0.000190 Z:     1.074281

details:      Chokhopani      Villabruna    -0.000478   -1.491083
details:           YR_MN      Villabruna     0.000130    0.476564
dscore:      Villabruna f4:    -0.000194 Z:    -0.835417

details:      Chokhopani      DevilsGate    -0.000597   -2.096618
details:           YR_MN      DevilsGate     0.000449    1.826500
dscore:      DevilsGate f4:    -0.000109 Z:    -0.525884

details:      Chokhopani       Sherpa.LC    -0.000113   -0.487406
details:           YR_MN       Sherpa.LC    -0.000594   -2.994524
dscore:       Sherpa.LC f4:    -0.000337 Z:    -1.986722

gendstat:                Mbuti           Anatolia_N    -1.634
gendstat:                Mbuti                  Ami    -1.086
gendstat:                Mbuti                 Mixe    -2.364
gendstat:                Mbuti         Ganj_Dareh_N    -0.641
gendstat:                Mbuti                 Onge     1.074
gendstat:                Mbuti           Villabruna    -0.835
gendstat:                Mbuti           DevilsGate    -0.526
gendstat:                Mbuti            Sherpa.LC    -1.987
gendstat:           Anatolia_N                  Ami     0.393
gendstat:           Anatolia_N                 Mixe    -1.136
gendstat:           Anatolia_N         Ganj_Dareh_N     0.888
gendstat:           Anatolia_N                 Onge     2.761
gendstat:           Anatolia_N           Villabruna     0.284
gendstat:           Anatolia_N           DevilsGate     0.720
gendstat:           Anatolia_N            Sherpa.LC    -0.546
gendstat:                  Ami                 Mixe    -1.598
gendstat:                  Ami         Ganj_Dareh_N     0.363
gendstat:                  Ami                 Onge     2.336
gendstat:                  Ami           Villabruna    -0.026
gendstat:                  Ami           DevilsGate     0.468
gendstat:                  Ami            Sherpa.LC    -1.118
gendstat:                 Mixe         Ganj_Dareh_N     1.627
gendstat:                 Mixe                 Onge     3.499
gendstat:                 Mixe           Villabruna     1.041
gendstat:                 Mixe           DevilsGate     1.758
gendstat:                 Mixe            Sherpa.LC     0.693
gendstat:         Ganj_Dareh_N                 Onge     1.613
gendstat:         Ganj_Dareh_N           Villabruna    -0.320
gendstat:         Ganj_Dareh_N           DevilsGate     0.038
gendstat:         Ganj_Dareh_N            Sherpa.LC    -1.140
gendstat:                 Onge           Villabruna    -1.572
gendstat:                 Onge           DevilsGate    -1.427
gendstat:                 Onge            Sherpa.LC    -3.075
gendstat:           Villabruna           DevilsGate     0.318
gendstat:           Villabruna            Sherpa.LC    -0.616
gendstat:           DevilsGate            Sherpa.LC    -1.313

## end of run
