/home/cliu7/utils/AdmixTools/bin/qpWave: parameter file: temp/param/qpAdm_Tibetan_Xinlong.Lubrak.YR_MN.parmpgiibod
### THE INPUT PARAMETERS
##PARAMETER NAME: VALUE
DIR: data/intermediate
S1: HO_all_merged.qpAdm
indivname: data/intermediate/HO_all_merged.qpAdm.grouped.ind
snpname: data/intermediate/HO_all_merged.qpAdm.snp
genotypename: data/intermediate/HO_all_merged.qpAdm.geno
popleft: temp/param/left.mpgiibod
popright: temp/param/right.mpgiibod
details: YES
## qpWave version: 410
packed geno read OK
end of inpack

left pops:
Tibetan_Xinlong
Lubrak
YR_MN

right pops:
Mbuti
Anatolia_N
Ami
Mixe
Ganj_Dareh_N
Onge
Villabruna
DevilsGate
Sherpa.LC

  0      Tibetan_Xinlong   10
  1               Lubrak    2
  2                YR_MN    8
  3                Mbuti   10
  4           Anatolia_N   25
  5                  Ami   10
  6                 Mixe   10
  7         Ganj_Dareh_N    7
  8                 Onge   12
  9           Villabruna    1
 10           DevilsGate    4
 11            Sherpa.LC    9
jackknife block size:     0.050
snps: 498990  indivs: 108
number of blocks for block jackknife: 710
dof (jackknife):   583.208
numsnps used: 308002
f4info: 
f4rank: 0 dof:     16 chisq:   246.185 tail:       3.13380536e-43 dofdiff:      0 chisqdiff:     0.000 taildiff:                    1

f4info: 
f4rank: 1 dof:      7 chisq:    12.195 tail:         0.0943302276 dofdiff:      9 chisqdiff:   233.990 taildiff:       2.37560398e-45
B:
          scale     1.000 
     Anatolia_N     0.254 
            Ami    -1.914 
           Mixe    -0.785 
   Ganj_Dareh_N     0.378 
           Onge    -0.295 
     Villabruna     0.717 
     DevilsGate    -0.031 
      Sherpa.LC     1.706 
A:
          scale  1698.225 
         Lubrak     1.413 
          YR_MN    -0.056 

f4info: 
f4rank: 2 dof:      0 chisq:     0.000 tail:                    1 dofdiff:      7 chisqdiff:    12.195 taildiff:         0.0943302276
B:
          scale     1.000     1.000 
     Anatolia_N    -0.205     0.871 
            Ami     2.018     1.098 
           Mixe     0.822     0.509 
   Ganj_Dareh_N    -0.429    -0.792 
           Onge     0.334     0.925 
     Villabruna    -0.703    -0.018 
     DevilsGate     0.085    -0.644 
      Sherpa.LC    -1.554     1.970 
A:
          scale  1657.005  6575.723 
         Lubrak    -1.414     0.013 
          YR_MN    -0.013    -1.414 

## end of run
