/home/cliu7/utils/AdmixTools/bin/qpAdm: parameter file: temp/param/qpAdm_Tsum.LC.Rhirhi.YR_MN.pars37z4z17
### THE INPUT PARAMETERS
##PARAMETER NAME: VALUE
DIR: data/intermediate
S1: HO_all_merged.qpAdm
indivname: data/intermediate/HO_all_merged.qpAdm.grouped.ind
snpname: data/intermediate/HO_all_merged.qpAdm.snp
genotypename: data/intermediate/HO_all_merged.qpAdm.geno
popleft: temp/param/left.s37z4z17
popright: temp/param/right.s37z4z17
details: YES
## qpAdm version: 810
seed: -67135718
packed geno read OK
end of inpack

left pops:
Tsum.LC
Rhirhi
YR_MN

right pops:
Mbuti
Anatolia_N
Ami
Mixe
Ganj_Dareh_N
Onge
Villabruna
DevilsGate
Sherpa.LC

  0              Tsum.LC   10
  1               Rhirhi    4
  2                YR_MN    8
  3                Mbuti   10
  4           Anatolia_N   25
  5                  Ami   10
  6                 Mixe   10
  7         Ganj_Dareh_N    7
  8                 Onge   12
  9           Villabruna    1
 10           DevilsGate    4
 11            Sherpa.LC    9
jackknife block size:     0.050
snps: 498990  indivs: 110
number of blocks for block jackknife: 710
## ncols: 498990
coverage:              Tsum.LC 498990
coverage:               Rhirhi 489694
coverage:                YR_MN 497089
coverage:                Mbuti 498990
coverage:           Anatolia_N 498137
coverage:                  Ami 498990
coverage:                 Mixe 498990
coverage:         Ganj_Dareh_N 457128
coverage:                 Onge 498990
coverage:           Villabruna 415230
coverage:           DevilsGate 498716
coverage:            Sherpa.LC 498990
dof (jackknife):   583.284
numsnps used: 427058
codimension 1
f4info: 
f4rank: 1 dof:      7 chisq:    20.836 tail:        0.00402131845 dofdiff:      9 chisqdiff:   -20.836 taildiff:                    1
B:
          scale     1.000 
     Anatolia_N    -0.182 
            Ami     2.144 
           Mixe     0.940 
   Ganj_Dareh_N     0.021 
           Onge     0.305 
     Villabruna    -0.082 
     DevilsGate     1.407 
      Sherpa.LC    -0.638 
A:
          scale  1511.921 
         Rhirhi    -0.065 
          YR_MN     1.413 


full rank
f4info: 
f4rank: 2 dof:      0 chisq:     0.000 tail:                    1 dofdiff:      7 chisqdiff:    20.836 taildiff:        0.00402131845
B:
          scale     1.000     1.000 
     Anatolia_N    -0.222     0.422 
            Ami     2.136     0.739 
           Mixe     0.902     0.750 
   Ganj_Dareh_N     0.029     0.390 
           Onge     0.218     0.974 
     Villabruna    -0.045    -0.987 
     DevilsGate     1.396    -1.090 
      Sherpa.LC    -0.759     1.857 
A:
          scale  1550.113  3835.125 
         Rhirhi    -0.263    -1.388 
          YR_MN     1.390    -0.271 


best coefficients:     0.956     0.044 
Jackknife mean:      0.953342336     0.046657664 
      std. errors:     0.061     0.061 

error covariance (* 1000000)
      3748      -3748 
     -3748       3748 


summ: Tsum.LC    2      0.004021     0.953     0.047  3748 -3748  3748 

    fixed pat  wt  dof     chisq       tail prob
           00  0     7    20.836      0.00402132     0.956     0.044 
           01  1     8    21.318      0.00634902     1.000     0.000 
           10  1     8   277.411               0     0.000     1.000 
best pat:           00       0.00402132              -  -
best pat:           01       0.00634902  chi(nested):     0.482 p-value for nested model:        0.487322

coeffs:     0.956     0.044 

## dscore:: f_4(Base, Fit, Rbase, right2)
## genstat:: f_4(Base, Fit, right1, right2)

details:          Rhirhi      Anatolia_N    -0.000120   -0.638323
details:           YR_MN      Anatolia_N    -0.000229   -1.153655
dscore:      Anatolia_N f4:    -0.000125 Z:    -0.685759

details:          Rhirhi             Ami    -0.000635   -2.744474
details:           YR_MN             Ami     0.001864    8.722921
dscore:             Ami f4:    -0.000524 Z:    -2.337300

details:          Rhirhi            Mixe    -0.000431   -1.710148
details:           YR_MN            Mixe     0.000757    3.359811
dscore:            Mixe f4:    -0.000379 Z:    -1.552931

details:          Rhirhi    Ganj_Dareh_N    -0.000153   -0.616907
details:           YR_MN    Ganj_Dareh_N    -0.000002   -0.007007
dscore:    Ganj_Dareh_N f4:    -0.000147 Z:    -0.610279

details:          Rhirhi            Onge    -0.000396   -1.649380
details:           YR_MN            Onge     0.000126    0.554208
dscore:            Onge f4:    -0.000373 Z:    -1.604193

details:          Rhirhi      Villabruna     0.000360    1.137744
details:           YR_MN      Villabruna     0.000030    0.096818
dscore:      Villabruna f4:     0.000345 Z:     1.125416

details:          Rhirhi      DevilsGate     0.000149    0.521090
details:           YR_MN      DevilsGate     0.001329    4.919388
dscore:      DevilsGate f4:     0.000201 Z:     0.725912

details:          Rhirhi       Sherpa.LC    -0.000550   -2.269717
details:           YR_MN       Sherpa.LC    -0.000812   -3.770193
dscore:       Sherpa.LC f4:    -0.000562 Z:    -2.388280

gendstat:                Mbuti           Anatolia_N    -0.686
gendstat:                Mbuti                  Ami    -2.337
gendstat:                Mbuti                 Mixe    -1.553
gendstat:                Mbuti         Ganj_Dareh_N    -0.610
gendstat:                Mbuti                 Onge    -1.604
gendstat:                Mbuti           Villabruna     1.125
gendstat:                Mbuti           DevilsGate     0.726
gendstat:                Mbuti            Sherpa.LC    -2.388
gendstat:           Anatolia_N                  Ami    -1.894
gendstat:           Anatolia_N                 Mixe    -1.127
gendstat:           Anatolia_N         Ganj_Dareh_N    -0.112
gendstat:           Anatolia_N                 Onge    -1.125
gendstat:           Anatolia_N           Villabruna     1.724
gendstat:           Anatolia_N           DevilsGate     1.218
gendstat:           Anatolia_N            Sherpa.LC    -2.060
gendstat:                  Ami                 Mixe     0.748
gendstat:                  Ami         Ganj_Dareh_N     1.574
gendstat:                  Ami                 Onge     0.653
gendstat:                  Ami           Villabruna     2.733
gendstat:                  Ami           DevilsGate     3.122
gendstat:                  Ami            Sherpa.LC    -0.223
gendstat:                 Mixe         Ganj_Dareh_N     0.923
gendstat:                 Mixe                 Onge     0.022
gendstat:                 Mixe           Villabruna     2.222
gendstat:                 Mixe           DevilsGate     2.382
gendstat:                 Mixe            Sherpa.LC    -0.921
gendstat:         Ganj_Dareh_N                 Onge    -0.882
gendstat:         Ganj_Dareh_N           Villabruna     1.585
gendstat:         Ganj_Dareh_N           DevilsGate     1.224
gendstat:         Ganj_Dareh_N            Sherpa.LC    -1.750
gendstat:                 Onge           Villabruna     2.190
gendstat:                 Onge           DevilsGate     1.986
gendstat:                 Onge            Sherpa.LC    -0.829
gendstat:           Villabruna           DevilsGate    -0.397
gendstat:           Villabruna            Sherpa.LC    -2.889
gendstat:           DevilsGate            Sherpa.LC    -3.234

## end of run
