/home/cliu7/utils/AdmixTools/bin/qpWave: parameter file: temp/param/qpAdm_UpperMustang.LC.Kyang.YR_MN.par16e_7jtr
### THE INPUT PARAMETERS
##PARAMETER NAME: VALUE
DIR: data/intermediate
S1: HO_all_merged.qpAdm
indivname: data/intermediate/HO_all_merged.qpAdm.grouped.ind
snpname: data/intermediate/HO_all_merged.qpAdm.snp
genotypename: data/intermediate/HO_all_merged.qpAdm.geno
popleft: temp/param/left.16e_7jtr
popright: temp/param/right.16e_7jtr
details: YES
## qpWave version: 410
packed geno read OK
end of inpack

left pops:
UpperMustang.LC
Kyang
YR_MN

right pops:
Mbuti
Anatolia_N
Ami
Mixe
Ganj_Dareh_N
Onge
Villabruna
DevilsGate
Sherpa.LC

  0      UpperMustang.LC   11
  1                Kyang    7
  2                YR_MN    8
  3                Mbuti   10
  4           Anatolia_N   25
  5                  Ami   10
  6                 Mixe   10
  7         Ganj_Dareh_N    7
  8                 Onge   12
  9           Villabruna    1
 10           DevilsGate    4
 11            Sherpa.LC    9
jackknife block size:     0.050
snps: 498990  indivs: 114
number of blocks for block jackknife: 710
dof (jackknife):   583.278
numsnps used: 427947
f4info: 
f4rank: 0 dof:     16 chisq:   374.995 tail:       6.25042238e-70 dofdiff:      0 chisqdiff:     0.000 taildiff:                    1

f4info: 
f4rank: 1 dof:      7 chisq:     6.703 tail:          0.460497519 dofdiff:      9 chisqdiff:   368.292 taildiff:       7.89016235e-74
B:
          scale     1.000 
     Anatolia_N    -0.237 
            Ami     2.158 
           Mixe     0.803 
   Ganj_Dareh_N     0.197 
           Onge     0.162 
     Villabruna    -0.138 
     DevilsGate     1.191 
      Sherpa.LC    -1.069 
A:
          scale  1683.171 
          Kyang    -0.281 
          YR_MN     1.386 

f4info: 
f4rank: 2 dof:      0 chisq:     0.000 tail:                    1 dofdiff:      7 chisqdiff:     6.703 taildiff:          0.460497519
B:
          scale     1.000     1.000 
     Anatolia_N    -0.175     0.393 
            Ami     2.115    -0.602 
           Mixe     0.776    -0.548 
   Ganj_Dareh_N     0.230     0.026 
           Onge     0.262     0.951 
     Villabruna     0.003     1.059 
     DevilsGate     1.366     1.934 
      Sherpa.LC    -0.953     1.190 
A:
          scale  1614.689  9084.194 
          Kyang    -0.153     1.406 
          YR_MN     1.406     0.153 

## end of run
