/home/cliu7/utils/AdmixTools/bin/qpAdm: parameter file: temp/param/qpAdm_UpperMustang.LC.Chokhopani.Upper_YR_LN.parqptzod_a
### THE INPUT PARAMETERS
##PARAMETER NAME: VALUE
DIR: data/intermediate
S1: HO_all_merged.qpAdm
indivname: data/intermediate/HO_all_merged.qpAdm.grouped.ind
snpname: data/intermediate/HO_all_merged.qpAdm.snp
genotypename: data/intermediate/HO_all_merged.qpAdm.geno
popleft: temp/param/left.qptzod_a
popright: temp/param/right.qptzod_a
details: YES
## qpAdm version: 810
seed: -1984412566
packed geno read OK
end of inpack

left pops:
UpperMustang.LC
Chokhopani
Upper_YR_LN

right pops:
Mbuti
Anatolia_N
Ami
Mixe
Ganj_Dareh_N
Onge
Villabruna
DevilsGate
Sherpa.LC

  0      UpperMustang.LC   11
  1           Chokhopani    2
  2          Upper_YR_LN    7
  3                Mbuti   10
  4           Anatolia_N   25
  5                  Ami   10
  6                 Mixe   10
  7         Ganj_Dareh_N    7
  8                 Onge   12
  9           Villabruna    1
 10           DevilsGate    4
 11            Sherpa.LC    9
jackknife block size:     0.050
snps: 498990  indivs: 108
number of blocks for block jackknife: 710
## ncols: 498990
coverage:      UpperMustang.LC 498990
coverage:           Chokhopani 498917
coverage:          Upper_YR_LN 496840
coverage:                Mbuti 498990
coverage:           Anatolia_N 498137
coverage:                  Ami 498990
coverage:                 Mixe 498990
coverage:         Ganj_Dareh_N 457128
coverage:                 Onge 498990
coverage:           Villabruna 415230
coverage:           DevilsGate 498716
coverage:            Sherpa.LC 498990
dof (jackknife):   583.163
numsnps used: 429511
codimension 1
f4info: 
f4rank: 1 dof:      7 chisq:    17.729 tail:         0.0132527797 dofdiff:      9 chisqdiff:   -17.729 taildiff:                    1
B:
          scale     1.000 
     Anatolia_N     0.021 
            Ami     1.539 
           Mixe     1.127 
   Ganj_Dareh_N     0.399 
           Onge     0.506 
     Villabruna     0.022 
     DevilsGate     1.985 
      Sherpa.LC     0.078 
A:
          scale  1251.798 
     Chokhopani     0.185 
    Upper_YR_LN     1.402 


full rank
f4info: 
f4rank: 2 dof:      0 chisq:     0.000 tail:                    1 dofdiff:      7 chisqdiff:    17.729 taildiff:         0.0132527797
B:
          scale     1.000     1.000 
     Anatolia_N     0.010     0.518 
            Ami     1.523    -0.022 
           Mixe     1.104     0.875 
   Ganj_Dareh_N     0.422     0.232 
           Onge     0.538    -1.466 
     Villabruna    -0.027     1.809 
     DevilsGate     1.997    -0.672 
      Sherpa.LC     0.076     1.020 
A:
          scale  1286.478  4351.172 
     Chokhopani    -0.027    -1.413 
    Upper_YR_LN     1.414    -0.052 


best coefficients:     1.152    -0.152 
Jackknife mean:      1.141659007    -0.141659007 
      std. errors:     0.114     0.114 

error covariance (* 1000000)
     13051     -13051 
    -13051      13051 


summ: UpperMustang.LC    2      0.013253     1.142    -0.142 13051 -13051 13051 

    fixed pat  wt  dof     chisq       tail prob
           00  0     7    17.729       0.0132528     1.152    -0.152  infeasible
           01  1     8    20.251      0.00942829     1.000     0.000 
           10  1     8   230.968               0     0.000     1.000 
best pat:           00        0.0132528              -  -
best pat:           01       0.00942829  chi(nested):     2.521 p-value for nested model:        0.112317

coeffs:     1.152    -0.152 

## dscore:: f_4(Base, Fit, Rbase, right2)
## genstat:: f_4(Base, Fit, right1, right2)

details:      Chokhopani      Anatolia_N    -0.000177   -0.827276
details:     Upper_YR_LN      Anatolia_N     0.000006    0.035754
dscore:      Anatolia_N f4:    -0.000205 Z:    -0.855242

details:      Chokhopani             Ami    -0.000029   -0.124497
details:     Upper_YR_LN             Ami     0.001677    8.513971
dscore:             Ami f4:    -0.000289 Z:    -1.094950

details:      Chokhopani            Mixe    -0.000312   -1.198401
details:     Upper_YR_LN            Mixe     0.001206    5.861046
dscore:            Mixe f4:    -0.000543 Z:    -1.854118

details:      Chokhopani    Ganj_Dareh_N    -0.000092   -0.353380
details:     Upper_YR_LN    Ganj_Dareh_N     0.000464    2.167751
dscore:    Ganj_Dareh_N f4:    -0.000177 Z:    -0.601138

details:      Chokhopani            Onge     0.000455    1.821938
details:     Upper_YR_LN            Onge     0.000612    2.931685
dscore:            Onge f4:     0.000431 Z:     1.540463

details:      Chokhopani      Villabruna    -0.000606   -1.874948
details:     Upper_YR_LN      Villabruna    -0.000051   -0.182339
dscore:      Villabruna f4:    -0.000691 Z:    -1.892767

details:      Chokhopani      DevilsGate     0.000172    0.591867
details:     Upper_YR_LN      DevilsGate     0.002208    9.079919
dscore:      DevilsGate f4:    -0.000138 Z:    -0.424062

details:      Chokhopani       Sherpa.LC    -0.000336   -1.431619
details:     Upper_YR_LN       Sherpa.LC     0.000076    0.392450
dscore:       Sherpa.LC f4:    -0.000398 Z:    -1.514461

gendstat:                Mbuti           Anatolia_N    -0.855
gendstat:                Mbuti                  Ami    -1.095
gendstat:                Mbuti                 Mixe    -1.854
gendstat:                Mbuti         Ganj_Dareh_N    -0.601
gendstat:                Mbuti                 Onge     1.540
gendstat:                Mbuti           Villabruna    -1.893
gendstat:                Mbuti           DevilsGate    -0.424
gendstat:                Mbuti            Sherpa.LC    -1.514
gendstat:           Anatolia_N                  Ami    -0.339
gendstat:           Anatolia_N                 Mixe    -1.238
gendstat:           Anatolia_N         Ganj_Dareh_N     0.123
gendstat:           Anatolia_N                 Onge     2.467
gendstat:           Anatolia_N           Villabruna    -1.546
gendstat:           Anatolia_N           DevilsGate     0.217
gendstat:           Anatolia_N            Sherpa.LC    -0.753
gendstat:                  Ami                 Mixe    -1.041
gendstat:                  Ami         Ganj_Dareh_N     0.371
gendstat:                  Ami                 Onge     2.789
gendstat:                  Ami           Villabruna    -1.060
gendstat:                  Ami           DevilsGate     0.574
gendstat:                  Ami            Sherpa.LC    -0.535
gendstat:                 Mixe         Ganj_Dareh_N     1.120
gendstat:                 Mixe                 Onge     3.406
gendstat:                 Mixe           Villabruna    -0.382
gendstat:                 Mixe           DevilsGate     1.343
gendstat:                 Mixe            Sherpa.LC     0.592
gendstat:         Ganj_Dareh_N                 Onge     2.045
gendstat:         Ganj_Dareh_N           Villabruna    -1.360
gendstat:         Ganj_Dareh_N           DevilsGate     0.107
gendstat:         Ganj_Dareh_N            Sherpa.LC    -0.710
gendstat:                 Onge           Villabruna    -2.918
gendstat:                 Onge           DevilsGate    -1.730
gendstat:                 Onge            Sherpa.LC    -3.090
gendstat:           Villabruna           DevilsGate     1.305
gendstat:           Villabruna            Sherpa.LC     0.768
gendstat:           DevilsGate            Sherpa.LC    -0.977

## end of run
