/home/cliu7/utils/AdmixTools/bin/qpWave: parameter file: temp/param/qpAdm_UpperMustang.LC.Chokhopani.YR_MN.parmz1nx2vd
### THE INPUT PARAMETERS
##PARAMETER NAME: VALUE
DIR: data/intermediate
S1: HO_all_merged.qpAdm
indivname: data/intermediate/HO_all_merged.qpAdm.grouped.ind
snpname: data/intermediate/HO_all_merged.qpAdm.snp
genotypename: data/intermediate/HO_all_merged.qpAdm.geno
popleft: temp/param/left.mz1nx2vd
popright: temp/param/right.mz1nx2vd
details: YES
## qpWave version: 410
packed geno read OK
end of inpack

left pops:
UpperMustang.LC
Chokhopani
YR_MN

right pops:
Mbuti
Anatolia_N
Ami
Mixe
Ganj_Dareh_N
Onge
Villabruna
DevilsGate
Sherpa.LC

  0      UpperMustang.LC   11
  1           Chokhopani    2
  2                YR_MN    8
  3                Mbuti   10
  4           Anatolia_N   25
  5                  Ami   10
  6                 Mixe   10
  7         Ganj_Dareh_N    7
  8                 Onge   12
  9           Villabruna    1
 10           DevilsGate    4
 11            Sherpa.LC    9
jackknife block size:     0.050
snps: 498990  indivs: 109
number of blocks for block jackknife: 710
dof (jackknife):   583.241
numsnps used: 430352
f4info: 
f4rank: 0 dof:     16 chisq:   333.785 tail:       2.46974648e-61 dofdiff:      0 chisqdiff:     0.000 taildiff:                    1

f4info: 
f4rank: 1 dof:      7 chisq:    18.532 tail:        0.00978851995 dofdiff:      9 chisqdiff:   315.253 taildiff:       1.51134694e-62
B:
          scale     1.000 
     Anatolia_N    -0.121 
            Ami     2.107 
           Mixe     0.800 
   Ganj_Dareh_N     0.264 
           Onge     0.194 
     Villabruna     0.151 
     DevilsGate     1.404 
      Sherpa.LC    -0.898 
A:
          scale  1600.804 
     Chokhopani     0.136 
          YR_MN     1.408 

f4info: 
f4rank: 2 dof:      0 chisq:     0.000 tail:                    1 dofdiff:      7 chisqdiff:    18.532 taildiff:        0.00978851995
B:
          scale     1.000     1.000 
     Anatolia_N    -0.177     0.453 
            Ami     2.091     0.457 
           Mixe     0.738     1.081 
   Ganj_Dareh_N     0.225     0.267 
           Onge     0.317    -1.450 
     Villabruna    -0.029     1.863 
     DevilsGate     1.412    -0.309 
      Sherpa.LC    -0.951     0.823 
A:
          scale  1628.569  4427.542 
     Chokhopani     0.101    -1.411 
          YR_MN     1.411     0.101 

## end of run
