/home/cliu7/utils/AdmixTools/bin/qpAdm: parameter file: temp/param/qpAdm_UpperMustang.LC.Samdzong.Upper_YR_LN.parmnh9dng9
### THE INPUT PARAMETERS
##PARAMETER NAME: VALUE
DIR: data/intermediate
S1: HO_all_merged.qpAdm
indivname: data/intermediate/HO_all_merged.qpAdm.grouped.ind
snpname: data/intermediate/HO_all_merged.qpAdm.snp
genotypename: data/intermediate/HO_all_merged.qpAdm.geno
popleft: temp/param/left.mnh9dng9
popright: temp/param/right.mnh9dng9
details: YES
## qpAdm version: 810
seed: -461110296
packed geno read OK
end of inpack

left pops:
UpperMustang.LC
Samdzong
Upper_YR_LN

right pops:
Mbuti
Anatolia_N
Ami
Mixe
Ganj_Dareh_N
Onge
Villabruna
DevilsGate
Sherpa.LC

  0      UpperMustang.LC   11
  1             Samdzong    9
  2          Upper_YR_LN    7
  3                Mbuti   10
  4           Anatolia_N   25
  5                  Ami   10
  6                 Mixe   10
  7         Ganj_Dareh_N    7
  8                 Onge   12
  9           Villabruna    1
 10           DevilsGate    4
 11            Sherpa.LC    9
jackknife block size:     0.050
snps: 498990  indivs: 115
number of blocks for block jackknife: 710
## ncols: 498990
coverage:      UpperMustang.LC 498990
coverage:             Samdzong 498985
coverage:          Upper_YR_LN 496840
coverage:                Mbuti 498990
coverage:           Anatolia_N 498137
coverage:                  Ami 498990
coverage:                 Mixe 498990
coverage:         Ganj_Dareh_N 457128
coverage:                 Onge 498990
coverage:           Villabruna 415230
coverage:           DevilsGate 498716
coverage:            Sherpa.LC 498990
dof (jackknife):   583.193
numsnps used: 427165
codimension 1
f4info: 
f4rank: 1 dof:      7 chisq:     6.141 tail:          0.523351742 dofdiff:      9 chisqdiff:    -6.141 taildiff:                    1
B:
          scale     1.000 
     Anatolia_N    -0.062 
            Ami     1.581 
           Mixe     1.113 
   Ganj_Dareh_N     0.356 
           Onge     0.539 
     Villabruna     0.027 
     DevilsGate     1.959 
      Sherpa.LC     0.055 
A:
          scale  1298.130 
       Samdzong    -0.197 
    Upper_YR_LN     1.400 


full rank
f4info: 
f4rank: 2 dof:      0 chisq:     0.000 tail:                    1 dofdiff:      7 chisqdiff:     6.141 taildiff:          0.523351742
B:
          scale     1.000     1.000 
     Anatolia_N    -0.039    -1.445 
            Ami     1.555     1.492 
           Mixe     1.116     1.044 
   Ganj_Dareh_N     0.395    -0.696 
           Onge     0.552     0.040 
     Villabruna    -0.006     1.233 
     DevilsGate     1.967    -0.733 
      Sherpa.LC     0.059    -0.229 
A:
          scale  1265.646 12424.283 
       Samdzong    -0.096    -1.349 
    Upper_YR_LN     1.411    -0.425 


best coefficients:     0.877     0.123 
Jackknife mean:      0.875420923     0.124579077 
      std. errors:     0.049     0.049 

error covariance (* 1000000)
      2426      -2426 
     -2426       2426 


summ: UpperMustang.LC    2      0.523352     0.875     0.125  2426 -2426  2426 

    fixed pat  wt  dof     chisq       tail prob
           00  0     7     6.141        0.523352     0.877     0.123 
           01  1     8    11.808        0.159995     1.000     0.000 
           10  1     8   232.060               0     0.000     1.000 
best pat:           00         0.523352              -  -
best pat:           01         0.159995  chi(nested):     5.666 p-value for nested model:       0.0172934

coeffs:     0.877     0.123 

## dscore:: f_4(Base, Fit, Rbase, right2)
## genstat:: f_4(Base, Fit, right1, right2)

details:        Samdzong      Anatolia_N     0.000153    1.027050
details:     Upper_YR_LN      Anatolia_N     0.000007    0.038553
dscore:      Anatolia_N f4:     0.000135 Z:     0.974618

details:        Samdzong             Ami    -0.000285   -1.725393
details:     Upper_YR_LN             Ami     0.001686    8.517035
dscore:             Ami f4:    -0.000042 Z:    -0.271428

details:        Samdzong            Mixe    -0.000207   -1.188776
details:     Upper_YR_LN            Mixe     0.001212    5.861666
dscore:            Mixe f4:    -0.000032 Z:    -0.200375

details:        Samdzong    Ganj_Dareh_N     0.000042    0.245019
details:     Upper_YR_LN    Ganj_Dareh_N     0.000469    2.178878
dscore:    Ganj_Dareh_N f4:     0.000095 Z:     0.587805

details:        Samdzong            Onge    -0.000052   -0.299606
details:     Upper_YR_LN            Onge     0.000616    2.935402
dscore:            Onge f4:     0.000030 Z:     0.183884

details:        Samdzong      Villabruna    -0.000149   -0.638993
details:     Upper_YR_LN      Villabruna    -0.000052   -0.183265
dscore:      Villabruna f4:    -0.000137 Z:    -0.629868

details:        Samdzong      DevilsGate    -0.000078   -0.394863
details:     Upper_YR_LN      DevilsGate     0.002220    9.089222
dscore:      DevilsGate f4:     0.000205 Z:     1.107857

details:        Samdzong       Sherpa.LC     0.000012    0.071438
details:     Upper_YR_LN       Sherpa.LC     0.000076    0.393524
dscore:       Sherpa.LC f4:     0.000020 Z:     0.128712

gendstat:                Mbuti           Anatolia_N     0.975
gendstat:                Mbuti                  Ami    -0.271
gendstat:                Mbuti                 Mixe    -0.200
gendstat:                Mbuti         Ganj_Dareh_N     0.588
gendstat:                Mbuti                 Onge     0.184
gendstat:                Mbuti           Villabruna    -0.630
gendstat:                Mbuti           DevilsGate     1.108
gendstat:                Mbuti            Sherpa.LC     0.129
gendstat:           Anatolia_N                  Ami    -1.189
gendstat:           Anatolia_N                 Mixe    -1.016
gendstat:           Anatolia_N         Ganj_Dareh_N    -0.300
gendstat:           Anatolia_N                 Onge    -0.695
gendstat:           Anatolia_N           Villabruna    -1.458
gendstat:           Anatolia_N           DevilsGate     0.391
gendstat:           Anatolia_N            Sherpa.LC    -0.790
gendstat:                  Ami                 Mixe     0.065
gendstat:                  Ami         Ganj_Dareh_N     0.807
gendstat:                  Ami                 Onge     0.483
gendstat:                  Ami           Villabruna    -0.423
gendstat:                  Ami           DevilsGate     1.663
gendstat:                  Ami            Sherpa.LC     0.523
gendstat:                 Mixe         Ganj_Dareh_N     0.709
gendstat:                 Mixe                 Onge     0.367
gendstat:                 Mixe           Villabruna    -0.462
gendstat:                 Mixe           DevilsGate     1.425
gendstat:                 Mixe            Sherpa.LC     0.353
gendstat:         Ganj_Dareh_N                 Onge    -0.366
gendstat:         Ganj_Dareh_N           Villabruna    -1.097
gendstat:         Ganj_Dareh_N           DevilsGate     0.536
gendstat:         Ganj_Dareh_N            Sherpa.LC    -0.428
gendstat:                 Onge           Villabruna    -0.754
gendstat:                 Onge           DevilsGate     0.969
gendstat:                 Onge            Sherpa.LC    -0.071
gendstat:           Villabruna           DevilsGate     1.392
gendstat:           Villabruna            Sherpa.LC     0.709
gendstat:           DevilsGate            Sherpa.LC    -1.206

## end of run
