/home/cliu7/utils/AdmixTools/bin/qpWave: parameter file: temp/param/qpAdm_Bumthang.YR_MN.Han.parcmkkqof2
### THE INPUT PARAMETERS
##PARAMETER NAME: VALUE
DIR: data/intermediate
S1: illumina_all_merged.qpAdm
indivname: data/intermediate/illumina_all_merged.qpAdm.grouped2.ind
snpname: data/intermediate/illumina_all_merged.qpAdm.snp
genotypename: data/intermediate/illumina_all_merged.qpAdm.geno
popleft: temp/param/left.cmkkqof2
popright: temp/param/right.cmkkqof2
details: YES
## qpWave version: 410
packed geno read OK
end of inpack

left pops:
Bumthang
YR_MN
Han

right pops:
Mbuti
Anatolia_N
Ami.DG
Mixe.DG
Ganj_Dareh_N
Onge.DG
Villabruna
DevilsGate
aACA

  0             Bumthang   19
  1                YR_MN    8
  2                  Han   44
  3                Mbuti   13
  4           Anatolia_N   25
  5               Ami.DG    2
  6              Mixe.DG    3
  7         Ganj_Dareh_N    7
  8              Onge.DG    2
  9           Villabruna    1
 10           DevilsGate    4
 11                 aACA   32
jackknife block size:     0.050
snps: 234294  indivs: 160
number of blocks for block jackknife: 548
dof (jackknife):   469.040
numsnps used: 88291
f4info: 
f4rank: 0 dof:     16 chisq:  1605.905 tail:                    0 dofdiff:      0 chisqdiff:     0.000 taildiff:                    1

f4info: 
f4rank: 1 dof:      7 chisq:     7.362 tail:          0.392200382 dofdiff:      9 chisqdiff:  1598.543 taildiff:                    0
B:
          scale     1.000 
     Anatolia_N    -0.106 
         Ami.DG     2.438 
        Mixe.DG     0.676 
   Ganj_Dareh_N    -0.061 
        Onge.DG     0.298 
     Villabruna    -0.296 
     DevilsGate     0.893 
           aACA    -0.782 
A:
          scale   669.327 
          YR_MN     0.800 
            Han     1.166 

f4info: 
f4rank: 2 dof:      0 chisq:     0.000 tail:                    1 dofdiff:      7 chisqdiff:     7.362 taildiff:          0.392200382
B:
          scale     1.000     1.000 
     Anatolia_N    -0.202     1.041 
         Ami.DG     2.346     1.088 
        Mixe.DG     0.714    -0.351 
   Ganj_Dareh_N    -0.145     1.083 
        Onge.DG     0.367    -0.479 
     Villabruna    -0.443     1.824 
     DevilsGate     1.002    -0.938 
           aACA    -0.768     0.013 
A:
          scale   660.656  4958.408 
          YR_MN     0.828    -1.147 
            Han     1.147     0.828 

## end of run
