/home/cliu7/utils/AdmixTools/bin/qpAdm: parameter file: temp/param/qpAdm_Chali.YR_MN.Han.parsk1tyryy
### THE INPUT PARAMETERS
##PARAMETER NAME: VALUE
DIR: data/intermediate
S1: illumina_all_merged.qpAdm
indivname: data/intermediate/illumina_all_merged.qpAdm.grouped2.ind
snpname: data/intermediate/illumina_all_merged.qpAdm.snp
genotypename: data/intermediate/illumina_all_merged.qpAdm.geno
popleft: temp/param/left.sk1tyryy
popright: temp/param/right.sk1tyryy
details: YES
## qpAdm version: 810
seed: -1784017626
packed geno read OK
end of inpack

left pops:
Chali
YR_MN
Han

right pops:
Mbuti
Anatolia_N
Ami.DG
Mixe.DG
Ganj_Dareh_N
Onge.DG
Villabruna
DevilsGate
aACA

  0                Chali   19
  1                YR_MN    8
  2                  Han   44
  3                Mbuti   13
  4           Anatolia_N   25
  5               Ami.DG    2
  6              Mixe.DG    3
  7         Ganj_Dareh_N    7
  8              Onge.DG    2
  9           Villabruna    1
 10           DevilsGate    4
 11                 aACA   32
jackknife block size:     0.050
snps: 234294  indivs: 160
number of blocks for block jackknife: 548
## ncols: 234294
coverage:                Chali 234294
coverage:                YR_MN 232597
coverage:                  Han 234294
coverage:                Mbuti 234294
coverage:           Anatolia_N 117047
coverage:               Ami.DG 228808
coverage:              Mixe.DG 228825
coverage:         Ganj_Dareh_N 104920
coverage:              Onge.DG 228703
coverage:           Villabruna  86810
coverage:           DevilsGate 117364
coverage:                 aACA 120350
dof (jackknife):   469.723
numsnps used: 88886
codimension 1
f4info: 
f4rank: 1 dof:      7 chisq:     7.844 tail:          0.346526933 dofdiff:      9 chisqdiff:    -7.844 taildiff:                    1
B:
          scale     1.000 
     Anatolia_N    -0.082 
         Ami.DG     2.428 
        Mixe.DG     0.548 
   Ganj_Dareh_N    -0.115 
        Onge.DG     0.152 
     Villabruna    -0.195 
     DevilsGate     1.163 
           aACA    -0.608 
A:
          scale   734.724 
          YR_MN     0.767 
            Han     1.188 


full rank
f4info: 
f4rank: 2 dof:      0 chisq:     0.000 tail:                    1 dofdiff:      7 chisqdiff:     7.844 taildiff:          0.346526933
B:
          scale     1.000     1.000 
     Anatolia_N    -0.107     0.742 
         Ami.DG     2.405     2.061 
        Mixe.DG     0.549    -0.018 
   Ganj_Dareh_N    -0.146     0.842 
        Onge.DG     0.181    -0.292 
     Villabruna    -0.233     1.221 
     DevilsGate     1.201    -0.701 
           aACA    -0.592    -0.652 
A:
          scale   686.381  3957.640 
          YR_MN     0.900    -1.400 
            Han     1.091     0.197 


best coefficients:     2.817    -1.817 
Jackknife mean:      2.747464449    -1.747464449 
      std. errors:     0.442     0.442 

error covariance (* 1000000)
    195558    -195558 
   -195558     195558 


summ: Chali    2      0.346527     2.747    -1.747 195558 -195558 195558 

    fixed pat  wt  dof     chisq       tail prob
           00  0     7     7.844        0.346527     2.817    -1.817  infeasible
           01  1     8   118.895     5.60531e-22     1.000     0.000 
           10  1     8   972.193               0     0.000     1.000 
best pat:           00         0.346527              -  -
best pat:           01      5.60531e-22  chi(nested):   111.051 p-value for nested model:     5.76722e-26

coeffs:     2.817    -1.817 

## dscore:: f_4(Base, Fit, Rbase, right2)
## genstat:: f_4(Base, Fit, right1, right2)

details:           YR_MN      Anatolia_N    -0.000445   -1.316324
details:             Han      Anatolia_N    -0.000131   -0.814783
dscore:      Anatolia_N f4:    -0.001017 Z:    -1.137783

details:           YR_MN          Ami.DG     0.002380    5.711731
details:             Han          Ami.DG     0.003936   17.978718
dscore:          Ami.DG f4:    -0.000447 Z:    -0.407864

details:           YR_MN         Mixe.DG     0.000674    1.532886
details:             Han         Mixe.DG     0.000878    3.983811
dscore:         Mixe.DG f4:     0.000304 Z:     0.265845

details:           YR_MN    Ganj_Dareh_N    -0.000547   -1.228314
details:             Han    Ganj_Dareh_N    -0.000188   -0.951601
dscore:    Ganj_Dareh_N f4:    -0.001199 Z:    -1.020178

details:           YR_MN         Onge.DG     0.000297    0.714424
details:             Han         Onge.DG     0.000283    1.336282
dscore:         Onge.DG f4:     0.000321 Z:     0.292037

details:           YR_MN      Villabruna    -0.000811   -1.549747
details:             Han      Villabruna    -0.000303   -1.182972
dscore:      Villabruna f4:    -0.001735 Z:    -1.231481

details:           YR_MN      DevilsGate     0.001774    3.767077
details:             Han      DevilsGate     0.001884    7.997741
dscore:      DevilsGate f4:     0.001574 Z:     1.287450

details:           YR_MN            aACA    -0.000604   -1.697257
details:             Han            aACA    -0.000967   -5.494223
dscore:            aACA f4:     0.000057 Z:     0.060097

gendstat:                Mbuti           Anatolia_N    -1.138
gendstat:                Mbuti               Ami.DG    -0.408
gendstat:                Mbuti              Mixe.DG     0.266
gendstat:                Mbuti         Ganj_Dareh_N    -1.020
gendstat:                Mbuti              Onge.DG     0.292
gendstat:                Mbuti           Villabruna    -1.231
gendstat:                Mbuti           DevilsGate     1.287
gendstat:                Mbuti                 aACA     0.060
gendstat:           Anatolia_N               Ami.DG     0.560
gendstat:           Anatolia_N              Mixe.DG     1.293
gendstat:           Anatolia_N         Ganj_Dareh_N    -0.186
gendstat:           Anatolia_N              Onge.DG     1.289
gendstat:           Anatolia_N           Villabruna    -0.568
gendstat:           Anatolia_N           DevilsGate     2.244
gendstat:           Anatolia_N                 aACA     1.348
gendstat:               Ami.DG              Mixe.DG     0.678
gendstat:               Ami.DG         Ganj_Dareh_N    -0.587
gendstat:               Ami.DG              Onge.DG     0.700
gendstat:               Ami.DG           Villabruna    -0.867
gendstat:               Ami.DG           DevilsGate     1.819
gendstat:               Ami.DG                 aACA     0.616
gendstat:              Mixe.DG         Ganj_Dareh_N    -1.155
gendstat:              Mixe.DG              Onge.DG     0.015
gendstat:              Mixe.DG           Villabruna    -1.396
gendstat:              Mixe.DG           DevilsGate     1.055
gendstat:              Mixe.DG                 aACA    -0.282
gendstat:         Ganj_Dareh_N              Onge.DG     1.170
gendstat:         Ganj_Dareh_N           Villabruna    -0.355
gendstat:         Ganj_Dareh_N           DevilsGate     1.957
gendstat:         Ganj_Dareh_N                 aACA     1.124
gendstat:              Onge.DG           Villabruna    -1.359
gendstat:              Onge.DG           DevilsGate     0.994
gendstat:              Onge.DG                 aACA    -0.283
gendstat:           Villabruna           DevilsGate     2.117
gendstat:           Villabruna                 aACA     1.347
gendstat:           DevilsGate                 aACA    -1.558

## end of run
