/home/cliu7/utils/AdmixTools/bin/qpWave: parameter file: temp/param/qpAdm_Dakpa.Upper_YR_LN.Dai.parqgsq9195
### THE INPUT PARAMETERS
##PARAMETER NAME: VALUE
DIR: data/intermediate
S1: illumina_all_merged.qpAdm
indivname: data/intermediate/illumina_all_merged.qpAdm.grouped2.ind
snpname: data/intermediate/illumina_all_merged.qpAdm.snp
genotypename: data/intermediate/illumina_all_merged.qpAdm.geno
popleft: temp/param/left.qgsq9195
popright: temp/param/right.qgsq9195
details: YES
## qpWave version: 410
packed geno read OK
end of inpack

left pops:
Dakpa
Upper_YR_LN
Dai

right pops:
Mbuti
Anatolia_N
Ami.DG
Mixe.DG
Ganj_Dareh_N
Onge.DG
Villabruna
DevilsGate
aACA

  0                Dakpa    2
  1          Upper_YR_LN    7
  2                  Dai   10
  3                Mbuti   13
  4           Anatolia_N   25
  5               Ami.DG    2
  6              Mixe.DG    3
  7         Ganj_Dareh_N    7
  8              Onge.DG    2
  9           Villabruna    1
 10           DevilsGate    4
 11                 aACA   32
jackknife block size:     0.050
snps: 234294  indivs: 108
number of blocks for block jackknife: 548
dof (jackknife):   472.236
numsnps used: 99172
f4info: 
f4rank: 0 dof:     16 chisq:   847.469 tail:      4.66469175e-170 dofdiff:      0 chisqdiff:     0.000 taildiff:                    1

f4info: 
f4rank: 1 dof:      7 chisq:    41.737 tail:       5.84319384e-07 dofdiff:      9 chisqdiff:   805.732 taildiff:      1.24056463e-167
B:
          scale     1.000 
     Anatolia_N     0.360 
         Ami.DG    -2.213 
        Mixe.DG     0.240 
   Ganj_Dareh_N     0.287 
        Onge.DG    -0.244 
     Villabruna     0.183 
     DevilsGate     0.592 
           aACA     1.545 
A:
          scale   784.979 
    Upper_YR_LN    -0.289 
            Dai    -1.384 

f4info: 
f4rank: 2 dof:      0 chisq:     0.000 tail:                    1 dofdiff:      7 chisqdiff:    41.737 taildiff:       5.84319384e-07
B:
          scale     1.000     1.000 
     Anatolia_N    -0.406    -0.018 
         Ami.DG     2.406    -0.159 
        Mixe.DG     0.287     1.112 
   Ganj_Dareh_N    -0.478    -0.434 
        Onge.DG     0.392     0.294 
     Villabruna    -0.552    -0.718 
     DevilsGate     0.347     2.074 
           aACA    -1.077     1.283 
A:
          scale   749.494  1601.457 
    Upper_YR_LN     0.535     1.309 
            Dai     1.309    -0.535 

## end of run
