/home/cliu7/utils/AdmixTools/bin/qpAdm: parameter file: temp/param/qpAdm_Dakpa.YR_MN.Han.parcro6107b
### THE INPUT PARAMETERS
##PARAMETER NAME: VALUE
DIR: data/intermediate
S1: illumina_all_merged.qpAdm
indivname: data/intermediate/illumina_all_merged.qpAdm.grouped2.ind
snpname: data/intermediate/illumina_all_merged.qpAdm.snp
genotypename: data/intermediate/illumina_all_merged.qpAdm.geno
popleft: temp/param/left.cro6107b
popright: temp/param/right.cro6107b
details: YES
## qpAdm version: 810
seed: -410677126
packed geno read OK
end of inpack

left pops:
Dakpa
YR_MN
Han

right pops:
Mbuti
Anatolia_N
Ami.DG
Mixe.DG
Ganj_Dareh_N
Onge.DG
Villabruna
DevilsGate
aACA

  0                Dakpa    2
  1                YR_MN    8
  2                  Han   44
  3                Mbuti   13
  4           Anatolia_N   25
  5               Ami.DG    2
  6              Mixe.DG    3
  7         Ganj_Dareh_N    7
  8              Onge.DG    2
  9           Villabruna    1
 10           DevilsGate    4
 11                 aACA   32
jackknife block size:     0.050
snps: 234294  indivs: 143
number of blocks for block jackknife: 548
## ncols: 234294
coverage:                Dakpa 234285
coverage:                YR_MN 232597
coverage:                  Han 234294
coverage:                Mbuti 234294
coverage:           Anatolia_N 117047
coverage:               Ami.DG 228808
coverage:              Mixe.DG 228825
coverage:         Ganj_Dareh_N 104920
coverage:              Onge.DG 228703
coverage:           Villabruna  86810
coverage:           DevilsGate 117364
coverage:                 aACA 120350
dof (jackknife):   470.399
numsnps used: 90459
codimension 1
f4info: 
f4rank: 1 dof:      7 chisq:     9.724 tail:           0.20473604 dofdiff:      9 chisqdiff:    -9.724 taildiff:                    1
B:
          scale     1.000 
     Anatolia_N    -0.156 
         Ami.DG     2.444 
        Mixe.DG     0.832 
   Ganj_Dareh_N    -0.261 
        Onge.DG     0.476 
     Villabruna    -0.195 
     DevilsGate     0.879 
           aACA    -0.452 
A:
          scale   635.151 
          YR_MN     0.800 
            Han     1.166 


full rank
f4info: 
f4rank: 2 dof:      0 chisq:     0.000 tail:                    1 dofdiff:      7 chisqdiff:     9.724 taildiff:           0.20473604
B:
          scale     1.000     1.000 
     Anatolia_N    -0.238     0.912 
         Ami.DG     2.361     1.695 
        Mixe.DG     0.880    -0.323 
   Ganj_Dareh_N    -0.330     1.080 
        Onge.DG     0.532    -0.546 
     Villabruna    -0.328     1.407 
     DevilsGate     0.967    -0.617 
           aACA    -0.400    -0.605 
A:
          scale   601.917  4191.142 
          YR_MN     0.891    -1.374 
            Han     1.098     0.333 


best coefficients:     3.183    -2.183 
Jackknife mean:      3.100993191    -2.100993191 
      std. errors:     0.526     0.526 

error covariance (* 1000000)
    276616    -276616 
   -276616     276616 


summ: Dakpa    2      0.204736     3.101    -2.101 276616 -276616 276616 

    fixed pat  wt  dof     chisq       tail prob
           00  0     7     9.724        0.204736     3.183    -2.183  infeasible
           01  1     8   119.123     5.03064e-22     1.000     0.000 
           10  1     8   429.746               0     0.000     1.000 
best pat:           00         0.204736              -  -
best pat:           01      5.03064e-22  chi(nested):   109.398 p-value for nested model:     1.32743e-25

coeffs:     3.183    -2.183 

## dscore:: f_4(Base, Fit, Rbase, right2)
## genstat:: f_4(Base, Fit, right1, right2)

details:           YR_MN      Anatolia_N    -0.000667   -1.698828
details:             Han      Anatolia_N    -0.000359   -1.327303
dscore:      Anatolia_N f4:    -0.001339 Z:    -1.325130

details:           YR_MN          Ami.DG     0.002927    6.210536
details:             Han          Ami.DG     0.004453   12.864054
dscore:          Ami.DG f4:    -0.000405 Z:    -0.330877

details:           YR_MN         Mixe.DG     0.001389    2.673466
details:             Han         Mixe.DG     0.001586    4.391004
dscore:         Mixe.DG f4:     0.000959 Z:     0.736762

details:           YR_MN    Ganj_Dareh_N    -0.000862   -1.725525
details:             Han    Ganj_Dareh_N    -0.000510   -1.486857
dscore:    Ganj_Dareh_N f4:    -0.001631 Z:    -1.245073

details:           YR_MN         Onge.DG     0.000951    1.863048
details:             Han         Onge.DG     0.000935    2.483391
dscore:         Onge.DG f4:     0.000985 Z:     0.783440

details:           YR_MN      Villabruna    -0.000983   -1.563348
details:             Han      Villabruna    -0.000486   -1.094475
dscore:      Villabruna f4:    -0.002069 Z:    -1.288776

details:           YR_MN      DevilsGate     0.001621    2.943879
details:             Han      DevilsGate     0.001726    4.334042
dscore:      DevilsGate f4:     0.001390 Z:     1.009798

details:           YR_MN            aACA    -0.000413   -0.980816
details:             Han            aACA    -0.000771   -2.574601
dscore:            aACA f4:     0.000368 Z:     0.344084

gendstat:                Mbuti           Anatolia_N    -1.325
gendstat:                Mbuti               Ami.DG    -0.331
gendstat:                Mbuti              Mixe.DG     0.737
gendstat:                Mbuti         Ganj_Dareh_N    -1.245
gendstat:                Mbuti              Onge.DG     0.783
gendstat:                Mbuti           Villabruna    -1.289
gendstat:                Mbuti           DevilsGate     1.010
gendstat:                Mbuti                 aACA     0.344
gendstat:           Anatolia_N               Ami.DG     0.803
gendstat:           Anatolia_N              Mixe.DG     1.951
gendstat:           Anatolia_N         Ganj_Dareh_N    -0.261
gendstat:           Anatolia_N              Onge.DG     1.924
gendstat:           Anatolia_N           Villabruna    -0.514
gendstat:           Anatolia_N           DevilsGate     2.082
gendstat:           Anatolia_N                 aACA     1.825
gendstat:               Ami.DG              Mixe.DG     1.081
gendstat:               Ami.DG         Ganj_Dareh_N    -0.848
gendstat:               Ami.DG              Onge.DG     1.110
gendstat:               Ami.DG           Villabruna    -0.980
gendstat:               Ami.DG           DevilsGate     1.398
gendstat:               Ami.DG                 aACA     0.831
gendstat:              Mixe.DG         Ganj_Dareh_N    -1.762
gendstat:              Mixe.DG              Onge.DG     0.019
gendstat:              Mixe.DG           Villabruna    -1.805
gendstat:              Mixe.DG           DevilsGate     0.319
gendstat:              Mixe.DG                 aACA    -0.586
gendstat:         Ganj_Dareh_N              Onge.DG     1.761
gendstat:         Ganj_Dareh_N           Villabruna    -0.254
gendstat:         Ganj_Dareh_N           DevilsGate     1.897
gendstat:         Ganj_Dareh_N                 aACA     1.566
gendstat:              Onge.DG           Villabruna    -1.778
gendstat:              Onge.DG           DevilsGate     0.281
gendstat:              Onge.DG                 aACA    -0.570
gendstat:           Villabruna           DevilsGate     1.943
gendstat:           Villabruna                 aACA     1.597
gendstat:           DevilsGate                 aACA    -0.920

## end of run
