/home/cliu7/utils/AdmixTools/bin/qpAdm: parameter file: temp/param/qpAdm_Gongduk.YR_MN.Dai.pari2kl5anq
### THE INPUT PARAMETERS
##PARAMETER NAME: VALUE
DIR: data/intermediate
S1: illumina_all_merged.qpAdm
indivname: data/intermediate/illumina_all_merged.qpAdm.grouped2.ind
snpname: data/intermediate/illumina_all_merged.qpAdm.snp
genotypename: data/intermediate/illumina_all_merged.qpAdm.geno
popleft: temp/param/left.i2kl5anq
popright: temp/param/right.i2kl5anq
details: YES
## qpAdm version: 810
seed: 1377405966
packed geno read OK
end of inpack

left pops:
Gongduk
YR_MN
Dai

right pops:
Mbuti
Anatolia_N
Ami.DG
Mixe.DG
Ganj_Dareh_N
Onge.DG
Villabruna
DevilsGate
aACA

  0              Gongduk   17
  1                YR_MN    8
  2                  Dai   10
  3                Mbuti   13
  4           Anatolia_N   25
  5               Ami.DG    2
  6              Mixe.DG    3
  7         Ganj_Dareh_N    7
  8              Onge.DG    2
  9           Villabruna    1
 10           DevilsGate    4
 11                 aACA   32
jackknife block size:     0.050
snps: 234294  indivs: 124
number of blocks for block jackknife: 548
## ncols: 234294
coverage:              Gongduk 234294
coverage:                YR_MN 232597
coverage:                  Dai 234294
coverage:                Mbuti 234294
coverage:           Anatolia_N 117047
coverage:               Ami.DG 228808
coverage:              Mixe.DG 228825
coverage:         Ganj_Dareh_N 104920
coverage:              Onge.DG 228703
coverage:           Villabruna  86810
coverage:           DevilsGate 117364
coverage:                 aACA 120350
dof (jackknife):   470.524
numsnps used: 93172
codimension 1
f4info: 
f4rank: 1 dof:      7 chisq:    25.857 tail:       0.000534214237 dofdiff:      9 chisqdiff:   -25.857 taildiff:                    1
B:
          scale     1.000 
     Anatolia_N    -0.152 
         Ami.DG     2.475 
        Mixe.DG    -0.119 
   Ganj_Dareh_N    -0.039 
        Onge.DG     0.176 
     Villabruna    -0.179 
     DevilsGate     0.010 
           aACA    -1.332 
A:
          scale   767.897 
          YR_MN     0.545 
            Dai     1.305 


full rank
f4info: 
f4rank: 2 dof:      0 chisq:     0.000 tail:                    1 dofdiff:      7 chisqdiff:    25.857 taildiff:       0.000534214237
B:
          scale     1.000     1.000 
     Anatolia_N    -0.177    -0.020 
         Ami.DG     2.530    -0.390 
        Mixe.DG     0.095     1.266 
   Ganj_Dareh_N    -0.111    -0.232 
        Onge.DG     0.244     0.417 
     Villabruna    -0.218    -0.356 
     DevilsGate     0.357     1.935 
           aACA    -1.145     1.465 
A:
          scale   726.860  1926.041 
          YR_MN     0.787     1.311 
            Dai     1.175    -0.529 


best coefficients:     1.716    -0.716 
Jackknife mean:      1.705343527    -0.705343527 
      std. errors:     0.134     0.134 

error covariance (* 1000000)
     17965     -17965 
    -17965      17965 


summ: Gongduk    2      0.000534     1.705    -0.705 17965 -17965 17965 

    fixed pat  wt  dof     chisq       tail prob
           00  0     7    25.857     0.000534214     1.716    -0.716  infeasible
           01  1     8   101.935     1.71607e-18     1.000    -0.000 
           10  1     8  1024.577               0     0.000     1.000 
best pat:           00      0.000534214              -  -
best pat:           01      1.71607e-18  chi(nested):    76.079 p-value for nested model:     2.72589e-18

coeffs:     1.716    -0.716 

## dscore:: f_4(Base, Fit, Rbase, right2)
## genstat:: f_4(Base, Fit, right1, right2)

details:           YR_MN      Anatolia_N    -0.000183   -0.563313
details:             Dai      Anatolia_N    -0.000282   -1.334276
dscore:      Anatolia_N f4:    -0.000112 Z:    -0.209397

details:           YR_MN          Ami.DG     0.002500    6.135634
details:             Dai          Ami.DG     0.004198   15.353957
dscore:          Ami.DG f4:     0.001284 Z:     1.910213

details:           YR_MN         Mixe.DG     0.000987    2.317797
details:             Dai         Mixe.DG    -0.000195   -0.729653
dscore:         Mixe.DG f4:     0.001834 Z:     2.626724

details:           YR_MN    Ganj_Dareh_N    -0.000257   -0.582584
details:             Dai    Ganj_Dareh_N    -0.000118   -0.427290
dscore:    Ganj_Dareh_N f4:    -0.000357 Z:    -0.502396

details:           YR_MN         Onge.DG     0.000570    1.425705
details:             Dai         Onge.DG     0.000279    1.081441
dscore:         Onge.DG f4:     0.000779 Z:     1.177990

details:           YR_MN      Villabruna    -0.000457   -0.876350
details:             Dai      Villabruna    -0.000256   -0.774470
dscore:      Villabruna f4:    -0.000600 Z:    -0.693217

details:           YR_MN      DevilsGate     0.001726    3.791718
details:             Dai      DevilsGate     0.000047    0.149694
dscore:      DevilsGate f4:     0.002928 Z:     3.978610

details:           YR_MN            aACA    -0.000221   -0.657938
details:             Dai            aACA    -0.002253   -9.975186
dscore:            aACA f4:     0.001234 Z:     2.207706

gendstat:                Mbuti           Anatolia_N    -0.209
gendstat:                Mbuti               Ami.DG     1.910
gendstat:                Mbuti              Mixe.DG     2.627
gendstat:                Mbuti         Ganj_Dareh_N    -0.502
gendstat:                Mbuti              Onge.DG     1.178
gendstat:                Mbuti           Villabruna    -0.693
gendstat:                Mbuti           DevilsGate     3.979
gendstat:                Mbuti                 aACA     2.208
gendstat:           Anatolia_N               Ami.DG     2.196
gendstat:           Anatolia_N              Mixe.DG     3.081
gendstat:           Anatolia_N         Ganj_Dareh_N    -0.421
gendstat:           Anatolia_N              Onge.DG     1.402
gendstat:           Anatolia_N           Villabruna    -0.626
gendstat:           Anatolia_N           DevilsGate     4.323
gendstat:           Anatolia_N                 aACA     2.736
gendstat:               Ami.DG              Mixe.DG     0.817
gendstat:               Ami.DG         Ganj_Dareh_N    -2.106
gendstat:               Ami.DG              Onge.DG    -0.745
gendstat:               Ami.DG           Villabruna    -2.047
gendstat:               Ami.DG           DevilsGate     2.390
gendstat:               Ami.DG                 aACA    -0.102
gendstat:              Mixe.DG         Ganj_Dareh_N    -2.775
gendstat:              Mixe.DG              Onge.DG    -1.484
gendstat:              Mixe.DG           Villabruna    -2.657
gendstat:              Mixe.DG           DevilsGate     1.481
gendstat:              Mixe.DG                 aACA    -1.134
gendstat:         Ganj_Dareh_N              Onge.DG     1.449
gendstat:         Ganj_Dareh_N           Villabruna    -0.263
gendstat:         Ganj_Dareh_N           DevilsGate     3.851
gendstat:         Ganj_Dareh_N                 aACA     2.331
gendstat:              Onge.DG           Villabruna    -1.468
gendstat:              Onge.DG           DevilsGate     2.777
gendstat:              Onge.DG                 aACA     0.793
gendstat:           Villabruna           DevilsGate     3.629
gendstat:           Villabruna                 aACA     2.219
gendstat:           DevilsGate                 aACA    -2.858

## end of run
