/home/cliu7/utils/AdmixTools/bin/qpAdm: parameter file: temp/param/qpAdm_Khengpa.YR_MN.Dai.par1vht54jx
### THE INPUT PARAMETERS
##PARAMETER NAME: VALUE
DIR: data/intermediate
S1: illumina_all_merged.qpAdm
indivname: data/intermediate/illumina_all_merged.qpAdm.grouped2.ind
snpname: data/intermediate/illumina_all_merged.qpAdm.snp
genotypename: data/intermediate/illumina_all_merged.qpAdm.geno
popleft: temp/param/left.1vht54jx
popright: temp/param/right.1vht54jx
details: YES
## qpAdm version: 810
seed: -585418561
packed geno read OK
end of inpack

left pops:
Khengpa
YR_MN
Dai

right pops:
Mbuti
Anatolia_N
Ami.DG
Mixe.DG
Ganj_Dareh_N
Onge.DG
Villabruna
DevilsGate
aACA

  0              Khengpa   18
  1                YR_MN    8
  2                  Dai   10
  3                Mbuti   13
  4           Anatolia_N   25
  5               Ami.DG    2
  6              Mixe.DG    3
  7         Ganj_Dareh_N    7
  8              Onge.DG    2
  9           Villabruna    1
 10           DevilsGate    4
 11                 aACA   32
jackknife block size:     0.050
snps: 234294  indivs: 125
number of blocks for block jackknife: 548
## ncols: 234294
coverage:              Khengpa 234294
coverage:                YR_MN 232597
coverage:                  Dai 234294
coverage:                Mbuti 234294
coverage:           Anatolia_N 117047
coverage:               Ami.DG 228808
coverage:              Mixe.DG 228825
coverage:         Ganj_Dareh_N 104920
coverage:              Onge.DG 228703
coverage:           Villabruna  86810
coverage:           DevilsGate 117364
coverage:                 aACA 120350
dof (jackknife):   470.293
numsnps used: 91363
codimension 1
f4info: 
f4rank: 1 dof:      7 chisq:    31.567 tail:       4.88492387e-05 dofdiff:      9 chisqdiff:   -31.567 taildiff:                    1
B:
          scale     1.000 
     Anatolia_N    -0.309 
         Ami.DG     2.490 
        Mixe.DG    -0.048 
   Ganj_Dareh_N    -0.115 
        Onge.DG     0.066 
     Villabruna    -0.278 
     DevilsGate     0.105 
           aACA    -1.262 
A:
          scale   734.705 
          YR_MN     0.560 
            Dai     1.299 


full rank
f4info: 
f4rank: 2 dof:      0 chisq:     0.000 tail:                    1 dofdiff:      7 chisqdiff:    31.567 taildiff:       4.88492387e-05
B:
          scale     1.000     1.000 
     Anatolia_N    -0.337    -0.096 
         Ami.DG     2.531    -0.499 
        Mixe.DG     0.167     1.259 
   Ganj_Dareh_N    -0.169    -0.253 
        Onge.DG     0.147     0.340 
     Villabruna    -0.253    -0.357 
     DevilsGate     0.420     1.892 
           aACA    -1.077     1.507 
A:
          scale   701.460  1862.491 
          YR_MN     0.810     1.294 
            Dai     1.159    -0.571 


best coefficients:     1.759    -0.759 
Jackknife mean:      1.748218327    -0.748218327 
      std. errors:     0.134     0.134 

error covariance (* 1000000)
     17997     -17997 
    -17997      17997 


summ: Khengpa    2      0.000049     1.748    -0.748 17997 -17997 17997 

    fixed pat  wt  dof     chisq       tail prob
           00  0     7    31.567     4.88492e-05     1.759    -0.759  infeasible
           01  1     8   124.264     4.35939e-23     1.000     0.000 
           10  1     8  1146.139               0     0.000     1.000 
best pat:           00      4.88492e-05              -  -
best pat:           01      4.35939e-23  chi(nested):    92.696 p-value for nested model:     6.09619e-22

coeffs:     1.759    -0.759 

## dscore:: f_4(Base, Fit, Rbase, right2)
## genstat:: f_4(Base, Fit, right1, right2)

details:           YR_MN      Anatolia_N    -0.000430   -1.355388
details:             Dai      Anatolia_N    -0.000531   -2.799051
dscore:      Anatolia_N f4:    -0.000353 Z:    -0.639156

details:           YR_MN          Ami.DG     0.002607    6.511800
details:             Dai          Ami.DG     0.004338   17.026257
dscore:          Ami.DG f4:     0.001293 Z:     1.866245

details:           YR_MN         Mixe.DG     0.001096    2.643900
details:             Dai         Mixe.DG    -0.000110   -0.443787
dscore:         Mixe.DG f4:     0.002011 Z:     2.810075

details:           YR_MN    Ganj_Dareh_N    -0.000346   -0.821580
details:             Dai    Ganj_Dareh_N    -0.000204   -0.820073
dscore:    Ganj_Dareh_N f4:    -0.000454 Z:    -0.630201

details:           YR_MN         Onge.DG     0.000434    1.097402
details:             Dai         Onge.DG     0.000137    0.565173
dscore:         Onge.DG f4:     0.000659 Z:     0.964447

details:           YR_MN      Villabruna    -0.000514   -1.038841
details:             Dai      Villabruna    -0.000310   -1.024985
dscore:      Villabruna f4:    -0.000669 Z:    -0.762912

details:           YR_MN      DevilsGate     0.001828    4.119878
details:             Dai      DevilsGate     0.000116    0.415775
dscore:      DevilsGate f4:     0.003127 Z:     4.120228

details:           YR_MN            aACA    -0.000170   -0.501029
details:             Dai            aACA    -0.002242  -11.158985
dscore:            aACA f4:     0.001402 Z:     2.384853

gendstat:                Mbuti           Anatolia_N    -0.639
gendstat:                Mbuti               Ami.DG     1.866
gendstat:                Mbuti              Mixe.DG     2.810
gendstat:                Mbuti         Ganj_Dareh_N    -0.630
gendstat:                Mbuti              Onge.DG     0.964
gendstat:                Mbuti           Villabruna    -0.763
gendstat:                Mbuti           DevilsGate     4.120
gendstat:                Mbuti                 aACA     2.385
gendstat:           Anatolia_N               Ami.DG     2.528
gendstat:           Anatolia_N              Mixe.DG     3.677
gendstat:           Anatolia_N         Ganj_Dareh_N    -0.170
gendstat:           Anatolia_N              Onge.DG     1.555
gendstat:           Anatolia_N           Villabruna    -0.399
gendstat:           Anatolia_N           DevilsGate     4.852
gendstat:           Anatolia_N                 aACA     3.473
gendstat:               Ami.DG              Mixe.DG     1.042
gendstat:               Ami.DG         Ganj_Dareh_N    -2.208
gendstat:               Ami.DG              Onge.DG    -0.928
gendstat:               Ami.DG           Villabruna    -2.103
gendstat:               Ami.DG           DevilsGate     2.616
gendstat:               Ami.DG                 aACA     0.213
gendstat:              Mixe.DG         Ganj_Dareh_N    -3.072
gendstat:              Mixe.DG              Onge.DG    -1.920
gendstat:              Mixe.DG           Villabruna    -2.924
gendstat:              Mixe.DG           DevilsGate     1.505
gendstat:              Mixe.DG                 aACA    -1.133
gendstat:         Ganj_Dareh_N              Onge.DG     1.395
gendstat:         Ganj_Dareh_N           Villabruna    -0.227
gendstat:         Ganj_Dareh_N           DevilsGate     4.095
gendstat:         Ganj_Dareh_N                 aACA     2.680
gendstat:              Onge.DG           Villabruna    -1.414
gendstat:              Onge.DG           DevilsGate     3.149
gendstat:              Onge.DG                 aACA     1.267
gendstat:           Villabruna           DevilsGate     3.913
gendstat:           Villabruna                 aACA     2.490
gendstat:           DevilsGate                 aACA    -2.896

## end of run
