/home/cliu7/utils/AdmixTools/bin/qpWave: parameter file: temp/param/qpAdm_Lakha.YR_MN.Han.parg9gpuejf
### THE INPUT PARAMETERS
##PARAMETER NAME: VALUE
DIR: data/intermediate
S1: illumina_all_merged.qpAdm
indivname: data/intermediate/illumina_all_merged.qpAdm.grouped2.ind
snpname: data/intermediate/illumina_all_merged.qpAdm.snp
genotypename: data/intermediate/illumina_all_merged.qpAdm.geno
popleft: temp/param/left.g9gpuejf
popright: temp/param/right.g9gpuejf
details: YES
## qpWave version: 410
packed geno read OK
end of inpack

left pops:
Lakha
YR_MN
Han

right pops:
Mbuti
Anatolia_N
Ami.DG
Mixe.DG
Ganj_Dareh_N
Onge.DG
Villabruna
DevilsGate
aACA

  0                Lakha   18
  1                YR_MN    8
  2                  Han   44
  3                Mbuti   13
  4           Anatolia_N   25
  5               Ami.DG    2
  6              Mixe.DG    3
  7         Ganj_Dareh_N    7
  8              Onge.DG    2
  9           Villabruna    1
 10           DevilsGate    4
 11                 aACA   32
jackknife block size:     0.050
snps: 234294  indivs: 159
number of blocks for block jackknife: 548
dof (jackknife):   470.025
numsnps used: 89186
f4info: 
f4rank: 0 dof:     16 chisq:  1190.718 tail:      1.46260879e-243 dofdiff:      0 chisqdiff:     0.000 taildiff:                    1

f4info: 
f4rank: 1 dof:      7 chisq:     8.590 tail:          0.283446199 dofdiff:      9 chisqdiff:  1182.127 taildiff:      8.74838813e-249
B:
          scale     1.000 
     Anatolia_N    -0.205 
         Ami.DG     2.347 
        Mixe.DG     0.665 
   Ganj_Dareh_N    -0.133 
        Onge.DG     0.287 
     Villabruna    -0.427 
     DevilsGate     0.805 
           aACA    -1.037 
A:
          scale   659.224 
          YR_MN     0.821 
            Han     1.152 

f4info: 
f4rank: 2 dof:      0 chisq:     0.000 tail:                    1 dofdiff:      7 chisqdiff:     8.590 taildiff:          0.283446199
B:
          scale     1.000     1.000 
     Anatolia_N    -0.320     1.056 
         Ami.DG     2.215     1.312 
        Mixe.DG     0.682    -0.232 
   Ganj_Dareh_N    -0.219     1.053 
        Onge.DG     0.336    -0.377 
     Villabruna    -0.637     1.828 
     DevilsGate     0.897    -0.669 
           aACA    -1.075     0.267 
A:
          scale   654.588  4578.676 
          YR_MN     0.844    -1.135 
            Han     1.135     0.844 

## end of run
