/home/cliu7/utils/AdmixTools/bin/qpWave: parameter file: temp/param/qpAdm_Layap.Upper_YR_LN.Dai.parntry9r41
### THE INPUT PARAMETERS
##PARAMETER NAME: VALUE
DIR: data/intermediate
S1: illumina_all_merged.qpAdm
indivname: data/intermediate/illumina_all_merged.qpAdm.grouped2.ind
snpname: data/intermediate/illumina_all_merged.qpAdm.snp
genotypename: data/intermediate/illumina_all_merged.qpAdm.geno
popleft: temp/param/left.ntry9r41
popright: temp/param/right.ntry9r41
details: YES
## qpWave version: 410
packed geno read OK
end of inpack

left pops:
Layap
Upper_YR_LN
Dai

right pops:
Mbuti
Anatolia_N
Ami.DG
Mixe.DG
Ganj_Dareh_N
Onge.DG
Villabruna
DevilsGate
aACA

  0                Layap   12
  1          Upper_YR_LN    7
  2                  Dai   10
  3                Mbuti   13
  4           Anatolia_N   25
  5               Ami.DG    2
  6              Mixe.DG    3
  7         Ganj_Dareh_N    7
  8              Onge.DG    2
  9           Villabruna    1
 10           DevilsGate    4
 11                 aACA   32
jackknife block size:     0.050
snps: 234294  indivs: 118
number of blocks for block jackknife: 548
dof (jackknife):   471.158
numsnps used: 93842
f4info: 
f4rank: 0 dof:     16 chisq:  1379.257 tail:      4.68234495e-284 dofdiff:      0 chisqdiff:     0.000 taildiff:                    1

f4info: 
f4rank: 1 dof:      7 chisq:    48.723 tail:       2.57071415e-08 dofdiff:      9 chisqdiff:  1330.534 taildiff:      7.85927568e-281
B:
          scale     1.000 
     Anatolia_N     0.483 
         Ami.DG    -2.146 
        Mixe.DG     0.276 
   Ganj_Dareh_N     0.242 
        Onge.DG    -0.100 
     Villabruna     0.363 
     DevilsGate     0.262 
           aACA     1.678 
A:
          scale   710.194 
    Upper_YR_LN    -0.377 
            Dai    -1.363 

f4info: 
f4rank: 2 dof:      0 chisq:     0.000 tail:                    1 dofdiff:      7 chisqdiff:    48.723 taildiff:       2.57071415e-08
B:
          scale     1.000     1.000 
     Anatolia_N     0.507    -0.236 
         Ami.DG    -2.185     0.007 
        Mixe.DG     0.123     0.881 
   Ganj_Dareh_N     0.279    -0.366 
        Onge.DG    -0.067     0.017 
     Villabruna     0.498    -0.915 
     DevilsGate    -0.196     2.401 
           aACA     1.607     0.657 
A:
          scale   714.890  1773.871 
    Upper_YR_LN    -0.424     1.349 
            Dai    -1.349    -0.424 

## end of run
