/home/cliu7/utils/AdmixTools/bin/qpWave: parameter file: temp/param/qpAdm_Monpa.YR_MN.Han.paretj27k5_
### THE INPUT PARAMETERS
##PARAMETER NAME: VALUE
DIR: data/intermediate
S1: illumina_all_merged.qpAdm
indivname: data/intermediate/illumina_all_merged.qpAdm.grouped2.ind
snpname: data/intermediate/illumina_all_merged.qpAdm.snp
genotypename: data/intermediate/illumina_all_merged.qpAdm.geno
popleft: temp/param/left.etj27k5_
popright: temp/param/right.etj27k5_
details: YES
## qpWave version: 410
packed geno read OK
end of inpack

left pops:
Monpa
YR_MN
Han

right pops:
Mbuti
Anatolia_N
Ami.DG
Mixe.DG
Ganj_Dareh_N
Onge.DG
Villabruna
DevilsGate
aACA

  0                Monpa   20
  1                YR_MN    8
  2                  Han   44
  3                Mbuti   13
  4           Anatolia_N   25
  5               Ami.DG    2
  6              Mixe.DG    3
  7         Ganj_Dareh_N    7
  8              Onge.DG    2
  9           Villabruna    1
 10           DevilsGate    4
 11                 aACA   32
jackknife block size:     0.050
snps: 234294  indivs: 161
number of blocks for block jackknife: 548
dof (jackknife):   469.093
numsnps used: 88594
f4info: 
f4rank: 0 dof:     16 chisq:   715.201 tail:      7.51612709e-142 dofdiff:      0 chisqdiff:     0.000 taildiff:                    1

f4info: 
f4rank: 1 dof:      7 chisq:     7.735 tail:          0.356567577 dofdiff:      9 chisqdiff:   707.466 taildiff:      1.71661936e-146
B:
          scale     1.000 
     Anatolia_N    -0.024 
         Ami.DG     2.433 
        Mixe.DG     0.753 
   Ganj_Dareh_N     0.177 
        Onge.DG     0.357 
     Villabruna    -0.204 
     DevilsGate     1.031 
           aACA    -0.497 
A:
          scale   724.920 
          YR_MN     0.758 
            Han     1.194 

f4info: 
f4rank: 2 dof:      0 chisq:     0.000 tail:                    1 dofdiff:      7 chisqdiff:     7.735 taildiff:          0.356567577
B:
          scale     1.000     1.000 
     Anatolia_N    -0.091     0.926 
         Ami.DG     2.318     1.107 
        Mixe.DG     0.847    -0.538 
   Ganj_Dareh_N     0.128     0.765 
        Onge.DG     0.459    -0.610 
     Villabruna    -0.356     1.757 
     DevilsGate     1.173    -1.187 
           aACA    -0.415    -0.417 
A:
          scale   690.568  5066.979 
          YR_MN     0.817    -1.154 
            Han     1.154     0.817 

## end of run
