/home/cliu7/utils/AdmixTools/bin/qpAdm: parameter file: temp/param/qpAdm_Nup.Upper_YR_LN.Han.parq6zkkyta
### THE INPUT PARAMETERS
##PARAMETER NAME: VALUE
DIR: data/intermediate
S1: illumina_all_merged.qpAdm
indivname: data/intermediate/illumina_all_merged.qpAdm.grouped2.ind
snpname: data/intermediate/illumina_all_merged.qpAdm.snp
genotypename: data/intermediate/illumina_all_merged.qpAdm.geno
popleft: temp/param/left.q6zkkyta
popright: temp/param/right.q6zkkyta
details: YES
## qpAdm version: 810
seed: -670075824
packed geno read OK
end of inpack

left pops:
Nup
Upper_YR_LN
Han

right pops:
Mbuti
Anatolia_N
Ami.DG
Mixe.DG
Ganj_Dareh_N
Onge.DG
Villabruna
DevilsGate
aACA

  0                  Nup   18
  1          Upper_YR_LN    7
  2                  Han   44
  3                Mbuti   13
  4           Anatolia_N   25
  5               Ami.DG    2
  6              Mixe.DG    3
  7         Ganj_Dareh_N    7
  8              Onge.DG    2
  9           Villabruna    1
 10           DevilsGate    4
 11                 aACA   32
jackknife block size:     0.050
snps: 234294  indivs: 158
number of blocks for block jackknife: 548
## ncols: 234294
coverage:                  Nup 234294
coverage:          Upper_YR_LN 232854
coverage:                  Han 234294
coverage:                Mbuti 234294
coverage:           Anatolia_N 117047
coverage:               Ami.DG 228808
coverage:              Mixe.DG 228825
coverage:         Ganj_Dareh_N 104920
coverage:              Onge.DG 228703
coverage:           Villabruna  86810
coverage:           DevilsGate 117364
coverage:                 aACA 120350
dof (jackknife):   469.885
numsnps used: 88670
codimension 1
f4info: 
f4rank: 1 dof:      7 chisq:    23.859 tail:        0.00120600048 dofdiff:      9 chisqdiff:   -23.859 taildiff:                    1
B:
          scale     1.000 
     Anatolia_N    -0.220 
         Ami.DG     2.451 
        Mixe.DG     0.646 
   Ganj_Dareh_N    -0.110 
        Onge.DG     0.350 
     Villabruna    -0.268 
     DevilsGate     0.652 
           aACA    -0.948 
A:
          scale   870.754 
    Upper_YR_LN     0.440 
            Han     1.344 


full rank
f4info: 
f4rank: 2 dof:      0 chisq:     0.000 tail:                    1 dofdiff:      7 chisqdiff:    23.859 taildiff:        0.00120600048
B:
          scale     1.000     1.000 
     Anatolia_N    -0.240     0.207 
         Ami.DG     2.363     1.577 
        Mixe.DG     0.690    -0.242 
   Ganj_Dareh_N    -0.184     0.528 
        Onge.DG     0.314     0.209 
     Villabruna    -0.451     1.364 
     DevilsGate     0.874    -1.635 
           aACA    -0.884    -0.745 
A:
          scale   812.540  2553.013 
    Upper_YR_LN     0.655    -1.392 
            Han     1.253     0.250 


best coefficients:     1.486    -0.486 
Jackknife mean:      1.479788062    -0.479788062 
      std. errors:     0.098     0.098 

error covariance (* 1000000)
      9653      -9653 
     -9653       9653 


summ: Nup    2      0.001206     1.480    -0.480  9653 -9653  9653 

    fixed pat  wt  dof     chisq       tail prob
           00  0     7    23.859        0.001206     1.486    -0.486  infeasible
           01  1     8    73.496     9.86284e-13     1.000     0.000 
           10  1     8  1307.452               0     0.000     1.000 
best pat:           00         0.001206              -  -
best pat:           01      9.86284e-13  chi(nested):    49.637 p-value for nested model:     1.85032e-12

coeffs:     1.486    -0.486 

## dscore:: f_4(Base, Fit, Rbase, right2)
## genstat:: f_4(Base, Fit, right1, right2)

details:     Upper_YR_LN      Anatolia_N    -0.000318   -1.006690
details:             Han      Anatolia_N    -0.000347   -2.323963
dscore:      Anatolia_N f4:    -0.000303 Z:    -0.666194

details:     Upper_YR_LN          Ami.DG     0.001039    2.590363
details:             Han          Ami.DG     0.003807   17.900099
dscore:          Ami.DG f4:    -0.000308 Z:    -0.543403

details:     Upper_YR_LN         Mixe.DG     0.000681    1.783108
details:             Han         Mixe.DG     0.001045    4.991395
dscore:         Mixe.DG f4:     0.000504 Z:     0.933720

details:     Upper_YR_LN    Ganj_Dareh_N    -0.000448   -1.123765
details:             Han    Ganj_Dareh_N    -0.000230   -1.206975
dscore:    Ganj_Dareh_N f4:    -0.000554 Z:    -0.976841

details:     Upper_YR_LN         Onge.DG     0.000132    0.325165
details:             Han         Onge.DG     0.000508    2.486705
dscore:         Onge.DG f4:    -0.000051 Z:    -0.087857

details:     Upper_YR_LN      Villabruna    -0.001139   -2.319798
details:             Han      Villabruna    -0.000561   -2.241838
dscore:      Villabruna f4:    -0.001420 Z:    -2.012827

details:     Upper_YR_LN      DevilsGate     0.001586    3.547027
details:             Han      DevilsGate     0.001195    5.191042
dscore:      DevilsGate f4:     0.001777 Z:     2.796762

details:     Upper_YR_LN            aACA    -0.000314   -0.952889
details:             Han            aACA    -0.001432   -8.285892
dscore:            aACA f4:     0.000230 Z:     0.493982

gendstat:                Mbuti           Anatolia_N    -0.666
gendstat:                Mbuti               Ami.DG    -0.543
gendstat:                Mbuti              Mixe.DG     0.934
gendstat:                Mbuti         Ganj_Dareh_N    -0.977
gendstat:                Mbuti              Onge.DG    -0.088
gendstat:                Mbuti           Villabruna    -2.013
gendstat:                Mbuti           DevilsGate     2.797
gendstat:                Mbuti                 aACA     0.494
gendstat:           Anatolia_N               Ami.DG    -0.009
gendstat:           Anatolia_N              Mixe.DG     1.730
gendstat:           Anatolia_N         Ganj_Dareh_N    -0.550
gendstat:           Anatolia_N              Onge.DG     0.514
gendstat:           Anatolia_N           Villabruna    -1.876
gendstat:           Anatolia_N           DevilsGate     3.865
gendstat:           Anatolia_N                 aACA     1.404
gendstat:               Ami.DG              Mixe.DG     1.595
gendstat:               Ami.DG         Ganj_Dareh_N    -0.419
gendstat:               Ami.DG              Onge.DG     0.473
gendstat:               Ami.DG           Villabruna    -1.598
gendstat:               Ami.DG           DevilsGate     3.861
gendstat:               Ami.DG                 aACA     1.427
gendstat:              Mixe.DG         Ganj_Dareh_N    -1.829
gendstat:              Mixe.DG              Onge.DG    -0.995
gendstat:              Mixe.DG           Villabruna    -2.686
gendstat:              Mixe.DG           DevilsGate     2.288
gendstat:              Mixe.DG                 aACA    -0.681
gendstat:         Ganj_Dareh_N              Onge.DG     0.851
gendstat:         Ganj_Dareh_N           Villabruna    -1.254
gendstat:         Ganj_Dareh_N           DevilsGate     3.634
gendstat:         Ganj_Dareh_N                 aACA     1.493
gendstat:              Onge.DG           Villabruna    -1.928
gendstat:              Onge.DG           DevilsGate     3.212
gendstat:              Onge.DG                 aACA     0.643
gendstat:           Villabruna           DevilsGate     4.103
gendstat:           Villabruna                 aACA     2.518
gendstat:           DevilsGate                 aACA    -3.497

## end of run
