/home/cliu7/utils/AdmixTools/bin/qpWave: parameter file: temp/param/qpAdm_Gurung.Rhirhi.Upper_YR_LN.parbnz7eib1
### THE INPUT PARAMETERS
##PARAMETER NAME: VALUE
DIR: data/intermediate
S1: HO_all_merged.qpAdm
indivname: data/intermediate/HO_all_merged.qpAdm.grouped.ind
snpname: data/intermediate/HO_all_merged.qpAdm.snp
genotypename: data/intermediate/HO_all_merged.qpAdm.geno
popleft: temp/param/left.bnz7eib1
popright: temp/param/right.bnz7eib1
details: YES
## qpWave version: 410
packed geno read OK
end of inpack

left pops:
Gurung
Rhirhi
Upper_YR_LN

right pops:
Mbuti
Anatolia_N
Ami
Mixe
Ganj_Dareh_N
Onge
Villabruna
DevilsGate

  0               Gurung    5
  1               Rhirhi    4
  2          Upper_YR_LN    7
  3                Mbuti   10
  4           Anatolia_N   25
  5                  Ami   10
  6                 Mixe   10
  7         Ganj_Dareh_N    7
  8                 Onge   12
  9           Villabruna    1
 10           DevilsGate    4
jackknife block size:     0.050
snps: 498990  indivs: 95
number of blocks for block jackknife: 710
dof (jackknife):   583.257
numsnps used: 424214
f4info: 
f4rank: 0 dof:     14 chisq:   281.158 tail:       9.91401434e-52 dofdiff:      0 chisqdiff:     0.000 taildiff:                    1

f4info: 
f4rank: 1 dof:      6 chisq:    30.549 tail:       3.08996644e-05 dofdiff:      8 chisqdiff:   250.609 taildiff:       1.27972424e-49
B:
          scale     1.000 
     Anatolia_N    -0.067 
            Ami     1.434 
           Mixe     1.109 
   Ganj_Dareh_N     0.029 
           Onge     0.350 
     Villabruna    -0.021 
     DevilsGate     1.894 
A:
          scale   925.936 
         Rhirhi     0.176 
    Upper_YR_LN     1.403 

f4info: 
f4rank: 2 dof:      0 chisq:     0.000 tail:                    1 dofdiff:      6 chisqdiff:    30.549 taildiff:       3.08996644e-05
B:
          scale     1.000     1.000 
     Anatolia_N    -0.134     0.492 
            Ami     1.369     1.025 
           Mixe     1.027     0.733 
   Ganj_Dareh_N    -0.076     1.096 
           Onge     0.243     1.190 
     Villabruna     0.164    -1.200 
     DevilsGate     1.991    -1.054 
A:
          scale   944.210  3180.465 
         Rhirhi     0.124    -1.409 
    Upper_YR_LN     1.409     0.124 

## end of run
