/home/cliu7/utils/AdmixTools/bin/qpAdm: parameter file: temp/param/qpAdm_Gurung.Samdzong.YR_MN.par6beboyjl
### THE INPUT PARAMETERS
##PARAMETER NAME: VALUE
DIR: data/intermediate
S1: HO_all_merged.qpAdm
indivname: data/intermediate/HO_all_merged.qpAdm.grouped.ind
snpname: data/intermediate/HO_all_merged.qpAdm.snp
genotypename: data/intermediate/HO_all_merged.qpAdm.geno
popleft: temp/param/left.6beboyjl
popright: temp/param/right.6beboyjl
details: YES
## qpAdm version: 810
seed: -1361864041
packed geno read OK
end of inpack

left pops:
Gurung
Samdzong
YR_MN

right pops:
Mbuti
Anatolia_N
Ami
Mixe
Ganj_Dareh_N
Onge
Villabruna
DevilsGate

  0               Gurung    5
  1             Samdzong    9
  2                YR_MN    8
  3                Mbuti   10
  4           Anatolia_N   25
  5                  Ami   10
  6                 Mixe   10
  7         Ganj_Dareh_N    7
  8                 Onge   12
  9           Villabruna    1
 10           DevilsGate    4
jackknife block size:     0.050
snps: 498990  indivs: 101
number of blocks for block jackknife: 710
## ncols: 498990
coverage:               Gurung 498036
coverage:             Samdzong 498985
coverage:                YR_MN 497089
coverage:                Mbuti 498990
coverage:           Anatolia_N 498137
coverage:                  Ami 498990
coverage:                 Mixe 498990
coverage:         Ganj_Dareh_N 457128
coverage:                 Onge 498990
coverage:           Villabruna 415230
coverage:           DevilsGate 498716
dof (jackknife):   583.353
numsnps used: 426607
codimension 1
f4info: 
f4rank: 1 dof:      6 chisq:    21.664 tail:        0.00139283738 dofdiff:      8 chisqdiff:   -21.664 taildiff:                    1
B:
          scale     1.000 
     Anatolia_N    -0.248 
            Ami     1.911 
           Mixe     0.864 
   Ganj_Dareh_N    -0.159 
           Onge     0.123 
     Villabruna     0.188 
     DevilsGate     1.570 
A:
          scale  1189.864 
       Samdzong     0.203 
          YR_MN     1.400 


full rank
f4info: 
f4rank: 2 dof:      0 chisq:     0.000 tail:                    1 dofdiff:      6 chisqdiff:    21.664 taildiff:        0.00139283738
B:
          scale     1.000     1.000 
     Anatolia_N    -0.268    -0.173 
            Ami     1.829     1.298 
           Mixe     0.849     0.188 
   Ganj_Dareh_N    -0.322     1.755 
           Onge     0.024     0.994 
     Villabruna     0.219    -0.216 
     DevilsGate     1.646    -1.065 
A:
          scale  1158.662  5740.454 
       Samdzong     0.275    -1.404 
          YR_MN     1.387     0.169 


best coefficients:     1.170    -0.170 
Jackknife mean:      1.163891470    -0.163891470 
      std. errors:     0.101     0.101 

error covariance (* 1000000)
     10297     -10297 
    -10297      10297 


summ: Gurung    2      0.001393     1.164    -0.164 10297 -10297 10297 

    fixed pat  wt  dof     chisq       tail prob
           00  0     6    21.664      0.00139284     1.170    -0.170  infeasible
           01  1     7    26.062      0.00049107     1.000     0.000 
           10  1     7   193.472               0     0.000     1.000 
best pat:           00       0.00139284              -  -
best pat:           01       0.00049107  chi(nested):     4.398 p-value for nested model:       0.0359903

coeffs:     1.170    -0.170 

## dscore:: f_4(Base, Fit, Rbase, right2)
## genstat:: f_4(Base, Fit, right1, right2)

details:        Samdzong      Anatolia_N    -0.000026   -0.161710
details:           YR_MN      Anatolia_N    -0.000325   -1.672442
dscore:      Anatolia_N f4:     0.000024 Z:     0.134718

details:        Samdzong             Ami     0.000114    0.596804
details:           YR_MN             Ami     0.002231    9.934969
dscore:             Ami f4:    -0.000245 Z:    -1.168476

details:        Samdzong            Mixe     0.000151    0.754839
details:           YR_MN            Mixe     0.001025    4.306127
dscore:            Mixe f4:     0.000003 Z:     0.013217

details:        Samdzong    Ganj_Dareh_N    -0.000510   -2.763310
details:           YR_MN    Ganj_Dareh_N    -0.000332   -1.379219
dscore:    Ganj_Dareh_N f4:    -0.000540 Z:    -2.647568

details:        Samdzong            Onge    -0.000242   -1.230852
details:           YR_MN            Onge     0.000060    0.269035
dscore:            Onge f4:    -0.000294 Z:    -1.333747

details:        Samdzong      Villabruna     0.000101    0.378090
details:           YR_MN      Villabruna     0.000258    0.837874
dscore:      Villabruna f4:     0.000074 Z:     0.251874

details:        Samdzong      DevilsGate     0.000648    2.934065
details:           YR_MN      DevilsGate     0.001943    7.211939
dscore:      DevilsGate f4:     0.000429 Z:     1.750379

gendstat:                Mbuti           Anatolia_N     0.135
gendstat:                Mbuti                  Ami    -1.168
gendstat:                Mbuti                 Mixe     0.013
gendstat:                Mbuti         Ganj_Dareh_N    -2.648
gendstat:                Mbuti                 Onge    -1.334
gendstat:                Mbuti           Villabruna     0.252
gendstat:                Mbuti           DevilsGate     1.750
gendstat:           Anatolia_N                  Ami    -1.365
gendstat:           Anatolia_N                 Mixe    -0.101
gendstat:           Anatolia_N         Ganj_Dareh_N    -3.193
gendstat:           Anatolia_N                 Onge    -1.532
gendstat:           Anatolia_N           Villabruna     0.198
gendstat:           Anatolia_N           DevilsGate     1.685
gendstat:                  Ami                 Mixe     1.299
gendstat:                  Ami         Ganj_Dareh_N    -1.315
gendstat:                  Ami                 Onge    -0.238
gendstat:                  Ami           Villabruna     1.040
gendstat:                  Ami           DevilsGate     3.256
gendstat:                 Mixe         Ganj_Dareh_N    -2.259
gendstat:                 Mixe                 Onge    -1.276
gendstat:                 Mixe           Villabruna     0.236
gendstat:                 Mixe           DevilsGate     1.780
gendstat:         Ganj_Dareh_N                 Onge     1.044
gendstat:         Ganj_Dareh_N           Villabruna     2.100
gendstat:         Ganj_Dareh_N           DevilsGate     3.542
gendstat:                 Onge           Villabruna     1.190
gendstat:                 Onge           DevilsGate     2.832
gendstat:           Villabruna           DevilsGate     1.067

## end of run
