/home/cliu7/utils/AdmixTools/bin/qpWave: parameter file: temp/param/qpAdm_Gurung.UpperMustang.LC.Upper_YR_LN.par2x9qk3a_
### THE INPUT PARAMETERS
##PARAMETER NAME: VALUE
DIR: data/intermediate
S1: HO_all_merged.qpAdm
indivname: data/intermediate/HO_all_merged.qpAdm.grouped.ind
snpname: data/intermediate/HO_all_merged.qpAdm.snp
genotypename: data/intermediate/HO_all_merged.qpAdm.geno
popleft: temp/param/left.2x9qk3a_
popright: temp/param/right.2x9qk3a_
details: YES
## qpWave version: 410
packed geno read OK
end of inpack

left pops:
Gurung
UpperMustang.LC
Upper_YR_LN

right pops:
Mbuti
Anatolia_N
Ami
Mixe
Ganj_Dareh_N
Onge
Villabruna
DevilsGate

  0               Gurung    5
  1      UpperMustang.LC   11
  2          Upper_YR_LN    7
  3                Mbuti   10
  4           Anatolia_N   25
  5                  Ami   10
  6                 Mixe   10
  7         Ganj_Dareh_N    7
  8                 Onge   12
  9           Villabruna    1
 10           DevilsGate    4
jackknife block size:     0.050
snps: 498990  indivs: 102
number of blocks for block jackknife: 710
dof (jackknife):   583.420
numsnps used: 424803
f4info: 
f4rank: 0 dof:     14 chisq:   270.674 tail:       1.49455183e-49 dofdiff:      0 chisqdiff:     0.000 taildiff:                    1

f4info: 
f4rank: 1 dof:      6 chisq:    20.093 tail:        0.00266594192 dofdiff:      8 chisqdiff:   250.582 taildiff:       1.29703932e-49
B:
          scale     1.000 
     Anatolia_N    -0.110 
            Ami     1.413 
           Mixe     1.053 
   Ganj_Dareh_N    -0.023 
           Onge     0.312 
     Villabruna     0.076 
     DevilsGate     1.944 
A:
          scale   895.432 
UpperMustang.LC     0.386 
    Upper_YR_LN     1.360 

f4info: 
f4rank: 2 dof:      0 chisq:     0.000 tail:                    1 dofdiff:      6 chisqdiff:    20.093 taildiff:        0.00266594192
B:
          scale     1.000     1.000 
     Anatolia_N    -0.138     0.571 
            Ami     1.385     0.318 
           Mixe     1.045     0.059 
   Ganj_Dareh_N    -0.131     2.131 
           Onge     0.240     1.172 
     Villabruna     0.154    -0.794 
     DevilsGate     1.968    -0.153 
A:
          scale   919.827  5774.348 
UpperMustang.LC     0.317    -1.378 
    Upper_YR_LN     1.378     0.317 

## end of run
