/home/cliu7/utils/AdmixTools/bin/qpWave: parameter file: temp/param/qpAdm_Naga.UpperMustang.LC.YR_MN.parwf1e_z6s
### THE INPUT PARAMETERS
##PARAMETER NAME: VALUE
DIR: data/intermediate
S1: HO_all_merged.qpAdm
indivname: data/intermediate/HO_all_merged.qpAdm.grouped.ind
snpname: data/intermediate/HO_all_merged.qpAdm.snp
genotypename: data/intermediate/HO_all_merged.qpAdm.geno
popleft: temp/param/left.wf1e_z6s
popright: temp/param/right.wf1e_z6s
details: YES
## qpWave version: 410
packed geno read OK
end of inpack

left pops:
Naga
UpperMustang.LC
YR_MN

right pops:
Mbuti
Anatolia_N
Ami
Mixe
Ganj_Dareh_N
Onge
Villabruna
DevilsGate

  0                 Naga    6
  1      UpperMustang.LC   11
  2                YR_MN    8
  3                Mbuti   10
  4           Anatolia_N   25
  5                  Ami   10
  6                 Mixe   10
  7         Ganj_Dareh_N    7
  8                 Onge   12
  9           Villabruna    1
 10           DevilsGate    4
jackknife block size:     0.050
snps: 498990  indivs: 104
number of blocks for block jackknife: 710
dof (jackknife):   583.308
numsnps used: 426285
f4info: 
f4rank: 0 dof:     14 chisq:   179.763 tail:       7.23242229e-31 dofdiff:      0 chisqdiff:     0.000 taildiff:                    1

f4info: 
f4rank: 1 dof:      6 chisq:    11.478 tail:         0.0746842049 dofdiff:      8 chisqdiff:   168.285 taildiff:       2.94986821e-32
B:
          scale     1.000 
     Anatolia_N    -0.198 
            Ami     1.968 
           Mixe     0.907 
   Ganj_Dareh_N     0.070 
           Onge     0.493 
     Villabruna    -0.064 
     DevilsGate     1.419 
A:
          scale  1912.201 
UpperMustang.LC    -1.354 
          YR_MN     0.407 

f4info: 
f4rank: 2 dof:      0 chisq:     0.000 tail:                    1 dofdiff:      6 chisqdiff:    11.478 taildiff:         0.0746842049
B:
          scale     1.000     1.000 
     Anatolia_N    -0.175    -0.024 
            Ami     1.850    -1.290 
           Mixe     1.017     1.102 
   Ganj_Dareh_N     0.037    -0.898 
           Onge     0.660     1.718 
     Villabruna    -0.108    -0.600 
     DevilsGate     1.437     0.066 
A:
          scale  1809.762  6624.290 
UpperMustang.LC    -1.406    -0.155 
          YR_MN     0.155    -1.406 

## end of run
