/home/cliu7/utils/AdmixTools/bin/qpWave: parameter file: temp/param/qpAdm_Naxi.Kyang.YR_MN.part8en1eu6
### THE INPUT PARAMETERS
##PARAMETER NAME: VALUE
DIR: data/intermediate
S1: HO_all_merged.qpAdm
indivname: data/intermediate/HO_all_merged.qpAdm.grouped.ind
snpname: data/intermediate/HO_all_merged.qpAdm.snp
genotypename: data/intermediate/HO_all_merged.qpAdm.geno
popleft: temp/param/left.t8en1eu6
popright: temp/param/right.t8en1eu6
details: YES
## qpWave version: 410
packed geno read OK
end of inpack

left pops:
Naxi
Kyang
YR_MN

right pops:
Mbuti
Anatolia_N
Ami
Mixe
Ganj_Dareh_N
Onge
Villabruna
DevilsGate

  0                 Naxi    9
  1                Kyang    7
  2                YR_MN    8
  3                Mbuti   10
  4           Anatolia_N   25
  5                  Ami   10
  6                 Mixe   10
  7         Ganj_Dareh_N    7
  8                 Onge   12
  9           Villabruna    1
 10           DevilsGate    4
jackknife block size:     0.050
snps: 498990  indivs: 103
number of blocks for block jackknife: 710
dof (jackknife):   583.271
numsnps used: 425663
f4info: 
f4rank: 0 dof:     14 chisq:   234.474 tail:        4.6170104e-42 dofdiff:      0 chisqdiff:     0.000 taildiff:                    1

f4info: 
f4rank: 1 dof:      6 chisq:     8.229 tail:          0.221805478 dofdiff:      8 chisqdiff:   226.245 taildiff:       1.84354933e-44
B:
          scale     1.000 
     Anatolia_N    -0.116 
            Ami     2.236 
           Mixe     0.890 
   Ganj_Dareh_N     0.177 
           Onge     0.445 
     Villabruna    -0.292 
     DevilsGate     0.938 
A:
          scale  1419.444 
          Kyang    -1.414 
          YR_MN    -0.007 

f4info: 
f4rank: 2 dof:      0 chisq:     0.000 tail:                    1 dofdiff:      6 chisqdiff:     8.229 taildiff:          0.221805478
B:
          scale     1.000     1.000 
     Anatolia_N    -0.101     0.702 
            Ami     2.223    -0.178 
           Mixe     0.887     0.058 
   Ganj_Dareh_N     0.175    -0.295 
           Onge     0.510     1.976 
     Villabruna    -0.375    -1.156 
     DevilsGate     0.911    -1.069 
A:
          scale  1403.220  8185.648 
          Kyang    -1.412     0.084 
          YR_MN    -0.084    -1.412 

## end of run
