/home/cliu7/utils/AdmixTools/bin/qpWave: parameter file: temp/param/qpAdm_Naxi.Samdzong.Upper_YR_LN.par6dulfokt
### THE INPUT PARAMETERS
##PARAMETER NAME: VALUE
DIR: data/intermediate
S1: HO_all_merged.qpAdm
indivname: data/intermediate/HO_all_merged.qpAdm.grouped.ind
snpname: data/intermediate/HO_all_merged.qpAdm.snp
genotypename: data/intermediate/HO_all_merged.qpAdm.geno
popleft: temp/param/left.6dulfokt
popright: temp/param/right.6dulfokt
details: YES
## qpWave version: 410
packed geno read OK
end of inpack

left pops:
Naxi
Samdzong
Upper_YR_LN

right pops:
Mbuti
Anatolia_N
Ami
Mixe
Ganj_Dareh_N
Onge
Villabruna
DevilsGate

  0                 Naxi    9
  1             Samdzong    9
  2          Upper_YR_LN    7
  3                Mbuti   10
  4           Anatolia_N   25
  5                  Ami   10
  6                 Mixe   10
  7         Ganj_Dareh_N    7
  8                 Onge   12
  9           Villabruna    1
 10           DevilsGate    4
jackknife block size:     0.050
snps: 498990  indivs: 104
number of blocks for block jackknife: 710
dof (jackknife):   583.249
numsnps used: 425050
f4info: 
f4rank: 0 dof:     14 chisq:   300.952 tail:       7.48406835e-56 dofdiff:      0 chisqdiff:     0.000 taildiff:                    1

f4info: 
f4rank: 1 dof:      6 chisq:    54.300 tail:       6.41843188e-10 dofdiff:      8 chisqdiff:   246.652 taildiff:       8.82634763e-49
B:
          scale     1.000 
     Anatolia_N    -0.191 
            Ami     2.040 
           Mixe     0.962 
   Ganj_Dareh_N     0.136 
           Onge     0.657 
     Villabruna    -0.045 
     DevilsGate     1.193 
A:
          scale  1281.329 
       Samdzong    -1.406 
    Upper_YR_LN    -0.155 

f4info: 
f4rank: 2 dof:      0 chisq:     0.000 tail:                    1 dofdiff:      6 chisqdiff:    54.300 taildiff:       6.41843188e-10
B:
          scale     1.000     1.000 
     Anatolia_N    -0.162     0.157 
            Ami     2.006    -1.490 
           Mixe     0.948     0.652 
   Ganj_Dareh_N     0.175     0.577 
           Onge     0.619    -0.291 
     Villabruna    -0.029     0.372 
     DevilsGate     1.280     1.943 
A:
          scale  1319.258  3096.747 
       Samdzong    -1.388     0.269 
    Upper_YR_LN     0.269     1.388 

## end of run
