/home/cliu7/utils/AdmixTools/bin/qpAdm: parameter file: temp/param/qpAdm_Naxi.Rhirhi.Upper_YR_LN.pargpxf6_d6
### THE INPUT PARAMETERS
##PARAMETER NAME: VALUE
DIR: data/intermediate
S1: HO_all_merged.qpAdm
indivname: data/intermediate/HO_all_merged.qpAdm.grouped.ind
snpname: data/intermediate/HO_all_merged.qpAdm.snp
genotypename: data/intermediate/HO_all_merged.qpAdm.geno
popleft: temp/param/left.gpxf6_d6
popright: temp/param/right.gpxf6_d6
details: YES
## qpAdm version: 810
seed: 719501715
packed geno read OK
end of inpack

left pops:
Naxi
Rhirhi
Upper_YR_LN

right pops:
Mbuti
Anatolia_N
Ami
Mixe
Ganj_Dareh_N
Onge
Villabruna
DevilsGate

  0                 Naxi    9
  1               Rhirhi    4
  2          Upper_YR_LN    7
  3                Mbuti   10
  4           Anatolia_N   25
  5                  Ami   10
  6                 Mixe   10
  7         Ganj_Dareh_N    7
  8                 Onge   12
  9           Villabruna    1
 10           DevilsGate    4
jackknife block size:     0.050
snps: 498990  indivs: 99
number of blocks for block jackknife: 710
## ncols: 498990
coverage:                 Naxi 498990
coverage:               Rhirhi 489694
coverage:          Upper_YR_LN 496840
coverage:                Mbuti 498990
coverage:           Anatolia_N 498137
coverage:                  Ami 498990
coverage:                 Mixe 498990
coverage:         Ganj_Dareh_N 457128
coverage:                 Onge 498990
coverage:           Villabruna 415230
coverage:           DevilsGate 498716
dof (jackknife):   583.318
numsnps used: 422608
codimension 1
f4info: 
f4rank: 1 dof:      6 chisq:    50.497 tail:       3.73698073e-09 dofdiff:      8 chisqdiff:   -50.497 taildiff:                    1
B:
          scale     1.000 
     Anatolia_N    -0.008 
            Ami     2.100 
           Mixe     1.019 
   Ganj_Dareh_N     0.081 
           Onge     0.791 
     Villabruna    -0.431 
     DevilsGate     0.856 
A:
          scale  1074.971 
         Rhirhi    -1.397 
    Upper_YR_LN    -0.221 


full rank
f4info: 
f4rank: 2 dof:      0 chisq:     0.000 tail:                    1 dofdiff:      6 chisqdiff:    50.497 taildiff:       3.73698073e-09
B:
          scale     1.000     1.000 
     Anatolia_N     0.017     0.062 
            Ami     2.065    -1.335 
           Mixe     1.053     0.634 
   Ganj_Dareh_N     0.131     0.572 
           Onge     0.726    -0.303 
     Villabruna    -0.405     0.493 
     DevilsGate     0.958     2.037 
A:
          scale  1132.385  2974.960 
         Rhirhi    -1.400     0.172 
    Upper_YR_LN     0.200     1.404 


best coefficients:    -0.187     1.187 
Jackknife mean:     -0.172680546     1.172680546 
      std. errors:     0.117     0.117 

error covariance (* 1000000)
     13776     -13776 
    -13776      13776 


summ: Naxi    2      0.000000    -0.173     1.173 13776 -13776 13776 

    fixed pat  wt  dof     chisq       tail prob
           00  0     6    50.497     3.73698e-09    -0.187     1.187  infeasible
           01  1     7   199.829               0     1.000     0.000 
           10  1     7    56.038     9.27958e-10     0.000     1.000 
best pat:           00      3.73698e-09              -  -
best pat:           10      9.27958e-10  chi(nested):     5.541 p-value for nested model:       0.0185718

coeffs:    -0.187     1.187 

## dscore:: f_4(Base, Fit, Rbase, right2)
## genstat:: f_4(Base, Fit, right1, right2)

details:          Rhirhi      Anatolia_N    -0.000019   -0.097682
details:     Upper_YR_LN      Anatolia_N     0.000036    0.219039
dscore:      Anatolia_N f4:     0.000047 Z:     0.243589

details:          Rhirhi             Ami    -0.002633  -11.666222
details:     Upper_YR_LN             Ami    -0.000262   -1.383968
dscore:             Ami f4:     0.000182 Z:     0.829316

details:          Rhirhi            Mixe    -0.001269   -5.137447
details:     Upper_YR_LN            Mixe     0.000488    2.391270
dscore:            Mixe f4:     0.000817 Z:     3.465849

details:          Rhirhi    Ganj_Dareh_N    -0.000131   -0.535083
details:     Upper_YR_LN    Ganj_Dareh_N     0.000296    1.441701
dscore:    Ganj_Dareh_N f4:     0.000376 Z:     1.588744

details:          Rhirhi            Onge    -0.000917   -3.763856
details:     Upper_YR_LN            Onge    -0.000012   -0.060239
dscore:            Onge f4:     0.000158 Z:     0.688198

details:          Rhirhi      Villabruna     0.000528    1.657893
details:     Upper_YR_LN      Villabruna     0.000167    0.625771
dscore:      Villabruna f4:     0.000100 Z:     0.325620

details:          Rhirhi      DevilsGate    -0.001071   -3.867746
details:     Upper_YR_LN      DevilsGate     0.001134    4.812197
dscore:      DevilsGate f4:     0.001547 Z:     5.641725

gendstat:                Mbuti           Anatolia_N     0.244
gendstat:                Mbuti                  Ami     0.829
gendstat:                Mbuti                 Mixe     3.466
gendstat:                Mbuti         Ganj_Dareh_N     1.589
gendstat:                Mbuti                 Onge     0.688
gendstat:                Mbuti           Villabruna     0.326
gendstat:                Mbuti           DevilsGate     5.642
gendstat:           Anatolia_N                  Ami     0.651
gendstat:           Anatolia_N                 Mixe     3.541
gendstat:           Anatolia_N         Ganj_Dareh_N     1.699
gendstat:           Anatolia_N                 Onge     0.523
gendstat:           Anatolia_N           Villabruna     0.198
gendstat:           Anatolia_N           DevilsGate     5.954
gendstat:                  Ami                 Mixe     3.073
gendstat:                  Ami         Ganj_Dareh_N     0.789
gendstat:                  Ami                 Onge    -0.115
gendstat:                  Ami           Villabruna    -0.269
gendstat:                  Ami           DevilsGate     5.797
gendstat:                 Mixe         Ganj_Dareh_N    -1.670
gendstat:                 Mixe                 Onge    -2.727
gendstat:                 Mixe           Villabruna    -2.289
gendstat:                 Mixe           DevilsGate     2.971
gendstat:         Ganj_Dareh_N                 Onge    -0.870
gendstat:         Ganj_Dareh_N           Villabruna    -0.890
gendstat:         Ganj_Dareh_N           DevilsGate     4.087
gendstat:                 Onge           Villabruna    -0.184
gendstat:                 Onge           DevilsGate     5.094
gendstat:           Villabruna           DevilsGate     4.211

## end of run
