/home/cliu7/utils/AdmixTools/bin/qpWave: parameter file: temp/param/qpAdm_Nubri.LC.Mebrak.YR_MN.parql4jv2n2
### THE INPUT PARAMETERS
##PARAMETER NAME: VALUE
DIR: data/intermediate
S1: HO_all_merged.qpAdm
indivname: data/intermediate/HO_all_merged.qpAdm.grouped.ind
snpname: data/intermediate/HO_all_merged.qpAdm.snp
genotypename: data/intermediate/HO_all_merged.qpAdm.geno
popleft: temp/param/left.ql4jv2n2
popright: temp/param/right.ql4jv2n2
details: YES
## qpWave version: 410
packed geno read OK
end of inpack

left pops:
Nubri.LC
Mebrak
YR_MN

right pops:
Mbuti
Anatolia_N
Ami
Mixe
Ganj_Dareh_N
Onge
Villabruna
DevilsGate

  0             Nubri.LC    6
  1               Mebrak    8
  2                YR_MN    8
  3                Mbuti   10
  4           Anatolia_N   25
  5                  Ami   10
  6                 Mixe   10
  7         Ganj_Dareh_N    7
  8                 Onge   12
  9           Villabruna    1
 10           DevilsGate    4
jackknife block size:     0.050
snps: 498990  indivs: 101
number of blocks for block jackknife: 710
dof (jackknife):   582.957
numsnps used: 431776
f4info: 
f4rank: 0 dof:     14 chisq:   175.301 tail:       5.80002941e-30 dofdiff:      0 chisqdiff:     0.000 taildiff:                    1

f4info: 
f4rank: 1 dof:      6 chisq:    16.963 tail:        0.00941934848 dofdiff:      8 chisqdiff:   158.338 taildiff:       3.55965862e-30
B:
          scale     1.000 
     Anatolia_N    -0.296 
            Ami     2.115 
           Mixe     0.794 
   Ganj_Dareh_N    -0.056 
           Onge     0.322 
     Villabruna    -0.114 
     DevilsGate     1.299 
A:
          scale  1523.885 
         Mebrak     0.044 
          YR_MN     1.414 

f4info: 
f4rank: 2 dof:      0 chisq:     0.000 tail:                    1 dofdiff:      6 chisqdiff:    16.963 taildiff:        0.00941934848
B:
          scale     1.000     1.000 
     Anatolia_N    -0.365     1.171 
            Ami     2.041     0.850 
           Mixe     0.686     1.154 
   Ganj_Dareh_N    -0.035     0.096 
           Onge     0.258     0.988 
     Villabruna    -0.099     0.299 
     DevilsGate     1.468    -1.581 
A:
          scale  1541.197  5870.850 
         Mebrak     0.002    -1.414 
          YR_MN     1.414     0.002 

## end of run
