/home/cliu7/utils/AdmixTools/bin/qpWave: parameter file: temp/param/qpAdm_Nubri.LC.Chokhopani.Upper_YR_LN.parpl1rk_gc
### THE INPUT PARAMETERS
##PARAMETER NAME: VALUE
DIR: data/intermediate
S1: HO_all_merged.qpAdm
indivname: data/intermediate/HO_all_merged.qpAdm.grouped.ind
snpname: data/intermediate/HO_all_merged.qpAdm.snp
genotypename: data/intermediate/HO_all_merged.qpAdm.geno
popleft: temp/param/left.pl1rk_gc
popright: temp/param/right.pl1rk_gc
details: YES
## qpWave version: 410
packed geno read OK
end of inpack

left pops:
Nubri.LC
Chokhopani
Upper_YR_LN

right pops:
Mbuti
Anatolia_N
Ami
Mixe
Ganj_Dareh_N
Onge
Villabruna
DevilsGate

  0             Nubri.LC    6
  1           Chokhopani    2
  2          Upper_YR_LN    7
  3                Mbuti   10
  4           Anatolia_N   25
  5                  Ami   10
  6                 Mixe   10
  7         Ganj_Dareh_N    7
  8                 Onge   12
  9           Villabruna    1
 10           DevilsGate    4
jackknife block size:     0.050
snps: 498990  indivs: 94
number of blocks for block jackknife: 710
dof (jackknife):   582.802
numsnps used: 434260
f4info: 
f4rank: 0 dof:     14 chisq:   174.668 tail:       7.79242626e-30 dofdiff:      0 chisqdiff:     0.000 taildiff:                    1

f4info: 
f4rank: 1 dof:      6 chisq:    17.339 tail:        0.00811435283 dofdiff:      8 chisqdiff:   157.329 taildiff:       5.78601897e-30
B:
          scale     1.000 
     Anatolia_N    -0.084 
            Ami     1.466 
           Mixe     1.066 
   Ganj_Dareh_N     0.259 
           Onge     0.420 
     Villabruna     0.019 
     DevilsGate     1.861 
A:
          scale  1160.719 
     Chokhopani     0.182 
    Upper_YR_LN     1.402 

f4info: 
f4rank: 2 dof:      0 chisq:     0.000 tail:                    1 dofdiff:      6 chisqdiff:    17.339 taildiff:        0.00811435283
B:
          scale     1.000     1.000 
     Anatolia_N    -0.183     0.901 
            Ami     1.419     0.281 
           Mixe     0.942     1.080 
   Ganj_Dareh_N     0.155     0.889 
           Onge     0.517    -0.976 
     Villabruna    -0.185     1.765 
     DevilsGate     1.934    -0.289 
A:
          scale  1172.808  3573.021 
     Chokhopani     0.114    -1.410 
    Upper_YR_LN     1.410     0.114 

## end of run
