/home/cliu7/utils/AdmixTools/bin/qpAdm: parameter file: temp/param/qpAdm_Qiang_Daofu.Rhirhi.YR_MN.par9z7kk6cy
### THE INPUT PARAMETERS
##PARAMETER NAME: VALUE
DIR: data/intermediate
S1: HO_all_merged.qpAdm
indivname: data/intermediate/HO_all_merged.qpAdm.grouped.ind
snpname: data/intermediate/HO_all_merged.qpAdm.snp
genotypename: data/intermediate/HO_all_merged.qpAdm.geno
popleft: temp/param/left.9z7kk6cy
popright: temp/param/right.9z7kk6cy
details: YES
## qpAdm version: 810
seed: 928510948
packed geno read OK
end of inpack

left pops:
Qiang_Daofu
Rhirhi
YR_MN

right pops:
Mbuti
Anatolia_N
Ami
Mixe
Ganj_Dareh_N
Onge
Villabruna
DevilsGate

  0          Qiang_Daofu    8
  1               Rhirhi    4
  2                YR_MN    8
  3                Mbuti   10
  4           Anatolia_N   25
  5                  Ami   10
  6                 Mixe   10
  7         Ganj_Dareh_N    7
  8                 Onge   12
  9           Villabruna    1
 10           DevilsGate    4
jackknife block size:     0.050
snps: 498990  indivs: 99
number of blocks for block jackknife: 710
## ncols: 498990
coverage:          Qiang_Daofu 498036
coverage:               Rhirhi 489694
coverage:                YR_MN 497089
coverage:                Mbuti 498990
coverage:           Anatolia_N 498137
coverage:                  Ami 498990
coverage:                 Mixe 498990
coverage:         Ganj_Dareh_N 457128
coverage:                 Onge 498990
coverage:           Villabruna 415230
coverage:           DevilsGate 498716
dof (jackknife):   583.190
numsnps used: 423162
codimension 1
f4info: 
f4rank: 1 dof:      6 chisq:    22.028 tail:        0.00119672599 dofdiff:      8 chisqdiff:   -22.028 taildiff:                    1
B:
          scale     1.000 
     Anatolia_N     0.010 
            Ami     2.081 
           Mixe     1.082 
   Ganj_Dareh_N     0.231 
           Onge     0.491 
     Villabruna    -0.210 
     DevilsGate     1.076 
A:
          scale  1537.940 
         Rhirhi    -1.226 
          YR_MN     0.705 


full rank
f4info: 
f4rank: 2 dof:      0 chisq:     0.000 tail:                    1 dofdiff:      6 chisqdiff:    22.028 taildiff:        0.00119672599
B:
          scale     1.000     1.000 
     Anatolia_N     0.212     1.197 
            Ami     1.788    -1.928 
           Mixe     1.287     0.750 
   Ganj_Dareh_N     0.281     0.518 
           Onge     0.709     0.880 
     Villabruna    -0.252     0.198 
     DevilsGate     1.206     0.453 
A:
          scale  1350.760  4256.925 
         Rhirhi    -1.412    -0.193 
          YR_MN     0.073    -1.401 


best coefficients:     0.365     0.635 
Jackknife mean:      0.364060810     0.635939190 
      std. errors:     0.066     0.066 

error covariance (* 1000000)
      4370      -4370 
     -4370       4370 


summ: Qiang_Daofu    2      0.001197     0.364     0.636  4370 -4370  4370 

    fixed pat  wt  dof     chisq       tail prob
           00  0     6    22.028      0.00119673     0.365     0.635 
           01  1     7    85.327     1.12368e-15     1.000     0.000 
           10  1     7    51.294     8.04251e-09     0.000     1.000 
best pat:           00       0.00119673              -  -
best pat:           10      8.04251e-09  chi(nested):    29.266 p-value for nested model:     6.31047e-08

coeffs:     0.365     0.635 

## dscore:: f_4(Base, Fit, Rbase, right2)
## genstat:: f_4(Base, Fit, right1, right2)

details:          Rhirhi      Anatolia_N    -0.000280   -1.451748
details:           YR_MN      Anatolia_N    -0.000386   -2.103227
dscore:      Anatolia_N f4:    -0.000347 Z:    -2.359684

details:          Rhirhi             Ami    -0.001786   -8.168105
details:           YR_MN             Ami     0.000728    3.614357
dscore:             Ami f4:    -0.000189 Z:    -1.141692

details:          Rhirhi            Mixe    -0.001383   -5.735766
details:           YR_MN            Mixe    -0.000180   -0.803418
dscore:            Mixe f4:    -0.000619 Z:    -3.387077

details:          Rhirhi    Ganj_Dareh_N    -0.000322   -1.287645
details:           YR_MN    Ganj_Dareh_N    -0.000160   -0.700726
dscore:    Ganj_Dareh_N f4:    -0.000219 Z:    -1.179214

details:          Rhirhi            Onge    -0.000786   -3.290286
details:           YR_MN            Onge    -0.000255   -1.167456
dscore:            Onge f4:    -0.000449 Z:    -2.486197

details:          Rhirhi      Villabruna     0.000251    0.842839
details:           YR_MN      Villabruna    -0.000086   -0.295211
dscore:      Villabruna f4:     0.000037 Z:     0.160564

details:          Rhirhi      DevilsGate    -0.001287   -4.781950
details:           YR_MN      DevilsGate    -0.000087   -0.352218
dscore:      DevilsGate f4:    -0.000525 Z:    -2.628922

gendstat:                Mbuti           Anatolia_N    -2.360
gendstat:                Mbuti                  Ami    -1.142
gendstat:                Mbuti                 Mixe    -3.387
gendstat:                Mbuti         Ganj_Dareh_N    -1.179
gendstat:                Mbuti                 Onge    -2.486
gendstat:                Mbuti           Villabruna     0.161
gendstat:                Mbuti           DevilsGate    -2.629
gendstat:           Anatolia_N                  Ami     1.017
gendstat:           Anatolia_N                 Mixe    -1.590
gendstat:           Anatolia_N         Ganj_Dareh_N     0.846
gendstat:           Anatolia_N                 Onge    -0.618
gendstat:           Anatolia_N           Villabruna     1.883
gendstat:           Anatolia_N           DevilsGate    -0.963
gendstat:                  Ami                 Mixe    -2.775
gendstat:                  Ami         Ganj_Dareh_N    -0.161
gendstat:                  Ami                 Onge    -1.567
gendstat:                  Ami           Villabruna     0.959
gendstat:                  Ami           DevilsGate    -1.920
gendstat:                 Mixe         Ganj_Dareh_N     2.008
gendstat:                 Mixe                 Onge     0.898
gendstat:                 Mixe           Villabruna     2.754
gendstat:                 Mixe           DevilsGate     0.493
gendstat:         Ganj_Dareh_N                 Onge    -1.142
gendstat:         Ganj_Dareh_N           Villabruna     1.101
gendstat:         Ganj_Dareh_N           DevilsGate    -1.414
gendstat:                 Onge           Villabruna     1.988
gendstat:                 Onge           DevilsGate    -0.373
gendstat:           Villabruna           DevilsGate    -2.202

## end of run
