/home/cliu7/utils/AdmixTools/bin/qpAdm: parameter file: temp/param/qpAdm_Qiang_Daofu.Samdzong.YR_MN.parsbj6kxij
### THE INPUT PARAMETERS
##PARAMETER NAME: VALUE
DIR: data/intermediate
S1: HO_all_merged.qpAdm
indivname: data/intermediate/HO_all_merged.qpAdm.grouped.ind
snpname: data/intermediate/HO_all_merged.qpAdm.snp
genotypename: data/intermediate/HO_all_merged.qpAdm.geno
popleft: temp/param/left.sbj6kxij
popright: temp/param/right.sbj6kxij
details: YES
## qpAdm version: 810
seed: -1867681337
packed geno read OK
end of inpack

left pops:
Qiang_Daofu
Samdzong
YR_MN

right pops:
Mbuti
Anatolia_N
Ami
Mixe
Ganj_Dareh_N
Onge
Villabruna
DevilsGate

  0          Qiang_Daofu    8
  1             Samdzong    9
  2                YR_MN    8
  3                Mbuti   10
  4           Anatolia_N   25
  5                  Ami   10
  6                 Mixe   10
  7         Ganj_Dareh_N    7
  8                 Onge   12
  9           Villabruna    1
 10           DevilsGate    4
jackknife block size:     0.050
snps: 498990  indivs: 104
number of blocks for block jackknife: 710
## ncols: 498990
coverage:          Qiang_Daofu 498036
coverage:             Samdzong 498985
coverage:                YR_MN 497089
coverage:                Mbuti 498990
coverage:           Anatolia_N 498137
coverage:                  Ami 498990
coverage:                 Mixe 498990
coverage:         Ganj_Dareh_N 457128
coverage:                 Onge 498990
coverage:           Villabruna 415230
coverage:           DevilsGate 498716
dof (jackknife):   583.069
numsnps used: 425350
codimension 1
f4info: 
f4rank: 1 dof:      6 chisq:    21.108 tail:        0.00175459038 dofdiff:      8 chisqdiff:   -21.108 taildiff:                    1
B:
          scale     1.000 
     Anatolia_N    -0.144 
            Ami     1.913 
           Mixe     1.000 
   Ganj_Dareh_N     0.263 
           Onge     0.454 
     Villabruna     0.244 
     DevilsGate     1.409 
A:
          scale  1705.434 
       Samdzong    -1.167 
          YR_MN     0.798 


full rank
f4info: 
f4rank: 2 dof:      0 chisq:     0.000 tail:                    1 dofdiff:      6 chisqdiff:    21.108 taildiff:        0.00175459038
B:
          scale     1.000     1.000 
     Anatolia_N     0.016     1.154 
            Ami     1.694    -2.008 
           Mixe     1.136     0.666 
   Ganj_Dareh_N     0.333     0.479 
           Onge     0.568     0.827 
     Villabruna     0.244     0.242 
     DevilsGate     1.532     0.468 
A:
          scale  1609.129  4323.777 
       Samdzong    -1.412    -0.221 
          YR_MN     0.086    -1.397 


best coefficients:     0.406     0.594 
Jackknife mean:      0.406654135     0.593345865 
      std. errors:     0.066     0.066 

error covariance (* 1000000)
      4417      -4417 
     -4417       4417 


summ: Qiang_Daofu    2      0.001755     0.407     0.593  4417 -4417  4417 

    fixed pat  wt  dof     chisq       tail prob
           00  0     6    21.108      0.00175459     0.406     0.594 
           01  1     7    90.413     1.01766e-16     1.000     0.000 
           10  1     7    50.769     1.01994e-08     0.000     1.000 
best pat:           00       0.00175459              -  -
best pat:           10      1.01994e-08  chi(nested):    29.662 p-value for nested model:     5.14457e-08

coeffs:     0.406     0.594 

## dscore:: f_4(Base, Fit, Rbase, right2)
## genstat:: f_4(Base, Fit, right1, right2)

details:        Samdzong      Anatolia_N    -0.000077   -0.490040
details:           YR_MN      Anatolia_N    -0.000376   -2.053358
dscore:      Anatolia_N f4:    -0.000255 Z:    -1.800628

details:        Samdzong             Ami    -0.001387   -7.910700
details:           YR_MN             Ami     0.000736    3.655607
dscore:             Ami f4:    -0.000126 Z:    -0.805434

details:        Samdzong            Mixe    -0.001034   -5.775601
details:           YR_MN            Mixe    -0.000157   -0.701796
dscore:            Mixe f4:    -0.000513 Z:    -3.094054

details:        Samdzong    Ganj_Dareh_N    -0.000321   -1.761109
details:           YR_MN    Ganj_Dareh_N    -0.000143   -0.625060
dscore:    Ganj_Dareh_N f4:    -0.000215 Z:    -1.237613

details:        Samdzong            Onge    -0.000544   -3.019851
details:           YR_MN            Onge    -0.000240   -1.101797
dscore:            Onge f4:    -0.000364 Z:    -2.207682

details:        Samdzong      Villabruna    -0.000230   -0.968880
details:           YR_MN      Villabruna    -0.000072   -0.249995
dscore:      Villabruna f4:    -0.000136 Z:    -0.619548

details:        Samdzong      DevilsGate    -0.001371   -6.617518
details:           YR_MN      DevilsGate    -0.000072   -0.292638
dscore:      DevilsGate f4:    -0.000600 Z:    -3.199085

gendstat:                Mbuti           Anatolia_N    -1.801
gendstat:                Mbuti                  Ami    -0.805
gendstat:                Mbuti                 Mixe    -3.094
gendstat:                Mbuti         Ganj_Dareh_N    -1.238
gendstat:                Mbuti                 Onge    -2.208
gendstat:                Mbuti           Villabruna    -0.620
gendstat:                Mbuti           DevilsGate    -3.199
gendstat:           Anatolia_N                  Ami     0.901
gendstat:           Anatolia_N                 Mixe    -1.657
gendstat:           Anatolia_N         Ganj_Dareh_N     0.282
gendstat:           Anatolia_N                 Onge    -0.717
gendstat:           Anatolia_N           Villabruna     0.601
gendstat:           Anatolia_N           DevilsGate    -2.037
gendstat:                  Ami                 Mixe    -2.712
gendstat:                  Ami         Ganj_Dareh_N    -0.506
gendstat:                  Ami                 Onge    -1.586
gendstat:                  Ami           Villabruna    -0.045
gendstat:                  Ami           DevilsGate    -2.947
gendstat:                 Mixe         Ganj_Dareh_N     1.673
gendstat:                 Mixe                 Onge     0.858
gendstat:                 Mixe           Villabruna     1.658
gendstat:                 Mixe           DevilsGate    -0.493
gendstat:         Ganj_Dareh_N                 Onge    -0.805
gendstat:         Ganj_Dareh_N           Villabruna     0.347
gendstat:         Ganj_Dareh_N           DevilsGate    -1.918
gendstat:                 Onge           Villabruna     0.990
gendstat:                 Onge           DevilsGate    -1.244
gendstat:           Villabruna           DevilsGate    -1.968

## end of run
