/home/cliu7/utils/AdmixTools/bin/qpAdm: parameter file: temp/param/qpAdm_Qiang_Daofu.Sherpa.LC.YR_MN.par6p_e0z9d
### THE INPUT PARAMETERS
##PARAMETER NAME: VALUE
DIR: data/intermediate
S1: HO_all_merged.qpAdm
indivname: data/intermediate/HO_all_merged.qpAdm.grouped.ind
snpname: data/intermediate/HO_all_merged.qpAdm.snp
genotypename: data/intermediate/HO_all_merged.qpAdm.geno
popleft: temp/param/left.6p_e0z9d
popright: temp/param/right.6p_e0z9d
details: YES
## qpAdm version: 810
seed: 783803602
packed geno read OK
end of inpack

left pops:
Qiang_Daofu
Sherpa.LC
YR_MN

right pops:
Mbuti
Anatolia_N
Ami
Mixe
Ganj_Dareh_N
Onge
Villabruna
DevilsGate

  0          Qiang_Daofu    8
  1            Sherpa.LC    9
  2                YR_MN    8
  3                Mbuti   10
  4           Anatolia_N   25
  5                  Ami   10
  6                 Mixe   10
  7         Ganj_Dareh_N    7
  8                 Onge   12
  9           Villabruna    1
 10           DevilsGate    4
jackknife block size:     0.050
snps: 498990  indivs: 104
number of blocks for block jackknife: 710
## ncols: 498990
coverage:          Qiang_Daofu 498036
coverage:            Sherpa.LC 498990
coverage:                YR_MN 497089
coverage:                Mbuti 498990
coverage:           Anatolia_N 498137
coverage:                  Ami 498990
coverage:                 Mixe 498990
coverage:         Ganj_Dareh_N 457128
coverage:                 Onge 498990
coverage:           Villabruna 415230
coverage:           DevilsGate 498716
dof (jackknife):   583.098
numsnps used: 425329
codimension 1
f4info: 
f4rank: 1 dof:      6 chisq:    12.877 tail:         0.0450246319 dofdiff:      8 chisqdiff:   -12.877 taildiff:                    1
B:
          scale     1.000 
     Anatolia_N    -0.131 
            Ami     2.295 
           Mixe     0.659 
   Ganj_Dareh_N     0.020 
           Onge     0.298 
     Villabruna     0.016 
     DevilsGate     1.093 
A:
          scale  2482.555 
      Sherpa.LC    -0.901 
          YR_MN     1.090 


full rank
f4info: 
f4rank: 2 dof:      0 chisq:     0.000 tail:                    1 dofdiff:      6 chisqdiff:    12.877 taildiff:         0.0450246319
B:
          scale     1.000     1.000 
     Anatolia_N     0.103     1.276 
            Ami     2.045    -1.713 
           Mixe     0.913     0.842 
   Ganj_Dareh_N     0.123     0.503 
           Onge     0.469     0.956 
     Villabruna     0.094     0.257 
     DevilsGate     1.314     0.705 
A:
          scale  2387.912  4494.287 
      Sherpa.LC    -1.390    -0.404 
          YR_MN     0.259    -1.355 


best coefficients:     0.548     0.452 
Jackknife mean:      0.548645048     0.451354952 
      std. errors:     0.076     0.076 

error covariance (* 1000000)
      5744      -5744 
     -5744       5744 


summ: Qiang_Daofu    2      0.045025     0.549     0.451  5744 -5744  5744 

    fixed pat  wt  dof     chisq       tail prob
           00  0     6    12.877       0.0450246     0.548     0.452 
           01  1     7    47.322     4.82952e-08     1.000     0.000 
           10  1     7    50.795     1.00799e-08     0.000     1.000 
best pat:           00        0.0450246              -  -
best pat:           01      4.82952e-08  chi(nested):    34.445 p-value for nested model:      4.3849e-09

coeffs:     0.548     0.452 

## dscore:: f_4(Base, Fit, Rbase, right2)
## genstat:: f_4(Base, Fit, right1, right2)

details:       Sherpa.LC      Anatolia_N    -0.000177   -1.225590
details:           YR_MN      Anatolia_N    -0.000376   -2.053532
dscore:      Anatolia_N f4:    -0.000267 Z:    -2.069782

details:       Sherpa.LC             Ami    -0.001039   -6.301494
details:           YR_MN             Ami     0.000736    3.655995
dscore:             Ami f4:    -0.000236 Z:    -1.604848

details:       Sherpa.LC            Mixe    -0.000610   -3.429735
details:           YR_MN            Mixe    -0.000157   -0.701920
dscore:            Mixe f4:    -0.000405 Z:    -2.542343

details:       Sherpa.LC    Ganj_Dareh_N    -0.000120   -0.691350
details:           YR_MN    Ganj_Dareh_N    -0.000143   -0.624979
dscore:    Ganj_Dareh_N f4:    -0.000130 Z:    -0.812843

details:       Sherpa.LC            Onge    -0.000361   -2.121110
details:           YR_MN            Onge    -0.000240   -1.102062
dscore:            Onge f4:    -0.000306 Z:    -1.972309

details:       Sherpa.LC      Villabruna    -0.000082   -0.353865
details:           YR_MN      Villabruna    -0.000072   -0.250041
dscore:      Villabruna f4:    -0.000077 Z:    -0.378362

details:       Sherpa.LC      DevilsGate    -0.000832   -4.108993
details:           YR_MN      DevilsGate    -0.000072   -0.292630
dscore:      DevilsGate f4:    -0.000488 Z:    -2.723527

gendstat:                Mbuti           Anatolia_N    -2.070
gendstat:                Mbuti                  Ami    -1.605
gendstat:                Mbuti                 Mixe    -2.542
gendstat:                Mbuti         Ganj_Dareh_N    -0.813
gendstat:                Mbuti                 Onge    -1.972
gendstat:                Mbuti           Villabruna    -0.378
gendstat:                Mbuti           DevilsGate    -2.724
gendstat:           Anatolia_N                  Ami     0.234
gendstat:           Anatolia_N                 Mixe    -0.976
gendstat:           Anatolia_N         Ganj_Dareh_N     1.059
gendstat:           Anatolia_N                 Onge    -0.274
gendstat:           Anatolia_N           Villabruna     1.099
gendstat:           Anatolia_N           DevilsGate    -1.354
gendstat:                  Ami                 Mixe    -1.304
gendstat:                  Ami         Ganj_Dareh_N     0.652
gendstat:                  Ami                 Onge    -0.474
gendstat:                  Ami           Villabruna     0.760
gendstat:                  Ami           DevilsGate    -1.680
gendstat:                 Mixe         Ganj_Dareh_N     1.670
gendstat:                 Mixe                 Onge     0.607
gendstat:                 Mixe           Villabruna     1.584
gendstat:                 Mixe           DevilsGate    -0.501
gendstat:         Ganj_Dareh_N                 Onge    -1.028
gendstat:         Ganj_Dareh_N           Villabruna     0.253
gendstat:         Ganj_Dareh_N           DevilsGate    -1.912
gendstat:                 Onge           Villabruna     1.080
gendstat:                 Onge           DevilsGate    -1.025
gendstat:           Villabruna           DevilsGate    -1.839

## end of run
