/home/cliu7/utils/AdmixTools/bin/qpWave: parameter file: temp/param/qpAdm_Qiang_Daofu.Mebrak.Upper_YR_LN.parji05g1wi
### THE INPUT PARAMETERS
##PARAMETER NAME: VALUE
DIR: data/intermediate
S1: HO_all_merged.qpAdm
indivname: data/intermediate/HO_all_merged.qpAdm.grouped.ind
snpname: data/intermediate/HO_all_merged.qpAdm.snp
genotypename: data/intermediate/HO_all_merged.qpAdm.geno
popleft: temp/param/left.ji05g1wi
popright: temp/param/right.ji05g1wi
details: YES
## qpWave version: 410
packed geno read OK
end of inpack

left pops:
Qiang_Daofu
Mebrak
Upper_YR_LN

right pops:
Mbuti
Anatolia_N
Ami
Mixe
Ganj_Dareh_N
Onge
Villabruna
DevilsGate

  0          Qiang_Daofu    8
  1               Mebrak    8
  2          Upper_YR_LN    7
  3                Mbuti   10
  4           Anatolia_N   25
  5                  Ami   10
  6                 Mixe   10
  7         Ganj_Dareh_N    7
  8                 Onge   12
  9           Villabruna    1
 10           DevilsGate    4
jackknife block size:     0.050
snps: 498990  indivs: 102
number of blocks for block jackknife: 710
dof (jackknife):   582.906
numsnps used: 425226
f4info: 
f4rank: 0 dof:     14 chisq:   127.034 tail:       2.61412753e-20 dofdiff:      0 chisqdiff:     0.000 taildiff:                    1

f4info: 
f4rank: 1 dof:      6 chisq:    12.271 tail:         0.0561991425 dofdiff:      8 chisqdiff:   114.763 taildiff:       3.98621193e-21
B:
          scale     1.000 
     Anatolia_N     0.125 
            Ami     1.609 
           Mixe     1.212 
   Ganj_Dareh_N     0.184 
           Onge     0.723 
     Villabruna    -0.057 
     DevilsGate     1.539 
A:
          scale  1605.957 
         Mebrak    -1.194 
    Upper_YR_LN     0.758 

f4info: 
f4rank: 2 dof:      0 chisq:     0.000 tail:                    1 dofdiff:      6 chisqdiff:    12.271 taildiff:         0.0561991425
B:
          scale     1.000     1.000 
     Anatolia_N     0.201     1.582 
            Ami     1.616     0.414 
           Mixe     1.237     0.621 
   Ganj_Dareh_N     0.195    -0.166 
           Onge     0.760     0.927 
     Villabruna    -0.023     0.641 
     DevilsGate     1.484    -1.626 
A:
          scale  1559.588  6448.173 
         Mebrak    -1.259    -0.645 
    Upper_YR_LN     0.645    -1.259 

## end of run
