/home/cliu7/utils/AdmixTools/bin/qpAdm: parameter file: temp/param/qpAdm_Qiang_Daofu.Sherpa.LC.Upper_YR_LN.parwp8p1fms
### THE INPUT PARAMETERS
##PARAMETER NAME: VALUE
DIR: data/intermediate
S1: HO_all_merged.qpAdm
indivname: data/intermediate/HO_all_merged.qpAdm.grouped.ind
snpname: data/intermediate/HO_all_merged.qpAdm.snp
genotypename: data/intermediate/HO_all_merged.qpAdm.geno
popleft: temp/param/left.wp8p1fms
popright: temp/param/right.wp8p1fms
details: YES
## qpAdm version: 810
seed: 1047822808
packed geno read OK
end of inpack

left pops:
Qiang_Daofu
Sherpa.LC
Upper_YR_LN

right pops:
Mbuti
Anatolia_N
Ami
Mixe
Ganj_Dareh_N
Onge
Villabruna
DevilsGate

  0          Qiang_Daofu    8
  1            Sherpa.LC    9
  2          Upper_YR_LN    7
  3                Mbuti   10
  4           Anatolia_N   25
  5                  Ami   10
  6                 Mixe   10
  7         Ganj_Dareh_N    7
  8                 Onge   12
  9           Villabruna    1
 10           DevilsGate    4
jackknife block size:     0.050
snps: 498990  indivs: 103
number of blocks for block jackknife: 710
## ncols: 498990
coverage:          Qiang_Daofu 498036
coverage:            Sherpa.LC 498990
coverage:          Upper_YR_LN 496840
coverage:                Mbuti 498990
coverage:           Anatolia_N 498137
coverage:                  Ami 498990
coverage:                 Mixe 498990
coverage:         Ganj_Dareh_N 457128
coverage:                 Onge 498990
coverage:           Villabruna 415230
coverage:           DevilsGate 498716
dof (jackknife):   583.026
numsnps used: 424908
codimension 1
f4info: 
f4rank: 1 dof:      6 chisq:     8.015 tail:          0.237019852 dofdiff:      8 chisqdiff:    -8.015 taildiff:                    1
B:
          scale     1.000 
     Anatolia_N     0.005 
            Ami     1.663 
           Mixe     0.994 
   Ganj_Dareh_N     0.208 
           Onge     0.522 
     Villabruna    -0.027 
     DevilsGate     1.712 
A:
          scale  1955.370 
      Sherpa.LC    -1.059 
    Upper_YR_LN     0.937 


full rank
f4info: 
f4rank: 2 dof:      0 chisq:     0.000 tail:                    1 dofdiff:      6 chisqdiff:     8.015 taildiff:          0.237019852
B:
          scale     1.000     1.000 
     Anatolia_N     0.006     1.675 
            Ami     1.656     0.876 
           Mixe     1.008     0.273 
   Ganj_Dareh_N     0.224    -0.178 
           Onge     0.514     0.602 
     Villabruna    -0.030     0.829 
     DevilsGate     1.711    -1.507 
A:
          scale  1981.813  8429.740 
      Sherpa.LC    -1.132    -0.847 
    Upper_YR_LN     0.848    -1.133 


best coefficients:     0.469     0.531 
Jackknife mean:      0.471124454     0.528875546 
      std. errors:     0.080     0.080 

error covariance (* 1000000)
      6370      -6370 
     -6370       6370 


summ: Qiang_Daofu    2      0.237020     0.471     0.529  6370 -6370  6370 

    fixed pat  wt  dof     chisq       tail prob
           00  0     6     8.015         0.23702     0.469     0.531 
           01  1     7    47.039     5.48421e-08     1.000     0.000 
           10  1     7    33.001     2.64665e-05     0.000     1.000 
best pat:           00          0.23702              -  -
best pat:           10      2.64665e-05  chi(nested):    24.986 p-value for nested model:     5.77462e-07

coeffs:     0.469     0.531 

## dscore:: f_4(Base, Fit, Rbase, right2)
## genstat:: f_4(Base, Fit, right1, right2)

details:       Sherpa.LC      Anatolia_N    -0.000177   -1.219409
details:     Upper_YR_LN      Anatolia_N    -0.000226   -1.360083
dscore:      Anatolia_N f4:    -0.000203 Z:    -1.599413

details:       Sherpa.LC             Ami    -0.001037   -6.267420
details:     Upper_YR_LN             Ami     0.000588    3.012298
dscore:             Ami f4:    -0.000175 Z:    -1.187456

details:       Sherpa.LC            Mixe    -0.000609   -3.416678
details:     Upper_YR_LN            Mixe     0.000390    1.871253
dscore:            Mixe f4:    -0.000079 Z:    -0.492144

details:       Sherpa.LC    Ganj_Dareh_N    -0.000116   -0.667632
details:     Upper_YR_LN    Ganj_Dareh_N     0.000113    0.538876
dscore:    Ganj_Dareh_N f4:     0.000005 Z:     0.033642

details:       Sherpa.LC            Onge    -0.000360   -2.114958
details:     Upper_YR_LN            Onge     0.000133    0.676508
dscore:            Onge f4:    -0.000098 Z:    -0.638808

details:       Sherpa.LC      Villabruna    -0.000076   -0.328852
details:     Upper_YR_LN      Villabruna    -0.000135   -0.505339
dscore:      Villabruna f4:    -0.000107 Z:    -0.526495

details:       Sherpa.LC      DevilsGate    -0.000830   -4.094036
details:     Upper_YR_LN      DevilsGate     0.000931    3.777603
dscore:      DevilsGate f4:     0.000105 Z:     0.556432

gendstat:                Mbuti           Anatolia_N    -1.599
gendstat:                Mbuti                  Ami    -1.187
gendstat:                Mbuti                 Mixe    -0.492
gendstat:                Mbuti         Ganj_Dareh_N     0.034
gendstat:                Mbuti                 Onge    -0.639
gendstat:                Mbuti           Villabruna    -0.526
gendstat:                Mbuti           DevilsGate     0.556
gendstat:           Anatolia_N                  Ami     0.206
gendstat:           Anatolia_N                 Mixe     0.875
gendstat:           Anatolia_N         Ganj_Dareh_N     1.626
gendstat:           Anatolia_N                 Onge     0.748
gendstat:           Anatolia_N           Villabruna     0.563
gendstat:           Anatolia_N           DevilsGate     1.787
gendstat:                  Ami                 Mixe     0.704
gendstat:                  Ami         Ganj_Dareh_N     1.133
gendstat:                  Ami                 Onge     0.525
gendstat:                  Ami           Villabruna     0.331
gendstat:                  Ami           DevilsGate     1.886
gendstat:                 Mixe         Ganj_Dareh_N     0.500
gendstat:                 Mixe                 Onge    -0.118
gendstat:                 Mixe           Villabruna    -0.136
gendstat:                 Mixe           DevilsGate     1.120
gendstat:         Ganj_Dareh_N                 Onge    -0.612
gendstat:         Ganj_Dareh_N           Villabruna    -0.542
gendstat:         Ganj_Dareh_N           DevilsGate     0.525
gendstat:                 Onge           Villabruna    -0.043
gendstat:                 Onge           DevilsGate     1.097
gendstat:           Villabruna           DevilsGate     0.945

## end of run
