/home/cliu7/utils/AdmixTools/bin/qpWave: parameter file: temp/param/qpAdm_Tamang.Lubrak.Upper_YR_LN.parg7yo0c7_
### THE INPUT PARAMETERS
##PARAMETER NAME: VALUE
DIR: data/intermediate
S1: HO_all_merged.qpAdm
indivname: data/intermediate/HO_all_merged.qpAdm.grouped.ind
snpname: data/intermediate/HO_all_merged.qpAdm.snp
genotypename: data/intermediate/HO_all_merged.qpAdm.geno
popleft: temp/param/left.g7yo0c7_
popright: temp/param/right.g7yo0c7_
details: YES
## qpWave version: 410
packed geno read OK
end of inpack

left pops:
Tamang
Lubrak
Upper_YR_LN

right pops:
Mbuti
Anatolia_N
Ami
Mixe
Ganj_Dareh_N
Onge
Villabruna
DevilsGate

  0               Tamang    7
  1               Lubrak    2
  2          Upper_YR_LN    7
  3                Mbuti   10
  4           Anatolia_N   25
  5                  Ami   10
  6                 Mixe   10
  7         Ganj_Dareh_N    7
  8                 Onge   12
  9           Villabruna    1
 10           DevilsGate    4
jackknife block size:     0.050
snps: 498990  indivs: 95
number of blocks for block jackknife: 710
dof (jackknife):   583.119
numsnps used: 307952
f4info: 
f4rank: 0 dof:     14 chisq:   517.329 tail:       1.9619522e-101 dofdiff:      0 chisqdiff:     0.000 taildiff:                    1

f4info: 
f4rank: 1 dof:      6 chisq:     3.644 tail:           0.72466857 dofdiff:      8 chisqdiff:   513.685 taildiff:      8.14237979e-106
B:
          scale     1.000 
     Anatolia_N    -0.157 
            Ami     1.442 
           Mixe     1.057 
   Ganj_Dareh_N    -0.101 
           Onge     0.365 
     Villabruna    -0.016 
     DevilsGate     1.907 
A:
          scale   510.097 
         Lubrak     0.767 
    Upper_YR_LN     1.188 

f4info: 
f4rank: 2 dof:      0 chisq:     0.000 tail:                    1 dofdiff:      6 chisqdiff:     3.644 taildiff:           0.72466857
B:
          scale     1.000     1.000 
     Anatolia_N    -0.159    -0.112 
            Ami     1.429     0.697 
           Mixe     1.034     0.892 
   Ganj_Dareh_N    -0.135     0.943 
           Onge     0.345     0.790 
     Villabruna     0.025    -1.755 
     DevilsGate     1.931    -1.055 
A:
          scale   511.339  8391.919 
         Lubrak     0.768    -1.188 
    Upper_YR_LN     1.188     0.768 

## end of run
