/home/cliu7/utils/AdmixTools/bin/qpWave: parameter file: temp/param/qpAdm_Tamang.Rhirhi.YR_MN.paru_0pnsux
### THE INPUT PARAMETERS
##PARAMETER NAME: VALUE
DIR: data/intermediate
S1: HO_all_merged.qpAdm
indivname: data/intermediate/HO_all_merged.qpAdm.grouped.ind
snpname: data/intermediate/HO_all_merged.qpAdm.snp
genotypename: data/intermediate/HO_all_merged.qpAdm.geno
popleft: temp/param/left.u_0pnsux
popright: temp/param/right.u_0pnsux
details: YES
## qpWave version: 410
packed geno read OK
end of inpack

left pops:
Tamang
Rhirhi
YR_MN

right pops:
Mbuti
Anatolia_N
Ami
Mixe
Ganj_Dareh_N
Onge
Villabruna
DevilsGate

  0               Tamang    7
  1               Rhirhi    4
  2                YR_MN    8
  3                Mbuti   10
  4           Anatolia_N   25
  5                  Ami   10
  6                 Mixe   10
  7         Ganj_Dareh_N    7
  8                 Onge   12
  9           Villabruna    1
 10           DevilsGate    4
jackknife block size:     0.050
snps: 498990  indivs: 98
number of blocks for block jackknife: 710
dof (jackknife):   583.425
numsnps used: 421847
f4info: 
f4rank: 0 dof:     14 chisq:   542.662 tail:      8.23591611e-107 dofdiff:      0 chisqdiff:     0.000 taildiff:                    1

f4info: 
f4rank: 1 dof:      6 chisq:    32.663 tail:       1.21753507e-05 dofdiff:      8 chisqdiff:   510.000 taildiff:      5.02983652e-105
B:
          scale     1.000 
     Anatolia_N    -0.353 
            Ami     1.730 
           Mixe     0.937 
   Ganj_Dareh_N    -0.333 
           Onge     0.166 
     Villabruna    -0.108 
     DevilsGate     1.690 
A:
          scale   663.727 
         Rhirhi     0.556 
          YR_MN     1.300 

f4info: 
f4rank: 2 dof:      0 chisq:     0.000 tail:                    1 dofdiff:      6 chisqdiff:    32.663 taildiff:       1.21753507e-05
B:
          scale     1.000     1.000 
     Anatolia_N    -0.346     0.554 
            Ami     1.673     1.508 
           Mixe     0.936     0.418 
   Ganj_Dareh_N    -0.366     1.158 
           Onge     0.147     0.783 
     Villabruna    -0.063    -0.563 
     DevilsGate     1.745    -1.404 
A:
          scale   668.485  3893.325 
         Rhirhi     0.574    -1.293 
          YR_MN     1.293     0.574 

## end of run
