/home/cliu7/utils/AdmixTools/bin/qpAdm: parameter file: temp/param/qpAdm_Tamang.Mebrak.YR_MN.parq4zpblp5
### THE INPUT PARAMETERS
##PARAMETER NAME: VALUE
DIR: data/intermediate
S1: HO_all_merged.qpAdm
indivname: data/intermediate/HO_all_merged.qpAdm.grouped.ind
snpname: data/intermediate/HO_all_merged.qpAdm.snp
genotypename: data/intermediate/HO_all_merged.qpAdm.geno
popleft: temp/param/left.q4zpblp5
popright: temp/param/right.q4zpblp5
details: YES
## qpAdm version: 810
seed: 1697041930
packed geno read OK
end of inpack

left pops:
Tamang
Mebrak
YR_MN

right pops:
Mbuti
Anatolia_N
Ami
Mixe
Ganj_Dareh_N
Onge
Villabruna
DevilsGate

  0               Tamang    7
  1               Mebrak    8
  2                YR_MN    8
  3                Mbuti   10
  4           Anatolia_N   25
  5                  Ami   10
  6                 Mixe   10
  7         Ganj_Dareh_N    7
  8                 Onge   12
  9           Villabruna    1
 10           DevilsGate    4
jackknife block size:     0.050
snps: 498990  indivs: 102
number of blocks for block jackknife: 710
## ncols: 498990
coverage:               Tamang 498036
coverage:               Mebrak 498978
coverage:                YR_MN 497089
coverage:                Mbuti 498990
coverage:           Anatolia_N 498137
coverage:                  Ami 498990
coverage:                 Mixe 498990
coverage:         Ganj_Dareh_N 457128
coverage:                 Onge 498990
coverage:           Villabruna 415230
coverage:           DevilsGate 498716
dof (jackknife):   583.257
numsnps used: 424481
codimension 1
f4info: 
f4rank: 1 dof:      6 chisq:    29.113 tail:       5.79084483e-05 dofdiff:      8 chisqdiff:   -29.113 taildiff:                    1
B:
          scale     1.000 
     Anatolia_N    -0.349 
            Ami     1.690 
           Mixe     0.940 
   Ganj_Dareh_N    -0.326 
           Onge     0.133 
     Villabruna    -0.141 
     DevilsGate     1.730 
A:
          scale   634.713 
         Mebrak     0.668 
          YR_MN     1.246 


full rank
f4info: 
f4rank: 2 dof:      0 chisq:     0.000 tail:                    1 dofdiff:      6 chisqdiff:    29.113 taildiff:       5.79084483e-05
B:
          scale     1.000     1.000 
     Anatolia_N    -0.343     0.625 
            Ami     1.677     1.713 
           Mixe     0.957     0.193 
   Ganj_Dareh_N    -0.318     0.704 
           Onge     0.148     0.913 
     Villabruna    -0.118     0.147 
     DevilsGate     1.737    -1.512 
A:
          scale   642.459  5159.761 
         Mebrak     0.680    -1.261 
          YR_MN     1.240     0.640 


best coefficients:     2.155    -1.155 
Jackknife mean:      2.137094889    -1.137094889 
      std. errors:     0.191     0.191 

error covariance (* 1000000)
     36396     -36396 
    -36396      36396 


summ: Tamang    2      0.000058     2.137    -1.137 36396 -36396 36396 

    fixed pat  wt  dof     chisq       tail prob
           00  0     6    29.113     5.79084e-05     2.155    -1.155  infeasible
           01  1     7   184.383               0     1.000     0.000 
           10  1     7   484.067               0     0.000     1.000 
best pat:           00      5.79084e-05              -  -
best pat:           01      2.31045e-36  chi(nested):   155.270 p-value for nested model:     1.22245e-35

coeffs:     2.155    -1.155 

## dscore:: f_4(Base, Fit, Rbase, right2)
## genstat:: f_4(Base, Fit, right1, right2)

details:          Mebrak      Anatolia_N    -0.000524   -3.168877
details:           YR_MN      Anatolia_N    -0.000575   -2.878279
dscore:      Anatolia_N f4:    -0.000464 Z:    -1.287434

details:          Mebrak             Ami     0.001353    6.819834
details:           YR_MN             Ami     0.003457   15.917702
dscore:             Ami f4:    -0.001077 Z:    -2.680285

details:          Mebrak            Mixe     0.000959    4.638374
details:           YR_MN            Mixe     0.001883    7.816790
dscore:            Mixe f4:    -0.000108 Z:    -0.246138

details:          Mebrak    Ganj_Dareh_N    -0.000516   -2.809566
details:           YR_MN    Ganj_Dareh_N    -0.000515   -2.178868
dscore:    Ganj_Dareh_N f4:    -0.000517 Z:    -1.268498

details:          Mebrak            Onge    -0.000073   -0.387716
details:           YR_MN            Onge     0.000411    1.750019
dscore:            Onge f4:    -0.000632 Z:    -1.583891

details:          Mebrak      Villabruna    -0.000171   -0.682753
details:           YR_MN      Villabruna    -0.000198   -0.657517
dscore:      Villabruna f4:    -0.000139 Z:    -0.255128

details:          Mebrak      DevilsGate     0.002205    9.673251
details:           YR_MN      DevilsGate     0.003179   11.656766
dscore:      DevilsGate f4:     0.001079 Z:     2.231456

gendstat:                Mbuti           Anatolia_N    -1.287
gendstat:                Mbuti                  Ami    -2.680
gendstat:                Mbuti                 Mixe    -0.246
gendstat:                Mbuti         Ganj_Dareh_N    -1.268
gendstat:                Mbuti                 Onge    -1.584
gendstat:                Mbuti           Villabruna    -0.255
gendstat:                Mbuti           DevilsGate     2.231
gendstat:           Anatolia_N                  Ami    -1.560
gendstat:           Anatolia_N                 Mixe     0.823
gendstat:           Anatolia_N         Ganj_Dareh_N    -0.150
gendstat:           Anatolia_N                 Onge    -0.441
gendstat:           Anatolia_N           Villabruna     0.692
gendstat:           Anatolia_N           DevilsGate     3.229
gendstat:                  Ami                 Mixe     2.487
gendstat:                  Ami         Ganj_Dareh_N     1.269
gendstat:                  Ami                 Onge     1.170
gendstat:                  Ami           Villabruna     1.624
gendstat:                  Ami           DevilsGate     5.104
gendstat:                 Mixe         Ganj_Dareh_N    -0.849
gendstat:                 Mixe                 Onge    -1.221
gendstat:                 Mixe           Villabruna    -0.055
gendstat:                 Mixe           DevilsGate     2.588
gendstat:         Ganj_Dareh_N                 Onge    -0.262
gendstat:         Ganj_Dareh_N           Villabruna     0.686
gendstat:         Ganj_Dareh_N           DevilsGate     3.058
gendstat:                 Onge           Villabruna     0.876
gendstat:                 Onge           DevilsGate     3.550
gendstat:           Villabruna           DevilsGate     1.926

## end of run
