/home/cliu7/utils/AdmixTools/bin/qpAdm: parameter file: temp/param/qpAdm_Tamang.Kyang.Upper_YR_LN.parg9350v5w
### THE INPUT PARAMETERS
##PARAMETER NAME: VALUE
DIR: data/intermediate
S1: HO_all_merged.qpAdm
indivname: data/intermediate/HO_all_merged.qpAdm.grouped.ind
snpname: data/intermediate/HO_all_merged.qpAdm.snp
genotypename: data/intermediate/HO_all_merged.qpAdm.geno
popleft: temp/param/left.g9350v5w
popright: temp/param/right.g9350v5w
details: YES
## qpAdm version: 810
seed: -134471477
packed geno read OK
end of inpack

left pops:
Tamang
Kyang
Upper_YR_LN

right pops:
Mbuti
Anatolia_N
Ami
Mixe
Ganj_Dareh_N
Onge
Villabruna
DevilsGate

  0               Tamang    7
  1                Kyang    7
  2          Upper_YR_LN    7
  3                Mbuti   10
  4           Anatolia_N   25
  5                  Ami   10
  6                 Mixe   10
  7         Ganj_Dareh_N    7
  8                 Onge   12
  9           Villabruna    1
 10           DevilsGate    4
jackknife block size:     0.050
snps: 498990  indivs: 100
number of blocks for block jackknife: 710
## ncols: 498990
coverage:               Tamang 498036
coverage:                Kyang 498984
coverage:          Upper_YR_LN 496840
coverage:                Mbuti 498990
coverage:           Anatolia_N 498137
coverage:                  Ami 498990
coverage:                 Mixe 498990
coverage:         Ganj_Dareh_N 457128
coverage:                 Onge 498990
coverage:           Villabruna 415230
coverage:           DevilsGate 498716
dof (jackknife):   583.177
numsnps used: 423765
codimension 1
f4info: 
f4rank: 1 dof:      6 chisq:    18.983 tail:        0.00419198178 dofdiff:      8 chisqdiff:   -18.983 taildiff:                    1
B:
          scale     1.000 
     Anatolia_N    -0.212 
            Ami     1.451 
           Mixe     1.059 
   Ganj_Dareh_N    -0.203 
           Onge     0.317 
     Villabruna    -0.118 
     DevilsGate     1.890 
A:
          scale   563.121 
          Kyang     0.633 
    Upper_YR_LN     1.265 


full rank
f4info: 
f4rank: 2 dof:      0 chisq:     0.000 tail:                    1 dofdiff:      6 chisqdiff:    18.983 taildiff:        0.00419198178
B:
          scale     1.000     1.000 
     Anatolia_N    -0.212     0.555 
            Ami     1.446     0.636 
           Mixe     1.071     0.114 
   Ganj_Dareh_N    -0.202     2.313 
           Onge     0.336     0.211 
     Villabruna    -0.108    -0.304 
     DevilsGate     1.885    -0.887 
A:
          scale   573.664  5820.683 
          Kyang     0.580    -1.339 
    Upper_YR_LN     1.290     0.455 


best coefficients:     2.002    -1.002 
Jackknife mean:      1.988304543    -0.988304543 
      std. errors:     0.152     0.152 

error covariance (* 1000000)
     23236     -23236 
    -23236      23236 


summ: Tamang    2      0.004192     1.988    -0.988 23236 -23236 23236 

    fixed pat  wt  dof     chisq       tail prob
           00  0     6    18.983      0.00419198     2.002    -1.002  infeasible
           01  1     7   167.554               0     1.000     0.000 
           10  1     7   535.506               0     0.000     1.000 
best pat:           00       0.00419198              -  -
best pat:           01      8.22781e-33  chi(nested):   148.571 p-value for nested model:     3.55887e-34

coeffs:     2.002    -1.002 

## dscore:: f_4(Base, Fit, Rbase, right2)
## genstat:: f_4(Base, Fit, right1, right2)

details:           Kyang      Anatolia_N    -0.000356   -2.225470
details:     Upper_YR_LN      Anatolia_N    -0.000423   -2.360356
dscore:      Anatolia_N f4:    -0.000288 Z:    -0.914336

details:           Kyang             Ami     0.001310    6.516083
details:     Upper_YR_LN             Ami     0.003310   16.106957
dscore:             Ami f4:    -0.000694 Z:    -1.888848

details:           Kyang            Mixe     0.001045    4.869332
details:     Upper_YR_LN            Mixe     0.002428   11.138650
dscore:            Mixe f4:    -0.000340 Z:    -0.834444

details:           Kyang    Ganj_Dareh_N    -0.000747   -3.985968
details:     Upper_YR_LN    Ganj_Dareh_N    -0.000263   -1.221174
dscore:    Ganj_Dareh_N f4:    -0.001232 Z:    -3.272889

details:           Kyang            Onge     0.000280    1.416965
details:     Upper_YR_LN            Onge     0.000784    3.862466
dscore:            Onge f4:    -0.000225 Z:    -0.597448

details:           Kyang      Villabruna    -0.000059   -0.232251
details:     Upper_YR_LN      Villabruna    -0.000255   -0.909184
dscore:      Villabruna f4:     0.000137 Z:     0.280056

details:           Kyang      DevilsGate     0.002101    9.084046
details:     Upper_YR_LN      DevilsGate     0.004181   16.251767
dscore:      DevilsGate f4:     0.000016 Z:     0.035607

gendstat:                Mbuti           Anatolia_N    -0.914
gendstat:                Mbuti                  Ami    -1.889
gendstat:                Mbuti                 Mixe    -0.834
gendstat:                Mbuti         Ganj_Dareh_N    -3.273
gendstat:                Mbuti                 Onge    -0.597
gendstat:                Mbuti           Villabruna     0.280
gendstat:                Mbuti           DevilsGate     0.036
gendstat:           Anatolia_N                  Ami    -1.179
gendstat:           Anatolia_N                 Mixe    -0.143
gendstat:           Anatolia_N         Ganj_Dareh_N    -2.928
gendstat:           Anatolia_N                 Onge     0.179
gendstat:           Anatolia_N           Villabruna     1.049
gendstat:           Anatolia_N           DevilsGate     0.708
gendstat:                  Ami                 Mixe     1.073
gendstat:                  Ami         Ganj_Dareh_N    -1.344
gendstat:                  Ami                 Onge     1.382
gendstat:                  Ami           Villabruna     1.669
gendstat:                  Ami           DevilsGate     1.984
gendstat:                 Mixe         Ganj_Dareh_N    -2.073
gendstat:                 Mixe                 Onge     0.292
gendstat:                 Mixe           Villabruna     0.933
gendstat:                 Mixe           DevilsGate     0.888
gendstat:         Ganj_Dareh_N                 Onge     2.433
gendstat:         Ganj_Dareh_N           Villabruna     2.883
gendstat:         Ganj_Dareh_N           DevilsGate     2.646
gendstat:                 Onge           Villabruna     0.727
gendstat:                 Onge           DevilsGate     0.557
gendstat:           Villabruna           DevilsGate    -0.217

## end of run
