/home/cliu7/utils/AdmixTools/bin/qpWave: parameter file: temp/param/qpAdm_Tamang.Chokhopani.Upper_YR_LN.parljf7qwwu
### THE INPUT PARAMETERS
##PARAMETER NAME: VALUE
DIR: data/intermediate
S1: HO_all_merged.qpAdm
indivname: data/intermediate/HO_all_merged.qpAdm.grouped.ind
snpname: data/intermediate/HO_all_merged.qpAdm.snp
genotypename: data/intermediate/HO_all_merged.qpAdm.geno
popleft: temp/param/left.ljf7qwwu
popright: temp/param/right.ljf7qwwu
details: YES
## qpWave version: 410
packed geno read OK
end of inpack

left pops:
Tamang
Chokhopani
Upper_YR_LN

right pops:
Mbuti
Anatolia_N
Ami
Mixe
Ganj_Dareh_N
Onge
Villabruna
DevilsGate

  0               Tamang    7
  1           Chokhopani    2
  2          Upper_YR_LN    7
  3                Mbuti   10
  4           Anatolia_N   25
  5                  Ami   10
  6                 Mixe   10
  7         Ganj_Dareh_N    7
  8                 Onge   12
  9           Villabruna    1
 10           DevilsGate    4
jackknife block size:     0.050
snps: 498990  indivs: 95
number of blocks for block jackknife: 710
dof (jackknife):   583.143
numsnps used: 425560
f4info: 
f4rank: 0 dof:     14 chisq:   564.486 tail:      1.90203108e-111 dofdiff:      0 chisqdiff:     0.000 taildiff:                    1

f4info: 
f4rank: 1 dof:      6 chisq:    16.256 tail:         0.0124451847 dofdiff:      8 chisqdiff:   548.230 taildiff:      3.11754259e-113
B:
          scale     1.000 
     Anatolia_N    -0.208 
            Ami     1.482 
           Mixe     1.062 
   Ganj_Dareh_N    -0.160 
           Onge     0.376 
     Villabruna    -0.146 
     DevilsGate     1.856 
A:
          scale   556.333 
     Chokhopani     0.683 
    Upper_YR_LN     1.239 

f4info: 
f4rank: 2 dof:      0 chisq:     0.000 tail:                    1 dofdiff:      6 chisqdiff:    16.256 taildiff:         0.0124451847
B:
          scale     1.000     1.000 
     Anatolia_N    -0.261     0.917 
            Ami     1.460     0.246 
           Mixe     1.023     0.811 
   Ganj_Dareh_N    -0.244     1.628 
           Onge     0.390    -0.514 
     Villabruna    -0.237     1.590 
     DevilsGate     1.867     0.014 
A:
          scale   565.861  3707.342 
     Chokhopani     0.641    -1.261 
    Upper_YR_LN     1.261     0.641 

## end of run
