/home/cliu7/utils/AdmixTools/bin/qpAdm: parameter file: temp/param/qpAdm_Tibetan_Nagqu.Mebrak.Upper_YR_LN.parcg7s30sc
### THE INPUT PARAMETERS
##PARAMETER NAME: VALUE
DIR: data/intermediate
S1: HO_all_merged.qpAdm
indivname: data/intermediate/HO_all_merged.qpAdm.grouped.ind
snpname: data/intermediate/HO_all_merged.qpAdm.snp
genotypename: data/intermediate/HO_all_merged.qpAdm.geno
popleft: temp/param/left.cg7s30sc
popright: temp/param/right.cg7s30sc
details: YES
## qpAdm version: 810
seed: -1611641615
packed geno read OK
end of inpack

left pops:
Tibetan_Nagqu
Mebrak
Upper_YR_LN

right pops:
Mbuti
Anatolia_N
Ami
Mixe
Ganj_Dareh_N
Onge
Villabruna
DevilsGate

  0        Tibetan_Nagqu    8
  1               Mebrak    8
  2          Upper_YR_LN    7
  3                Mbuti   10
  4           Anatolia_N   25
  5                  Ami   10
  6                 Mixe   10
  7         Ganj_Dareh_N    7
  8                 Onge   12
  9           Villabruna    1
 10           DevilsGate    4
jackknife block size:     0.050
snps: 498990  indivs: 102
number of blocks for block jackknife: 710
## ncols: 498990
coverage:        Tibetan_Nagqu 498036
coverage:               Mebrak 498978
coverage:          Upper_YR_LN 496840
coverage:                Mbuti 498990
coverage:           Anatolia_N 498137
coverage:                  Ami 498990
coverage:                 Mixe 498990
coverage:         Ganj_Dareh_N 457128
coverage:                 Onge 498990
coverage:           Villabruna 415230
coverage:           DevilsGate 498716
dof (jackknife):   583.217
numsnps used: 424935
codimension 1
f4info: 
f4rank: 1 dof:      6 chisq:    12.833 tail:         0.0457580336 dofdiff:      8 chisqdiff:   -12.833 taildiff:                    1
B:
          scale     1.000 
     Anatolia_N     0.038 
            Ami     1.581 
           Mixe     1.151 
   Ganj_Dareh_N     0.194 
           Onge     0.646 
     Villabruna    -0.075 
     DevilsGate     1.647 
A:
          scale  1648.442 
         Mebrak    -0.717 
    Upper_YR_LN     1.219 


full rank
f4info: 
f4rank: 2 dof:      0 chisq:     0.000 tail:                    1 dofdiff:      6 chisqdiff:    12.833 taildiff:         0.0457580336
B:
          scale     1.000     1.000 
     Anatolia_N     0.043     0.693 
            Ami     1.548     0.708 
           Mixe     1.144     0.900 
   Ganj_Dareh_N     0.230    -0.578 
           Onge     0.629     1.247 
     Villabruna    -0.074    -0.054 
     DevilsGate     1.685    -1.821 
A:
          scale  1599.254  6416.347 
         Mebrak    -0.770    -1.158 
    Upper_YR_LN     1.186    -0.811 


best coefficients:     0.630     0.370 
Jackknife mean:      0.629176183     0.370823817 
      std. errors:     0.075     0.075 

error covariance (* 1000000)
      5672      -5672 
     -5672       5672 


summ: Tibetan_Nagqu    2      0.045758     0.629     0.371  5672 -5672  5672 

    fixed pat  wt  dof     chisq       tail prob
           00  0     6    12.833        0.045758     0.630     0.370 
           01  1     7    34.167     1.60308e-05     1.000     0.000 
           10  1     7    67.847     4.01941e-12     0.000     1.000 
best pat:           00         0.045758              -  -
best pat:           01      1.60308e-05  chi(nested):    21.333 p-value for nested model:     3.85995e-06

coeffs:     0.630     0.370 

## dscore:: f_4(Base, Fit, Rbase, right2)
## genstat:: f_4(Base, Fit, right1, right2)

details:          Mebrak      Anatolia_N    -0.000149   -0.929632
details:     Upper_YR_LN      Anatolia_N    -0.000054   -0.314181
dscore:      Anatolia_N f4:    -0.000114 Z:    -0.855180

details:          Mebrak             Ami    -0.000875   -4.947482
details:     Upper_YR_LN             Ami     0.001059    5.502333
dscore:             Ami f4:    -0.000159 Z:    -1.065293

details:          Mebrak            Mixe    -0.000716   -3.685455
details:     Upper_YR_LN            Mixe     0.000736    3.602115
dscore:            Mixe f4:    -0.000178 Z:    -1.090643

details:          Mebrak    Ganj_Dareh_N    -0.000010   -0.054644
details:     Upper_YR_LN    Ganj_Dareh_N     0.000244    1.161196
dscore:    Ganj_Dareh_N f4:     0.000084 Z:     0.536657

details:          Mebrak            Onge    -0.000531   -3.002418
details:     Upper_YR_LN            Onge     0.000309    1.629690
dscore:            Onge f4:    -0.000220 Z:    -1.480026

details:          Mebrak      Villabruna     0.000040    0.176228
details:     Upper_YR_LN      Villabruna    -0.000049   -0.183066
dscore:      Villabruna f4:     0.000007 Z:     0.038515

details:          Mebrak      DevilsGate    -0.000484   -2.312194
details:     Upper_YR_LN      DevilsGate     0.001483    6.144880
dscore:      DevilsGate f4:     0.000244 Z:     1.392285

gendstat:                Mbuti           Anatolia_N    -0.855
gendstat:                Mbuti                  Ami    -1.065
gendstat:                Mbuti                 Mixe    -1.091
gendstat:                Mbuti         Ganj_Dareh_N     0.537
gendstat:                Mbuti                 Onge    -1.480
gendstat:                Mbuti           Villabruna     0.039
gendstat:                Mbuti           DevilsGate     1.392
gendstat:           Anatolia_N                  Ami    -0.327
gendstat:           Anatolia_N                 Mixe    -0.421
gendstat:           Anatolia_N         Ganj_Dareh_N     1.519
gendstat:           Anatolia_N                 Onge    -0.775
gendstat:           Anatolia_N           Villabruna     0.732
gendstat:           Anatolia_N           DevilsGate     2.094
gendstat:                  Ami                 Mixe    -0.135
gendstat:                  Ami         Ganj_Dareh_N     1.444
gendstat:                  Ami                 Onge    -0.417
gendstat:                  Ami           Villabruna     0.839
gendstat:                  Ami           DevilsGate     2.561
gendstat:                 Mixe         Ganj_Dareh_N     1.488
gendstat:                 Mixe                 Onge    -0.253
gendstat:                 Mixe           Villabruna     0.944
gendstat:                 Mixe           DevilsGate     2.571
gendstat:         Ganj_Dareh_N                 Onge    -1.830
gendstat:         Ganj_Dareh_N           Villabruna    -0.386
gendstat:         Ganj_Dareh_N           DevilsGate     0.823
gendstat:                 Onge           Villabruna     1.144
gendstat:                 Onge           DevilsGate     2.519
gendstat:           Villabruna           DevilsGate     1.055

## end of run
