/home/cliu7/utils/AdmixTools/bin/qpWave: parameter file: temp/param/qpAdm_Tibetan_Chamdo.Mebrak.YR_MN.parl0e7tto5
### THE INPUT PARAMETERS
##PARAMETER NAME: VALUE
DIR: data/intermediate
S1: HO_all_merged.qpAdm
indivname: data/intermediate/HO_all_merged.qpAdm.grouped.ind
snpname: data/intermediate/HO_all_merged.qpAdm.snp
genotypename: data/intermediate/HO_all_merged.qpAdm.geno
popleft: temp/param/left.l0e7tto5
popright: temp/param/right.l0e7tto5
details: YES
## qpWave version: 410
packed geno read OK
end of inpack

left pops:
Tibetan_Chamdo
Mebrak
YR_MN

right pops:
Mbuti
Anatolia_N
Ami
Mixe
Ganj_Dareh_N
Onge
Villabruna
DevilsGate

  0       Tibetan_Chamdo   12
  1               Mebrak    8
  2                YR_MN    8
  3                Mbuti   10
  4           Anatolia_N   25
  5                  Ami   10
  6                 Mixe   10
  7         Ganj_Dareh_N    7
  8                 Onge   12
  9           Villabruna    1
 10           DevilsGate    4
jackknife block size:     0.050
snps: 498990  indivs: 107
number of blocks for block jackknife: 710
dof (jackknife):   583.283
numsnps used: 423815
f4info: 
f4rank: 0 dof:     14 chisq:   147.857 tail:       1.92758272e-24 dofdiff:      0 chisqdiff:     0.000 taildiff:                    1

f4info: 
f4rank: 1 dof:      6 chisq:    19.835 tail:        0.00296330798 dofdiff:      8 chisqdiff:   128.022 taildiff:       7.26845796e-24
B:
          scale     1.000 
     Anatolia_N    -0.086 
            Ami     2.264 
           Mixe     0.908 
   Ganj_Dareh_N    -0.008 
           Onge     0.398 
     Villabruna    -0.074 
     DevilsGate     0.937 
A:
          scale  2118.079 
         Mebrak    -0.745 
          YR_MN     1.202 

f4info: 
f4rank: 2 dof:      0 chisq:     0.000 tail:                    1 dofdiff:      6 chisqdiff:    19.835 taildiff:        0.00296330798
B:
          scale     1.000     1.000 
     Anatolia_N    -0.042     0.596 
            Ami     2.164    -1.310 
           Mixe     0.993     1.643 
   Ganj_Dareh_N    -0.017    -0.919 
           Onge     0.519     0.803 
     Villabruna    -0.037    -0.407 
     DevilsGate     1.029     0.758 
A:
          scale  2075.094  5777.459 
         Mebrak    -1.052    -0.945 
          YR_MN     0.945    -1.052 

## end of run
