/home/cliu7/utils/AdmixTools/bin/qpAdm: parameter file: temp/param/qpAdm_Tibetan_Nagqu.Samdzong.Upper_YR_LN.paravfcrhov
### THE INPUT PARAMETERS
##PARAMETER NAME: VALUE
DIR: data/intermediate
S1: HO_all_merged.qpAdm
indivname: data/intermediate/HO_all_merged.qpAdm.grouped.ind
snpname: data/intermediate/HO_all_merged.qpAdm.snp
genotypename: data/intermediate/HO_all_merged.qpAdm.geno
popleft: temp/param/left.avfcrhov
popright: temp/param/right.avfcrhov
details: YES
## qpAdm version: 810
seed: -1503514437
packed geno read OK
end of inpack

left pops:
Tibetan_Nagqu
Samdzong
Upper_YR_LN

right pops:
Mbuti
Anatolia_N
Ami
Mixe
Ganj_Dareh_N
Onge
Villabruna
DevilsGate

  0        Tibetan_Nagqu    8
  1             Samdzong    9
  2          Upper_YR_LN    7
  3                Mbuti   10
  4           Anatolia_N   25
  5                  Ami   10
  6                 Mixe   10
  7         Ganj_Dareh_N    7
  8                 Onge   12
  9           Villabruna    1
 10           DevilsGate    4
jackknife block size:     0.050
snps: 498990  indivs: 103
number of blocks for block jackknife: 710
## ncols: 498990
coverage:        Tibetan_Nagqu 498036
coverage:             Samdzong 498985
coverage:          Upper_YR_LN 496840
coverage:                Mbuti 498990
coverage:           Anatolia_N 498137
coverage:                  Ami 498990
coverage:                 Mixe 498990
coverage:         Ganj_Dareh_N 457128
coverage:                 Onge 498990
coverage:           Villabruna 415230
coverage:           DevilsGate 498716
dof (jackknife):   583.182
numsnps used: 424643
codimension 1
f4info: 
f4rank: 1 dof:      6 chisq:     4.016 tail:          0.674574851 dofdiff:      8 chisqdiff:    -4.016 taildiff:                    1
B:
          scale     1.000 
     Anatolia_N    -0.102 
            Ami     1.529 
           Mixe     1.089 
   Ganj_Dareh_N     0.322 
           Onge     0.527 
     Villabruna     0.089 
     DevilsGate     1.754 
A:
          scale  1518.378 
       Samdzong    -0.854 
    Upper_YR_LN     1.127 


full rank
f4info: 
f4rank: 2 dof:      0 chisq:     0.000 tail:                    1 dofdiff:      6 chisqdiff:     4.016 taildiff:          0.674574851
B:
          scale     1.000     1.000 
     Anatolia_N    -0.114    -0.493 
            Ami     1.513     1.067 
           Mixe     1.089     1.067 
   Ganj_Dareh_N     0.327     0.001 
           Onge     0.511     0.892 
     Villabruna     0.069     1.036 
     DevilsGate     1.772    -1.615 
A:
          scale  1512.868 11525.271 
       Samdzong    -0.815    -1.028 
    Upper_YR_LN     1.155    -0.972 


best coefficients:     0.569     0.431 
Jackknife mean:      0.568781554     0.431218446 
      std. errors:     0.059     0.059 

error covariance (* 1000000)
      3442      -3442 
     -3442       3442 


summ: Tibetan_Nagqu    2      0.674575     0.569     0.431  3442 -3442  3442 

    fixed pat  wt  dof     chisq       tail prob
           00  0     6     4.016        0.674575     0.569     0.431 
           01  1     7    44.453     1.74617e-07     1.000     0.000 
           10  1     7    67.846     4.01982e-12     0.000     1.000 
best pat:           00         0.674575              -  -
best pat:           01      1.74617e-07  chi(nested):    40.437 p-value for nested model:     2.03021e-10

coeffs:     0.569     0.431 

## dscore:: f_4(Base, Fit, Rbase, right2)
## genstat:: f_4(Base, Fit, right1, right2)

details:        Samdzong      Anatolia_N     0.000094    0.631467
details:     Upper_YR_LN      Anatolia_N    -0.000054   -0.314160
dscore:      Anatolia_N f4:     0.000030 Z:     0.237673

details:        Samdzong             Ami    -0.000917   -5.322948
details:     Upper_YR_LN             Ami     0.001060    5.502426
dscore:             Ami f4:    -0.000065 Z:    -0.444809

details:        Samdzong            Mixe    -0.000692   -3.778958
details:     Upper_YR_LN            Mixe     0.000736    3.602377
dscore:            Mixe f4:    -0.000076 Z:    -0.496229

details:        Samdzong    Ganj_Dareh_N    -0.000185   -1.047472
details:     Upper_YR_LN    Ganj_Dareh_N     0.000244    1.161266
dscore:    Ganj_Dareh_N f4:    -0.000000 Z:    -0.000894

details:        Samdzong            Onge    -0.000363   -2.097389
details:     Upper_YR_LN            Onge     0.000309    1.629571
dscore:            Onge f4:    -0.000074 Z:    -0.512258

details:        Samdzong      Villabruna    -0.000146   -0.623873
details:     Upper_YR_LN      Villabruna    -0.000049   -0.183074
dscore:      Villabruna f4:    -0.000104 Z:    -0.531103

details:        Samdzong      DevilsGate    -0.000819   -3.999717
details:     Upper_YR_LN      DevilsGate     0.001484    6.144667
dscore:      DevilsGate f4:     0.000173 Z:     0.977927

gendstat:                Mbuti           Anatolia_N     0.238
gendstat:                Mbuti                  Ami    -0.445
gendstat:                Mbuti                 Mixe    -0.496
gendstat:                Mbuti         Ganj_Dareh_N    -0.001
gendstat:                Mbuti                 Onge    -0.512
gendstat:                Mbuti           Villabruna    -0.531
gendstat:                Mbuti           DevilsGate     0.978
gendstat:           Anatolia_N                  Ami    -0.692
gendstat:           Anatolia_N                 Mixe    -0.712
gendstat:           Anatolia_N         Ganj_Dareh_N    -0.246
gendstat:           Anatolia_N                 Onge    -0.768
gendstat:           Anatolia_N           Villabruna    -0.798
gendstat:           Anatolia_N           DevilsGate     0.847
gendstat:                  Ami                 Mixe    -0.083
gendstat:                  Ami         Ganj_Dareh_N     0.397
gendstat:                  Ami                 Onge    -0.061
gendstat:                  Ami           Villabruna    -0.193
gendstat:                  Ami           DevilsGate     1.626
gendstat:                 Mixe         Ganj_Dareh_N     0.447
gendstat:                 Mixe                 Onge     0.017
gendstat:                 Mixe           Villabruna    -0.137
gendstat:                 Mixe           DevilsGate     1.534
gendstat:         Ganj_Dareh_N                 Onge    -0.441
gendstat:         Ganj_Dareh_N           Villabruna    -0.534
gendstat:         Ganj_Dareh_N           DevilsGate     0.912
gendstat:                 Onge           Villabruna    -0.153
gendstat:                 Onge           DevilsGate     1.427
gendstat:           Villabruna           DevilsGate     1.209

## end of run
