/home/cliu7/utils/AdmixTools/bin/qpAdm: parameter file: temp/param/qpAdm_Tibetan_Shannan.UpperMustang.LC.YR_MN.par9u2yv3du
### THE INPUT PARAMETERS
##PARAMETER NAME: VALUE
DIR: data/intermediate
S1: HO_all_merged.qpAdm
indivname: data/intermediate/HO_all_merged.qpAdm.grouped.ind
snpname: data/intermediate/HO_all_merged.qpAdm.snp
genotypename: data/intermediate/HO_all_merged.qpAdm.geno
popleft: temp/param/left.9u2yv3du
popright: temp/param/right.9u2yv3du
details: YES
## qpAdm version: 810
seed: -1383446484
packed geno read OK
end of inpack

left pops:
Tibetan_Shannan
UpperMustang.LC
YR_MN

right pops:
Mbuti
Anatolia_N
Ami
Mixe
Ganj_Dareh_N
Onge
Villabruna
DevilsGate

  0      Tibetan_Shannan    9
  1      UpperMustang.LC   11
  2                YR_MN    8
  3                Mbuti   10
  4           Anatolia_N   25
  5                  Ami   10
  6                 Mixe   10
  7         Ganj_Dareh_N    7
  8                 Onge   12
  9           Villabruna    1
 10           DevilsGate    4
jackknife block size:     0.050
snps: 498990  indivs: 107
number of blocks for block jackknife: 710
## ncols: 498990
coverage:      Tibetan_Shannan 498036
coverage:      UpperMustang.LC 498990
coverage:                YR_MN 497089
coverage:                Mbuti 498990
coverage:           Anatolia_N 498137
coverage:                  Ami 498990
coverage:                 Mixe 498990
coverage:         Ganj_Dareh_N 457128
coverage:                 Onge 498990
coverage:           Villabruna 415230
coverage:           DevilsGate 498716
dof (jackknife):   583.306
numsnps used: 423925
codimension 1
f4info: 
f4rank: 1 dof:      6 chisq:     7.196 tail:          0.303124968 dofdiff:      8 chisqdiff:    -7.196 taildiff:                    1
B:
          scale     1.000 
     Anatolia_N    -0.244 
            Ami     2.155 
           Mixe     0.687 
   Ganj_Dareh_N     0.133 
           Onge     0.195 
     Villabruna     0.012 
     DevilsGate     1.330 
A:
          scale  1842.776 
UpperMustang.LC    -0.144 
          YR_MN     1.407 


full rank
f4info: 
f4rank: 2 dof:      0 chisq:     0.000 tail:                    1 dofdiff:      6 chisqdiff:     7.196 taildiff:          0.303124968
B:
          scale     1.000     1.000 
     Anatolia_N    -0.265     1.059 
            Ami     2.173    -1.297 
           Mixe     0.679     0.730 
   Ganj_Dareh_N     0.093     1.436 
           Onge     0.201     0.740 
     Villabruna     0.087    -0.804 
     DevilsGate     1.301     0.639 
A:
          scale  1967.710  8414.648 
UpperMustang.LC    -0.424    -1.303 
          YR_MN     1.349    -0.549 


best coefficients:     0.907     0.093 
Jackknife mean:      0.904476659     0.095523341 
      std. errors:     0.072     0.072 

error covariance (* 1000000)
      5167      -5167 
     -5167       5167 


summ: Tibetan_Shannan    2      0.303125     0.904     0.096  5167 -5167  5167 

    fixed pat  wt  dof     chisq       tail prob
           00  0     6     7.196        0.303125     0.907     0.093 
           01  1     7     8.987        0.253565     1.000     0.000 
           10  1     7   115.360     7.07455e-22     0.000     1.000 
best pat:           00         0.303125              -  -
best pat:           01         0.253565  chi(nested):     1.792 p-value for nested model:        0.180729

coeffs:     0.907     0.093 

## dscore:: f_4(Base, Fit, Rbase, right2)
## genstat:: f_4(Base, Fit, right1, right2)

details: UpperMustang.LC      Anatolia_N    -0.000109   -0.858908
details:           YR_MN      Anatolia_N    -0.000251   -1.352200
dscore:      Anatolia_N f4:    -0.000122 Z:    -1.007709

details: UpperMustang.LC             Ami    -0.000268   -1.798722
details:           YR_MN             Ami     0.001575    7.961403
dscore:             Ami f4:    -0.000097 Z:    -0.683325

details: UpperMustang.LC            Mixe    -0.000260   -1.698245
details:           YR_MN            Mixe     0.000419    1.885652
dscore:            Mixe f4:    -0.000197 Z:    -1.351774

details: UpperMustang.LC    Ganj_Dareh_N    -0.000245   -1.634640
details:           YR_MN    Ganj_Dareh_N    -0.000030   -0.131269
dscore:    Ganj_Dareh_N f4:    -0.000225 Z:    -1.565593

details: UpperMustang.LC            Onge    -0.000160   -1.100339
details:           YR_MN            Onge     0.000090    0.405643
dscore:            Onge f4:    -0.000137 Z:    -0.974829

details: UpperMustang.LC      Villabruna     0.000103    0.521382
details:           YR_MN      Villabruna     0.000112    0.384649
dscore:      Villabruna f4:     0.000104 Z:     0.547923

details: UpperMustang.LC      DevilsGate    -0.000380   -2.199328
details:           YR_MN      DevilsGate     0.000853    3.420871
dscore:      DevilsGate f4:    -0.000265 Z:    -1.610670

gendstat:                Mbuti           Anatolia_N    -1.008
gendstat:                Mbuti                  Ami    -0.683
gendstat:                Mbuti                 Mixe    -1.352
gendstat:                Mbuti         Ganj_Dareh_N    -1.566
gendstat:                Mbuti                 Onge    -0.975
gendstat:                Mbuti           Villabruna     0.548
gendstat:                Mbuti           DevilsGate    -1.611
gendstat:           Anatolia_N                  Ami     0.179
gendstat:           Anatolia_N                 Mixe    -0.515
gendstat:           Anatolia_N         Ganj_Dareh_N    -0.928
gendstat:           Anatolia_N                 Onge    -0.108
gendstat:           Anatolia_N           Villabruna     1.412
gendstat:           Anatolia_N           DevilsGate    -0.878
gendstat:                  Ami                 Mixe    -0.769
gendstat:                  Ami         Ganj_Dareh_N    -0.812
gendstat:                  Ami                 Onge    -0.291
gendstat:                  Ami           Villabruna     1.043
gendstat:                  Ami           DevilsGate    -1.285
gendstat:                 Mixe         Ganj_Dareh_N    -0.170
gendstat:                 Mixe                 Onge     0.417
gendstat:                 Mixe           Villabruna     1.539
gendstat:                 Mixe           DevilsGate    -0.468
gendstat:         Ganj_Dareh_N                 Onge     0.567
gendstat:         Ganj_Dareh_N           Villabruna     1.770
gendstat:         Ganj_Dareh_N           DevilsGate    -0.229
gendstat:                 Onge           Villabruna     1.256
gendstat:                 Onge           DevilsGate    -0.819
gendstat:           Villabruna           DevilsGate    -1.781

## end of run
