/home/cliu7/utils/AdmixTools/bin/qpWave: parameter file: temp/param/qpAdm_Tibetan_Chamdo.Lubrak.Upper_YR_LN.par4ad3akmv
### THE INPUT PARAMETERS
##PARAMETER NAME: VALUE
DIR: data/intermediate
S1: HO_all_merged.qpAdm
indivname: data/intermediate/HO_all_merged.qpAdm.grouped.ind
snpname: data/intermediate/HO_all_merged.qpAdm.snp
genotypename: data/intermediate/HO_all_merged.qpAdm.geno
popleft: temp/param/left.4ad3akmv
popright: temp/param/right.4ad3akmv
details: YES
## qpWave version: 410
packed geno read OK
end of inpack

left pops:
Tibetan_Chamdo
Lubrak
Upper_YR_LN

right pops:
Mbuti
Anatolia_N
Ami
Mixe
Ganj_Dareh_N
Onge
Villabruna
DevilsGate

  0       Tibetan_Chamdo   12
  1               Lubrak    2
  2          Upper_YR_LN    7
  3                Mbuti   10
  4           Anatolia_N   25
  5                  Ami   10
  6                 Mixe   10
  7         Ganj_Dareh_N    7
  8                 Onge   12
  9           Villabruna    1
 10           DevilsGate    4
jackknife block size:     0.050
snps: 498990  indivs: 100
number of blocks for block jackknife: 710
dof (jackknife):   583.094
numsnps used: 307459
f4info: 
f4rank: 0 dof:     14 chisq:    72.650 tail:         6.365746e-10 dofdiff:      0 chisqdiff:     0.000 taildiff:                    1

f4info: 
f4rank: 1 dof:      6 chisq:     8.558 tail:          0.199997291 dofdiff:      8 chisqdiff:    64.092 taildiff:       7.29374142e-11
B:
          scale     1.000 
     Anatolia_N     0.055 
            Ami     1.415 
           Mixe     0.964 
   Ganj_Dareh_N     0.491 
           Onge     0.598 
     Villabruna     0.218 
     DevilsGate     1.849 
A:
          scale  1724.001 
         Lubrak    -0.163 
    Upper_YR_LN     1.405 

f4info: 
f4rank: 2 dof:      0 chisq:     0.000 tail:                    1 dofdiff:      6 chisqdiff:     8.558 taildiff:          0.199997291
B:
          scale     1.000     1.000 
     Anatolia_N     0.104     0.695 
            Ami     1.382    -0.746 
           Mixe     0.881    -1.075 
   Ganj_Dareh_N     0.568     0.981 
           Onge     0.621     0.055 
     Villabruna     0.347     1.928 
     DevilsGate     1.864     0.346 
A:
          scale  1708.536  4340.131 
         Lubrak     0.074     1.412 
    Upper_YR_LN     1.412    -0.074 

## end of run
