/home/cliu7/utils/AdmixTools/bin/qpAdm: parameter file: temp/param/qpAdm_Tibetan_Nagqu.UpperMustang.LC.YR_MN.parlthrxs9o
### THE INPUT PARAMETERS
##PARAMETER NAME: VALUE
DIR: data/intermediate
S1: HO_all_merged.qpAdm
indivname: data/intermediate/HO_all_merged.qpAdm.grouped.ind
snpname: data/intermediate/HO_all_merged.qpAdm.snp
genotypename: data/intermediate/HO_all_merged.qpAdm.geno
popleft: temp/param/left.lthrxs9o
popright: temp/param/right.lthrxs9o
details: YES
## qpAdm version: 810
seed: -1136137912
packed geno read OK
end of inpack

left pops:
Tibetan_Nagqu
UpperMustang.LC
YR_MN

right pops:
Mbuti
Anatolia_N
Ami
Mixe
Ganj_Dareh_N
Onge
Villabruna
DevilsGate

  0        Tibetan_Nagqu    8
  1      UpperMustang.LC   11
  2                YR_MN    8
  3                Mbuti   10
  4           Anatolia_N   25
  5                  Ami   10
  6                 Mixe   10
  7         Ganj_Dareh_N    7
  8                 Onge   12
  9           Villabruna    1
 10           DevilsGate    4
jackknife block size:     0.050
snps: 498990  indivs: 106
number of blocks for block jackknife: 710
## ncols: 498990
coverage:        Tibetan_Nagqu 498036
coverage:      UpperMustang.LC 498990
coverage:                YR_MN 497089
coverage:                Mbuti 498990
coverage:           Anatolia_N 498137
coverage:                  Ami 498990
coverage:                 Mixe 498990
coverage:         Ganj_Dareh_N 457128
coverage:                 Onge 498990
coverage:           Villabruna 415230
coverage:           DevilsGate 498716
dof (jackknife):   583.468
numsnps used: 424318
codimension 1
f4info: 
f4rank: 1 dof:      6 chisq:    10.681 tail:         0.0987642625 dofdiff:      8 chisqdiff:   -10.681 taildiff:                    1
B:
          scale     1.000 
     Anatolia_N    -0.179 
            Ami     2.075 
           Mixe     0.732 
   Ganj_Dareh_N     0.225 
           Onge     0.272 
     Villabruna    -0.066 
     DevilsGate     1.413 
A:
          scale  2080.247 
UpperMustang.LC    -0.519 
          YR_MN     1.315 


full rank
f4info: 
f4rank: 2 dof:      0 chisq:     0.000 tail:                    1 dofdiff:      6 chisqdiff:    10.681 taildiff:         0.0987642625
B:
          scale     1.000     1.000 
     Anatolia_N    -0.173     0.796 
            Ami     2.100    -1.743 
           Mixe     0.748     0.963 
   Ganj_Dareh_N     0.229     0.690 
           Onge     0.262     1.101 
     Villabruna     0.011    -0.091 
     DevilsGate     1.371     0.840 
A:
          scale  2251.486  6237.037 
UpperMustang.LC    -0.980    -1.043 
          YR_MN     1.020    -0.955 


best coefficients:     0.717     0.283 
Jackknife mean:      0.717048193     0.282951807 
      std. errors:     0.068     0.068 

error covariance (* 1000000)
      4665      -4665 
     -4665       4665 


summ: Tibetan_Nagqu    2      0.098764     0.717     0.283  4665 -4665  4665 

    fixed pat  wt  dof     chisq       tail prob
           00  0     6    10.681       0.0987643     0.717     0.283 
           01  1     7    28.792     0.000157893     1.000     0.000 
           10  1     7    75.285     1.25514e-13     0.000     1.000 
best pat:           00        0.0987643              -  -
best pat:           01      0.000157893  chi(nested):    18.111 p-value for nested model:     2.08367e-05

coeffs:     0.717     0.283 

## dscore:: f_4(Base, Fit, Rbase, right2)
## genstat:: f_4(Base, Fit, right1, right2)

details: UpperMustang.LC      Anatolia_N    -0.000061   -0.465238
details:           YR_MN      Anatolia_N    -0.000203   -1.082941
dscore:      Anatolia_N f4:    -0.000101 Z:    -0.832227

details: UpperMustang.LC             Ami    -0.000625   -4.254310
details:           YR_MN             Ami     0.001217    6.219134
dscore:             Ami f4:    -0.000104 Z:    -0.773526

details: UpperMustang.LC            Mixe    -0.000489   -3.140057
details:           YR_MN            Mixe     0.000190    0.853607
dscore:            Mixe f4:    -0.000296 Z:    -2.075382

details: UpperMustang.LC    Ganj_Dareh_N    -0.000219   -1.415054
details:           YR_MN    Ganj_Dareh_N    -0.000004   -0.019725
dscore:    Ganj_Dareh_N f4:    -0.000158 Z:    -1.112413

details: UpperMustang.LC            Onge    -0.000301   -1.980084
details:           YR_MN            Onge    -0.000051   -0.245092
dscore:            Onge f4:    -0.000230 Z:    -1.661309

details: UpperMustang.LC      Villabruna     0.000006    0.030792
details:           YR_MN      Villabruna     0.000016    0.053127
dscore:      Villabruna f4:     0.000009 Z:     0.047266

details: UpperMustang.LC      DevilsGate    -0.000739   -4.173444
details:           YR_MN      DevilsGate     0.000492    1.932840
dscore:      DevilsGate f4:    -0.000391 Z:    -2.367563

gendstat:                Mbuti           Anatolia_N    -0.832
gendstat:                Mbuti                  Ami    -0.774
gendstat:                Mbuti                 Mixe    -2.075
gendstat:                Mbuti         Ganj_Dareh_N    -1.112
gendstat:                Mbuti                 Onge    -1.661
gendstat:                Mbuti           Villabruna     0.047
gendstat:                Mbuti           DevilsGate    -2.368
gendstat:           Anatolia_N                  Ami    -0.019
gendstat:           Anatolia_N                 Mixe    -1.394
gendstat:           Anatolia_N         Ganj_Dareh_N    -0.514
gendstat:           Anatolia_N                 Onge    -0.988
gendstat:           Anatolia_N           Villabruna     0.700
gendstat:           Anatolia_N           DevilsGate    -1.820
gendstat:                  Ami                 Mixe    -1.593
gendstat:                  Ami         Ganj_Dareh_N    -0.363
gendstat:                  Ami                 Onge    -0.984
gendstat:                  Ami           Villabruna     0.614
gendstat:                  Ami           DevilsGate    -2.124
gendstat:                 Mixe         Ganj_Dareh_N     0.915
gendstat:                 Mixe                 Onge     0.438
gendstat:                 Mixe           Villabruna     1.636
gendstat:                 Mixe           DevilsGate    -0.654
gendstat:         Ganj_Dareh_N                 Onge    -0.477
gendstat:         Ganj_Dareh_N           Villabruna     0.947
gendstat:         Ganj_Dareh_N           DevilsGate    -1.328
gendstat:                 Onge           Villabruna     1.276
gendstat:                 Onge           DevilsGate    -0.987
gendstat:           Villabruna           DevilsGate    -1.973

## end of run
