/home/cliu7/utils/AdmixTools/bin/qpAdm: parameter file: temp/param/qpAdm_Tibetan_Lhasa.Mebrak.Upper_YR_LN.par90mk5iw4
### THE INPUT PARAMETERS
##PARAMETER NAME: VALUE
DIR: data/intermediate
S1: HO_all_merged.qpAdm
indivname: data/intermediate/HO_all_merged.qpAdm.grouped.ind
snpname: data/intermediate/HO_all_merged.qpAdm.snp
genotypename: data/intermediate/HO_all_merged.qpAdm.geno
popleft: temp/param/left.90mk5iw4
popright: temp/param/right.90mk5iw4
details: YES
## qpAdm version: 810
seed: 1400617047
packed geno read OK
end of inpack

left pops:
Tibetan_Lhasa
Mebrak
Upper_YR_LN

right pops:
Mbuti
Anatolia_N
Ami
Mixe
Ganj_Dareh_N
Onge
Villabruna
DevilsGate

  0        Tibetan_Lhasa    9
  1               Mebrak    8
  2          Upper_YR_LN    7
  3                Mbuti   10
  4           Anatolia_N   25
  5                  Ami   10
  6                 Mixe   10
  7         Ganj_Dareh_N    7
  8                 Onge   12
  9           Villabruna    1
 10           DevilsGate    4
jackknife block size:     0.050
snps: 498990  indivs: 103
number of blocks for block jackknife: 710
## ncols: 498990
coverage:        Tibetan_Lhasa 498036
coverage:               Mebrak 498978
coverage:          Upper_YR_LN 496840
coverage:                Mbuti 498990
coverage:           Anatolia_N 498137
coverage:                  Ami 498990
coverage:                 Mixe 498990
coverage:         Ganj_Dareh_N 457128
coverage:                 Onge 498990
coverage:           Villabruna 415230
coverage:           DevilsGate 498716
dof (jackknife):   583.183
numsnps used: 424537
codimension 1
f4info: 
f4rank: 1 dof:      6 chisq:    17.521 tail:        0.00754768945 dofdiff:      8 chisqdiff:   -17.521 taildiff:                    1
B:
          scale     1.000 
     Anatolia_N     0.004 
            Ami     1.508 
           Mixe     1.120 
   Ganj_Dareh_N     0.191 
           Onge     0.613 
     Villabruna    -0.109 
     DevilsGate     1.745 
A:
          scale  1499.666 
         Mebrak    -0.431 
    Upper_YR_LN     1.347 


full rank
f4info: 
f4rank: 2 dof:      0 chisq:     0.000 tail:                    1 dofdiff:      6 chisqdiff:    17.521 taildiff:        0.00754768945
B:
          scale     1.000     1.000 
     Anatolia_N    -0.045     1.145 
            Ami     1.498     0.732 
           Mixe     1.136     0.429 
   Ganj_Dareh_N     0.171     0.316 
           Onge     0.541     1.366 
     Villabruna    -0.150     0.703 
     DevilsGate     1.766    -1.584 
A:
          scale  1535.187  4991.955 
         Mebrak    -0.609    -1.267 
    Upper_YR_LN     1.277    -0.627 


best coefficients:     0.758     0.242 
Jackknife mean:      0.752115561     0.247884439 
      std. errors:     0.088     0.088 

error covariance (* 1000000)
      7771      -7771 
     -7771       7771 


summ: Tibetan_Lhasa    2      0.007548     0.752     0.248  7771 -7771  7771 

    fixed pat  wt  dof     chisq       tail prob
           00  0     6    17.521      0.00754769     0.758     0.242 
           01  1     7    25.152     0.000713175     1.000     0.000 
           10  1     7    97.884     2.94845e-18     0.000     1.000 
best pat:           00       0.00754769              -  -
best pat:           01      0.000713175  chi(nested):     7.631 p-value for nested model:      0.00573787

coeffs:     0.758     0.242 

## dscore:: f_4(Base, Fit, Rbase, right2)
## genstat:: f_4(Base, Fit, right1, right2)

details:          Mebrak      Anatolia_N    -0.000278   -1.797591
details:     Upper_YR_LN      Anatolia_N    -0.000183   -1.026893
dscore:      Anatolia_N f4:    -0.000255 Z:    -1.883185

details:          Mebrak             Ami    -0.000782   -4.305234
details:     Upper_YR_LN             Ami     0.001154    6.153509
dscore:             Ami f4:    -0.000313 Z:    -1.991391

details:          Mebrak            Mixe    -0.000564   -2.930579
details:     Upper_YR_LN            Mixe     0.000889    4.283667
dscore:            Mixe f4:    -0.000211 Z:    -1.249666

details:          Mebrak    Ganj_Dareh_N    -0.000154   -0.886285
details:     Upper_YR_LN    Ganj_Dareh_N     0.000100    0.474689
dscore:    Ganj_Dareh_N f4:    -0.000093 Z:    -0.601681

details:          Mebrak            Onge    -0.000565   -3.269457
details:     Upper_YR_LN            Onge     0.000276    1.407171
dscore:            Onge f4:    -0.000361 Z:    -2.363197

details:          Mebrak      Villabruna    -0.000128   -0.570938
details:     Upper_YR_LN      Villabruna    -0.000217   -0.813708
dscore:      Villabruna f4:    -0.000149 Z:    -0.774930

details:          Mebrak      DevilsGate    -0.000302   -1.393755
details:     Upper_YR_LN      DevilsGate     0.001666    7.265349
dscore:      DevilsGate f4:     0.000175 Z:     0.949620

gendstat:                Mbuti           Anatolia_N    -1.883
gendstat:                Mbuti                  Ami    -1.991
gendstat:                Mbuti                 Mixe    -1.250
gendstat:                Mbuti         Ganj_Dareh_N    -0.602
gendstat:                Mbuti                 Onge    -2.363
gendstat:                Mbuti           Villabruna    -0.775
gendstat:                Mbuti           DevilsGate     0.950
gendstat:           Anatolia_N                  Ami    -0.382
gendstat:           Anatolia_N                 Mixe     0.279
gendstat:           Anatolia_N         Ganj_Dareh_N     1.280
gendstat:           Anatolia_N                 Onge    -0.745
gendstat:           Anatolia_N           Villabruna     0.644
gendstat:           Anatolia_N           DevilsGate     2.350
gendstat:                  Ami                 Mixe     0.689
gendstat:                  Ami         Ganj_Dareh_N     1.313
gendstat:                  Ami                 Onge    -0.327
gendstat:                  Ami           Villabruna     0.784
gendstat:                  Ami           DevilsGate     3.230
gendstat:                 Mixe         Ganj_Dareh_N     0.681
gendstat:                 Mixe                 Onge    -0.894
gendstat:                 Mixe           Villabruna     0.304
gendstat:                 Mixe           DevilsGate     2.328
gendstat:         Ganj_Dareh_N                 Onge    -1.630
gendstat:         Ganj_Dareh_N           Villabruna    -0.293
gendstat:         Ganj_Dareh_N           DevilsGate     1.372
gendstat:                 Onge           Villabruna     1.086
gendstat:                 Onge           DevilsGate     2.977
gendstat:           Villabruna           DevilsGate     1.423

## end of run
