/home/cliu7/utils/AdmixTools/bin/qpWave: parameter file: temp/param/qpAdm_Tibetan_Yajiang.Chokhopani.Upper_YR_LN.parwzoku0jj
### THE INPUT PARAMETERS
##PARAMETER NAME: VALUE
DIR: data/intermediate
S1: HO_all_merged.qpAdm
indivname: data/intermediate/HO_all_merged.qpAdm.grouped.ind
snpname: data/intermediate/HO_all_merged.qpAdm.snp
genotypename: data/intermediate/HO_all_merged.qpAdm.geno
popleft: temp/param/left.wzoku0jj
popright: temp/param/right.wzoku0jj
details: YES
## qpWave version: 410
packed geno read OK
end of inpack

left pops:
Tibetan_Yajiang
Chokhopani
Upper_YR_LN

right pops:
Mbuti
Anatolia_N
Ami
Mixe
Ganj_Dareh_N
Onge
Villabruna
DevilsGate

  0      Tibetan_Yajiang   10
  1           Chokhopani    2
  2          Upper_YR_LN    7
  3                Mbuti   10
  4           Anatolia_N   25
  5                  Ami   10
  6                 Mixe   10
  7         Ganj_Dareh_N    7
  8                 Onge   12
  9           Villabruna    1
 10           DevilsGate    4
jackknife block size:     0.050
snps: 498990  indivs: 98
number of blocks for block jackknife: 710
dof (jackknife):   583.253
numsnps used: 424724
f4info: 
f4rank: 0 dof:     14 chisq:   120.301 tail:       5.49439654e-19 dofdiff:      0 chisqdiff:     0.000 taildiff:                    1

f4info: 
f4rank: 1 dof:      6 chisq:    31.194 tail:       2.32761674e-05 dofdiff:      8 chisqdiff:    89.107 taildiff:       7.05956918e-16
B:
          scale     1.000 
     Anatolia_N     0.110 
            Ami     1.377 
           Mixe     1.228 
   Ganj_Dareh_N     0.424 
           Onge     0.256 
     Villabruna     0.420 
     DevilsGate     1.778 
A:
          scale  1637.298 
     Chokhopani    -0.980 
    Upper_YR_LN     1.019 

f4info: 
f4rank: 2 dof:      0 chisq:     0.000 tail:                    1 dofdiff:      6 chisqdiff:    31.194 taildiff:       2.32761674e-05
B:
          scale     1.000     1.000 
     Anatolia_N     0.139     0.768 
            Ami     1.409     0.989 
           Mixe     1.258     0.695 
   Ganj_Dareh_N     0.468     0.072 
           Onge     0.160    -1.376 
     Villabruna     0.443     0.897 
     DevilsGate     1.724    -1.499 
A:
          scale  1648.806  4001.648 
     Chokhopani    -0.955    -1.043 
    Upper_YR_LN     1.043    -0.955 

## end of run
