/home/cliu7/utils/AdmixTools/bin/qpWave: parameter file: temp/param/qpAdm_Tibetan_Shigatse.Lubrak.Upper_YR_LN.par8x97zdcb
### THE INPUT PARAMETERS
##PARAMETER NAME: VALUE
DIR: data/intermediate
S1: HO_all_merged.qpAdm
indivname: data/intermediate/HO_all_merged.qpAdm.grouped.ind
snpname: data/intermediate/HO_all_merged.qpAdm.snp
genotypename: data/intermediate/HO_all_merged.qpAdm.geno
popleft: temp/param/left.8x97zdcb
popright: temp/param/right.8x97zdcb
details: YES
## qpWave version: 410
packed geno read OK
end of inpack

left pops:
Tibetan_Shigatse
Lubrak
Upper_YR_LN

right pops:
Mbuti
Anatolia_N
Ami
Mixe
Ganj_Dareh_N
Onge
Villabruna
DevilsGate

  0     Tibetan_Shigatse   10
  1               Lubrak    2
  2          Upper_YR_LN    7
  3                Mbuti   10
  4           Anatolia_N   25
  5                  Ami   10
  6                 Mixe   10
  7         Ganj_Dareh_N    7
  8                 Onge   12
  9           Villabruna    1
 10           DevilsGate    4
jackknife block size:     0.050
snps: 498990  indivs: 98
number of blocks for block jackknife: 710
dof (jackknife):   583.037
numsnps used: 307820
f4info: 
f4rank: 0 dof:     14 chisq:   108.356 tail:       1.16477712e-16 dofdiff:      0 chisqdiff:     0.000 taildiff:                    1

f4info: 
f4rank: 1 dof:      6 chisq:     9.497 tail:          0.147494235 dofdiff:      8 chisqdiff:    98.859 taildiff:       7.30142097e-18
B:
          scale     1.000 
     Anatolia_N    -0.044 
            Ami     1.360 
           Mixe     0.847 
   Ganj_Dareh_N     0.284 
           Onge     0.363 
     Villabruna     0.190 
     DevilsGate     2.045 
A:
          scale  1428.669 
         Lubrak     0.224 
    Upper_YR_LN     1.396 

f4info: 
f4rank: 2 dof:      0 chisq:     0.000 tail:                    1 dofdiff:      6 chisqdiff:     9.497 taildiff:          0.147494235
B:
          scale     1.000     1.000 
     Anatolia_N    -0.032     0.382 
            Ami     1.339    -0.841 
           Mixe     0.755    -1.357 
   Ganj_Dareh_N     0.296     0.356 
           Onge     0.335    -0.597 
     Villabruna     0.280     1.763 
     DevilsGate     2.087     0.845 
A:
          scale  1438.289  4804.799 
         Lubrak     0.265     1.389 
    Upper_YR_LN     1.389    -0.265 

## end of run
