/home/cliu7/utils/AdmixTools/bin/qpWave: parameter file: temp/param/qpAdm_Tibetan_Shigatse.Sherpa.LC.Upper_YR_LN.parqtsbe8fk
### THE INPUT PARAMETERS
##PARAMETER NAME: VALUE
DIR: data/intermediate
S1: HO_all_merged.qpAdm
indivname: data/intermediate/HO_all_merged.qpAdm.grouped.ind
snpname: data/intermediate/HO_all_merged.qpAdm.snp
genotypename: data/intermediate/HO_all_merged.qpAdm.geno
popleft: temp/param/left.qtsbe8fk
popright: temp/param/right.qtsbe8fk
details: YES
## qpWave version: 410
packed geno read OK
end of inpack

left pops:
Tibetan_Shigatse
Sherpa.LC
Upper_YR_LN

right pops:
Mbuti
Anatolia_N
Ami
Mixe
Ganj_Dareh_N
Onge
Villabruna
DevilsGate

  0     Tibetan_Shigatse   10
  1            Sherpa.LC    9
  2          Upper_YR_LN    7
  3                Mbuti   10
  4           Anatolia_N   25
  5                  Ami   10
  6                 Mixe   10
  7         Ganj_Dareh_N    7
  8                 Onge   12
  9           Villabruna    1
 10           DevilsGate    4
jackknife block size:     0.050
snps: 498990  indivs: 105
number of blocks for block jackknife: 710
dof (jackknife):   583.174
numsnps used: 423854
f4info: 
f4rank: 0 dof:     14 chisq:   129.874 tail:       7.19760577e-21 dofdiff:      0 chisqdiff:     0.000 taildiff:                    1

f4info: 
f4rank: 1 dof:      6 chisq:     8.849 tail:          0.182264825 dofdiff:      8 chisqdiff:   121.025 taildiff:       2.03589344e-22
B:
          scale     1.000 
     Anatolia_N    -0.072 
            Ami     1.529 
           Mixe     0.898 
   Ganj_Dareh_N     0.232 
           Onge     0.436 
     Villabruna    -0.042 
     DevilsGate     1.899 
A:
          scale  1555.000 
      Sherpa.LC    -0.120 
    Upper_YR_LN     1.409 

f4info: 
f4rank: 2 dof:      0 chisq:     0.000 tail:                    1 dofdiff:      6 chisqdiff:     8.849 taildiff:          0.182264825
B:
          scale     1.000     1.000 
     Anatolia_N    -0.085     0.281 
            Ami     1.477     1.246 
           Mixe     0.846     1.267 
   Ganj_Dareh_N     0.253    -0.183 
           Onge     0.381     0.922 
     Villabruna     0.004    -0.507 
     DevilsGate     1.971    -1.619 
A:
          scale  1567.567 10027.526 
      Sherpa.LC    -0.159    -1.405 
    Upper_YR_LN     1.405    -0.159 

## end of run
