/home/cliu7/utils/AdmixTools/bin/qpAdm: parameter file: temp/param/qpAdm_Tibetan_Xinlong.Lubrak.Upper_YR_LN.parkh7y9yo2
### THE INPUT PARAMETERS
##PARAMETER NAME: VALUE
DIR: data/intermediate
S1: HO_all_merged.qpAdm
indivname: data/intermediate/HO_all_merged.qpAdm.grouped.ind
snpname: data/intermediate/HO_all_merged.qpAdm.snp
genotypename: data/intermediate/HO_all_merged.qpAdm.geno
popleft: temp/param/left.kh7y9yo2
popright: temp/param/right.kh7y9yo2
details: YES
## qpAdm version: 810
seed: -2092576675
packed geno read OK
end of inpack

left pops:
Tibetan_Xinlong
Lubrak
Upper_YR_LN

right pops:
Mbuti
Anatolia_N
Ami
Mixe
Ganj_Dareh_N
Onge
Villabruna
DevilsGate

  0      Tibetan_Xinlong   10
  1               Lubrak    2
  2          Upper_YR_LN    7
  3                Mbuti   10
  4           Anatolia_N   25
  5                  Ami   10
  6                 Mixe   10
  7         Ganj_Dareh_N    7
  8                 Onge   12
  9           Villabruna    1
 10           DevilsGate    4
jackknife block size:     0.050
snps: 498990  indivs: 98
number of blocks for block jackknife: 710
## ncols: 498990
coverage:      Tibetan_Xinlong 498036
coverage:               Lubrak 327444
coverage:          Upper_YR_LN 496840
coverage:                Mbuti 498990
coverage:           Anatolia_N 498137
coverage:                  Ami 498990
coverage:                 Mixe 498990
coverage:         Ganj_Dareh_N 457128
coverage:                 Onge 498990
coverage:           Villabruna 415230
coverage:           DevilsGate 498716
dof (jackknife):   583.132
numsnps used: 307729
codimension 1
f4info: 
f4rank: 1 dof:      6 chisq:    32.342 tail:       1.40306179e-05 dofdiff:      8 chisqdiff:   -32.342 taildiff:                    1
B:
          scale     1.000 
     Anatolia_N     0.175 
            Ami    -2.023 
           Mixe    -0.121 
   Ganj_Dareh_N     0.810 
           Onge    -0.113 
     Villabruna     0.764 
     DevilsGate     1.269 
A:
          scale  1962.315 
         Lubrak     1.204 
    Upper_YR_LN     0.741 


full rank
f4info: 
f4rank: 2 dof:      0 chisq:     0.000 tail:                    1 dofdiff:      6 chisqdiff:    32.342 taildiff:       1.40306179e-05
B:
          scale     1.000     1.000 
     Anatolia_N    -0.225    -0.057 
            Ami     2.263     0.127 
           Mixe     0.722     0.983 
   Ganj_Dareh_N    -0.601     0.655 
           Onge     0.330     0.422 
     Villabruna    -0.830     0.097 
     DevilsGate    -0.384     2.323 
A:
          scale  1835.259  2636.503 
         Lubrak    -1.368    -0.399 
    Upper_YR_LN    -0.357     1.357 


best coefficients:    -1.601     2.601 
Jackknife mean:     -0.837639907     1.837639907 
      std. errors:     1.162     1.162 

error covariance (* 1000000)
   1350983   -1350983 
  -1350983    1350983 


summ: Tibetan_Xinlong    2      0.000014    -0.838     1.838 1350983 -1350983 1350983 

    fixed pat  wt  dof     chisq       tail prob
           00  0     6    32.342     1.40306e-05    -1.601     2.601  infeasible
           01  1     7    80.669     1.00621e-14     1.000     0.000 
           10  1     7    73.495     2.89684e-13     0.000     1.000 
best pat:           00      1.40306e-05              -  -
best pat:           10      2.89684e-13  chi(nested):    41.153 p-value for nested model:     1.40738e-10

coeffs:    -1.601     2.601 

## dscore:: f_4(Base, Fit, Rbase, right2)
## genstat:: f_4(Base, Fit, right1, right2)

details:          Lubrak      Anatolia_N     0.000174    0.656798
details:     Upper_YR_LN      Anatolia_N     0.000017    0.099235
dscore:      Anatolia_N f4:    -0.000233 Z:    -0.411183

details:          Lubrak             Ami    -0.001709   -5.856106
details:     Upper_YR_LN             Ami    -0.000373   -1.858554
dscore:             Ami f4:     0.001767 Z:     2.761870

details:          Lubrak            Mixe    -0.000690   -2.214424
details:     Upper_YR_LN            Mixe     0.000367    1.726633
dscore:            Mixe f4:     0.002060 Z:     2.977538

details:          Lubrak    Ganj_Dareh_N     0.000348    1.075188
details:     Upper_YR_LN    Ganj_Dareh_N     0.000457    2.118995
dscore:    Ganj_Dareh_N f4:     0.000631 Z:     0.907472

details:          Lubrak            Onge    -0.000313   -1.025268
details:     Upper_YR_LN            Onge     0.000155    0.774709
dscore:            Onge f4:     0.000903 Z:     1.359079

details:          Lubrak      Villabruna     0.000603    1.486766
details:     Upper_YR_LN      Villabruna     0.000215    0.784836
dscore:      Villabruna f4:    -0.000407 Z:    -0.455608

details:          Lubrak      DevilsGate    -0.000068   -0.190316
details:     Upper_YR_LN      DevilsGate     0.001273    5.058349
dscore:      DevilsGate f4:     0.003419 Z:     4.214846

gendstat:                Mbuti           Anatolia_N    -0.411
gendstat:                Mbuti                  Ami     2.762
gendstat:                Mbuti                 Mixe     2.978
gendstat:                Mbuti         Ganj_Dareh_N     0.907
gendstat:                Mbuti                 Onge     1.359
gendstat:                Mbuti           Villabruna    -0.456
gendstat:                Mbuti           DevilsGate     4.215
gendstat:           Anatolia_N                  Ami     3.588
gendstat:           Anatolia_N                 Mixe     3.816
gendstat:           Anatolia_N         Ganj_Dareh_N     1.476
gendstat:           Anatolia_N                 Onge     1.917
gendstat:           Anatolia_N           Villabruna    -0.230
gendstat:           Anatolia_N           DevilsGate     4.879
gendstat:                  Ami                 Mixe     0.522
gendstat:                  Ami         Ganj_Dareh_N    -1.670
gendstat:                  Ami                 Onge    -1.492
gendstat:                  Ami           Villabruna    -2.513
gendstat:                  Ami           DevilsGate     2.386
gendstat:                 Mixe         Ganj_Dareh_N    -1.907
gendstat:                 Mixe                 Onge    -1.711
gendstat:                 Mixe           Villabruna    -2.828
gendstat:                 Mixe           DevilsGate     1.827
gendstat:         Ganj_Dareh_N                 Onge     0.371
gendstat:         Ganj_Dareh_N           Villabruna    -1.181
gendstat:         Ganj_Dareh_N           DevilsGate     3.307
gendstat:                 Onge           Villabruna    -1.491
gendstat:                 Onge           DevilsGate     3.090
gendstat:           Villabruna           DevilsGate     3.892

## end of run
