/home/cliu7/utils/AdmixTools/bin/qpWave: parameter file: temp/param/qpAdm_Tibetan_Shigatse.Sherpa.LC.YR_MN.paretnlbajf
### THE INPUT PARAMETERS
##PARAMETER NAME: VALUE
DIR: data/intermediate
S1: HO_all_merged.qpAdm
indivname: data/intermediate/HO_all_merged.qpAdm.grouped.ind
snpname: data/intermediate/HO_all_merged.qpAdm.snp
genotypename: data/intermediate/HO_all_merged.qpAdm.geno
popleft: temp/param/left.etnlbajf
popright: temp/param/right.etnlbajf
details: YES
## qpWave version: 410
packed geno read OK
end of inpack

left pops:
Tibetan_Shigatse
Sherpa.LC
YR_MN

right pops:
Mbuti
Anatolia_N
Ami
Mixe
Ganj_Dareh_N
Onge
Villabruna
DevilsGate

  0     Tibetan_Shigatse   10
  1            Sherpa.LC    9
  2                YR_MN    8
  3                Mbuti   10
  4           Anatolia_N   25
  5                  Ami   10
  6                 Mixe   10
  7         Ganj_Dareh_N    7
  8                 Onge   12
  9           Villabruna    1
 10           DevilsGate    4
jackknife block size:     0.050
snps: 498990  indivs: 106
number of blocks for block jackknife: 710
dof (jackknife):   583.210
numsnps used: 424146
f4info: 
f4rank: 0 dof:     14 chisq:   140.991 tail:       4.50643456e-23 dofdiff:      0 chisqdiff:     0.000 taildiff:                    1

f4info: 
f4rank: 1 dof:      6 chisq:     6.583 tail:          0.361109089 dofdiff:      8 chisqdiff:   134.408 taildiff:       3.44562176e-25
B:
          scale     1.000 
     Anatolia_N    -0.304 
            Ami     2.329 
           Mixe     0.473 
   Ganj_Dareh_N    -0.040 
           Onge     0.067 
     Villabruna     0.016 
     DevilsGate     1.121 
A:
          scale  2138.552 
      Sherpa.LC    -0.199 
          YR_MN     1.400 

f4info: 
f4rank: 2 dof:      0 chisq:     0.000 tail:                    1 dofdiff:      6 chisqdiff:     6.583 taildiff:          0.361109089
B:
          scale     1.000     1.000 
     Anatolia_N    -0.340     0.517 
            Ami     2.303     0.511 
           Mixe     0.361     1.712 
   Ganj_Dareh_N    -0.041     0.078 
           Onge    -0.017     1.249 
     Villabruna     0.094    -0.568 
     DevilsGate     1.200    -1.284 
A:
          scale  2190.345 10649.550 
      Sherpa.LC    -0.249    -1.392 
          YR_MN     1.392    -0.249 

## end of run
