/home/cliu7/utils/AdmixTools/bin/qpWave: parameter file: temp/param/qpAdm_Tibetan_Xinlong.Mebrak.Upper_YR_LN.par_ztwweno
### THE INPUT PARAMETERS
##PARAMETER NAME: VALUE
DIR: data/intermediate
S1: HO_all_merged.qpAdm
indivname: data/intermediate/HO_all_merged.qpAdm.grouped.ind
snpname: data/intermediate/HO_all_merged.qpAdm.snp
genotypename: data/intermediate/HO_all_merged.qpAdm.geno
popleft: temp/param/left._ztwweno
popright: temp/param/right._ztwweno
details: YES
## qpWave version: 410
packed geno read OK
end of inpack

left pops:
Tibetan_Xinlong
Mebrak
Upper_YR_LN

right pops:
Mbuti
Anatolia_N
Ami
Mixe
Ganj_Dareh_N
Onge
Villabruna
DevilsGate

  0      Tibetan_Xinlong   10
  1               Mebrak    8
  2          Upper_YR_LN    7
  3                Mbuti   10
  4           Anatolia_N   25
  5                  Ami   10
  6                 Mixe   10
  7         Ganj_Dareh_N    7
  8                 Onge   12
  9           Villabruna    1
 10           DevilsGate    4
jackknife block size:     0.050
snps: 498990  indivs: 104
number of blocks for block jackknife: 710
dof (jackknife):   583.261
numsnps used: 423697
f4info: 
f4rank: 0 dof:     14 chisq:   273.121 tail:       4.63955593e-50 dofdiff:      0 chisqdiff:     0.000 taildiff:                    1

f4info: 
f4rank: 1 dof:      6 chisq:    51.540 tail:       2.30685433e-09 dofdiff:      8 chisqdiff:   221.581 taildiff:       1.78451288e-43
B:
          scale     1.000 
     Anatolia_N     0.087 
            Ami     2.196 
           Mixe     1.033 
   Ganj_Dareh_N    -0.100 
           Onge     0.680 
     Villabruna    -0.179 
     DevilsGate     0.774 
A:
          scale  1280.955 
         Mebrak    -1.354 
    Upper_YR_LN    -0.409 

f4info: 
f4rank: 2 dof:      0 chisq:     0.000 tail:                    1 dofdiff:      6 chisqdiff:    51.540 taildiff:       2.30685433e-09
B:
          scale     1.000     1.000 
     Anatolia_N     0.084    -0.001 
            Ami     2.158    -1.152 
           Mixe     1.030     0.616 
   Ganj_Dareh_N    -0.118     0.856 
           Onge     0.681     0.144 
     Villabruna    -0.139     0.152 
     DevilsGate     0.883     2.125 
A:
          scale  1298.307  2957.036 
         Mebrak    -1.413     0.070 
    Upper_YR_LN     0.070     1.413 

## end of run
