/home/cliu7/utils/AdmixTools/bin/qpWave: parameter file: temp/param/qpAdm_Tibetan_Lhasa.Samdzong.YR_MN.parlcmwdr5a
### THE INPUT PARAMETERS
##PARAMETER NAME: VALUE
DIR: data/intermediate
S1: HO_all_merged.qpAdm
indivname: data/intermediate/HO_all_merged.qpAdm.grouped.ind
snpname: data/intermediate/HO_all_merged.qpAdm.snp
genotypename: data/intermediate/HO_all_merged.qpAdm.geno
popleft: temp/param/left.lcmwdr5a
popright: temp/param/right.lcmwdr5a
details: YES
## qpWave version: 410
packed geno read OK
end of inpack

left pops:
Tibetan_Lhasa
Samdzong
YR_MN

right pops:
Mbuti
Anatolia_N
Ami
Mixe
Ganj_Dareh_N
Onge
Villabruna
DevilsGate

  0        Tibetan_Lhasa    9
  1             Samdzong    9
  2                YR_MN    8
  3                Mbuti   10
  4           Anatolia_N   25
  5                  Ami   10
  6                 Mixe   10
  7         Ganj_Dareh_N    7
  8                 Onge   12
  9           Villabruna    1
 10           DevilsGate    4
jackknife block size:     0.050
snps: 498990  indivs: 105
number of blocks for block jackknife: 710
dof (jackknife):   583.271
numsnps used: 424694
f4info: 
f4rank: 0 dof:     14 chisq:   159.401 tail:       9.36518858e-27 dofdiff:      0 chisqdiff:     0.000 taildiff:                    1

f4info: 
f4rank: 1 dof:      6 chisq:     7.622 tail:          0.267154896 dofdiff:      8 chisqdiff:   151.779 taildiff:        8.3416046e-29
B:
          scale     1.000 
     Anatolia_N    -0.269 
            Ami     2.063 
           Mixe     0.883 
   Ganj_Dareh_N     0.195 
           Onge     0.311 
     Villabruna     0.143 
     DevilsGate     1.317 
A:
          scale  1839.444 
       Samdzong    -0.626 
          YR_MN     1.268 

f4info: 
f4rank: 2 dof:      0 chisq:     0.000 tail:                    1 dofdiff:      6 chisqdiff:     7.622 taildiff:          0.267154896
B:
          scale     1.000     1.000 
     Anatolia_N    -0.333     0.856 
            Ami     2.122    -0.612 
           Mixe     0.833     0.734 
   Ganj_Dareh_N     0.117     1.340 
           Onge     0.240     1.359 
     Villabruna     0.099     1.277 
     DevilsGate     1.269     0.287 
A:
          scale  1957.299  5265.789 
       Samdzong    -0.875    -1.111 
          YR_MN     1.111    -0.875 

## end of run
