/home/cliu7/utils/AdmixTools/bin/qpAdm: parameter file: temp/param/qpAdm_Tibetan_Shigatse.Chokhopani.YR_MN.pariv2521rp
### THE INPUT PARAMETERS
##PARAMETER NAME: VALUE
DIR: data/intermediate
S1: HO_all_merged.qpAdm
indivname: data/intermediate/HO_all_merged.qpAdm.grouped.ind
snpname: data/intermediate/HO_all_merged.qpAdm.snp
genotypename: data/intermediate/HO_all_merged.qpAdm.geno
popleft: temp/param/left.iv2521rp
popright: temp/param/right.iv2521rp
details: YES
## qpAdm version: 810
seed: -1758683997
packed geno read OK
end of inpack

left pops:
Tibetan_Shigatse
Chokhopani
YR_MN

right pops:
Mbuti
Anatolia_N
Ami
Mixe
Ganj_Dareh_N
Onge
Villabruna
DevilsGate

  0     Tibetan_Shigatse   10
  1           Chokhopani    2
  2                YR_MN    8
  3                Mbuti   10
  4           Anatolia_N   25
  5                  Ami   10
  6                 Mixe   10
  7         Ganj_Dareh_N    7
  8                 Onge   12
  9           Villabruna    1
 10           DevilsGate    4
jackknife block size:     0.050
snps: 498990  indivs: 99
number of blocks for block jackknife: 710
## ncols: 498990
coverage:     Tibetan_Shigatse 498036
coverage:           Chokhopani 498917
coverage:                YR_MN 497089
coverage:                Mbuti 498990
coverage:           Anatolia_N 498137
coverage:                  Ami 498990
coverage:                 Mixe 498990
coverage:         Ganj_Dareh_N 457128
coverage:                 Onge 498990
coverage:           Villabruna 415230
coverage:           DevilsGate 498716
dof (jackknife):   583.145
numsnps used: 425599
codimension 1
f4info: 
f4rank: 1 dof:      6 chisq:    16.414 tail:         0.0116982498 dofdiff:      8 chisqdiff:   -16.414 taildiff:                    1
B:
          scale     1.000 
     Anatolia_N    -0.251 
            Ami     2.228 
           Mixe     0.605 
   Ganj_Dareh_N     0.072 
           Onge    -0.165 
     Villabruna     0.371 
     DevilsGate     1.198 
A:
          scale  2100.423 
     Chokhopani    -0.279 
          YR_MN     1.386 


full rank
f4info: 
f4rank: 2 dof:      0 chisq:     0.000 tail:                    1 dofdiff:      6 chisqdiff:    16.414 taildiff:         0.0116982498
B:
          scale     1.000     1.000 
     Anatolia_N    -0.151     0.884 
            Ami     2.175    -0.850 
           Mixe     0.745     1.725 
   Ganj_Dareh_N     0.160     0.810 
           Onge    -0.178    -0.447 
     Villabruna     0.428     1.228 
     DevilsGate     1.204    -0.396 
A:
          scale  2073.689  3979.651 
     Chokhopani    -0.650    -1.279 
          YR_MN     1.256    -0.604 


best coefficients:     0.833     0.167 
Jackknife mean:      0.823135481     0.176864519 
      std. errors:     0.103     0.103 

error covariance (* 1000000)
     10576     -10576 
    -10576      10576 


summ: Tibetan_Shigatse    2      0.011698     0.823     0.177 10576 -10576 10576 

    fixed pat  wt  dof     chisq       tail prob
           00  0     6    16.414       0.0116982     0.833     0.167 
           01  1     7    18.998      0.00819229     1.000     0.000 
           10  1     7   106.428     5.05049e-20     0.000     1.000 
best pat:           00        0.0116982              -  -
best pat:           01       0.00819229  chi(nested):     2.585 p-value for nested model:         0.10789

coeffs:     0.833     0.167 

## dscore:: f_4(Base, Fit, Rbase, right2)
## genstat:: f_4(Base, Fit, right1, right2)

details:      Chokhopani      Anatolia_N    -0.000241   -1.132906
details:           YR_MN      Anatolia_N    -0.000226   -1.208483
dscore:      Anatolia_N f4:    -0.000239 Z:    -1.275367

details:      Chokhopani             Ami    -0.000412   -1.799998
details:           YR_MN             Ami     0.001447    7.107615
dscore:             Ami f4:    -0.000101 Z:    -0.499749

details:      Chokhopani            Mixe    -0.000791   -3.129781
details:           YR_MN            Mixe     0.000190    0.859726
dscore:            Mixe f4:    -0.000627 Z:    -2.815384

details:      Chokhopani    Ganj_Dareh_N    -0.000316   -1.223600
details:           YR_MN    Ganj_Dareh_N    -0.000026   -0.117368
dscore:    Ganj_Dareh_N f4:    -0.000267 Z:    -1.190012

details:      Chokhopani            Onge     0.000194    0.793111
details:           YR_MN            Onge    -0.000040   -0.181268
dscore:            Onge f4:     0.000155 Z:     0.714889

details:      Chokhopani      Villabruna    -0.000536   -1.633562
details:           YR_MN      Villabruna     0.000071    0.245656
dscore:      Villabruna f4:    -0.000435 Z:    -1.502085

details:      Chokhopani      DevilsGate    -0.000254   -0.923912
details:           YR_MN      DevilsGate     0.000791    3.163953
dscore:      DevilsGate f4:    -0.000079 Z:    -0.328936

gendstat:                Mbuti           Anatolia_N    -1.275
gendstat:                Mbuti                  Ami    -0.500
gendstat:                Mbuti                 Mixe    -2.815
gendstat:                Mbuti         Ganj_Dareh_N    -1.190
gendstat:                Mbuti                 Onge     0.715
gendstat:                Mbuti           Villabruna    -1.502
gendstat:                Mbuti           DevilsGate    -0.329
gendstat:           Anatolia_N                  Ami     0.721
gendstat:           Anatolia_N                 Mixe    -1.850
gendstat:           Anatolia_N         Ganj_Dareh_N    -0.161
gendstat:           Anatolia_N                 Onge     1.957
gendstat:           Anatolia_N           Villabruna    -0.777
gendstat:           Anatolia_N           DevilsGate     0.672
gendstat:                  Ami                 Mixe    -2.740
gendstat:                  Ami         Ganj_Dareh_N    -0.729
gendstat:                  Ami                 Onge     1.244
gendstat:                  Ami           Villabruna    -1.122
gendstat:                  Ami           DevilsGate     0.112
gendstat:                 Mixe         Ganj_Dareh_N     1.506
gendstat:                 Mixe                 Onge     3.504
gendstat:                 Mixe           Villabruna     0.642
gendstat:                 Mixe           DevilsGate     2.405
gendstat:         Ganj_Dareh_N                 Onge     1.865
gendstat:         Ganj_Dareh_N           Villabruna    -0.581
gendstat:         Ganj_Dareh_N           DevilsGate     0.699
gendstat:                 Onge           Villabruna    -1.975
gendstat:                 Onge           DevilsGate    -0.942
gendstat:           Villabruna           DevilsGate     1.084

## end of run
