/home/cliu7/utils/AdmixTools/bin/qpWave: parameter file: temp/param/qpAdm_Tibetan_Lhasa.Sherpa.LC.YR_MN.parrxhlyqvz
### THE INPUT PARAMETERS
##PARAMETER NAME: VALUE
DIR: data/intermediate
S1: HO_all_merged.qpAdm
indivname: data/intermediate/HO_all_merged.qpAdm.grouped.ind
snpname: data/intermediate/HO_all_merged.qpAdm.snp
genotypename: data/intermediate/HO_all_merged.qpAdm.geno
popleft: temp/param/left.rxhlyqvz
popright: temp/param/right.rxhlyqvz
details: YES
## qpWave version: 410
packed geno read OK
end of inpack

left pops:
Tibetan_Lhasa
Sherpa.LC
YR_MN

right pops:
Mbuti
Anatolia_N
Ami
Mixe
Ganj_Dareh_N
Onge
Villabruna
DevilsGate

  0        Tibetan_Lhasa    9
  1            Sherpa.LC    9
  2                YR_MN    8
  3                Mbuti   10
  4           Anatolia_N   25
  5                  Ami   10
  6                 Mixe   10
  7         Ganj_Dareh_N    7
  8                 Onge   12
  9           Villabruna    1
 10           DevilsGate    4
jackknife block size:     0.050
snps: 498990  indivs: 105
number of blocks for block jackknife: 710
dof (jackknife):   583.331
numsnps used: 424776
f4info: 
f4rank: 0 dof:     14 chisq:   129.046 tail:       1.04884536e-20 dofdiff:      0 chisqdiff:     0.000 taildiff:                    1

f4info: 
f4rank: 1 dof:      6 chisq:     4.459 tail:          0.614799464 dofdiff:      8 chisqdiff:   124.586 taildiff:       3.73803585e-23
B:
          scale     1.000 
     Anatolia_N    -0.351 
            Ami     2.316 
           Mixe     0.618 
   Ganj_Dareh_N    -0.091 
           Onge     0.088 
     Villabruna    -0.105 
     DevilsGate     1.051 
A:
          scale  2306.421 
      Sherpa.LC    -0.363 
          YR_MN     1.367 

f4info: 
f4rank: 2 dof:      0 chisq:     0.000 tail:                    1 dofdiff:      6 chisqdiff:     4.459 taildiff:          0.614799464
B:
          scale     1.000     1.000 
     Anatolia_N    -0.469     1.300 
            Ami     2.267     0.731 
           Mixe     0.599     0.056 
   Ganj_Dareh_N    -0.191     1.036 
           Onge    -0.053     1.386 
     Villabruna    -0.177     1.219 
     DevilsGate     1.102    -0.539 
A:
          scale  2317.251  8638.709 
      Sherpa.LC    -0.364    -1.367 
          YR_MN     1.367    -0.364 

## end of run
