/home/cliu7/utils/AdmixTools/bin/qpWave: parameter file: temp/param/qpAdm_Tibetan_Yunnan.Lubrak.YR_MN.parhwra98ue
### THE INPUT PARAMETERS
##PARAMETER NAME: VALUE
DIR: data/intermediate
S1: HO_all_merged.qpAdm
indivname: data/intermediate/HO_all_merged.qpAdm.grouped.ind
snpname: data/intermediate/HO_all_merged.qpAdm.snp
genotypename: data/intermediate/HO_all_merged.qpAdm.geno
popleft: temp/param/left.hwra98ue
popright: temp/param/right.hwra98ue
details: YES
## qpWave version: 410
packed geno read OK
end of inpack

left pops:
Tibetan_Yunnan
Lubrak
YR_MN

right pops:
Mbuti
Anatolia_N
Ami
Mixe
Ganj_Dareh_N
Onge
Villabruna
DevilsGate

  0       Tibetan_Yunnan    4
  1               Lubrak    2
  2                YR_MN    8
  3                Mbuti   10
  4           Anatolia_N   25
  5                  Ami   10
  6                 Mixe   10
  7         Ganj_Dareh_N    7
  8                 Onge   12
  9           Villabruna    1
 10           DevilsGate    4
jackknife block size:     0.050
snps: 498990  indivs: 93
number of blocks for block jackknife: 710
dof (jackknife):   583.209
numsnps used: 311395
f4info: 
f4rank: 0 dof:     14 chisq:    59.123 tail:       1.67067439e-07 dofdiff:      0 chisqdiff:     0.000 taildiff:                    1

f4info: 
f4rank: 1 dof:      6 chisq:     6.429 tail:           0.37689297 dofdiff:      8 chisqdiff:    52.694 taildiff:       1.23586605e-08
B:
          scale     1.000 
     Anatolia_N    -0.470 
            Ami     2.183 
           Mixe     0.916 
   Ganj_Dareh_N    -0.251 
           Onge     0.158 
     Villabruna    -1.035 
     DevilsGate     0.131 
A:
          scale  2588.160 
         Lubrak    -1.367 
          YR_MN     0.362 

f4info: 
f4rank: 2 dof:      0 chisq:     0.000 tail:                    1 dofdiff:      6 chisqdiff:     6.429 taildiff:           0.37689297
B:
          scale     1.000     1.000 
     Anatolia_N    -0.357    -0.668 
            Ami     2.069     0.809 
           Mixe     0.703     0.689 
   Ganj_Dareh_N    -0.164    -0.424 
           Onge     0.297    -0.507 
     Villabruna    -1.385     1.352 
     DevilsGate    -0.249     1.778 
A:
          scale  2574.098  5865.299 
         Lubrak    -1.400     0.200 
          YR_MN     0.200     1.400 

## end of run
