/home/cliu7/utils/AdmixTools/bin/qpWave: parameter file: temp/param/qpAdm_Tibetan_Lhasa.Mebrak.Upper_YR_LN.par90mk5iw4
### THE INPUT PARAMETERS
##PARAMETER NAME: VALUE
DIR: data/intermediate
S1: HO_all_merged.qpAdm
indivname: data/intermediate/HO_all_merged.qpAdm.grouped.ind
snpname: data/intermediate/HO_all_merged.qpAdm.snp
genotypename: data/intermediate/HO_all_merged.qpAdm.geno
popleft: temp/param/left.90mk5iw4
popright: temp/param/right.90mk5iw4
details: YES
## qpWave version: 410
packed geno read OK
end of inpack

left pops:
Tibetan_Lhasa
Mebrak
Upper_YR_LN

right pops:
Mbuti
Anatolia_N
Ami
Mixe
Ganj_Dareh_N
Onge
Villabruna
DevilsGate

  0        Tibetan_Lhasa    9
  1               Mebrak    8
  2          Upper_YR_LN    7
  3                Mbuti   10
  4           Anatolia_N   25
  5                  Ami   10
  6                 Mixe   10
  7         Ganj_Dareh_N    7
  8                 Onge   12
  9           Villabruna    1
 10           DevilsGate    4
jackknife block size:     0.050
snps: 498990  indivs: 103
number of blocks for block jackknife: 710
dof (jackknife):   583.183
numsnps used: 424537
f4info: 
f4rank: 0 dof:     14 chisq:   146.861 tail:       3.04773213e-24 dofdiff:      0 chisqdiff:     0.000 taildiff:                    1

f4info: 
f4rank: 1 dof:      6 chisq:    17.611 tail:        0.00728116672 dofdiff:      8 chisqdiff:   129.250 taildiff:       4.04721041e-24
B:
          scale     1.000 
     Anatolia_N     0.007 
            Ami     1.508 
           Mixe     1.121 
   Ganj_Dareh_N     0.193 
           Onge     0.615 
     Villabruna    -0.105 
     DevilsGate     1.745 
A:
          scale  1497.668 
         Mebrak    -0.431 
    Upper_YR_LN     1.347 

f4info: 
f4rank: 2 dof:      0 chisq:     0.000 tail:                    1 dofdiff:      6 chisqdiff:    17.611 taildiff:        0.00728116672
B:
          scale     1.000     1.000 
     Anatolia_N    -0.059     1.152 
            Ami     1.488     0.864 
           Mixe     1.129     0.539 
   Ganj_Dareh_N     0.167     0.352 
           Onge     0.522     1.419 
     Villabruna    -0.159     0.719 
     DevilsGate     1.784    -1.407 
A:
          scale  1533.265  4965.149 
         Mebrak    -0.575    -1.292 
    Upper_YR_LN     1.292    -0.575 

## end of run
