/home/cliu7/utils/AdmixTools/bin/qpAdm: parameter file: temp/param/qpAdm_Tibetan_Yajiang.Chokhopani.Upper_YR_LN.parwzoku0jj
### THE INPUT PARAMETERS
##PARAMETER NAME: VALUE
DIR: data/intermediate
S1: HO_all_merged.qpAdm
indivname: data/intermediate/HO_all_merged.qpAdm.grouped.ind
snpname: data/intermediate/HO_all_merged.qpAdm.snp
genotypename: data/intermediate/HO_all_merged.qpAdm.geno
popleft: temp/param/left.wzoku0jj
popright: temp/param/right.wzoku0jj
details: YES
## qpAdm version: 810
seed: 217168652
packed geno read OK
end of inpack

left pops:
Tibetan_Yajiang
Chokhopani
Upper_YR_LN

right pops:
Mbuti
Anatolia_N
Ami
Mixe
Ganj_Dareh_N
Onge
Villabruna
DevilsGate

  0      Tibetan_Yajiang   10
  1           Chokhopani    2
  2          Upper_YR_LN    7
  3                Mbuti   10
  4           Anatolia_N   25
  5                  Ami   10
  6                 Mixe   10
  7         Ganj_Dareh_N    7
  8                 Onge   12
  9           Villabruna    1
 10           DevilsGate    4
jackknife block size:     0.050
snps: 498990  indivs: 98
number of blocks for block jackknife: 710
## ncols: 498990
coverage:      Tibetan_Yajiang 498036
coverage:           Chokhopani 498917
coverage:          Upper_YR_LN 496840
coverage:                Mbuti 498990
coverage:           Anatolia_N 498137
coverage:                  Ami 498990
coverage:                 Mixe 498990
coverage:         Ganj_Dareh_N 457128
coverage:                 Onge 498990
coverage:           Villabruna 415230
coverage:           DevilsGate 498716
dof (jackknife):   583.253
numsnps used: 424724
codimension 1
f4info: 
f4rank: 1 dof:      6 chisq:    30.996 tail:        2.5398999e-05 dofdiff:      8 chisqdiff:   -30.996 taildiff:                    1
B:
          scale     1.000 
     Anatolia_N     0.108 
            Ami     1.378 
           Mixe     1.228 
   Ganj_Dareh_N     0.422 
           Onge     0.253 
     Villabruna     0.418 
     DevilsGate     1.779 
A:
          scale  1640.122 
     Chokhopani    -0.981 
    Upper_YR_LN     1.019 


full rank
f4info: 
f4rank: 2 dof:      0 chisq:     0.000 tail:                    1 dofdiff:      6 chisqdiff:    30.996 taildiff:        2.5398999e-05
B:
          scale     1.000     1.000 
     Anatolia_N     0.133     0.766 
            Ami     1.406     0.993 
           Mixe     1.255     0.693 
   Ganj_Dareh_N     0.465     0.067 
           Onge     0.163    -1.383 
     Villabruna     0.436     0.883 
     DevilsGate     1.731    -1.500 
A:
          scale  1653.362  4010.855 
     Chokhopani    -0.954    -1.052 
    Upper_YR_LN     1.044    -0.945 


best coefficients:     0.509     0.491 
Jackknife mean:      0.491370537     0.508629463 
      std. errors:     0.138     0.138 

error covariance (* 1000000)
     18910     -18910 
    -18910      18910 


summ: Tibetan_Yajiang    2      0.000025     0.491     0.509 18910 -18910 18910 

    fixed pat  wt  dof     chisq       tail prob
           00  0     6    30.996      2.5399e-05     0.509     0.491 
           01  1     7    44.774     1.51281e-07     1.000     0.000 
           10  1     7    60.013     1.50073e-10     0.000     1.000 
best pat:           00       2.5399e-05              -  -
best pat:           01      1.51281e-07  chi(nested):    13.779 p-value for nested model:     0.000205663

coeffs:     0.509     0.491 

## dscore:: f_4(Base, Fit, Rbase, right2)
## genstat:: f_4(Base, Fit, right1, right2)

details:      Chokhopani      Anatolia_N    -0.000281   -1.357619
details:     Upper_YR_LN      Anatolia_N    -0.000096   -0.601551
dscore:      Anatolia_N f4:    -0.000190 Z:    -1.325830

details:      Chokhopani             Ami    -0.001074   -4.574074
details:     Upper_YR_LN             Ami     0.000655    3.593774
dscore:             Ami f4:    -0.000226 Z:    -1.367464

details:      Chokhopani            Mixe    -0.000910   -3.566723
details:     Upper_YR_LN            Mixe     0.000630    3.139758
dscore:            Mixe f4:    -0.000154 Z:    -0.861755

details:      Chokhopani    Ganj_Dareh_N    -0.000290   -1.126804
details:     Upper_YR_LN    Ganj_Dareh_N     0.000278    1.416465
dscore:    Ganj_Dareh_N f4:    -0.000011 Z:    -0.062927

details:      Chokhopani            Onge     0.000266    1.090818
details:     Upper_YR_LN            Onge     0.000430    2.309644
dscore:            Onge f4:     0.000346 Z:     2.061069

details:      Chokhopani      Villabruna    -0.000490   -1.537286
details:     Upper_YR_LN      Villabruna     0.000066    0.248930
dscore:      Villabruna f4:    -0.000217 Z:    -0.965979

details:      Chokhopani      DevilsGate    -0.000608   -2.136634
details:     Upper_YR_LN      DevilsGate     0.001448    6.370934
dscore:      DevilsGate f4:     0.000401 Z:     1.988800

gendstat:                Mbuti           Anatolia_N    -1.326
gendstat:                Mbuti                  Ami    -1.367
gendstat:                Mbuti                 Mixe    -0.862
gendstat:                Mbuti         Ganj_Dareh_N    -0.063
gendstat:                Mbuti                 Onge     2.061
gendstat:                Mbuti           Villabruna    -0.966
gendstat:                Mbuti           DevilsGate     1.989
gendstat:           Anatolia_N                  Ami    -0.235
gendstat:           Anatolia_N                 Mixe     0.216
gendstat:           Anatolia_N         Ganj_Dareh_N     1.255
gendstat:           Anatolia_N                 Onge     3.503
gendstat:           Anatolia_N           Villabruna    -0.142
gendstat:           Anatolia_N           DevilsGate     3.112
gendstat:                  Ami                 Mixe     0.453
gendstat:                  Ami         Ganj_Dareh_N     1.167
gendstat:                  Ami                 Onge     3.589
gendstat:                  Ami           Villabruna     0.036
gendstat:                  Ami           DevilsGate     3.808
gendstat:                 Mixe         Ganj_Dareh_N     0.751
gendstat:                 Mixe                 Onge     2.728
gendstat:                 Mixe           Villabruna    -0.270
gendstat:                 Mixe           DevilsGate     3.011
gendstat:         Ganj_Dareh_N                 Onge     2.012
gendstat:         Ganj_Dareh_N           Villabruna    -0.911
gendstat:         Ganj_Dareh_N           DevilsGate     1.905
gendstat:                 Onge           Villabruna    -2.388
gendstat:                 Onge           DevilsGate     0.269
gendstat:           Villabruna           DevilsGate     2.430

## end of run
