/home/cliu7/utils/AdmixTools/bin/qpAdm: parameter file: temp/param/qpAdm_Tibetan_Xinlong.UpperMustang.LC.YR_MN.parik40m786
### THE INPUT PARAMETERS
##PARAMETER NAME: VALUE
DIR: data/intermediate
S1: HO_all_merged.qpAdm
indivname: data/intermediate/HO_all_merged.qpAdm.grouped.ind
snpname: data/intermediate/HO_all_merged.qpAdm.snp
genotypename: data/intermediate/HO_all_merged.qpAdm.geno
popleft: temp/param/left.ik40m786
popright: temp/param/right.ik40m786
details: YES
## qpAdm version: 810
seed: 301556087
packed geno read OK
end of inpack

left pops:
Tibetan_Xinlong
UpperMustang.LC
YR_MN

right pops:
Mbuti
Anatolia_N
Ami
Mixe
Ganj_Dareh_N
Onge
Villabruna
DevilsGate

  0      Tibetan_Xinlong   10
  1      UpperMustang.LC   11
  2                YR_MN    8
  3                Mbuti   10
  4           Anatolia_N   25
  5                  Ami   10
  6                 Mixe   10
  7         Ganj_Dareh_N    7
  8                 Onge   12
  9           Villabruna    1
 10           DevilsGate    4
jackknife block size:     0.050
snps: 498990  indivs: 108
number of blocks for block jackknife: 710
## ncols: 498990
coverage:      Tibetan_Xinlong 498036
coverage:      UpperMustang.LC 498990
coverage:                YR_MN 497089
coverage:                Mbuti 498990
coverage:           Anatolia_N 498137
coverage:                  Ami 498990
coverage:                 Mixe 498990
coverage:         Ganj_Dareh_N 457128
coverage:                 Onge 498990
coverage:           Villabruna 415230
coverage:           DevilsGate 498716
dof (jackknife):   583.381
numsnps used: 423377
codimension 1
f4info: 
f4rank: 1 dof:      6 chisq:     7.092 tail:          0.312404837 dofdiff:      8 chisqdiff:    -7.092 taildiff:                    1
B:
          scale     1.000 
     Anatolia_N    -0.015 
            Ami     2.129 
           Mixe     0.868 
   Ganj_Dareh_N     0.081 
           Onge     0.492 
     Villabruna    -0.129 
     DevilsGate     1.204 
A:
          scale  1419.282 
UpperMustang.LC    -1.408 
          YR_MN    -0.135 


full rank
f4info: 
f4rank: 2 dof:      0 chisq:     0.000 tail:                    1 dofdiff:      6 chisqdiff:     7.092 taildiff:          0.312404837
B:
          scale     1.000     1.000 
     Anatolia_N     0.002    -1.084 
            Ami     2.134     0.156 
           Mixe     0.879    -0.528 
   Ganj_Dareh_N     0.066     1.052 
           Onge     0.509    -1.311 
     Villabruna    -0.118     0.671 
     DevilsGate     1.181     1.499 
A:
          scale  1401.421  9641.763 
UpperMustang.LC    -1.399     0.029 
          YR_MN    -0.206     1.414 


best coefficients:    -0.106     1.106 
Jackknife mean:     -0.098264587     1.098264587 
      std. errors:     0.092     0.092 

error covariance (* 1000000)
      8484      -8484 
     -8484       8484 


summ: Tibetan_Xinlong    2      0.312405    -0.098     1.098  8484 -8484  8484 

    fixed pat  wt  dof     chisq       tail prob
           00  0     6     7.092        0.312405    -0.106     1.106  infeasible
           01  1     7   296.251               0     1.000     0.000 
           10  1     7     8.678         0.27663     0.000     1.000 
best pat:           00         0.312405              -  -
best pat:           10          0.27663  chi(nested):     1.586 p-value for nested model:        0.207967

coeffs:    -0.106     1.106 

## dscore:: f_4(Base, Fit, Rbase, right2)
## genstat:: f_4(Base, Fit, right1, right2)

details: UpperMustang.LC      Anatolia_N    -0.000007   -0.054057
details:           YR_MN      Anatolia_N    -0.000149   -0.818293
dscore:      Anatolia_N f4:    -0.000164 Z:    -0.826635

details: UpperMustang.LC             Ami    -0.002133  -15.165709
details:           YR_MN             Ami    -0.000287   -1.468705
dscore:             Ami f4:    -0.000091 Z:    -0.430677

details: UpperMustang.LC            Mixe    -0.000882   -5.962505
details:           YR_MN            Mixe    -0.000201   -0.943560
dscore:            Mixe f4:    -0.000129 Z:    -0.553893

details: UpperMustang.LC    Ganj_Dareh_N    -0.000064   -0.436452
details:           YR_MN    Ganj_Dareh_N     0.000150    0.688193
dscore:    Ganj_Dareh_N f4:     0.000173 Z:     0.725656

details: UpperMustang.LC            Onge    -0.000514   -3.677215
details:           YR_MN            Onge    -0.000264   -1.310473
dscore:            Onge f4:    -0.000238 Z:    -1.079320

details: UpperMustang.LC      Villabruna     0.000118    0.619250
details:           YR_MN      Villabruna     0.000128    0.452762
dscore:      Villabruna f4:     0.000129 Z:     0.418941

details: UpperMustang.LC      DevilsGate    -0.001176   -6.932148
details:           YR_MN      DevilsGate     0.000058    0.240020
dscore:      DevilsGate f4:     0.000188 Z:     0.717238

gendstat:                Mbuti           Anatolia_N    -0.827
gendstat:                Mbuti                  Ami    -0.431
gendstat:                Mbuti                 Mixe    -0.554
gendstat:                Mbuti         Ganj_Dareh_N     0.726
gendstat:                Mbuti                 Onge    -1.079
gendstat:                Mbuti           Villabruna     0.419
gendstat:                Mbuti           DevilsGate     0.717
gendstat:           Anatolia_N                  Ami     0.368
gendstat:           Anatolia_N                 Mixe     0.159
gendstat:           Anatolia_N         Ganj_Dareh_N     1.695
gendstat:           Anatolia_N                 Onge    -0.364
gendstat:           Anatolia_N           Villabruna     1.116
gendstat:           Anatolia_N           DevilsGate     1.481
gendstat:                  Ami                 Mixe    -0.188
gendstat:                  Ami         Ganj_Dareh_N     1.139
gendstat:                  Ami                 Onge    -0.727
gendstat:                  Ami           Villabruna     0.700
gendstat:                  Ami           DevilsGate     1.217
gendstat:                 Mixe         Ganj_Dareh_N     1.191
gendstat:                 Mixe                 Onge    -0.479
gendstat:                 Mixe           Villabruna     0.821
gendstat:                 Mixe           DevilsGate     1.280
gendstat:         Ganj_Dareh_N                 Onge    -1.711
gendstat:         Ganj_Dareh_N           Villabruna    -0.144
gendstat:         Ganj_Dareh_N           DevilsGate     0.056
gendstat:                 Onge           Villabruna     1.163
gendstat:                 Onge           DevilsGate     1.643
gendstat:           Villabruna           DevilsGate     0.177

## end of run
