/home/cliu7/utils/AdmixTools/bin/qpWave: parameter file: temp/param/qpAdm_Tibetan_Yunnan.Sherpa.LC.YR_MN.parl_tcgwfy
### THE INPUT PARAMETERS
##PARAMETER NAME: VALUE
DIR: data/intermediate
S1: HO_all_merged.qpAdm
indivname: data/intermediate/HO_all_merged.qpAdm.grouped.ind
snpname: data/intermediate/HO_all_merged.qpAdm.snp
genotypename: data/intermediate/HO_all_merged.qpAdm.geno
popleft: temp/param/left.l_tcgwfy
popright: temp/param/right.l_tcgwfy
details: YES
## qpWave version: 410
packed geno read OK
end of inpack

left pops:
Tibetan_Yunnan
Sherpa.LC
YR_MN

right pops:
Mbuti
Anatolia_N
Ami
Mixe
Ganj_Dareh_N
Onge
Villabruna
DevilsGate

  0       Tibetan_Yunnan    4
  1            Sherpa.LC    9
  2                YR_MN    8
  3                Mbuti   10
  4           Anatolia_N   25
  5                  Ami   10
  6                 Mixe   10
  7         Ganj_Dareh_N    7
  8                 Onge   12
  9           Villabruna    1
 10           DevilsGate    4
jackknife block size:     0.050
snps: 498990  indivs: 100
number of blocks for block jackknife: 710
dof (jackknife):   583.266
numsnps used: 428441
f4info: 
f4rank: 0 dof:     14 chisq:   145.004 tail:       7.15393767e-24 dofdiff:      0 chisqdiff:     0.000 taildiff:                    1

f4info: 
f4rank: 1 dof:      6 chisq:     6.310 tail:          0.389335932 dofdiff:      8 chisqdiff:   138.693 taildiff:       4.43568546e-26
B:
          scale     1.000 
     Anatolia_N    -0.170 
            Ami     2.388 
           Mixe     0.620 
   Ganj_Dareh_N     0.024 
           Onge     0.274 
     Villabruna    -0.216 
     DevilsGate     0.874 
A:
          scale  2359.442 
      Sherpa.LC    -1.344 
          YR_MN     0.440 

f4info: 
f4rank: 2 dof:      0 chisq:     0.000 tail:                    1 dofdiff:      6 chisqdiff:     6.310 taildiff:          0.389335932
B:
          scale     1.000     1.000 
     Anatolia_N    -0.088    -0.822 
            Ami     2.372     0.168 
           Mixe     0.647    -0.148 
   Ganj_Dareh_N     0.126    -0.710 
           Onge     0.439    -1.245 
     Villabruna    -0.366     1.709 
     DevilsGate     0.778     1.139 
A:
          scale  2299.553  6685.332 
      Sherpa.LC    -1.382     0.300 
          YR_MN     0.300     1.382 

## end of run
