/home/cliu7/utils/AdmixTools/bin/qpAdm: parameter file: temp/param/qpAdm_Tibetan_Shannan.Sherpa.LC.Upper_YR_LN.pars502v07p
### THE INPUT PARAMETERS
##PARAMETER NAME: VALUE
DIR: data/intermediate
S1: HO_all_merged.qpAdm
indivname: data/intermediate/HO_all_merged.qpAdm.grouped.ind
snpname: data/intermediate/HO_all_merged.qpAdm.snp
genotypename: data/intermediate/HO_all_merged.qpAdm.geno
popleft: temp/param/left.s502v07p
popright: temp/param/right.s502v07p
details: YES
## qpAdm version: 810
seed: 1531815786
packed geno read OK
end of inpack

left pops:
Tibetan_Shannan
Sherpa.LC
Upper_YR_LN

right pops:
Mbuti
Anatolia_N
Ami
Mixe
Ganj_Dareh_N
Onge
Villabruna
DevilsGate

  0      Tibetan_Shannan    9
  1            Sherpa.LC    9
  2          Upper_YR_LN    7
  3                Mbuti   10
  4           Anatolia_N   25
  5                  Ami   10
  6                 Mixe   10
  7         Ganj_Dareh_N    7
  8                 Onge   12
  9           Villabruna    1
 10           DevilsGate    4
jackknife block size:     0.050
snps: 498990  indivs: 104
number of blocks for block jackknife: 710
## ncols: 498990
coverage:      Tibetan_Shannan 498036
coverage:            Sherpa.LC 498990
coverage:          Upper_YR_LN 496840
coverage:                Mbuti 498990
coverage:           Anatolia_N 498137
coverage:                  Ami 498990
coverage:                 Mixe 498990
coverage:         Ganj_Dareh_N 457128
coverage:                 Onge 498990
coverage:           Villabruna 415230
coverage:           DevilsGate 498716
dof (jackknife):   583.080
numsnps used: 424287
codimension 1
f4info: 
f4rank: 1 dof:      6 chisq:     4.877 tail:          0.559629757 dofdiff:      8 chisqdiff:    -4.877 taildiff:                    1
B:
          scale     1.000 
     Anatolia_N    -0.101 
            Ami     1.524 
           Mixe     0.974 
   Ganj_Dareh_N     0.206 
           Onge     0.486 
     Villabruna    -0.003 
     DevilsGate     1.855 
A:
          scale  1467.164 
      Sherpa.LC    -0.035 
    Upper_YR_LN     1.414 


full rank
f4info: 
f4rank: 2 dof:      0 chisq:     0.000 tail:                    1 dofdiff:      6 chisqdiff:     4.877 taildiff:          0.559629757
B:
          scale     1.000     1.000 
     Anatolia_N    -0.096     0.628 
            Ami     1.498     1.751 
           Mixe     0.989     0.082 
   Ganj_Dareh_N     0.224     0.019 
           Onge     0.471     0.265 
     Villabruna     0.017    -1.045 
     DevilsGate     1.870    -1.539 
A:
          scale  1453.953 14634.187 
      Sherpa.LC    -0.042    -1.377 
    Upper_YR_LN     1.414    -0.322 


best coefficients:     0.976     0.024 
Jackknife mean:      0.972336108     0.027663892 
      std. errors:     0.085     0.085 

error covariance (* 1000000)
      7158      -7158 
     -7158       7158 


summ: Tibetan_Shannan    2      0.559630     0.972     0.028  7158 -7158  7158 

    fixed pat  wt  dof     chisq       tail prob
           00  0     6     4.877         0.55963     0.976     0.024 
           01  1     7     4.939        0.667365     1.000     0.000 
           10  1     7   110.125       8.649e-21     0.000     1.000 
best pat:           00          0.55963              -  -
best pat:           01         0.667365  chi(nested):     0.062 p-value for nested model:        0.803457

coeffs:     0.976     0.024 

## dscore:: f_4(Base, Fit, Rbase, right2)
## genstat:: f_4(Base, Fit, right1, right2)

details:       Sherpa.LC      Anatolia_N    -0.000054   -0.397143
details:     Upper_YR_LN      Anatolia_N    -0.000103   -0.604790
dscore:      Anatolia_N f4:    -0.000055 Z:    -0.411892

details:       Sherpa.LC             Ami    -0.000206   -1.251292
details:     Upper_YR_LN             Ami     0.001421    7.535516
dscore:             Ami f4:    -0.000168 Z:    -1.031698

details:       Sherpa.LC            Mixe    -0.000036   -0.212102
details:     Upper_YR_LN            Mixe     0.000964    4.744865
dscore:            Mixe f4:    -0.000012 Z:    -0.072497

details:       Sherpa.LC    Ganj_Dareh_N    -0.000009   -0.057177
details:     Upper_YR_LN    Ganj_Dareh_N     0.000220    1.061685
dscore:    Ganj_Dareh_N f4:    -0.000004 Z:    -0.023078

details:       Sherpa.LC            Onge    -0.000039   -0.241937
details:     Upper_YR_LN            Onge     0.000455    2.298921
dscore:            Onge f4:    -0.000027 Z:    -0.171361

details:       Sherpa.LC      Villabruna     0.000105    0.478047
details:     Upper_YR_LN      Villabruna     0.000045    0.166247
dscore:      Villabruna f4:     0.000103 Z:     0.478449

details:       Sherpa.LC      DevilsGate     0.000093    0.500485
details:     Upper_YR_LN      DevilsGate     0.001857    7.680693
dscore:      DevilsGate f4:     0.000135 Z:     0.738341

gendstat:                Mbuti           Anatolia_N    -0.412
gendstat:                Mbuti                  Ami    -1.032
gendstat:                Mbuti                 Mixe    -0.072
gendstat:                Mbuti         Ganj_Dareh_N    -0.023
gendstat:                Mbuti                 Onge    -0.171
gendstat:                Mbuti           Villabruna     0.478
gendstat:                Mbuti           DevilsGate     0.738
gendstat:           Anatolia_N                  Ami    -0.717
gendstat:           Anatolia_N                 Mixe     0.268
gendstat:           Anatolia_N         Ganj_Dareh_N     0.386
gendstat:           Anatolia_N                 Onge     0.183
gendstat:           Anatolia_N           Villabruna     0.879
gendstat:           Anatolia_N           DevilsGate     1.048
gendstat:                  Ami                 Mixe     1.033
gendstat:                  Ami         Ganj_Dareh_N     0.942
gendstat:                  Ami                 Onge     0.893
gendstat:                  Ami           Villabruna     1.220
gendstat:                  Ami           DevilsGate     1.917
gendstat:                 Mixe         Ganj_Dareh_N     0.048
gendstat:                 Mixe                 Onge    -0.084
gendstat:                 Mixe           Villabruna     0.521
gendstat:                 Mixe           DevilsGate     0.844
gendstat:         Ganj_Dareh_N                 Onge    -0.137
gendstat:         Ganj_Dareh_N           Villabruna     0.495
gendstat:         Ganj_Dareh_N           DevilsGate     0.688
gendstat:                 Onge           Villabruna     0.591
gendstat:                 Onge           DevilsGate     0.880
gendstat:           Villabruna           DevilsGate     0.134

## end of run
