/home/cliu7/utils/AdmixTools/bin/qpAdm: parameter file: temp/param/qpAdm_Tibetan_Chamdo.UpperMustang.LC.Upper_YR_LN.par9zhgu8td
### THE INPUT PARAMETERS
##PARAMETER NAME: VALUE
DIR: data/intermediate
S1: HO_all_merged.qpAdm
indivname: data/intermediate/HO_all_merged.qpAdm.grouped.ind
snpname: data/intermediate/HO_all_merged.qpAdm.snp
genotypename: data/intermediate/HO_all_merged.qpAdm.geno
popleft: temp/param/left.9zhgu8td
popright: temp/param/right.9zhgu8td
details: YES
## qpAdm version: 810
seed: -1397409814
packed geno read OK
end of inpack

left pops:
Tibetan_Chamdo
UpperMustang.LC
Upper_YR_LN

right pops:
Mbuti
Anatolia_N
Ami
Mixe
Ganj_Dareh_N
Onge
Villabruna
DevilsGate

  0       Tibetan_Chamdo   12
  1      UpperMustang.LC   11
  2          Upper_YR_LN    7
  3                Mbuti   10
  4           Anatolia_N   25
  5                  Ami   10
  6                 Mixe   10
  7         Ganj_Dareh_N    7
  8                 Onge   12
  9           Villabruna    1
 10           DevilsGate    4
jackknife block size:     0.050
snps: 498990  indivs: 109
number of blocks for block jackknife: 710
## ncols: 498990
coverage:       Tibetan_Chamdo 498036
coverage:      UpperMustang.LC 498990
coverage:          Upper_YR_LN 496840
coverage:                Mbuti 498990
coverage:           Anatolia_N 498137
coverage:                  Ami 498990
coverage:                 Mixe 498990
coverage:         Ganj_Dareh_N 457128
coverage:                 Onge 498990
coverage:           Villabruna 415230
coverage:           DevilsGate 498716
dof (jackknife):   583.297
numsnps used: 422782
codimension 1
f4info: 
f4rank: 1 dof:      6 chisq:     2.541 tail:          0.863842411 dofdiff:      8 chisqdiff:    -2.541 taildiff:                    1
B:
          scale     1.000 
     Anatolia_N     0.007 
            Ami     1.419 
           Mixe     1.036 
   Ganj_Dareh_N     0.362 
           Onge     0.505 
     Villabruna    -0.054 
     DevilsGate     1.877 
A:
          scale  1654.833 
UpperMustang.LC    -0.788 
    Upper_YR_LN     1.174 


full rank
f4info: 
f4rank: 2 dof:      0 chisq:     0.000 tail:                    1 dofdiff:      6 chisqdiff:     2.541 taildiff:          0.863842411
B:
          scale     1.000     1.000 
     Anatolia_N     0.002     0.057 
            Ami     1.416     0.510 
           Mixe     1.035    -1.123 
   Ganj_Dareh_N     0.377     1.862 
           Onge     0.507     1.204 
     Villabruna    -0.054     0.168 
     DevilsGate     1.876    -0.727 
A:
          scale  1635.803 16739.660 
UpperMustang.LC    -0.761     0.900 
    Upper_YR_LN     1.192     1.091 


best coefficients:     0.598     0.402 
Jackknife mean:      0.598912410     0.401087590 
      std. errors:     0.055     0.055 

error covariance (* 1000000)
      3027      -3027 
     -3027       3027 


summ: Tibetan_Chamdo    2      0.863842     0.599     0.401  3027 -3027  3027 

    fixed pat  wt  dof     chisq       tail prob
           00  0     6     2.541        0.863842     0.598     0.402 
           01  1     7    49.551     1.76964e-08     1.000     0.000 
           10  1     7    59.656     1.76835e-10     0.000     1.000 
best pat:           00         0.863842              -  -
best pat:           01      1.76964e-08  chi(nested):    47.010 p-value for nested model:     7.06406e-12

coeffs:     0.598     0.402 

## dscore:: f_4(Base, Fit, Rbase, right2)
## genstat:: f_4(Base, Fit, right1, right2)

details: UpperMustang.LC      Anatolia_N     0.000010    0.085979
details:     Upper_YR_LN      Anatolia_N     0.000019    0.115825
dscore:      Anatolia_N f4:     0.000014 Z:     0.126910

details: UpperMustang.LC             Ami    -0.000627   -4.566204
details:     Upper_YR_LN             Ami     0.001073    5.833508
dscore:             Ami f4:     0.000056 Z:     0.453905

details: UpperMustang.LC            Mixe    -0.000535   -3.533943
details:     Upper_YR_LN            Mixe     0.000693    3.517805
dscore:            Mixe f4:    -0.000042 Z:    -0.303165

details: UpperMustang.LC    Ganj_Dareh_N    -0.000069   -0.476830
details:     Upper_YR_LN    Ganj_Dareh_N     0.000408    2.063962
dscore:    Ganj_Dareh_N f4:     0.000123 Z:     0.948660

details: UpperMustang.LC            Onge    -0.000166   -1.161025
details:     Upper_YR_LN            Onge     0.000458    2.465819
dscore:            Onge f4:     0.000085 Z:     0.686738

details: UpperMustang.LC      Villabruna     0.000044    0.232681
details:     Upper_YR_LN      Villabruna    -0.000011   -0.043592
dscore:      Villabruna f4:     0.000022 Z:     0.126336

details: UpperMustang.LC      DevilsGate    -0.000908   -5.600670
details:     Upper_YR_LN      DevilsGate     0.001329    5.810148
dscore:      DevilsGate f4:    -0.000010 Z:    -0.066024

gendstat:                Mbuti           Anatolia_N     0.127
gendstat:                Mbuti                  Ami     0.454
gendstat:                Mbuti                 Mixe    -0.303
gendstat:                Mbuti         Ganj_Dareh_N     0.949
gendstat:                Mbuti                 Onge     0.687
gendstat:                Mbuti           Villabruna     0.126
gendstat:                Mbuti           DevilsGate    -0.066
gendstat:           Anatolia_N                  Ami     0.354
gendstat:           Anatolia_N                 Mixe    -0.444
gendstat:           Anatolia_N         Ganj_Dareh_N     1.044
gendstat:           Anatolia_N                 Onge     0.567
gendstat:           Anatolia_N           Villabruna     0.054
gendstat:           Anatolia_N           DevilsGate    -0.161
gendstat:                  Ami                 Mixe    -0.812
gendstat:                  Ami         Ganj_Dareh_N     0.505
gendstat:                  Ami                 Onge     0.247
gendstat:                  Ami           Villabruna    -0.190
gendstat:                  Ami           DevilsGate    -0.540
gendstat:                 Mixe         Ganj_Dareh_N     1.203
gendstat:                 Mixe                 Onge     0.932
gendstat:                 Mixe           Villabruna     0.352
gendstat:                 Mixe           DevilsGate     0.221
gendstat:         Ganj_Dareh_N                 Onge    -0.275
gendstat:         Ganj_Dareh_N           Villabruna    -0.625
gendstat:         Ganj_Dareh_N           DevilsGate    -0.846
gendstat:                 Onge           Villabruna    -0.346
gendstat:                 Onge           DevilsGate    -0.625
gendstat:           Villabruna           DevilsGate    -0.160

## end of run
