/home/cliu7/utils/AdmixTools/bin/qpWave: parameter file: temp/param/qpAdm_Tsum.LC.UpperMustang.LC.Upper_YR_LN.parfan9tg3l
### THE INPUT PARAMETERS
##PARAMETER NAME: VALUE
DIR: data/intermediate
S1: HO_all_merged.qpAdm
indivname: data/intermediate/HO_all_merged.qpAdm.grouped.ind
snpname: data/intermediate/HO_all_merged.qpAdm.snp
genotypename: data/intermediate/HO_all_merged.qpAdm.geno
popleft: temp/param/left.fan9tg3l
popright: temp/param/right.fan9tg3l
details: YES
## qpWave version: 410
packed geno read OK
end of inpack

left pops:
Tsum.LC
UpperMustang.LC
Upper_YR_LN

right pops:
Mbuti
Anatolia_N
Ami
Mixe
Ganj_Dareh_N
Onge
Villabruna
DevilsGate

  0              Tsum.LC   10
  1      UpperMustang.LC   11
  2          Upper_YR_LN    7
  3                Mbuti   10
  4           Anatolia_N   25
  5                  Ami   10
  6                 Mixe   10
  7         Ganj_Dareh_N    7
  8                 Onge   12
  9           Villabruna    1
 10           DevilsGate    4
jackknife block size:     0.050
snps: 498990  indivs: 107
number of blocks for block jackknife: 710
dof (jackknife):   583.315
numsnps used: 426409
f4info: 
f4rank: 0 dof:     14 chisq:   192.601 tail:       1.77495507e-33 dofdiff:      0 chisqdiff:     0.000 taildiff:                    1

f4info: 
f4rank: 1 dof:      6 chisq:     3.746 tail:           0.71098222 dofdiff:      8 chisqdiff:   188.855 taildiff:         1.417751e-36
B:
          scale     1.000 
     Anatolia_N    -0.029 
            Ami     1.412 
           Mixe     1.049 
   Ganj_Dareh_N     0.292 
           Onge     0.461 
     Villabruna    -0.044 
     DevilsGate     1.899 
A:
          scale  1125.114 
UpperMustang.LC     0.099 
    Upper_YR_LN     1.411 

f4info: 
f4rank: 2 dof:      0 chisq:     0.000 tail:                    1 dofdiff:      6 chisqdiff:     3.746 taildiff:           0.71098222
B:
          scale     1.000     1.000 
     Anatolia_N    -0.057     0.700 
            Ami     1.404     0.258 
           Mixe     1.070    -0.489 
   Ganj_Dareh_N     0.206     2.113 
           Onge     0.409     1.252 
     Villabruna    -0.032    -0.138 
     DevilsGate     1.915    -0.393 
A:
          scale  1149.034 13759.208 
UpperMustang.LC     0.054    -1.413 
    Upper_YR_LN     1.413     0.054 

## end of run
