/home/cliu7/utils/AdmixTools/bin/qpWave: parameter file: temp/param/qpAdm_Tsum.LC.Mebrak.YR_MN.parhe3jpqz3
### THE INPUT PARAMETERS
##PARAMETER NAME: VALUE
DIR: data/intermediate
S1: HO_all_merged.qpAdm
indivname: data/intermediate/HO_all_merged.qpAdm.grouped.ind
snpname: data/intermediate/HO_all_merged.qpAdm.snp
genotypename: data/intermediate/HO_all_merged.qpAdm.geno
popleft: temp/param/left.he3jpqz3
popright: temp/param/right.he3jpqz3
details: YES
## qpWave version: 410
packed geno read OK
end of inpack

left pops:
Tsum.LC
Mebrak
YR_MN

right pops:
Mbuti
Anatolia_N
Ami
Mixe
Ganj_Dareh_N
Onge
Villabruna
DevilsGate

  0              Tsum.LC   10
  1               Mebrak    8
  2                YR_MN    8
  3                Mbuti   10
  4           Anatolia_N   25
  5                  Ami   10
  6                 Mixe   10
  7         Ganj_Dareh_N    7
  8                 Onge   12
  9           Villabruna    1
 10           DevilsGate    4
jackknife block size:     0.050
snps: 498990  indivs: 105
number of blocks for block jackknife: 710
dof (jackknife):   583.144
numsnps used: 429136
f4info: 
f4rank: 0 dof:     14 chisq:   174.142 tail:        9.9568202e-30 dofdiff:      0 chisqdiff:     0.000 taildiff:                    1

f4info: 
f4rank: 1 dof:      6 chisq:    15.901 tail:         0.0142943992 dofdiff:      8 chisqdiff:   158.241 taildiff:       3.73051507e-30
B:
          scale     1.000 
     Anatolia_N    -0.193 
            Ami     2.100 
           Mixe     0.897 
   Ganj_Dareh_N    -0.067 
           Onge     0.267 
     Villabruna    -0.079 
     DevilsGate     1.290 
A:
          scale  1587.096 
         Mebrak    -0.049 
          YR_MN     1.413 

f4info: 
f4rank: 2 dof:      0 chisq:     0.000 tail:                    1 dofdiff:      6 chisqdiff:    15.901 taildiff:         0.0142943992
B:
          scale     1.000     1.000 
     Anatolia_N    -0.234     0.734 
            Ami     2.023     0.950 
           Mixe     0.841     0.595 
   Ganj_Dareh_N     0.003    -0.054 
           Onge     0.150     1.509 
     Villabruna     0.036    -0.231 
     DevilsGate     1.456    -1.694 
A:
          scale  1528.074  6297.898 
         Mebrak    -0.002    -1.414 
          YR_MN     1.414    -0.002 

## end of run
