/home/cliu7/utils/AdmixTools/bin/qpAdm: parameter file: temp/param/qpAdm_Tsum.LC.Chokhopani.Upper_YR_LN.parog6_hc2w
### THE INPUT PARAMETERS
##PARAMETER NAME: VALUE
DIR: data/intermediate
S1: HO_all_merged.qpAdm
indivname: data/intermediate/HO_all_merged.qpAdm.grouped.ind
snpname: data/intermediate/HO_all_merged.qpAdm.snp
genotypename: data/intermediate/HO_all_merged.qpAdm.geno
popleft: temp/param/left.og6_hc2w
popright: temp/param/right.og6_hc2w
details: YES
## qpAdm version: 810
seed: -1619921288
packed geno read OK
end of inpack

left pops:
Tsum.LC
Chokhopani
Upper_YR_LN

right pops:
Mbuti
Anatolia_N
Ami
Mixe
Ganj_Dareh_N
Onge
Villabruna
DevilsGate

  0              Tsum.LC   10
  1           Chokhopani    2
  2          Upper_YR_LN    7
  3                Mbuti   10
  4           Anatolia_N   25
  5                  Ami   10
  6                 Mixe   10
  7         Ganj_Dareh_N    7
  8                 Onge   12
  9           Villabruna    1
 10           DevilsGate    4
jackknife block size:     0.050
snps: 498990  indivs: 98
number of blocks for block jackknife: 710
## ncols: 498990
coverage:              Tsum.LC 498990
coverage:           Chokhopani 498917
coverage:          Upper_YR_LN 496840
coverage:                Mbuti 498990
coverage:           Anatolia_N 498137
coverage:                  Ami 498990
coverage:                 Mixe 498990
coverage:         Ganj_Dareh_N 457128
coverage:                 Onge 498990
coverage:           Villabruna 415230
coverage:           DevilsGate 498716
dof (jackknife):   583.116
numsnps used: 430714
codimension 1
f4info: 
f4rank: 1 dof:      6 chisq:    13.030 tail:          0.042567795 dofdiff:      8 chisqdiff:   -13.030 taildiff:                    1
B:
          scale     1.000 
     Anatolia_N    -0.032 
            Ami     1.428 
           Mixe     1.120 
   Ganj_Dareh_N     0.239 
           Onge     0.358 
     Villabruna     0.069 
     DevilsGate     1.875 
A:
          scale  1167.205 
     Chokhopani     0.098 
    Upper_YR_LN     1.411 


full rank
f4info: 
f4rank: 2 dof:      0 chisq:     0.000 tail:                    1 dofdiff:      6 chisqdiff:    13.030 taildiff:          0.042567795
B:
          scale     1.000     1.000 
     Anatolia_N    -0.050     0.753 
            Ami     1.408     0.250 
           Mixe     1.077     0.878 
   Ganj_Dareh_N     0.218     0.955 
           Onge     0.404    -1.050 
     Villabruna    -0.016     1.806 
     DevilsGate     1.909    -0.568 
A:
          scale  1160.992  4472.357 
     Chokhopani     0.077    -1.414 
    Upper_YR_LN     1.412    -0.045 


best coefficients:     1.075    -0.075 
Jackknife mean:      1.060110577    -0.060110577 
      std. errors:     0.128     0.128 

error covariance (* 1000000)
     16265     -16265 
    -16265      16265 


summ: Tsum.LC    2      0.042568     1.060    -0.060 16265 -16265 16265 

    fixed pat  wt  dof     chisq       tail prob
           00  0     6    13.030       0.0425678     1.075    -0.075  infeasible
           01  1     7    13.451       0.0618636     1.000     0.000 
           10  1     7   158.787               0     0.000     1.000 
best pat:           00        0.0425678              -  -
best pat:           01        0.0618636  chi(nested):     0.421 p-value for nested model:        0.516503

coeffs:     1.075    -0.075 

## dscore:: f_4(Base, Fit, Rbase, right2)
## genstat:: f_4(Base, Fit, right1, right2)

details:      Chokhopani      Anatolia_N    -0.000250   -1.182874
details:     Upper_YR_LN      Anatolia_N    -0.000067   -0.360438
dscore:      Anatolia_N f4:    -0.000264 Z:    -1.182603

details:      Chokhopani             Ami     0.000010    0.041963
details:     Upper_YR_LN             Ami     0.001712    8.646211
dscore:             Ami f4:    -0.000118 Z:    -0.476609

details:      Chokhopani            Mixe    -0.000210   -0.816579
details:     Upper_YR_LN            Mixe     0.001303    6.032058
dscore:            Mixe f4:    -0.000324 Z:    -1.187705

details:      Chokhopani    Ganj_Dareh_N    -0.000296   -1.128234
details:     Upper_YR_LN    Ganj_Dareh_N     0.000258    1.145804
dscore:    Ganj_Dareh_N f4:    -0.000338 Z:    -1.215140

details:      Chokhopani            Onge     0.000346    1.381752
details:     Upper_YR_LN            Onge     0.000503    2.424137
dscore:            Onge f4:     0.000334 Z:     1.262056

details:      Chokhopani      Villabruna    -0.000591   -1.818152
details:     Upper_YR_LN      Villabruna    -0.000037   -0.131533
dscore:      Villabruna f4:    -0.000632 Z:    -1.834710

details:      Chokhopani      DevilsGate     0.000301    1.013715
details:     Upper_YR_LN      DevilsGate     0.002331    9.309482
dscore:      DevilsGate f4:     0.000148 Z:     0.474077

gendstat:                Mbuti           Anatolia_N    -1.183
gendstat:                Mbuti                  Ami    -0.477
gendstat:                Mbuti                 Mixe    -1.188
gendstat:                Mbuti         Ganj_Dareh_N    -1.215
gendstat:                Mbuti                 Onge     1.262
gendstat:                Mbuti           Villabruna    -1.835
gendstat:                Mbuti           DevilsGate     0.474
gendstat:           Anatolia_N                  Ami     0.605
gendstat:           Anatolia_N                 Mixe    -0.229
gendstat:           Anatolia_N         Ganj_Dareh_N    -0.333
gendstat:           Anatolia_N                 Onge     2.441
gendstat:           Anatolia_N           Villabruna    -1.193
gendstat:           Anatolia_N           DevilsGate     1.361
gendstat:                  Ami                 Mixe    -0.899
gendstat:                  Ami         Ganj_Dareh_N    -0.767
gendstat:                  Ami                 Onge     1.846
gendstat:                  Ami           Villabruna    -1.380
gendstat:                  Ami           DevilsGate     1.035
gendstat:                 Mixe         Ganj_Dareh_N    -0.047
gendstat:                 Mixe                 Onge     2.392
gendstat:                 Mixe           Villabruna    -0.803
gendstat:                 Mixe           DevilsGate     1.639
gendstat:         Ganj_Dareh_N                 Onge     2.363
gendstat:         Ganj_Dareh_N           Villabruna    -0.806
gendstat:         Ganj_Dareh_N           DevilsGate     1.394
gendstat:                 Onge           Villabruna    -2.611
gendstat:                 Onge           DevilsGate    -0.578
gendstat:           Villabruna           DevilsGate     1.827

## end of run
