/home/cliu7/utils/AdmixTools/bin/qpWave: parameter file: temp/param/qpAdm_Tsum.LC.Lubrak.Upper_YR_LN.parvn9wo54z
### THE INPUT PARAMETERS
##PARAMETER NAME: VALUE
DIR: data/intermediate
S1: HO_all_merged.qpAdm
indivname: data/intermediate/HO_all_merged.qpAdm.grouped.ind
snpname: data/intermediate/HO_all_merged.qpAdm.snp
genotypename: data/intermediate/HO_all_merged.qpAdm.geno
popleft: temp/param/left.vn9wo54z
popright: temp/param/right.vn9wo54z
details: YES
## qpWave version: 410
packed geno read OK
end of inpack

left pops:
Tsum.LC
Lubrak
Upper_YR_LN

right pops:
Mbuti
Anatolia_N
Ami
Mixe
Ganj_Dareh_N
Onge
Villabruna
DevilsGate

  0              Tsum.LC   10
  1               Lubrak    2
  2          Upper_YR_LN    7
  3                Mbuti   10
  4           Anatolia_N   25
  5                  Ami   10
  6                 Mixe   10
  7         Ganj_Dareh_N    7
  8                 Onge   12
  9           Villabruna    1
 10           DevilsGate    4
jackknife block size:     0.050
snps: 498990  indivs: 98
number of blocks for block jackknife: 710
dof (jackknife):   583.038
numsnps used: 310317
f4info: 
f4rank: 0 dof:     14 chisq:   150.988 tail:       4.56079613e-25 dofdiff:      0 chisqdiff:     0.000 taildiff:                    1

f4info: 
f4rank: 1 dof:      6 chisq:     5.913 tail:          0.432969135 dofdiff:      8 chisqdiff:   145.074 taildiff:       2.08515318e-27
B:
          scale     1.000 
     Anatolia_N     0.023 
            Ami     1.341 
           Mixe     1.055 
   Ganj_Dareh_N     0.243 
           Onge     0.488 
     Villabruna     0.184 
     DevilsGate     1.938 
A:
          scale  1001.927 
         Lubrak     0.440 
    Upper_YR_LN     1.344 

f4info: 
f4rank: 2 dof:      0 chisq:     0.000 tail:                    1 dofdiff:      6 chisqdiff:     5.913 taildiff:          0.432969135
B:
          scale     1.000     1.000 
     Anatolia_N     0.045     0.635 
            Ami     1.307    -0.962 
           Mixe     0.999    -0.852 
   Ganj_Dareh_N     0.266     0.341 
           Onge     0.462    -0.321 
     Villabruna     0.288     2.027 
     DevilsGate     1.981     0.785 
A:
          scale   987.444  6017.758 
         Lubrak     0.532     1.310 
    Upper_YR_LN     1.310    -0.532 

## end of run
