/home/cliu7/utils/AdmixTools/bin/qpAdm: parameter file: temp/param/qpAdm_Tsum.LC.Lubrak.YR_MN.parygkwyge3
### THE INPUT PARAMETERS
##PARAMETER NAME: VALUE
DIR: data/intermediate
S1: HO_all_merged.qpAdm
indivname: data/intermediate/HO_all_merged.qpAdm.grouped.ind
snpname: data/intermediate/HO_all_merged.qpAdm.snp
genotypename: data/intermediate/HO_all_merged.qpAdm.geno
popleft: temp/param/left.ygkwyge3
popright: temp/param/right.ygkwyge3
details: YES
## qpAdm version: 810
seed: -189220612
packed geno read OK
end of inpack

left pops:
Tsum.LC
Lubrak
YR_MN

right pops:
Mbuti
Anatolia_N
Ami
Mixe
Ganj_Dareh_N
Onge
Villabruna
DevilsGate

  0              Tsum.LC   10
  1               Lubrak    2
  2                YR_MN    8
  3                Mbuti   10
  4           Anatolia_N   25
  5                  Ami   10
  6                 Mixe   10
  7         Ganj_Dareh_N    7
  8                 Onge   12
  9           Villabruna    1
 10           DevilsGate    4
jackknife block size:     0.050
snps: 498990  indivs: 99
number of blocks for block jackknife: 710
## ncols: 498990
coverage:              Tsum.LC 498990
coverage:               Lubrak 327444
coverage:                YR_MN 497089
coverage:                Mbuti 498990
coverage:           Anatolia_N 498137
coverage:                  Ami 498990
coverage:                 Mixe 498990
coverage:         Ganj_Dareh_N 457128
coverage:                 Onge 498990
coverage:           Villabruna 415230
coverage:           DevilsGate 498716
dof (jackknife):   583.148
numsnps used: 310962
codimension 1
f4info: 
f4rank: 1 dof:      6 chisq:    11.585 tail:         0.0718841212 dofdiff:      8 chisqdiff:   -11.585 taildiff:                    1
B:
          scale     1.000 
     Anatolia_N    -0.152 
            Ami     1.972 
           Mixe     0.951 
   Ganj_Dareh_N     0.072 
           Onge     0.311 
     Villabruna     0.079 
     DevilsGate     1.441 
A:
          scale  1423.770 
         Lubrak     0.276 
          YR_MN     1.387 


full rank
f4info: 
f4rank: 2 dof:      0 chisq:     0.000 tail:                    1 dofdiff:      6 chisqdiff:    11.585 taildiff:         0.0718841212
B:
          scale     1.000     1.000 
     Anatolia_N    -0.104     0.713 
            Ami     1.815    -1.614 
           Mixe     0.910    -0.465 
   Ganj_Dareh_N     0.115     0.545 
           Onge     0.301     0.102 
     Villabruna     0.222     1.494 
     DevilsGate     1.647     1.065 
A:
          scale  1293.093  4182.572 
         Lubrak     0.702     1.295 
          YR_MN     1.228    -0.569 


best coefficients:     1.249    -0.249 
Jackknife mean:      1.216456047    -0.216456047 
      std. errors:     0.201     0.201 

error covariance (* 1000000)
     40443     -40443 
    -40443      40443 


summ: Tsum.LC    2      0.071884     1.216    -0.216 40443 -40443 40443 

    fixed pat  wt  dof     chisq       tail prob
           00  0     6    11.585       0.0718841     1.249    -0.249  infeasible
           01  1     7    14.426       0.0441073     1.000     0.000 
           10  1     7   123.645      1.3327e-23     0.000     1.000 
best pat:           00        0.0718841              -  -
best pat:           01        0.0441073  chi(nested):     2.840 p-value for nested model:       0.0919245

coeffs:     1.249    -0.249 

## dscore:: f_4(Base, Fit, Rbase, right2)
## genstat:: f_4(Base, Fit, right1, right2)

details:          Lubrak      Anatolia_N     0.000170    0.646392
details:           YR_MN      Anatolia_N    -0.000195   -0.909868
dscore:      Anatolia_N f4:     0.000261 Z:     0.805544

details:          Lubrak             Ami     0.000491    1.701111
details:           YR_MN             Ami     0.001944    8.493366
dscore:             Ami f4:     0.000129 Z:     0.367539

details:          Lubrak            Mixe     0.000355    1.148115
details:           YR_MN            Mixe     0.000930    3.796625
dscore:            Mixe f4:     0.000211 Z:     0.553898

details:          Lubrak    Ganj_Dareh_N     0.000237    0.737376
details:           YR_MN    Ganj_Dareh_N     0.000036    0.137201
dscore:    Ganj_Dareh_N f4:     0.000287 Z:     0.724891

details:          Lubrak            Onge     0.000200    0.658302
details:           YR_MN            Onge     0.000273    1.125260
dscore:            Onge f4:     0.000182 Z:     0.486728

details:          Lubrak      Villabruna     0.000593    1.470995
details:           YR_MN      Villabruna     0.000007    0.021541
dscore:      Villabruna f4:     0.000739 Z:     1.500934

details:          Lubrak      DevilsGate     0.001227    3.452706
details:           YR_MN      DevilsGate     0.001422    4.786170
dscore:      DevilsGate f4:     0.001178 Z:     2.709573

gendstat:                Mbuti           Anatolia_N     0.806
gendstat:                Mbuti                  Ami     0.368
gendstat:                Mbuti                 Mixe     0.554
gendstat:                Mbuti         Ganj_Dareh_N     0.725
gendstat:                Mbuti                 Onge     0.487
gendstat:                Mbuti           Villabruna     1.501
gendstat:                Mbuti           DevilsGate     2.710
gendstat:           Anatolia_N                  Ami    -0.436
gendstat:           Anatolia_N                 Mixe    -0.143
gendstat:           Anatolia_N         Ganj_Dareh_N     0.080
gendstat:           Anatolia_N                 Onge    -0.237
gendstat:           Anatolia_N           Villabruna     1.091
gendstat:           Anatolia_N           DevilsGate     2.228
gendstat:                  Ami                 Mixe     0.274
gendstat:                  Ami         Ganj_Dareh_N     0.403
gendstat:                  Ami                 Onge     0.159
gendstat:                  Ami           Villabruna     1.258
gendstat:                  Ami           DevilsGate     2.905
gendstat:                 Mixe         Ganj_Dareh_N     0.174
gendstat:                 Mixe                 Onge    -0.078
gendstat:                 Mixe           Villabruna     1.014
gendstat:                 Mixe           DevilsGate     2.463
gendstat:         Ganj_Dareh_N                 Onge    -0.251
gendstat:         Ganj_Dareh_N           Villabruna     0.869
gendstat:         Ganj_Dareh_N           DevilsGate     1.864
gendstat:                 Onge           Villabruna     1.098
gendstat:                 Onge           DevilsGate     2.234
gendstat:           Villabruna           DevilsGate     0.785

## end of run
