/home/cliu7/utils/AdmixTools/bin/qpAdm: parameter file: temp/param/qpAdm_UpperMustang.LC.Sherpa.LC.YR_MN.paruu76cvfv
### THE INPUT PARAMETERS
##PARAMETER NAME: VALUE
DIR: data/intermediate
S1: HO_all_merged.qpAdm
indivname: data/intermediate/HO_all_merged.qpAdm.grouped.ind
snpname: data/intermediate/HO_all_merged.qpAdm.snp
genotypename: data/intermediate/HO_all_merged.qpAdm.geno
popleft: temp/param/left.uu76cvfv
popright: temp/param/right.uu76cvfv
details: YES
## qpAdm version: 810
seed: -2041370450
packed geno read OK
end of inpack

left pops:
UpperMustang.LC
Sherpa.LC
YR_MN

right pops:
Mbuti
Anatolia_N
Ami
Mixe
Ganj_Dareh_N
Onge
Villabruna
DevilsGate

  0      UpperMustang.LC   11
  1            Sherpa.LC    9
  2                YR_MN    8
  3                Mbuti   10
  4           Anatolia_N   25
  5                  Ami   10
  6                 Mixe   10
  7         Ganj_Dareh_N    7
  8                 Onge   12
  9           Villabruna    1
 10           DevilsGate    4
jackknife block size:     0.050
snps: 498990  indivs: 107
number of blocks for block jackknife: 710
## ncols: 498990
coverage:      UpperMustang.LC 498990
coverage:            Sherpa.LC 498990
coverage:                YR_MN 497089
coverage:                Mbuti 498990
coverage:           Anatolia_N 498137
coverage:                  Ami 498990
coverage:                 Mixe 498990
coverage:         Ganj_Dareh_N 457128
coverage:                 Onge 498990
coverage:           Villabruna 415230
coverage:           DevilsGate 498716
dof (jackknife):   583.353
numsnps used: 427455
codimension 1
f4info: 
f4rank: 1 dof:      6 chisq:     9.924 tail:          0.127902962 dofdiff:      8 chisqdiff:    -9.924 taildiff:                    1
B:
          scale     1.000 
     Anatolia_N    -0.263 
            Ami     2.225 
           Mixe     0.695 
   Ganj_Dareh_N     0.058 
           Onge     0.168 
     Villabruna    -0.029 
     DevilsGate     1.211 
A:
          scale  1779.058 
      Sherpa.LC    -0.031 
          YR_MN     1.414 


full rank
f4info: 
f4rank: 2 dof:      0 chisq:     0.000 tail:                    1 dofdiff:      6 chisqdiff:     9.924 taildiff:          0.127902962
B:
          scale     1.000     1.000 
     Anatolia_N    -0.160     0.500 
            Ami     2.054    -1.854 
           Mixe     0.769     0.493 
   Ganj_Dareh_N     0.249     1.103 
           Onge     0.284     0.441 
     Villabruna     0.019    -0.019 
     DevilsGate     1.421     1.288 
A:
          scale  1585.363  8528.837 
      Sherpa.LC     0.283     1.405 
          YR_MN     1.386    -0.157 


best coefficients:     0.979     0.021 
Jackknife mean:      0.974375147     0.025624853 
      std. errors:     0.078     0.078 

error covariance (* 1000000)
      6141      -6141 
     -6141       6141 


summ: UpperMustang.LC    2      0.127903     0.974     0.026  6141 -6141  6141 

    fixed pat  wt  dof     chisq       tail prob
           00  0     6     9.924        0.127903     0.979     0.021 
           01  1     7     9.967        0.190432     1.000     0.000 
           10  1     7   132.359     2.02005e-25     0.000     1.000 
best pat:           00         0.127903              -  -
best pat:           01         0.190432  chi(nested):     0.044 p-value for nested model:        0.834511

coeffs:     0.979     0.021 

## dscore:: f_4(Base, Fit, Rbase, right2)
## genstat:: f_4(Base, Fit, right1, right2)

details:       Sherpa.LC      Anatolia_N     0.000058    0.400190
details:           YR_MN      Anatolia_N    -0.000146   -0.764086
dscore:      Anatolia_N f4:     0.000053 Z:     0.374496

details:       Sherpa.LC             Ami     0.000064    0.399463
details:           YR_MN             Ami     0.001833    9.083321
dscore:             Ami f4:     0.000102 Z:     0.642561

details:       Sherpa.LC            Mixe     0.000222    1.279144
details:           YR_MN            Mixe     0.000667    2.874588
dscore:            Mixe f4:     0.000231 Z:     1.350224

details:       Sherpa.LC    Ganj_Dareh_N     0.000230    1.338518
details:           YR_MN    Ganj_Dareh_N     0.000201    0.865123
dscore:    Ganj_Dareh_N f4:     0.000229 Z:     1.350621

details:       Sherpa.LC            Onge     0.000127    0.758668
details:           YR_MN            Onge     0.000244    1.121062
dscore:            Onge f4:     0.000129 Z:     0.783553

details:       Sherpa.LC      Villabruna     0.000005    0.021759
details:           YR_MN      Villabruna     0.000021    0.069869
dscore:      Villabruna f4:     0.000005 Z:     0.023523

details:       Sherpa.LC      DevilsGate     0.000469    2.357341
details:           YR_MN      DevilsGate     0.001223    4.751339
dscore:      DevilsGate f4:     0.000485 Z:     2.467714

gendstat:                Mbuti           Anatolia_N     0.374
gendstat:                Mbuti                  Ami     0.643
gendstat:                Mbuti                 Mixe     1.350
gendstat:                Mbuti         Ganj_Dareh_N     1.351
gendstat:                Mbuti                 Onge     0.784
gendstat:                Mbuti           Villabruna     0.024
gendstat:                Mbuti           DevilsGate     2.468
gendstat:           Anatolia_N                  Ami     0.314
gendstat:           Anatolia_N                 Mixe     1.106
gendstat:           Anatolia_N         Ganj_Dareh_N     1.290
gendstat:           Anatolia_N                 Onge     0.501
gendstat:           Anatolia_N           Villabruna    -0.258
gendstat:           Anatolia_N           DevilsGate     2.227
gendstat:                  Ami                 Mixe     0.884
gendstat:                  Ami         Ganj_Dareh_N     0.710
gendstat:                  Ami                 Onge     0.173
gendstat:                  Ami           Villabruna    -0.431
gendstat:                  Ami           DevilsGate     2.471
gendstat:                 Mixe         Ganj_Dareh_N    -0.012
gendstat:                 Mixe                 Onge    -0.587
gendstat:                 Mixe           Villabruna    -0.981
gendstat:                 Mixe           DevilsGate     1.462
gendstat:         Ganj_Dareh_N                 Onge    -0.572
gendstat:         Ganj_Dareh_N           Villabruna    -1.042
gendstat:         Ganj_Dareh_N           DevilsGate     1.191
gendstat:                 Onge           Villabruna    -0.548
gendstat:                 Onge           DevilsGate     1.861
gendstat:           Villabruna           DevilsGate     1.941

## end of run
