/home/cliu7/utils/AdmixTools/bin/qpWave: parameter file: temp/param/qpAdm_UpperMustang.LC.Lubrak.Upper_YR_LN.parwni_nxo8
### THE INPUT PARAMETERS
##PARAMETER NAME: VALUE
DIR: data/intermediate
S1: HO_all_merged.qpAdm
indivname: data/intermediate/HO_all_merged.qpAdm.grouped.ind
snpname: data/intermediate/HO_all_merged.qpAdm.snp
genotypename: data/intermediate/HO_all_merged.qpAdm.geno
popleft: temp/param/left.wni_nxo8
popright: temp/param/right.wni_nxo8
details: YES
## qpWave version: 410
packed geno read OK
end of inpack

left pops:
UpperMustang.LC
Lubrak
Upper_YR_LN

right pops:
Mbuti
Anatolia_N
Ami
Mixe
Ganj_Dareh_N
Onge
Villabruna
DevilsGate

  0      UpperMustang.LC   11
  1               Lubrak    2
  2          Upper_YR_LN    7
  3                Mbuti   10
  4           Anatolia_N   25
  5                  Ami   10
  6                 Mixe   10
  7         Ganj_Dareh_N    7
  8                 Onge   12
  9           Villabruna    1
 10           DevilsGate    4
jackknife block size:     0.050
snps: 498990  indivs: 99
number of blocks for block jackknife: 710
dof (jackknife):   583.225
numsnps used: 309857
f4info: 
f4rank: 0 dof:     14 chisq:   142.725 tail:       2.03552557e-23 dofdiff:      0 chisqdiff:     0.000 taildiff:                    1

f4info: 
f4rank: 1 dof:      6 chisq:     6.348 tail:          0.385404334 dofdiff:      8 chisqdiff:   136.378 taildiff:       1.34343897e-25
B:
          scale     1.000 
     Anatolia_N     0.032 
            Ami     1.370 
           Mixe     0.988 
   Ganj_Dareh_N     0.402 
           Onge     0.508 
     Villabruna     0.169 
     DevilsGate     1.924 
A:
          scale  1059.680 
         Lubrak     0.400 
    Upper_YR_LN     1.356 

f4info: 
f4rank: 2 dof:      0 chisq:     0.000 tail:                    1 dofdiff:      6 chisqdiff:     6.348 taildiff:          0.385404334
B:
          scale     1.000     1.000 
     Anatolia_N     0.081     0.699 
            Ami     1.325    -0.901 
           Mixe     0.921    -1.028 
   Ganj_Dareh_N     0.460     0.802 
           Onge     0.509    -0.200 
     Villabruna     0.257     1.870 
     DevilsGate     1.963     0.681 
A:
          scale  1039.216  5729.811 
         Lubrak     0.506     1.321 
    Upper_YR_LN     1.321    -0.506 

## end of run
