/home/cliu7/utils/AdmixTools/bin/qpAdm: parameter file: temp/param/qpAdm_UpperMustang.LC.Lubrak.Upper_YR_LN.parwni_nxo8
### THE INPUT PARAMETERS
##PARAMETER NAME: VALUE
DIR: data/intermediate
S1: HO_all_merged.qpAdm
indivname: data/intermediate/HO_all_merged.qpAdm.grouped.ind
snpname: data/intermediate/HO_all_merged.qpAdm.snp
genotypename: data/intermediate/HO_all_merged.qpAdm.geno
popleft: temp/param/left.wni_nxo8
popright: temp/param/right.wni_nxo8
details: YES
## qpAdm version: 810
seed: 1061941709
packed geno read OK
end of inpack

left pops:
UpperMustang.LC
Lubrak
Upper_YR_LN

right pops:
Mbuti
Anatolia_N
Ami
Mixe
Ganj_Dareh_N
Onge
Villabruna
DevilsGate

  0      UpperMustang.LC   11
  1               Lubrak    2
  2          Upper_YR_LN    7
  3                Mbuti   10
  4           Anatolia_N   25
  5                  Ami   10
  6                 Mixe   10
  7         Ganj_Dareh_N    7
  8                 Onge   12
  9           Villabruna    1
 10           DevilsGate    4
jackknife block size:     0.050
snps: 498990  indivs: 99
number of blocks for block jackknife: 710
## ncols: 498990
coverage:      UpperMustang.LC 498990
coverage:               Lubrak 327444
coverage:          Upper_YR_LN 496840
coverage:                Mbuti 498990
coverage:           Anatolia_N 498137
coverage:                  Ami 498990
coverage:                 Mixe 498990
coverage:         Ganj_Dareh_N 457128
coverage:                 Onge 498990
coverage:           Villabruna 415230
coverage:           DevilsGate 498716
dof (jackknife):   583.225
numsnps used: 309857
codimension 1
f4info: 
f4rank: 1 dof:      6 chisq:     6.322 tail:          0.388149507 dofdiff:      8 chisqdiff:    -6.322 taildiff:                    1
B:
          scale     1.000 
     Anatolia_N     0.029 
            Ami     1.370 
           Mixe     0.987 
   Ganj_Dareh_N     0.400 
           Onge     0.506 
     Villabruna     0.165 
     DevilsGate     1.925 
A:
          scale  1061.801 
         Lubrak     0.401 
    Upper_YR_LN     1.356 


full rank
f4info: 
f4rank: 2 dof:      0 chisq:     0.000 tail:                    1 dofdiff:      6 chisqdiff:     6.322 taildiff:          0.388149507
B:
          scale     1.000     1.000 
     Anatolia_N     0.057     0.664 
            Ami     1.351    -1.166 
           Mixe     0.950    -1.213 
   Ganj_Dareh_N     0.434     0.688 
           Onge     0.512    -0.308 
     Villabruna     0.199     1.748 
     DevilsGate     1.944     0.326 
A:
          scale  1035.637  5602.348 
         Lubrak     0.549     1.384 
    Upper_YR_LN     1.303    -0.291 


best coefficients:     1.419    -0.419 
Jackknife mean:      1.379947683    -0.379947683 
      std. errors:     0.220     0.220 

error covariance (* 1000000)
     48597     -48597 
    -48597      48597 


summ: UpperMustang.LC    2      0.388150     1.380    -0.380 48597 -48597 48597 

    fixed pat  wt  dof     chisq       tail prob
           00  0     6     6.322         0.38815     1.419    -0.419  infeasible
           01  1     7    13.569       0.0594073     1.000     0.000 
           10  1     7   133.394     1.22731e-25     0.000     1.000 
best pat:           00          0.38815              -  -
best pat:           01        0.0594073  chi(nested):     7.247 p-value for nested model:      0.00710161

coeffs:     1.419    -0.419 

## dscore:: f_4(Base, Fit, Rbase, right2)
## genstat:: f_4(Base, Fit, right1, right2)

details:          Lubrak      Anatolia_N     0.000201    0.779727
details:     Upper_YR_LN      Anatolia_N     0.000042    0.225502
dscore:      Anatolia_N f4:     0.000267 Z:     0.741783

details:          Lubrak             Ami     0.000438    1.506512
details:     Upper_YR_LN             Ami     0.001764    8.105838
dscore:             Ami f4:    -0.000118 Z:    -0.293386

details:          Lubrak            Mixe     0.000212    0.685895
details:     Upper_YR_LN            Mixe     0.001261    5.637751
dscore:            Mixe f4:    -0.000228 Z:    -0.527968

details:          Lubrak    Ganj_Dareh_N     0.000409    1.257238
details:     Upper_YR_LN    Ganj_Dareh_N     0.000514    2.185960
dscore:    Ganj_Dareh_N f4:     0.000365 Z:     0.812031

details:          Lubrak            Onge     0.000201    0.669760
details:     Upper_YR_LN            Onge     0.000664    2.945461
dscore:            Onge f4:     0.000008 Z:     0.018027

details:          Lubrak      Villabruna     0.000556    1.408742
details:     Upper_YR_LN      Villabruna     0.000162    0.527194
dscore:      Villabruna f4:     0.000722 Z:     1.309228

details:          Lubrak      DevilsGate     0.001112    3.198294
details:     Upper_YR_LN      DevilsGate     0.002434    9.129036
dscore:      DevilsGate f4:     0.000559 Z:     1.140358

gendstat:                Mbuti           Anatolia_N     0.742
gendstat:                Mbuti                  Ami    -0.293
gendstat:                Mbuti                 Mixe    -0.528
gendstat:                Mbuti         Ganj_Dareh_N     0.812
gendstat:                Mbuti                 Onge     0.018
gendstat:                Mbuti           Villabruna     1.309
gendstat:                Mbuti           DevilsGate     1.140
gendstat:           Anatolia_N                  Ami    -1.143
gendstat:           Anatolia_N                 Mixe    -1.296
gendstat:           Anatolia_N         Ganj_Dareh_N     0.267
gendstat:           Anatolia_N                 Onge    -0.705
gendstat:           Anatolia_N           Villabruna     0.972
gendstat:           Anatolia_N           DevilsGate     0.639
gendstat:                  Ami                 Mixe    -0.325
gendstat:                  Ami         Ganj_Dareh_N     1.102
gendstat:                  Ami                 Onge     0.338
gendstat:                  Ami           Villabruna     1.566
gendstat:                  Ami           DevilsGate     1.618
gendstat:                 Mixe         Ganj_Dareh_N     1.216
gendstat:                 Mixe                 Onge     0.553
gendstat:                 Mixe           Villabruna     1.715
gendstat:                 Mixe           DevilsGate     1.738
gendstat:         Ganj_Dareh_N                 Onge    -0.752
gendstat:         Ganj_Dareh_N           Villabruna     0.632
gendstat:         Ganj_Dareh_N           DevilsGate     0.360
gendstat:                 Onge           Villabruna     1.308
gendstat:                 Onge           DevilsGate     1.098
gendstat:           Villabruna           DevilsGate    -0.266

## end of run
