/home/cliu7/utils/AdmixTools/bin/qpAdm: parameter file: temp/param/qpAdm_UpperMustang.LC.Kyang.Upper_YR_LN.parq6qj47vt
### THE INPUT PARAMETERS
##PARAMETER NAME: VALUE
DIR: data/intermediate
S1: HO_all_merged.qpAdm
indivname: data/intermediate/HO_all_merged.qpAdm.grouped.ind
snpname: data/intermediate/HO_all_merged.qpAdm.snp
genotypename: data/intermediate/HO_all_merged.qpAdm.geno
popleft: temp/param/left.q6qj47vt
popright: temp/param/right.q6qj47vt
details: YES
## qpAdm version: 810
seed: -153218408
packed geno read OK
end of inpack

left pops:
UpperMustang.LC
Kyang
Upper_YR_LN

right pops:
Mbuti
Anatolia_N
Ami
Mixe
Ganj_Dareh_N
Onge
Villabruna
DevilsGate

  0      UpperMustang.LC   11
  1                Kyang    7
  2          Upper_YR_LN    7
  3                Mbuti   10
  4           Anatolia_N   25
  5                  Ami   10
  6                 Mixe   10
  7         Ganj_Dareh_N    7
  8                 Onge   12
  9           Villabruna    1
 10           DevilsGate    4
jackknife block size:     0.050
snps: 498990  indivs: 104
number of blocks for block jackknife: 710
## ncols: 498990
coverage:      UpperMustang.LC 498990
coverage:                Kyang 498984
coverage:          Upper_YR_LN 496840
coverage:                Mbuti 498990
coverage:           Anatolia_N 498137
coverage:                  Ami 498990
coverage:                 Mixe 498990
coverage:         Ganj_Dareh_N 457128
coverage:                 Onge 498990
coverage:           Villabruna 415230
coverage:           DevilsGate 498716
dof (jackknife):   583.172
numsnps used: 427331
codimension 1
f4info: 
f4rank: 1 dof:      6 chisq:    11.187 tail:         0.0827569093 dofdiff:      8 chisqdiff:   -11.187 taildiff:                    1
B:
          scale     1.000 
     Anatolia_N    -0.038 
            Ami     1.530 
           Mixe     1.046 
   Ganj_Dareh_N     0.368 
           Onge     0.432 
     Villabruna    -0.115 
     DevilsGate     1.797 
A:
          scale  1249.680 
          Kyang    -0.142 
    Upper_YR_LN     1.407 


full rank
f4info: 
f4rank: 2 dof:      0 chisq:     0.000 tail:                    1 dofdiff:      6 chisqdiff:    11.187 taildiff:         0.0827569093
B:
          scale     1.000     1.000 
     Anatolia_N    -0.011     0.468 
            Ami     1.463    -1.734 
           Mixe     1.040    -0.858 
   Ganj_Dareh_N     0.392    -0.028 
           Onge     0.494     0.815 
     Villabruna    -0.073     0.855 
     DevilsGate     1.837     1.282 
A:
          scale  1194.413  9032.252 
          Kyang    -0.028     1.387 
    Upper_YR_LN     1.414     0.274 


best coefficients:     0.909     0.091 
Jackknife mean:      0.905428266     0.094571734 
      std. errors:     0.072     0.072 

error covariance (* 1000000)
      5195      -5195 
     -5195       5195 


summ: UpperMustang.LC    2      0.082757     0.905     0.095  5195 -5195  5195 

    fixed pat  wt  dof     chisq       tail prob
           00  0     6    11.187       0.0827569     0.909     0.091 
           01  1     7    12.746       0.0785338     1.000     0.000 
           10  1     7   149.709     4.67334e-29     0.000     1.000 
best pat:           00        0.0827569              -  -
best pat:           01        0.0785338  chi(nested):     1.559 p-value for nested model:          0.2118

coeffs:     0.909     0.091 

## dscore:: f_4(Base, Fit, Rbase, right2)
## genstat:: f_4(Base, Fit, right1, right2)

details:           Kyang      Anatolia_N     0.000076    0.535264
details:     Upper_YR_LN      Anatolia_N     0.000007    0.038561
dscore:      Anatolia_N f4:     0.000070 Z:     0.520716

details:           Kyang             Ami    -0.000296   -1.688184
details:     Upper_YR_LN             Ami     0.001685    8.520594
dscore:             Ami f4:    -0.000115 Z:    -0.692826

details:           Kyang            Mixe    -0.000154   -0.833070
details:     Upper_YR_LN            Mixe     0.001211    5.862754
dscore:            Mixe f4:    -0.000029 Z:    -0.167608

details:           Kyang    Ganj_Dareh_N    -0.000010   -0.056248
details:     Upper_YR_LN    Ganj_Dareh_N     0.000468    2.178822
dscore:    Ganj_Dareh_N f4:     0.000034 Z:     0.204980

details:           Kyang            Onge     0.000117    0.665833
details:     Upper_YR_LN            Onge     0.000616    2.936042
dscore:            Onge f4:     0.000163 Z:     0.975653

details:           Kyang      Villabruna     0.000143    0.627743
details:     Upper_YR_LN      Villabruna    -0.000052   -0.183289
dscore:      Villabruna f4:     0.000125 Z:     0.578442

details:           Kyang      DevilsGate     0.000157    0.764327
details:     Upper_YR_LN      DevilsGate     0.002220    9.090442
dscore:      DevilsGate f4:     0.000346 Z:     1.785000

gendstat:                Mbuti           Anatolia_N     0.521
gendstat:                Mbuti                  Ami    -0.693
gendstat:                Mbuti                 Mixe    -0.168
gendstat:                Mbuti         Ganj_Dareh_N     0.205
gendstat:                Mbuti                 Onge     0.976
gendstat:                Mbuti           Villabruna     0.578
gendstat:                Mbuti           DevilsGate     1.785
gendstat:           Anatolia_N                  Ami    -1.211
gendstat:           Anatolia_N                 Mixe    -0.625
gendstat:           Anatolia_N         Ganj_Dareh_N    -0.260
gendstat:           Anatolia_N                 Onge     0.587
gendstat:           Anatolia_N           Villabruna     0.314
gendstat:           Anatolia_N           DevilsGate     1.515
gendstat:                  Ami                 Mixe     0.571
gendstat:                  Ami         Ganj_Dareh_N     0.820
gendstat:                  Ami                 Onge     1.686
gendstat:                  Ami           Villabruna     1.044
gendstat:                  Ami           DevilsGate     2.996
gendstat:                 Mixe         Ganj_Dareh_N     0.330
gendstat:                 Mixe                 Onge     1.081
gendstat:                 Mixe           Villabruna     0.681
gendstat:                 Mixe           DevilsGate     2.162
gendstat:         Ganj_Dareh_N                 Onge     0.674
gendstat:         Ganj_Dareh_N           Villabruna     0.412
gendstat:         Ganj_Dareh_N           DevilsGate     1.498
gendstat:                 Onge           Villabruna    -0.160
gendstat:                 Onge           DevilsGate     0.941
gendstat:           Villabruna           DevilsGate     0.871

## end of run
