/home/cliu7/utils/AdmixTools/bin/qpWave: parameter file: temp/param/qpAdm_Yi.UpperMustang.LC.YR_MN.par2j6uzy9n
### THE INPUT PARAMETERS
##PARAMETER NAME: VALUE
DIR: data/intermediate
S1: HO_all_merged.qpAdm
indivname: data/intermediate/HO_all_merged.qpAdm.grouped.ind
snpname: data/intermediate/HO_all_merged.qpAdm.snp
genotypename: data/intermediate/HO_all_merged.qpAdm.geno
popleft: temp/param/left.2j6uzy9n
popright: temp/param/right.2j6uzy9n
details: YES
## qpWave version: 410
packed geno read OK
end of inpack

left pops:
Yi
UpperMustang.LC
YR_MN

right pops:
Mbuti
Anatolia_N
Ami
Mixe
Ganj_Dareh_N
Onge
Villabruna
DevilsGate

  0                   Yi    8
  1      UpperMustang.LC   11
  2                YR_MN    8
  3                Mbuti   10
  4           Anatolia_N   25
  5                  Ami   10
  6                 Mixe   10
  7         Ganj_Dareh_N    7
  8                 Onge   12
  9           Villabruna    1
 10           DevilsGate    4
jackknife block size:     0.050
snps: 498990  indivs: 106
number of blocks for block jackknife: 710
dof (jackknife):   583.368
numsnps used: 424950
f4info: 
f4rank: 0 dof:     14 chisq:   328.890 tail:       1.08936937e-61 dofdiff:      0 chisqdiff:     0.000 taildiff:                    1

f4info: 
f4rank: 1 dof:      6 chisq:    12.471 tail:         0.0522558577 dofdiff:      8 chisqdiff:   316.420 taildiff:       1.31256336e-63
B:
          scale     1.000 
     Anatolia_N    -0.042 
            Ami     2.178 
           Mixe     0.773 
   Ganj_Dareh_N     0.233 
           Onge     0.557 
     Villabruna    -0.384 
     DevilsGate     1.070 
A:
          scale  1405.801 
UpperMustang.LC    -1.403 
          YR_MN    -0.179 

f4info: 
f4rank: 2 dof:      0 chisq:     0.000 tail:                    1 dofdiff:      6 chisqdiff:    12.471 taildiff:         0.0522558577
B:
          scale     1.000     1.000 
     Anatolia_N    -0.002    -0.553 
            Ami     2.183    -0.006 
           Mixe     0.788     0.017 
   Ganj_Dareh_N     0.223     0.051 
           Onge     0.650    -1.157 
     Villabruna    -0.488     1.648 
     DevilsGate     0.950     1.624 
A:
          scale  1387.215  6160.258 
UpperMustang.LC    -1.396    -0.224 
          YR_MN    -0.224     1.396 

## end of run
