/home/cliu7/utils/AdmixTools/bin/qpWave: parameter file: temp/param/qpAdm_Sherpa.LC.Samdzong.par9hlutg53
### THE INPUT PARAMETERS
##PARAMETER NAME: VALUE
DIR: data/intermediate
S1: HO_all_merged.qpAdm
indivname: data/intermediate/HO_all_merged.qpAdm.grouped.ind
snpname: data/intermediate/HO_all_merged.qpAdm.snp
genotypename: data/intermediate/HO_all_merged.qpAdm.geno
popleft: temp/param/left.9hlutg53
popright: temp/param/right.9hlutg53
details: YES
## qpWave version: 410
packed geno read OK
end of inpack

left pops:
Sherpa.LC
Samdzong

right pops:
Mbuti
Anatolia_N
Ami
Mixe
Ganj_Dareh_N
Onge
Villabruna
DevilsGate

  0            Sherpa.LC    9
  1             Samdzong    9
  2                Mbuti   10
  3           Anatolia_N   25
  4                  Ami   10
  5                 Mixe   10
  6         Ganj_Dareh_N    7
  7                 Onge   12
  8           Villabruna    1
  9           DevilsGate    4
jackknife block size:     0.050
snps: 498990  indivs: 97
number of blocks for block jackknife: 710
dof (jackknife):   583.087
numsnps used: 433954
f4info: 
f4rank: 0 dof:      7 chisq:    14.635 tail:         0.0409759838 dofdiff:      0 chisqdiff:     0.000 taildiff:                    1

f4info: 
f4rank: 1 dof:      0 chisq:     0.000 tail:                    1 dofdiff:      7 chisqdiff:    14.635 taildiff:         0.0409759838
B:
          scale     1.000 
     Anatolia_N    -0.286 
            Ami     1.106 
           Mixe     1.346 
   Ganj_Dareh_N     0.623 
           Onge     0.558 
     Villabruna     0.496 
     DevilsGate     1.714 
A:
          scale  3195.950 
       Samdzong    -1.000 

## end of run
