/home/cliu7/utils/AdmixTools/bin/qpWave: parameter file: temp/param/qpAdm_Tsum.LC.Kyang.par0e02pluo
### THE INPUT PARAMETERS
##PARAMETER NAME: VALUE
DIR: data/intermediate
S1: HO_all_merged.qpAdm
indivname: data/intermediate/HO_all_merged.qpAdm.grouped.ind
snpname: data/intermediate/HO_all_merged.qpAdm.snp
genotypename: data/intermediate/HO_all_merged.qpAdm.geno
popleft: temp/param/left.0e02pluo
popright: temp/param/right.0e02pluo
details: YES
## qpWave version: 410
packed geno read OK
end of inpack

left pops:
Tsum.LC
Kyang

right pops:
Mbuti
Anatolia_N
Ami
Mixe
Ganj_Dareh_N
Onge
Villabruna
DevilsGate

  0              Tsum.LC   10
  1                Kyang    7
  2                Mbuti   10
  3           Anatolia_N   25
  4                  Ami   10
  5                 Mixe   10
  6         Ganj_Dareh_N    7
  7                 Onge   12
  8           Villabruna    1
  9           DevilsGate    4
jackknife block size:     0.050
snps: 498990  indivs: 96
number of blocks for block jackknife: 710
dof (jackknife):   583.018
numsnps used: 433439
f4info: 
f4rank: 0 dof:      7 chisq:    13.389 tail:         0.0631687399 dofdiff:      0 chisqdiff:     0.000 taildiff:                    1

f4info: 
f4rank: 1 dof:      0 chisq:     0.000 tail:                    1 dofdiff:      7 chisqdiff:    13.389 taildiff:         0.0631687399
B:
          scale     1.000 
     Anatolia_N    -0.022 
            Ami     1.428 
           Mixe     0.276 
   Ganj_Dareh_N     1.186 
           Onge    -0.059 
     Villabruna    -0.960 
     DevilsGate    -1.597 
A:
          scale  5608.671 
          Kyang    -1.000 

## end of run
