/home/cliu7/utils/AdmixTools/bin/qpWave: parameter file: temp/param/qpAdm_Gurung.Naga.Sherpa.LC.Han.parwnhm3p1q
### THE INPUT PARAMETERS
##PARAMETER NAME: VALUE
DIR: data/intermediate
S1: HO_all_merged.qpAdm
indivname: data/intermediate/HO_all_merged.qpAdm.grouped2.ind
snpname: data/intermediate/HO_all_merged.qpAdm.snp
genotypename: data/intermediate/HO_all_merged.qpAdm.geno
popleft: temp/param/left.wnhm3p1q
popright: temp/param/right.wnhm3p1q
details: YES
## qpWave version: 410
packed geno read OK
end of inpack

left pops:
Gurung
Naga
Sherpa.LC
Han

right pops:
Mbuti
Anatolia_N
Ami
Mixe
Ganj_Dareh_N
Onge
Villabruna
DevilsGate
aACA

  0               Gurung    5
  1                 Naga    6
  2            Sherpa.LC    9
  3                  Han   33
  4                Mbuti   10
  5           Anatolia_N   25
  6                  Ami   10
  7                 Mixe   10
  8         Ganj_Dareh_N    7
  9                 Onge   12
 10           Villabruna    1
 11           DevilsGate    4
 12                 aACA   32
jackknife block size:     0.050
snps: 498990  indivs: 164
number of blocks for block jackknife: 710
dof (jackknife):   583.537
numsnps used: 420073
f4info: 
f4rank: 0 dof:     24 chisq:  3052.923 tail:                    0 dofdiff:      0 chisqdiff:     0.000 taildiff:                    1

f4info: 
f4rank: 1 dof:     14 chisq:   171.494 tail:       3.41727663e-29 dofdiff:     10 chisqdiff:  2881.430 taildiff:                    0
B:
          scale     1.000 
     Anatolia_N    -0.083 
            Ami     2.464 
           Mixe     0.655 
   Ganj_Dareh_N    -0.021 
           Onge     0.285 
     Villabruna    -0.176 
     DevilsGate     1.040 
           aACA    -0.545 
A:
          scale  1183.720 
           Naga     0.427 
      Sherpa.LC    -0.349 
            Han     1.642 

f4info: 
f4rank: 2 dof:      6 chisq:    17.635 tail:        0.00721177586 dofdiff:      8 chisqdiff:   153.859 taildiff:       3.07030878e-29
B:
          scale     1.000     1.000 
     Anatolia_N    -0.174    -0.220 
            Ami     2.138    -1.367 
           Mixe     0.869     0.294 
   Ganj_Dareh_N    -0.302    -0.486 
           Onge     0.250    -0.217 
     Villabruna     0.052     0.370 
     DevilsGate     1.498     0.874 
           aACA     0.494     2.194 
A:
          scale   813.883  2556.253 
           Naga     0.861     0.631 
      Sherpa.LC     0.431     1.401 
            Han     1.440    -0.800 

f4info: 
f4rank: 3 dof:      0 chisq:     0.000 tail:                    1 dofdiff:      6 chisqdiff:    17.635 taildiff:        0.00721177586
B:
          scale     1.000     1.000     1.000 
     Anatolia_N    -0.178    -0.170     0.964 
            Ami     2.117    -1.320     0.987 
           Mixe     0.911     0.334    -1.208 
   Ganj_Dareh_N    -0.304    -0.416     1.189 
           Onge     0.270    -0.217    -1.391 
     Villabruna     0.044     0.428     0.116 
     DevilsGate     1.494     0.828    -0.413 
           aACA     0.506     2.243     1.050 
A:
          scale   805.532  2547.239 14371.830 
           Naga     0.863     0.666    -1.346 
      Sherpa.LC     0.427     1.379     0.957 
            Han     1.440    -0.809     0.523 

## end of run
