/home/cliu7/utils/AdmixTools/bin/qpAdm: parameter file: temp/param/qpAdm_Gurung.Naxi.UpperMustang.LC.Pathan.parutnoly4z
### THE INPUT PARAMETERS
##PARAMETER NAME: VALUE
DIR: data/intermediate
S1: HO_all_merged.qpAdm
indivname: data/intermediate/HO_all_merged.qpAdm.grouped2.ind
snpname: data/intermediate/HO_all_merged.qpAdm.snp
genotypename: data/intermediate/HO_all_merged.qpAdm.geno
popleft: temp/param/left.utnoly4z
popright: temp/param/right.utnoly4z
details: YES
## qpAdm version: 810
seed: -1942486002
packed geno read OK
end of inpack

left pops:
Gurung
Naxi
UpperMustang.LC
Pathan

right pops:
Mbuti
Anatolia_N
Ami
Mixe
Ganj_Dareh_N
Onge
Villabruna
DevilsGate
aACA

  0               Gurung    5
  1                 Naxi    9
  2      UpperMustang.LC   11
  3               Pathan   18
  4                Mbuti   10
  5           Anatolia_N   25
  6                  Ami   10
  7                 Mixe   10
  8         Ganj_Dareh_N    7
  9                 Onge   12
 10           Villabruna    1
 11           DevilsGate    4
 12                 aACA   32
jackknife block size:     0.050
snps: 498990  indivs: 154
number of blocks for block jackknife: 710
## ncols: 498990
coverage:               Gurung 498036
coverage:                 Naxi 498990
coverage:      UpperMustang.LC 498990
coverage:               Pathan 498990
coverage:                Mbuti 498990
coverage:           Anatolia_N 498137
coverage:                  Ami 498990
coverage:                 Mixe 498990
coverage:         Ganj_Dareh_N 457128
coverage:                 Onge 498990
coverage:           Villabruna 415230
coverage:           DevilsGate 498716
coverage:                 aACA 498987
dof (jackknife):   583.423
numsnps used: 415386
codimension 1
f4info: 
f4rank: 2 dof:      6 chisq:    23.947 tail:       0.000534088599 dofdiff:      8 chisqdiff:   -23.947 taildiff:                    1
B:
          scale     1.000     1.000 
     Anatolia_N    -0.607     0.419 
            Ami     1.376     1.481 
           Mixe     0.785     0.278 
   Ganj_Dareh_N    -0.635     0.644 
           Onge     0.576     0.139 
     Villabruna    -0.457     0.089 
     DevilsGate     1.408     0.291 
           aACA     1.481    -2.242 
A:
          scale   185.943  3058.786 
           Naxi     0.199     1.537 
UpperMustang.LC     0.082    -0.731 
         Pathan    -1.719     0.319 


full rank
f4info: 
f4rank: 3 dof:      0 chisq:     0.000 tail:                    1 dofdiff:      6 chisqdiff:    23.947 taildiff:       0.000534088599
B:
          scale     1.000     1.000     1.000 
     Anatolia_N    -0.584     0.682    -0.053 
            Ami     1.405     1.088     1.631 
           Mixe     0.794     0.115     0.350 
   Ganj_Dareh_N    -0.634     0.631     0.476 
           Onge     0.554    -0.279     0.732 
     Villabruna    -0.422     0.528    -0.550 
     DevilsGate     1.424     0.001     0.404 
           aACA     1.463    -2.363    -1.997 
A:
          scale   194.444  1375.573  1909.911 
           Naxi     0.264     1.028    -0.385 
UpperMustang.LC     0.146     0.537    -1.151 
         Pathan    -1.706     1.287    -1.236 


best coefficients:     0.293     0.643     0.065 
Jackknife mean:      0.293037432     0.642419404     0.064543164 
      std. errors:     0.039     0.039     0.006 

error covariance (* 1000000)
      1516      -1510         -6 
     -1510       1541        -31 
        -6        -31         37 


summ: Gurung    3      0.000534     0.293     0.642     0.065  1516 -1510    -6  1541   -31    37 

    fixed pat  wt  dof     chisq       tail prob
          000  0     6    23.947     0.000534089     0.293     0.643     0.065 
          001  1     7   704.172               0   -12.121    13.121    -0.000  infeasible
          010  1     7   249.785               0     0.927    -0.000     0.073 
          100  1     7    73.304     3.16737e-13    -0.000     0.936     0.064 
          011  2     8   376.795               0     1.000    -0.000    -0.000 
          101  2     8   154.198     2.60768e-29     0.000     1.000    -0.000 
          110  2     8  7647.135               0     0.000    -0.000     1.000 
best pat:          000      0.000534089              -  -
best pat:          100      3.16737e-13  chi(nested):    49.357 p-value for nested model:     2.13376e-12
best pat:          101      2.60768e-29  chi(nested):    80.894 p-value for nested model:     2.38119e-19

coeffs:     0.293     0.643     0.065 

## dscore:: f_4(Base, Fit, Rbase, right2)
## genstat:: f_4(Base, Fit, right1, right2)

details:            Naxi      Anatolia_N    -0.000223   -1.503318
details: UpperMustang.LC      Anatolia_N    -0.000189   -1.284883
details:          Pathan      Anatolia_N     0.005810   28.003437
dscore:      Anatolia_N f4:     0.000189 Z:     1.449116

details:            Naxi             Ami     0.002407   13.924572
details: UpperMustang.LC             Ami     0.000409    2.217094
details:          Pathan             Ami    -0.012571  -49.111765
dscore:             Ami f4:     0.000156 Z:     0.959887

details:            Naxi            Mixe     0.001110    6.212277
details: UpperMustang.LC            Mixe     0.000356    1.859499
details:          Pathan            Mixe    -0.007250  -25.904590
dscore:            Mixe f4:     0.000086 Z:     0.509059

details:            Naxi    Ganj_Dareh_N    -0.000395   -2.215568
details: UpperMustang.LC    Ganj_Dareh_N    -0.000564   -3.199341
details:          Pathan    Ganj_Dareh_N     0.005864   23.884074
dscore:    Ganj_Dareh_N f4:    -0.000100 Z:    -0.631291

details:            Naxi            Onge     0.000432    2.516565
details: UpperMustang.LC            Onge    -0.000197   -1.115211
details:          Pathan            Onge    -0.005647  -23.765151
dscore:            Onge f4:    -0.000365 Z:    -2.353822

details:            Naxi      Villabruna     0.000036    0.153525
details: UpperMustang.LC      Villabruna     0.000253    1.042558
details:          Pathan      Villabruna     0.004573   14.692682
dscore:      Villabruna f4:     0.000468 Z:     2.194695

details:            Naxi      DevilsGate     0.001867    8.950530
details: UpperMustang.LC      DevilsGate     0.000743    3.444366
details:          Pathan      DevilsGate    -0.012968  -44.104162
dscore:      DevilsGate f4:     0.000187 Z:     0.970597

details:            Naxi            aACA     0.000649    4.069555
details: UpperMustang.LC            aACA     0.001301    7.587159
details:          Pathan            aACA    -0.013927  -59.426877
dscore:            aACA f4:     0.000128 Z:     0.848811

gendstat:                Mbuti           Anatolia_N     1.449
gendstat:                Mbuti                  Ami     0.960
gendstat:                Mbuti                 Mixe     0.509
gendstat:                Mbuti         Ganj_Dareh_N    -0.631
gendstat:                Mbuti                 Onge    -2.354
gendstat:                Mbuti           Villabruna     2.195
gendstat:                Mbuti           DevilsGate     0.971
gendstat:                Mbuti                 aACA     0.849
gendstat:           Anatolia_N                  Ami    -0.221
gendstat:           Anatolia_N                 Mixe    -0.675
gendstat:           Anatolia_N         Ganj_Dareh_N    -2.207
gendstat:           Anatolia_N                 Onge    -3.685
gendstat:           Anatolia_N           Villabruna     1.509
gendstat:           Anatolia_N           DevilsGate    -0.008
gendstat:           Anatolia_N                 aACA    -0.443
gendstat:                  Ami                 Mixe    -0.485
gendstat:                  Ami         Ganj_Dareh_N    -1.441
gendstat:                  Ami                 Onge    -3.293
gendstat:                  Ami           Villabruna     1.390
gendstat:                  Ami           DevilsGate     0.197
gendstat:                  Ami                 aACA    -0.261
gendstat:                 Mixe         Ganj_Dareh_N    -1.002
gendstat:                 Mixe                 Onge    -2.701
gendstat:                 Mixe           Villabruna     1.714
gendstat:                 Mixe           DevilsGate     0.538
gendstat:                 Mixe                 aACA     0.304
gendstat:         Ganj_Dareh_N                 Onge    -1.535
gendstat:         Ganj_Dareh_N           Villabruna     2.644
gendstat:         Ganj_Dareh_N           DevilsGate     1.386
gendstat:         Ganj_Dareh_N                 aACA     1.339
gendstat:                 Onge           Villabruna     3.795
gendstat:                 Onge           DevilsGate     2.783
gendstat:                 Onge                 aACA     3.283
gendstat:           Villabruna           DevilsGate    -1.200
gendstat:           Villabruna                 aACA    -1.579
gendstat:           DevilsGate                 aACA    -0.379

## end of run
