/home/cliu7/utils/AdmixTools/bin/qpWave: parameter file: temp/param/qpAdm_Gurung.Naga.UpperMustang.LC.Mala.parhi4wgld3
### THE INPUT PARAMETERS
##PARAMETER NAME: VALUE
DIR: data/intermediate
S1: HO_all_merged.qpAdm
indivname: data/intermediate/HO_all_merged.qpAdm.grouped2.ind
snpname: data/intermediate/HO_all_merged.qpAdm.snp
genotypename: data/intermediate/HO_all_merged.qpAdm.geno
popleft: temp/param/left.hi4wgld3
popright: temp/param/right.hi4wgld3
details: YES
## qpWave version: 410
packed geno read OK
end of inpack

left pops:
Gurung
Naga
UpperMustang.LC
Mala

right pops:
Mbuti
Anatolia_N
Ami
Mixe
Ganj_Dareh_N
Onge
Villabruna
DevilsGate
aACA

  0               Gurung    5
  1                 Naga    6
  2      UpperMustang.LC   11
  3                 Mala   11
  4                Mbuti   10
  5           Anatolia_N   25
  6                  Ami   10
  7                 Mixe   10
  8         Ganj_Dareh_N    7
  9                 Onge   12
 10           Villabruna    1
 11           DevilsGate    4
 12                 aACA   32
jackknife block size:     0.050
snps: 498990  indivs: 144
number of blocks for block jackknife: 710
dof (jackknife):   583.429
numsnps used: 417820
f4info: 
f4rank: 0 dof:     24 chisq:  7041.933 tail:                    0 dofdiff:      0 chisqdiff:     0.000 taildiff:                    1

f4info: 
f4rank: 1 dof:     14 chisq:   262.454 tail:       7.58202922e-48 dofdiff:     10 chisqdiff:  6779.479 taildiff:                    0
B:
          scale     1.000 
     Anatolia_N    -0.275 
            Ami     1.389 
           Mixe     0.942 
   Ganj_Dareh_N    -0.423 
           Onge     0.336 
     Villabruna    -0.129 
     DevilsGate     1.486 
           aACA     1.610 
A:
          scale   238.811 
           Naga     0.185 
UpperMustang.LC     0.179 
           Mala    -1.713 

f4info: 
f4rank: 2 dof:      6 chisq:     8.907 tail:          0.178900796 dofdiff:      8 chisqdiff:   253.548 taildiff:       3.04865431e-50
B:
          scale     1.000     1.000 
     Anatolia_N    -0.285     0.055 
            Ami     1.399     1.329 
           Mixe     0.948     0.685 
   Ganj_Dareh_N    -0.422     0.462 
           Onge     0.335     0.796 
     Villabruna    -0.134    -0.030 
     DevilsGate     1.495     0.684 
           aACA     1.588    -2.109 
A:
          scale   236.589  4663.668 
           Naga     0.259     1.335 
UpperMustang.LC     0.132    -1.094 
           Mala    -1.707     0.147 

f4info: 
f4rank: 3 dof:      0 chisq:     0.000 tail:                    1 dofdiff:      6 chisqdiff:     8.907 taildiff:          0.178900796
B:
          scale     1.000     1.000     1.000 
     Anatolia_N    -0.278     0.010     0.213 
            Ami     1.401     1.322     0.087 
           Mixe     0.950     0.619    -0.007 
   Ganj_Dareh_N    -0.401     0.385     1.444 
           Onge     0.351     0.674     1.236 
     Villabruna    -0.152     0.040    -1.931 
     DevilsGate     1.488     0.662    -0.628 
           aACA     1.593    -2.197     0.459 
A:
          scale   235.305  4763.949  7271.880 
           Naga     0.251     1.288    -1.130 
UpperMustang.LC     0.125    -1.153    -1.286 
           Mala    -1.709     0.105    -0.260 

## end of run
