/home/cliu7/utils/AdmixTools/bin/qpWave: parameter file: temp/param/qpAdm_Gurung.Naga.UpperMustang.LC.Pathan.parrwdsvl0x
### THE INPUT PARAMETERS
##PARAMETER NAME: VALUE
DIR: data/intermediate
S1: HO_all_merged.qpAdm
indivname: data/intermediate/HO_all_merged.qpAdm.grouped2.ind
snpname: data/intermediate/HO_all_merged.qpAdm.snp
genotypename: data/intermediate/HO_all_merged.qpAdm.geno
popleft: temp/param/left.rwdsvl0x
popright: temp/param/right.rwdsvl0x
details: YES
## qpWave version: 410
packed geno read OK
end of inpack

left pops:
Gurung
Naga
UpperMustang.LC
Pathan

right pops:
Mbuti
Anatolia_N
Ami
Mixe
Ganj_Dareh_N
Onge
Villabruna
DevilsGate
aACA

  0               Gurung    5
  1                 Naga    6
  2      UpperMustang.LC   11
  3               Pathan   18
  4                Mbuti   10
  5           Anatolia_N   25
  6                  Ami   10
  7                 Mixe   10
  8         Ganj_Dareh_N    7
  9                 Onge   12
 10           Villabruna    1
 11           DevilsGate    4
 12                 aACA   32
jackknife block size:     0.050
snps: 498990  indivs: 151
number of blocks for block jackknife: 710
dof (jackknife):   583.433
numsnps used: 415527
f4info: 
f4rank: 0 dof:     24 chisq: 10376.171 tail:                    0 dofdiff:      0 chisqdiff:     0.000 taildiff:                    1

f4info: 
f4rank: 1 dof:     14 chisq:   277.906 tail:       4.70255388e-51 dofdiff:     10 chisqdiff: 10098.265 taildiff:                    0
B:
          scale     1.000 
     Anatolia_N    -0.608 
            Ami     1.344 
           Mixe     0.790 
   Ganj_Dareh_N    -0.649 
           Onge     0.588 
     Villabruna    -0.464 
     DevilsGate     1.396 
           aACA     1.507 
A:
          scale   184.392 
           Naga     0.130 
UpperMustang.LC     0.112 
         Pathan    -1.724 

f4info: 
f4rank: 2 dof:      6 chisq:    23.733 tail:       0.000584666518 dofdiff:      8 chisqdiff:   254.173 taildiff:       2.24634539e-50
B:
          scale     1.000     1.000 
     Anatolia_N    -0.614     0.508 
            Ami     1.332     1.138 
           Mixe     0.780     0.722 
   Ganj_Dareh_N    -0.646     0.818 
           Onge     0.570     0.503 
     Villabruna    -0.454     0.351 
     DevilsGate     1.398     0.518 
           aACA     1.529    -2.148 
A:
          scale   183.300  4100.477 
           Naga     0.189     1.207 
UpperMustang.LC     0.072    -1.075 
         Pathan    -1.720    -0.623 

f4info: 
f4rank: 3 dof:      0 chisq:     0.000 tail:                    1 dofdiff:      6 chisqdiff:    23.733 taildiff:       0.000584666518
B:
          scale     1.000     1.000     1.000 
     Anatolia_N    -0.619     0.794    -0.217 
            Ami     1.354     0.948     0.995 
           Mixe     0.783     0.877     0.284 
   Ganj_Dareh_N    -0.630     0.150     0.754 
           Onge     0.600    -0.803     1.327 
     Villabruna    -0.480     1.730    -1.136 
     DevilsGate     1.398     1.019     0.088 
           aACA     1.493    -1.001    -1.804 
A:
          scale   184.656  4135.015  5048.976 
           Naga     0.192     1.699     0.275 
UpperMustang.LC     0.093     0.266    -1.709 
         Pathan    -1.719     0.204    -0.062 

## end of run
