/home/cliu7/utils/AdmixTools/bin/qpWave: parameter file: temp/param/qpAdm_Gurung.YR_MN.Sherpa.LC.Southeast_China.paro7690i_8
### THE INPUT PARAMETERS
##PARAMETER NAME: VALUE
DIR: data/intermediate
S1: HO_all_merged.qpAdm
indivname: data/intermediate/HO_all_merged.qpAdm.grouped2.ind
snpname: data/intermediate/HO_all_merged.qpAdm.snp
genotypename: data/intermediate/HO_all_merged.qpAdm.geno
popleft: temp/param/left.o7690i_8
popright: temp/param/right.o7690i_8
details: YES
## qpWave version: 410
packed geno read OK
end of inpack

left pops:
Gurung
YR_MN
Sherpa.LC
Southeast_China

right pops:
Mbuti
Anatolia_N
Ami
Mixe
Ganj_Dareh_N
Onge
Villabruna
DevilsGate
aACA

  0               Gurung    5
  1                YR_MN    8
  2            Sherpa.LC    9
  3      Southeast_China   97
  4                Mbuti   10
  5           Anatolia_N   25
  6                  Ami   10
  7                 Mixe   10
  8         Ganj_Dareh_N    7
  9                 Onge   12
 10           Villabruna    1
 11           DevilsGate    4
 12                 aACA   32
jackknife block size:     0.050
snps: 498990  indivs: 230
number of blocks for block jackknife: 710
dof (jackknife):   583.549
numsnps used: 417027
f4info: 
f4rank: 0 dof:     24 chisq:  3557.293 tail:                    0 dofdiff:      0 chisqdiff:     0.000 taildiff:                    1

f4info: 
f4rank: 1 dof:     14 chisq:   149.889 tail:       7.56693582e-25 dofdiff:     10 chisqdiff:  3407.405 taildiff:                    0
B:
          scale     1.000 
     Anatolia_N    -0.145 
            Ami     2.573 
           Mixe     0.319 
   Ganj_Dareh_N    -0.119 
           Onge     0.402 
     Villabruna    -0.289 
     DevilsGate     0.392 
           aACA    -0.918 
A:
          scale  1057.972 
          YR_MN     0.586 
      Sherpa.LC    -0.309 
Southeast_China     1.600 

f4info: 
f4rank: 2 dof:      6 chisq:    24.247 tail:       0.000470412014 dofdiff:      8 chisqdiff:   125.642 taildiff:       2.26083232e-23
B:
          scale     1.000     1.000 
     Anatolia_N    -0.202    -0.114 
            Ami     2.476    -0.841 
           Mixe     0.649     0.607 
   Ganj_Dareh_N    -0.302    -0.305 
           Onge     0.283    -0.326 
     Villabruna    -0.001     0.501 
     DevilsGate     1.110     1.405 
           aACA     0.075     2.119 
A:
          scale   822.668  2161.308 
          YR_MN     0.889     0.540 
      Sherpa.LC     0.336     1.470 
Southeast_China     1.448    -0.741 

f4info: 
f4rank: 3 dof:      0 chisq:     0.000 tail:                    1 dofdiff:      6 chisqdiff:    24.247 taildiff:       0.000470412014
B:
          scale     1.000     1.000     1.000 
     Anatolia_N    -0.218    -0.127     0.346 
            Ami     2.445    -0.895     0.806 
           Mixe     0.682     0.607    -0.654 
   Ganj_Dareh_N    -0.279    -0.258    -0.372 
           Onge     0.256    -0.368     0.680 
     Villabruna     0.009     0.496    -0.620 
     DevilsGate     1.167     1.436    -1.545 
           aACA     0.043     2.075     1.852 
A:
          scale   820.322  2146.374  8950.423 
          YR_MN     0.904     0.714    -1.293 
      Sherpa.LC     0.322     1.385     0.990 
Southeast_China     1.442    -0.757     0.590 

## end of run
