/home/cliu7/utils/AdmixTools/bin/qpWave: parameter file: temp/param/qpAdm_Gurung.Upper_YR_LN.UpperMustang.LC.Southeast_China.parhlqpe8ah
### THE INPUT PARAMETERS
##PARAMETER NAME: VALUE
DIR: data/intermediate
S1: HO_all_merged.qpAdm
indivname: data/intermediate/HO_all_merged.qpAdm.grouped2.ind
snpname: data/intermediate/HO_all_merged.qpAdm.snp
genotypename: data/intermediate/HO_all_merged.qpAdm.geno
popleft: temp/param/left.hlqpe8ah
popright: temp/param/right.hlqpe8ah
details: YES
## qpWave version: 410
packed geno read OK
end of inpack

left pops:
Gurung
Upper_YR_LN
UpperMustang.LC
Southeast_China

right pops:
Mbuti
Anatolia_N
Ami
Mixe
Ganj_Dareh_N
Onge
Villabruna
DevilsGate
aACA

  0               Gurung    5
  1          Upper_YR_LN    7
  2      UpperMustang.LC   11
  3      Southeast_China   97
  4                Mbuti   10
  5           Anatolia_N   25
  6                  Ami   10
  7                 Mixe   10
  8         Ganj_Dareh_N    7
  9                 Onge   12
 10           Villabruna    1
 11           DevilsGate    4
 12                 aACA   32
jackknife block size:     0.050
snps: 498990  indivs: 231
number of blocks for block jackknife: 710
dof (jackknife):   583.508
numsnps used: 416605
f4info: 
f4rank: 0 dof:     24 chisq:  4042.901 tail:                    0 dofdiff:      0 chisqdiff:     0.000 taildiff:                    1

f4info: 
f4rank: 1 dof:     14 chisq:   244.176 tail:       4.59394191e-44 dofdiff:     10 chisqdiff:  3798.725 taildiff:                    0
B:
          scale     1.000 
     Anatolia_N    -0.080 
            Ami     2.587 
           Mixe     0.332 
   Ganj_Dareh_N     0.024 
           Onge     0.484 
     Villabruna    -0.291 
     DevilsGate     0.435 
           aACA    -0.824 
A:
          scale  1073.301 
    Upper_YR_LN     0.364 
UpperMustang.LC    -0.228 
Southeast_China     1.678 

f4info: 
f4rank: 2 dof:      6 chisq:    84.858 tail:       3.53192757e-16 dofdiff:      8 chisqdiff:   159.318 taildiff:       2.22096308e-30
B:
          scale     1.000     1.000 
     Anatolia_N    -0.186    -0.095 
            Ami     2.323    -1.530 
           Mixe     0.784     0.584 
   Ganj_Dareh_N    -0.155    -0.183 
           Onge     0.340    -0.315 
     Villabruna    -0.057     0.520 
     DevilsGate     1.345     1.335 
           aACA     0.052     1.767 
A:
          scale   812.656  1937.803 
    Upper_YR_LN     1.049     1.112 
UpperMustang.LC     0.309     0.979 
Southeast_China     1.343    -0.898 

f4info: 
f4rank: 3 dof:      0 chisq:     0.000 tail:                    1 dofdiff:      6 chisqdiff:    84.858 taildiff:       3.53192757e-16
B:
          scale     1.000     1.000     1.000 
     Anatolia_N    -0.173    -0.010     0.417 
            Ami     2.275    -1.338    -0.706 
           Mixe     0.801     0.686     0.631 
   Ganj_Dareh_N    -0.211    -0.046     1.572 
           Onge     0.326    -0.193     0.754 
     Villabruna    -0.003     0.385    -0.297 
     DevilsGate     1.396     1.521     1.164 
           aACA     0.235     1.799    -1.564 
A:
          scale   789.523  1844.839  5060.938 
    Upper_YR_LN     1.065     1.145     0.744 
UpperMustang.LC     0.258     0.758    -1.536 
Southeast_China     1.341    -1.055    -0.295 

## end of run
