/home/cliu7/utils/AdmixTools/bin/qpWave: parameter file: temp/param/qpAdm_Gurung.Yi.Sherpa.LC.Mala.parky9n_2ku
### THE INPUT PARAMETERS
##PARAMETER NAME: VALUE
DIR: data/intermediate
S1: HO_all_merged.qpAdm
indivname: data/intermediate/HO_all_merged.qpAdm.grouped2.ind
snpname: data/intermediate/HO_all_merged.qpAdm.snp
genotypename: data/intermediate/HO_all_merged.qpAdm.geno
popleft: temp/param/left.ky9n_2ku
popright: temp/param/right.ky9n_2ku
details: YES
## qpWave version: 410
packed geno read OK
end of inpack

left pops:
Gurung
Yi
Sherpa.LC
Mala

right pops:
Mbuti
Anatolia_N
Ami
Mixe
Ganj_Dareh_N
Onge
Villabruna
DevilsGate
aACA

  0               Gurung    5
  1                   Yi    8
  2            Sherpa.LC    9
  3                 Mala   11
  4                Mbuti   10
  5           Anatolia_N   25
  6                  Ami   10
  7                 Mixe   10
  8         Ganj_Dareh_N    7
  9                 Onge   12
 10           Villabruna    1
 11           DevilsGate    4
 12                 aACA   32
jackknife block size:     0.050
snps: 498990  indivs: 144
number of blocks for block jackknife: 710
dof (jackknife):   583.363
numsnps used: 417748
f4info: 
f4rank: 0 dof:     24 chisq:  7189.885 tail:                    0 dofdiff:      0 chisqdiff:     0.000 taildiff:                    1

f4info: 
f4rank: 1 dof:     14 chisq:   759.361 tail:      5.40540723e-153 dofdiff:     10 chisqdiff:  6430.524 taildiff:                    0
B:
          scale     1.000 
     Anatolia_N    -0.224 
            Ami     1.447 
           Mixe     0.959 
   Ganj_Dareh_N    -0.326 
           Onge     0.372 
     Villabruna    -0.124 
     DevilsGate     1.525 
           aACA     1.533 
A:
          scale   230.423 
             Yi     0.216 
      Sherpa.LC     0.208 
           Mala    -1.706 

f4info: 
f4rank: 2 dof:      6 chisq:     5.088 tail:          0.532574721 dofdiff:      8 chisqdiff:   754.273 taildiff:      1.46691148e-157
B:
          scale     1.000     1.000 
     Anatolia_N    -0.268     0.079 
            Ami     1.413     1.971 
           Mixe     0.948     0.244 
   Ganj_Dareh_N    -0.390     0.186 
           Onge     0.338     0.377 
     Villabruna    -0.142    -0.395 
     DevilsGate     1.498    -0.019 
           aACA     1.582    -1.928 
A:
          scale   234.069  2865.696 
             Yi     0.258     1.563 
      Sherpa.LC     0.159    -0.724 
           Mala    -1.705     0.182 

f4info: 
f4rank: 3 dof:      0 chisq:     0.000 tail:                    1 dofdiff:      6 chisqdiff:     5.088 taildiff:          0.532574721
B:
          scale     1.000     1.000     1.000 
     Anatolia_N    -0.274     0.101     0.614 
            Ami     1.413     1.982     0.050 
           Mixe     0.949     0.214    -0.142 
   Ganj_Dareh_N    -0.393     0.192     0.111 
           Onge     0.351     0.276    -1.547 
     Villabruna    -0.157    -0.298     1.900 
     DevilsGate     1.488     0.032     1.190 
           aACA     1.585    -1.952    -0.411 
A:
          scale   234.571  2892.371  9930.939 
             Yi     0.263     1.547     0.734 
      Sherpa.LC     0.165    -0.762     1.547 
           Mala    -1.704     0.165     0.262 

## end of run
