/home/cliu7/utils/AdmixTools/bin/qpWave: parameter file: temp/param/qpAdm_Gurung.Naxi.Sherpa.LC.Han.parmt27n4hv
### THE INPUT PARAMETERS
##PARAMETER NAME: VALUE
DIR: data/intermediate
S1: HO_all_merged.qpAdm
indivname: data/intermediate/HO_all_merged.qpAdm.grouped2.ind
snpname: data/intermediate/HO_all_merged.qpAdm.snp
genotypename: data/intermediate/HO_all_merged.qpAdm.geno
popleft: temp/param/left.mt27n4hv
popright: temp/param/right.mt27n4hv
details: YES
## qpWave version: 410
packed geno read OK
end of inpack

left pops:
Gurung
Naxi
Sherpa.LC
Han

right pops:
Mbuti
Anatolia_N
Ami
Mixe
Ganj_Dareh_N
Onge
Villabruna
DevilsGate
aACA

  0               Gurung    5
  1                 Naxi    9
  2            Sherpa.LC    9
  3                  Han   33
  4                Mbuti   10
  5           Anatolia_N   25
  6                  Ami   10
  7                 Mixe   10
  8         Ganj_Dareh_N    7
  9                 Onge   12
 10           Villabruna    1
 11           DevilsGate    4
 12                 aACA   32
jackknife block size:     0.050
snps: 498990  indivs: 167
number of blocks for block jackknife: 710
dof (jackknife):   583.521
numsnps used: 420051
f4info: 
f4rank: 0 dof:     24 chisq:  2875.594 tail:                    0 dofdiff:      0 chisqdiff:     0.000 taildiff:                    1

f4info: 
f4rank: 1 dof:     14 chisq:   144.870 tail:       7.60798339e-24 dofdiff:     10 chisqdiff:  2730.724 taildiff:                    0
B:
          scale     1.000 
     Anatolia_N    -0.092 
            Ami     2.446 
           Mixe     0.713 
   Ganj_Dareh_N    -0.072 
           Onge     0.318 
     Villabruna    -0.153 
     DevilsGate     1.076 
           aACA    -0.461 
A:
          scale  1070.175 
           Naxi     0.720 
      Sherpa.LC    -0.322 
            Han     1.542 

f4info: 
f4rank: 2 dof:      6 chisq:    11.581 tail:         0.0719859772 dofdiff:      8 chisqdiff:   133.288 taildiff:       5.88344227e-25
B:
          scale     1.000     1.000 
     Anatolia_N    -0.145    -0.162 
            Ami     2.218    -1.246 
           Mixe     0.858     0.245 
   Ganj_Dareh_N    -0.243    -0.359 
           Onge     0.230    -0.329 
     Villabruna     0.011     0.350 
     DevilsGate     1.433     0.847 
           aACA     0.396     2.299 
A:
          scale   796.469  2808.526 
           Naxi     0.902     0.218 
      Sherpa.LC     0.409     1.604 
            Han     1.421    -0.616 

f4info: 
f4rank: 3 dof:      0 chisq:     0.000 tail:                    1 dofdiff:      6 chisqdiff:    11.581 taildiff:         0.0719859772
B:
          scale     1.000     1.000     1.000 
     Anatolia_N    -0.150    -0.105     0.519 
            Ami     2.190    -1.143     1.115 
           Mixe     0.871     0.289    -0.758 
   Ganj_Dareh_N    -0.262    -0.342     0.786 
           Onge     0.281    -0.281    -1.924 
     Villabruna     0.016     0.430     0.386 
     DevilsGate     1.455     0.884    -0.885 
           aACA     0.400     2.332     0.812 
A:
          scale   784.964  2791.040 22195.199 
           Naxi     0.919     0.271    -1.443 
      Sherpa.LC     0.394     1.594     0.551 
            Han     1.414    -0.621     0.784 

## end of run
