/home/cliu7/utils/AdmixTools/bin/qpWave: parameter file: temp/param/qpAdm_Gurung.Yi.UpperMustang.LC.Southeast_China.paresjti74l
### THE INPUT PARAMETERS
##PARAMETER NAME: VALUE
DIR: data/intermediate
S1: HO_all_merged.qpAdm
indivname: data/intermediate/HO_all_merged.qpAdm.grouped2.ind
snpname: data/intermediate/HO_all_merged.qpAdm.snp
genotypename: data/intermediate/HO_all_merged.qpAdm.geno
popleft: temp/param/left.esjti74l
popright: temp/param/right.esjti74l
details: YES
## qpWave version: 410
packed geno read OK
end of inpack

left pops:
Gurung
Yi
UpperMustang.LC
Southeast_China

right pops:
Mbuti
Anatolia_N
Ami
Mixe
Ganj_Dareh_N
Onge
Villabruna
DevilsGate
aACA

  0               Gurung    5
  1                   Yi    8
  2      UpperMustang.LC   11
  3      Southeast_China   97
  4                Mbuti   10
  5           Anatolia_N   25
  6                  Ami   10
  7                 Mixe   10
  8         Ganj_Dareh_N    7
  9                 Onge   12
 10           Villabruna    1
 11           DevilsGate    4
 12                 aACA   32
jackknife block size:     0.050
snps: 498990  indivs: 232
number of blocks for block jackknife: 710
dof (jackknife):   583.534
numsnps used: 418100
f4info: 
f4rank: 0 dof:     24 chisq:  3936.216 tail:                    0 dofdiff:      0 chisqdiff:     0.000 taildiff:                    1

f4info: 
f4rank: 1 dof:     14 chisq:   173.683 tail:       1.23290842e-29 dofdiff:     10 chisqdiff:  3762.533 taildiff:                    0
B:
          scale     1.000 
     Anatolia_N    -0.069 
            Ami     2.574 
           Mixe     0.349 
   Ganj_Dareh_N     0.031 
           Onge     0.438 
     Villabruna    -0.241 
     DevilsGate     0.461 
           aACA    -0.885 
A:
          scale  1049.275 
             Yi     0.612 
UpperMustang.LC    -0.256 
Southeast_China     1.600 

f4info: 
f4rank: 2 dof:      6 chisq:    39.552 tail:       5.57837228e-07 dofdiff:      8 chisqdiff:   134.131 taildiff:       3.93276925e-25
B:
          scale     1.000     1.000 
     Anatolia_N    -0.172    -0.134 
            Ami     2.507    -1.014 
           Mixe     0.679     0.634 
   Ganj_Dareh_N    -0.240    -0.466 
           Onge     0.327    -0.341 
     Villabruna    -0.112     0.251 
     DevilsGate     1.024     1.145 
           aACA    -0.004     2.201 
A:
          scale   811.833  2460.639 
             Yi     0.924     0.710 
UpperMustang.LC     0.319     1.468 
Southeast_China     1.430    -0.583 

f4info: 
f4rank: 3 dof:      0 chisq:     0.000 tail:                    1 dofdiff:      6 chisqdiff:    39.552 taildiff:       5.57837228e-07
B:
          scale     1.000     1.000     1.000 
     Anatolia_N    -0.185    -0.157     0.445 
            Ami     2.489    -0.709    -0.820 
           Mixe     0.679     0.598     1.230 
   Ganj_Dareh_N    -0.280    -0.601     1.373 
           Onge     0.335    -0.331     0.929 
     Villabruna    -0.111     0.285    -1.081 
     DevilsGate     1.052     1.125     1.203 
           aACA     0.052     2.301    -0.504 
A:
          scale   804.788  2559.072  8737.523 
             Yi     0.962     0.786     1.207 
UpperMustang.LC     0.221     1.354    -1.057 
Southeast_China     1.423    -0.741    -0.652 

## end of run
