/home/cliu7/utils/AdmixTools/bin/qpAdm: parameter file: temp/param/qpAdm_Gurung.Naxi.UpperMustang.LC.Mala.par4trzmb6k
### THE INPUT PARAMETERS
##PARAMETER NAME: VALUE
DIR: data/intermediate
S1: HO_all_merged.qpAdm
indivname: data/intermediate/HO_all_merged.qpAdm.grouped2.ind
snpname: data/intermediate/HO_all_merged.qpAdm.snp
genotypename: data/intermediate/HO_all_merged.qpAdm.geno
popleft: temp/param/left.4trzmb6k
popright: temp/param/right.4trzmb6k
details: YES
## qpAdm version: 810
seed: 381949504
packed geno read OK
end of inpack

left pops:
Gurung
Naxi
UpperMustang.LC
Mala

right pops:
Mbuti
Anatolia_N
Ami
Mixe
Ganj_Dareh_N
Onge
Villabruna
DevilsGate
aACA

  0               Gurung    5
  1                 Naxi    9
  2      UpperMustang.LC   11
  3                 Mala   11
  4                Mbuti   10
  5           Anatolia_N   25
  6                  Ami   10
  7                 Mixe   10
  8         Ganj_Dareh_N    7
  9                 Onge   12
 10           Villabruna    1
 11           DevilsGate    4
 12                 aACA   32
jackknife block size:     0.050
snps: 498990  indivs: 147
number of blocks for block jackknife: 710
## ncols: 498990
coverage:               Gurung 498036
coverage:                 Naxi 498990
coverage:      UpperMustang.LC 498990
coverage:                 Mala 498990
coverage:                Mbuti 498990
coverage:           Anatolia_N 498137
coverage:                  Ami 498990
coverage:                 Mixe 498990
coverage:         Ganj_Dareh_N 457128
coverage:                 Onge 498990
coverage:           Villabruna 415230
coverage:           DevilsGate 498716
coverage:                 aACA 498987
dof (jackknife):   583.451
numsnps used: 417615
codimension 1
f4info: 
f4rank: 2 dof:      6 chisq:     9.441 tail:          0.150236687 dofdiff:      8 chisqdiff:    -9.441 taildiff:                    1
B:
          scale     1.000     1.000 
     Anatolia_N    -0.282     0.174 
            Ami     1.432     1.425 
           Mixe     0.940     0.139 
   Ganj_Dareh_N    -0.418     0.499 
           Onge     0.334     0.430 
     Villabruna    -0.142    -0.100 
     DevilsGate     1.496     0.208 
           aACA     1.563    -2.331 
A:
          scale   239.003  3034.317 
           Naxi     0.281     1.528 
UpperMustang.LC     0.131    -0.693 
           Mala    -1.704     0.432 


full rank
f4info: 
f4rank: 3 dof:      0 chisq:     0.000 tail:                    1 dofdiff:      6 chisqdiff:     9.441 taildiff:          0.150236687
B:
          scale     1.000     1.000     1.000 
     Anatolia_N    -0.274    -0.258     0.111 
            Ami     1.444    -1.202     1.477 
           Mixe     0.940     0.090     0.272 
   Ganj_Dareh_N    -0.425    -0.215     0.599 
           Onge     0.328    -0.025     0.656 
     Villabruna    -0.121    -0.363    -0.349 
     DevilsGate     1.501    -0.027     0.270 
           aACA     1.549     2.510    -2.179 
A:
          scale   242.231  2205.371  2653.172 
           Naxi     0.302    -1.010     0.131 
UpperMustang.LC     0.151    -0.709    -1.456 
           Mala    -1.699    -1.216    -0.928 


best coefficients:     0.265     0.642     0.093 
Jackknife mean:      0.265413250     0.641596046     0.092990704 
      std. errors:     0.038     0.038     0.008 

error covariance (* 1000000)
      1476      -1443        -33 
     -1443       1479        -36 
       -33        -36         68 


summ: Gurung    3      0.150237     0.265     0.642     0.093  1476 -1443   -33  1479   -36    68 

    fixed pat  wt  dof     chisq       tail prob
          000  0     6     9.441        0.150237     0.265     0.642     0.093 
          001  1     7   687.886               0   310.766  -309.766    -0.000  infeasible
          010  1     7   242.240               0     0.898    -0.000     0.102 
          100  1     7    51.386     7.71181e-09     0.000     0.903     0.097 
          011  2     8   375.458               0     1.000    -0.000    -0.000 
          101  2     8   152.707     5.34204e-29     0.000     1.000    -0.000 
          110  2     8  4805.088               0     0.000    -0.000     1.000 
best pat:          000         0.150237              -  -
best pat:          100      7.71181e-09  chi(nested):    41.945 p-value for nested model:     9.38715e-11
best pat:          101      5.34204e-29  chi(nested):   101.320 p-value for nested model:     7.82591e-24

coeffs:     0.265     0.642     0.093 

## dscore:: f_4(Base, Fit, Rbase, right2)
## genstat:: f_4(Base, Fit, right1, right2)

details:            Naxi      Anatolia_N    -0.000221   -1.503592
details: UpperMustang.LC      Anatolia_N    -0.000188   -1.284917
details:            Mala      Anatolia_N     0.002015    9.863984
dscore:      Anatolia_N f4:     0.000008 Z:     0.064261

details:            Naxi             Ami     0.002394   13.923585
details: UpperMustang.LC             Ami     0.000407    2.217159
details:            Mala             Ami    -0.010156  -41.403406
dscore:             Ami f4:    -0.000049 Z:    -0.305227

details:            Naxi            Mixe     0.001104    6.212398
details: UpperMustang.LC            Mixe     0.000354    1.859430
details:            Mala            Mixe    -0.006889  -26.578210
dscore:            Mixe f4:    -0.000121 Z:    -0.721791

details:            Naxi    Ganj_Dareh_N    -0.000393   -2.215318
details: UpperMustang.LC    Ganj_Dareh_N    -0.000561   -3.199083
details:            Mala    Ganj_Dareh_N     0.002872   12.166197
dscore:    Ganj_Dareh_N f4:    -0.000198 Z:    -1.261509

details:            Naxi            Onge     0.000429    2.516648
details: UpperMustang.LC            Onge    -0.000196   -1.114976
details:            Mala            Onge    -0.002578  -11.273132
dscore:            Onge f4:    -0.000252 Z:    -1.637010

details:            Naxi      Villabruna     0.000035    0.153502
details: UpperMustang.LC      Villabruna     0.000252    1.042426
details:            Mala      Villabruna     0.001174    3.826813
dscore:      Villabruna f4:     0.000280 Z:     1.335283

details:            Naxi      DevilsGate     0.001858    8.947434
details: UpperMustang.LC      DevilsGate     0.000739    3.443355
details:            Mala      DevilsGate    -0.010777  -38.631173
dscore:      DevilsGate f4:    -0.000036 Z:    -0.187204

details:            Naxi            aACA     0.000646    4.069193
details: UpperMustang.LC            aACA     0.001295    7.587266
details:            Mala            aACA    -0.011638  -51.641873
dscore:            aACA f4:    -0.000080 Z:    -0.535265

gendstat:                Mbuti           Anatolia_N     0.064
gendstat:                Mbuti                  Ami    -0.305
gendstat:                Mbuti                 Mixe    -0.722
gendstat:                Mbuti         Ganj_Dareh_N    -1.262
gendstat:                Mbuti                 Onge    -1.637
gendstat:                Mbuti           Villabruna     1.335
gendstat:                Mbuti           DevilsGate    -0.187
gendstat:                Mbuti                 aACA    -0.535
gendstat:           Anatolia_N                  Ami    -0.392
gendstat:           Anatolia_N                 Mixe    -0.852
gendstat:           Anatolia_N         Ganj_Dareh_N    -1.592
gendstat:           Anatolia_N                 Onge    -1.752
gendstat:           Anatolia_N           Villabruna     1.486
gendstat:           Anatolia_N           DevilsGate    -0.242
gendstat:           Anatolia_N                 aACA    -0.651
gendstat:                  Ami                 Mixe    -0.500
gendstat:                  Ami         Ganj_Dareh_N    -0.846
gendstat:                  Ami                 Onge    -1.287
gendstat:                  Ami           Villabruna     1.488
gendstat:                  Ami           DevilsGate     0.086
gendstat:                  Ami                 aACA    -0.292
gendstat:                 Mixe         Ganj_Dareh_N    -0.417
gendstat:                 Mixe                 Onge    -0.790
gendstat:                 Mixe           Villabruna     1.811
gendstat:                 Mixe           DevilsGate     0.456
gendstat:                 Mixe                 aACA     0.297
gendstat:         Ganj_Dareh_N                 Onge    -0.318
gendstat:         Ganj_Dareh_N           Villabruna     2.247
gendstat:         Ganj_Dareh_N           DevilsGate     0.791
gendstat:         Ganj_Dareh_N                 aACA     0.698
gendstat:                 Onge           Villabruna     2.457
gendstat:                 Onge           DevilsGate     1.097
gendstat:                 Onge                 aACA     1.151
gendstat:           Villabruna           DevilsGate    -1.366
gendstat:           Villabruna                 aACA    -1.696
gendstat:           DevilsGate                 aACA    -0.287

## end of run
