/home/cliu7/utils/AdmixTools/bin/qpAdm: parameter file: temp/param/qpAdm_Gurung.Naga.Sherpa.LC.Pathan.paryru_c2xb
### THE INPUT PARAMETERS
##PARAMETER NAME: VALUE
DIR: data/intermediate
S1: HO_all_merged.qpAdm
indivname: data/intermediate/HO_all_merged.qpAdm.grouped2.ind
snpname: data/intermediate/HO_all_merged.qpAdm.snp
genotypename: data/intermediate/HO_all_merged.qpAdm.geno
popleft: temp/param/left.yru_c2xb
popright: temp/param/right.yru_c2xb
details: YES
## qpAdm version: 810
seed: -507847315
packed geno read OK
end of inpack

left pops:
Gurung
Naga
Sherpa.LC
Pathan

right pops:
Mbuti
Anatolia_N
Ami
Mixe
Ganj_Dareh_N
Onge
Villabruna
DevilsGate
aACA

  0               Gurung    5
  1                 Naga    6
  2            Sherpa.LC    9
  3               Pathan   18
  4                Mbuti   10
  5           Anatolia_N   25
  6                  Ami   10
  7                 Mixe   10
  8         Ganj_Dareh_N    7
  9                 Onge   12
 10           Villabruna    1
 11           DevilsGate    4
 12                 aACA   32
jackknife block size:     0.050
snps: 498990  indivs: 149
number of blocks for block jackknife: 710
## ncols: 498990
coverage:               Gurung 498036
coverage:                 Naga 498990
coverage:            Sherpa.LC 498990
coverage:               Pathan 498990
coverage:                Mbuti 498990
coverage:           Anatolia_N 498137
coverage:                  Ami 498990
coverage:                 Mixe 498990
coverage:         Ganj_Dareh_N 457128
coverage:                 Onge 498990
coverage:           Villabruna 415230
coverage:           DevilsGate 498716
coverage:                 aACA 498987
dof (jackknife):   583.400
numsnps used: 415637
codimension 1
f4info: 
f4rank: 2 dof:      6 chisq:    23.750 tail:       0.000580471914 dofdiff:      8 chisqdiff:   -23.750 taildiff:                    1
B:
          scale     1.000     1.000 
     Anatolia_N    -0.603     0.155 
            Ami     1.356     1.423 
           Mixe     0.797     0.474 
   Ganj_Dareh_N    -0.622     0.049 
           Onge     0.584     0.312 
     Villabruna    -0.449     0.212 
     DevilsGate     1.419    -0.002 
           aACA     1.490    -2.362 
A:
          scale   184.209  4676.805 
           Naga     0.182     1.176 
      Sherpa.LC     0.096    -1.259 
         Pathan    -1.720     0.180 


full rank
f4info: 
f4rank: 3 dof:      0 chisq:     0.000 tail:                    1 dofdiff:      6 chisqdiff:    23.750 taildiff:       0.000580471914
B:
          scale     1.000     1.000     1.000 
     Anatolia_N    -0.596     0.618     0.361 
            Ami     1.358     0.871    -1.685 
           Mixe     0.803     0.465    -0.351 
   Ganj_Dareh_N    -0.625     0.245     0.198 
           Onge     0.567    -0.360    -0.823 
     Villabruna    -0.435     0.791     0.497 
     DevilsGate     1.429     0.061     0.025 
           aACA     1.486    -2.413     1.986 
A:
          scale   190.419  2124.570  2449.832 
           Naga     0.243     1.170     0.559 
      Sherpa.LC     0.160     0.650     1.316 
         Pathan    -1.707     1.099     0.977 


best coefficients:     0.472     0.452     0.075 
Jackknife mean:      0.472809477     0.451985903     0.075204619 
      std. errors:     0.060     0.061     0.006 

error covariance (* 1000000)
      3660      -3670         10 
     -3670       3719        -49 
        10        -49         39 


summ: Gurung    3      0.000580     0.473     0.452     0.075  3660 -3670    10  3719   -49    39 

    fixed pat  wt  dof     chisq       tail prob
          000  0     6    23.750     0.000580472     0.472     0.452     0.075 
          001  1     7   260.094               0   -19.507    20.507    -0.000  infeasible
          010  1     7    70.952     9.48461e-13     0.919     0.000     0.081 
          100  1     7    73.522     2.86046e-13    -0.000     0.925     0.075 
          011  2     8   197.921               0     1.000     0.000    -0.000 
          101  2     8   174.845               0     0.000     1.000    -0.000 
          110  2     8  7636.997               0     0.000    -0.000     1.000 
best pat:          000      0.000580472              -  -
best pat:          010      9.48461e-13  chi(nested):    47.202 p-value for nested model:     6.40423e-12
best pat:          101       1.2435e-33 not nested

coeffs:     0.472     0.452     0.075 

## dscore:: f_4(Base, Fit, Rbase, right2)
## genstat:: f_4(Base, Fit, right1, right2)

details:            Naga      Anatolia_N    -0.000329   -2.048724
details:       Sherpa.LC      Anatolia_N    -0.000124   -0.768942
details:          Pathan      Anatolia_N     0.005806   27.994530
dscore:      Anatolia_N f4:     0.000225 Z:     1.694154

details:            Naga             Ami     0.001851    9.816803
details:       Sherpa.LC             Ami     0.000479    2.480520
details:          Pathan             Ami    -0.012564  -49.116290
dscore:             Ami f4:     0.000146 Z:     0.908897

details:            Naga            Mixe     0.001190    5.928394
details:       Sherpa.LC            Mixe     0.000590    2.870090
details:          Pathan            Mixe    -0.007246  -25.902782
dscore:            Mixe f4:     0.000284 Z:     1.645316

details:            Naga    Ganj_Dareh_N    -0.000552   -2.921869
details:       Sherpa.LC    Ganj_Dareh_N    -0.000311   -1.597158
details:          Pathan    Ganj_Dareh_N     0.005860   23.879730
dscore:    Ganj_Dareh_N f4:     0.000039 Z:     0.246249

details:            Naga            Onge     0.000367    1.903261
details:       Sherpa.LC            Onge    -0.000068   -0.366329
details:          Pathan            Onge    -0.005644  -23.758385
dscore:            Onge f4:    -0.000282 Z:    -1.796190

details:            Naga      Villabruna     0.000150    0.577546
details:       Sherpa.LC      Villabruna     0.000266    1.020361
details:          Pathan      Villabruna     0.004570   14.688887
dscore:      Villabruna f4:     0.000535 Z:     2.440780

details:            Naga      DevilsGate     0.001876    8.041408
details:       Sherpa.LC      DevilsGate     0.001226    5.362022
details:          Pathan      DevilsGate    -0.012960  -44.096952
dscore:      DevilsGate f4:     0.000467 Z:     2.375180

details:            Naga            aACA     0.001042    5.938632
details:       Sherpa.LC            aACA     0.001569    8.868579
details:          Pathan            aACA    -0.013918  -59.417833
dscore:            aACA f4:     0.000155 Z:     1.036654

gendstat:                Mbuti           Anatolia_N     1.694
gendstat:                Mbuti                  Ami     0.909
gendstat:                Mbuti                 Mixe     1.645
gendstat:                Mbuti         Ganj_Dareh_N     0.246
gendstat:                Mbuti                 Onge    -1.796
gendstat:                Mbuti           Villabruna     2.441
gendstat:                Mbuti           DevilsGate     2.375
gendstat:                Mbuti                 aACA     1.037
gendstat:           Anatolia_N                  Ami    -0.502
gendstat:           Anatolia_N                 Mixe     0.361
gendstat:           Anatolia_N         Ganj_Dareh_N    -1.355
gendstat:           Anatolia_N                 Onge    -3.315
gendstat:           Anatolia_N           Villabruna     1.623
gendstat:           Anatolia_N           DevilsGate     1.272
gendstat:           Anatolia_N                 aACA    -0.485
gendstat:                  Ami                 Mixe     0.891
gendstat:                  Ami         Ganj_Dareh_N    -0.579
gendstat:                  Ami                 Onge    -2.659
gendstat:                  Ami           Villabruna     1.665
gendstat:                  Ami           DevilsGate     1.971
gendstat:                  Ami                 aACA     0.081
gendstat:                 Mixe         Ganj_Dareh_N    -1.323
gendstat:                 Mixe                 Onge    -3.201
gendstat:                 Mixe           Villabruna     1.056
gendstat:                 Mixe           DevilsGate     0.917
gendstat:                 Mixe                 aACA    -0.914
gendstat:         Ganj_Dareh_N                 Onge    -1.840
gendstat:         Ganj_Dareh_N           Villabruna     2.227
gendstat:         Ganj_Dareh_N           DevilsGate     1.996
gendstat:         Ganj_Dareh_N                 aACA     0.676
gendstat:                 Onge           Villabruna     3.605
gendstat:                 Onge           DevilsGate     3.665
gendstat:                 Onge                 aACA     2.910
gendstat:           Villabruna           DevilsGate    -0.275
gendstat:           Villabruna                 aACA    -1.720
gendstat:           DevilsGate                 aACA    -1.921

## end of run
