/home/cliu7/utils/AdmixTools/bin/qpAdm: parameter file: temp/param/qpAdm_Gurung.Naxi.UpperMustang.LC.Southeast_China.parspechh_u
### THE INPUT PARAMETERS
##PARAMETER NAME: VALUE
DIR: data/intermediate
S1: HO_all_merged.qpAdm
indivname: data/intermediate/HO_all_merged.qpAdm.grouped2.ind
snpname: data/intermediate/HO_all_merged.qpAdm.snp
genotypename: data/intermediate/HO_all_merged.qpAdm.geno
popleft: temp/param/left.spechh_u
popright: temp/param/right.spechh_u
details: YES
## qpAdm version: 810
seed: 1212454795
packed geno read OK
end of inpack

left pops:
Gurung
Naxi
UpperMustang.LC
Southeast_China

right pops:
Mbuti
Anatolia_N
Ami
Mixe
Ganj_Dareh_N
Onge
Villabruna
DevilsGate
aACA

  0               Gurung    5
  1                 Naxi    9
  2      UpperMustang.LC   11
  3      Southeast_China   97
  4                Mbuti   10
  5           Anatolia_N   25
  6                  Ami   10
  7                 Mixe   10
  8         Ganj_Dareh_N    7
  9                 Onge   12
 10           Villabruna    1
 11           DevilsGate    4
 12                 aACA   32
jackknife block size:     0.050
snps: 498990  indivs: 233
number of blocks for block jackknife: 710
## ncols: 498990
coverage:               Gurung 498036
coverage:                 Naxi 498990
coverage:      UpperMustang.LC 498990
coverage:      Southeast_China 498990
coverage:                Mbuti 498990
coverage:           Anatolia_N 498137
coverage:                  Ami 498990
coverage:                 Mixe 498990
coverage:         Ganj_Dareh_N 457128
coverage:                 Onge 498990
coverage:           Villabruna 415230
coverage:           DevilsGate 498716
coverage:                 aACA 498987
dof (jackknife):   583.536
numsnps used: 418112
codimension 1
f4info: 
f4rank: 2 dof:      6 chisq:    49.446 tail:       6.06975033e-09 dofdiff:      8 chisqdiff:   -49.446 taildiff:                    1
B:
          scale     1.000     1.000 
     Anatolia_N    -0.237    -0.267 
            Ami     2.499    -1.181 
           Mixe     0.670     0.570 
   Ganj_Dareh_N    -0.321    -0.629 
           Onge     0.264    -0.491 
     Villabruna    -0.119     0.316 
     DevilsGate     1.025     1.199 
           aACA    -0.121     2.009 
A:
          scale   841.686  2532.280 
           Naxi     0.893     0.767 
UpperMustang.LC     0.308     1.439 
Southeast_China     1.452    -0.583 


full rank
f4info: 
f4rank: 3 dof:      0 chisq:     0.000 tail:                    1 dofdiff:      6 chisqdiff:    49.446 taildiff:       6.06975033e-09
B:
          scale     1.000     1.000     1.000 
     Anatolia_N    -0.188    -0.154     0.401 
            Ami     2.450    -0.977    -1.406 
           Mixe     0.698     0.648     0.715 
   Ganj_Dareh_N    -0.255    -0.532     1.240 
           Onge     0.378    -0.236     0.934 
     Villabruna    -0.091     0.364    -0.388 
     DevilsGate     1.120     1.314     0.974 
           aACA    -0.061     2.099    -1.357 
A:
          scale   841.120  2583.701  7213.556 
           Naxi     0.954     0.929     0.416 
UpperMustang.LC     0.194     1.245    -1.440 
Southeast_China     1.433    -0.766    -0.868 


best coefficients:    -5.465     3.936     2.528 
Jackknife mean:     -3.639037108     2.910492041     1.728545066 
      std. errors:     3.232     1.818     1.419 

error covariance (* 1000000)
  10446737   -5868873   -4577865 
  -5868873    3303739    2565134 
  -4577865    2565134    2012731 


summ: Gurung    3      0.000000    -3.639     2.910     1.729 10446737 -5868873 -4577865 3303739 2565134 2012731 

    fixed pat  wt  dof     chisq       tail prob
          000  0     6    49.446     6.06975e-09    -5.465     3.936     2.528  infeasible
          001  1     7   123.186     1.66139e-23     0.260     0.740    -0.000 
          010  1     7   130.887     4.10152e-25     1.560    -0.000    -0.560  infeasible
          100  1     7   110.366     7.70765e-21     0.000     0.872     0.128 
          011  2     8   375.773               0     1.000    -0.000     0.000 
          101  2     8   152.623     5.56058e-29     0.000     1.000     0.000 
          110  2     8  2030.318               0     0.000    -0.000     1.000 
best pat:          000      6.06975e-09              -  -
best pat:          100      7.70765e-21  chi(nested):    60.920 p-value for nested model:     5.94325e-15
best pat:          101      5.56058e-29  chi(nested):    42.257 p-value for nested model:     8.00497e-11

coeffs:    -5.465     3.936     2.528 

## dscore:: f_4(Base, Fit, Rbase, right2)
## genstat:: f_4(Base, Fit, right1, right2)

details:            Naxi      Anatolia_N    -0.000221   -1.505035
details: UpperMustang.LC      Anatolia_N    -0.000187   -1.286115
details: Southeast_China      Anatolia_N    -0.000314   -2.324579
dscore:      Anatolia_N f4:    -0.000324 Z:    -0.498194

details:            Naxi             Ami     0.002392   13.942806
details: UpperMustang.LC             Ami     0.000406    2.219304
details: Southeast_China             Ami     0.004668   27.718348
dscore:             Ami f4:     0.000331 Z:     0.443433

details:            Naxi            Mixe     0.001103    6.217927
details: UpperMustang.LC            Mixe     0.000354    1.860951
details: Southeast_China            Mixe     0.000936    5.210759
dscore:            Mixe f4:    -0.002265 Z:    -2.859934

details:            Naxi    Ganj_Dareh_N    -0.000393   -2.217255
details: UpperMustang.LC    Ganj_Dareh_N    -0.000561   -3.202652
details: Southeast_China    Ganj_Dareh_N    -0.000423   -2.535172
dscore:    Ganj_Dareh_N f4:    -0.001130 Z:    -1.529203

details:            Naxi            Onge     0.000429    2.519406
details: UpperMustang.LC            Onge    -0.000196   -1.116027
details: Southeast_China            Onge     0.000618    3.755687
dscore:            Onge f4:    -0.001552 Z:    -2.031521

details:            Naxi      Villabruna     0.000035    0.153596
details: UpperMustang.LC      Villabruna     0.000251    1.042841
details: Southeast_China      Villabruna    -0.000198   -0.922824
dscore:      Villabruna f4:     0.000295 Z:     0.295524

details:            Naxi      DevilsGate     0.001855    8.955681
details: UpperMustang.LC      DevilsGate     0.000738    3.446563
details: Southeast_China      DevilsGate     0.001445    7.405676
dscore:      DevilsGate f4:    -0.003581 Z:    -4.313782

details:            Naxi            aACA     0.000645    4.075544
details: UpperMustang.LC            aACA     0.001293    7.594137
details: Southeast_China            aACA    -0.000537   -3.483371
dscore:            aACA f4:     0.000207 Z:     0.301106

gendstat:                Mbuti           Anatolia_N    -0.498
gendstat:                Mbuti                  Ami     0.443
gendstat:                Mbuti                 Mixe    -2.860
gendstat:                Mbuti         Ganj_Dareh_N    -1.529
gendstat:                Mbuti                 Onge    -2.032
gendstat:                Mbuti           Villabruna     0.296
gendstat:                Mbuti           DevilsGate    -4.314
gendstat:                Mbuti                 aACA     0.301
gendstat:           Anatolia_N                  Ami     0.897
gendstat:           Anatolia_N                 Mixe    -2.537
gendstat:           Anatolia_N         Ganj_Dareh_N    -1.368
gendstat:           Anatolia_N                 Onge    -1.706
gendstat:           Anatolia_N           Villabruna     0.738
gendstat:           Anatolia_N           DevilsGate    -3.898
gendstat:           Anatolia_N                 aACA     0.797
gendstat:                  Ami                 Mixe    -3.664
gendstat:                  Ami         Ganj_Dareh_N    -1.842
gendstat:                  Ami                 Onge    -2.623
gendstat:                  Ami           Villabruna    -0.036
gendstat:                  Ami           DevilsGate    -5.360
gendstat:                  Ami                 aACA    -0.244
gendstat:                 Mixe         Ganj_Dareh_N     1.340
gendstat:                 Mixe                 Onge     0.915
gendstat:                 Mixe           Villabruna     2.426
gendstat:                 Mixe           DevilsGate    -1.716
gendstat:                 Mixe                 aACA     3.850
gendstat:         Ganj_Dareh_N                 Onge    -0.522
gendstat:         Ganj_Dareh_N           Villabruna     1.482
gendstat:         Ganj_Dareh_N           DevilsGate    -2.703
gendstat:         Ganj_Dareh_N                 aACA     1.787
gendstat:                 Onge           Villabruna     1.787
gendstat:                 Onge           DevilsGate    -2.436
gendstat:                 Onge                 aACA     2.741
gendstat:           Villabruna           DevilsGate    -3.625
gendstat:           Villabruna                 aACA    -0.089
gendstat:           DevilsGate                 aACA     5.430

## end of run
