/home/cliu7/utils/AdmixTools/bin/qpWave: parameter file: temp/param/qpAdm_Tamang.Upper_YR_LN.UpperMustang.LC.Han.par7ab5epjs
### THE INPUT PARAMETERS
##PARAMETER NAME: VALUE
DIR: data/intermediate
S1: HO_all_merged.qpAdm
indivname: data/intermediate/HO_all_merged.qpAdm.grouped2.ind
snpname: data/intermediate/HO_all_merged.qpAdm.snp
genotypename: data/intermediate/HO_all_merged.qpAdm.geno
popleft: temp/param/left.7ab5epjs
popright: temp/param/right.7ab5epjs
details: YES
## qpWave version: 410
packed geno read OK
end of inpack

left pops:
Tamang
Upper_YR_LN
UpperMustang.LC
Han

right pops:
Mbuti
Anatolia_N
Ami
Mixe
Ganj_Dareh_N
Onge
Villabruna
DevilsGate
aACA

  0               Tamang    7
  1          Upper_YR_LN    7
  2      UpperMustang.LC   11
  3                  Han   33
  4                Mbuti   10
  5           Anatolia_N   25
  6                  Ami   10
  7                 Mixe   10
  8         Ganj_Dareh_N    7
  9                 Onge   12
 10           Villabruna    1
 11           DevilsGate    4
 12                 aACA   32
jackknife block size:     0.050
snps: 498990  indivs: 169
number of blocks for block jackknife: 710
dof (jackknife):   583.420
numsnps used: 417979
f4info: 
f4rank: 0 dof:     24 chisq:  3755.953 tail:                    0 dofdiff:      0 chisqdiff:     0.000 taildiff:                    1

f4info: 
f4rank: 1 dof:     14 chisq:   544.606 tail:      3.18351642e-107 dofdiff:     10 chisqdiff:  3211.347 taildiff:                    0
B:
          scale     1.000 
     Anatolia_N    -0.171 
            Ami     2.394 
           Mixe     0.804 
   Ganj_Dareh_N    -0.164 
           Onge     0.414 
     Villabruna    -0.263 
     DevilsGate     1.147 
           aACA    -0.095 
A:
          scale   879.038 
    Upper_YR_LN     0.659 
UpperMustang.LC    -0.050 
            Han     1.601 

f4info: 
f4rank: 2 dof:      6 chisq:    69.144 tail:       6.12614221e-13 dofdiff:      8 chisqdiff:   475.463 taildiff:       1.28890709e-97
B:
          scale     1.000     1.000 
     Anatolia_N    -0.240     0.230 
            Ami     1.841     1.831 
           Mixe     0.998    -0.159 
   Ganj_Dareh_N    -0.277     0.428 
           Onge     0.330     0.274 
     Villabruna    -0.177    -0.165 
     DevilsGate     1.572    -0.362 
           aACA     0.933    -2.037 
A:
          scale   492.759  2353.443 
    Upper_YR_LN     1.014    -0.466 
UpperMustang.LC     0.669    -1.248 
            Han     1.235     1.107 

f4info: 
f4rank: 3 dof:      0 chisq:     0.000 tail:                    1 dofdiff:      6 chisqdiff:    69.144 taildiff:       6.12614221e-13
B:
          scale     1.000     1.000     1.000 
     Anatolia_N    -0.211    -0.174     0.398 
            Ami     1.808    -1.734    -1.072 
           Mixe     1.003     0.222     0.603 
   Ganj_Dareh_N    -0.226    -0.307     1.398 
           Onge     0.323    -0.231     0.550 
     Villabruna    -0.164     0.145     0.309 
     DevilsGate     1.638     0.626     1.620 
           aACA     0.901     2.086    -1.162 
A:
          scale   482.776  2330.550  5097.319 
    Upper_YR_LN     1.088     0.629     1.192 
UpperMustang.LC     0.600     1.146    -1.152 
            Han     1.207    -1.136    -0.502 

## end of run
