/home/cliu7/utils/AdmixTools/bin/qpWave: parameter file: temp/param/qpAdm_Tamang.YR_MN.Sherpa.LC.Pathan.parttgv8fek
### THE INPUT PARAMETERS
##PARAMETER NAME: VALUE
DIR: data/intermediate
S1: HO_all_merged.qpAdm
indivname: data/intermediate/HO_all_merged.qpAdm.grouped2.ind
snpname: data/intermediate/HO_all_merged.qpAdm.snp
genotypename: data/intermediate/HO_all_merged.qpAdm.geno
popleft: temp/param/left.ttgv8fek
popright: temp/param/right.ttgv8fek
details: YES
## qpWave version: 410
packed geno read OK
end of inpack

left pops:
Tamang
YR_MN
Sherpa.LC
Pathan

right pops:
Mbuti
Anatolia_N
Ami
Mixe
Ganj_Dareh_N
Onge
Villabruna
DevilsGate
aACA

  0               Tamang    7
  1                YR_MN    8
  2            Sherpa.LC    9
  3               Pathan   18
  4                Mbuti   10
  5           Anatolia_N   25
  6                  Ami   10
  7                 Mixe   10
  8         Ganj_Dareh_N    7
  9                 Onge   12
 10           Villabruna    1
 11           DevilsGate    4
 12                 aACA   32
jackknife block size:     0.050
snps: 498990  indivs: 153
number of blocks for block jackknife: 710
dof (jackknife):   583.377
numsnps used: 414532
f4info: 
f4rank: 0 dof:     24 chisq: 10223.582 tail:                    0 dofdiff:      0 chisqdiff:     0.000 taildiff:                    1

f4info: 
f4rank: 1 dof:     14 chisq:   452.194 tail:       1.22271826e-87 dofdiff:     10 chisqdiff:  9771.388 taildiff:                    0
B:
          scale     1.000 
     Anatolia_N    -0.594 
            Ami     1.355 
           Mixe     0.803 
   Ganj_Dareh_N    -0.612 
           Onge     0.586 
     Villabruna    -0.418 
     DevilsGate     1.417 
           aACA     1.505 
A:
          scale   194.654 
          YR_MN     0.240 
      Sherpa.LC     0.272 
         Pathan    -1.694 

f4info: 
f4rank: 2 dof:      6 chisq:    58.113 tail:        1.0872946e-10 dofdiff:      8 chisqdiff:   394.082 taildiff:       3.45446551e-80
B:
          scale     1.000     1.000 
     Anatolia_N    -0.602    -0.105 
            Ami     1.347    -1.284 
           Mixe     0.780    -0.129 
   Ganj_Dareh_N    -0.625    -0.440 
           Onge     0.585     0.412 
     Villabruna    -0.430    -0.156 
     DevilsGate     1.417     0.060 
           aACA     1.513     2.436 
A:
          scale   194.978  2703.072 
          YR_MN     0.344    -1.644 
      Sherpa.LC     0.241     0.545 
         Pathan    -1.680    -0.028 

f4info: 
f4rank: 3 dof:      0 chisq:     0.000 tail:                    1 dofdiff:      6 chisqdiff:    58.113 taildiff:        1.0872946e-10
B:
          scale     1.000     1.000     1.000 
     Anatolia_N    -0.630     0.856     0.909 
            Ami     1.355     1.260    -1.344 
           Mixe     0.770     0.794     0.405 
   Ganj_Dareh_N    -0.644     0.924     0.628 
           Onge     0.594    -0.995    -0.924 
     Villabruna    -0.459     0.923     0.675 
     DevilsGate     1.405     1.057     0.459 
           aACA     1.490    -1.111     1.813 
A:
          scale   196.906  2140.600  4091.518 
          YR_MN     0.352     1.621    -0.499 
      Sherpa.LC     0.290     0.445     1.649 
         Pathan    -1.671     0.419     0.181 

## end of run
