/home/cliu7/utils/AdmixTools/bin/qpAdm: parameter file: temp/param/qpAdm_Tamang.Naxi.UpperMustang.LC.Southeast_China.parj_jkw0tk
### THE INPUT PARAMETERS
##PARAMETER NAME: VALUE
DIR: data/intermediate
S1: HO_all_merged.qpAdm
indivname: data/intermediate/HO_all_merged.qpAdm.grouped2.ind
snpname: data/intermediate/HO_all_merged.qpAdm.snp
genotypename: data/intermediate/HO_all_merged.qpAdm.geno
popleft: temp/param/left.j_jkw0tk
popright: temp/param/right.j_jkw0tk
details: YES
## qpAdm version: 810
seed: -589088113
packed geno read OK
end of inpack

left pops:
Tamang
Naxi
UpperMustang.LC
Southeast_China

right pops:
Mbuti
Anatolia_N
Ami
Mixe
Ganj_Dareh_N
Onge
Villabruna
DevilsGate
aACA

  0               Tamang    7
  1                 Naxi    9
  2      UpperMustang.LC   11
  3      Southeast_China   97
  4                Mbuti   10
  5           Anatolia_N   25
  6                  Ami   10
  7                 Mixe   10
  8         Ganj_Dareh_N    7
  9                 Onge   12
 10           Villabruna    1
 11           DevilsGate    4
 12                 aACA   32
jackknife block size:     0.050
snps: 498990  indivs: 235
number of blocks for block jackknife: 710
## ncols: 498990
coverage:               Tamang 498036
coverage:                 Naxi 498990
coverage:      UpperMustang.LC 498990
coverage:      Southeast_China 498990
coverage:                Mbuti 498990
coverage:           Anatolia_N 498137
coverage:                  Ami 498990
coverage:                 Mixe 498990
coverage:         Ganj_Dareh_N 457128
coverage:                 Onge 498990
coverage:           Villabruna 415230
coverage:           DevilsGate 498716
coverage:                 aACA 498987
dof (jackknife):   583.490
numsnps used: 417669
codimension 1
f4info: 
f4rank: 2 dof:      6 chisq:    48.133 tail:       1.11160717e-08 dofdiff:      8 chisqdiff:   -48.133 taildiff:                    1
B:
          scale     1.000     1.000 
     Anatolia_N    -0.260    -0.164 
            Ami     2.111    -1.565 
           Mixe     0.882     0.441 
   Ganj_Dareh_N    -0.333    -0.382 
           Onge     0.363    -0.297 
     Villabruna    -0.268     0.073 
     DevilsGate     1.375     0.891 
           aACA     0.703     2.073 
A:
          scale   530.705  1923.986 
           Naxi     0.987     0.374 
UpperMustang.LC     0.654     1.319 
Southeast_China     1.264    -1.058 


full rank
f4info: 
f4rank: 3 dof:      0 chisq:     0.000 tail:                    1 dofdiff:      6 chisqdiff:    48.133 taildiff:       1.11160717e-08
B:
          scale     1.000     1.000     1.000 
     Anatolia_N    -0.259    -0.135     0.452 
            Ami     2.048    -1.425    -1.052 
           Mixe     0.920     0.532     0.526 
   Ganj_Dareh_N    -0.309    -0.353     1.059 
           Onge     0.388    -0.204     0.781 
     Villabruna    -0.250     0.109     0.056 
     DevilsGate     1.436     1.005     0.851 
           aACA     0.722     2.116    -1.988 
A:
          scale   538.228  1952.768  7158.448 
           Naxi     1.033     0.415     0.447 
UpperMustang.LC     0.574     1.106    -1.473 
Southeast_China     1.266    -1.267    -0.794 


best coefficients:   -10.974     7.053     4.920 
Jackknife mean:     -8.951837740     5.918326310     4.033511431 
      std. errors:     4.401     2.479     1.933 

error covariance (* 1000000)
  19365027  -10886949   -8478078 
 -10886949    6144759    4742190 
  -8478078    4742190    3735888 


summ: Tamang    3      0.000000    -8.952     5.918     4.034 19365027 -10886949 -8478078 6144759 4742190 3735888 

    fixed pat  wt  dof     chisq       tail prob
          000  0     6    48.133     1.11161e-08   -10.974     7.053     4.920  infeasible
          001  1     7   446.129               0    -0.053     1.053    -0.000  infeasible
          010  1     7   343.946               0     1.784    -0.000    -0.784  infeasible
          100  1     7   436.372               0    -0.000     0.936     0.064 
          011  2     8   807.616               0     1.000    -0.000     0.000 
          101  2     8   447.031               0     0.000     1.000     0.000 
          110  2     8  2934.834               0     0.000     0.000     1.000 
best pat:          000      1.11161e-08              -  -
best pat:          100      3.74617e-90  chi(nested):   388.239 p-value for nested model:     2.00119e-86
best pat:          101       1.5999e-91  chi(nested):    10.659 p-value for nested model:      0.00109519

coeffs:   -10.974     7.053     4.920 

## dscore:: f_4(Base, Fit, Rbase, right2)
## genstat:: f_4(Base, Fit, right1, right2)

details:            Naxi      Anatolia_N    -0.000478   -3.296623
details: UpperMustang.LC      Anatolia_N    -0.000444   -3.144009
details: Southeast_China      Anatolia_N    -0.000571   -4.492561
dscore:      Anatolia_N f4:    -0.000699 Z:    -0.563558

details:            Naxi             Ami     0.003630   21.697180
details: UpperMustang.LC             Ami     0.001643    9.444478
details: Southeast_China             Ami     0.005909   37.475977
dscore:             Ami f4:     0.000824 Z:     0.586735

details:            Naxi            Mixe     0.001972   11.226448
details: UpperMustang.LC            Mixe     0.001223    6.577094
details: Southeast_China            Mixe     0.001806   10.900823
dscore:            Mixe f4:    -0.004133 Z:    -2.774158

details:            Naxi    Ganj_Dareh_N    -0.000581   -3.590829
details: UpperMustang.LC    Ganj_Dareh_N    -0.000750   -4.564533
details: Southeast_China    Ganj_Dareh_N    -0.000612   -4.075804
dscore:    Ganj_Dareh_N f4:    -0.001916 Z:    -1.355127

details:            Naxi            Onge     0.000793    4.678807
details: UpperMustang.LC            Onge     0.000167    0.990193
details: Southeast_China            Onge     0.000982    6.475520
dscore:            Onge f4:    -0.002687 Z:    -1.861330

details:            Naxi      Villabruna    -0.000431   -2.015634
details: UpperMustang.LC      Villabruna    -0.000215   -0.981325
details: Southeast_China      Villabruna    -0.000665   -3.417520
dscore:      Villabruna f4:    -0.000057 Z:    -0.030359

details:            Naxi      DevilsGate     0.003105   16.114553
details: UpperMustang.LC      DevilsGate     0.001987    9.948792
details: Southeast_China      DevilsGate     0.002694   14.086676
dscore:      DevilsGate f4:    -0.006806 Z:    -4.297848

details:            Naxi            aACA     0.001769   11.254190
details: UpperMustang.LC            aACA     0.002417   14.764657
details: Southeast_China            aACA     0.000586    4.048276
dscore:            aACA f4:     0.000522 Z:     0.404754

gendstat:                Mbuti           Anatolia_N    -0.564
gendstat:                Mbuti                  Ami     0.587
gendstat:                Mbuti                 Mixe    -2.774
gendstat:                Mbuti         Ganj_Dareh_N    -1.355
gendstat:                Mbuti                 Onge    -1.861
gendstat:                Mbuti           Villabruna    -0.030
gendstat:                Mbuti           DevilsGate    -4.298
gendstat:                Mbuti                 aACA     0.405
gendstat:           Anatolia_N                  Ami     1.097
gendstat:           Anatolia_N                 Mixe    -2.372
gendstat:           Anatolia_N         Ganj_Dareh_N    -1.094
gendstat:           Anatolia_N                 Onge    -1.469
gendstat:           Anatolia_N           Villabruna     0.407
gendstat:           Anatolia_N           DevilsGate    -3.899
gendstat:           Anatolia_N                 aACA     0.980
gendstat:                  Ami                 Mixe    -3.701
gendstat:                  Ami         Ganj_Dareh_N    -1.819
gendstat:                  Ami                 Onge    -2.593
gendstat:                  Ami           Villabruna    -0.456
gendstat:                  Ami           DevilsGate    -5.461
gendstat:                  Ami                 aACA    -0.312
gendstat:                 Mixe         Ganj_Dareh_N     1.381
gendstat:                 Mixe                 Onge     0.984
gendstat:                 Mixe           Villabruna     2.056
gendstat:                 Mixe           DevilsGate    -1.829
gendstat:                 Mixe                 aACA     3.845
gendstat:         Ganj_Dareh_N                 Onge    -0.506
gendstat:         Ganj_Dareh_N           Villabruna     1.025
gendstat:         Ganj_Dareh_N           DevilsGate    -2.847
gendstat:         Ganj_Dareh_N                 aACA     1.719
gendstat:                 Onge           Villabruna     1.351
gendstat:                 Onge           DevilsGate    -2.676
gendstat:                 Onge                 aACA     2.676
gendstat:           Villabruna           DevilsGate    -3.321
gendstat:           Villabruna                 aACA     0.315
gendstat:           DevilsGate                 aACA     5.599

## end of run
