/home/cliu7/utils/AdmixTools/bin/qpAdm: parameter file: temp/param/qpAdm_Tamang.Naga.Sherpa.LC.Pulliyar.par633szret
### THE INPUT PARAMETERS
##PARAMETER NAME: VALUE
DIR: data/intermediate
S1: HO_all_merged.qpAdm
indivname: data/intermediate/HO_all_merged.qpAdm.grouped2.ind
snpname: data/intermediate/HO_all_merged.qpAdm.snp
genotypename: data/intermediate/HO_all_merged.qpAdm.geno
popleft: temp/param/left.633szret
popright: temp/param/right.633szret
details: YES
## qpAdm version: 810
seed: -360148277
packed geno read OK
end of inpack

left pops:
Tamang
Naga
Sherpa.LC
Pulliyar

right pops:
Mbuti
Anatolia_N
Ami
Mixe
Ganj_Dareh_N
Onge
Villabruna
DevilsGate
aACA

  0               Tamang    7
  1                 Naga    6
  2            Sherpa.LC    9
  3             Pulliyar   35
  4                Mbuti   10
  5           Anatolia_N   25
  6                  Ami   10
  7                 Mixe   10
  8         Ganj_Dareh_N    7
  9                 Onge   12
 10           Villabruna    1
 11           DevilsGate    4
 12                 aACA   32
jackknife block size:     0.050
snps: 498990  indivs: 168
number of blocks for block jackknife: 710
## ncols: 498990
coverage:               Tamang 498036
coverage:                 Naga 498990
coverage:            Sherpa.LC 498990
coverage:             Pulliyar 459213
coverage:                Mbuti 498990
coverage:           Anatolia_N 498137
coverage:                  Ami 498990
coverage:                 Mixe 498990
coverage:         Ganj_Dareh_N 457128
coverage:                 Onge 498990
coverage:           Villabruna 415230
coverage:           DevilsGate 498716
coverage:                 aACA 498987
dof (jackknife):   584.930
numsnps used: 388375
codimension 1
f4info: 
f4rank: 2 dof:      6 chisq:     7.667 tail:          0.263509971 dofdiff:      8 chisqdiff:    -7.667 taildiff:                    1
B:
          scale     1.000     1.000 
     Anatolia_N    -0.198     0.209 
            Ami     1.393    -1.249 
           Mixe     1.002    -0.307 
   Ganj_Dareh_N    -0.323     0.149 
           Onge     0.257    -0.602 
     Villabruna    -0.082     0.018 
     DevilsGate     1.518    -0.100 
           aACA     1.593     2.430 
A:
          scale   258.888  4075.084 
           Naga     0.518    -1.537 
      Sherpa.LC     0.387     0.636 
       Pulliyar    -1.607    -0.484 


full rank
f4info: 
f4rank: 3 dof:      0 chisq:     0.000 tail:                    1 dofdiff:      6 chisqdiff:     7.667 taildiff:          0.263509971
B:
          scale     1.000     1.000     1.000 
     Anatolia_N    -0.197     0.193    -0.023 
            Ami     1.394    -0.862     1.763 
           Mixe     1.005    -0.225     0.369 
   Ganj_Dareh_N    -0.322     0.094    -0.107 
           Onge     0.263    -0.593     0.469 
     Villabruna    -0.085     0.126     0.182 
     DevilsGate     1.525    -0.156    -0.206 
           aACA     1.582     2.602    -2.109 
A:
          scale   260.782  2837.336  4308.056 
           Naga     0.542    -1.296    -0.291 
      Sherpa.LC     0.414    -0.536    -1.471 
       Pulliyar    -1.592    -1.017    -0.868 


best coefficients:     0.186     0.607     0.206 
Jackknife mean:      0.187534857     0.606167198     0.206297945 
      std. errors:     0.051     0.052     0.009 

error covariance (* 1000000)
      2637      -2610        -27 
     -2610       2656        -46 
       -27        -46         73 


summ: Tamang    3      0.263510     0.188     0.606     0.206  2637 -2610   -27  2656   -46    73 

    fixed pat  wt  dof     chisq       tail prob
          000  0     6     7.667         0.26351     0.186     0.607     0.206 
          001  1     7   258.863               0    49.230   -48.230    -0.000  infeasible
          010  1     7   134.358      7.7133e-26     0.789    -0.000     0.211 
          100  1     7    19.176      0.00765489    -0.000     0.791     0.209 
          011  2     8   601.341               0     1.000     0.000    -0.000 
          101  2     8   406.167               0     0.000     1.000    -0.000 
          110  2     8  4116.808               0     0.000     0.000     1.000 
best pat:          000          0.26351              -  -
best pat:          100       0.00765489  chi(nested):    11.508 p-value for nested model:     0.000692863
best pat:          101      8.97927e-83  chi(nested):   386.992 p-value for nested model:      3.7396e-86

coeffs:     0.186     0.607     0.206 

## dscore:: f_4(Base, Fit, Rbase, right2)
## genstat:: f_4(Base, Fit, right1, right2)

details:            Naga      Anatolia_N    -0.000564   -3.491687
details:       Sherpa.LC      Anatolia_N    -0.000381   -2.412333
details:        Pulliyar      Anatolia_N     0.001077    5.380640
dscore:      Anatolia_N f4:    -0.000114 Z:    -0.888909

details:            Naga             Ami     0.003138   16.572185
details:       Sherpa.LC             Ami     0.001746    9.259854
details:        Pulliyar             Ami    -0.008677  -36.406206
dscore:             Ami f4:    -0.000145 Z:    -0.929499

details:            Naga            Mixe     0.002124   10.815226
details:       Sherpa.LC            Mixe     0.001481    7.408009
details:        Pulliyar            Mixe    -0.006249  -25.714258
dscore:            Mixe f4:     0.000006 Z:     0.036902

details:            Naga    Ganj_Dareh_N    -0.000761   -4.061391
details:       Sherpa.LC    Ganj_Dareh_N    -0.000523   -2.866784
details:        Pulliyar    Ganj_Dareh_N     0.001913    8.389386
dscore:    Ganj_Dareh_N f4:    -0.000065 Z:    -0.433973

details:            Naga            Onge     0.000750    3.936084
details:       Sherpa.LC            Onge     0.000335    1.760918
details:        Pulliyar            Onge    -0.001566   -6.961720
dscore:            Onge f4:     0.000020 Z:     0.131910

details:            Naga      Villabruna    -0.000323   -1.319089
details:       Sherpa.LC      Villabruna    -0.000267   -1.061814
details:        Pulliyar      Villabruna     0.000358    1.168456
dscore:      Villabruna f4:    -0.000149 Z:    -0.726676

details:            Naga      DevilsGate     0.003218   14.601743
details:       Sherpa.LC      DevilsGate     0.002515   11.371905
details:        Pulliyar      DevilsGate    -0.009352  -35.246234
dscore:      DevilsGate f4:     0.000198 Z:     1.096701

details:            Naga            aACA     0.002210   13.121315
details:       Sherpa.LC            aACA     0.002716   15.389644
details:        Pulliyar            aACA    -0.010279  -46.776327
dscore:            aACA f4:    -0.000059 Z:    -0.410142

gendstat:                Mbuti           Anatolia_N    -0.889
gendstat:                Mbuti                  Ami    -0.929
gendstat:                Mbuti                 Mixe     0.037
gendstat:                Mbuti         Ganj_Dareh_N    -0.434
gendstat:                Mbuti                 Onge     0.132
gendstat:                Mbuti           Villabruna    -0.727
gendstat:                Mbuti           DevilsGate     1.097
gendstat:                Mbuti                 aACA    -0.410
gendstat:           Anatolia_N                  Ami    -0.205
gendstat:           Anatolia_N                 Mixe     0.753
gendstat:           Anatolia_N         Ganj_Dareh_N     0.376
gendstat:           Anatolia_N                 Onge     0.938
gendstat:           Anatolia_N           Villabruna    -0.198
gendstat:           Anatolia_N           DevilsGate     1.745
gendstat:           Anatolia_N                 aACA     0.383
gendstat:                  Ami                 Mixe     1.061
gendstat:                  Ami         Ganj_Dareh_N     0.469
gendstat:                  Ami                 Onge     1.152
gendstat:                  Ami           Villabruna    -0.017
gendstat:                  Ami           DevilsGate     2.427
gendstat:                  Ami                 aACA     0.822
gendstat:                 Mixe         Ganj_Dareh_N    -0.399
gendstat:                 Mixe                 Onge     0.089
gendstat:                 Mixe           Villabruna    -0.720
gendstat:                 Mixe           DevilsGate     1.165
gendstat:                 Mixe                 aACA    -0.526
gendstat:         Ganj_Dareh_N                 Onge     0.495
gendstat:         Ganj_Dareh_N           Villabruna    -0.405
gendstat:         Ganj_Dareh_N           DevilsGate     1.309
gendstat:         Ganj_Dareh_N                 aACA     0.032
gendstat:                 Onge           Villabruna    -0.796
gendstat:                 Onge           DevilsGate     1.008
gendstat:                 Onge                 aACA    -0.586
gendstat:           Villabruna           DevilsGate     1.476
gendstat:           Villabruna                 aACA     0.431
gendstat:           DevilsGate                 aACA    -1.849

## end of run
