/home/cliu7/utils/AdmixTools/bin/qpWave: parameter file: temp/param/qpAdm_Tamang.Yi.UpperMustang.LC.Southeast_China.par9gz7fe7g
### THE INPUT PARAMETERS
##PARAMETER NAME: VALUE
DIR: data/intermediate
S1: HO_all_merged.qpAdm
indivname: data/intermediate/HO_all_merged.qpAdm.grouped2.ind
snpname: data/intermediate/HO_all_merged.qpAdm.snp
genotypename: data/intermediate/HO_all_merged.qpAdm.geno
popleft: temp/param/left.9gz7fe7g
popright: temp/param/right.9gz7fe7g
details: YES
## qpWave version: 410
packed geno read OK
end of inpack

left pops:
Tamang
Yi
UpperMustang.LC
Southeast_China

right pops:
Mbuti
Anatolia_N
Ami
Mixe
Ganj_Dareh_N
Onge
Villabruna
DevilsGate
aACA

  0               Tamang    7
  1                   Yi    8
  2      UpperMustang.LC   11
  3      Southeast_China   97
  4                Mbuti   10
  5           Anatolia_N   25
  6                  Ami   10
  7                 Mixe   10
  8         Ganj_Dareh_N    7
  9                 Onge   12
 10           Villabruna    1
 11           DevilsGate    4
 12                 aACA   32
jackknife block size:     0.050
snps: 498990  indivs: 234
number of blocks for block jackknife: 710
dof (jackknife):   583.471
numsnps used: 417668
f4info: 
f4rank: 0 dof:     24 chisq:  4763.466 tail:                    0 dofdiff:      0 chisqdiff:     0.000 taildiff:                    1

f4info: 
f4rank: 1 dof:     14 chisq:   552.831 tail:      5.69969275e-109 dofdiff:     10 chisqdiff:  4210.635 taildiff:                    0
B:
          scale     1.000 
     Anatolia_N    -0.134 
            Ami     2.589 
           Mixe     0.501 
   Ganj_Dareh_N    -0.159 
           Onge     0.499 
     Villabruna    -0.277 
     DevilsGate     0.589 
           aACA    -0.577 
A:
          scale   891.850 
             Yi     0.692 
UpperMustang.LC    -0.129 
Southeast_China     1.583 

f4info: 
f4rank: 2 dof:      6 chisq:    35.418 tail:       3.57632478e-06 dofdiff:      8 chisqdiff:   517.413 taildiff:      1.28973127e-106
B:
          scale     1.000     1.000 
     Anatolia_N    -0.260    -0.132 
            Ami     2.135    -1.549 
           Mixe     0.886     0.477 
   Ganj_Dareh_N    -0.302    -0.334 
           Onge     0.384    -0.265 
     Villabruna    -0.291     0.039 
     DevilsGate     1.338     0.827 
           aACA     0.692     2.119 
A:
          scale   518.224  1920.846 
             Yi     1.009     0.388 
UpperMustang.LC     0.660     1.377 
Southeast_China     1.243    -0.977 

f4info: 
f4rank: 3 dof:      0 chisq:     0.000 tail:                    1 dofdiff:      6 chisqdiff:    35.418 taildiff:       3.57632478e-06
B:
          scale     1.000     1.000     1.000 
     Anatolia_N    -0.253    -0.135     0.594 
            Ami     2.138    -1.416    -0.931 
           Mixe     0.883     0.434     1.191 
   Ganj_Dareh_N    -0.303    -0.388     1.404 
           Onge     0.370    -0.286     0.815 
     Villabruna    -0.284     0.069    -0.787 
     DevilsGate     1.331     0.783     1.188 
           aACA     0.709     2.222    -0.834 
A:
          scale   518.107  1957.700 10091.186 
             Yi     1.047     0.438     1.308 
UpperMustang.LC     0.610     1.326    -0.932 
Southeast_China     1.238    -1.024    -0.647 

## end of run
