/home/cliu7/utils/AdmixTools/bin/qpWave: parameter file: temp/param/qpAdm_Tamang.Yi.Sherpa.LC.Pulliyar.par_jr4ecqr
### THE INPUT PARAMETERS
##PARAMETER NAME: VALUE
DIR: data/intermediate
S1: HO_all_merged.qpAdm
indivname: data/intermediate/HO_all_merged.qpAdm.grouped2.ind
snpname: data/intermediate/HO_all_merged.qpAdm.snp
genotypename: data/intermediate/HO_all_merged.qpAdm.geno
popleft: temp/param/left._jr4ecqr
popright: temp/param/right._jr4ecqr
details: YES
## qpWave version: 410
packed geno read OK
end of inpack

left pops:
Tamang
Yi
Sherpa.LC
Pulliyar

right pops:
Mbuti
Anatolia_N
Ami
Mixe
Ganj_Dareh_N
Onge
Villabruna
DevilsGate
aACA

  0               Tamang    7
  1                   Yi    8
  2            Sherpa.LC    9
  3             Pulliyar   35
  4                Mbuti   10
  5           Anatolia_N   25
  6                  Ami   10
  7                 Mixe   10
  8         Ganj_Dareh_N    7
  9                 Onge   12
 10           Villabruna    1
 11           DevilsGate    4
 12                 aACA   32
jackknife block size:     0.050
snps: 498990  indivs: 170
number of blocks for block jackknife: 710
dof (jackknife):   584.946
numsnps used: 388202
f4info: 
f4rank: 0 dof:     24 chisq:  6747.822 tail:                    0 dofdiff:      0 chisqdiff:     0.000 taildiff:                    1

f4info: 
f4rank: 1 dof:     14 chisq:   844.241 tail:        3.774961e-171 dofdiff:     10 chisqdiff:  5903.581 taildiff:                    0
B:
          scale     1.000 
     Anatolia_N    -0.167 
            Ami     1.454 
           Mixe     0.988 
   Ganj_Dareh_N    -0.259 
           Onge     0.294 
     Villabruna    -0.113 
     DevilsGate     1.534 
           aACA     1.537 
A:
          scale   250.763 
             Yi     0.429 
      Sherpa.LC     0.408 
       Pulliyar    -1.628 

f4info: 
f4rank: 2 dof:      6 chisq:     4.803 tail:          0.569373368 dofdiff:      8 chisqdiff:   839.438 taildiff:      6.48816096e-176
B:
          scale     1.000     1.000 
     Anatolia_N    -0.183    -0.063 
            Ami     1.418     1.896 
           Mixe     0.999     0.191 
   Ganj_Dareh_N    -0.304     0.125 
           Onge     0.260     0.477 
     Villabruna    -0.095    -0.591 
     DevilsGate     1.509     0.026 
           aACA     1.585    -1.942 
A:
          scale   256.199  2577.472 
             Yi     0.506     1.625 
      Sherpa.LC     0.392    -0.456 
       Pulliyar    -1.610     0.389 

f4info: 
f4rank: 3 dof:      0 chisq:     0.000 tail:                    1 dofdiff:      6 chisqdiff:     4.803 taildiff:          0.569373368
B:
          scale     1.000     1.000     1.000 
     Anatolia_N    -0.180     0.107     0.864 
            Ami     1.422    -1.810     1.247 
           Mixe     0.999    -0.178     0.283 
   Ganj_Dareh_N    -0.304    -0.118     0.247 
           Onge     0.262    -0.473    -0.027 
     Villabruna    -0.088     0.718     1.780 
     DevilsGate     1.505    -0.141    -1.500 
           aACA     1.585     1.977     0.375 
A:
          scale   256.215  2547.852 11897.748 
             Yi     0.508    -1.632    -0.278 
      Sherpa.LC     0.397     0.403    -1.637 
       Pulliyar    -1.608    -0.417    -0.492 

## end of run
