/home/cliu7/utils/AdmixTools/bin/qpWave: parameter file: temp/param/qpAdm_Tamang.YR_MN.Sherpa.LC.Southeast_China.par6jr2a1cg
### THE INPUT PARAMETERS
##PARAMETER NAME: VALUE
DIR: data/intermediate
S1: HO_all_merged.qpAdm
indivname: data/intermediate/HO_all_merged.qpAdm.grouped2.ind
snpname: data/intermediate/HO_all_merged.qpAdm.snp
genotypename: data/intermediate/HO_all_merged.qpAdm.geno
popleft: temp/param/left.6jr2a1cg
popright: temp/param/right.6jr2a1cg
details: YES
## qpWave version: 410
packed geno read OK
end of inpack

left pops:
Tamang
YR_MN
Sherpa.LC
Southeast_China

right pops:
Mbuti
Anatolia_N
Ami
Mixe
Ganj_Dareh_N
Onge
Villabruna
DevilsGate
aACA

  0               Tamang    7
  1                YR_MN    8
  2            Sherpa.LC    9
  3      Southeast_China   97
  4                Mbuti   10
  5           Anatolia_N   25
  6                  Ami   10
  7                 Mixe   10
  8         Ganj_Dareh_N    7
  9                 Onge   12
 10           Villabruna    1
 11           DevilsGate    4
 12                 aACA   32
jackknife block size:     0.050
snps: 498990  indivs: 232
number of blocks for block jackknife: 710
dof (jackknife):   583.500
numsnps used: 416574
f4info: 
f4rank: 0 dof:     24 chisq:  4154.903 tail:                    0 dofdiff:      0 chisqdiff:     0.000 taildiff:                    1

f4info: 
f4rank: 1 dof:     14 chisq:   459.663 tail:       3.22164854e-89 dofdiff:     10 chisqdiff:  3695.240 taildiff:                    0
B:
          scale     1.000 
     Anatolia_N    -0.187 
            Ami     2.583 
           Mixe     0.569 
   Ganj_Dareh_N    -0.231 
           Onge     0.430 
     Villabruna    -0.367 
     DevilsGate     0.611 
           aACA    -0.474 
A:
          scale   887.402 
          YR_MN     0.665 
      Sherpa.LC    -0.123 
Southeast_China     1.594 

f4info: 
f4rank: 2 dof:      6 chisq:    24.650 tail:       0.000396361138 dofdiff:      8 chisqdiff:   435.013 taildiff:       6.00391833e-89
B:
          scale     1.000     1.000 
     Anatolia_N    -0.247    -0.065 
            Ami     2.098    -1.533 
           Mixe     0.881     0.461 
   Ganj_Dareh_N    -0.294    -0.148 
           Onge     0.348    -0.264 
     Villabruna    -0.223     0.217 
     DevilsGate     1.386     0.973 
           aACA     0.766     2.085 
A:
          scale   523.508  1755.539 
          YR_MN     0.976     0.271 
      Sherpa.LC     0.716     1.352 
Southeast_China     1.239    -1.049 

f4info: 
f4rank: 3 dof:      0 chisq:     0.000 tail:                    1 dofdiff:      6 chisqdiff:    24.650 taildiff:       0.000396361138
B:
          scale     1.000     1.000     1.000 
     Anatolia_N    -0.269    -0.077    -0.330 
            Ami     2.079    -1.549    -0.683 
           Mixe     0.895     0.440     0.653 
   Ganj_Dareh_N    -0.282    -0.129     0.271 
           Onge     0.318    -0.288    -0.778 
     Villabruna    -0.203     0.207     0.871 
     DevilsGate     1.434     0.976     1.697 
           aACA     0.725     2.075    -1.637 
A:
          scale   520.207  1766.144  8430.368 
          YR_MN     0.996     0.398     1.360 
      Sherpa.LC     0.697     1.309    -0.894 
Southeast_China     1.234    -1.062    -0.593 

## end of run
