/home/cliu7/utils/AdmixTools/bin/qpWave: parameter file: temp/param/qpAdm_Tamang.Upper_YR_LN.UpperMustang.LC.Pulliyar.parzmiwx43j
### THE INPUT PARAMETERS
##PARAMETER NAME: VALUE
DIR: data/intermediate
S1: HO_all_merged.qpAdm
indivname: data/intermediate/HO_all_merged.qpAdm.grouped2.ind
snpname: data/intermediate/HO_all_merged.qpAdm.snp
genotypename: data/intermediate/HO_all_merged.qpAdm.geno
popleft: temp/param/left.zmiwx43j
popright: temp/param/right.zmiwx43j
details: YES
## qpWave version: 410
packed geno read OK
end of inpack

left pops:
Tamang
Upper_YR_LN
UpperMustang.LC
Pulliyar

right pops:
Mbuti
Anatolia_N
Ami
Mixe
Ganj_Dareh_N
Onge
Villabruna
DevilsGate
aACA

  0               Tamang    7
  1          Upper_YR_LN    7
  2      UpperMustang.LC   11
  3             Pulliyar   35
  4                Mbuti   10
  5           Anatolia_N   25
  6                  Ami   10
  7                 Mixe   10
  8         Ganj_Dareh_N    7
  9                 Onge   12
 10           Villabruna    1
 11           DevilsGate    4
 12                 aACA   32
jackknife block size:     0.050
snps: 498990  indivs: 171
number of blocks for block jackknife: 710
dof (jackknife):   584.930
numsnps used: 387053
f4info: 
f4rank: 0 dof:     24 chisq:  6146.497 tail:                    0 dofdiff:      0 chisqdiff:     0.000 taildiff:                    1

f4info: 
f4rank: 1 dof:     14 chisq:   306.897 tail:       4.30322165e-57 dofdiff:     10 chisqdiff:  5839.599 taildiff:                    0
B:
          scale     1.000 
     Anatolia_N    -0.207 
            Ami     1.373 
           Mixe     1.011 
   Ganj_Dareh_N    -0.342 
           Onge     0.235 
     Villabruna    -0.042 
     DevilsGate     1.507 
           aACA     1.614 
A:
          scale   261.098 
    Upper_YR_LN     0.443 
UpperMustang.LC     0.409 
       Pulliyar    -1.624 

f4info: 
f4rank: 2 dof:      6 chisq:     4.208 tail:          0.648595558 dofdiff:      8 chisqdiff:   302.689 taildiff:       1.10209057e-60
B:
          scale     1.000     1.000 
     Anatolia_N    -0.186     0.203 
            Ami     1.386     0.658 
           Mixe     1.001     0.493 
   Ganj_Dareh_N    -0.303     0.975 
           Onge     0.254     0.597 
     Villabruna    -0.081    -0.064 
     DevilsGate     1.542     1.290 
           aACA     1.582    -2.075 
A:
          scale   255.598  2820.272 
    Upper_YR_LN     0.590     1.604 
UpperMustang.LC     0.366    -0.443 
       Pulliyar    -1.587     0.479 

f4info: 
f4rank: 3 dof:      0 chisq:     0.000 tail:                    1 dofdiff:      6 chisqdiff:     4.208 taildiff:          0.648595558
B:
          scale     1.000     1.000     1.000 
     Anatolia_N    -0.180     0.045     1.190 
            Ami     1.391     0.550     0.976 
           Mixe     1.005     0.459     0.486 
   Ganj_Dareh_N    -0.296     0.743     1.602 
           Onge     0.259     0.495     0.611 
     Villabruna    -0.072    -0.220     1.129 
     DevilsGate     1.538     1.448    -1.057 
           aACA     1.580    -2.131     0.247 
A:
          scale   254.670  2872.896 10879.198 
    Upper_YR_LN     0.576     1.603    -0.312 
UpperMustang.LC     0.350    -0.445    -1.637 
       Pulliyar    -1.596     0.481    -0.472 

## end of run
