/home/cliu7/utils/AdmixTools/bin/qpAdm: parameter file: temp/param/qpAdm_Tamang.Naga.UpperMustang.LC.Mala.par2cacqp6j
### THE INPUT PARAMETERS
##PARAMETER NAME: VALUE
DIR: data/intermediate
S1: HO_all_merged.qpAdm
indivname: data/intermediate/HO_all_merged.qpAdm.grouped2.ind
snpname: data/intermediate/HO_all_merged.qpAdm.snp
genotypename: data/intermediate/HO_all_merged.qpAdm.geno
popleft: temp/param/left.2cacqp6j
popright: temp/param/right.2cacqp6j
details: YES
## qpAdm version: 810
seed: 1279501558
packed geno read OK
end of inpack

left pops:
Tamang
Naga
UpperMustang.LC
Mala

right pops:
Mbuti
Anatolia_N
Ami
Mixe
Ganj_Dareh_N
Onge
Villabruna
DevilsGate
aACA

  0               Tamang    7
  1                 Naga    6
  2      UpperMustang.LC   11
  3                 Mala   11
  4                Mbuti   10
  5           Anatolia_N   25
  6                  Ami   10
  7                 Mixe   10
  8         Ganj_Dareh_N    7
  9                 Onge   12
 10           Villabruna    1
 11           DevilsGate    4
 12                 aACA   32
jackknife block size:     0.050
snps: 498990  indivs: 146
number of blocks for block jackknife: 710
## ncols: 498990
coverage:               Tamang 498036
coverage:                 Naga 498990
coverage:      UpperMustang.LC 498990
coverage:                 Mala 498990
coverage:                Mbuti 498990
coverage:           Anatolia_N 498137
coverage:                  Ami 498990
coverage:                 Mixe 498990
coverage:         Ganj_Dareh_N 457128
coverage:                 Onge 498990
coverage:           Villabruna 415230
coverage:           DevilsGate 498716
coverage:                 aACA 498987
dof (jackknife):   583.389
numsnps used: 417554
codimension 1
f4info: 
f4rank: 2 dof:      6 chisq:     3.502 tail:          0.743694786 dofdiff:      8 chisqdiff:    -3.502 taildiff:                    1
B:
          scale     1.000     1.000 
     Anatolia_N    -0.283    -0.013 
            Ami     1.396     1.022 
           Mixe     0.944     0.442 
   Ganj_Dareh_N    -0.426     0.381 
           Onge     0.327     0.549 
     Villabruna    -0.122    -0.108 
     DevilsGate     1.494     0.349 
           aACA     1.595    -2.486 
A:
          scale   254.713  4137.079 
           Naga     0.504     1.585 
UpperMustang.LC     0.349    -0.561 
           Mala    -1.620     0.416 


full rank
f4info: 
f4rank: 3 dof:      0 chisq:     0.000 tail:                    1 dofdiff:      6 chisqdiff:     3.502 taildiff:          0.743694786
B:
          scale     1.000     1.000     1.000 
     Anatolia_N    -0.285     0.079    -0.027 
            Ami     1.407    -0.941     1.097 
           Mixe     0.945    -0.604     0.322 
   Ganj_Dareh_N    -0.422    -0.132     0.467 
           Onge     0.337    -0.080     0.729 
     Villabruna    -0.121     0.121    -0.058 
     DevilsGate     1.494    -0.509     0.257 
           aACA     1.584     2.539    -2.423 
A:
          scale   255.997  4480.695  4926.028 
           Naga     0.496    -1.378     0.279 
UpperMustang.LC     0.343    -0.885    -1.708 
           Mala    -1.624    -0.562     0.067 


best coefficients:     0.175     0.635     0.191 
Jackknife mean:      0.175481232     0.633613924     0.190904844 
      std. errors:     0.049     0.049     0.008 

error covariance (* 1000000)
      2366      -2363         -3 
     -2363       2419        -56 
        -3        -56         59 


summ: Tamang    3      0.743695     0.175     0.634     0.191  2366 -2363    -3  2419   -56    59 

    fixed pat  wt  dof     chisq       tail prob
          000  0     6     3.502        0.743695     0.175     0.635     0.191 
          001  1     7   254.514               0   -37.033    38.033    -0.000  infeasible
          010  1     7   129.710     7.22578e-25     0.798    -0.000     0.202 
          100  1     7    15.285       0.0325103    -0.000     0.809     0.191 
          011  2     8   597.877               0     1.000     0.000    -0.000 
          101  2     8   445.120               0     0.000     1.000    -0.000 
          110  2     8  4790.624               0     0.000    -0.000     1.000 
best pat:          000         0.743695              -  -
best pat:          100        0.0325103  chi(nested):    11.783 p-value for nested model:      0.00059764
best pat:          101      4.10685e-91  chi(nested):   429.834 p-value for nested model:     1.76978e-95

coeffs:     0.175     0.635     0.191 

## dscore:: f_4(Base, Fit, Rbase, right2)
## genstat:: f_4(Base, Fit, right1, right2)

details:            Naga      Anatolia_N    -0.000584   -3.672179
details: UpperMustang.LC      Anatolia_N    -0.000444   -3.139165
details:            Mala      Anatolia_N     0.001759    9.449800
dscore:      Anatolia_N f4:    -0.000048 Z:    -0.401652

details:            Naga             Ami     0.003079   16.637373
details: UpperMustang.LC             Ami     0.001643    9.436210
details:            Mala             Ami    -0.008920  -40.452521
dscore:             Ami f4:    -0.000122 Z:    -0.825767

details:            Naga            Mixe     0.002053   10.691112
details: UpperMustang.LC            Mixe     0.001223    6.570412
details:            Mala            Mixe    -0.006021  -25.972150
dscore:            Mixe f4:    -0.000015 Z:    -0.092448

details:            Naga    Ganj_Dareh_N    -0.000738   -4.023368
details: UpperMustang.LC    Ganj_Dareh_N    -0.000750   -4.560156
details:            Mala    Ganj_Dareh_N     0.002684   12.733504
dscore:    Ganj_Dareh_N f4:    -0.000092 Z:    -0.666569

details:            Naga            Onge     0.000728    3.894589
details: UpperMustang.LC            Onge     0.000167    0.989064
details:            Mala            Onge    -0.002215  -10.765652
dscore:            Onge f4:    -0.000190 Z:    -1.315388

details:            Naga      Villabruna    -0.000318   -1.323541
details: UpperMustang.LC      Villabruna    -0.000215   -0.980615
details:            Mala      Villabruna     0.000707    2.467657
dscore:      Villabruna f4:    -0.000057 Z:    -0.310890

details:            Naga      DevilsGate     0.003116   14.327865
details: UpperMustang.LC      DevilsGate     0.001987    9.942321
details:            Mala      DevilsGate    -0.009530  -38.684578
dscore:      DevilsGate f4:    -0.000014 Z:    -0.084209

details:            Naga            aACA     0.002160   13.067058
details: UpperMustang.LC            aACA     0.002418   14.746437
details:            Mala            aACA    -0.010516  -52.088155
dscore:            aACA f4:    -0.000096 Z:    -0.691662

gendstat:                Mbuti           Anatolia_N    -0.402
gendstat:                Mbuti                  Ami    -0.826
gendstat:                Mbuti                 Mixe    -0.092
gendstat:                Mbuti         Ganj_Dareh_N    -0.667
gendstat:                Mbuti                 Onge    -1.315
gendstat:                Mbuti           Villabruna    -0.311
gendstat:                Mbuti           DevilsGate    -0.084
gendstat:                Mbuti                 aACA    -0.692
gendstat:           Anatolia_N                  Ami    -0.516
gendstat:           Anatolia_N                 Mixe     0.221
gendstat:           Anatolia_N         Ganj_Dareh_N    -0.378
gendstat:           Anatolia_N                 Onge    -1.093
gendstat:           Anatolia_N           Villabruna    -0.054
gendstat:           Anatolia_N           DevilsGate     0.212
gendstat:           Anatolia_N                 aACA    -0.359
gendstat:                  Ami                 Mixe     0.790
gendstat:                  Ami         Ganj_Dareh_N     0.194
gendstat:                  Ami                 Onge    -0.503
gendstat:                  Ami           Villabruna     0.336
gendstat:                  Ami           DevilsGate     0.816
gendstat:                  Ami                 aACA     0.283
gendstat:                 Mixe         Ganj_Dareh_N    -0.470
gendstat:                 Mixe                 Onge    -1.222
gendstat:                 Mixe           Villabruna    -0.209
gendstat:                 Mixe           DevilsGate     0.003
gendstat:                 Mixe                 aACA    -0.679
gendstat:         Ganj_Dareh_N                 Onge    -0.643
gendstat:         Ganj_Dareh_N           Villabruna     0.192
gendstat:         Ganj_Dareh_N           DevilsGate     0.449
gendstat:         Ganj_Dareh_N                 aACA    -0.024
gendstat:                 Onge           Villabruna     0.713
gendstat:                 Onge           DevilsGate     1.141
gendstat:                 Onge                 aACA     0.748
gendstat:           Villabruna           DevilsGate     0.203
gendstat:           Villabruna                 aACA    -0.209
gendstat:           DevilsGate                 aACA    -0.631

## end of run
