/home/cliu7/utils/AdmixTools/bin/qpWave: parameter file: temp/param/qpAdm_Chali.Sherpa.LC.Pathan.pard8_zm68c
### THE INPUT PARAMETERS
##PARAMETER NAME: VALUE
DIR: data/intermediate
S1: illumina_all_merged.qpAdm
indivname: data/intermediate/illumina_all_merged.qpAdm.grouped2.ind
snpname: data/intermediate/illumina_all_merged.qpAdm.snp
genotypename: data/intermediate/illumina_all_merged.qpAdm.geno
popleft: temp/param/left.d8_zm68c
popright: temp/param/right.d8_zm68c
details: YES
## qpWave version: 410
packed geno read OK
end of inpack

left pops:
Chali
Sherpa.LC
Pathan

right pops:
Mbuti
Anatolia_N
Ami.DG
Mixe.DG
Ganj_Dareh_N
Onge.DG
Villabruna
DevilsGate
aACA

  0                Chali   19
  1            Sherpa.LC    9
  2               Pathan   22
  3                Mbuti   13
  4           Anatolia_N   25
  5               Ami.DG    2
  6              Mixe.DG    3
  7         Ganj_Dareh_N    7
  8              Onge.DG    2
  9           Villabruna    1
 10           DevilsGate    4
 11                 aACA   32
jackknife block size:     0.050
snps: 234294  indivs: 139
number of blocks for block jackknife: 548
dof (jackknife):   465.566
numsnps used: 82366
f4info: 
f4rank: 0 dof:     16 chisq:  7723.686 tail:                    0 dofdiff:      0 chisqdiff:     0.000 taildiff:                    1

f4info: 
f4rank: 1 dof:      7 chisq:    41.006 tail:       8.07334073e-07 dofdiff:      9 chisqdiff:  7682.679 taildiff:                    0
B:
          scale     1.000 
     Anatolia_N    -0.545 
         Ami.DG     1.352 
        Mixe.DG     0.833 
   Ganj_Dareh_N    -0.569 
        Onge.DG     0.597 
     Villabruna    -0.381 
     DevilsGate     1.434 
           aACA     1.517 
A:
          scale   101.548 
      Sherpa.LC     0.039 
         Pathan    -1.414 

f4info: 
f4rank: 2 dof:      0 chisq:     0.000 tail:                    1 dofdiff:      7 chisqdiff:    41.006 taildiff:       8.07334073e-07
B:
          scale     1.000     1.000 
     Anatolia_N    -0.567     1.315 
         Ami.DG     1.363    -0.943 
        Mixe.DG     0.830    -0.525 
   Ganj_Dareh_N    -0.595     1.014 
        Onge.DG     0.605    -0.500 
     Villabruna    -0.408     0.739 
     DevilsGate     1.413     0.999 
           aACA     1.499     1.510 
A:
          scale   101.806  3073.282 
      Sherpa.LC     0.033     1.414 
         Pathan    -1.414     0.033 

## end of run
