/home/cliu7/utils/AdmixTools/bin/qpWave: parameter file: temp/param/qpAdm_Chali.Sherpa.LC.Dai.pargl8q1lfy
### THE INPUT PARAMETERS
##PARAMETER NAME: VALUE
DIR: data/intermediate
S1: illumina_all_merged.qpAdm
indivname: data/intermediate/illumina_all_merged.qpAdm.grouped2.ind
snpname: data/intermediate/illumina_all_merged.qpAdm.snp
genotypename: data/intermediate/illumina_all_merged.qpAdm.geno
popleft: temp/param/left.gl8q1lfy
popright: temp/param/right.gl8q1lfy
details: YES
## qpWave version: 410
packed geno read OK
end of inpack

left pops:
Chali
Sherpa.LC
Dai

right pops:
Mbuti
Anatolia_N
Ami.DG
Mixe.DG
Ganj_Dareh_N
Onge.DG
Villabruna
DevilsGate
aACA

  0                Chali   19
  1            Sherpa.LC    9
  2                  Dai   10
  3                Mbuti   13
  4           Anatolia_N   25
  5               Ami.DG    2
  6              Mixe.DG    3
  7         Ganj_Dareh_N    7
  8              Onge.DG    2
  9           Villabruna    1
 10           DevilsGate    4
 11                 aACA   32
jackknife block size:     0.050
snps: 234294  indivs: 127
number of blocks for block jackknife: 548
dof (jackknife):   467.026
numsnps used: 84444
f4info: 
f4rank: 0 dof:     16 chisq:  1371.265 tail:      2.44481386e-282 dofdiff:      0 chisqdiff:     0.000 taildiff:                    1

f4info: 
f4rank: 1 dof:      7 chisq:    18.350 tail:         0.0104879651 dofdiff:      9 chisqdiff:  1352.915 taildiff:      1.14980135e-285
B:
          scale     1.000 
     Anatolia_N     0.357 
         Ami.DG    -2.148 
        Mixe.DG     0.319 
   Ganj_Dareh_N     0.251 
        Onge.DG     0.007 
     Villabruna     0.337 
     DevilsGate     0.237 
           aACA     1.710 
A:
          scale   744.667 
      Sherpa.LC     0.267 
            Dai    -1.389 

f4info: 
f4rank: 2 dof:      0 chisq:     0.000 tail:                    1 dofdiff:      7 chisqdiff:    18.350 taildiff:         0.0104879651
B:
          scale     1.000     1.000 
     Anatolia_N     0.320     0.681 
         Ami.DG    -2.276     1.265 
        Mixe.DG     0.300    -0.112 
   Ganj_Dareh_N     0.227     0.433 
        Onge.DG    -0.001    -0.070 
     Villabruna     0.329     0.242 
     DevilsGate     0.062     1.825 
           aACA     1.570     1.530 
A:
          scale   736.644  2916.496 
      Sherpa.LC     0.195     1.401 
            Dai    -1.401     0.195 

## end of run
