/home/cliu7/utils/AdmixTools/bin/qpWave: parameter file: temp/param/qpAdm_Dzala.Sherpa.LC.Dai.par_t9v14jd
### THE INPUT PARAMETERS
##PARAMETER NAME: VALUE
DIR: data/intermediate
S1: illumina_all_merged.qpAdm
indivname: data/intermediate/illumina_all_merged.qpAdm.grouped2.ind
snpname: data/intermediate/illumina_all_merged.qpAdm.snp
genotypename: data/intermediate/illumina_all_merged.qpAdm.geno
popleft: temp/param/left._t9v14jd
popright: temp/param/right._t9v14jd
details: YES
## qpWave version: 410
packed geno read OK
end of inpack

left pops:
Dzala
Sherpa.LC
Dai

right pops:
Mbuti
Anatolia_N
Ami.DG
Mixe.DG
Ganj_Dareh_N
Onge.DG
Villabruna
DevilsGate
aACA

  0                Dzala   14
  1            Sherpa.LC    9
  2                  Dai   10
  3                Mbuti   13
  4           Anatolia_N   25
  5               Ami.DG    2
  6              Mixe.DG    3
  7         Ganj_Dareh_N    7
  8              Onge.DG    2
  9           Villabruna    1
 10           DevilsGate    4
 11                 aACA   32
jackknife block size:     0.050
snps: 234294  indivs: 122
number of blocks for block jackknife: 548
dof (jackknife):   467.079
numsnps used: 84380
f4info: 
f4rank: 0 dof:     16 chisq:  1424.054 tail:      1.09616897e-293 dofdiff:      0 chisqdiff:     0.000 taildiff:                    1

f4info: 
f4rank: 1 dof:      7 chisq:     7.477 tail:          0.380992457 dofdiff:      9 chisqdiff:  1416.578 taildiff:      2.02450571e-299
B:
          scale     1.000 
     Anatolia_N     0.418 
         Ami.DG    -2.113 
        Mixe.DG     0.270 
   Ganj_Dareh_N     0.292 
        Onge.DG     0.011 
     Villabruna     0.382 
     DevilsGate     0.302 
           aACA     1.722 
A:
          scale   726.691 
      Sherpa.LC     0.215 
            Dai    -1.398 

f4info: 
f4rank: 2 dof:      0 chisq:     0.000 tail:                    1 dofdiff:      7 chisqdiff:     7.477 taildiff:          0.380992457
B:
          scale     1.000     1.000 
     Anatolia_N     0.410     0.302 
         Ami.DG    -2.181     1.495 
        Mixe.DG     0.242     0.302 
   Ganj_Dareh_N     0.258     0.422 
        Onge.DG    -0.006    -0.073 
     Villabruna     0.401    -0.262 
     DevilsGate     0.220     1.635 
           aACA     1.656     1.631 
A:
          scale   721.537  4905.880 
      Sherpa.LC     0.179     1.403 
            Dai    -1.403     0.179 

## end of run
