/home/cliu7/utils/AdmixTools/bin/qpWave: parameter file: temp/param/qpAdm_Gongduk.Sherpa.LC.Pathan.par2w1wqsbj
### THE INPUT PARAMETERS
##PARAMETER NAME: VALUE
DIR: data/intermediate
S1: illumina_all_merged.qpAdm
indivname: data/intermediate/illumina_all_merged.qpAdm.grouped2.ind
snpname: data/intermediate/illumina_all_merged.qpAdm.snp
genotypename: data/intermediate/illumina_all_merged.qpAdm.geno
popleft: temp/param/left.2w1wqsbj
popright: temp/param/right.2w1wqsbj
details: YES
## qpWave version: 410
packed geno read OK
end of inpack

left pops:
Gongduk
Sherpa.LC
Pathan

right pops:
Mbuti
Anatolia_N
Ami.DG
Mixe.DG
Ganj_Dareh_N
Onge.DG
Villabruna
DevilsGate
aACA

  0              Gongduk   17
  1            Sherpa.LC    9
  2               Pathan   22
  3                Mbuti   13
  4           Anatolia_N   25
  5               Ami.DG    2
  6              Mixe.DG    3
  7         Ganj_Dareh_N    7
  8              Onge.DG    2
  9           Villabruna    1
 10           DevilsGate    4
 11                 aACA   32
jackknife block size:     0.050
snps: 234294  indivs: 137
number of blocks for block jackknife: 548
dof (jackknife):   465.627
numsnps used: 82374
f4info: 
f4rank: 0 dof:     16 chisq:  7445.248 tail:                    0 dofdiff:      0 chisqdiff:     0.000 taildiff:                    1

f4info: 
f4rank: 1 dof:      7 chisq:    49.424 tail:       1.87383707e-08 dofdiff:      9 chisqdiff:  7395.824 taildiff:                    0
B:
          scale     1.000 
     Anatolia_N    -0.559 
         Ami.DG     1.353 
        Mixe.DG     0.819 
   Ganj_Dareh_N    -0.583 
        Onge.DG     0.585 
     Villabruna    -0.408 
     DevilsGate     1.437 
           aACA     1.508 
A:
          scale   102.024 
      Sherpa.LC     0.044 
         Pathan    -1.414 

f4info: 
f4rank: 2 dof:      0 chisq:     0.000 tail:                    1 dofdiff:      7 chisqdiff:    49.424 taildiff:       1.87383707e-08
B:
          scale     1.000     1.000 
     Anatolia_N    -0.590     1.478 
         Ami.DG     1.358    -0.547 
        Mixe.DG     0.811     0.062 
   Ganj_Dareh_N    -0.620     1.317 
        Onge.DG     0.587     0.052 
     Villabruna    -0.437     1.194 
     DevilsGate     1.423     0.512 
           aACA     1.485     1.444 
A:
          scale   102.667  2225.530 
      Sherpa.LC     0.045     1.414 
         Pathan    -1.414     0.045 

## end of run
