/home/cliu7/utils/AdmixTools/bin/qpWave: parameter file: temp/param/qpAdm_Gongduk.Sherpa.LC.Pulliyar.parew0etaet
### THE INPUT PARAMETERS
##PARAMETER NAME: VALUE
DIR: data/intermediate
S1: illumina_all_merged.qpAdm
indivname: data/intermediate/illumina_all_merged.qpAdm.grouped2.ind
snpname: data/intermediate/illumina_all_merged.qpAdm.snp
genotypename: data/intermediate/illumina_all_merged.qpAdm.geno
popleft: temp/param/left.ew0etaet
popright: temp/param/right.ew0etaet
details: YES
## qpWave version: 410
packed geno read OK
end of inpack

left pops:
Gongduk
Sherpa.LC
Pulliyar

right pops:
Mbuti
Anatolia_N
Ami.DG
Mixe.DG
Ganj_Dareh_N
Onge.DG
Villabruna
DevilsGate
aACA

  0              Gongduk   17
  1            Sherpa.LC    9
  2             Pulliyar    5
  3                Mbuti   13
  4           Anatolia_N   25
  5               Ami.DG    2
  6              Mixe.DG    3
  7         Ganj_Dareh_N    7
  8              Onge.DG    2
  9           Villabruna    1
 10           DevilsGate    4
 11                 aACA   32
jackknife block size:     0.050
snps: 234294  indivs: 120
number of blocks for block jackknife: 548
dof (jackknife):   467.079
numsnps used: 84124
f4info: 
f4rank: 0 dof:     16 chisq:  3530.533 tail:                    0 dofdiff:      0 chisqdiff:     0.000 taildiff:                    1

f4info: 
f4rank: 1 dof:      7 chisq:    41.041 tail:       7.94934286e-07 dofdiff:      9 chisqdiff:  3489.492 taildiff:                    0
B:
          scale     1.000 
     Anatolia_N    -0.138 
         Ami.DG     1.347 
        Mixe.DG     1.023 
   Ganj_Dareh_N    -0.250 
        Onge.DG     0.310 
     Villabruna    -0.072 
     DevilsGate     1.568 
           aACA     1.581 
A:
          scale   134.946 
      Sherpa.LC     0.079 
       Pulliyar    -1.412 

f4info: 
f4rank: 2 dof:      0 chisq:     0.000 tail:                    1 dofdiff:      7 chisqdiff:    41.041 taildiff:       7.94934286e-07
B:
          scale     1.000     1.000 
     Anatolia_N    -0.166     1.434 
         Ami.DG     1.363    -0.938 
        Mixe.DG     1.025    -0.317 
   Ganj_Dareh_N    -0.291     1.348 
        Onge.DG     0.311     0.218 
     Villabruna    -0.108     1.164 
     DevilsGate     1.563     0.159 
           aACA     1.558     1.312 
A:
          scale   135.702  2674.119 
      Sherpa.LC     0.073     1.412 
       Pulliyar    -1.412     0.073 

## end of run
