/home/cliu7/utils/AdmixTools/bin/qpWave: parameter file: temp/param/qpAdm_Kurtop.Sherpa.LC.Han.partcuii2sp
### THE INPUT PARAMETERS
##PARAMETER NAME: VALUE
DIR: data/intermediate
S1: illumina_all_merged.qpAdm
indivname: data/intermediate/illumina_all_merged.qpAdm.grouped2.ind
snpname: data/intermediate/illumina_all_merged.qpAdm.snp
genotypename: data/intermediate/illumina_all_merged.qpAdm.geno
popleft: temp/param/left.tcuii2sp
popright: temp/param/right.tcuii2sp
details: YES
## qpWave version: 410
packed geno read OK
end of inpack

left pops:
Kurtop
Sherpa.LC
Han

right pops:
Mbuti
Anatolia_N
Ami.DG
Mixe.DG
Ganj_Dareh_N
Onge.DG
Villabruna
DevilsGate
aACA

  0               Kurtop   19
  1            Sherpa.LC    9
  2                  Han   44
  3                Mbuti   13
  4           Anatolia_N   25
  5               Ami.DG    2
  6              Mixe.DG    3
  7         Ganj_Dareh_N    7
  8              Onge.DG    2
  9           Villabruna    1
 10           DevilsGate    4
 11                 aACA   32
jackknife block size:     0.050
snps: 234294  indivs: 161
number of blocks for block jackknife: 548
dof (jackknife):   466.402
numsnps used: 83466
f4info: 
f4rank: 0 dof:     16 chisq:  1582.664 tail:                    0 dofdiff:      0 chisqdiff:     0.000 taildiff:                    1

f4info: 
f4rank: 1 dof:      7 chisq:    35.416 tail:       9.33978782e-06 dofdiff:      9 chisqdiff:  1547.248 taildiff:                    0
B:
          scale     1.000 
     Anatolia_N    -0.118 
         Ami.DG     2.413 
        Mixe.DG     0.631 
   Ganj_Dareh_N    -0.156 
        Onge.DG     0.259 
     Villabruna    -0.112 
     DevilsGate     1.065 
           aACA    -0.728 
A:
          scale   789.687 
      Sherpa.LC    -0.219 
            Han     1.397 

f4info: 
f4rank: 2 dof:      0 chisq:     0.000 tail:                    1 dofdiff:      7 chisqdiff:    35.416 taildiff:       9.33978782e-06
B:
          scale     1.000     1.000 
     Anatolia_N    -0.032     0.661 
         Ami.DG     2.377    -0.474 
        Mixe.DG     0.687     0.248 
   Ganj_Dareh_N    -0.063     0.477 
        Onge.DG     0.317     0.234 
     Villabruna     0.008     0.700 
     DevilsGate     1.282     1.331 
           aACA    -0.358     2.176 
A:
          scale   727.504  2192.044 
      Sherpa.LC     0.212     1.398 
            Han     1.398    -0.212 

## end of run
