/home/cliu7/utils/AdmixTools/bin/qpWave: parameter file: temp/param/qpAdm_Mangde.Sherpa.LC.Dai.pard5vlerii
### THE INPUT PARAMETERS
##PARAMETER NAME: VALUE
DIR: data/intermediate
S1: illumina_all_merged.qpAdm
indivname: data/intermediate/illumina_all_merged.qpAdm.grouped2.ind
snpname: data/intermediate/illumina_all_merged.qpAdm.snp
genotypename: data/intermediate/illumina_all_merged.qpAdm.geno
popleft: temp/param/left.d5vlerii
popright: temp/param/right.d5vlerii
details: YES
## qpWave version: 410
packed geno read OK
end of inpack

left pops:
Mangde
Sherpa.LC
Dai

right pops:
Mbuti
Anatolia_N
Ami.DG
Mixe.DG
Ganj_Dareh_N
Onge.DG
Villabruna
DevilsGate
aACA

  0               Mangde   18
  1            Sherpa.LC    9
  2                  Dai   10
  3                Mbuti   13
  4           Anatolia_N   25
  5               Ami.DG    2
  6              Mixe.DG    3
  7         Ganj_Dareh_N    7
  8              Onge.DG    2
  9           Villabruna    1
 10           DevilsGate    4
 11                 aACA   32
jackknife block size:     0.050
snps: 234294  indivs: 126
number of blocks for block jackknife: 548
dof (jackknife):   467.234
numsnps used: 84284
f4info: 
f4rank: 0 dof:     16 chisq:  1502.662 tail:      1.36014461e-310 dofdiff:      0 chisqdiff:     0.000 taildiff:                    1

f4info: 
f4rank: 1 dof:      7 chisq:    17.281 tail:         0.0156689003 dofdiff:      9 chisqdiff:  1485.380 taildiff:      2.74146276e-314
B:
          scale     1.000 
     Anatolia_N     0.355 
         Ami.DG    -2.239 
        Mixe.DG     0.194 
   Ganj_Dareh_N     0.164 
        Onge.DG    -0.134 
     Villabruna     0.337 
     DevilsGate     0.235 
           aACA     1.616 
A:
          scale   702.090 
      Sherpa.LC     0.163 
            Dai    -1.405 

f4info: 
f4rank: 2 dof:      0 chisq:     0.000 tail:                    1 dofdiff:      7 chisqdiff:    17.281 taildiff:         0.0156689003
B:
          scale     1.000     1.000 
     Anatolia_N    -0.326     0.470 
         Ami.DG     2.404     1.147 
        Mixe.DG    -0.084     0.705 
   Ganj_Dareh_N    -0.128     0.660 
        Onge.DG     0.224     0.737 
     Villabruna    -0.310     0.256 
     DevilsGate    -0.044     1.317 
           aACA    -1.394     1.785 
A:
          scale   684.372  2269.008 
      Sherpa.LC    -0.040     1.414 
            Dai     1.414     0.040 

## end of run
