/home/cliu7/utils/AdmixTools/bin/qpAdm: parameter file: temp/param/qpAdm_Mangde.Sherpa.LC.Han.par83l_bd66
### THE INPUT PARAMETERS
##PARAMETER NAME: VALUE
DIR: data/intermediate
S1: illumina_all_merged.qpAdm
indivname: data/intermediate/illumina_all_merged.qpAdm.grouped2.ind
snpname: data/intermediate/illumina_all_merged.qpAdm.snp
genotypename: data/intermediate/illumina_all_merged.qpAdm.geno
popleft: temp/param/left.83l_bd66
popright: temp/param/right.83l_bd66
details: YES
## qpAdm version: 810
seed: -724643765
packed geno read OK
end of inpack

left pops:
Mangde
Sherpa.LC
Han

right pops:
Mbuti
Anatolia_N
Ami.DG
Mixe.DG
Ganj_Dareh_N
Onge.DG
Villabruna
DevilsGate
aACA

  0               Mangde   18
  1            Sherpa.LC    9
  2                  Han   44
  3                Mbuti   13
  4           Anatolia_N   25
  5               Ami.DG    2
  6              Mixe.DG    3
  7         Ganj_Dareh_N    7
  8              Onge.DG    2
  9           Villabruna    1
 10           DevilsGate    4
 11                 aACA   32
jackknife block size:     0.050
snps: 234294  indivs: 160
number of blocks for block jackknife: 548
## ncols: 234294
coverage:               Mangde 234294
coverage:            Sherpa.LC 117394
coverage:                  Han 234294
coverage:                Mbuti 234294
coverage:           Anatolia_N 117047
coverage:               Ami.DG 228808
coverage:              Mixe.DG 228825
coverage:         Ganj_Dareh_N 104920
coverage:              Onge.DG 228703
coverage:           Villabruna  86810
coverage:           DevilsGate 117364
coverage:                 aACA 120350
dof (jackknife):   466.494
numsnps used: 83551
codimension 1
f4info: 
f4rank: 1 dof:      7 chisq:    22.454 tail:        0.00212064246 dofdiff:      9 chisqdiff:   -22.454 taildiff:                    1
B:
          scale     1.000 
     Anatolia_N    -0.154 
         Ami.DG     2.463 
        Mixe.DG     0.658 
   Ganj_Dareh_N    -0.081 
        Onge.DG     0.330 
     Villabruna    -0.184 
     DevilsGate     0.858 
           aACA    -0.770 
A:
          scale   791.507 
      Sherpa.LC    -0.183 
            Han     1.402 


full rank
f4info: 
f4rank: 2 dof:      0 chisq:     0.000 tail:                    1 dofdiff:      7 chisqdiff:    22.454 taildiff:        0.00212064246
B:
          scale     1.000     1.000 
     Anatolia_N    -0.121     0.559 
         Ami.DG     2.461    -1.208 
        Mixe.DG     0.704     0.066 
   Ganj_Dareh_N    -0.023     0.643 
        Onge.DG     0.400     0.329 
     Villabruna    -0.171     0.374 
     DevilsGate     0.987     0.431 
           aACA    -0.519     2.319 
A:
          scale   699.684  2246.811 
      Sherpa.LC     0.373     1.414 
            Han     1.364     0.025 


best coefficients:     0.885     0.115 
Jackknife mean:      0.883939641     0.116060359 
      std. errors:     0.033     0.033 

error covariance (* 1000000)
      1079      -1079 
     -1079       1079 


summ: Mangde    2      0.002121     0.884     0.116  1079 -1079  1079 

    fixed pat  wt  dof     chisq       tail prob
           00  0     7    22.454      0.00212064     0.885     0.115 
           01  1     8    33.043     6.04887e-05     1.000     0.000 
           10  1     8  1175.529               0     0.000     1.000 
best pat:           00       0.00212064              -  -
best pat:           01      6.04887e-05  chi(nested):    10.590 p-value for nested model:      0.00113732

coeffs:     0.885     0.115 

## dscore:: f_4(Base, Fit, Rbase, right2)
## genstat:: f_4(Base, Fit, right1, right2)

details:       Sherpa.LC      Anatolia_N     0.000315    1.335287
details:             Han      Anatolia_N    -0.000222   -1.331904
dscore:      Anatolia_N f4:     0.000253 Z:     1.167065

details:       Sherpa.LC          Ami.DG     0.000578    1.804068
details:             Han          Ami.DG     0.004797   20.993954
dscore:          Ami.DG f4:     0.001065 Z:     3.603043

details:       Sherpa.LC         Mixe.DG     0.000448    1.437652
details:             Han         Mixe.DG     0.001386    6.290250
dscore:         Mixe.DG f4:     0.000557 Z:     1.943822

details:       Sherpa.LC    Ganj_Dareh_N     0.000422    1.396227
details:             Han    Ganj_Dareh_N    -0.000029   -0.147029
dscore:    Ganj_Dareh_N f4:     0.000370 Z:     1.336339

details:       Sherpa.LC         Onge.DG     0.000450    1.502902
details:             Han         Onge.DG     0.000794    3.788560
dscore:         Onge.DG f4:     0.000490 Z:     1.785829

details:       Sherpa.LC      Villabruna     0.000179    0.489767
details:             Han      Villabruna    -0.000322   -1.273684
dscore:      Villabruna f4:     0.000121 Z:     0.362877

details:       Sherpa.LC      DevilsGate     0.000831    2.494829
details:             Han      DevilsGate     0.001943    7.926970
dscore:      DevilsGate f4:     0.000959 Z:     3.121273

details:       Sherpa.LC            aACA     0.001205    4.852071
details:             Han            aACA    -0.000975   -5.330464
dscore:            aACA f4:     0.000953 Z:     4.166759

gendstat:                Mbuti           Anatolia_N     1.167
gendstat:                Mbuti               Ami.DG     3.603
gendstat:                Mbuti              Mixe.DG     1.944
gendstat:                Mbuti         Ganj_Dareh_N     1.336
gendstat:                Mbuti              Onge.DG     1.786
gendstat:                Mbuti           Villabruna     0.363
gendstat:                Mbuti           DevilsGate     3.121
gendstat:                Mbuti                 aACA     4.167
gendstat:           Anatolia_N               Ami.DG     2.939
gendstat:           Anatolia_N              Mixe.DG     1.140
gendstat:           Anatolia_N         Ganj_Dareh_N     0.493
gendstat:           Anatolia_N              Onge.DG     0.914
gendstat:           Anatolia_N           Villabruna    -0.450
gendstat:           Anatolia_N           DevilsGate     2.412
gendstat:           Anatolia_N                 aACA     3.284
gendstat:               Ami.DG              Mixe.DG    -1.787
gendstat:               Ami.DG         Ganj_Dareh_N    -2.184
gendstat:               Ami.DG              Onge.DG    -1.924
gendstat:               Ami.DG           Villabruna    -2.503
gendstat:               Ami.DG           DevilsGate    -0.379
gendstat:               Ami.DG                 aACA    -0.514
gendstat:              Mixe.DG         Ganj_Dareh_N    -0.578
gendstat:              Mixe.DG              Onge.DG    -0.227
gendstat:              Mixe.DG           Villabruna    -1.135
gendstat:              Mixe.DG           DevilsGate     1.336
gendstat:              Mixe.DG                 aACA     1.724
gendstat:         Ganj_Dareh_N              Onge.DG     0.377
gendstat:         Ganj_Dareh_N           Villabruna    -0.689
gendstat:         Ganj_Dareh_N           DevilsGate     1.786
gendstat:         Ganj_Dareh_N                 aACA     2.128
gendstat:              Onge.DG           Villabruna    -0.999
gendstat:              Onge.DG           DevilsGate     1.465
gendstat:              Onge.DG                 aACA     1.949
gendstat:           Villabruna           DevilsGate     2.157
gendstat:           Villabruna                 aACA     2.519
gendstat:           DevilsGate                 aACA    -0.024

## end of run
