/home/cliu7/utils/AdmixTools/bin/qpAdm: parameter file: temp/param/qpAdm_Monpa.Sherpa.LC.Pathan.par56m4_2wu
### THE INPUT PARAMETERS
##PARAMETER NAME: VALUE
DIR: data/intermediate
S1: illumina_all_merged.qpAdm
indivname: data/intermediate/illumina_all_merged.qpAdm.grouped2.ind
snpname: data/intermediate/illumina_all_merged.qpAdm.snp
genotypename: data/intermediate/illumina_all_merged.qpAdm.geno
popleft: temp/param/left.56m4_2wu
popright: temp/param/right.56m4_2wu
details: YES
## qpAdm version: 810
seed: 513177202
packed geno read OK
end of inpack

left pops:
Monpa
Sherpa.LC
Pathan

right pops:
Mbuti
Anatolia_N
Ami.DG
Mixe.DG
Ganj_Dareh_N
Onge.DG
Villabruna
DevilsGate
aACA

  0                Monpa   20
  1            Sherpa.LC    9
  2               Pathan   22
  3                Mbuti   13
  4           Anatolia_N   25
  5               Ami.DG    2
  6              Mixe.DG    3
  7         Ganj_Dareh_N    7
  8              Onge.DG    2
  9           Villabruna    1
 10           DevilsGate    4
 11                 aACA   32
jackknife block size:     0.050
snps: 234294  indivs: 140
number of blocks for block jackknife: 548
## ncols: 234294
coverage:                Monpa 234294
coverage:            Sherpa.LC 117394
coverage:               Pathan 234294
coverage:                Mbuti 234294
coverage:           Anatolia_N 117047
coverage:               Ami.DG 228808
coverage:              Mixe.DG 228825
coverage:         Ganj_Dareh_N 104920
coverage:              Onge.DG 228703
coverage:           Villabruna  86810
coverage:           DevilsGate 117364
coverage:                 aACA 120350
dof (jackknife):   465.588
numsnps used: 82352
codimension 1
f4info: 
f4rank: 1 dof:      7 chisq:    38.020 tail:       3.00396744e-06 dofdiff:      9 chisqdiff:   -38.020 taildiff:                    1
B:
          scale     1.000 
     Anatolia_N    -0.552 
         Ami.DG     1.346 
        Mixe.DG     0.814 
   Ganj_Dareh_N    -0.592 
        Onge.DG     0.579 
     Villabruna    -0.395 
     DevilsGate     1.444 
           aACA     1.515 
A:
          scale   101.664 
      Sherpa.LC     0.036 
         Pathan    -1.414 


full rank
f4info: 
f4rank: 2 dof:      0 chisq:     0.000 tail:                    1 dofdiff:      7 chisqdiff:    38.020 taildiff:       3.00396744e-06
B:
          scale     1.000     1.000 
     Anatolia_N    -0.558     0.523 
         Ami.DG     1.347    -1.144 
        Mixe.DG     0.809    -0.171 
   Ganj_Dareh_N    -0.602     0.973 
        Onge.DG     0.579    -0.150 
     Villabruna    -0.400    -0.310 
     DevilsGate     1.438     0.333 
           aACA     1.515     2.283 
A:
          scale   101.453  3254.669 
      Sherpa.LC     0.012     1.290 
         Pathan    -1.414     0.580 


best coefficients:     0.975     0.025 
Jackknife mean:      0.974984027     0.025015973 
      std. errors:     0.008     0.008 

error covariance (* 1000000)
        65        -65 
       -65         65 


summ: Monpa    2      0.000003     0.975     0.025    65   -65    65 

    fixed pat  wt  dof     chisq       tail prob
           00  0     7    38.020     3.00397e-06     0.975     0.025 
           01  1     8    46.899     1.60271e-07     1.000    -0.000 
           10  1     8  6282.551               0     0.000     1.000 
best pat:           00      3.00397e-06              -  -
best pat:           01      1.60271e-07  chi(nested):     8.879 p-value for nested model:      0.00288405

coeffs:     0.975     0.025 

## dscore:: f_4(Base, Fit, Rbase, right2)
## genstat:: f_4(Base, Fit, right1, right2)

details:       Sherpa.LC      Anatolia_N     0.000566    1.956294
details:          Pathan      Anatolia_N     0.008037   24.610521
dscore:      Anatolia_N f4:     0.000754 Z:     2.642865

details:       Sherpa.LC          Ami.DG     0.000106    0.299932
details:          Pathan          Ami.DG    -0.018848  -41.863626
dscore:          Ami.DG f4:    -0.000369 Z:    -1.056849

details:       Sherpa.LC         Mixe.DG     0.000494    1.435603
details:          Pathan         Mixe.DG    -0.011071  -22.750451
dscore:         Mixe.DG f4:     0.000204 Z:     0.600049

details:       Sherpa.LC    Ganj_Dareh_N     0.000834    2.430047
details:          Pathan    Ganj_Dareh_N     0.008830   21.895573
dscore:    Ganj_Dareh_N f4:     0.001035 Z:     3.059773

details:       Sherpa.LC         Onge.DG     0.000367    1.063544
details:          Pathan         Onge.DG    -0.008001  -18.315228
dscore:         Onge.DG f4:     0.000157 Z:     0.461533

details:       Sherpa.LC      Villabruna     0.000194    0.440996
details:          Pathan      Villabruna     0.005667   10.768071
dscore:      Villabruna f4:     0.000331 Z:     0.765767

details:       Sherpa.LC      DevilsGate     0.000787    2.090840
details:          Pathan      DevilsGate    -0.019745  -42.692379
dscore:      DevilsGate f4:     0.000272 Z:     0.732664

details:       Sherpa.LC            aACA     0.001405    5.025987
details:          Pathan            aACA    -0.020579  -52.595977
dscore:            aACA f4:     0.000854 Z:     3.090348

gendstat:                Mbuti           Anatolia_N     2.643
gendstat:                Mbuti               Ami.DG    -1.057
gendstat:                Mbuti              Mixe.DG     0.600
gendstat:                Mbuti         Ganj_Dareh_N     3.060
gendstat:                Mbuti              Onge.DG     0.462
gendstat:                Mbuti           Villabruna     0.766
gendstat:                Mbuti           DevilsGate     0.733
gendstat:                Mbuti                 aACA     3.090
gendstat:           Anatolia_N               Ami.DG    -3.379
gendstat:           Anatolia_N              Mixe.DG    -1.703
gendstat:           Anatolia_N         Ganj_Dareh_N     0.943
gendstat:           Anatolia_N              Onge.DG    -1.820
gendstat:           Anatolia_N           Villabruna    -1.148
gendstat:           Anatolia_N           DevilsGate    -1.383
gendstat:           Anatolia_N                 aACA     0.375
gendstat:               Ami.DG              Mixe.DG     1.673
gendstat:               Ami.DG         Ganj_Dareh_N     3.701
gendstat:               Ami.DG              Onge.DG     1.464
gendstat:               Ami.DG           Villabruna     1.512
gendstat:               Ami.DG           DevilsGate     1.960
gendstat:               Ami.DG                 aACA     4.536
gendstat:              Mixe.DG         Ganj_Dareh_N     2.227
gendstat:              Mixe.DG              Onge.DG    -0.126
gendstat:              Mixe.DG           Villabruna     0.275
gendstat:              Mixe.DG           DevilsGate     0.190
gendstat:              Mixe.DG                 aACA     2.371
gendstat:         Ganj_Dareh_N              Onge.DG    -2.227
gendstat:         Ganj_Dareh_N           Villabruna    -1.590
gendstat:         Ganj_Dareh_N           DevilsGate    -1.836
gendstat:         Ganj_Dareh_N                 aACA    -0.544
gendstat:              Onge.DG           Villabruna     0.380
gendstat:              Onge.DG           DevilsGate     0.295
gendstat:              Onge.DG                 aACA     2.258
gendstat:           Villabruna           DevilsGate    -0.126
gendstat:           Villabruna                 aACA     1.254
gendstat:           DevilsGate                 aACA     1.970

## end of run
