/home/cliu7/utils/AdmixTools/bin/qpWave: parameter file: temp/param/qpAdm_Tshangla.Sherpa.LC.Han.par77jgx67s
### THE INPUT PARAMETERS
##PARAMETER NAME: VALUE
DIR: data/intermediate
S1: illumina_all_merged.qpAdm
indivname: data/intermediate/illumina_all_merged.qpAdm.grouped2.ind
snpname: data/intermediate/illumina_all_merged.qpAdm.snp
genotypename: data/intermediate/illumina_all_merged.qpAdm.geno
popleft: temp/param/left.77jgx67s
popright: temp/param/right.77jgx67s
details: YES
## qpWave version: 410
packed geno read OK
end of inpack

left pops:
Tshangla
Sherpa.LC
Han

right pops:
Mbuti
Anatolia_N
Ami.DG
Mixe.DG
Ganj_Dareh_N
Onge.DG
Villabruna
DevilsGate
aACA

  0             Tshangla   19
  1            Sherpa.LC    9
  2                  Han   44
  3                Mbuti   13
  4           Anatolia_N   25
  5               Ami.DG    2
  6              Mixe.DG    3
  7         Ganj_Dareh_N    7
  8              Onge.DG    2
  9           Villabruna    1
 10           DevilsGate    4
 11                 aACA   32
jackknife block size:     0.050
snps: 234294  indivs: 161
number of blocks for block jackknife: 548
dof (jackknife):   466.380
numsnps used: 83471
f4info: 
f4rank: 0 dof:     16 chisq:  1732.614 tail:                    0 dofdiff:      0 chisqdiff:     0.000 taildiff:                    1

f4info: 
f4rank: 1 dof:      7 chisq:    33.487 tail:       2.14778052e-05 dofdiff:      9 chisqdiff:  1699.127 taildiff:                    0
B:
          scale     1.000 
     Anatolia_N    -0.148 
         Ami.DG     2.460 
        Mixe.DG     0.612 
   Ganj_Dareh_N    -0.109 
        Onge.DG     0.294 
     Villabruna    -0.153 
     DevilsGate     0.962 
           aACA    -0.710 
A:
          scale   821.738 
      Sherpa.LC    -0.311 
            Han     1.380 

f4info: 
f4rank: 2 dof:      0 chisq:     0.000 tail:                    1 dofdiff:      7 chisqdiff:    33.487 taildiff:       2.14778052e-05
B:
          scale     1.000     1.000 
     Anatolia_N    -0.051     0.678 
         Ami.DG     2.433    -0.280 
        Mixe.DG     0.669     0.258 
   Ganj_Dareh_N    -0.004     0.667 
        Onge.DG     0.356     0.369 
     Villabruna    -0.069     0.581 
     DevilsGate     1.153     1.198 
           aACA    -0.412     2.246 
A:
          scale   781.542  2281.430 
      Sherpa.LC     0.113     1.410 
            Han     1.410    -0.113 

## end of run
