/home/cliu7/utils/AdmixTools/bin/qpWave: parameter file: temp/param/qpAdm_Gurung.Naga.UpperMustang.LC.paru9fbv1_p
### THE INPUT PARAMETERS
##PARAMETER NAME: VALUE
DIR: data/intermediate
S1: HO_all_merged.qpAdm
indivname: data/intermediate/HO_all_merged.qpAdm.grouped.ind
snpname: data/intermediate/HO_all_merged.qpAdm.snp
genotypename: data/intermediate/HO_all_merged.qpAdm.geno
popleft: temp/param/left.u9fbv1_p
popright: temp/param/right.u9fbv1_p
details: YES
## qpWave version: 410
packed geno read OK
end of inpack

left pops:
Gurung
Naga
UpperMustang.LC

right pops:
Mbuti
Anatolia_N
Ami
Mixe
Ganj_Dareh_N
Onge
Villabruna
DevilsGate
Sherpa.LC

  0               Gurung    5
  1                 Naga    6
  2      UpperMustang.LC   11
  3                Mbuti   10
  4           Anatolia_N   25
  5                  Ami   10
  6                 Mixe   10
  7         Ganj_Dareh_N    7
  8                 Onge   12
  9           Villabruna    1
 10           DevilsGate    4
 11            Sherpa.LC    9
jackknife block size:     0.050
snps: 498990  indivs: 110
number of blocks for block jackknife: 710
dof (jackknife):   583.507
numsnps used: 424646
f4info: 
f4rank: 0 dof:     16 chisq:   342.367 tail:       4.03436777e-63 dofdiff:      0 chisqdiff:     0.000 taildiff:                    1

f4info: 
f4rank: 1 dof:      7 chisq:   151.953 tail:       1.57852415e-29 dofdiff:      9 chisqdiff:   190.414 taildiff:       3.37243814e-36
B:
          scale     1.000 
     Anatolia_N    -0.295 
            Ami     1.613 
           Mixe     0.999 
   Ganj_Dareh_N    -0.557 
           Onge     0.262 
     Villabruna     0.170 
     DevilsGate     1.500 
      Sherpa.LC     1.287 
A:
          scale  1162.042 
           Naga     1.261 
UpperMustang.LC     0.641 

f4info: 
f4rank: 2 dof:      0 chisq:     0.000 tail:                    1 dofdiff:      7 chisqdiff:   151.953 taildiff:       1.57852415e-29
B:
          scale     1.000     1.000 
     Anatolia_N    -0.290     0.061 
            Ami     1.407     1.353 
           Mixe     0.936     0.626 
   Ganj_Dareh_N    -0.571     0.749 
           Onge     0.183     0.992 
     Villabruna     0.189    -0.463 
     DevilsGate     1.539     0.516 
      Sherpa.LC     1.515    -1.936 
A:
          scale  1106.373  4211.667 
           Naga     1.264     0.634 
UpperMustang.LC     0.634    -1.264 

## end of run
