/home/cliu7/utils/AdmixTools/bin/qpAdm: parameter file: temp/param/qpAdm_Gurung.Naga.Lubrak.par7gnd64l0
### THE INPUT PARAMETERS
##PARAMETER NAME: VALUE
DIR: data/intermediate
S1: HO_all_merged.qpAdm
indivname: data/intermediate/HO_all_merged.qpAdm.grouped.ind
snpname: data/intermediate/HO_all_merged.qpAdm.snp
genotypename: data/intermediate/HO_all_merged.qpAdm.geno
popleft: temp/param/left.7gnd64l0
popright: temp/param/right.7gnd64l0
details: YES
## qpAdm version: 810
seed: -766054474
packed geno read OK
end of inpack

left pops:
Gurung
Naga
Lubrak

right pops:
Mbuti
Anatolia_N
Ami
Mixe
Ganj_Dareh_N
Onge
Villabruna
DevilsGate
Sherpa.LC

  0               Gurung    5
  1                 Naga    6
  2               Lubrak    2
  3                Mbuti   10
  4           Anatolia_N   25
  5                  Ami   10
  6                 Mixe   10
  7         Ganj_Dareh_N    7
  8                 Onge   12
  9           Villabruna    1
 10           DevilsGate    4
 11            Sherpa.LC    9
jackknife block size:     0.050
snps: 498990  indivs: 101
number of blocks for block jackknife: 710
## ncols: 498990
coverage:               Gurung 498036
coverage:                 Naga 498990
coverage:               Lubrak 327444
coverage:                Mbuti 498990
coverage:           Anatolia_N 498137
coverage:                  Ami 498990
coverage:                 Mixe 498990
coverage:         Ganj_Dareh_N 457128
coverage:                 Onge 498990
coverage:           Villabruna 415230
coverage:           DevilsGate 498716
coverage:            Sherpa.LC 498990
dof (jackknife):   583.316
numsnps used: 308737
codimension 1
f4info: 
f4rank: 1 dof:      7 chisq:    94.742 tail:       1.31027769e-17 dofdiff:      9 chisqdiff:   -94.742 taildiff:                    1
B:
          scale     1.000 
     Anatolia_N    -0.188 
            Ami     1.475 
           Mixe     1.026 
   Ganj_Dareh_N    -0.322 
           Onge     0.180 
     Villabruna     0.260 
     DevilsGate     1.607 
      Sherpa.LC     1.397 
A:
          scale   942.556 
           Naga     1.082 
         Lubrak     0.910 


full rank
f4info: 
f4rank: 2 dof:      0 chisq:     0.000 tail:                    1 dofdiff:      7 chisqdiff:    94.742 taildiff:       1.31027769e-17
B:
          scale     1.000     1.000 
     Anatolia_N    -0.170     0.497 
            Ami     1.177    -1.611 
           Mixe     0.782    -0.991 
   Ganj_Dareh_N    -0.324     0.580 
           Onge     0.137    -0.513 
     Villabruna     0.384     0.931 
     DevilsGate     1.666    -0.086 
      Sherpa.LC     1.711     1.644 
A:
          scale   901.929  3204.864 
           Naga     1.004    -0.956 
         Lubrak     0.996     1.042 


best coefficients:    -5.291     6.291 
Jackknife mean:     18.149457941   -17.149457941 
      std. errors:    11.776    11.776 

error covariance (* 1000000)
 138670318 -138670318 
-138670318  138670318 


summ: Gurung    2      0.000000    18.149   -17.149 138670318 -138670318 138670318 

    fixed pat  wt  dof     chisq       tail prob
           00  0     7    94.742     1.31028e-17    -5.291     6.291  infeasible
           01  1     8   187.727               0     1.000     0.000 
           10  1     8   124.198     4.49744e-23     0.000     1.000 
best pat:           00      1.31028e-17              -  -
best pat:           10      4.49744e-23  chi(nested):    29.457 p-value for nested model:     5.71836e-08

coeffs:    -5.291     6.291 

## dscore:: f_4(Base, Fit, Rbase, right2)
## genstat:: f_4(Base, Fit, right1, right2)

details:            Naga      Anatolia_N    -0.000334   -2.073923
details:          Lubrak      Anatolia_N    -0.000014   -0.052362
dscore:      Anatolia_N f4:     0.001680 Z:     0.995585

details:            Naga             Ami     0.001795    9.299549
details:          Lubrak             Ami     0.000790    2.575848
dscore:             Ami f4:    -0.004532 Z:    -2.436657

details:            Naga            Mixe     0.001171    5.681974
details:          Lubrak            Mixe     0.000551    1.704626
dscore:            Mixe f4:    -0.002728 Z:    -1.354024

details:            Naga    Ganj_Dareh_N    -0.000531   -2.742245
details:          Lubrak    Ganj_Dareh_N    -0.000158   -0.485542
dscore:    Ganj_Dareh_N f4:     0.001818 Z:     0.882719

details:            Naga            Onge     0.000310    1.576748
details:          Lubrak            Onge    -0.000006   -0.020309
dscore:            Onge f4:    -0.001677 Z:    -0.848974

details:            Naga      Villabruna     0.000152    0.567302
details:          Lubrak      Villabruna     0.000748    1.738304
dscore:      Villabruna f4:     0.003899 Z:     1.492441

details:            Naga      DevilsGate     0.001887    7.871009
details:          Lubrak      DevilsGate     0.001827    5.051117
dscore:      DevilsGate f4:     0.001509 Z:     0.652398

details:            Naga       Sherpa.LC     0.001419    7.540004
details:          Lubrak       Sherpa.LC     0.002437    7.811003
dscore:       Sherpa.LC f4:     0.007820 Z:     4.110449

gendstat:                Mbuti           Anatolia_N     0.996
gendstat:                Mbuti                  Ami    -2.437
gendstat:                Mbuti                 Mixe    -1.354
gendstat:                Mbuti         Ganj_Dareh_N     0.883
gendstat:                Mbuti                 Onge    -0.849
gendstat:                Mbuti           Villabruna     1.492
gendstat:                Mbuti           DevilsGate     0.652
gendstat:                Mbuti            Sherpa.LC     4.110
gendstat:           Anatolia_N                  Ami    -3.780
gendstat:           Anatolia_N                 Mixe    -2.365
gendstat:           Anatolia_N         Ganj_Dareh_N     0.082
gendstat:           Anatolia_N                 Onge    -1.910
gendstat:           Anatolia_N           Villabruna     0.991
gendstat:           Anatolia_N           DevilsGate    -0.080
gendstat:           Anatolia_N            Sherpa.LC     3.720
gendstat:                  Ami                 Mixe     1.130
gendstat:                  Ami         Ganj_Dareh_N     3.089
gendstat:                  Ami                 Onge     1.610
gendstat:                  Ami           Villabruna     3.304
gendstat:                  Ami           DevilsGate     3.131
gendstat:                  Ami            Sherpa.LC     9.169
gendstat:                 Mixe         Ganj_Dareh_N     2.008
gendstat:                 Mixe                 Onge     0.535
gendstat:                 Mixe           Villabruna     2.464
gendstat:                 Mixe           DevilsGate     2.020
gendstat:                 Mixe            Sherpa.LC     6.252
gendstat:         Ganj_Dareh_N                 Onge    -1.624
gendstat:         Ganj_Dareh_N           Villabruna     0.774
gendstat:         Ganj_Dareh_N           DevilsGate    -0.123
gendstat:         Ganj_Dareh_N            Sherpa.LC     2.841
gendstat:                 Onge           Villabruna     2.117
gendstat:                 Onge           DevilsGate     1.411
gendstat:                 Onge            Sherpa.LC     5.175
gendstat:           Villabruna           DevilsGate    -0.816
gendstat:           Villabruna            Sherpa.LC     1.508
gendstat:           DevilsGate            Sherpa.LC     3.286

## end of run
