/home/cliu7/utils/AdmixTools/bin/qpWave: parameter file: temp/param/qpAdm_Gurung.Yi.Mala.paru33vlft3
### THE INPUT PARAMETERS
##PARAMETER NAME: VALUE
DIR: data/intermediate
S1: HO_all_merged.qpAdm
indivname: data/intermediate/HO_all_merged.qpAdm.grouped.ind
snpname: data/intermediate/HO_all_merged.qpAdm.snp
genotypename: data/intermediate/HO_all_merged.qpAdm.geno
popleft: temp/param/left.u33vlft3
popright: temp/param/right.u33vlft3
details: YES
## qpWave version: 410
packed geno read OK
end of inpack

left pops:
Gurung
Yi
Mala

right pops:
Mbuti
Anatolia_N
Ami
Mixe
Ganj_Dareh_N
Onge
Villabruna
DevilsGate
Sherpa.LC

  0               Gurung    5
  1                   Yi    8
  2                 Mala   11
  3                Mbuti   10
  4           Anatolia_N   25
  5                  Ami   10
  6                 Mixe   10
  7         Ganj_Dareh_N    7
  8                 Onge   12
  9           Villabruna    1
 10           DevilsGate    4
 11            Sherpa.LC    9
jackknife block size:     0.050
snps: 498990  indivs: 112
number of blocks for block jackknife: 710
dof (jackknife):   583.333
numsnps used: 418284
f4info: 
f4rank: 0 dof:     16 chisq:  6340.854 tail:                    0 dofdiff:      0 chisqdiff:     0.000 taildiff:                    1

f4info: 
f4rank: 1 dof:      7 chisq:   145.839 tail:       3.03270732e-28 dofdiff:      9 chisqdiff:  6195.015 taildiff:                    0
B:
          scale     1.000 
     Anatolia_N    -0.253 
            Ami     1.491 
           Mixe     0.951 
   Ganj_Dareh_N    -0.372 
           Onge     0.372 
     Villabruna    -0.125 
     DevilsGate     1.509 
      Sherpa.LC     1.497 
A:
          scale   191.665 
             Yi     0.221 
           Mala    -1.397 

f4info: 
f4rank: 2 dof:      0 chisq:     0.000 tail:                    1 dofdiff:      7 chisqdiff:   145.839 taildiff:       3.03270732e-28
B:
          scale     1.000     1.000 
     Anatolia_N    -0.277     0.300 
            Ami     1.431     2.158 
           Mixe     0.956     0.022 
   Ganj_Dareh_N    -0.395     0.351 
           Onge     0.358    -0.014 
     Villabruna    -0.163     0.006 
     DevilsGate     1.495    -0.091 
      Sherpa.LC     1.554    -1.766 
A:
          scale   193.918  3296.273 
             Yi     0.234     1.395 
           Mala    -1.395     0.234 

## end of run
