/home/cliu7/utils/AdmixTools/bin/qpAdm: parameter file: temp/param/qpAdm_Gurung.Yi.Mala.paru33vlft3
### THE INPUT PARAMETERS
##PARAMETER NAME: VALUE
DIR: data/intermediate
S1: HO_all_merged.qpAdm
indivname: data/intermediate/HO_all_merged.qpAdm.grouped.ind
snpname: data/intermediate/HO_all_merged.qpAdm.snp
genotypename: data/intermediate/HO_all_merged.qpAdm.geno
popleft: temp/param/left.u33vlft3
popright: temp/param/right.u33vlft3
details: YES
## qpAdm version: 810
seed: 1123029012
packed geno read OK
end of inpack

left pops:
Gurung
Yi
Mala

right pops:
Mbuti
Anatolia_N
Ami
Mixe
Ganj_Dareh_N
Onge
Villabruna
DevilsGate
Sherpa.LC

  0               Gurung    5
  1                   Yi    8
  2                 Mala   11
  3                Mbuti   10
  4           Anatolia_N   25
  5                  Ami   10
  6                 Mixe   10
  7         Ganj_Dareh_N    7
  8                 Onge   12
  9           Villabruna    1
 10           DevilsGate    4
 11            Sherpa.LC    9
jackknife block size:     0.050
snps: 498990  indivs: 112
number of blocks for block jackknife: 710
## ncols: 498990
coverage:               Gurung 498036
coverage:                   Yi 498990
coverage:                 Mala 498990
coverage:                Mbuti 498990
coverage:           Anatolia_N 498137
coverage:                  Ami 498990
coverage:                 Mixe 498990
coverage:         Ganj_Dareh_N 457128
coverage:                 Onge 498990
coverage:           Villabruna 415230
coverage:           DevilsGate 498716
coverage:            Sherpa.LC 498990
dof (jackknife):   583.333
numsnps used: 418284
codimension 1
f4info: 
f4rank: 1 dof:      7 chisq:   143.648 tail:       8.73777649e-28 dofdiff:      9 chisqdiff:  -143.648 taildiff:                    1
B:
          scale     1.000 
     Anatolia_N    -0.258 
            Ami     1.490 
           Mixe     0.949 
   Ganj_Dareh_N    -0.377 
           Onge     0.368 
     Villabruna    -0.129 
     DevilsGate     1.508 
      Sherpa.LC     1.499 
A:
          scale   192.205 
             Yi     0.221 
           Mala    -1.397 


full rank
f4info: 
f4rank: 2 dof:      0 chisq:     0.000 tail:                    1 dofdiff:      7 chisqdiff:   143.648 taildiff:       8.73777649e-28
B:
          scale     1.000     1.000 
     Anatolia_N    -0.271     0.274 
            Ami     1.487     2.018 
           Mixe     0.954    -0.079 
   Ganj_Dareh_N    -0.389     0.313 
           Onge     0.356    -0.075 
     Villabruna    -0.161    -0.039 
     DevilsGate     1.494    -0.212 
      Sherpa.LC     1.507    -1.923 
A:
          scale   194.892  3018.224 
             Yi     0.241     1.177 
           Mala    -1.394     0.785 


best coefficients:     0.864     0.136 
Jackknife mean:      0.863646069     0.136353931 
      std. errors:     0.009     0.009 

error covariance (* 1000000)
        76        -76 
       -76         76 


summ: Gurung    2      0.000000     0.864     0.136    76   -76    76 

    fixed pat  wt  dof     chisq       tail prob
           00  0     7   143.648     8.73778e-28     0.864     0.136 
           01  1     8   365.991               0     1.000    -0.000 
           10  1     8  4524.495               0     0.000     1.000 
best pat:           00      8.73778e-28              -  -
best pat:           01      3.48606e-74  chi(nested):   222.343 p-value for nested model:     2.78862e-50

coeffs:     0.864     0.136 

## dscore:: f_4(Base, Fit, Rbase, right2)
## genstat:: f_4(Base, Fit, right1, right2)

details:              Yi      Anatolia_N    -0.000207   -1.462736
details:            Mala      Anatolia_N     0.002012    9.869363
dscore:      Anatolia_N f4:     0.000095 Z:     0.702743

details:              Yi             Ami     0.002643   15.165078
details:            Mala             Ami    -0.010139  -41.429477
dscore:             Ami f4:     0.000900 Z:     5.418525

details:              Yi            Mixe     0.001165    6.424838
details:            Mala            Mixe    -0.006877  -26.588139
dscore:            Mixe f4:     0.000069 Z:     0.396848

details:              Yi    Ganj_Dareh_N    -0.000329   -1.895249
details:            Mala    Ganj_Dareh_N     0.002868   12.169758
dscore:    Ganj_Dareh_N f4:     0.000107 Z:     0.646236

details:              Yi            Onge     0.000426    2.456651
details:            Mala            Onge    -0.002574  -11.278854
dscore:            Onge f4:     0.000017 Z:     0.104311

details:              Yi      Villabruna    -0.000194   -0.850612
details:            Mala      Villabruna     0.001172    3.827781
dscore:      Villabruna f4:    -0.000008 Z:    -0.037391

details:              Yi      DevilsGate     0.001768    8.845995
details:            Mala      DevilsGate    -0.010760  -38.649472
dscore:      DevilsGate f4:     0.000060 Z:     0.315062

details:              Yi       Sherpa.LC     0.001130    6.662499
details:            Mala       Sherpa.LC    -0.011300  -47.750628
dscore:       Sherpa.LC f4:    -0.000564 Z:    -3.484212

gendstat:                Mbuti           Anatolia_N     0.703
gendstat:                Mbuti                  Ami     5.419
gendstat:                Mbuti                 Mixe     0.397
gendstat:                Mbuti         Ganj_Dareh_N     0.646
gendstat:                Mbuti                 Onge     0.104
gendstat:                Mbuti           Villabruna    -0.037
gendstat:                Mbuti           DevilsGate     0.315
gendstat:                Mbuti            Sherpa.LC    -3.484
gendstat:           Anatolia_N                  Ami     5.234
gendstat:           Anatolia_N                 Mixe    -0.167
gendstat:           Anatolia_N         Ganj_Dareh_N     0.082
gendstat:           Anatolia_N                 Onge    -0.505
gendstat:           Anatolia_N           Villabruna    -0.560
gendstat:           Anatolia_N           DevilsGate    -0.189
gendstat:           Anatolia_N            Sherpa.LC    -4.375
gendstat:                  Ami                 Mixe    -5.496
gendstat:                  Ami         Ganj_Dareh_N    -4.318
gendstat:                  Ami                 Onge    -5.387
gendstat:                  Ami           Villabruna    -3.959
gendstat:                  Ami           DevilsGate    -5.394
gendstat:                  Ami            Sherpa.LC   -11.873
gendstat:                 Mixe         Ganj_Dareh_N     0.196
gendstat:                 Mixe                 Onge    -0.292
gendstat:                 Mixe           Villabruna    -0.327
gendstat:                 Mixe           DevilsGate    -0.045
gendstat:                 Mixe            Sherpa.LC    -4.199
gendstat:         Ganj_Dareh_N                 Onge    -0.485
gendstat:         Ganj_Dareh_N           Villabruna    -0.510
gendstat:         Ganj_Dareh_N           DevilsGate    -0.222
gendstat:         Ganj_Dareh_N            Sherpa.LC    -3.786
gendstat:                 Onge           Villabruna    -0.112
gendstat:                 Onge           DevilsGate     0.220
gendstat:                 Onge            Sherpa.LC    -3.592
gendstat:           Villabruna           DevilsGate     0.282
gendstat:           Villabruna            Sherpa.LC    -2.448
gendstat:           DevilsGate            Sherpa.LC    -3.944

## end of run
