/home/cliu7/utils/AdmixTools/bin/qpAdm: parameter file: temp/param/qpAdm_Gurung.Naga.Rhirhi.parpkd970g7
### THE INPUT PARAMETERS
##PARAMETER NAME: VALUE
DIR: data/intermediate
S1: HO_all_merged.qpAdm
indivname: data/intermediate/HO_all_merged.qpAdm.grouped.ind
snpname: data/intermediate/HO_all_merged.qpAdm.snp
genotypename: data/intermediate/HO_all_merged.qpAdm.geno
popleft: temp/param/left.pkd970g7
popright: temp/param/right.pkd970g7
details: YES
## qpAdm version: 810
seed: 1292273619
packed geno read OK
end of inpack

left pops:
Gurung
Naga
Rhirhi

right pops:
Mbuti
Anatolia_N
Ami
Mixe
Ganj_Dareh_N
Onge
Villabruna
DevilsGate
Sherpa.LC

  0               Gurung    5
  1                 Naga    6
  2               Rhirhi    4
  3                Mbuti   10
  4           Anatolia_N   25
  5                  Ami   10
  6                 Mixe   10
  7         Ganj_Dareh_N    7
  8                 Onge   12
  9           Villabruna    1
 10           DevilsGate    4
 11            Sherpa.LC    9
jackknife block size:     0.050
snps: 498990  indivs: 103
number of blocks for block jackknife: 710
## ncols: 498990
coverage:               Gurung 498036
coverage:                 Naga 498990
coverage:               Rhirhi 489694
coverage:                Mbuti 498990
coverage:           Anatolia_N 498137
coverage:                  Ami 498990
coverage:                 Mixe 498990
coverage:         Ganj_Dareh_N 457128
coverage:                 Onge 498990
coverage:           Villabruna 415230
coverage:           DevilsGate 498716
coverage:            Sherpa.LC 498990
dof (jackknife):   583.515
numsnps used: 422750
codimension 1
f4info: 
f4rank: 1 dof:      7 chisq:    78.749 tail:       2.47767926e-14 dofdiff:      9 chisqdiff:   -78.749 taildiff:                    1
B:
          scale     1.000 
     Anatolia_N    -0.251 
            Ami     1.699 
           Mixe     1.186 
   Ganj_Dareh_N    -0.409 
           Onge     0.436 
     Villabruna    -0.095 
     DevilsGate     1.460 
      Sherpa.LC     1.072 
A:
          scale  1293.360 
           Naga     1.413 
         Rhirhi     0.055 


full rank
f4info: 
f4rank: 2 dof:      0 chisq:     0.000 tail:                    1 dofdiff:      7 chisqdiff:    78.749 taildiff:       2.47767926e-14
B:
          scale     1.000     1.000 
     Anatolia_N    -0.312     0.305 
            Ami     1.460     1.496 
           Mixe     0.935     0.980 
   Ganj_Dareh_N    -0.534     0.733 
           Onge     0.212     1.192 
     Villabruna     0.211    -1.116 
     DevilsGate     1.649    -0.591 
      Sherpa.LC     1.343    -1.075 
A:
          scale  1201.173  2970.467 
           Naga     1.372     0.275 
         Rhirhi     0.342    -1.387 


best coefficients:    -0.040     1.040 
Jackknife mean:     -0.019086083     1.019086083 
      std. errors:     0.191     0.191 

error covariance (* 1000000)
     36486     -36486 
    -36486      36486 


summ: Gurung    2      0.000000    -0.019     1.019 36486 -36486 36486 

    fixed pat  wt  dof     chisq       tail prob
           00  0     7    78.749     2.47768e-14    -0.040     1.040  infeasible
           01  1     8   198.364               0     1.000    -0.000 
           10  1     8    78.540     9.61441e-14     0.000     1.000 
best pat:           00      2.47768e-14              -  -
best pat:           10      9.61441e-14  chi(nested):    -0.209 p-value for nested model:            -nan

coeffs:    -0.040     1.040 

## dscore:: f_4(Base, Fit, Rbase, right2)
## genstat:: f_4(Base, Fit, right1, right2)

details:            Naga      Anatolia_N    -0.000324   -2.058836
details:          Rhirhi      Anatolia_N    -0.000233   -1.144637
dscore:      Anatolia_N f4:    -0.000229 Z:    -1.094935

details:            Naga             Ami     0.001812    9.833288
details:          Rhirhi             Ami    -0.000283   -1.165194
dscore:             Ami f4:    -0.000368 Z:    -1.471342

details:            Naga            Mixe     0.001163    5.932859
details:          Rhirhi            Mixe    -0.000193   -0.741609
dscore:            Mixe f4:    -0.000247 Z:    -0.925187

details:            Naga    Ganj_Dareh_N    -0.000538   -2.910682
details:          Rhirhi    Ganj_Dareh_N    -0.000498   -1.894870
dscore:    Ganj_Dareh_N f4:    -0.000496 Z:    -1.832921

details:            Naga            Onge     0.000356    1.889191
details:          Rhirhi            Onge    -0.000500   -2.066959
dscore:            Onge f4:    -0.000535 Z:    -2.147247

details:            Naga      Villabruna     0.000143    0.564859
details:          Rhirhi      Villabruna     0.000587    1.778433
dscore:      Villabruna f4:     0.000605 Z:     1.785941

details:            Naga      DevilsGate     0.001836    8.029756
details:          Rhirhi      DevilsGate     0.000747    2.517409
dscore:      DevilsGate f4:     0.000703 Z:     2.303532

details:            Naga       Sherpa.LC     0.001439    7.871983
details:          Rhirhi       Sherpa.LC     0.000881    3.596278
dscore:       Sherpa.LC f4:     0.000859 Z:     3.406132

gendstat:                Mbuti           Anatolia_N    -1.095
gendstat:                Mbuti                  Ami    -1.471
gendstat:                Mbuti                 Mixe    -0.925
gendstat:                Mbuti         Ganj_Dareh_N    -1.833
gendstat:                Mbuti                 Onge    -2.147
gendstat:                Mbuti           Villabruna     1.786
gendstat:                Mbuti           DevilsGate     2.304
gendstat:                Mbuti            Sherpa.LC     3.406
gendstat:           Anatolia_N                  Ami    -0.604
gendstat:           Anatolia_N                 Mixe    -0.075
gendstat:           Anatolia_N         Ganj_Dareh_N    -1.232
gendstat:           Anatolia_N                 Onge    -1.250
gendstat:           Anatolia_N           Villabruna     2.890
gendstat:           Anatolia_N           DevilsGate     3.212
gendstat:           Anatolia_N            Sherpa.LC     4.788
gendstat:                  Ami                 Mixe     0.574
gendstat:                  Ami         Ganj_Dareh_N    -0.471
gendstat:                  Ami                 Onge    -0.642
gendstat:                  Ami           Villabruna     2.815
gendstat:                  Ami           DevilsGate     4.389
gendstat:                  Ami            Sherpa.LC     6.737
gendstat:                 Mixe         Ganj_Dareh_N    -0.843
gendstat:                 Mixe                 Onge    -1.010
gendstat:                 Mixe           Villabruna     2.439
gendstat:                 Mixe           DevilsGate     3.527
gendstat:                 Mixe            Sherpa.LC     5.183
gendstat:         Ganj_Dareh_N                 Onge    -0.131
gendstat:         Ganj_Dareh_N           Villabruna     3.219
gendstat:         Ganj_Dareh_N           DevilsGate     3.582
gendstat:         Ganj_Dareh_N            Sherpa.LC     5.022
gendstat:                 Onge           Villabruna     3.214
gendstat:                 Onge           DevilsGate     3.783
gendstat:                 Onge            Sherpa.LC     5.342
gendstat:           Villabruna           DevilsGate     0.256
gendstat:           Villabruna            Sherpa.LC     0.750
gendstat:           DevilsGate            Sherpa.LC     0.633

## end of run
