/home/cliu7/utils/AdmixTools/bin/qpAdm: parameter file: temp/param/qpAdm_Gurung.Naga.Samdzong.parnky9lygo
### THE INPUT PARAMETERS
##PARAMETER NAME: VALUE
DIR: data/intermediate
S1: HO_all_merged.qpAdm
indivname: data/intermediate/HO_all_merged.qpAdm.grouped.ind
snpname: data/intermediate/HO_all_merged.qpAdm.snp
genotypename: data/intermediate/HO_all_merged.qpAdm.geno
popleft: temp/param/left.nky9lygo
popright: temp/param/right.nky9lygo
details: YES
## qpAdm version: 810
seed: 285822539
packed geno read OK
end of inpack

left pops:
Gurung
Naga
Samdzong

right pops:
Mbuti
Anatolia_N
Ami
Mixe
Ganj_Dareh_N
Onge
Villabruna
DevilsGate
Sherpa.LC

  0               Gurung    5
  1                 Naga    6
  2             Samdzong    9
  3                Mbuti   10
  4           Anatolia_N   25
  5                  Ami   10
  6                 Mixe   10
  7         Ganj_Dareh_N    7
  8                 Onge   12
  9           Villabruna    1
 10           DevilsGate    4
 11            Sherpa.LC    9
jackknife block size:     0.050
snps: 498990  indivs: 108
number of blocks for block jackknife: 710
## ncols: 498990
coverage:               Gurung 498036
coverage:                 Naga 498990
coverage:             Samdzong 498985
coverage:                Mbuti 498990
coverage:           Anatolia_N 498137
coverage:                  Ami 498990
coverage:                 Mixe 498990
coverage:         Ganj_Dareh_N 457128
coverage:                 Onge 498990
coverage:           Villabruna 415230
coverage:           DevilsGate 498716
coverage:            Sherpa.LC 498990
dof (jackknife):   583.446
numsnps used: 425177
codimension 1
f4info: 
f4rank: 1 dof:      7 chisq:   151.285 tail:       2.18118271e-29 dofdiff:      9 chisqdiff:  -151.285 taildiff:                    1
B:
          scale     1.000 
     Anatolia_N    -0.225 
            Ami     1.747 
           Mixe     1.125 
   Ganj_Dareh_N    -0.347 
           Onge     0.526 
     Villabruna     0.114 
     DevilsGate     1.563 
      Sherpa.LC     0.882 
A:
          scale  1379.600 
           Naga     1.413 
       Samdzong     0.059 


full rank
f4info: 
f4rank: 2 dof:      0 chisq:     0.000 tail:                    1 dofdiff:      7 chisqdiff:   151.285 taildiff:       2.18118271e-29
B:
          scale     1.000     1.000 
     Anatolia_N    -0.254    -0.253 
            Ami     1.397     1.461 
           Mixe     0.919     0.769 
   Ganj_Dareh_N    -0.559     0.637 
           Onge     0.195     0.901 
     Villabruna     0.138    -0.103 
     DevilsGate     1.574     0.247 
      Sherpa.LC     1.514    -1.980 
A:
          scale  1147.779  3528.222 
           Naga     1.305     0.516 
       Samdzong     0.544    -1.317 


best coefficients:    -0.043     1.043 
Jackknife mean:     -0.053818830     1.053818830 
      std. errors:     0.526     0.526 

error covariance (* 1000000)
    276466    -276466 
   -276466     276466 


summ: Gurung    2      0.000000    -0.054     1.054 276466 -276466 276466 

    fixed pat  wt  dof     chisq       tail prob
           00  0     7   151.285     2.18118e-29    -0.043     1.043  infeasible
           01  1     8   198.327               0     1.000    -0.000 
           10  1     8   150.595     1.47323e-28     0.000     1.000 
best pat:           00      2.18118e-29              -  -
best pat:           10      1.47323e-28  chi(nested):    -0.689 p-value for nested model:            -nan

coeffs:    -0.043     1.043 

## dscore:: f_4(Base, Fit, Rbase, right2)
## genstat:: f_4(Base, Fit, right1, right2)

details:            Naga      Anatolia_N    -0.000322   -2.052269
details:        Samdzong      Anatolia_N    -0.000026   -0.161975
dscore:      Anatolia_N f4:    -0.000014 Z:    -0.081064

details:            Naga             Ami     0.001809    9.828912
details:        Samdzong             Ami     0.000119    0.620760
dscore:             Ami f4:     0.000046 Z:     0.232633

details:            Naga            Mixe     0.001163    5.932446
details:        Samdzong            Mixe     0.000149    0.741117
dscore:            Mixe f4:     0.000105 Z:     0.510233

details:            Naga    Ganj_Dareh_N    -0.000539   -2.925363
details:        Samdzong    Ganj_Dareh_N    -0.000505   -2.719637
dscore:    Ganj_Dareh_N f4:    -0.000503 Z:    -2.644127

details:            Naga            Onge     0.000358    1.905625
details:        Samdzong            Onge    -0.000244   -1.232306
dscore:            Onge f4:    -0.000270 Z:    -1.334078

details:            Naga      Villabruna     0.000146    0.577856
details:        Samdzong      Villabruna     0.000104    0.387762
dscore:      Villabruna f4:     0.000102 Z:     0.371733

details:            Naga      DevilsGate     0.001834    8.042350
details:        Samdzong      DevilsGate     0.000656    2.950818
dscore:      DevilsGate f4:     0.000605 Z:     2.655758

details:            Naga       Sherpa.LC     0.001438    7.875172
details:        Samdzong       Sherpa.LC     0.001458    7.692501
dscore:       Sherpa.LC f4:     0.001459 Z:     7.514593

gendstat:                Mbuti           Anatolia_N    -0.081
gendstat:                Mbuti                  Ami     0.233
gendstat:                Mbuti                 Mixe     0.510
gendstat:                Mbuti         Ganj_Dareh_N    -2.644
gendstat:                Mbuti                 Onge    -1.334
gendstat:                Mbuti           Villabruna     0.372
gendstat:                Mbuti           DevilsGate     2.656
gendstat:                Mbuti            Sherpa.LC     7.515
gendstat:           Anatolia_N                  Ami     0.325
gendstat:           Anatolia_N                 Mixe     0.605
gendstat:           Anatolia_N         Ganj_Dareh_N    -2.979
gendstat:           Anatolia_N                 Onge    -1.339
gendstat:           Anatolia_N           Villabruna     0.489
gendstat:           Anatolia_N           DevilsGate     2.773
gendstat:           Anatolia_N            Sherpa.LC     7.977
gendstat:                  Ami                 Mixe     0.332
gendstat:                  Ami         Ganj_Dareh_N    -2.597
gendstat:                  Ami                 Onge    -1.664
gendstat:                  Ami           Villabruna     0.198
gendstat:                  Ami           DevilsGate     2.936
gendstat:                  Ami            Sherpa.LC     9.691
gendstat:                 Mixe         Ganj_Dareh_N    -2.704
gendstat:                 Mixe                 Onge    -1.747
gendstat:                 Mixe           Villabruna    -0.010
gendstat:                 Mixe           DevilsGate     2.233
gendstat:                 Mixe            Sherpa.LC     7.305
gendstat:         Ganj_Dareh_N                 Onge     1.067
gendstat:         Ganj_Dareh_N           Villabruna     2.212
gendstat:         Ganj_Dareh_N           DevilsGate     4.344
gendstat:         Ganj_Dareh_N            Sherpa.LC     9.102
gendstat:                 Onge           Villabruna     1.302
gendstat:                 Onge           DevilsGate     3.669
gendstat:                 Onge            Sherpa.LC     9.230
gendstat:           Villabruna           DevilsGate     1.646
gendstat:           Villabruna            Sherpa.LC     4.754
gendstat:           DevilsGate            Sherpa.LC     4.382

## end of run
