/home/cliu7/utils/AdmixTools/bin/qpWave: parameter file: temp/param/qpAdm_Naga.Gurung.Kyang.parhd82wwn1
### THE INPUT PARAMETERS
##PARAMETER NAME: VALUE
DIR: data/intermediate
S1: HO_all_merged.qpAdm
indivname: data/intermediate/HO_all_merged.qpAdm.grouped.ind
snpname: data/intermediate/HO_all_merged.qpAdm.snp
genotypename: data/intermediate/HO_all_merged.qpAdm.geno
popleft: temp/param/left.hd82wwn1
popright: temp/param/right.hd82wwn1
details: YES
## qpWave version: 410
packed geno read OK
end of inpack

left pops:
Naga
Gurung
Kyang

right pops:
Mbuti
Anatolia_N
Ami
Mixe
Ganj_Dareh_N
Onge
Villabruna
DevilsGate
Sherpa.LC

  0                 Naga    6
  1               Gurung    5
  2                Kyang    7
  3                Mbuti   10
  4           Anatolia_N   25
  5                  Ami   10
  6                 Mixe   10
  7         Ganj_Dareh_N    7
  8                 Onge   12
  9           Villabruna    1
 10           DevilsGate    4
 11            Sherpa.LC    9
jackknife block size:     0.050
snps: 498990  indivs: 106
number of blocks for block jackknife: 710
dof (jackknife):   583.386
numsnps used: 425362
f4info: 
f4rank: 0 dof:     16 chisq:   395.558 tail:       3.10437105e-74 dofdiff:      0 chisqdiff:     0.000 taildiff:                    1

f4info: 
f4rank: 1 dof:      7 chisq:   185.202 tail:       1.55077946e-36 dofdiff:      9 chisqdiff:   210.356 taildiff:       2.22530874e-40
B:
          scale     1.000 
     Anatolia_N    -0.112 
            Ami     2.054 
           Mixe     1.243 
   Ganj_Dareh_N    -0.073 
           Onge     0.559 
     Villabruna    -0.229 
     DevilsGate     1.358 
      Sherpa.LC     0.099 
A:
          scale  1332.908 
         Gurung    -0.706 
          Kyang    -1.225 

f4info: 
f4rank: 2 dof:      0 chisq:     0.000 tail:                    1 dofdiff:      7 chisqdiff:   185.202 taildiff:       1.55077946e-36
B:
          scale     1.000     1.000 
     Anatolia_N    -0.292     0.032 
            Ami     1.831    -1.101 
           Mixe     1.125    -0.453 
   Ganj_Dareh_N    -0.335    -0.698 
           Onge     0.400    -0.400 
     Villabruna    -0.010     0.680 
     DevilsGate     1.544     0.404 
      Sherpa.LC     0.801     2.304 
A:
          scale  1060.970  3252.810 
         Gurung    -1.196    -0.755 
          Kyang    -0.755     1.196 

## end of run
