/home/cliu7/utils/AdmixTools/bin/qpWave: parameter file: temp/param/qpAdm_Naga.Yi.Rhirhi.partvici7qy
### THE INPUT PARAMETERS
##PARAMETER NAME: VALUE
DIR: data/intermediate
S1: HO_all_merged.qpAdm
indivname: data/intermediate/HO_all_merged.qpAdm.grouped.ind
snpname: data/intermediate/HO_all_merged.qpAdm.snp
genotypename: data/intermediate/HO_all_merged.qpAdm.geno
popleft: temp/param/left.tvici7qy
popright: temp/param/right.tvici7qy
details: YES
## qpWave version: 410
packed geno read OK
end of inpack

left pops:
Naga
Yi
Rhirhi

right pops:
Mbuti
Anatolia_N
Ami
Mixe
Ganj_Dareh_N
Onge
Villabruna
DevilsGate
Sherpa.LC

  0                 Naga    6
  1                   Yi    8
  2               Rhirhi    4
  3                Mbuti   10
  4           Anatolia_N   25
  5                  Ami   10
  6                 Mixe   10
  7         Ganj_Dareh_N    7
  8                 Onge   12
  9           Villabruna    1
 10           DevilsGate    4
 11            Sherpa.LC    9
jackknife block size:     0.050
snps: 498990  indivs: 106
number of blocks for block jackknife: 710
dof (jackknife):   583.327
numsnps used: 422727
f4info: 
f4rank: 0 dof:     16 chisq:   340.857 tail:       8.32464869e-63 dofdiff:      0 chisqdiff:     0.000 taildiff:                    1

f4info: 
f4rank: 1 dof:      7 chisq:    24.104 tail:        0.00109237686 dofdiff:      9 chisqdiff:   316.753 taildiff:       7.25987631e-63
B:
          scale     1.000 
     Anatolia_N     0.054 
            Ami     2.341 
           Mixe     1.001 
   Ganj_Dareh_N     0.230 
           Onge     0.699 
     Villabruna    -0.698 
     DevilsGate     0.695 
      Sherpa.LC     0.042 
A:
          scale  1617.824 
             Yi     0.658 
         Rhirhi    -1.252 

f4info: 
f4rank: 2 dof:      0 chisq:     0.000 tail:                    1 dofdiff:      7 chisqdiff:    24.104 taildiff:        0.00109237686
B:
          scale     1.000     1.000 
     Anatolia_N    -0.064    -0.461 
            Ami     2.086    -1.386 
           Mixe     1.258     0.969 
   Ganj_Dareh_N     0.002    -0.783 
           Onge     0.804     0.351 
     Villabruna    -0.471     0.847 
     DevilsGate     0.989     1.067 
      Sherpa.LC     0.463     1.528 
A:
          scale  1334.937  5040.226 
             Yi     0.262    -1.390 
         Rhirhi    -1.390    -0.262 

## end of run
