/home/cliu7/utils/AdmixTools/bin/qpWave: parameter file: temp/param/qpAdm_Naga.Yi.Pulliyar.paredd2d3lb
### THE INPUT PARAMETERS
##PARAMETER NAME: VALUE
DIR: data/intermediate
S1: HO_all_merged.qpAdm
indivname: data/intermediate/HO_all_merged.qpAdm.grouped.ind
snpname: data/intermediate/HO_all_merged.qpAdm.snp
genotypename: data/intermediate/HO_all_merged.qpAdm.geno
popleft: temp/param/left.edd2d3lb
popright: temp/param/right.edd2d3lb
details: YES
## qpWave version: 410
packed geno read OK
end of inpack

left pops:
Naga
Yi
Pulliyar

right pops:
Mbuti
Anatolia_N
Ami
Mixe
Ganj_Dareh_N
Onge
Villabruna
DevilsGate
Sherpa.LC

  0                 Naga    6
  1                   Yi    8
  2             Pulliyar   35
  3                Mbuti   10
  4           Anatolia_N   25
  5                  Ami   10
  6                 Mixe   10
  7         Ganj_Dareh_N    7
  8                 Onge   12
  9           Villabruna    1
 10           DevilsGate    4
 11            Sherpa.LC    9
jackknife block size:     0.050
snps: 498990  indivs: 137
number of blocks for block jackknife: 710
dof (jackknife):   584.939
numsnps used: 389697
f4info: 
f4rank: 0 dof:     16 chisq:  5904.585 tail:                    0 dofdiff:      0 chisqdiff:     0.000 taildiff:                    1

f4info: 
f4rank: 1 dof:      7 chisq:    95.128 tail:       1.09087617e-17 dofdiff:      9 chisqdiff:  5809.457 taildiff:                    0
B:
          scale     1.000 
     Anatolia_N    -0.177 
            Ami     1.492 
           Mixe     1.004 
   Ganj_Dareh_N    -0.280 
           Onge     0.300 
     Villabruna    -0.079 
     DevilsGate     1.510 
      Sherpa.LC     1.509 
A:
          scale   169.325 
             Yi     0.004 
       Pulliyar    -1.414 

f4info: 
f4rank: 2 dof:      0 chisq:     0.000 tail:                    1 dofdiff:      7 chisqdiff:    95.128 taildiff:       1.09087617e-17
B:
          scale     1.000     1.000 
     Anatolia_N    -0.199     0.371 
            Ami     1.433     2.140 
           Mixe     1.015    -0.256 
   Ganj_Dareh_N    -0.324     0.719 
           Onge     0.281     0.172 
     Villabruna    -0.082    -0.998 
     DevilsGate     1.524    -0.538 
      Sherpa.LC     1.538    -1.177 
A:
          scale   171.920  4104.313 
             Yi     0.009     1.414 
       Pulliyar    -1.414     0.009 

## end of run
