/home/cliu7/utils/AdmixTools/bin/qpWave: parameter file: temp/param/qpAdm_Naga.Yi.Pathan.parxjet0un8
### THE INPUT PARAMETERS
##PARAMETER NAME: VALUE
DIR: data/intermediate
S1: HO_all_merged.qpAdm
indivname: data/intermediate/HO_all_merged.qpAdm.grouped.ind
snpname: data/intermediate/HO_all_merged.qpAdm.snp
genotypename: data/intermediate/HO_all_merged.qpAdm.geno
popleft: temp/param/left.xjet0un8
popright: temp/param/right.xjet0un8
details: YES
## qpWave version: 410
packed geno read OK
end of inpack

left pops:
Naga
Yi
Pathan

right pops:
Mbuti
Anatolia_N
Ami
Mixe
Ganj_Dareh_N
Onge
Villabruna
DevilsGate
Sherpa.LC

  0                 Naga    6
  1                   Yi    8
  2               Pathan   18
  3                Mbuti   10
  4           Anatolia_N   25
  5                  Ami   10
  6                 Mixe   10
  7         Ganj_Dareh_N    7
  8                 Onge   12
  9           Villabruna    1
 10           DevilsGate    4
 11            Sherpa.LC    9
jackknife block size:     0.050
snps: 498990  indivs: 120
number of blocks for block jackknife: 710
dof (jackknife):   583.335
numsnps used: 416441
f4info: 
f4rank: 0 dof:     16 chisq:  8590.772 tail:                    0 dofdiff:      0 chisqdiff:     0.000 taildiff:                    1

f4info: 
f4rank: 1 dof:      7 chisq:    97.767 tail:       3.11755734e-18 dofdiff:      9 chisqdiff:  8493.005 taildiff:                    0
B:
          scale     1.000 
     Anatolia_N    -0.573 
            Ami     1.442 
           Mixe     0.811 
   Ganj_Dareh_N    -0.582 
           Onge     0.594 
     Villabruna    -0.426 
     DevilsGate     1.425 
      Sherpa.LC     1.425 
A:
          scale   135.858 
             Yi     0.001 
         Pathan    -1.414 

f4info: 
f4rank: 2 dof:      0 chisq:     0.000 tail:                    1 dofdiff:      7 chisqdiff:    97.767 taildiff:       3.11755734e-18
B:
          scale     1.000     1.000 
     Anatolia_N    -0.593     0.457 
            Ami     1.393     2.134 
           Mixe     0.815    -0.191 
   Ganj_Dareh_N    -0.619     0.762 
           Onge     0.581     0.089 
     Villabruna    -0.427    -0.919 
     DevilsGate     1.434    -0.528 
      Sherpa.LC     1.444    -1.220 
A:
          scale   136.788  4140.187 
             Yi     0.008     1.414 
         Pathan    -1.414     0.008 

## end of run
