/home/cliu7/utils/AdmixTools/bin/qpWave: parameter file: temp/param/qpAdm_Tamang.Naga.Pathan.parkmuko282
### THE INPUT PARAMETERS
##PARAMETER NAME: VALUE
DIR: data/intermediate
S1: HO_all_merged.qpAdm
indivname: data/intermediate/HO_all_merged.qpAdm.grouped.ind
snpname: data/intermediate/HO_all_merged.qpAdm.snp
genotypename: data/intermediate/HO_all_merged.qpAdm.geno
popleft: temp/param/left.kmuko282
popright: temp/param/right.kmuko282
details: YES
## qpWave version: 410
packed geno read OK
end of inpack

left pops:
Tamang
Naga
Pathan

right pops:
Mbuti
Anatolia_N
Ami
Mixe
Ganj_Dareh_N
Onge
Villabruna
DevilsGate
Sherpa.LC

  0               Tamang    7
  1                 Naga    6
  2               Pathan   18
  3                Mbuti   10
  4           Anatolia_N   25
  5                  Ami   10
  6                 Mixe   10
  7         Ganj_Dareh_N    7
  8                 Onge   12
  9           Villabruna    1
 10           DevilsGate    4
 11            Sherpa.LC    9
jackknife block size:     0.050
snps: 498990  indivs: 119
number of blocks for block jackknife: 710
dof (jackknife):   583.374
numsnps used: 415875
f4info: 
f4rank: 0 dof:     16 chisq:  8357.810 tail:                    0 dofdiff:      0 chisqdiff:     0.000 taildiff:                    1

f4info: 
f4rank: 1 dof:      7 chisq:    70.664 tail:       1.08480505e-12 dofdiff:      9 chisqdiff:  8287.147 taildiff:                    0
B:
          scale     1.000 
     Anatolia_N    -0.624 
            Ami     1.371 
           Mixe     0.798 
   Ganj_Dareh_N    -0.639 
           Onge     0.599 
     Villabruna    -0.455 
     DevilsGate     1.416 
      Sherpa.LC     1.455 
A:
          scale   161.175 
           Naga     0.276 
         Pathan    -1.387 

f4info: 
f4rank: 2 dof:      0 chisq:     0.000 tail:                    1 dofdiff:      7 chisqdiff:    70.664 taildiff:       1.08480505e-12
B:
          scale     1.000     1.000 
     Anatolia_N    -0.642     1.317 
            Ami     1.360     0.900 
           Mixe     0.774     1.115 
   Ganj_Dareh_N    -0.660     1.079 
           Onge     0.616    -0.925 
     Villabruna    -0.472     1.191 
     DevilsGate     1.405     0.802 
      Sherpa.LC     1.459    -0.360 
A:
          scale   164.126  2749.365 
           Naga     0.319     1.378 
         Pathan    -1.378     0.319 

## end of run
