/home/cliu7/utils/AdmixTools/bin/qpWave: parameter file: temp/param/qpAdm_Tamang.Naga.Rhirhi.parl4nv74yl
### THE INPUT PARAMETERS
##PARAMETER NAME: VALUE
DIR: data/intermediate
S1: HO_all_merged.qpAdm
indivname: data/intermediate/HO_all_merged.qpAdm.grouped.ind
snpname: data/intermediate/HO_all_merged.qpAdm.snp
genotypename: data/intermediate/HO_all_merged.qpAdm.geno
popleft: temp/param/left.l4nv74yl
popright: temp/param/right.l4nv74yl
details: YES
## qpWave version: 410
packed geno read OK
end of inpack

left pops:
Tamang
Naga
Rhirhi

right pops:
Mbuti
Anatolia_N
Ami
Mixe
Ganj_Dareh_N
Onge
Villabruna
DevilsGate
Sherpa.LC

  0               Tamang    7
  1                 Naga    6
  2               Rhirhi    4
  3                Mbuti   10
  4           Anatolia_N   25
  5                  Ami   10
  6                 Mixe   10
  7         Ganj_Dareh_N    7
  8                 Onge   12
  9           Villabruna    1
 10           DevilsGate    4
 11            Sherpa.LC    9
jackknife block size:     0.050
snps: 498990  indivs: 105
number of blocks for block jackknife: 710
dof (jackknife):   583.417
numsnps used: 420866
f4info: 
f4rank: 0 dof:     16 chisq:   712.647 tail:      2.62843595e-141 dofdiff:      0 chisqdiff:     0.000 taildiff:                    1

f4info: 
f4rank: 1 dof:      7 chisq:    92.514 tail:       3.76468445e-17 dofdiff:      9 chisqdiff:   620.133 taildiff:      9.98198165e-128
B:
          scale     1.000 
     Anatolia_N    -0.329 
            Ami     1.509 
           Mixe     0.990 
   Ganj_Dareh_N    -0.379 
           Onge     0.334 
     Villabruna    -0.170 
     DevilsGate     1.613 
      Sherpa.LC     1.323 
A:
          scale   632.361 
           Naga     1.232 
         Rhirhi     0.694 

f4info: 
f4rank: 2 dof:      0 chisq:     0.000 tail:                    1 dofdiff:      7 chisqdiff:    92.514 taildiff:       3.76468445e-17
B:
          scale     1.000     1.000 
     Anatolia_N    -0.327     0.366 
            Ami     1.395     1.576 
           Mixe     0.941     0.958 
   Ganj_Dareh_N    -0.436     0.636 
           Onge     0.254     1.161 
     Villabruna    -0.098    -0.655 
     DevilsGate     1.629    -0.655 
      Sherpa.LC     1.464    -1.361 
A:
          scale   631.036  3511.494 
           Naga     1.241     0.679 
         Rhirhi     0.679    -1.241 

## end of run
