/home/cliu7/utils/AdmixTools/bin/qpAdm: parameter file: temp/param/qpAdm_Tamang.Naga.Chokhopani.parsi3udwbw
### THE INPUT PARAMETERS
##PARAMETER NAME: VALUE
DIR: data/intermediate
S1: HO_all_merged.qpAdm
indivname: data/intermediate/HO_all_merged.qpAdm.grouped.ind
snpname: data/intermediate/HO_all_merged.qpAdm.snp
genotypename: data/intermediate/HO_all_merged.qpAdm.geno
popleft: temp/param/left.si3udwbw
popright: temp/param/right.si3udwbw
details: YES
## qpAdm version: 810
seed: -31548202
packed geno read OK
end of inpack

left pops:
Tamang
Naga
Chokhopani

right pops:
Mbuti
Anatolia_N
Ami
Mixe
Ganj_Dareh_N
Onge
Villabruna
DevilsGate
Sherpa.LC

  0               Tamang    7
  1                 Naga    6
  2           Chokhopani    2
  3                Mbuti   10
  4           Anatolia_N   25
  5                  Ami   10
  6                 Mixe   10
  7         Ganj_Dareh_N    7
  8                 Onge   12
  9           Villabruna    1
 10           DevilsGate    4
 11            Sherpa.LC    9
jackknife block size:     0.050
snps: 498990  indivs: 103
number of blocks for block jackknife: 710
## ncols: 498990
coverage:               Tamang 498036
coverage:                 Naga 498990
coverage:           Chokhopani 498917
coverage:                Mbuti 498990
coverage:           Anatolia_N 498137
coverage:                  Ami 498990
coverage:                 Mixe 498990
coverage:         Ganj_Dareh_N 457128
coverage:                 Onge 498990
coverage:           Villabruna 415230
coverage:           DevilsGate 498716
coverage:            Sherpa.LC 498990
dof (jackknife):   583.289
numsnps used: 424978
codimension 1
f4info: 
f4rank: 1 dof:      7 chisq:    43.117 tail:       3.16615619e-07 dofdiff:      9 chisqdiff:   -43.117 taildiff:                    1
B:
          scale     1.000 
     Anatolia_N    -0.246 
            Ami     1.503 
           Mixe     0.990 
   Ganj_Dareh_N    -0.371 
           Onge     0.397 
     Villabruna    -0.138 
     DevilsGate     1.587 
      Sherpa.LC     1.366 
A:
          scale   582.316 
           Naga     1.152 
     Chokhopani     0.820 


full rank
f4info: 
f4rank: 2 dof:      0 chisq:     0.000 tail:                    1 dofdiff:      7 chisqdiff:    43.117 taildiff:       3.16615619e-07
B:
          scale     1.000     1.000 
     Anatolia_N    -0.324     0.459 
            Ami     1.469     1.218 
           Mixe     0.954     1.200 
   Ganj_Dareh_N    -0.419     0.733 
           Onge     0.389    -0.503 
     Villabruna    -0.247     1.408 
     DevilsGate     1.570    -0.178 
      Sherpa.LC     1.406    -1.435 
A:
          scale   597.485  4519.866 
           Naga     1.169     0.522 
     Chokhopani     0.796    -1.314 


best coefficients:    -2.467     3.467 
Jackknife mean:     -2.295430028     3.295430028 
      std. errors:     0.731     0.731 

error covariance (* 1000000)
    533655    -533655 
   -533655     533655 


summ: Tamang    2      0.000000    -2.295     3.295 533655 -533655 533655 

    fixed pat  wt  dof     chisq       tail prob
           00  0     7    43.117     3.16616e-07    -2.467     3.467  infeasible
           01  1     8   614.139               0     1.000     0.000 
           10  1     8   179.791               0     0.000     1.000 
best pat:           00      3.16616e-07              -  -
best pat:           10      1.13916e-34  chi(nested):   136.673 p-value for nested model:     1.42142e-31

coeffs:    -2.467     3.467 

## dscore:: f_4(Base, Fit, Rbase, right2)
## genstat:: f_4(Base, Fit, right1, right2)

details:            Naga      Anatolia_N    -0.000574   -3.668155
details:      Chokhopani      Anatolia_N    -0.000604   -2.774154
dscore:      Anatolia_N f4:    -0.000678 Z:    -0.927750

details:            Naga             Ami     0.003024   16.635142
details:      Chokhopani             Ami     0.001584    6.418321
dscore:             Ami f4:    -0.001970 Z:    -2.349234

details:            Naga            Mixe     0.002017   10.701322
details:      Chokhopani            Mixe     0.000894    3.311428
dscore:            Mixe f4:    -0.001877 Z:    -2.146167

details:            Naga    Ganj_Dareh_N    -0.000724   -4.018975
details:      Chokhopani    Ganj_Dareh_N    -0.000814   -3.007934
dscore:    Ganj_Dareh_N f4:    -0.001035 Z:    -1.147305

details:            Naga            Onge     0.000716    3.898325
details:      Chokhopani            Onge     0.000634    2.537407
dscore:            Onge f4:     0.000431 Z:     0.503857

details:            Naga      Villabruna    -0.000313   -1.327325
details:      Chokhopani      Villabruna    -0.000809   -2.389870
dscore:      Villabruna f4:    -0.002034 Z:    -1.864489

details:            Naga      DevilsGate     0.003063   14.330404
details:      Chokhopani      DevilsGate     0.002123    7.193723
dscore:      DevilsGate f4:    -0.000193 Z:    -0.194478

details:            Naga       Sherpa.LC     0.002594   14.599452
details:      Chokhopani       Sherpa.LC     0.002260    9.357730
dscore:       Sherpa.LC f4:     0.001436 Z:     1.796515

gendstat:                Mbuti           Anatolia_N    -0.928
gendstat:                Mbuti                  Ami    -2.349
gendstat:                Mbuti                 Mixe    -2.146
gendstat:                Mbuti         Ganj_Dareh_N    -1.147
gendstat:                Mbuti                 Onge     0.504
gendstat:                Mbuti           Villabruna    -1.864
gendstat:                Mbuti           DevilsGate    -0.194
gendstat:                Mbuti            Sherpa.LC     1.797
gendstat:           Anatolia_N                  Ami    -1.614
gendstat:           Anatolia_N                 Mixe    -1.415
gendstat:           Anatolia_N         Ganj_Dareh_N    -0.496
gendstat:           Anatolia_N                 Onge     1.414
gendstat:           Anatolia_N           Villabruna    -1.376
gendstat:           Anatolia_N           DevilsGate     0.505
gendstat:           Anatolia_N            Sherpa.LC     2.694
gendstat:                  Ami                 Mixe     0.119
gendstat:                  Ami         Ganj_Dareh_N     0.983
gendstat:                  Ami                 Onge     2.996
gendstat:                  Ami           Villabruna    -0.055
gendstat:                  Ami           DevilsGate     2.197
gendstat:                  Ami            Sherpa.LC     5.272
gendstat:                 Mixe         Ganj_Dareh_N     0.877
gendstat:                 Mixe                 Onge     2.573
gendstat:                 Mixe           Villabruna    -0.134
gendstat:                 Mixe           DevilsGate     1.794
gendstat:                 Mixe            Sherpa.LC     4.422
gendstat:         Ganj_Dareh_N                 Onge     1.610
gendstat:         Ganj_Dareh_N           Villabruna    -0.882
gendstat:         Ganj_Dareh_N           DevilsGate     0.756
gendstat:         Ganj_Dareh_N            Sherpa.LC     2.635
gendstat:                 Onge           Villabruna    -2.152
gendstat:                 Onge           DevilsGate    -0.603
gendstat:                 Onge            Sherpa.LC     1.188
gendstat:           Villabruna           DevilsGate     1.408
gendstat:           Villabruna            Sherpa.LC     2.994
gendstat:           DevilsGate            Sherpa.LC     2.031

## end of run
