/home/cliu7/utils/AdmixTools/bin/qpWave: parameter file: temp/param/qpAdm_Tamang.Naxi.Samdzong.par0m8um98h
### THE INPUT PARAMETERS
##PARAMETER NAME: VALUE
DIR: data/intermediate
S1: HO_all_merged.qpAdm
indivname: data/intermediate/HO_all_merged.qpAdm.grouped.ind
snpname: data/intermediate/HO_all_merged.qpAdm.snp
genotypename: data/intermediate/HO_all_merged.qpAdm.geno
popleft: temp/param/left.0m8um98h
popright: temp/param/right.0m8um98h
details: YES
## qpWave version: 410
packed geno read OK
end of inpack

left pops:
Tamang
Naxi
Samdzong

right pops:
Mbuti
Anatolia_N
Ami
Mixe
Ganj_Dareh_N
Onge
Villabruna
DevilsGate
Sherpa.LC

  0               Tamang    7
  1                 Naxi    9
  2             Samdzong    9
  3                Mbuti   10
  4           Anatolia_N   25
  5                  Ami   10
  6                 Mixe   10
  7         Ganj_Dareh_N    7
  8                 Onge   12
  9           Villabruna    1
 10           DevilsGate    4
 11            Sherpa.LC    9
jackknife block size:     0.050
snps: 498990  indivs: 113
number of blocks for block jackknife: 710
dof (jackknife):   583.386
numsnps used: 422632
f4info: 
f4rank: 0 dof:     16 chisq:  1013.917 tail:      1.17259381e-205 dofdiff:      0 chisqdiff:     0.000 taildiff:                    1

f4info: 
f4rank: 1 dof:      7 chisq:   298.411 tail:         1.321203e-60 dofdiff:      9 chisqdiff:   715.506 taildiff:      3.20704854e-148
B:
          scale     1.000 
     Anatolia_N    -0.264 
            Ami     1.781 
           Mixe     0.974 
   Ganj_Dareh_N    -0.349 
           Onge     0.397 
     Villabruna    -0.164 
     DevilsGate     1.571 
      Sherpa.LC     1.018 
A:
          scale   686.510 
           Naxi     1.293 
       Samdzong     0.573 

f4info: 
f4rank: 2 dof:      0 chisq:     0.000 tail:                    1 dofdiff:      7 chisqdiff:   298.411 taildiff:         1.321203e-60
B:
          scale     1.000     1.000 
     Anatolia_N    -0.233    -0.030 
            Ami     1.589     1.599 
           Mixe     0.926     0.382 
   Ganj_Dareh_N    -0.363     0.578 
           Onge     0.306     0.662 
     Villabruna    -0.233     0.153 
     DevilsGate     1.527     0.068 
      Sherpa.LC     1.397    -2.121 
A:
          scale   599.045  2911.840 
           Naxi     1.197     0.754 
       Samdzong     0.754    -1.197 

## end of run
