/home/cliu7/utils/AdmixTools/bin/qpAdm: parameter file: temp/param/qpAdm_Tamang.Yi.Samdzong.pars7lzh03h
### THE INPUT PARAMETERS
##PARAMETER NAME: VALUE
DIR: data/intermediate
S1: HO_all_merged.qpAdm
indivname: data/intermediate/HO_all_merged.qpAdm.grouped.ind
snpname: data/intermediate/HO_all_merged.qpAdm.snp
genotypename: data/intermediate/HO_all_merged.qpAdm.geno
popleft: temp/param/left.s7lzh03h
popright: temp/param/right.s7lzh03h
details: YES
## qpAdm version: 810
seed: 1078421101
packed geno read OK
end of inpack

left pops:
Tamang
Yi
Samdzong

right pops:
Mbuti
Anatolia_N
Ami
Mixe
Ganj_Dareh_N
Onge
Villabruna
DevilsGate
Sherpa.LC

  0               Tamang    7
  1                   Yi    8
  2             Samdzong    9
  3                Mbuti   10
  4           Anatolia_N   25
  5                  Ami   10
  6                 Mixe   10
  7         Ganj_Dareh_N    7
  8                 Onge   12
  9           Villabruna    1
 10           DevilsGate    4
 11            Sherpa.LC    9
jackknife block size:     0.050
snps: 498990  indivs: 112
number of blocks for block jackknife: 710
## ncols: 498990
coverage:               Tamang 498036
coverage:                   Yi 498990
coverage:             Samdzong 498985
coverage:                Mbuti 498990
coverage:           Anatolia_N 498137
coverage:                  Ami 498990
coverage:                 Mixe 498990
coverage:         Ganj_Dareh_N 457128
coverage:                 Onge 498990
coverage:           Villabruna 415230
coverage:           DevilsGate 498716
coverage:            Sherpa.LC 498990
dof (jackknife):   583.346
numsnps used: 422743
codimension 1
f4info: 
f4rank: 1 dof:      7 chisq:   307.737 tail:       1.34594939e-62 dofdiff:      9 chisqdiff:  -307.737 taildiff:                    1
B:
          scale     1.000 
     Anatolia_N    -0.143 
            Ami     1.885 
           Mixe     1.029 
   Ganj_Dareh_N    -0.191 
           Onge     0.401 
     Villabruna    -0.229 
     DevilsGate     1.470 
      Sherpa.LC     0.978 
A:
          scale   658.906 
             Yi     1.319 
       Samdzong     0.510 


full rank
f4info: 
f4rank: 2 dof:      0 chisq:     0.000 tail:                    1 dofdiff:      7 chisqdiff:   307.737 taildiff:       1.34594939e-62
B:
          scale     1.000     1.000 
     Anatolia_N    -0.227    -0.004 
            Ami     1.677     1.676 
           Mixe     0.935     0.367 
   Ganj_Dareh_N    -0.326     0.628 
           Onge     0.308     0.604 
     Villabruna    -0.314    -0.076 
     DevilsGate     1.466    -0.118 
      Sherpa.LC     1.346    -2.068 
A:
          scale   590.321  2765.993 
             Yi     1.207     0.650 
       Samdzong     0.737    -1.256 


best coefficients:    -0.631     1.631 
Jackknife mean:     -0.626688471     1.626688471 
      std. errors:     0.165     0.165 

error covariance (* 1000000)
     27102     -27102 
    -27102      27102 


summ: Tamang    2      0.000000    -0.627     1.627 27102 -27102 27102 

    fixed pat  wt  dof     chisq       tail prob
           00  0     7   307.737               0    -0.631     1.631  infeasible
           01  1     8   894.112               0     1.000    -0.000 
           10  1     8   367.320               0     0.000     1.000 
best pat:           00                0              -  -
best pat:           10      1.81329e-74  chi(nested):    59.583 p-value for nested model:     1.17267e-14

coeffs:    -0.631     1.631 

## dscore:: f_4(Base, Fit, Rbase, right2)
## genstat:: f_4(Base, Fit, right1, right2)

details:              Yi      Anatolia_N    -0.000459   -3.453512
details:        Samdzong      Anatolia_N    -0.000280   -1.779170
dscore:      Anatolia_N f4:    -0.000167 Z:    -0.729064

details:              Yi             Ami     0.003836   22.966229
details:        Samdzong             Ami     0.001342    6.982806
dscore:             Ami f4:    -0.000232 Z:    -0.845034

details:              Yi            Mixe     0.002011   11.327120
details:        Samdzong            Mixe     0.001008    5.023781
dscore:            Mixe f4:     0.000376 Z:     1.321966

details:              Yi    Ganj_Dareh_N    -0.000512   -3.243779
details:        Samdzong    Ganj_Dareh_N    -0.000694   -3.666662
dscore:    Ganj_Dareh_N f4:    -0.000808 Z:    -2.930743

details:              Yi            Onge     0.000781    5.061456
details:        Samdzong            Onge     0.000113    0.590226
dscore:            Onge f4:    -0.000308 Z:    -1.101325

details:              Yi      Villabruna    -0.000653   -3.285907
details:        Samdzong      Villabruna    -0.000356   -1.441880
dscore:      Villabruna f4:    -0.000169 Z:    -0.469032

details:              Yi      DevilsGate     0.002982   15.599375
details:        Samdzong      DevilsGate     0.001893    8.765115
dscore:      DevilsGate f4:     0.001206 Z:     3.884303

details:              Yi       Sherpa.LC     0.002280   14.017667
details:        Samdzong       Sherpa.LC     0.002628   13.782304
dscore:       Sherpa.LC f4:     0.002848 Z:    10.452802

gendstat:                Mbuti           Anatolia_N    -0.729
gendstat:                Mbuti                  Ami    -0.845
gendstat:                Mbuti                 Mixe     1.322
gendstat:                Mbuti         Ganj_Dareh_N    -2.931
gendstat:                Mbuti                 Onge    -1.101
gendstat:                Mbuti           Villabruna    -0.469
gendstat:                Mbuti           DevilsGate     3.884
gendstat:                Mbuti            Sherpa.LC    10.453
gendstat:           Anatolia_N                  Ami    -0.253
gendstat:           Anatolia_N                 Mixe     2.059
gendstat:           Anatolia_N         Ganj_Dareh_N    -2.748
gendstat:           Anatolia_N                 Onge    -0.549
gendstat:           Anatolia_N           Villabruna    -0.005
gendstat:           Anatolia_N           DevilsGate     4.619
gendstat:           Anatolia_N            Sherpa.LC    12.162
gendstat:                  Ami                 Mixe     2.509
gendstat:                  Ami         Ganj_Dareh_N    -1.966
gendstat:                  Ami                 Onge    -0.291
gendstat:                  Ami           Villabruna     0.167
gendstat:                  Ami           DevilsGate     5.607
gendstat:                  Ami            Sherpa.LC    14.937
gendstat:                 Mixe         Ganj_Dareh_N    -3.919
gendstat:                 Mixe                 Onge    -2.332
gendstat:                 Mixe           Villabruna    -1.462
gendstat:                 Mixe           DevilsGate     2.811
gendstat:                 Mixe            Sherpa.LC    10.055
gendstat:         Ganj_Dareh_N                 Onge     1.673
gendstat:         Ganj_Dareh_N           Villabruna     1.740
gendstat:         Ganj_Dareh_N           DevilsGate     5.810
gendstat:         Ganj_Dareh_N            Sherpa.LC    12.295
gendstat:                 Onge           Villabruna     0.372
gendstat:                 Onge           DevilsGate     5.040
gendstat:                 Onge            Sherpa.LC    12.152
gendstat:           Villabruna           DevilsGate     3.375
gendstat:           Villabruna            Sherpa.LC     8.066
gendstat:           DevilsGate            Sherpa.LC     6.286

## end of run
