/home/cliu7/utils/AdmixTools/bin/qpAdm: parameter file: temp/param/qpAdm_Tamang.Yi.Chokhopani.paryr9o4i6s
### THE INPUT PARAMETERS
##PARAMETER NAME: VALUE
DIR: data/intermediate
S1: HO_all_merged.qpAdm
indivname: data/intermediate/HO_all_merged.qpAdm.grouped.ind
snpname: data/intermediate/HO_all_merged.qpAdm.snp
genotypename: data/intermediate/HO_all_merged.qpAdm.geno
popleft: temp/param/left.yr9o4i6s
popright: temp/param/right.yr9o4i6s
details: YES
## qpAdm version: 810
seed: -1658325156
packed geno read OK
end of inpack

left pops:
Tamang
Yi
Chokhopani

right pops:
Mbuti
Anatolia_N
Ami
Mixe
Ganj_Dareh_N
Onge
Villabruna
DevilsGate
Sherpa.LC

  0               Tamang    7
  1                   Yi    8
  2           Chokhopani    2
  3                Mbuti   10
  4           Anatolia_N   25
  5                  Ami   10
  6                 Mixe   10
  7         Ganj_Dareh_N    7
  8                 Onge   12
  9           Villabruna    1
 10           DevilsGate    4
 11            Sherpa.LC    9
jackknife block size:     0.050
snps: 498990  indivs: 105
number of blocks for block jackknife: 710
## ncols: 498990
coverage:               Tamang 498036
coverage:                   Yi 498990
coverage:           Chokhopani 498917
coverage:                Mbuti 498990
coverage:           Anatolia_N 498137
coverage:                  Ami 498990
coverage:                 Mixe 498990
coverage:         Ganj_Dareh_N 457128
coverage:                 Onge 498990
coverage:           Villabruna 415230
coverage:           DevilsGate 498716
coverage:            Sherpa.LC 498990
dof (jackknife):   583.326
numsnps used: 423866
codimension 1
f4info: 
f4rank: 1 dof:      7 chisq:   100.015 tail:       1.07119389e-18 dofdiff:      9 chisqdiff:  -100.015 taildiff:                    1
B:
          scale     1.000 
     Anatolia_N    -0.175 
            Ami     1.870 
           Mixe     0.945 
   Ganj_Dareh_N    -0.230 
           Onge     0.390 
     Villabruna    -0.295 
     DevilsGate     1.448 
      Sherpa.LC     1.090 
A:
          scale   623.357 
             Yi     1.261 
     Chokhopani     0.641 


full rank
f4info: 
f4rank: 2 dof:      0 chisq:     0.000 tail:                    1 dofdiff:      7 chisqdiff:   100.015 taildiff:       1.07119389e-18
B:
          scale     1.000     1.000 
     Anatolia_N    -0.269     0.522 
            Ami     1.726     1.824 
           Mixe     0.914     0.792 
   Ganj_Dareh_N    -0.321     0.853 
           Onge     0.401    -0.299 
     Villabruna    -0.374     0.639 
     DevilsGate     1.480    -0.352 
      Sherpa.LC     1.232    -1.557 
A:
          scale   578.009  3284.844 
             Yi     1.179     0.528 
     Chokhopani     0.782    -1.312 


best coefficients:    -1.033     2.033 
Jackknife mean:     -1.008805904     2.008805904 
      std. errors:     0.242     0.242 

error covariance (* 1000000)
     58523     -58523 
    -58523      58523 


summ: Tamang    2      0.000000    -1.009     2.009 58523 -58523 58523 

    fixed pat  wt  dof     chisq       tail prob
           00  0     7   100.015     1.07119e-18    -1.033     2.033  infeasible
           01  1     8   890.068               0     1.000    -0.000 
           10  1     8   179.957               0     0.000     1.000 
best pat:           00      1.07119e-18              -  -
best pat:           10      1.05114e-34  chi(nested):    79.942 p-value for nested model:      3.8554e-19

coeffs:    -1.033     2.033 

## dscore:: f_4(Base, Fit, Rbase, right2)
## genstat:: f_4(Base, Fit, right1, right2)

details:              Yi      Anatolia_N    -0.000457   -3.444593
details:      Chokhopani      Anatolia_N    -0.000605   -2.774886
dscore:      Anatolia_N f4:    -0.000758 Z:    -1.810582

details:              Yi             Ami     0.003826   22.943645
details:      Chokhopani             Ami     0.001588    6.421574
dscore:             Ami f4:    -0.000725 Z:    -1.545184

details:              Yi            Mixe     0.002006   11.327151
details:      Chokhopani            Mixe     0.000897    3.312490
dscore:            Mixe f4:    -0.000250 Z:    -0.487793

details:              Yi    Ganj_Dareh_N    -0.000510   -3.239444
details:      Chokhopani    Ganj_Dareh_N    -0.000816   -3.008085
dscore:    Ganj_Dareh_N f4:    -0.001132 Z:    -2.168310

details:              Yi            Onge     0.000779    5.055836
details:      Chokhopani            Onge     0.000635    2.538076
dscore:            Onge f4:     0.000487 Z:     1.015846

details:              Yi      Villabruna    -0.000651   -3.281181
details:      Chokhopani      Villabruna    -0.000812   -2.390243
dscore:      Villabruna f4:    -0.000977 Z:    -1.504996

details:              Yi      DevilsGate     0.002975   15.585920
details:      Chokhopani      DevilsGate     0.002129    7.195372
dscore:      DevilsGate f4:     0.001255 Z:     2.237137

details:              Yi       Sherpa.LC     0.002275   14.009269
details:      Chokhopani       Sherpa.LC     0.002266    9.360292
dscore:       Sherpa.LC f4:     0.002257 Z:     4.968107

gendstat:                Mbuti           Anatolia_N    -1.811
gendstat:                Mbuti                  Ami    -1.545
gendstat:                Mbuti                 Mixe    -0.488
gendstat:                Mbuti         Ganj_Dareh_N    -2.168
gendstat:                Mbuti                 Onge     1.016
gendstat:                Mbuti           Villabruna    -1.505
gendstat:                Mbuti           DevilsGate     2.237
gendstat:                Mbuti            Sherpa.LC     4.968
gendstat:           Anatolia_N                  Ami     0.077
gendstat:           Anatolia_N                 Mixe     1.051
gendstat:           Anatolia_N         Ganj_Dareh_N    -0.920
gendstat:           Anatolia_N                 Onge     2.760
gendstat:           Anatolia_N           Villabruna    -0.390
gendstat:           Anatolia_N           DevilsGate     3.681
gendstat:           Anatolia_N            Sherpa.LC     6.856
gendstat:                  Ami                 Mixe     1.082
gendstat:                  Ami         Ganj_Dareh_N    -0.755
gendstat:                  Ami                 Onge     2.692
gendstat:                  Ami           Villabruna    -0.378
gendstat:                  Ami           DevilsGate     4.263
gendstat:                  Ami            Sherpa.LC     8.271
gendstat:                 Mixe         Ganj_Dareh_N    -1.558
gendstat:                 Mixe                 Onge     1.432
gendstat:                 Mixe           Villabruna    -1.042
gendstat:                 Mixe           DevilsGate     2.857
gendstat:                 Mixe            Sherpa.LC     5.824
gendstat:         Ganj_Dareh_N                 Onge     3.092
gendstat:         Ganj_Dareh_N           Villabruna     0.232
gendstat:         Ganj_Dareh_N           DevilsGate     3.785
gendstat:         Ganj_Dareh_N            Sherpa.LC     6.350
gendstat:                 Onge           Villabruna    -2.151
gendstat:                 Onge           DevilsGate     1.319
gendstat:                 Onge            Sherpa.LC     3.714
gendstat:           Villabruna           DevilsGate     2.946
gendstat:           Villabruna            Sherpa.LC     4.874
gendstat:           DevilsGate            Sherpa.LC     2.147

## end of run
