/home/cliu7/utils/AdmixTools/bin/qpWave: parameter file: temp/param/qpAdm_Tamang.Naxi.Pathan.par_cyr94gd
### THE INPUT PARAMETERS
##PARAMETER NAME: VALUE
DIR: data/intermediate
S1: HO_all_merged.qpAdm
indivname: data/intermediate/HO_all_merged.qpAdm.grouped.ind
snpname: data/intermediate/HO_all_merged.qpAdm.snp
genotypename: data/intermediate/HO_all_merged.qpAdm.geno
popleft: temp/param/left._cyr94gd
popright: temp/param/right._cyr94gd
details: YES
## qpWave version: 410
packed geno read OK
end of inpack

left pops:
Tamang
Naxi
Pathan

right pops:
Mbuti
Anatolia_N
Ami
Mixe
Ganj_Dareh_N
Onge
Villabruna
DevilsGate
Sherpa.LC

  0               Tamang    7
  1                 Naxi    9
  2               Pathan   18
  3                Mbuti   10
  4           Anatolia_N   25
  5                  Ami   10
  6                 Mixe   10
  7         Ganj_Dareh_N    7
  8                 Onge   12
  9           Villabruna    1
 10           DevilsGate    4
 11            Sherpa.LC    9
jackknife block size:     0.050
snps: 498990  indivs: 122
number of blocks for block jackknife: 710
dof (jackknife):   583.367
numsnps used: 415652
f4info: 
f4rank: 0 dof:     16 chisq:  9117.863 tail:                    0 dofdiff:      0 chisqdiff:     0.000 taildiff:                    1

f4info: 
f4rank: 1 dof:      7 chisq:   195.930 tail:        8.3464727e-39 dofdiff:      9 chisqdiff:  8921.932 taildiff:                    0
B:
          scale     1.000 
     Anatolia_N    -0.601 
            Ami     1.415 
           Mixe     0.787 
   Ganj_Dareh_N    -0.609 
           Onge     0.590 
     Villabruna    -0.443 
     DevilsGate     1.431 
      Sherpa.LC     1.433 
A:
          scale   159.381 
           Naxi     0.268 
         Pathan    -1.389 

f4info: 
f4rank: 2 dof:      0 chisq:     0.000 tail:                    1 dofdiff:      7 chisqdiff:   195.930 taildiff:        8.3464727e-39
B:
          scale     1.000     1.000 
     Anatolia_N    -0.639     1.236 
            Ami     1.375     1.554 
           Mixe     0.772     0.766 
   Ganj_Dareh_N    -0.656     1.121 
           Onge     0.617    -0.657 
     Villabruna    -0.475     0.794 
     DevilsGate     1.404     0.611 
      Sherpa.LC     1.448    -0.883 
A:
          scale   164.003  2218.160 
           Naxi     0.320     1.378 
         Pathan    -1.378     0.320 

## end of run
