/home/cliu7/utils/AdmixTools/bin/qpAdm: parameter file: temp/param/qpAdm_Tamang.Naxi.Lubrak.parjtk6qbmp
### THE INPUT PARAMETERS
##PARAMETER NAME: VALUE
DIR: data/intermediate
S1: HO_all_merged.qpAdm
indivname: data/intermediate/HO_all_merged.qpAdm.grouped.ind
snpname: data/intermediate/HO_all_merged.qpAdm.snp
genotypename: data/intermediate/HO_all_merged.qpAdm.geno
popleft: temp/param/left.jtk6qbmp
popright: temp/param/right.jtk6qbmp
details: YES
## qpAdm version: 810
seed: 1297755904
packed geno read OK
end of inpack

left pops:
Tamang
Naxi
Lubrak

right pops:
Mbuti
Anatolia_N
Ami
Mixe
Ganj_Dareh_N
Onge
Villabruna
DevilsGate
Sherpa.LC

  0               Tamang    7
  1                 Naxi    9
  2               Lubrak    2
  3                Mbuti   10
  4           Anatolia_N   25
  5                  Ami   10
  6                 Mixe   10
  7         Ganj_Dareh_N    7
  8                 Onge   12
  9           Villabruna    1
 10           DevilsGate    4
 11            Sherpa.LC    9
jackknife block size:     0.050
snps: 498990  indivs: 106
number of blocks for block jackknife: 710
## ncols: 498990
coverage:               Tamang 498036
coverage:                 Naxi 498990
coverage:               Lubrak 327444
coverage:                Mbuti 498990
coverage:           Anatolia_N 498137
coverage:                  Ami 498990
coverage:                 Mixe 498990
coverage:         Ganj_Dareh_N 457128
coverage:                 Onge 498990
coverage:           Villabruna 415230
coverage:           DevilsGate 498716
coverage:            Sherpa.LC 498990
dof (jackknife):   583.252
numsnps used: 307404
codimension 1
f4info: 
f4rank: 1 dof:      7 chisq:   173.947 tail:       3.69190022e-34 dofdiff:      9 chisqdiff:  -173.947 taildiff:                    1
B:
          scale     1.000 
     Anatolia_N    -0.236 
            Ami     1.776 
           Mixe     0.946 
   Ganj_Dareh_N    -0.308 
           Onge     0.332 
     Villabruna    -0.199 
     DevilsGate     1.548 
      Sherpa.LC     1.120 
A:
          scale   606.607 
           Naxi     1.197 
         Lubrak     0.752 


full rank
f4info: 
f4rank: 2 dof:      0 chisq:     0.000 tail:                    1 dofdiff:      7 chisqdiff:   173.947 taildiff:       3.69190022e-34
B:
          scale     1.000     1.000 
     Anatolia_N    -0.189     0.229 
            Ami     1.514    -1.772 
           Mixe     0.898    -0.596 
   Ganj_Dareh_N    -0.259     0.288 
           Onge     0.332    -0.460 
     Villabruna    -0.066     0.790 
     DevilsGate     1.581     0.160 
      Sherpa.LC     1.478     1.872 
A:
          scale   520.278  2451.863 
           Naxi     1.024    -0.852 
         Lubrak     0.976     1.129 


best coefficients:    -1.691     2.691 
Jackknife mean:     -1.586264091     2.586264091 
      std. errors:     0.562     0.562 

error covariance (* 1000000)
    315538    -315538 
   -315538     315538 


summ: Tamang    2      0.000000    -1.586     2.586 315538 -315538 315538 

    fixed pat  wt  dof     chisq       tail prob
           00  0     7   173.947               0    -1.691     2.691  infeasible
           01  1     8   726.535               0     1.000    -0.000 
           10  1     8   257.523               0     0.000     1.000 
best pat:           00                0              -  -
best pat:           10      4.37483e-51  chi(nested):    83.576 p-value for nested model:     6.13209e-20

coeffs:    -1.691     2.691 

## dscore:: f_4(Base, Fit, Rbase, right2)
## genstat:: f_4(Base, Fit, right1, right2)

details:            Naxi      Anatolia_N    -0.000447   -2.978791
details:          Lubrak      Anatolia_N    -0.000224   -0.842061
dscore:      Anatolia_N f4:     0.000153 Z:     0.218861

details:            Naxi             Ami     0.003604   21.097362
details:          Lubrak             Ami     0.002056    6.565172
dscore:             Ami f4:    -0.000562 Z:    -0.725737

details:            Naxi            Mixe     0.001984   11.018479
details:          Lubrak            Mixe     0.001437    4.371018
dscore:            Mixe f4:     0.000513 Z:     0.615449

details:            Naxi    Ganj_Dareh_N    -0.000606   -3.674099
details:          Lubrak    Ganj_Dareh_N    -0.000329   -1.008413
dscore:    Ganj_Dareh_N f4:     0.000139 Z:     0.163808

details:            Naxi            Onge     0.000823    4.728129
details:          Lubrak            Onge     0.000434    1.390813
dscore:            Onge f4:    -0.000224 Z:    -0.278119

details:            Naxi      Villabruna    -0.000404   -1.812452
details:          Lubrak      Villabruna     0.000282    0.673570
dscore:      Villabruna f4:     0.001443 Z:     1.333593

details:            Naxi      DevilsGate     0.003066   15.335751
details:          Lubrak      DevilsGate     0.003076    8.159054
dscore:      DevilsGate f4:     0.003093 Z:     3.275499

details:            Naxi       Sherpa.LC     0.002267   13.375635
details:          Lubrak       Sherpa.LC     0.003665   11.709284
dscore:       Sherpa.LC f4:     0.006029 Z:     7.642153

gendstat:                Mbuti           Anatolia_N     0.219
gendstat:                Mbuti                  Ami    -0.726
gendstat:                Mbuti                 Mixe     0.615
gendstat:                Mbuti         Ganj_Dareh_N     0.164
gendstat:                Mbuti                 Onge    -0.278
gendstat:                Mbuti           Villabruna     1.334
gendstat:                Mbuti           DevilsGate     3.275
gendstat:                Mbuti            Sherpa.LC     7.642
gendstat:           Anatolia_N                  Ami    -1.082
gendstat:           Anatolia_N                 Mixe     0.483
gendstat:           Anatolia_N         Ganj_Dareh_N    -0.020
gendstat:           Anatolia_N                 Onge    -0.523
gendstat:           Anatolia_N           Villabruna     1.397
gendstat:           Anatolia_N           DevilsGate     3.353
gendstat:           Anatolia_N            Sherpa.LC     8.783
gendstat:                  Ami                 Mixe     1.611
gendstat:                  Ami         Ganj_Dareh_N     0.833
gendstat:                  Ami                 Onge     0.466
gendstat:                  Ami           Villabruna     1.917
gendstat:                  Ami           DevilsGate     4.576
gendstat:                  Ami            Sherpa.LC    11.994
gendstat:                 Mixe         Ganj_Dareh_N    -0.403
gendstat:                 Mixe                 Onge    -0.899
gendstat:                 Mixe           Villabruna     0.854
gendstat:                 Mixe           DevilsGate     3.057
gendstat:                 Mixe            Sherpa.LC     7.924
gendstat:         Ganj_Dareh_N                 Onge    -0.403
gendstat:         Ganj_Dareh_N           Villabruna     1.186
gendstat:         Ganj_Dareh_N           DevilsGate     2.859
gendstat:         Ganj_Dareh_N            Sherpa.LC     6.722
gendstat:                 Onge           Villabruna     1.557
gendstat:                 Onge           DevilsGate     3.501
gendstat:                 Onge            Sherpa.LC     8.272
gendstat:           Villabruna           DevilsGate     1.391
gendstat:           Villabruna            Sherpa.LC     4.321
gendstat:           DevilsGate            Sherpa.LC     3.694

## end of run
