/home/cliu7/utils/AdmixTools/bin/qpWave: parameter file: temp/param/qpAdm_Tibetan_Yunnan.YR_MN.Han.park1hp5odb
### THE INPUT PARAMETERS
##PARAMETER NAME: VALUE
DIR: data/intermediate
S1: HO_all_merged.qpAdm
indivname: data/intermediate/HO_all_merged.qpAdm.grouped2.ind
snpname: data/intermediate/HO_all_merged.qpAdm.snp
genotypename: data/intermediate/HO_all_merged.qpAdm.geno
popleft: temp/param/left.k1hp5odb
popright: temp/param/right.k1hp5odb
details: YES
## qpWave version: 410
packed geno read OK
end of inpack

left pops:
Tibetan_Yunnan
YR_MN
Han

right pops:
Mbuti
Anatolia_N
Ami
Mixe
Ganj_Dareh_N
Onge
Villabruna
DevilsGate
aACA

  0       Tibetan_Yunnan    4
  1                YR_MN    8
  2                  Han   33
  3                Mbuti   10
  4           Anatolia_N   25
  5                  Ami   10
  6                 Mixe   10
  7         Ganj_Dareh_N    7
  8                 Onge   12
  9           Villabruna    1
 10           DevilsGate    4
 11                 aACA   32
jackknife block size:     0.050
snps: 498990  indivs: 156
number of blocks for block jackknife: 710
dof (jackknife):   583.340
numsnps used: 420453
f4info: 
f4rank: 0 dof:     16 chisq:   972.961 tail:      6.87903269e-197 dofdiff:      0 chisqdiff:     0.000 taildiff:                    1

f4info: 
f4rank: 1 dof:      7 chisq:    10.745 tail:          0.150133018 dofdiff:      9 chisqdiff:   962.216 taildiff:      2.41459968e-201
B:
          scale     1.000 
     Anatolia_N    -0.028 
            Ami     2.554 
           Mixe     0.538 
   Ganj_Dareh_N    -0.138 
           Onge     0.337 
     Villabruna    -0.113 
     DevilsGate     0.791 
           aACA    -0.643 
A:
          scale  1426.161 
          YR_MN     0.391 
            Han     1.359 

f4info: 
f4rank: 2 dof:      0 chisq:     0.000 tail:                    1 dofdiff:      7 chisqdiff:    10.745 taildiff:          0.150133018
B:
          scale     1.000     1.000 
     Anatolia_N    -0.132     0.771 
            Ami     2.476     0.781 
           Mixe     0.523     0.259 
   Ganj_Dareh_N    -0.203     0.444 
           Onge     0.201     1.198 
     Villabruna     0.068    -1.454 
     DevilsGate     0.863    -0.809 
           aACA    -0.865     1.525 
A:
          scale  1503.076  6746.701 
          YR_MN     0.310    -1.380 
            Han     1.380     0.310 

## end of run
