/home/cliu7/utils/AdmixTools/bin/qpWave: parameter file: temp/param/qpAdm_Mala.Chokhopani.parqu73xesz
### THE INPUT PARAMETERS
##PARAMETER NAME: VALUE
DIR: data/intermediate
S1: HO_all_merged.qpAdm
indivname: data/intermediate/HO_all_merged.qpAdm.grouped.ind
snpname: data/intermediate/HO_all_merged.qpAdm.snp
genotypename: data/intermediate/HO_all_merged.qpAdm.geno
popleft: temp/param/left.qu73xesz
popright: temp/param/right.qu73xesz
details: YES
## qpWave version: 410
packed geno read OK
end of inpack

left pops:
Mala
Chokhopani

right pops:
Mbuti
Anatolia_N
Ami
Mixe
Ganj_Dareh_N
Onge
Villabruna
DevilsGate

  0                 Mala   11
  1           Chokhopani    2
  2                Mbuti   10
  3           Anatolia_N   25
  4                  Ami   10
  5                 Mixe   10
  6         Ganj_Dareh_N    7
  7                 Onge   12
  8           Villabruna    1
  9           DevilsGate    4
jackknife block size:     0.050
snps: 498990  indivs: 92
number of blocks for block jackknife: 710
dof (jackknife):   583.075
numsnps used: 424021
f4info: 
f4rank: 0 dof:      7 chisq:  2616.688 tail:                    0 dofdiff:      0 chisqdiff:     0.000 taildiff:                    1

f4info: 
f4rank: 1 dof:      0 chisq:     0.000 tail:                    1 dofdiff:      7 chisqdiff:  2616.688 taildiff:                    0
B:
          scale     1.000 
     Anatolia_N    -0.350 
            Ami     1.554 
           Mixe     1.034 
   Ganj_Dareh_N    -0.513 
           Onge     0.430 
     Villabruna    -0.195 
     DevilsGate     1.705 
A:
          scale   149.757 
     Chokhopani     1.000 

## end of run
