/home/cliu7/utils/AdmixTools/bin/qpWave: parameter file: temp/param/qpAdm_Mala.Mebrak.pardm0nvj9r
### THE INPUT PARAMETERS
##PARAMETER NAME: VALUE
DIR: data/intermediate
S1: HO_all_merged.qpAdm
indivname: data/intermediate/HO_all_merged.qpAdm.grouped.ind
snpname: data/intermediate/HO_all_merged.qpAdm.snp
genotypename: data/intermediate/HO_all_merged.qpAdm.geno
popleft: temp/param/left.dm0nvj9r
popright: temp/param/right.dm0nvj9r
details: YES
## qpWave version: 410
packed geno read OK
end of inpack

left pops:
Mala
Mebrak

right pops:
Mbuti
Anatolia_N
Ami
Mixe
Ganj_Dareh_N
Onge
Villabruna
DevilsGate

  0                 Mala   11
  1               Mebrak    8
  2                Mbuti   10
  3           Anatolia_N   25
  4                  Ami   10
  5                 Mixe   10
  6         Ganj_Dareh_N    7
  7                 Onge   12
  8           Villabruna    1
  9           DevilsGate    4
jackknife block size:     0.050
snps: 498990  indivs: 98
number of blocks for block jackknife: 710
dof (jackknife):   583.180
numsnps used: 421584
f4info: 
f4rank: 0 dof:      7 chisq:  3640.889 tail:                    0 dofdiff:      0 chisqdiff:     0.000 taildiff:                    1

f4info: 
f4rank: 1 dof:      0 chisq:     0.000 tail:                    1 dofdiff:      7 chisqdiff:  3640.889 taildiff:                    0
B:
          scale     1.000 
     Anatolia_N    -0.328 
            Ami     1.533 
           Mixe     1.056 
   Ganj_Dareh_N    -0.463 
           Onge     0.329 
     Villabruna    -0.085 
     DevilsGate     1.760 
A:
          scale   149.740 
         Mebrak     1.000 

## end of run
