/home/cliu7/utils/AdmixTools/bin/qpWave: parameter file: temp/param/qpAdm_Southeast_China.Sherpa.LC.parcsemzpnq
### THE INPUT PARAMETERS
##PARAMETER NAME: VALUE
DIR: data/intermediate
S1: HO_all_merged.qpAdm
indivname: data/intermediate/HO_all_merged.qpAdm.grouped.ind
snpname: data/intermediate/HO_all_merged.qpAdm.snp
genotypename: data/intermediate/HO_all_merged.qpAdm.geno
popleft: temp/param/left.csemzpnq
popright: temp/param/right.csemzpnq
details: YES
## qpWave version: 410
packed geno read OK
end of inpack

left pops:
Southeast_China
Sherpa.LC

right pops:
Mbuti
Anatolia_N
Ami
Mixe
Ganj_Dareh_N
Onge
Villabruna
DevilsGate

  0      Southeast_China   97
  1            Sherpa.LC    9
  2                Mbuti   10
  3           Anatolia_N   25
  4                  Ami   10
  5                 Mixe   10
  6         Ganj_Dareh_N    7
  7                 Onge   12
  8           Villabruna    1
  9           DevilsGate    4
jackknife block size:     0.050
snps: 498990  indivs: 185
number of blocks for block jackknife: 710
dof (jackknife):   583.405
numsnps used: 419899
f4info: 
f4rank: 0 dof:      7 chisq:  1117.816 tail:      4.14930484e-237 dofdiff:      0 chisqdiff:     0.000 taildiff:                    1

f4info: 
f4rank: 1 dof:      0 chisq:     0.000 tail:                    1 dofdiff:      7 chisqdiff:  1117.816 taildiff:      4.14930484e-237
B:
          scale     1.000 
     Anatolia_N    -0.129 
            Ami     2.593 
           Mixe     0.210 
   Ganj_Dareh_N    -0.091 
           Onge     0.376 
     Villabruna    -0.208 
     DevilsGate     0.153 
A:
          scale   619.469 
      Sherpa.LC    -1.000 

## end of run
