/home/cliu7/utils/AdmixTools/bin/qpWave: parameter file: temp/param/qpAdm_Upper_YR_LN.Mebrak.parqrtfay5m
### THE INPUT PARAMETERS
##PARAMETER NAME: VALUE
DIR: data/intermediate
S1: HO_all_merged.qpAdm
indivname: data/intermediate/HO_all_merged.qpAdm.grouped.ind
snpname: data/intermediate/HO_all_merged.qpAdm.snp
genotypename: data/intermediate/HO_all_merged.qpAdm.geno
popleft: temp/param/left.qrtfay5m
popright: temp/param/right.qrtfay5m
details: YES
## qpWave version: 410
packed geno read OK
end of inpack

left pops:
Upper_YR_LN
Mebrak

right pops:
Mbuti
Anatolia_N
Ami
Mixe
Ganj_Dareh_N
Onge
Villabruna
DevilsGate

  0          Upper_YR_LN    6
  1               Mebrak    8
  2                Mbuti   10
  3           Anatolia_N   25
  4                  Ami   10
  5                 Mixe   10
  6         Ganj_Dareh_N    7
  7                 Onge   12
  8           Villabruna    1
  9           DevilsGate    4
jackknife block size:     0.050
snps: 498990  indivs: 93
number of blocks for block jackknife: 710
dof (jackknife):   582.586
numsnps used: 440725
f4info: 
f4rank: 0 dof:      7 chisq:   114.711 tail:       9.65578956e-22 dofdiff:      0 chisqdiff:     0.000 taildiff:                    1

f4info: 
f4rank: 1 dof:      0 chisq:     0.000 tail:                    1 dofdiff:      7 chisqdiff:   114.711 taildiff:       9.65578956e-22
B:
          scale     1.000 
     Anatolia_N    -0.035 
            Ami     1.659 
           Mixe     1.151 
   Ganj_Dareh_N     0.048 
           Onge     0.672 
     Villabruna    -0.302 
     DevilsGate     1.542 
A:
          scale   900.030 
         Mebrak    -1.000 

## end of run
