/home/cliu7/utils/AdmixTools/bin/qpWave: parameter file: temp/param/qpAdm_Wuzhuangguoliang.Kyang.parobt7n8x5
### THE INPUT PARAMETERS
##PARAMETER NAME: VALUE
DIR: data/intermediate
S1: HO_all_merged.qpAdm
indivname: data/intermediate/HO_all_merged.qpAdm.grouped.ind
snpname: data/intermediate/HO_all_merged.qpAdm.snp
genotypename: data/intermediate/HO_all_merged.qpAdm.geno
popleft: temp/param/left.obt7n8x5
popright: temp/param/right.obt7n8x5
details: YES
## qpWave version: 410
packed geno read OK
end of inpack

left pops:
Wuzhuangguoliang
Kyang

right pops:
Mbuti
Anatolia_N
Ami
Mixe
Ganj_Dareh_N
Onge
Villabruna
DevilsGate

  0     Wuzhuangguoliang   20
  1                Kyang    7
  2                Mbuti   10
  3           Anatolia_N   25
  4                  Ami   10
  5                 Mixe   10
  6         Ganj_Dareh_N    7
  7                 Onge   12
  8           Villabruna    1
  9           DevilsGate    4
jackknife block size:     0.050
snps: 498990  indivs: 106
number of blocks for block jackknife: 710
dof (jackknife):   560.474
numsnps used: 96497
f4info: 
f4rank: 0 dof:      7 chisq:    29.815 tail:       0.000102656985 dofdiff:      0 chisqdiff:     0.000 taildiff:                    1

f4info: 
f4rank: 1 dof:      0 chisq:     0.000 tail:                    1 dofdiff:      7 chisqdiff:    29.815 taildiff:       0.000102656985
B:
          scale     1.000 
     Anatolia_N     0.378 
            Ami     1.627 
           Mixe     1.434 
   Ganj_Dareh_N     0.488 
           Onge     0.434 
     Villabruna     0.345 
     DevilsGate     1.268 
A:
          scale  1203.658 
          Kyang    -1.000 

## end of run
