/home/cliu7/utils/AdmixTools/bin/qpAdm: parameter file: temp/param/qpAdm_Gurung.Yi.UpperMustang.LC.parp7uda2il
### THE INPUT PARAMETERS
##PARAMETER NAME: VALUE
DIR: data/intermediate
S1: HO_all_merged.qpAdm
indivname: data/intermediate/HO_all_merged.qpAdm.grouped.ind
snpname: data/intermediate/HO_all_merged.qpAdm.snp
genotypename: data/intermediate/HO_all_merged.qpAdm.geno
popleft: temp/param/left.p7uda2il
popright: temp/param/right.p7uda2il
details: YES
## qpAdm version: 810
seed: -1121142962
packed geno read OK
end of inpack

left pops:
Gurung
Yi
UpperMustang.LC

right pops:
Mbuti
Anatolia_N
Ami
Mixe
Ganj_Dareh_N
Onge
Villabruna
DevilsGate

  0               Gurung    5
  1                   Yi    8
  2      UpperMustang.LC   11
  3                Mbuti   10
  4           Anatolia_N   25
  5                  Ami   10
  6                 Mixe   10
  7         Ganj_Dareh_N    7
  8                 Onge   12
  9           Villabruna    1
 10           DevilsGate    4
jackknife block size:     0.050
snps: 498990  indivs: 103
number of blocks for block jackknife: 710
## ncols: 498990
coverage:               Gurung 498036
coverage:                   Yi 498990
coverage:      UpperMustang.LC 498990
coverage:                Mbuti 498990
coverage:           Anatolia_N 498137
coverage:                  Ami 498990
coverage:                 Mixe 498990
coverage:         Ganj_Dareh_N 457128
coverage:                 Onge 498990
coverage:           Villabruna 415230
coverage:           DevilsGate 498716
dof (jackknife):   583.511
numsnps used: 423754
codimension 1
f4info: 
f4rank: 1 dof:      6 chisq:    31.522 tail:       2.01466698e-05 dofdiff:      8 chisqdiff:   -31.522 taildiff:                    1
B:
          scale     1.000 
     Anatolia_N    -0.116 
            Ami     2.097 
           Mixe     0.849 
   Ganj_Dareh_N    -0.042 
           Onge     0.464 
     Villabruna    -0.323 
     DevilsGate     1.243 
A:
          scale  1108.570 
             Yi     1.388 
UpperMustang.LC     0.269 


full rank
f4info: 
f4rank: 2 dof:      0 chisq:     0.000 tail:                    1 dofdiff:      6 chisqdiff:    31.522 taildiff:       2.01466698e-05
B:
          scale     1.000     1.000 
     Anatolia_N    -0.163     0.450 
            Ami     2.029     0.991 
           Mixe     0.897    -0.182 
   Ganj_Dareh_N    -0.262     1.633 
           Onge     0.322     1.055 
     Villabruna    -0.148    -1.046 
     DevilsGate     1.364    -0.954 
A:
          scale  1067.855  4984.503 
             Yi     1.368     0.029 
UpperMustang.LC     0.359    -1.414 


best coefficients:    -0.241     1.241 
Jackknife mean:     -0.236674507     1.236674507 
      std. errors:     0.087     0.087 

error covariance (* 1000000)
      7564      -7564 
     -7564       7564 


summ: Gurung    2      0.000020    -0.237     1.237  7564 -7564  7564 

    fixed pat  wt  dof     chisq       tail prob
           00  0     6    31.522     2.01467e-05    -0.241     1.241  infeasible
           01  1     7   357.303               0     1.000    -0.000 
           10  1     7    42.607     3.97294e-07     0.000     1.000 
best pat:           00      2.01467e-05              -  -
best pat:           10      3.97294e-07  chi(nested):    11.085 p-value for nested model:     0.000870494

coeffs:    -0.241     1.241 

## dscore:: f_4(Base, Fit, Rbase, right2)
## genstat:: f_4(Base, Fit, right1, right2)

details:              Yi      Anatolia_N    -0.000205   -1.464699
details: UpperMustang.LC      Anatolia_N    -0.000185   -1.288226
dscore:      Anatolia_N f4:    -0.000180 Z:    -1.113134

details:              Yi             Ami     0.002609   15.178445
details: UpperMustang.LC             Ami     0.000401    2.221472
dscore:             Ami f4:    -0.000131 Z:    -0.649595

details:              Yi            Mixe     0.001150    6.431212
details: UpperMustang.LC            Mixe     0.000349    1.862411
dscore:            Mixe f4:     0.000157 Z:     0.745322

details:              Yi    Ganj_Dareh_N    -0.000325   -1.897475
details: UpperMustang.LC    Ganj_Dareh_N    -0.000553   -3.205428
dscore:    Ganj_Dareh_N f4:    -0.000608 Z:    -3.173728

details:              Yi            Onge     0.000421    2.458656
details: UpperMustang.LC            Onge    -0.000193   -1.116976
dscore:            Onge f4:    -0.000341 Z:    -1.773683

details:              Yi      Villabruna    -0.000192   -0.850963
details: UpperMustang.LC      Villabruna     0.000248    1.043143
dscore:      Villabruna f4:     0.000354 Z:     1.336273

details:              Yi      DevilsGate     0.001745    8.853133
details: UpperMustang.LC      DevilsGate     0.000728    3.447682
dscore:      DevilsGate f4:     0.000483 Z:     2.041199

gendstat:                Mbuti           Anatolia_N    -1.113
gendstat:                Mbuti                  Ami    -0.650
gendstat:                Mbuti                 Mixe     0.745
gendstat:                Mbuti         Ganj_Dareh_N    -3.174
gendstat:                Mbuti                 Onge    -1.774
gendstat:                Mbuti           Villabruna     1.336
gendstat:                Mbuti           DevilsGate     2.041
gendstat:           Anatolia_N                  Ami     0.270
gendstat:           Anatolia_N                 Mixe     1.763
gendstat:           Anatolia_N         Ganj_Dareh_N    -2.738
gendstat:           Anatolia_N                 Onge    -0.860
gendstat:           Anatolia_N           Villabruna     2.330
gendstat:           Anatolia_N           DevilsGate     2.884
gendstat:                  Ami                 Mixe     1.599
gendstat:                  Ami         Ganj_Dareh_N    -2.261
gendstat:                  Ami                 Onge    -1.091
gendstat:                  Ami           Villabruna     1.775
gendstat:                  Ami           DevilsGate     3.095
gendstat:                 Mixe         Ganj_Dareh_N    -3.423
gendstat:                 Mixe                 Onge    -2.449
gendstat:                 Mixe           Villabruna     0.708
gendstat:                 Mixe           DevilsGate     1.443
gendstat:         Ganj_Dareh_N                 Onge     1.255
gendstat:         Ganj_Dareh_N           Villabruna     3.686
gendstat:         Ganj_Dareh_N           DevilsGate     4.307
gendstat:                 Onge           Villabruna     2.558
gendstat:                 Onge           DevilsGate     3.389
gendstat:           Villabruna           DevilsGate     0.446

## end of run
