/home/cliu7/utils/AdmixTools/bin/qpWave: parameter file: temp/param/qpAdm_Gurung.Naxi.Mala.parzs6kb42t
### THE INPUT PARAMETERS
##PARAMETER NAME: VALUE
DIR: data/intermediate
S1: HO_all_merged.qpAdm
indivname: data/intermediate/HO_all_merged.qpAdm.grouped.ind
snpname: data/intermediate/HO_all_merged.qpAdm.snp
genotypename: data/intermediate/HO_all_merged.qpAdm.geno
popleft: temp/param/left.zs6kb42t
popright: temp/param/right.zs6kb42t
details: YES
## qpWave version: 410
packed geno read OK
end of inpack

left pops:
Gurung
Naxi
Mala

right pops:
Mbuti
Anatolia_N
Ami
Mixe
Ganj_Dareh_N
Onge
Villabruna
DevilsGate

  0               Gurung    5
  1                 Naxi    9
  2                 Mala   11
  3                Mbuti   10
  4           Anatolia_N   25
  5                  Ami   10
  6                 Mixe   10
  7         Ganj_Dareh_N    7
  8                 Onge   12
  9           Villabruna    1
 10           DevilsGate    4
jackknife block size:     0.050
snps: 498990  indivs: 104
number of blocks for block jackknife: 710
dof (jackknife):   583.409
numsnps used: 418300
f4info: 
f4rank: 0 dof:     14 chisq:  5718.720 tail:                    0 dofdiff:      0 chisqdiff:     0.000 taildiff:                    1

f4info: 
f4rank: 1 dof:      6 chisq:    25.518 tail:       0.000273753157 dofdiff:      8 chisqdiff:  5693.202 taildiff:                    0
B:
          scale     1.000 
     Anatolia_N    -0.292 
            Ami     1.634 
           Mixe     1.050 
   Ganj_Dareh_N    -0.430 
           Onge     0.394 
     Villabruna    -0.141 
     DevilsGate     1.668 
A:
          scale   218.333 
           Naxi     0.270 
           Mala    -1.388 

f4info: 
f4rank: 2 dof:      0 chisq:     0.000 tail:                    1 dofdiff:      6 chisqdiff:    25.518 taildiff:       0.000273753157
B:
          scale     1.000     1.000 
     Anatolia_N    -0.310     0.667 
            Ami     1.599     1.895 
           Mixe     1.070    -0.854 
   Ganj_Dareh_N    -0.444     0.632 
           Onge     0.401    -0.253 
     Villabruna    -0.176     1.064 
     DevilsGate     1.677    -0.799 
A:
          scale   217.302  5930.034 
           Naxi     0.265     1.389 
           Mala    -1.389     0.265 

## end of run
