/home/cliu7/utils/AdmixTools/bin/qpAdm: parameter file: temp/param/qpAdm_Gurung.Naga.Lubrak.par17bc8xqp
### THE INPUT PARAMETERS
##PARAMETER NAME: VALUE
DIR: data/intermediate
S1: HO_all_merged.qpAdm
indivname: data/intermediate/HO_all_merged.qpAdm.grouped.ind
snpname: data/intermediate/HO_all_merged.qpAdm.snp
genotypename: data/intermediate/HO_all_merged.qpAdm.geno
popleft: temp/param/left.17bc8xqp
popright: temp/param/right.17bc8xqp
details: YES
## qpAdm version: 810
seed: 2026950129
packed geno read OK
end of inpack

left pops:
Gurung
Naga
Lubrak

right pops:
Mbuti
Anatolia_N
Ami
Mixe
Ganj_Dareh_N
Onge
Villabruna
DevilsGate

  0               Gurung    5
  1                 Naga    6
  2               Lubrak    2
  3                Mbuti   10
  4           Anatolia_N   25
  5                  Ami   10
  6                 Mixe   10
  7         Ganj_Dareh_N    7
  8                 Onge   12
  9           Villabruna    1
 10           DevilsGate    4
jackknife block size:     0.050
snps: 498990  indivs: 92
number of blocks for block jackknife: 710
## ncols: 498990
coverage:               Gurung 498036
coverage:                 Naga 498990
coverage:               Lubrak 327444
coverage:                Mbuti 498990
coverage:           Anatolia_N 498137
coverage:                  Ami 498990
coverage:                 Mixe 498990
coverage:         Ganj_Dareh_N 457128
coverage:                 Onge 498990
coverage:           Villabruna 415230
coverage:           DevilsGate 498716
dof (jackknife):   583.312
numsnps used: 308919
codimension 1
f4info: 
f4rank: 1 dof:      6 chisq:    16.175 tail:         0.0128469545 dofdiff:      8 chisqdiff:   -16.175 taildiff:                    1
B:
          scale     1.000 
     Anatolia_N    -0.246 
            Ami     1.604 
           Mixe     1.042 
   Ganj_Dareh_N    -0.430 
           Onge     0.306 
     Villabruna     0.173 
     DevilsGate     1.724 
A:
          scale  1107.016 
           Naga     1.241 
         Lubrak     0.678 


full rank
f4info: 
f4rank: 2 dof:      0 chisq:     0.000 tail:                    1 dofdiff:      6 chisqdiff:    16.175 taildiff:         0.0128469545
B:
          scale     1.000     1.000 
     Anatolia_N    -0.231     0.571 
            Ami     1.462    -1.411 
           Mixe     0.965    -0.829 
   Ganj_Dareh_N    -0.411     0.582 
           Onge     0.200    -0.604 
     Villabruna     0.353     1.521 
     DevilsGate     1.882     0.989 
A:
          scale  1045.864  4309.865 
           Naga     1.129    -0.652 
         Lubrak     0.852     1.255 


best coefficients:    -1.204     2.204 
Jackknife mean:     -1.048972917     2.048972917 
      std. errors:     0.560     0.560 

error covariance (* 1000000)
    314007    -314007 
   -314007     314007 


summ: Gurung    2      0.012847    -1.049     2.049 314007 -314007 314007 

    fixed pat  wt  dof     chisq       tail prob
           00  0     6    16.175        0.012847    -1.204     2.204  infeasible
           01  1     7   184.489               0     1.000     0.000 
           10  1     7    39.511     1.56125e-06     0.000     1.000 
best pat:           00         0.012847              -  -
best pat:           10      1.56125e-06  chi(nested):    23.336 p-value for nested model:     1.36002e-06

coeffs:    -1.204     2.204 

## dscore:: f_4(Base, Fit, Rbase, right2)
## genstat:: f_4(Base, Fit, right1, right2)

details:            Naga      Anatolia_N    -0.000334   -2.075173
details:          Lubrak      Anatolia_N    -0.000014   -0.052379
dscore:      Anatolia_N f4:     0.000371 Z:     0.645570

details:            Naga             Ami     0.001794    9.303190
details:          Lubrak             Ami     0.000789    2.576465
dscore:             Ami f4:    -0.000421 Z:    -0.660894

details:            Naga            Mixe     0.001170    5.684175
details:          Lubrak            Mixe     0.000551    1.704899
dscore:            Mixe f4:    -0.000195 Z:    -0.285213

details:            Naga    Ganj_Dareh_N    -0.000531   -2.743245
details:          Lubrak    Ganj_Dareh_N    -0.000158   -0.485644
dscore:    Ganj_Dareh_N f4:     0.000292 Z:     0.417882

details:            Naga            Onge     0.000309    1.577312
details:          Lubrak            Onge    -0.000006   -0.020313
dscore:            Onge f4:    -0.000386 Z:    -0.579168

details:            Naga      Villabruna     0.000152    0.567464
details:          Lubrak      Villabruna     0.000747    1.738560
dscore:      Villabruna f4:     0.001464 Z:     1.634961

details:            Naga      DevilsGate     0.001886    7.873406
details:          Lubrak      DevilsGate     0.001826    5.051573
dscore:      DevilsGate f4:     0.001753 Z:     2.257557

gendstat:                Mbuti           Anatolia_N     0.646
gendstat:                Mbuti                  Ami    -0.661
gendstat:                Mbuti                 Mixe    -0.285
gendstat:                Mbuti         Ganj_Dareh_N     0.418
gendstat:                Mbuti                 Onge    -0.579
gendstat:                Mbuti           Villabruna     1.635
gendstat:                Mbuti           DevilsGate     2.258
gendstat:           Anatolia_N                  Ami    -1.434
gendstat:           Anatolia_N                 Mixe    -0.900
gendstat:           Anatolia_N         Ganj_Dareh_N    -0.139
gendstat:           Anatolia_N                 Onge    -1.256
gendstat:           Anatolia_N           Villabruna     1.438
gendstat:           Anatolia_N           DevilsGate     1.902
gendstat:                  Ami                 Mixe     0.422
gendstat:                  Ami         Ganj_Dareh_N     1.022
gendstat:                  Ami                 Onge     0.058
gendstat:                  Ami           Villabruna     2.185
gendstat:                  Ami           DevilsGate     3.336
gendstat:                 Mixe         Ganj_Dareh_N     0.630
gendstat:                 Mixe                 Onge    -0.284
gendstat:                 Mixe           Villabruna     1.814
gendstat:                 Mixe           DevilsGate     2.776
gendstat:         Ganj_Dareh_N                 Onge    -0.922
gendstat:         Ganj_Dareh_N           Villabruna     1.279
gendstat:         Ganj_Dareh_N           DevilsGate     1.721
gendstat:                 Onge           Villabruna     2.075
gendstat:                 Onge           DevilsGate     2.785
gendstat:           Villabruna           DevilsGate     0.293

## end of run
