/home/cliu7/utils/AdmixTools/bin/qpAdm: parameter file: temp/param/qpAdm_Gurung.Naga.Pulliyar.par8f0_nmyq
### THE INPUT PARAMETERS
##PARAMETER NAME: VALUE
DIR: data/intermediate
S1: HO_all_merged.qpAdm
indivname: data/intermediate/HO_all_merged.qpAdm.grouped.ind
snpname: data/intermediate/HO_all_merged.qpAdm.snp
genotypename: data/intermediate/HO_all_merged.qpAdm.geno
popleft: temp/param/left.8f0_nmyq
popright: temp/param/right.8f0_nmyq
details: YES
## qpAdm version: 810
seed: -1097264212
packed geno read OK
end of inpack

left pops:
Gurung
Naga
Pulliyar

right pops:
Mbuti
Anatolia_N
Ami
Mixe
Ganj_Dareh_N
Onge
Villabruna
DevilsGate

  0               Gurung    5
  1                 Naga    6
  2             Pulliyar   35
  3                Mbuti   10
  4           Anatolia_N   25
  5                  Ami   10
  6                 Mixe   10
  7         Ganj_Dareh_N    7
  8                 Onge   12
  9           Villabruna    1
 10           DevilsGate    4
jackknife block size:     0.050
snps: 498990  indivs: 125
number of blocks for block jackknife: 710
## ncols: 498990
coverage:               Gurung 498036
coverage:                 Naga 498990
coverage:             Pulliyar 459213
coverage:                Mbuti 498990
coverage:           Anatolia_N 498137
coverage:                  Ami 498990
coverage:                 Mixe 498990
coverage:         Ganj_Dareh_N 457128
coverage:                 Onge 498990
coverage:           Villabruna 415230
coverage:           DevilsGate 498716
dof (jackknife):   584.903
numsnps used: 389671
codimension 1
f4info: 
f4rank: 1 dof:      6 chisq:     3.284 tail:          0.772388858 dofdiff:      8 chisqdiff:    -3.284 taildiff:                    1
B:
          scale     1.000 
     Anatolia_N    -0.224 
            Ami     1.594 
           Mixe     1.133 
   Ganj_Dareh_N    -0.359 
           Onge     0.311 
     Villabruna    -0.109 
     DevilsGate     1.699 
A:
          scale   224.570 
           Naga     0.263 
       Pulliyar    -1.390 


full rank
f4info: 
f4rank: 2 dof:      0 chisq:     0.000 tail:                    1 dofdiff:      6 chisqdiff:     3.284 taildiff:          0.772388858
B:
          scale     1.000     1.000 
     Anatolia_N    -0.224     1.077 
            Ami     1.595    -1.118 
           Mixe     1.134     0.300 
   Ganj_Dareh_N    -0.358     1.611 
           Onge     0.312    -0.172 
     Villabruna    -0.109    -1.348 
     DevilsGate     1.698    -0.239 
A:
          scale   222.608 10065.155 
           Naga     0.240    -1.175 
       Pulliyar    -1.394    -0.786 


best coefficients:     0.841     0.159 
Jackknife mean:      0.840986301     0.159013699 
      std. errors:     0.011     0.011 

error covariance (* 1000000)
       115       -115 
      -115        115 


summ: Gurung    2      0.772389     0.841     0.159   115  -115   115 

    fixed pat  wt  dof     chisq       tail prob
           00  0     6     3.284        0.772389     0.841     0.159 
           01  1     7   195.482               0     1.000    -0.000 
           10  1     7  3093.045               0     0.000     1.000 
best pat:           00         0.772389              -  -
best pat:           01      1.03821e-38  chi(nested):   192.198 p-value for nested model:     1.05336e-43

coeffs:     0.841     0.159 

## dscore:: f_4(Base, Fit, Rbase, right2)
## genstat:: f_4(Base, Fit, right1, right2)

details:            Naga      Anatolia_N    -0.000322   -2.000669
details:        Pulliyar      Anatolia_N     0.001312    5.972945
dscore:      Anatolia_N f4:    -0.000063 Z:    -0.415900

details:            Naga             Ami     0.001856    9.815979
details:        Pulliyar             Ami    -0.009919  -37.708354
dscore:             Ami f4:    -0.000016 Z:    -0.090412

details:            Naga            Mixe     0.001215    5.952148
details:        Pulliyar            Mixe    -0.007130  -26.441929
dscore:            Mixe f4:    -0.000112 Z:    -0.589653

details:            Naga    Ganj_Dareh_N    -0.000568   -2.980839
details:        Pulliyar    Ganj_Dareh_N     0.002097    8.514599
dscore:    Ganj_Dareh_N f4:    -0.000144 Z:    -0.819876

details:            Naga            Onge     0.000368    1.882355
details:        Pulliyar            Onge    -0.001941   -8.053561
dscore:            Onge f4:     0.000000 Z:     0.002627

details:            Naga      Villabruna     0.000138    0.524556
details:        Pulliyar      Villabruna     0.000817    2.531552
dscore:      Villabruna f4:     0.000246 Z:     1.012691

details:            Naga      DevilsGate     0.001927    8.181205
details:        Pulliyar      DevilsGate    -0.010601  -36.441298
dscore:      DevilsGate f4:    -0.000065 Z:    -0.296797

gendstat:                Mbuti           Anatolia_N    -0.416
gendstat:                Mbuti                  Ami    -0.090
gendstat:                Mbuti                 Mixe    -0.590
gendstat:                Mbuti         Ganj_Dareh_N    -0.820
gendstat:                Mbuti                 Onge     0.003
gendstat:                Mbuti           Villabruna     1.013
gendstat:                Mbuti           DevilsGate    -0.297
gendstat:           Anatolia_N                  Ami     0.275
gendstat:           Anatolia_N                 Mixe    -0.271
gendstat:           Anatolia_N         Ganj_Dareh_N    -0.556
gendstat:           Anatolia_N                 Onge     0.368
gendstat:           Anatolia_N           Villabruna     1.423
gendstat:           Anatolia_N           DevilsGate    -0.012
gendstat:                  Ami                 Mixe    -0.551
gendstat:                  Ami         Ganj_Dareh_N    -0.645
gendstat:                  Ami                 Onge     0.091
gendstat:                  Ami           Villabruna     1.028
gendstat:                  Ami           DevilsGate    -0.275
gendstat:                 Mixe         Ganj_Dareh_N    -0.160
gendstat:                 Mixe                 Onge     0.589
gendstat:                 Mixe           Villabruna     1.366
gendstat:                 Mixe           DevilsGate     0.213
gendstat:         Ganj_Dareh_N                 Onge     0.759
gendstat:         Ganj_Dareh_N           Villabruna     1.608
gendstat:         Ganj_Dareh_N           DevilsGate     0.339
gendstat:                 Onge           Villabruna     0.984
gendstat:                 Onge           DevilsGate    -0.293
gendstat:           Villabruna           DevilsGate    -1.126

## end of run
