/home/cliu7/utils/AdmixTools/bin/qpWave: parameter file: temp/param/qpAdm_Gurung.Naga.Rhirhi.par0f5bbebm
### THE INPUT PARAMETERS
##PARAMETER NAME: VALUE
DIR: data/intermediate
S1: HO_all_merged.qpAdm
indivname: data/intermediate/HO_all_merged.qpAdm.grouped.ind
snpname: data/intermediate/HO_all_merged.qpAdm.snp
genotypename: data/intermediate/HO_all_merged.qpAdm.geno
popleft: temp/param/left.0f5bbebm
popright: temp/param/right.0f5bbebm
details: YES
## qpWave version: 410
packed geno read OK
end of inpack

left pops:
Gurung
Naga
Rhirhi

right pops:
Mbuti
Anatolia_N
Ami
Mixe
Ganj_Dareh_N
Onge
Villabruna
DevilsGate

  0               Gurung    5
  1                 Naga    6
  2               Rhirhi    4
  3                Mbuti   10
  4           Anatolia_N   25
  5                  Ami   10
  6                 Mixe   10
  7         Ganj_Dareh_N    7
  8                 Onge   12
  9           Villabruna    1
 10           DevilsGate    4
jackknife block size:     0.050
snps: 498990  indivs: 94
number of blocks for block jackknife: 710
dof (jackknife):   583.513
numsnps used: 422753
f4info: 
f4rank: 0 dof:     14 chisq:   255.475 tail:       2.11687555e-46 dofdiff:      0 chisqdiff:     0.000 taildiff:                    1

f4info: 
f4rank: 1 dof:      6 chisq:    33.676 tail:       7.76891053e-06 dofdiff:      8 chisqdiff:   221.799 taildiff:       1.60510016e-43
B:
          scale     1.000 
     Anatolia_N    -0.244 
            Ami     1.724 
           Mixe     1.159 
   Ganj_Dareh_N    -0.404 
           Onge     0.444 
     Villabruna    -0.101 
     DevilsGate     1.502 
A:
          scale  1309.048 
           Naga     1.413 
         Rhirhi     0.058 

f4info: 
f4rank: 2 dof:      0 chisq:     0.000 tail:                    1 dofdiff:      6 chisqdiff:    33.676 taildiff:       7.76891053e-06
B:
          scale     1.000     1.000 
     Anatolia_N    -0.315     0.418 
            Ami     1.585     1.106 
           Mixe     1.016     0.733 
   Ganj_Dareh_N    -0.536     0.935 
           Onge     0.262     1.183 
     Villabruna     0.193    -1.235 
     DevilsGate     1.721    -1.125 
A:
          scale  1271.663  3094.448 
           Naga     1.403     0.175 
         Rhirhi     0.175    -1.403 

## end of run
