/home/cliu7/utils/AdmixTools/bin/qpWave: parameter file: temp/param/qpAdm_Naga.Gurung.Pulliyar.paruwskzjng
### THE INPUT PARAMETERS
##PARAMETER NAME: VALUE
DIR: data/intermediate
S1: HO_all_merged.qpAdm
indivname: data/intermediate/HO_all_merged.qpAdm.grouped.ind
snpname: data/intermediate/HO_all_merged.qpAdm.snp
genotypename: data/intermediate/HO_all_merged.qpAdm.geno
popleft: temp/param/left.uwskzjng
popright: temp/param/right.uwskzjng
details: YES
## qpWave version: 410
packed geno read OK
end of inpack

left pops:
Naga
Gurung
Pulliyar

right pops:
Mbuti
Anatolia_N
Ami
Mixe
Ganj_Dareh_N
Onge
Villabruna
DevilsGate

  0                 Naga    6
  1               Gurung    5
  2             Pulliyar   35
  3                Mbuti   10
  4           Anatolia_N   25
  5                  Ami   10
  6                 Mixe   10
  7         Ganj_Dareh_N    7
  8                 Onge   12
  9           Villabruna    1
 10           DevilsGate    4
jackknife block size:     0.050
snps: 498990  indivs: 125
number of blocks for block jackknife: 710
dof (jackknife):   584.903
numsnps used: 389671
f4info: 
f4rank: 0 dof:     14 chisq:  4546.151 tail:                    0 dofdiff:      0 chisqdiff:     0.000 taildiff:                    1

f4info: 
f4rank: 1 dof:      6 chisq:     3.287 tail:          0.772083862 dofdiff:      8 chisqdiff:  4542.864 taildiff:                    0
B:
          scale     1.000 
     Anatolia_N    -0.221 
            Ami     1.594 
           Mixe     1.134 
   Ganj_Dareh_N    -0.356 
           Onge     0.314 
     Villabruna    -0.106 
     DevilsGate     1.699 
A:
          scale   189.504 
         Gurung    -0.222 
       Pulliyar    -1.397 

f4info: 
f4rank: 2 dof:      0 chisq:     0.000 tail:                    1 dofdiff:      6 chisqdiff:     3.287 taildiff:          0.772083862
B:
          scale     1.000     1.000 
     Anatolia_N    -0.223     0.595 
            Ami     1.597    -0.288 
           Mixe     1.130     0.658 
   Ganj_Dareh_N    -0.365     1.333 
           Onge     0.313    -0.087 
     Villabruna    -0.087    -2.082 
     DevilsGate     1.698     0.107 
A:
          scale   189.481 12275.235 
         Gurung    -0.216     1.398 
       Pulliyar    -1.398    -0.216 

## end of run
