/home/cliu7/utils/AdmixTools/bin/qpAdm: parameter file: temp/param/qpAdm_Naga.Tamang.Lubrak.par3ccbde5q
### THE INPUT PARAMETERS
##PARAMETER NAME: VALUE
DIR: data/intermediate
S1: HO_all_merged.qpAdm
indivname: data/intermediate/HO_all_merged.qpAdm.grouped.ind
snpname: data/intermediate/HO_all_merged.qpAdm.snp
genotypename: data/intermediate/HO_all_merged.qpAdm.geno
popleft: temp/param/left.3ccbde5q
popright: temp/param/right.3ccbde5q
details: YES
## qpAdm version: 810
seed: -563314880
packed geno read OK
end of inpack

left pops:
Naga
Tamang
Lubrak

right pops:
Mbuti
Anatolia_N
Ami
Mixe
Ganj_Dareh_N
Onge
Villabruna
DevilsGate

  0                 Naga    6
  1               Tamang    7
  2               Lubrak    2
  3                Mbuti   10
  4           Anatolia_N   25
  5                  Ami   10
  6                 Mixe   10
  7         Ganj_Dareh_N    7
  8                 Onge   12
  9           Villabruna    1
 10           DevilsGate    4
jackknife block size:     0.050
snps: 498990  indivs: 94
number of blocks for block jackknife: 710
## ncols: 498990
coverage:                 Naga 498990
coverage:               Tamang 498036
coverage:               Lubrak 327444
coverage:                Mbuti 498990
coverage:           Anatolia_N 498137
coverage:                  Ami 498990
coverage:                 Mixe 498990
coverage:         Ganj_Dareh_N 457128
coverage:                 Onge 498990
coverage:           Villabruna 415230
coverage:           DevilsGate 498716
dof (jackknife):   583.215
numsnps used: 308121
codimension 1
f4info: 
f4rank: 1 dof:      6 chisq:    13.150 tail:         0.0407214018 dofdiff:      8 chisqdiff:   -13.150 taildiff:                    1
B:
          scale     1.000 
     Anatolia_N    -0.250 
            Ami     1.611 
           Mixe     1.081 
   Ganj_Dareh_N    -0.330 
           Onge     0.415 
     Villabruna    -0.117 
     DevilsGate     1.697 
A:
          scale   713.543 
         Tamang    -1.357 
         Lubrak    -0.399 


full rank
f4info: 
f4rank: 2 dof:      0 chisq:     0.000 tail:                    1 dofdiff:      6 chisqdiff:    13.150 taildiff:         0.0407214018
B:
          scale     1.000     1.000 
     Anatolia_N    -0.286     0.579 
            Ami     1.620    -1.415 
           Mixe     1.088    -0.782 
   Ganj_Dareh_N    -0.369     0.642 
           Onge     0.395    -0.557 
     Villabruna    -0.158     1.344 
     DevilsGate     1.671     1.234 
A:
          scale   742.797  3820.283 
         Tamang    -1.395     0.040 
         Lubrak    -0.231     1.414 


best coefficients:    -0.416     1.416 
Jackknife mean:     -0.403411623     1.403411623 
      std. errors:     0.134     0.134 

error covariance (* 1000000)
     17848     -17848 
    -17848      17848 


summ: Naga    2      0.040721    -0.403     1.403 17848 -17848 17848 

    fixed pat  wt  dof     chisq       tail prob
           00  0     6    13.150       0.0407214    -0.416     1.416  infeasible
           01  1     7   560.396               0     1.000    -0.000 
           10  1     7    31.628     4.76064e-05     0.000     1.000 
best pat:           00        0.0407214              -  -
best pat:           10      4.76064e-05  chi(nested):    18.478 p-value for nested model:     1.71872e-05

coeffs:    -0.416     1.416 

## dscore:: f_4(Base, Fit, Rbase, right2)
## genstat:: f_4(Base, Fit, right1, right2)

details:          Tamang      Anatolia_N     0.000545    3.347930
details:          Lubrak      Anatolia_N     0.000321    1.164601
dscore:      Anatolia_N f4:     0.000228 Z:     0.612425

details:          Tamang             Ami    -0.003059  -16.327066
details:          Lubrak             Ami    -0.001008   -3.319994
dscore:             Ami f4:    -0.000154 Z:    -0.368957

details:          Tamang            Mixe    -0.002055  -10.510067
details:          Lubrak            Mixe    -0.000621   -1.880170
dscore:            Mixe f4:    -0.000024 Z:    -0.052976

details:          Tamang    Ganj_Dareh_N     0.000703    3.787985
details:          Lubrak    Ganj_Dareh_N     0.000374    1.109928
dscore:    Ganj_Dareh_N f4:     0.000237 Z:     0.518896

details:          Tamang            Onge    -0.000749   -3.971992
details:          Lubrak            Onge    -0.000316   -0.975261
dscore:            Onge f4:    -0.000136 Z:    -0.311375

details:          Tamang      Villabruna     0.000315    1.263556
details:          Lubrak      Villabruna     0.000597    1.399223
dscore:      Villabruna f4:     0.000714 Z:     1.233709

details:          Tamang      DevilsGate    -0.003129  -13.793503
details:          Lubrak      DevilsGate    -0.000060   -0.157867
dscore:      DevilsGate f4:     0.001218 Z:     2.351894

gendstat:                Mbuti           Anatolia_N     0.612
gendstat:                Mbuti                  Ami    -0.369
gendstat:                Mbuti                 Mixe    -0.053
gendstat:                Mbuti         Ganj_Dareh_N     0.519
gendstat:                Mbuti                 Onge    -0.311
gendstat:                Mbuti           Villabruna     1.234
gendstat:                Mbuti           DevilsGate     2.352
gendstat:           Anatolia_N                  Ami    -1.052
gendstat:           Anatolia_N                 Mixe    -0.608
gendstat:           Anatolia_N         Ganj_Dareh_N     0.026
gendstat:           Anatolia_N                 Onge    -0.942
gendstat:           Anatolia_N           Villabruna     0.974
gendstat:           Anatolia_N           DevilsGate     2.060
gendstat:                  Ami                 Mixe     0.367
gendstat:                  Ami         Ganj_Dareh_N     0.860
gendstat:                  Ami                 Onge     0.044
gendstat:                  Ami           Villabruna     1.530
gendstat:                  Ami           DevilsGate     3.190
gendstat:                 Mixe         Ganj_Dareh_N     0.519
gendstat:                 Mixe                 Onge    -0.258
gendstat:                 Mixe           Villabruna     1.235
gendstat:                 Mixe           DevilsGate     2.653
gendstat:         Ganj_Dareh_N                 Onge    -0.780
gendstat:         Ganj_Dareh_N           Villabruna     0.800
gendstat:         Ganj_Dareh_N           DevilsGate     1.738
gendstat:                 Onge           Villabruna     1.457
gendstat:                 Onge           DevilsGate     2.674
gendstat:           Villabruna           DevilsGate     0.769

## end of run
