/home/cliu7/utils/AdmixTools/bin/qpWave: parameter file: temp/param/qpAdm_Naga.Naxi.Sherpa.LC.paro4kcdatd
### THE INPUT PARAMETERS
##PARAMETER NAME: VALUE
DIR: data/intermediate
S1: HO_all_merged.qpAdm
indivname: data/intermediate/HO_all_merged.qpAdm.grouped.ind
snpname: data/intermediate/HO_all_merged.qpAdm.snp
genotypename: data/intermediate/HO_all_merged.qpAdm.geno
popleft: temp/param/left.o4kcdatd
popright: temp/param/right.o4kcdatd
details: YES
## qpWave version: 410
packed geno read OK
end of inpack

left pops:
Naga
Naxi
Sherpa.LC

right pops:
Mbuti
Anatolia_N
Ami
Mixe
Ganj_Dareh_N
Onge
Villabruna
DevilsGate

  0                 Naga    6
  1                 Naxi    9
  2            Sherpa.LC    9
  3                Mbuti   10
  4           Anatolia_N   25
  5                  Ami   10
  6                 Mixe   10
  7         Ganj_Dareh_N    7
  8                 Onge   12
  9           Villabruna    1
 10           DevilsGate    4
jackknife block size:     0.050
snps: 498990  indivs: 103
number of blocks for block jackknife: 710
dof (jackknife):   583.317
numsnps used: 425312
f4info: 
f4rank: 0 dof:     14 chisq:   208.311 tail:       1.09652476e-36 dofdiff:      0 chisqdiff:     0.000 taildiff:                    1

f4info: 
f4rank: 1 dof:      6 chisq:     9.992 tail:          0.124995163 dofdiff:      8 chisqdiff:   198.320 taildiff:       1.44382435e-38
B:
          scale     1.000 
     Anatolia_N    -0.149 
            Ami     2.345 
           Mixe     0.657 
   Ganj_Dareh_N    -0.108 
           Onge     0.589 
     Villabruna    -0.241 
     DevilsGate     0.794 
A:
          scale  2314.000 
           Naxi     0.534 
      Sherpa.LC    -1.309 

f4info: 
f4rank: 2 dof:      0 chisq:     0.000 tail:                    1 dofdiff:      6 chisqdiff:     9.992 taildiff:          0.124995163
B:
          scale     1.000     1.000 
     Anatolia_N    -0.258     0.936 
            Ami     2.188     1.236 
           Mixe     0.843    -1.320 
   Ganj_Dareh_N    -0.284     1.269 
           Onge     0.654    -0.225 
     Villabruna    -0.207    -0.454 
     DevilsGate     0.942    -0.994 
A:
          scale  2158.738  8576.788 
           Naxi     0.345     1.372 
      Sherpa.LC    -1.372     0.345 

## end of run
