/home/cliu7/utils/AdmixTools/bin/qpWave: parameter file: temp/param/qpAdm_Naga.Tamang.Chokhopani.pargarin_5j
### THE INPUT PARAMETERS
##PARAMETER NAME: VALUE
DIR: data/intermediate
S1: HO_all_merged.qpAdm
indivname: data/intermediate/HO_all_merged.qpAdm.grouped.ind
snpname: data/intermediate/HO_all_merged.qpAdm.snp
genotypename: data/intermediate/HO_all_merged.qpAdm.geno
popleft: temp/param/left.garin_5j
popright: temp/param/right.garin_5j
details: YES
## qpWave version: 410
packed geno read OK
end of inpack

left pops:
Naga
Tamang
Chokhopani

right pops:
Mbuti
Anatolia_N
Ami
Mixe
Ganj_Dareh_N
Onge
Villabruna
DevilsGate

  0                 Naga    6
  1               Tamang    7
  2           Chokhopani    2
  3                Mbuti   10
  4           Anatolia_N   25
  5                  Ami   10
  6                 Mixe   10
  7         Ganj_Dareh_N    7
  8                 Onge   12
  9           Villabruna    1
 10           DevilsGate    4
jackknife block size:     0.050
snps: 498990  indivs: 94
number of blocks for block jackknife: 710
dof (jackknife):   583.289
numsnps used: 424979
f4info: 
f4rank: 0 dof:     14 chisq:   621.652 tail:      1.30656843e-123 dofdiff:      0 chisqdiff:     0.000 taildiff:                    1

f4info: 
f4rank: 1 dof:      6 chisq:    16.427 tail:         0.0116381328 dofdiff:      8 chisqdiff:   605.226 taildiff:      1.76097046e-125
B:
          scale     1.000 
     Anatolia_N    -0.282 
            Ami     1.627 
           Mixe     1.066 
   Ganj_Dareh_N    -0.392 
           Onge     0.401 
     Villabruna    -0.145 
     DevilsGate     1.674 
A:
          scale   710.072 
         Tamang    -1.323 
     Chokhopani    -0.498 

f4info: 
f4rank: 2 dof:      0 chisq:     0.000 tail:                    1 dofdiff:      6 chisqdiff:    16.427 taildiff:         0.0116381328
B:
          scale     1.000     1.000 
     Anatolia_N    -0.262     0.734 
            Ami     1.678     0.654 
           Mixe     1.150     0.895 
   Ganj_Dareh_N    -0.321     1.073 
           Onge     0.349    -0.577 
     Villabruna    -0.053     1.759 
     DevilsGate     1.602    -0.808 
A:
          scale   709.824  4309.670 
         Tamang    -1.313     0.525 
     Chokhopani    -0.525    -1.313 

## end of run
