/home/cliu7/utils/AdmixTools/bin/qpWave: parameter file: temp/param/qpAdm_Naga.Yi.Sherpa.LC.par7vsxfp02
### THE INPUT PARAMETERS
##PARAMETER NAME: VALUE
DIR: data/intermediate
S1: HO_all_merged.qpAdm
indivname: data/intermediate/HO_all_merged.qpAdm.grouped.ind
snpname: data/intermediate/HO_all_merged.qpAdm.snp
genotypename: data/intermediate/HO_all_merged.qpAdm.geno
popleft: temp/param/left.7vsxfp02
popright: temp/param/right.7vsxfp02
details: YES
## qpWave version: 410
packed geno read OK
end of inpack

left pops:
Naga
Yi
Sherpa.LC

right pops:
Mbuti
Anatolia_N
Ami
Mixe
Ganj_Dareh_N
Onge
Villabruna
DevilsGate

  0                 Naga    6
  1                   Yi    8
  2            Sherpa.LC    9
  3                Mbuti   10
  4           Anatolia_N   25
  5                  Ami   10
  6                 Mixe   10
  7         Ganj_Dareh_N    7
  8                 Onge   12
  9           Villabruna    1
 10           DevilsGate    4
jackknife block size:     0.050
snps: 498990  indivs: 102
number of blocks for block jackknife: 710
dof (jackknife):   583.327
numsnps used: 425501
f4info: 
f4rank: 0 dof:     14 chisq:   264.086 tail:       3.47942623e-48 dofdiff:      0 chisqdiff:     0.000 taildiff:                    1

f4info: 
f4rank: 1 dof:      6 chisq:    16.585 tail:         0.0109347781 dofdiff:      8 chisqdiff:   247.500 taildiff:       5.83456636e-49
B:
          scale     1.000 
     Anatolia_N    -0.081 
            Ami     2.393 
           Mixe     0.643 
   Ganj_Dareh_N     0.001 
           Onge     0.503 
     Villabruna    -0.505 
     DevilsGate     0.586 
A:
          scale  2246.542 
             Yi     0.788 
      Sherpa.LC    -1.174 

f4info: 
f4rank: 2 dof:      0 chisq:     0.000 tail:                    1 dofdiff:      6 chisqdiff:    16.585 taildiff:         0.0109347781
B:
          scale     1.000     1.000 
     Anatolia_N    -0.209    -0.762 
            Ami     2.265    -0.948 
           Mixe     0.792     0.973 
   Ganj_Dareh_N    -0.194    -1.190 
           Onge     0.613     0.415 
     Villabruna    -0.338     1.086 
     DevilsGate     0.818     1.344 
A:
          scale  2080.908  5801.916 
             Yi     0.532    -1.310 
      Sherpa.LC    -1.310    -0.532 

## end of run
