/home/cliu7/utils/AdmixTools/bin/qpAdm: parameter file: temp/param/qpAdm_Naga.Gurung.Pathan.par9dfz0heh
### THE INPUT PARAMETERS
##PARAMETER NAME: VALUE
DIR: data/intermediate
S1: HO_all_merged.qpAdm
indivname: data/intermediate/HO_all_merged.qpAdm.grouped.ind
snpname: data/intermediate/HO_all_merged.qpAdm.snp
genotypename: data/intermediate/HO_all_merged.qpAdm.geno
popleft: temp/param/left.9dfz0heh
popright: temp/param/right.9dfz0heh
details: YES
## qpAdm version: 810
seed: -1486191675
packed geno read OK
end of inpack

left pops:
Naga
Gurung
Pathan

right pops:
Mbuti
Anatolia_N
Ami
Mixe
Ganj_Dareh_N
Onge
Villabruna
DevilsGate

  0                 Naga    6
  1               Gurung    5
  2               Pathan   18
  3                Mbuti   10
  4           Anatolia_N   25
  5                  Ami   10
  6                 Mixe   10
  7         Ganj_Dareh_N    7
  8                 Onge   12
  9           Villabruna    1
 10           DevilsGate    4
jackknife block size:     0.050
snps: 498990  indivs: 108
number of blocks for block jackknife: 710
## ncols: 498990
coverage:                 Naga 498990
coverage:               Gurung 498036
coverage:               Pathan 498990
coverage:                Mbuti 498990
coverage:           Anatolia_N 498137
coverage:                  Ami 498990
coverage:                 Mixe 498990
coverage:         Ganj_Dareh_N 457128
coverage:                 Onge 498990
coverage:           Villabruna 415230
coverage:           DevilsGate 498716
dof (jackknife):   583.404
numsnps used: 416095
codimension 1
f4info: 
f4rank: 1 dof:      6 chisq:    22.144 tail:        0.00114045505 dofdiff:      8 chisqdiff:   -22.144 taildiff:                    1
B:
          scale     1.000 
     Anatolia_N    -0.662 
            Ami     1.501 
           Mixe     0.877 
   Ganj_Dareh_N    -0.682 
           Onge     0.651 
     Villabruna    -0.497 
     DevilsGate     1.550 
A:
          scale   148.308 
         Gurung    -0.145 
         Pathan    -1.407 


full rank
f4info: 
f4rank: 2 dof:      0 chisq:     0.000 tail:                    1 dofdiff:      6 chisqdiff:    22.144 taildiff:        0.00114045505
B:
          scale     1.000     1.000 
     Anatolia_N    -0.664     1.158 
            Ami     1.503     0.346 
           Mixe     0.875     0.443 
   Ganj_Dareh_N    -0.683     0.218 
           Onge     0.648    -1.837 
     Villabruna    -0.497     1.385 
     DevilsGate     1.550     0.035 
A:
          scale   147.725  4818.001 
         Gurung    -0.163    -1.287 
         Pathan    -1.405    -0.585 


best coefficients:     1.115    -0.115 
Jackknife mean:      1.114506491    -0.114506491 
      std. errors:     0.009     0.009 

error covariance (* 1000000)
        85        -85 
       -85         85 


summ: Naga    2      0.001140     1.115    -0.115    85   -85    85 

    fixed pat  wt  dof     chisq       tail prob
           00  0     6    22.144      0.00114046     1.115    -0.115  infeasible
           01  1     7   194.786               0     1.000    -0.000 
           10  1     7  6657.591               0     0.000     1.000 
best pat:           00       0.00114046              -  -
best pat:           01      1.45774e-38  chi(nested):   172.642 p-value for nested model:     1.95907e-39

coeffs:     1.115    -0.115 

## dscore:: f_4(Base, Fit, Rbase, right2)
## genstat:: f_4(Base, Fit, right1, right2)

details:          Gurung      Anatolia_N     0.000329    2.051624
details:          Pathan      Anatolia_N     0.006129   27.014539
dscore:      Anatolia_N f4:    -0.000335 Z:    -1.995366

details:          Gurung             Ami    -0.001848   -9.826435
details:          Pathan             Ami    -0.014398  -53.079783
dscore:             Ami f4:    -0.000411 Z:    -2.071403

details:          Gurung            Mixe    -0.001188   -5.933664
details:          Pathan            Mixe    -0.008426  -29.215169
dscore:            Mixe f4:    -0.000359 Z:    -1.690507

details:          Gurung    Ganj_Dareh_N     0.000551    2.924557
details:          Pathan    Ganj_Dareh_N     0.006405   24.092646
dscore:    Ganj_Dareh_N f4:    -0.000119 Z:    -0.603169

details:          Gurung            Onge    -0.000366   -1.905060
details:          Pathan            Onge    -0.006004  -23.545247
dscore:            Onge f4:     0.000280 Z:     1.381768

details:          Gurung      Villabruna    -0.000150   -0.577889
details:          Pathan      Villabruna     0.004416   13.081699
dscore:      Villabruna f4:    -0.000672 Z:    -2.473619

details:          Gurung      DevilsGate    -0.001874   -8.046962
details:          Pathan      DevilsGate    -0.014820  -48.329013
dscore:      DevilsGate f4:    -0.000391 Z:    -1.587981

gendstat:                Mbuti           Anatolia_N    -1.995
gendstat:                Mbuti                  Ami    -2.071
gendstat:                Mbuti                 Mixe    -1.691
gendstat:                Mbuti         Ganj_Dareh_N    -0.603
gendstat:                Mbuti                 Onge     1.382
gendstat:                Mbuti           Villabruna    -2.474
gendstat:                Mbuti           DevilsGate    -1.588
gendstat:           Anatolia_N                  Ami    -0.393
gendstat:           Anatolia_N                 Mixe    -0.117
gendstat:           Anatolia_N         Ganj_Dareh_N     1.310
gendstat:           Anatolia_N                 Onge     3.223
gendstat:           Anatolia_N           Villabruna    -1.401
gendstat:           Anatolia_N           DevilsGate    -0.242
gendstat:                  Ami                 Mixe     0.266
gendstat:                  Ami         Ganj_Dareh_N     1.305
gendstat:                  Ami                 Onge     3.424
gendstat:                  Ami           Villabruna    -0.918
gendstat:                  Ami           DevilsGate     0.098
gendstat:                 Mixe         Ganj_Dareh_N     1.057
gendstat:                 Mixe                 Onge     3.001
gendstat:                 Mixe           Villabruna    -1.068
gendstat:                 Mixe           DevilsGate    -0.130
gendstat:         Ganj_Dareh_N                 Onge     1.889
gendstat:         Ganj_Dareh_N           Villabruna    -2.055
gendstat:         Ganj_Dareh_N           DevilsGate    -1.044
gendstat:                 Onge           Villabruna    -3.414
gendstat:                 Onge           DevilsGate    -2.672
gendstat:           Villabruna           DevilsGate     0.912

## end of run
