/home/cliu7/utils/AdmixTools/bin/qpWave: parameter file: temp/param/qpAdm_Naga.Tamang.Mebrak.pary7l_xhqr
### THE INPUT PARAMETERS
##PARAMETER NAME: VALUE
DIR: data/intermediate
S1: HO_all_merged.qpAdm
indivname: data/intermediate/HO_all_merged.qpAdm.grouped.ind
snpname: data/intermediate/HO_all_merged.qpAdm.snp
genotypename: data/intermediate/HO_all_merged.qpAdm.geno
popleft: temp/param/left.y7l_xhqr
popright: temp/param/right.y7l_xhqr
details: YES
## qpWave version: 410
packed geno read OK
end of inpack

left pops:
Naga
Tamang
Mebrak

right pops:
Mbuti
Anatolia_N
Ami
Mixe
Ganj_Dareh_N
Onge
Villabruna
DevilsGate

  0                 Naga    6
  1               Tamang    7
  2               Mebrak    8
  3                Mbuti   10
  4           Anatolia_N   25
  5                  Ami   10
  6                 Mixe   10
  7         Ganj_Dareh_N    7
  8                 Onge   12
  9           Villabruna    1
 10           DevilsGate    4
jackknife block size:     0.050
snps: 498990  indivs: 100
number of blocks for block jackknife: 710
dof (jackknife):   583.252
numsnps used: 423807
f4info: 
f4rank: 0 dof:     14 chisq:   651.000 tail:      7.29810696e-130 dofdiff:      0 chisqdiff:     0.000 taildiff:                    1

f4info: 
f4rank: 1 dof:      6 chisq:    30.690 tail:       2.90522757e-05 dofdiff:      8 chisqdiff:   620.310 taildiff:      1.00495973e-128
B:
          scale     1.000 
     Anatolia_N    -0.283 
            Ami     1.606 
           Mixe     1.079 
   Ganj_Dareh_N    -0.363 
           Onge     0.370 
     Villabruna    -0.132 
     DevilsGate     1.701 
A:
          scale   692.468 
         Tamang    -1.305 
         Mebrak    -0.544 

f4info: 
f4rank: 2 dof:      0 chisq:     0.000 tail:                    1 dofdiff:      6 chisqdiff:    30.690 taildiff:       2.90522757e-05
B:
          scale     1.000     1.000 
     Anatolia_N    -0.268     0.681 
            Ami     1.697     1.007 
           Mixe     1.120     0.482 
   Ganj_Dareh_N    -0.368     0.385 
           Onge     0.479     1.496 
     Villabruna    -0.169     0.001 
     DevilsGate     1.549    -1.704 
A:
          scale   695.842  5035.413 
         Tamang    -1.291     0.577 
         Mebrak    -0.577    -1.291 

## end of run
