/home/cliu7/utils/AdmixTools/bin/qpWave: parameter file: temp/param/qpAdm_Naga.Tamang.Pulliyar.parfc3x9ef5
### THE INPUT PARAMETERS
##PARAMETER NAME: VALUE
DIR: data/intermediate
S1: HO_all_merged.qpAdm
indivname: data/intermediate/HO_all_merged.qpAdm.grouped.ind
snpname: data/intermediate/HO_all_merged.qpAdm.snp
genotypename: data/intermediate/HO_all_merged.qpAdm.geno
popleft: temp/param/left.fc3x9ef5
popright: temp/param/right.fc3x9ef5
details: YES
## qpWave version: 410
packed geno read OK
end of inpack

left pops:
Naga
Tamang
Pulliyar

right pops:
Mbuti
Anatolia_N
Ami
Mixe
Ganj_Dareh_N
Onge
Villabruna
DevilsGate

  0                 Naga    6
  1               Tamang    7
  2             Pulliyar   35
  3                Mbuti   10
  4           Anatolia_N   25
  5                  Ami   10
  6                 Mixe   10
  7         Ganj_Dareh_N    7
  8                 Onge   12
  9           Villabruna    1
 10           DevilsGate    4
jackknife block size:     0.050
snps: 498990  indivs: 127
number of blocks for block jackknife: 710
dof (jackknife):   584.852
numsnps used: 389326
f4info: 
f4rank: 0 dof:     14 chisq:  4467.834 tail:                    0 dofdiff:      0 chisqdiff:     0.000 taildiff:                    1

f4info: 
f4rank: 1 dof:      6 chisq:     4.511 tail:          0.607913625 dofdiff:      8 chisqdiff:  4463.324 taildiff:                    0
B:
          scale     1.000 
     Anatolia_N    -0.216 
            Ami     1.594 
           Mixe     1.136 
   Ganj_Dareh_N    -0.360 
           Onge     0.309 
     Villabruna    -0.085 
     DevilsGate     1.701 
A:
          scale   185.226 
         Tamang    -0.361 
       Pulliyar    -1.367 

f4info: 
f4rank: 2 dof:      0 chisq:     0.000 tail:                    1 dofdiff:      6 chisqdiff:     4.511 taildiff:          0.607913625
B:
          scale     1.000     1.000 
     Anatolia_N    -0.226     1.300 
            Ami     1.598    -0.469 
           Mixe     1.129     0.629 
   Ganj_Dareh_N    -0.363     0.593 
           Onge     0.318    -1.393 
     Villabruna    -0.097     1.401 
     DevilsGate     1.696     0.665 
A:
          scale   185.337 14135.165 
         Tamang    -0.358     1.368 
       Pulliyar    -1.368    -0.358 

## end of run
