/home/cliu7/utils/AdmixTools/bin/qpAdm: parameter file: temp/param/qpAdm_Tamang.Naga.Chokhopani.par7xcez9av
### THE INPUT PARAMETERS
##PARAMETER NAME: VALUE
DIR: data/intermediate
S1: HO_all_merged.qpAdm
indivname: data/intermediate/HO_all_merged.qpAdm.grouped.ind
snpname: data/intermediate/HO_all_merged.qpAdm.snp
genotypename: data/intermediate/HO_all_merged.qpAdm.geno
popleft: temp/param/left.7xcez9av
popright: temp/param/right.7xcez9av
details: YES
## qpAdm version: 810
seed: 1158971072
packed geno read OK
end of inpack

left pops:
Tamang
Naga
Chokhopani

right pops:
Mbuti
Anatolia_N
Ami
Mixe
Ganj_Dareh_N
Onge
Villabruna
DevilsGate

  0               Tamang    7
  1                 Naga    6
  2           Chokhopani    2
  3                Mbuti   10
  4           Anatolia_N   25
  5                  Ami   10
  6                 Mixe   10
  7         Ganj_Dareh_N    7
  8                 Onge   12
  9           Villabruna    1
 10           DevilsGate    4
jackknife block size:     0.050
snps: 498990  indivs: 94
number of blocks for block jackknife: 710
## ncols: 498990
coverage:               Tamang 498036
coverage:                 Naga 498990
coverage:           Chokhopani 498917
coverage:                Mbuti 498990
coverage:           Anatolia_N 498137
coverage:                  Ami 498990
coverage:                 Mixe 498990
coverage:         Ganj_Dareh_N 457128
coverage:                 Onge 498990
coverage:           Villabruna 415230
coverage:           DevilsGate 498716
dof (jackknife):   583.289
numsnps used: 424979
codimension 1
f4info: 
f4rank: 1 dof:      6 chisq:    16.312 tail:         0.0121740347 dofdiff:      8 chisqdiff:   -16.312 taildiff:                    1
B:
          scale     1.000 
     Anatolia_N    -0.285 
            Ami     1.627 
           Mixe     1.065 
   Ganj_Dareh_N    -0.395 
           Onge     0.399 
     Villabruna    -0.148 
     DevilsGate     1.674 
A:
          scale   644.789 
           Naga     1.200 
     Chokhopani     0.748 


full rank
f4info: 
f4rank: 2 dof:      0 chisq:     0.000 tail:                    1 dofdiff:      6 chisqdiff:    16.312 taildiff:         0.0121740347
B:
          scale     1.000     1.000 
     Anatolia_N    -0.335     0.621 
            Ami     1.602     0.900 
           Mixe     1.051     1.049 
   Ganj_Dareh_N    -0.430     0.959 
           Onge     0.406    -0.690 
     Villabruna    -0.230     1.678 
     DevilsGate     1.678    -0.701 
A:
          scale   647.839  4774.584 
           Naga     1.196     0.310 
     Chokhopani     0.754    -1.380 


best coefficients:    -1.657     2.657 
Jackknife mean:     -1.581736889     2.581736889 
      std. errors:     0.417     0.417 

error covariance (* 1000000)
    173838    -173838 
   -173838     173838 


summ: Tamang    2      0.012174    -1.582     2.582 173838 -173838 173838 

    fixed pat  wt  dof     chisq       tail prob
           00  0     6    16.312        0.012174    -1.657     2.657  infeasible
           01  1     7   595.764               0     1.000     0.000 
           10  1     7   122.772     2.02637e-23     0.000     1.000 
best pat:           00         0.012174              -  -
best pat:           10      2.02637e-23  chi(nested):   106.460 p-value for nested model:     5.84546e-25

coeffs:    -1.657     2.657 

## dscore:: f_4(Base, Fit, Rbase, right2)
## genstat:: f_4(Base, Fit, right1, right2)

details:            Naga      Anatolia_N    -0.000574   -3.669497
details:      Chokhopani      Anatolia_N    -0.000604   -2.774676
dscore:      Anatolia_N f4:    -0.000654 Z:    -1.180416

details:            Naga             Ami     0.003024   16.639693
details:      Chokhopani             Ami     0.001584    6.419259
dscore:             Ami f4:    -0.000803 Z:    -1.266676

details:            Naga            Mixe     0.002017   10.704013
details:      Chokhopani            Mixe     0.000894    3.311832
dscore:            Mixe f4:    -0.000967 Z:    -1.452431

details:            Naga    Ganj_Dareh_N    -0.000724   -4.020083
details:      Chokhopani    Ganj_Dareh_N    -0.000814   -3.008299
dscore:    Ganj_Dareh_N f4:    -0.000962 Z:    -1.403721

details:            Naga            Onge     0.000716    3.899360
details:      Chokhopani            Onge     0.000634    2.537769
dscore:            Onge f4:     0.000497 Z:     0.769690

details:            Naga      Villabruna    -0.000313   -1.327538
details:      Chokhopani      Villabruna    -0.000809   -2.390056
dscore:      Villabruna f4:    -0.001632 Z:    -1.963169

details:            Naga      DevilsGate     0.003063   14.333200
details:      Chokhopani      DevilsGate     0.002123    7.194458
dscore:      DevilsGate f4:     0.000567 Z:     0.752880

gendstat:                Mbuti           Anatolia_N    -1.180
gendstat:                Mbuti                  Ami    -1.267
gendstat:                Mbuti                 Mixe    -1.452
gendstat:                Mbuti         Ganj_Dareh_N    -1.404
gendstat:                Mbuti                 Onge     0.770
gendstat:                Mbuti           Villabruna    -1.963
gendstat:                Mbuti           DevilsGate     0.753
gendstat:           Anatolia_N                  Ami    -0.247
gendstat:           Anatolia_N                 Mixe    -0.487
gendstat:           Anatolia_N         Ganj_Dareh_N    -0.565
gendstat:           Anatolia_N                 Onge     1.935
gendstat:           Anatolia_N           Villabruna    -1.309
gendstat:           Anatolia_N           DevilsGate     1.670
gendstat:                  Ami                 Mixe    -0.277
gendstat:                  Ami         Ganj_Dareh_N    -0.220
gendstat:                  Ami                 Onge     2.140
gendstat:                  Ami           Villabruna    -0.925
gendstat:                  Ami           DevilsGate     2.243
gendstat:                 Mixe         Ganj_Dareh_N     0.007
gendstat:                 Mixe                 Onge     2.149
gendstat:                 Mixe           Villabruna    -0.744
gendstat:                 Mixe           DevilsGate     2.167
gendstat:         Ganj_Dareh_N                 Onge     2.109
gendstat:         Ganj_Dareh_N           Villabruna    -0.777
gendstat:         Ganj_Dareh_N           DevilsGate     1.809
gendstat:                 Onge           Villabruna    -2.441
gendstat:                 Onge           DevilsGate     0.089
gendstat:           Villabruna           DevilsGate     2.211

## end of run
