/home/cliu7/utils/AdmixTools/bin/qpWave: parameter file: temp/param/qpAdm_Tamang.Yi.Chokhopani.par60dw6dw7
### THE INPUT PARAMETERS
##PARAMETER NAME: VALUE
DIR: data/intermediate
S1: HO_all_merged.qpAdm
indivname: data/intermediate/HO_all_merged.qpAdm.grouped.ind
snpname: data/intermediate/HO_all_merged.qpAdm.snp
genotypename: data/intermediate/HO_all_merged.qpAdm.geno
popleft: temp/param/left.60dw6dw7
popright: temp/param/right.60dw6dw7
details: YES
## qpWave version: 410
packed geno read OK
end of inpack

left pops:
Tamang
Yi
Chokhopani

right pops:
Mbuti
Anatolia_N
Ami
Mixe
Ganj_Dareh_N
Onge
Villabruna
DevilsGate

  0               Tamang    7
  1                   Yi    8
  2           Chokhopani    2
  3                Mbuti   10
  4           Anatolia_N   25
  5                  Ami   10
  6                 Mixe   10
  7         Ganj_Dareh_N    7
  8                 Onge   12
  9           Villabruna    1
 10           DevilsGate    4
jackknife block size:     0.050
snps: 498990  indivs: 96
number of blocks for block jackknife: 710
dof (jackknife):   583.326
numsnps used: 423867
f4info: 
f4rank: 0 dof:     14 chisq:   947.422 tail:      2.95980839e-193 dofdiff:      0 chisqdiff:     0.000 taildiff:                    1

f4info: 
f4rank: 1 dof:      6 chisq:    31.886 tail:       1.71560827e-05 dofdiff:      8 chisqdiff:   915.535 taildiff:      2.51581962e-192
B:
          scale     1.000 
     Anatolia_N    -0.219 
            Ami     1.881 
           Mixe     0.966 
   Ganj_Dareh_N    -0.250 
           Onge     0.375 
     Villabruna    -0.321 
     DevilsGate     1.475 
A:
          scale   624.464 
             Yi     1.263 
     Chokhopani     0.635 

f4info: 
f4rank: 2 dof:      0 chisq:     0.000 tail:                    1 dofdiff:      6 chisqdiff:    31.886 taildiff:       1.71560827e-05
B:
          scale     1.000     1.000 
     Anatolia_N    -0.299     0.829 
            Ami     1.764     1.391 
           Mixe     0.938     0.577 
   Ganj_Dareh_N    -0.363     1.260 
           Onge     0.425    -0.464 
     Villabruna    -0.415     1.059 
     DevilsGate     1.561    -1.059 
A:
          scale   606.628  3890.796 
             Yi     1.230     0.697 
     Chokhopani     0.697    -1.230 

## end of run
