/home/cliu7/utils/AdmixTools/bin/qpWave: parameter file: temp/param/qpAdm_Tamang.Naxi.UpperMustang.LC.parje1d6w58
### THE INPUT PARAMETERS
##PARAMETER NAME: VALUE
DIR: data/intermediate
S1: HO_all_merged.qpAdm
indivname: data/intermediate/HO_all_merged.qpAdm.grouped.ind
snpname: data/intermediate/HO_all_merged.qpAdm.snp
genotypename: data/intermediate/HO_all_merged.qpAdm.geno
popleft: temp/param/left.je1d6w58
popright: temp/param/right.je1d6w58
details: YES
## qpWave version: 410
packed geno read OK
end of inpack

left pops:
Tamang
Naxi
UpperMustang.LC

right pops:
Mbuti
Anatolia_N
Ami
Mixe
Ganj_Dareh_N
Onge
Villabruna
DevilsGate

  0               Tamang    7
  1                 Naxi    9
  2      UpperMustang.LC   11
  3                Mbuti   10
  4           Anatolia_N   25
  5                  Ami   10
  6                 Mixe   10
  7         Ganj_Dareh_N    7
  8                 Onge   12
  9           Villabruna    1
 10           DevilsGate    4
jackknife block size:     0.050
snps: 498990  indivs: 106
number of blocks for block jackknife: 710
dof (jackknife):   583.497
numsnps used: 422438
f4info: 
f4rank: 0 dof:     14 chisq:   806.242 tail:      5.11202904e-163 dofdiff:      0 chisqdiff:     0.000 taildiff:                    1

f4info: 
f4rank: 1 dof:      6 chisq:    40.202 tail:       4.15631549e-07 dofdiff:      8 chisqdiff:   766.039 taildiff:      4.28141107e-160
B:
          scale     1.000 
     Anatolia_N    -0.237 
            Ami     1.798 
           Mixe     1.006 
   Ganj_Dareh_N    -0.298 
           Onge     0.393 
     Villabruna    -0.175 
     DevilsGate     1.557 
A:
          scale   619.256 
           Naxi     1.234 
UpperMustang.LC     0.691 

f4info: 
f4rank: 2 dof:      0 chisq:     0.000 tail:                    1 dofdiff:      6 chisqdiff:    40.202 taildiff:       4.15631549e-07
B:
          scale     1.000     1.000 
     Anatolia_N    -0.277     0.657 
            Ami     1.735     1.394 
           Mixe     1.013    -0.461 
   Ganj_Dareh_N    -0.381     1.572 
           Onge     0.338     1.011 
     Villabruna    -0.210    -0.092 
     DevilsGate     1.607    -0.953 
A:
          scale   624.894  6041.387 
           Naxi     1.236     0.688 
UpperMustang.LC     0.688    -1.236 

## end of run
