/home/cliu7/utils/AdmixTools/bin/qpAdm: parameter file: temp/param/qpAdm_Gurung.Naga.Samdzong.Mala.parctuah54k
### THE INPUT PARAMETERS
##PARAMETER NAME: VALUE
DIR: data/intermediate
S1: HO_all_merged.qpAdm
indivname: data/intermediate/HO_all_merged.qpAdm.grouped.ind
snpname: data/intermediate/HO_all_merged.qpAdm.snp
genotypename: data/intermediate/HO_all_merged.qpAdm.geno
popleft: temp/param/left.ctuah54k
popright: temp/param/right.ctuah54k
details: YES
## qpAdm version: 810
seed: -791384417
packed geno read OK
end of inpack

left pops:
Gurung
Naga
Samdzong
Mala

right pops:
Mbuti
Anatolia_N
Ami
Mixe
Ganj_Dareh_N
Onge
Villabruna
DevilsGate

  0               Gurung    5
  1                 Naga    6
  2             Samdzong    9
  3                 Mala   11
  4                Mbuti   10
  5           Anatolia_N   25
  6                  Ami   10
  7                 Mixe   10
  8         Ganj_Dareh_N    7
  9                 Onge   12
 10           Villabruna    1
 11           DevilsGate    4
jackknife block size:     0.050
snps: 498990  indivs: 110
number of blocks for block jackknife: 710
## ncols: 498990
coverage:               Gurung 498036
coverage:                 Naga 498990
coverage:             Samdzong 498985
coverage:                 Mala 498990
coverage:                Mbuti 498990
coverage:           Anatolia_N 498137
coverage:                  Ami 498990
coverage:                 Mixe 498990
coverage:         Ganj_Dareh_N 457128
coverage:                 Onge 498990
coverage:           Villabruna 415230
coverage:           DevilsGate 498716
dof (jackknife):   583.381
numsnps used: 417715
codimension 1
f4info: 
f4rank: 2 dof:      5 chisq:     4.146 tail:          0.528599961 dofdiff:      7 chisqdiff:    -4.146 taildiff:                    1
B:
          scale     1.000     1.000 
     Anatolia_N    -0.316    -0.946 
            Ami     1.580     1.602 
           Mixe     1.067     0.289 
   Ganj_Dareh_N    -0.472     1.112 
           Onge     0.380     0.988 
     Villabruna    -0.163    -0.210 
     DevilsGate     1.695    -1.094 
A:
          scale   268.937  8415.730 
           Naga     0.302     0.088 
       Samdzong     0.088    -1.682 
           Mala    -1.703    -0.405 


full rank
f4info: 
f4rank: 3 dof:      0 chisq:     0.000 tail:                    1 dofdiff:      5 chisqdiff:     4.146 taildiff:          0.528599961
B:
          scale     1.000     1.000     1.000 
     Anatolia_N    -0.315    -0.740    -0.821 
            Ami     1.578     1.279     1.783 
           Mixe     1.068     0.148    -0.085 
   Ganj_Dareh_N    -0.472     1.332    -0.738 
           Onge     0.379     1.059    -0.597 
     Villabruna    -0.162    -0.336     1.444 
     DevilsGate     1.695    -1.337    -0.390 
A:
          scale   267.410  6768.626 13008.535 
           Naga     0.283    -0.269     1.343 
       Samdzong     0.063    -1.605     0.832 
           Mala    -1.708    -0.593     0.711 


best coefficients:     0.842     0.008     0.150 
Jackknife mean:      0.794746941     0.061571912     0.143681147 
      std. errors:     0.232     0.263     0.033 

error covariance (* 1000000)
     53732     -60861       7129 
    -60861      69064      -8203 
      7129      -8203       1074 


summ: Gurung    3      0.528600     0.795     0.062     0.144 53732 -60861  7129 69064 -8203  1074 

    fixed pat  wt  dof     chisq       tail prob
          000  0     5     4.146          0.5286     0.842     0.008     0.150 
          001  1     6    24.161     0.000487883    -0.275     1.275    -0.000  infeasible
          010  1     6     3.164        0.788027     0.850     0.000     0.150 
          100  1     6    18.117      0.00594604    -0.000     0.963     0.037 
          011  2     7   195.716               0     1.000    -0.000    -0.000 
          101  2     7    26.034     0.000496771     0.000     1.000    -0.000 
          110  2     7  3539.120               0     0.000    -0.000     1.000 
best pat:          000           0.5286              -  -
best pat:          010         0.788027  chi(nested):    -0.982 p-value for nested model:            -nan
best pat:          101      0.000496771 not nested

coeffs:     0.842     0.008     0.150 

## dscore:: f_4(Base, Fit, Rbase, right2)
## genstat:: f_4(Base, Fit, right1, right2)

details:            Naga      Anatolia_N    -0.000328   -2.049197
details:        Samdzong      Anatolia_N    -0.000027   -0.161791
details:            Mala      Anatolia_N     0.002015    9.862981
dscore:      Anatolia_N f4:     0.000026 Z:     0.173031

details:            Naga             Ami     0.001841    9.817430
details:        Samdzong             Ami     0.000121    0.620212
details:            Mala             Ami    -0.010153  -41.414032
dscore:             Ami f4:     0.000031 Z:     0.179810

details:            Naga            Mixe     0.001184    5.929156
details:        Samdzong            Mixe     0.000152    0.740550
details:            Mala            Mixe    -0.006887  -26.579325
dscore:            Mixe f4:    -0.000033 Z:    -0.179414

details:            Naga    Ganj_Dareh_N    -0.000549   -2.921453
details:        Samdzong    Ganj_Dareh_N    -0.000514   -2.717473
details:            Mala    Ganj_Dareh_N     0.002872   12.166262
dscore:    Ganj_Dareh_N f4:    -0.000037 Z:    -0.211365

details:            Naga            Onge     0.000365    1.904135
details:        Samdzong            Onge    -0.000248   -1.231178
details:            Mala            Onge    -0.002578  -11.273097
dscore:            Onge f4:    -0.000081 Z:    -0.457531

details:            Naga      Villabruna     0.000149    0.577670
details:        Samdzong      Villabruna     0.000106    0.387652
details:            Mala      Villabruna     0.001174    3.826506
dscore:      Villabruna f4:     0.000302 Z:     1.280379

details:            Naga      DevilsGate     0.001867    8.039288
details:        Samdzong      DevilsGate     0.000668    2.949776
details:            Mala      DevilsGate    -0.010774  -38.632786
dscore:      DevilsGate f4:    -0.000036 Z:    -0.166823

gendstat:                Mbuti           Anatolia_N     0.173
gendstat:                Mbuti                  Ami     0.180
gendstat:                Mbuti                 Mixe    -0.179
gendstat:                Mbuti         Ganj_Dareh_N    -0.211
gendstat:                Mbuti                 Onge    -0.458
gendstat:                Mbuti           Villabruna     1.280
gendstat:                Mbuti           DevilsGate    -0.167
gendstat:           Anatolia_N                  Ami     0.034
gendstat:           Anatolia_N                 Mixe    -0.332
gendstat:           Anatolia_N         Ganj_Dareh_N    -0.430
gendstat:           Anatolia_N                 Onge    -0.639
gendstat:           Anatolia_N           Villabruna     1.320
gendstat:           Anatolia_N           DevilsGate    -0.305
gendstat:                  Ami                 Mixe    -0.381
gendstat:                  Ami         Ganj_Dareh_N    -0.349
gendstat:                  Ami                 Onge    -0.631
gendstat:                  Ami           Villabruna     1.096
gendstat:                  Ami           DevilsGate    -0.387
gendstat:                 Mixe         Ganj_Dareh_N    -0.016
gendstat:                 Mixe                 Onge    -0.253
gendstat:                 Mixe           Villabruna     1.311
gendstat:                 Mixe           DevilsGate    -0.012
gendstat:         Ganj_Dareh_N                 Onge    -0.239
gendstat:         Ganj_Dareh_N           Villabruna     1.436
gendstat:         Ganj_Dareh_N           DevilsGate     0.003
gendstat:                 Onge           Villabruna     1.571
gendstat:                 Onge           DevilsGate     0.204
gendstat:           Villabruna           DevilsGate    -1.258

## end of run
