/home/cliu7/utils/AdmixTools/bin/qpWave: parameter file: temp/param/qpAdm_Gurung.Naga.Rhirhi.Pulliyar.parhx8958b0
### THE INPUT PARAMETERS
##PARAMETER NAME: VALUE
DIR: data/intermediate
S1: HO_all_merged.qpAdm
indivname: data/intermediate/HO_all_merged.qpAdm.grouped.ind
snpname: data/intermediate/HO_all_merged.qpAdm.snp
genotypename: data/intermediate/HO_all_merged.qpAdm.geno
popleft: temp/param/left.hx8958b0
popright: temp/param/right.hx8958b0
details: YES
## qpWave version: 410
packed geno read OK
end of inpack

left pops:
Gurung
Naga
Rhirhi
Pulliyar

right pops:
Mbuti
Anatolia_N
Ami
Mixe
Ganj_Dareh_N
Onge
Villabruna
DevilsGate

  0               Gurung    5
  1                 Naga    6
  2               Rhirhi    4
  3             Pulliyar   35
  4                Mbuti   10
  5           Anatolia_N   25
  6                  Ami   10
  7                 Mixe   10
  8         Ganj_Dareh_N    7
  9                 Onge   12
 10           Villabruna    1
 11           DevilsGate    4
jackknife block size:     0.050
snps: 498990  indivs: 129
number of blocks for block jackknife: 710
dof (jackknife):   584.917
numsnps used: 387001
f4info: 
f4rank: 0 dof:     21 chisq:  4595.642 tail:                    0 dofdiff:      0 chisqdiff:     0.000 taildiff:                    1

f4info: 
f4rank: 1 dof:     12 chisq:    37.573 tail:       0.000180261965 dofdiff:      9 chisqdiff:  4558.069 taildiff:                    0
B:
          scale     1.000 
     Anatolia_N    -0.221 
            Ami     1.588 
           Mixe     1.138 
   Ganj_Dareh_N    -0.364 
           Onge     0.304 
     Villabruna    -0.097 
     DevilsGate     1.702 
A:
          scale   273.868 
           Naga     0.316 
         Rhirhi     0.033 
       Pulliyar    -1.703 

f4info: 
f4rank: 2 dof:      5 chisq:     3.022 tail:          0.696597402 dofdiff:      7 chisqdiff:    34.551 taildiff:         1.357817e-05
B:
          scale     1.000     1.000 
     Anatolia_N    -0.217     0.542 
            Ami     1.599     1.022 
           Mixe     1.137     0.646 
   Ganj_Dareh_N    -0.350     1.048 
           Onge     0.320     1.324 
     Villabruna    -0.110    -0.794 
     DevilsGate     1.693    -1.328 
A:
          scale   273.361  3706.298 
           Naga     0.320    -0.137 
         Rhirhi     0.025    -1.726 
       Pulliyar    -1.702     0.021 

f4info: 
f4rank: 3 dof:      0 chisq:     0.000 tail:                    1 dofdiff:      5 chisqdiff:     3.022 taildiff:          0.696597402
B:
          scale     1.000     1.000     1.000 
     Anatolia_N    -0.213     0.564    -0.351 
            Ami     1.591     0.877     1.067 
           Mixe     1.140     0.669    -0.294 
   Ganj_Dareh_N    -0.341     1.139    -0.800 
           Onge     0.312     1.131     0.925 
     Villabruna    -0.122    -1.142     1.748 
     DevilsGate     1.701    -1.259    -1.050 
A:
          scale   272.107  3567.743 15736.001 
           Naga     0.311    -0.282     1.680 
         Rhirhi     0.022    -1.707    -0.291 
       Pulliyar    -1.704    -0.073     0.303 

## end of run
