/home/cliu7/utils/AdmixTools/bin/qpAdm: parameter file: temp/param/qpAdm_Gurung.Yi.UpperMustang.LC.Pulliyar.parw3ftxrrb
### THE INPUT PARAMETERS
##PARAMETER NAME: VALUE
DIR: data/intermediate
S1: HO_all_merged.qpAdm
indivname: data/intermediate/HO_all_merged.qpAdm.grouped.ind
snpname: data/intermediate/HO_all_merged.qpAdm.snp
genotypename: data/intermediate/HO_all_merged.qpAdm.geno
popleft: temp/param/left.w3ftxrrb
popright: temp/param/right.w3ftxrrb
details: YES
## qpAdm version: 810
seed: -1653762485
packed geno read OK
end of inpack

left pops:
Gurung
Yi
UpperMustang.LC
Pulliyar

right pops:
Mbuti
Anatolia_N
Ami
Mixe
Ganj_Dareh_N
Onge
Villabruna
DevilsGate

  0               Gurung    5
  1                   Yi    8
  2      UpperMustang.LC   11
  3             Pulliyar   35
  4                Mbuti   10
  5           Anatolia_N   25
  6                  Ami   10
  7                 Mixe   10
  8         Ganj_Dareh_N    7
  9                 Onge   12
 10           Villabruna    1
 11           DevilsGate    4
jackknife block size:     0.050
snps: 498990  indivs: 138
number of blocks for block jackknife: 710
## ncols: 498990
coverage:               Gurung 498036
coverage:                   Yi 498990
coverage:      UpperMustang.LC 498990
coverage:             Pulliyar 459213
coverage:                Mbuti 498990
coverage:           Anatolia_N 498137
coverage:                  Ami 498990
coverage:                 Mixe 498990
coverage:         Ganj_Dareh_N 457128
coverage:                 Onge 498990
coverage:           Villabruna 415230
coverage:           DevilsGate 498716
dof (jackknife):   584.956
numsnps used: 388926
codimension 1
f4info: 
f4rank: 2 dof:      5 chisq:     7.307 tail:          0.198769747 dofdiff:      7 chisqdiff:    -7.307 taildiff:                    1
B:
          scale     1.000     1.000 
     Anatolia_N    -0.216     0.302 
            Ami     1.640     1.795 
           Mixe     1.110    -0.553 
   Ganj_Dareh_N    -0.348     1.045 
           Onge     0.302     0.630 
     Villabruna    -0.135    -0.721 
     DevilsGate     1.674    -1.172 
A:
          scale   273.861  4934.645 
             Yi     0.361     1.431 
UpperMustang.LC     0.121    -0.683 
       Pulliyar    -1.690     0.697 


full rank
f4info: 
f4rank: 3 dof:      0 chisq:     0.000 tail:                    1 dofdiff:      5 chisqdiff:     7.307 taildiff:          0.198769747
B:
          scale     1.000     1.000     1.000 
     Anatolia_N    -0.204     0.429    -0.092 
            Ami     1.671     1.264    -2.124 
           Mixe     1.105    -0.692     1.087 
   Ganj_Dareh_N    -0.316     1.254     0.501 
           Onge     0.322     0.660     0.369 
     Villabruna    -0.147    -0.682    -0.311 
     DevilsGate     1.649    -1.505     0.902 
A:
          scale   274.484  4554.789  7011.585 
             Yi     0.360     0.560    -1.104 
UpperMustang.LC     0.078    -1.405    -1.128 
       Pulliyar    -1.692     0.843    -0.714 


best coefficients:     0.257     0.642     0.101 
Jackknife mean:      0.260865010     0.637772277     0.101362713 
      std. errors:     0.101     0.116     0.018 

error covariance (* 1000000)
     10212     -11624       1413 
    -11624      13351      -1726 
      1413      -1726        314 


summ: Gurung    3      0.198770     0.261     0.638     0.101 10212 -11624  1413 13351 -1726   314 

    fixed pat  wt  dof     chisq       tail prob
          000  0     5     7.307         0.19877     0.257     0.642     0.101 
          001  1     6    30.273     3.48787e-05    -0.275     1.275    -0.000  infeasible
          010  1     6    37.966     1.14046e-06     0.817    -0.000     0.183 
          100  1     6    13.688       0.0333187     0.000     0.935     0.065 
          011  2     7   355.154               0     1.000    -0.000    -0.000 
          101  2     7    41.030     7.98976e-07     0.000     1.000    -0.000 
          110  2     7  3089.941               0     0.000    -0.000     1.000 
best pat:          000          0.19877              -  -
best pat:          100        0.0333187  chi(nested):     6.381 p-value for nested model:        0.011535
best pat:          101      7.98976e-07  chi(nested):    27.342 p-value for nested model:     1.70506e-07

coeffs:     0.257     0.642     0.101 

## dscore:: f_4(Base, Fit, Rbase, right2)
## genstat:: f_4(Base, Fit, right1, right2)

details:              Yi      Anatolia_N    -0.000206   -1.422056
details: UpperMustang.LC      Anatolia_N    -0.000198   -1.339893
details:        Pulliyar      Anatolia_N     0.001315    5.971305
dscore:      Anatolia_N f4:    -0.000047 Z:    -0.362522

details:              Yi             Ami     0.002670   15.102751
details: UpperMustang.LC             Ami     0.000403    2.166661
details:        Pulliyar             Ami    -0.009938  -37.699566
dscore:             Ami f4:    -0.000056 Z:    -0.341832

details:              Yi            Mixe     0.001181    6.358863
details: UpperMustang.LC            Mixe     0.000328    1.689649
details:        Pulliyar            Mixe    -0.007144  -26.432533
dscore:            Mixe f4:    -0.000206 Z:    -1.200875

details:              Yi    Ganj_Dareh_N    -0.000341   -1.940609
details: UpperMustang.LC    Ganj_Dareh_N    -0.000568   -3.205174
details:        Pulliyar    Ganj_Dareh_N     0.002101    8.511627
dscore:    Ganj_Dareh_N f4:    -0.000240 Z:    -1.522364

details:              Yi            Onge     0.000441    2.488163
details: UpperMustang.LC            Onge    -0.000192   -1.066228
details:        Pulliyar            Onge    -0.001945   -8.051353
dscore:            Onge f4:    -0.000206 Z:    -1.286212

details:              Yi      Villabruna    -0.000213   -0.906972
details: UpperMustang.LC      Villabruna     0.000215    0.874304
details:        Pulliyar      Villabruna     0.000819    2.531392
dscore:      Villabruna f4:     0.000166 Z:     0.767005

details:              Yi      DevilsGate     0.001821    8.861676
details: UpperMustang.LC      DevilsGate     0.000763    3.471300
details:        Pulliyar      DevilsGate    -0.010622  -36.440589
dscore:      DevilsGate f4:    -0.000113 Z:    -0.589125

gendstat:                Mbuti           Anatolia_N    -0.363
gendstat:                Mbuti                  Ami    -0.342
gendstat:                Mbuti                 Mixe    -1.201
gendstat:                Mbuti         Ganj_Dareh_N    -1.522
gendstat:                Mbuti                 Onge    -1.286
gendstat:                Mbuti           Villabruna     0.767
gendstat:                Mbuti           DevilsGate    -0.589
gendstat:           Anatolia_N                  Ami    -0.060
gendstat:           Anatolia_N                 Mixe    -1.020
gendstat:           Anatolia_N         Ganj_Dareh_N    -1.437
gendstat:           Anatolia_N                 Onge    -1.033
gendstat:           Anatolia_N           Villabruna     1.135
gendstat:           Anatolia_N           DevilsGate    -0.352
gendstat:                  Ami                 Mixe    -1.015
gendstat:                  Ami         Ganj_Dareh_N    -1.020
gendstat:                  Ami                 Onge    -0.920
gendstat:                  Ami           Villabruna     0.980
gendstat:                  Ami           DevilsGate    -0.357
gendstat:                 Mixe         Ganj_Dareh_N    -0.181
gendstat:                 Mixe                 Onge     0.001
gendstat:                 Mixe           Villabruna     1.622
gendstat:                 Mixe           DevilsGate     0.499
gendstat:         Ganj_Dareh_N                 Onge     0.193
gendstat:         Ganj_Dareh_N           Villabruna     1.853
gendstat:         Ganj_Dareh_N           DevilsGate     0.607
gendstat:                 Onge           Villabruna     1.663
gendstat:                 Onge           DevilsGate     0.465
gendstat:           Villabruna           DevilsGate    -1.177

## end of run
