/home/cliu7/utils/AdmixTools/bin/qpAdm: parameter file: temp/param/qpAdm_Gurung.Yi.Lubrak.Mala.parcjd1of_s
### THE INPUT PARAMETERS
##PARAMETER NAME: VALUE
DIR: data/intermediate
S1: HO_all_merged.qpAdm
indivname: data/intermediate/HO_all_merged.qpAdm.grouped.ind
snpname: data/intermediate/HO_all_merged.qpAdm.snp
genotypename: data/intermediate/HO_all_merged.qpAdm.geno
popleft: temp/param/left.cjd1of_s
popright: temp/param/right.cjd1of_s
details: YES
## qpAdm version: 810
seed: -672437713
packed geno read OK
end of inpack

left pops:
Gurung
Yi
Lubrak
Mala

right pops:
Mbuti
Anatolia_N
Ami
Mixe
Ganj_Dareh_N
Onge
Villabruna
DevilsGate

  0               Gurung    5
  1                   Yi    8
  2               Lubrak    2
  3                 Mala   11
  4                Mbuti   10
  5           Anatolia_N   25
  6                  Ami   10
  7                 Mixe   10
  8         Ganj_Dareh_N    7
  9                 Onge   12
 10           Villabruna    1
 11           DevilsGate    4
jackknife block size:     0.050
snps: 498990  indivs: 105
number of blocks for block jackknife: 710
## ncols: 498990
coverage:               Gurung 498036
coverage:                   Yi 498990
coverage:               Lubrak 327444
coverage:                 Mala 498990
coverage:                Mbuti 498990
coverage:           Anatolia_N 498137
coverage:                  Ami 498990
coverage:                 Mixe 498990
coverage:         Ganj_Dareh_N 457128
coverage:                 Onge 498990
coverage:           Villabruna 415230
coverage:           DevilsGate 498716
dof (jackknife):   583.113
numsnps used: 305372
codimension 1
f4info: 
f4rank: 2 dof:      5 chisq:     9.405 tail:         0.0939561399 dofdiff:      7 chisqdiff:    -9.405 taildiff:                    1
B:
          scale     1.000     1.000 
     Anatolia_N    -0.304     0.020 
            Ami     1.643    -2.140 
           Mixe     1.051     0.026 
   Ganj_Dareh_N    -0.444    -0.038 
           Onge     0.377     0.063 
     Villabruna    -0.178     0.868 
     DevilsGate     1.653     1.288 
A:
          scale   267.625  4097.333 
             Yi     0.308    -1.183 
         Lubrak     0.201     1.046 
           Mala    -1.693    -0.711 


full rank
f4info: 
f4rank: 3 dof:      0 chisq:     0.000 tail:                    1 dofdiff:      5 chisqdiff:     9.405 taildiff:         0.0939561399
B:
          scale     1.000     1.000     1.000 
     Anatolia_N    -0.305     0.047     0.329 
            Ami     1.642    -1.982     2.021 
           Mixe     1.049    -0.016    -1.045 
   Ganj_Dareh_N    -0.444    -0.009     0.322 
           Onge     0.376    -0.138    -0.960 
     Villabruna    -0.176     1.049     0.431 
     DevilsGate     1.655     1.397    -0.711 
A:
          scale   268.216  3021.228  4687.355 
             Yi     0.319    -0.417     0.763 
         Lubrak     0.198     1.679     1.392 
           Mala    -1.691    -0.082     0.692 


best coefficients:     0.369     0.504     0.127 
Jackknife mean:      0.384674777     0.486456591     0.128868632 
      std. errors:     0.110     0.123     0.017 

error covariance (* 1000000)
     12163     -13458       1295 
    -13458      15035      -1578 
      1295      -1578        283 


summ: Gurung    3      0.093956     0.385     0.486     0.129 12163 -13458  1295 15035 -1578   283 

    fixed pat  wt  dof     chisq       tail prob
          000  0     5     9.405       0.0939561     0.369     0.504     0.127 
          001  1     6    30.601     3.02011e-05    -0.519     1.519    -0.000  infeasible
          010  1     6    40.521     3.59845e-07     0.825    -0.000     0.175 
          100  1     6    17.386      0.00796455     0.000     0.916     0.084 
          011  2     7   326.065               0     1.000     0.000    -0.000 
          101  2     7    39.631     1.48106e-06     0.000     1.000    -0.000 
          110  2     7  3250.482               0     0.000    -0.000     1.000 
best pat:          000        0.0939561              -  -
best pat:          100       0.00796455  chi(nested):     7.981 p-value for nested model:      0.00472737
best pat:          101      1.48106e-06  chi(nested):    22.245 p-value for nested model:      2.4001e-06

coeffs:     0.369     0.504     0.127 

## dscore:: f_4(Base, Fit, Rbase, right2)
## genstat:: f_4(Base, Fit, right1, right2)

details:              Yi      Anatolia_N    -0.000286   -1.918577
details:          Lubrak      Anatolia_N    -0.000014   -0.052367
details:            Mala      Anatolia_N     0.001999    9.385994
dscore:      Anatolia_N f4:     0.000141 Z:     0.807426

details:              Yi             Ami     0.002579   14.020268
details:          Lubrak             Ami     0.000798    2.575112
details:            Mala             Ami    -0.010004  -39.923467
dscore:             Ami f4:     0.000085 Z:     0.419822

details:              Yi            Mixe     0.001104    5.841015
details:          Lubrak            Mixe     0.000557    1.703864
details:            Mala            Mixe    -0.006764  -25.121652
dscore:            Mixe f4:    -0.000170 Z:    -0.803091

details:              Yi    Ganj_Dareh_N    -0.000428   -2.361407
details:          Lubrak    Ganj_Dareh_N    -0.000159   -0.485599
details:            Mala    Ganj_Dareh_N     0.002889   11.686760
dscore:    Ganj_Dareh_N f4:     0.000128 Z:     0.622926

details:              Yi            Onge     0.000322    1.783738
details:          Lubrak            Onge    -0.000006   -0.020302
details:            Mala            Onge    -0.002497  -10.652402
dscore:            Onge f4:    -0.000201 Z:    -1.014817

details:              Yi      Villabruna    -0.000263   -1.102840
details:          Lubrak      Villabruna     0.000756    1.738514
details:            Mala      Villabruna     0.001186    3.669276
dscore:      Villabruna f4:     0.000434 Z:     1.544612

details:              Yi      DevilsGate     0.001678    7.963322
details:          Lubrak      DevilsGate     0.001847    5.049859
details:            Mala      DevilsGate    -0.010593  -36.375774
dscore:      DevilsGate f4:     0.000206 Z:     0.877076

gendstat:                Mbuti           Anatolia_N     0.807
gendstat:                Mbuti                  Ami     0.420
gendstat:                Mbuti                 Mixe    -0.803
gendstat:                Mbuti         Ganj_Dareh_N     0.623
gendstat:                Mbuti                 Onge    -1.015
gendstat:                Mbuti           Villabruna     1.545
gendstat:                Mbuti           DevilsGate     0.877
gendstat:           Anatolia_N                  Ami    -0.312
gendstat:           Anatolia_N                 Mixe    -1.576
gendstat:           Anatolia_N         Ganj_Dareh_N    -0.073
gendstat:           Anatolia_N                 Onge    -1.791
gendstat:           Anatolia_N           Villabruna     1.248
gendstat:           Anatolia_N           DevilsGate     0.284
gendstat:                  Ami                 Mixe    -1.481
gendstat:                  Ami         Ganj_Dareh_N     0.198
gendstat:                  Ami                 Onge    -1.517
gendstat:                  Ami           Villabruna     1.285
gendstat:                  Ami           DevilsGate     0.624
gendstat:                 Mixe         Ganj_Dareh_N     1.253
gendstat:                 Mixe                 Onge    -0.146
gendstat:                 Mixe           Villabruna     2.089
gendstat:                 Mixe           DevilsGate     1.723
gendstat:         Ganj_Dareh_N                 Onge    -1.479
gendstat:         Ganj_Dareh_N           Villabruna     1.082
gendstat:         Ganj_Dareh_N           DevilsGate     0.304
gendstat:                 Onge           Villabruna     2.298
gendstat:                 Onge           DevilsGate     1.720
gendstat:           Villabruna           DevilsGate    -0.763

## end of run
