/home/cliu7/utils/AdmixTools/bin/qpAdm: parameter file: temp/param/qpAdm_Gurung.Yi.Samdzong.Han.pargzqwzbr3
### THE INPUT PARAMETERS
##PARAMETER NAME: VALUE
DIR: data/intermediate
S1: HO_all_merged.qpAdm
indivname: data/intermediate/HO_all_merged.qpAdm.grouped.ind
snpname: data/intermediate/HO_all_merged.qpAdm.snp
genotypename: data/intermediate/HO_all_merged.qpAdm.geno
popleft: temp/param/left.gzqwzbr3
popright: temp/param/right.gzqwzbr3
details: YES
## qpAdm version: 810
seed: -1848887996
packed geno read OK
end of inpack

left pops:
Gurung
Yi
Samdzong
Han

right pops:
Mbuti
Anatolia_N
Ami
Mixe
Ganj_Dareh_N
Onge
Villabruna
DevilsGate

  0               Gurung    5
  1                   Yi    8
  2             Samdzong    9
  3                  Han   33
  4                Mbuti   10
  5           Anatolia_N   25
  6                  Ami   10
  7                 Mixe   10
  8         Ganj_Dareh_N    7
  9                 Onge   12
 10           Villabruna    1
 11           DevilsGate    4
jackknife block size:     0.050
snps: 498990  indivs: 134
number of blocks for block jackknife: 710
## ncols: 498990
coverage:               Gurung 498036
coverage:                   Yi 498990
coverage:             Samdzong 498985
coverage:                  Han 498990
coverage:                Mbuti 498990
coverage:           Anatolia_N 498137
coverage:                  Ami 498990
coverage:                 Mixe 498990
coverage:         Ganj_Dareh_N 457128
coverage:                 Onge 498990
coverage:           Villabruna 415230
coverage:           DevilsGate 498716
dof (jackknife):   583.513
numsnps used: 419749
codimension 1
f4info: 
f4rank: 2 dof:      5 chisq:    12.221 tail:         0.0318871466 dofdiff:      7 chisqdiff:   -12.221 taildiff:                    1
B:
          scale     1.000     1.000 
     Anatolia_N    -0.121    -0.103 
            Ami     2.211     1.354 
           Mixe     0.760    -0.124 
   Ganj_Dareh_N    -0.137     1.479 
           Onge     0.288     0.972 
     Villabruna    -0.040    -0.430 
     DevilsGate     1.190    -1.350 
A:
          scale   749.672  5538.105 
             Yi     0.924    -0.566 
       Samdzong     0.174    -1.613 
            Han     1.455    -0.279 


full rank
f4info: 
f4rank: 3 dof:      0 chisq:     0.000 tail:                    1 dofdiff:      5 chisqdiff:    12.221 taildiff:         0.0318871466
B:
          scale     1.000     1.000     1.000 
     Anatolia_N    -0.128     0.047     0.283 
            Ami     2.192     1.089     1.758 
           Mixe     0.792    -0.382    -1.041 
   Ganj_Dareh_N    -0.128     1.546    -0.369 
           Onge     0.323     0.718    -1.115 
     Villabruna    -0.074    -0.146     1.168 
     DevilsGate     1.193    -1.655    -0.038 
A:
          scale   747.877  5371.324 14074.041 
             Yi     0.980    -0.602    -1.014 
       Samdzong     0.105    -1.586     1.023 
            Han     1.424    -0.348     0.962 


best coefficients:     6.768    -1.669    -4.099 
Jackknife mean:    -23.713170470    10.605942238    14.107228232 
      std. errors:    12.937     5.205     7.736 

error covariance (* 1000000)
 167361156  -67303072 -100058084 
 -67303072   27092510   40210563 
-100058084   40210563   59847521 


summ: Gurung    3      0.031887   -23.713    10.606    14.107 167361156 -67303072 -100058084 27092510 40210563 59847521 

    fixed pat  wt  dof     chisq       tail prob
          000  0     5    12.221       0.0318871     6.768    -1.669    -4.099  infeasible
          001  1     6    24.215      0.00047668    -0.085     1.085    -0.000  infeasible
          010  1     6    14.007       0.0295549     2.639    -0.000    -1.639  infeasible
          100  1     6    24.289     0.000461952    -0.000     1.046    -0.046  infeasible
          011  2     7   355.927               0     1.000    -0.000     0.000 
          101  2     7    25.872       0.0005309     0.000     1.000     0.000 
          110  2     7  1032.002               0     0.000    -0.000     1.000 
best pat:          000        0.0318871              -  -
best pat:          010        0.0295549  chi(nested):     1.787 p-value for nested model:        0.181329 infeasible
best pat:          101        0.0005309 not nested

coeffs:     6.768    -1.669    -4.099 

## dscore:: f_4(Base, Fit, Rbase, right2)
## genstat:: f_4(Base, Fit, right1, right2)

details:              Yi      Anatolia_N    -0.000207   -1.462805
details:        Samdzong      Anatolia_N    -0.000027   -0.161916
details:             Han      Anatolia_N    -0.000230   -1.741377
dscore:      Anatolia_N f4:    -0.000413 Z:    -0.634803

details:              Yi             Ami     0.002633   15.166545
details:        Samdzong             Ami     0.000121    0.620733
details:             Han             Ami     0.004241   26.078578
dscore:             Ami f4:     0.000236 Z:     0.291453

details:              Yi            Mixe     0.001161    6.427230
details:        Samdzong            Mixe     0.000151    0.741211
details:             Han            Mixe     0.001480    8.515890
dscore:            Mixe f4:     0.001541 Z:     1.883677

details:              Yi    Ganj_Dareh_N    -0.000328   -1.895743
details:        Samdzong    Ganj_Dareh_N    -0.000511   -2.719811
details:             Han    Ganj_Dareh_N    -0.000368   -2.288960
dscore:    Ganj_Dareh_N f4:     0.000143 Z:     0.176179

details:              Yi            Onge     0.000425    2.456877
details:        Samdzong            Onge    -0.000247   -1.232641
details:             Han            Onge     0.000501    3.199337
dscore:            Onge f4:     0.001233 Z:     1.550435

details:              Yi      Villabruna    -0.000194   -0.850602
details:        Samdzong      Villabruna     0.000105    0.387832
details:             Han      Villabruna    -0.000054   -0.251975
dscore:      Villabruna f4:    -0.001268 Z:    -1.285479

details:              Yi      DevilsGate     0.001762    8.849124
details:        Samdzong      DevilsGate     0.000665    2.952294
details:             Han      DevilsGate     0.002394   12.674951
dscore:      DevilsGate f4:     0.001001 Z:     1.116894

gendstat:                Mbuti           Anatolia_N    -0.635
gendstat:                Mbuti                  Ami     0.291
gendstat:                Mbuti                 Mixe     1.884
gendstat:                Mbuti         Ganj_Dareh_N     0.176
gendstat:                Mbuti                 Onge     1.550
gendstat:                Mbuti           Villabruna    -1.285
gendstat:                Mbuti           DevilsGate     1.117
gendstat:           Anatolia_N                  Ami     0.875
gendstat:           Anatolia_N                 Mixe     2.573
gendstat:           Anatolia_N         Ganj_Dareh_N     0.835
gendstat:           Anatolia_N                 Onge     2.245
gendstat:           Anatolia_N           Villabruna    -0.995
gendstat:           Anatolia_N           DevilsGate     1.604
gendstat:                  Ami                 Mixe     1.789
gendstat:                  Ami         Ganj_Dareh_N    -0.110
gendstat:                  Ami                 Onge     1.283
gendstat:                  Ami           Villabruna    -1.398
gendstat:                  Ami           DevilsGate     0.959
gendstat:                 Mixe         Ganj_Dareh_N    -1.551
gendstat:                 Mixe                 Onge    -0.379
gendstat:                 Mixe           Villabruna    -2.610
gendstat:                 Mixe           DevilsGate    -0.611
gendstat:         Ganj_Dareh_N                 Onge     1.236
gendstat:         Ganj_Dareh_N           Villabruna    -1.405
gendstat:         Ganj_Dareh_N           DevilsGate     0.834
gendstat:                 Onge           Villabruna    -2.348
gendstat:                 Onge           DevilsGate    -0.250
gendstat:           Villabruna           DevilsGate     1.913

## end of run
