/home/cliu7/utils/AdmixTools/bin/qpWave: parameter file: temp/param/qpAdm_Gurung.Naga.Kyang.Pathan.par5zuedor_
### THE INPUT PARAMETERS
##PARAMETER NAME: VALUE
DIR: data/intermediate
S1: HO_all_merged.qpAdm
indivname: data/intermediate/HO_all_merged.qpAdm.grouped.ind
snpname: data/intermediate/HO_all_merged.qpAdm.snp
genotypename: data/intermediate/HO_all_merged.qpAdm.geno
popleft: temp/param/left.5zuedor_
popright: temp/param/right.5zuedor_
details: YES
## qpWave version: 410
packed geno read OK
end of inpack

left pops:
Gurung
Naga
Kyang
Pathan

right pops:
Mbuti
Anatolia_N
Ami
Mixe
Ganj_Dareh_N
Onge
Villabruna
DevilsGate

  0               Gurung    5
  1                 Naga    6
  2                Kyang    7
  3               Pathan   18
  4                Mbuti   10
  5           Anatolia_N   25
  6                  Ami   10
  7                 Mixe   10
  8         Ganj_Dareh_N    7
  9                 Onge   12
 10           Villabruna    1
 11           DevilsGate    4
jackknife block size:     0.050
snps: 498990  indivs: 115
number of blocks for block jackknife: 710
dof (jackknife):   583.433
numsnps used: 415372
f4info: 
f4rank: 0 dof:     21 chisq:  7596.317 tail:                    0 dofdiff:      0 chisqdiff:     0.000 taildiff:                    1

f4info: 
f4rank: 1 dof:     12 chisq:    51.473 tail:        7.6851504e-07 dofdiff:      9 chisqdiff:  7544.844 taildiff:                    0
B:
          scale     1.000 
     Anatolia_N    -0.661 
            Ami     1.487 
           Mixe     0.882 
   Ganj_Dareh_N    -0.696 
           Onge     0.649 
     Villabruna    -0.494 
     DevilsGate     1.557 
A:
          scale   201.343 
           Naga     0.194 
          Kyang     0.048 
         Pathan    -1.720 

f4info: 
f4rank: 2 dof:      5 chisq:    20.990 tail:       0.000813486709 dofdiff:      7 chisqdiff:    30.483 taildiff:          7.74269e-05
B:
          scale     1.000     1.000 
     Anatolia_N    -0.654     0.545 
            Ami     1.509     1.980 
           Mixe     0.883     1.171 
   Ganj_Dareh_N    -0.673     1.169 
           Onge     0.647     0.152 
     Villabruna    -0.492     0.057 
     DevilsGate     1.549    -0.137 
A:
          scale   201.056  5615.335 
           Naga     0.192     0.653 
          Kyang     0.060    -1.481 
         Pathan    -1.720     0.616 

f4info: 
f4rank: 3 dof:      0 chisq:     0.000 tail:                    1 dofdiff:      5 chisqdiff:    20.990 taildiff:       0.000813486709
B:
          scale     1.000     1.000     1.000 
     Anatolia_N    -0.681     0.794     0.750 
            Ami     1.491     0.020     1.581 
           Mixe     0.862     0.416     0.795 
   Ganj_Dareh_N    -0.693    -0.225     1.605 
           Onge     0.662    -0.944    -0.083 
     Villabruna    -0.529     2.014     0.124 
     DevilsGate     1.540     1.095    -0.843 
A:
          scale   203.286  3830.617  6753.948 
           Naga     0.216     1.316     1.105 
          Kyang     0.056     1.107    -1.331 
         Pathan    -1.718     0.202     0.096 

## end of run
