/home/cliu7/utils/AdmixTools/bin/qpWave: parameter file: temp/param/qpAdm_Gurung.Naga.Lubrak.Han.par9dst96v8
### THE INPUT PARAMETERS
##PARAMETER NAME: VALUE
DIR: data/intermediate
S1: HO_all_merged.qpAdm
indivname: data/intermediate/HO_all_merged.qpAdm.grouped.ind
snpname: data/intermediate/HO_all_merged.qpAdm.snp
genotypename: data/intermediate/HO_all_merged.qpAdm.geno
popleft: temp/param/left.9dst96v8
popright: temp/param/right.9dst96v8
details: YES
## qpWave version: 410
packed geno read OK
end of inpack

left pops:
Gurung
Naga
Lubrak
Han

right pops:
Mbuti
Anatolia_N
Ami
Mixe
Ganj_Dareh_N
Onge
Villabruna
DevilsGate

  0               Gurung    5
  1                 Naga    6
  2               Lubrak    2
  3                  Han   33
  4                Mbuti   10
  5           Anatolia_N   25
  6                  Ami   10
  7                 Mixe   10
  8         Ganj_Dareh_N    7
  9                 Onge   12
 10           Villabruna    1
 11           DevilsGate    4
jackknife block size:     0.050
snps: 498990  indivs: 125
number of blocks for block jackknife: 710
dof (jackknife):   583.298
numsnps used: 306237
f4info: 
f4rank: 0 dof:     21 chisq:  1288.993 tail:      5.47637758e-260 dofdiff:      0 chisqdiff:     0.000 taildiff:                    1

f4info: 
f4rank: 1 dof:     12 chisq:    85.330 tail:       3.93217328e-13 dofdiff:      9 chisqdiff:  1203.662 taildiff:      1.96374426e-253
B:
          scale     1.000 
     Anatolia_N    -0.089 
            Ami     2.275 
           Mixe     0.695 
   Ganj_Dareh_N    -0.096 
           Onge     0.246 
     Villabruna    -0.092 
     DevilsGate     1.121 
A:
          scale   865.754 
           Naga     0.678 
         Lubrak     0.303 
            Han     1.565 

f4info: 
f4rank: 2 dof:      5 chisq:     9.181 tail:          0.102042705 dofdiff:      7 chisqdiff:    76.149 taildiff:       8.37863145e-14
B:
          scale     1.000     1.000 
     Anatolia_N    -0.194    -0.319 
            Ami     1.972    -1.623 
           Mixe     0.854     0.653 
   Ganj_Dareh_N    -0.310    -0.689 
           Onge     0.219    -0.015 
     Villabruna     0.056     0.766 
     DevilsGate     1.482     1.666 
A:
          scale   755.729  3600.148 
           Naga     0.829     0.768 
         Lubrak     0.500     1.233 
            Han     1.436    -0.943 

f4info: 
f4rank: 3 dof:      0 chisq:     0.000 tail:                    1 dofdiff:      5 chisqdiff:     9.181 taildiff:          0.102042705
B:
          scale     1.000     1.000     1.000 
     Anatolia_N    -0.170     0.036     0.992 
            Ami     1.979    -1.466     0.817 
           Mixe     0.839     0.210    -1.429 
   Ganj_Dareh_N    -0.272    -0.187     1.309 
           Onge     0.224    -0.230    -0.658 
     Villabruna     0.103     1.294     1.072 
     DevilsGate     1.489     1.744     0.096 
A:
          scale   751.395  3169.433  9126.537 
           Naga     0.826     0.511    -1.434 
         Lubrak     0.526     1.435     0.814 
            Han     1.429    -0.824     0.529 

## end of run
