/home/cliu7/utils/AdmixTools/bin/qpAdm: parameter file: temp/param/qpAdm_Gurung.YR_MN.UpperMustang.LC.Mala.par2xktfi1_
### THE INPUT PARAMETERS
##PARAMETER NAME: VALUE
DIR: data/intermediate
S1: HO_all_merged.qpAdm
indivname: data/intermediate/HO_all_merged.qpAdm.grouped.ind
snpname: data/intermediate/HO_all_merged.qpAdm.snp
genotypename: data/intermediate/HO_all_merged.qpAdm.geno
popleft: temp/param/left.2xktfi1_
popright: temp/param/right.2xktfi1_
details: YES
## qpAdm version: 810
seed: -360154342
packed geno read OK
end of inpack

left pops:
Gurung
YR_MN
UpperMustang.LC
Mala

right pops:
Mbuti
Anatolia_N
Ami
Mixe
Ganj_Dareh_N
Onge
Villabruna
DevilsGate

  0               Gurung    5
  1                YR_MN    8
  2      UpperMustang.LC   11
  3                 Mala   11
  4                Mbuti   10
  5           Anatolia_N   25
  6                  Ami   10
  7                 Mixe   10
  8         Ganj_Dareh_N    7
  9                 Onge   12
 10           Villabruna    1
 11           DevilsGate    4
jackknife block size:     0.050
snps: 498990  indivs: 114
number of blocks for block jackknife: 710
## ncols: 498990
coverage:               Gurung 498036
coverage:                YR_MN 497089
coverage:      UpperMustang.LC 498990
coverage:                 Mala 498990
coverage:                Mbuti 498990
coverage:           Anatolia_N 498137
coverage:                  Ami 498990
coverage:                 Mixe 498990
coverage:         Ganj_Dareh_N 457128
coverage:                 Onge 498990
coverage:           Villabruna 415230
coverage:           DevilsGate 498716
dof (jackknife):   583.439
numsnps used: 417096
codimension 1
f4info: 
f4rank: 2 dof:      5 chisq:    12.948 tail:         0.0238666561 dofdiff:      7 chisqdiff:   -12.948 taildiff:                    1
B:
          scale     1.000     1.000 
     Anatolia_N    -0.324    -0.218 
            Ami     1.587     2.125 
           Mixe     1.062    -0.620 
   Ganj_Dareh_N    -0.476     1.329 
           Onge     0.360    -0.494 
     Villabruna    -0.152    -0.010 
     DevilsGate     1.694    -0.209 
A:
          scale   269.447  7028.563 
          YR_MN     0.305     1.631 
UpperMustang.LC     0.119    -0.580 
           Mala    -1.701     0.059 


full rank
f4info: 
f4rank: 3 dof:      0 chisq:     0.000 tail:                    1 dofdiff:      5 chisqdiff:    12.948 taildiff:         0.0238666561
B:
          scale     1.000     1.000     1.000 
     Anatolia_N    -0.321    -0.363    -0.065 
            Ami     1.589     1.655     1.799 
           Mixe     1.064    -0.599    -0.591 
   Ganj_Dareh_N    -0.471    -0.086     1.665 
           Onge     0.364    -1.661     0.148 
     Villabruna    -0.150     0.988    -0.536 
     DevilsGate     1.692     0.168    -0.572 
A:
          scale   267.253  5192.663  7129.807 
          YR_MN     0.289     1.339     0.222 
UpperMustang.LC     0.093     0.881    -1.601 
           Mala    -1.705     0.656    -0.622 


best coefficients:     0.237     0.674     0.089 
Jackknife mean:      0.236275242     0.674501538     0.089223220 
      std. errors:     0.198     0.222     0.026 

error covariance (* 1000000)
     39306     -44054       4747 
    -44054      49482      -5429 
      4747      -5429        682 


summ: Gurung    3      0.023867     0.236     0.675     0.089 39306 -44054  4747 49482 -5429   682 

    fixed pat  wt  dof     chisq       tail prob
          000  0     5    12.948       0.0238667     0.237     0.674     0.089 
          001  1     6    41.316     2.50836e-07    -0.465     1.465    -0.000  infeasible
          010  1     6    19.158      0.00390531     0.834    -0.000     0.166 
          100  1     6    14.714       0.0226032     0.000     0.940     0.060 
          011  2     7   195.993               0     1.000    -0.000    -0.000 
          101  2     7    42.625     3.93985e-07     0.000     1.000    -0.000 
          110  2     7  3539.525               0     0.000    -0.000     1.000 
best pat:          000        0.0238667              -  -
best pat:          100        0.0226032  chi(nested):     1.765 p-value for nested model:        0.183956
best pat:          101      3.93985e-07  chi(nested):    27.912 p-value for nested model:      1.2699e-07

coeffs:     0.237     0.674     0.089 

## dscore:: f_4(Base, Fit, Rbase, right2)
## genstat:: f_4(Base, Fit, right1, right2)

details:           YR_MN      Anatolia_N    -0.000332   -1.670871
details: UpperMustang.LC      Anatolia_N    -0.000188   -1.286718
details:            Mala      Anatolia_N     0.002014    9.881059
dscore:      Anatolia_N f4:    -0.000025 Z:    -0.189671

details:           YR_MN             Ami     0.002281    9.926104
details: UpperMustang.LC             Ami     0.000407    2.225561
details:            Mala             Ami    -0.010140  -41.464138
dscore:             Ami f4:    -0.000093 Z:    -0.549570

details:           YR_MN            Mixe     0.001048    4.303919
details: UpperMustang.LC            Mixe     0.000358    1.879135
details:            Mala            Mixe    -0.006871  -26.574760
dscore:            Mixe f4:    -0.000125 Z:    -0.728597

details:           YR_MN    Ganj_Dareh_N    -0.000340   -1.378321
details: UpperMustang.LC    Ganj_Dareh_N    -0.000558   -3.181978
details:            Mala    Ganj_Dareh_N     0.002864   12.146503
dscore:    Ganj_Dareh_N f4:    -0.000200 Z:    -1.244578

details:           YR_MN            Onge     0.000062    0.268871
details: UpperMustang.LC            Onge    -0.000192   -1.094708
details:            Mala            Onge    -0.002568  -11.231477
dscore:            Onge f4:    -0.000345 Z:    -2.173219

details:           YR_MN      Villabruna     0.000264    0.837706
details: UpperMustang.LC      Villabruna     0.000254    1.053021
details:            Mala      Villabruna     0.001168    3.814135
dscore:      Villabruna f4:     0.000338 Z:     1.557066

details:           YR_MN      DevilsGate     0.001987    7.210975
details: UpperMustang.LC      DevilsGate     0.000734    3.426627
details:            Mala      DevilsGate    -0.010762  -38.645595
dscore:      DevilsGate f4:     0.000003 Z:     0.013566

gendstat:                Mbuti           Anatolia_N    -0.190
gendstat:                Mbuti                  Ami    -0.550
gendstat:                Mbuti                 Mixe    -0.729
gendstat:                Mbuti         Ganj_Dareh_N    -1.245
gendstat:                Mbuti                 Onge    -2.173
gendstat:                Mbuti           Villabruna     1.557
gendstat:                Mbuti           DevilsGate     0.014
gendstat:           Anatolia_N                  Ami    -0.443
gendstat:           Anatolia_N                 Mixe    -0.640
gendstat:           Anatolia_N         Ganj_Dareh_N    -1.291
gendstat:           Anatolia_N                 Onge    -2.073
gendstat:           Anatolia_N           Villabruna     1.897
gendstat:           Anatolia_N           DevilsGate     0.146
gendstat:                  Ami                 Mixe    -0.219
gendstat:                  Ami         Ganj_Dareh_N    -0.595
gendstat:                  Ami                 Onge    -1.563
gendstat:                  Ami           Villabruna     1.915
gendstat:                  Ami           DevilsGate     0.591
gendstat:                 Mixe         Ganj_Dareh_N    -0.393
gendstat:                 Mixe                 Onge    -1.276
gendstat:                 Mixe           Villabruna     2.032
gendstat:                 Mixe           DevilsGate     0.667
gendstat:         Ganj_Dareh_N                 Onge    -0.814
gendstat:         Ganj_Dareh_N           Villabruna     2.443
gendstat:         Ganj_Dareh_N           DevilsGate     0.952
gendstat:                 Onge           Villabruna     3.042
gendstat:                 Onge           DevilsGate     1.697
gendstat:           Villabruna           DevilsGate    -1.402

## end of run
