/home/cliu7/utils/AdmixTools/bin/qpWave: parameter file: temp/param/qpAdm_Gurung.YR_MN.Chokhopani.Mala.parskqo00rm
### THE INPUT PARAMETERS
##PARAMETER NAME: VALUE
DIR: data/intermediate
S1: HO_all_merged.qpAdm
indivname: data/intermediate/HO_all_merged.qpAdm.grouped.ind
snpname: data/intermediate/HO_all_merged.qpAdm.snp
genotypename: data/intermediate/HO_all_merged.qpAdm.geno
popleft: temp/param/left.skqo00rm
popright: temp/param/right.skqo00rm
details: YES
## qpWave version: 410
packed geno read OK
end of inpack

left pops:
Gurung
YR_MN
Chokhopani
Mala

right pops:
Mbuti
Anatolia_N
Ami
Mixe
Ganj_Dareh_N
Onge
Villabruna
DevilsGate

  0               Gurung    5
  1                YR_MN    8
  2           Chokhopani    2
  3                 Mala   11
  4                Mbuti   10
  5           Anatolia_N   25
  6                  Ami   10
  7                 Mixe   10
  8         Ganj_Dareh_N    7
  9                 Onge   12
 10           Villabruna    1
 11           DevilsGate    4
jackknife block size:     0.050
snps: 498990  indivs: 105
number of blocks for block jackknife: 710
dof (jackknife):   583.367
numsnps used: 417773
f4info: 
f4rank: 0 dof:     21 chisq:  4701.911 tail:                    0 dofdiff:      0 chisqdiff:     0.000 taildiff:                    1

f4info: 
f4rank: 1 dof:     12 chisq:    40.979 tail:       4.93933963e-05 dofdiff:      9 chisqdiff:  4660.932 taildiff:                    0
B:
          scale     1.000 
     Anatolia_N    -0.313 
            Ami     1.604 
           Mixe     1.049 
   Ganj_Dareh_N    -0.444 
           Onge     0.383 
     Villabruna    -0.159 
     DevilsGate     1.691 
A:
          scale   267.297 
          YR_MN     0.339 
     Chokhopani     0.112 
           Mala    -1.695 

f4info: 
f4rank: 2 dof:      5 chisq:     4.668 tail:          0.457675071 dofdiff:      7 chisqdiff:    36.311 taildiff:        6.3327785e-06
B:
          scale     1.000     1.000 
     Anatolia_N    -0.319     0.444 
            Ami     1.599     1.184 
           Mixe     1.052     0.157 
   Ganj_Dareh_N    -0.451     1.165 
           Onge     0.385    -1.159 
     Villabruna    -0.168     1.551 
     DevilsGate     1.689    -0.519 
A:
          scale   267.213  4661.229 
          YR_MN     0.329     1.369 
     Chokhopani     0.120    -1.035 
           Mala    -1.696     0.235 

f4info: 
f4rank: 3 dof:      0 chisq:     0.000 tail:                    1 dofdiff:      5 chisqdiff:     4.668 taildiff:          0.457675071
B:
          scale     1.000     1.000     1.000 
     Anatolia_N    -0.316     0.511     0.588 
            Ami     1.595     1.229    -0.444 
           Mixe     1.065     0.288     1.994 
   Ganj_Dareh_N    -0.447     1.253     0.874 
           Onge     0.391    -1.072     0.882 
     Villabruna    -0.172     1.469    -0.595 
     DevilsGate     1.685    -0.518    -0.764 
A:
          scale   266.285  4735.309  8107.585 
          YR_MN     0.317     1.218    -1.190 
     Chokhopani     0.106    -1.222    -1.223 
           Mala    -1.700     0.151    -0.298 

## end of run
