/home/cliu7/utils/AdmixTools/bin/qpAdm: parameter file: temp/param/qpAdm_Gurung.Naxi.Rhirhi.Pathan.parfxlitfgb
### THE INPUT PARAMETERS
##PARAMETER NAME: VALUE
DIR: data/intermediate
S1: HO_all_merged.qpAdm
indivname: data/intermediate/HO_all_merged.qpAdm.grouped.ind
snpname: data/intermediate/HO_all_merged.qpAdm.snp
genotypename: data/intermediate/HO_all_merged.qpAdm.geno
popleft: temp/param/left.fxlitfgb
popright: temp/param/right.fxlitfgb
details: YES
## qpAdm version: 810
seed: 161139503
packed geno read OK
end of inpack

left pops:
Gurung
Naxi
Rhirhi
Pathan

right pops:
Mbuti
Anatolia_N
Ami
Mixe
Ganj_Dareh_N
Onge
Villabruna
DevilsGate

  0               Gurung    5
  1                 Naxi    9
  2               Rhirhi    4
  3               Pathan   18
  4                Mbuti   10
  5           Anatolia_N   25
  6                  Ami   10
  7                 Mixe   10
  8         Ganj_Dareh_N    7
  9                 Onge   12
 10           Villabruna    1
 11           DevilsGate    4
jackknife block size:     0.050
snps: 498990  indivs: 115
number of blocks for block jackknife: 710
## ncols: 498990
coverage:               Gurung 498036
coverage:                 Naxi 498990
coverage:               Rhirhi 489694
coverage:               Pathan 498990
coverage:                Mbuti 498990
coverage:           Anatolia_N 498137
coverage:                  Ami 498990
coverage:                 Mixe 498990
coverage:         Ganj_Dareh_N 457128
coverage:                 Onge 498990
coverage:           Villabruna 415230
coverage:           DevilsGate 498716
dof (jackknife):   583.489
numsnps used: 412516
codimension 1
f4info: 
f4rank: 2 dof:      5 chisq:    26.798 tail:       6.24430427e-05 dofdiff:      7 chisqdiff:   -26.798 taildiff:                    1
B:
          scale     1.000     1.000 
     Anatolia_N    -0.653     1.097 
            Ami     1.529     1.807 
           Mixe     0.862     0.271 
   Ganj_Dareh_N    -0.670     1.012 
           Onge     0.636    -0.675 
     Villabruna    -0.494     0.065 
     DevilsGate     1.548    -0.987 
A:
          scale   202.157  4345.117 
           Naxi     0.228     1.330 
         Rhirhi     0.011    -0.873 
         Pathan    -1.717     0.684 


full rank
f4info: 
f4rank: 3 dof:      0 chisq:     0.000 tail:                    1 dofdiff:      5 chisqdiff:    26.798 taildiff:       6.24430427e-05
B:
          scale     1.000     1.000     1.000 
     Anatolia_N    -0.651     0.738     1.118 
            Ami     1.532     0.522     1.808 
           Mixe     0.861    -0.650     0.262 
   Ganj_Dareh_N    -0.670    -0.049     1.087 
           Onge     0.636    -1.876    -0.429 
     Villabruna    -0.490     1.445    -0.036 
     DevilsGate     1.547     0.390    -1.024 
A:
          scale   203.156  3667.095  3816.294 
           Naxi     0.240     0.786     0.773 
         Rhirhi     0.028     1.406    -1.505 
         Pathan    -1.715     0.636     0.373 


best coefficients:     0.360     0.589     0.052 
Jackknife mean:      0.296591990     0.657173008     0.046235001 
      std. errors:     0.125     0.139     0.016 

error covariance (* 1000000)
     15564     -17324       1760 
    -17324      19355      -2030 
      1760      -2030        270 


summ: Gurung    3      0.000062     0.297     0.657     0.046 15564 -17324  1760 19355 -2030   270 

    fixed pat  wt  dof     chisq       tail prob
          000  0     5    26.798      6.2443e-05     0.360     0.589     0.052 
          001  1     6   107.696     6.18859e-21    -0.049     1.049     0.000  infeasible
          010  1     6    57.474     1.46449e-10     0.888    -0.000     0.112 
          100  1     6    35.164     4.00463e-06     0.000     0.991     0.009 
          011  2     7   308.964               0     1.000    -0.000    -0.000 
          101  2     7    34.001     1.72166e-05     0.000     1.000    -0.000 
          110  2     7  5799.947               0     0.000    -0.000     1.000 
best pat:          000       6.2443e-05              -  -
best pat:          100      4.00463e-06  chi(nested):     8.366 p-value for nested model:      0.00382255
best pat:          101      1.72166e-05  chi(nested):    -1.163 p-value for nested model:            -nan

coeffs:     0.360     0.589     0.052 

## dscore:: f_4(Base, Fit, Rbase, right2)
## genstat:: f_4(Base, Fit, right1, right2)

details:            Naxi      Anatolia_N    -0.000228   -1.535272
details:          Rhirhi      Anatolia_N    -0.000238   -1.144527
details:          Pathan      Anatolia_N     0.005823   28.004350
dscore:      Anatolia_N f4:     0.000078 Z:     0.500686

details:            Naxi             Ami     0.002411   13.897649
details:          Rhirhi             Ami    -0.000290   -1.164540
details:          Pathan             Ami    -0.012624  -49.165806
dscore:             Ami f4:     0.000045 Z:     0.236613

details:            Naxi            Mixe     0.001108    6.185884
details:          Rhirhi            Mixe    -0.000198   -0.741362
details:          Pathan            Mixe    -0.007275  -25.895185
dscore:            Mixe f4:    -0.000093 Z:    -0.473188

details:            Naxi    Ganj_Dareh_N    -0.000389   -2.173440
details:          Rhirhi    Ganj_Dareh_N    -0.000510   -1.894183
details:          Pathan    Ganj_Dareh_N     0.005885   23.871888
dscore:    Ganj_Dareh_N f4:    -0.000136 Z:    -0.682860

details:            Naxi            Onge     0.000426    2.478169
details:          Rhirhi            Onge    -0.000513   -2.067219
details:          Pathan            Onge    -0.005673  -23.770774
dscore:            Onge f4:    -0.000441 Z:    -2.442630

details:            Naxi      Villabruna     0.000041    0.174820
details:          Rhirhi      Villabruna     0.000601    1.779096
details:          Pathan      Villabruna     0.004588   14.675410
dscore:      Villabruna f4:     0.000605 Z:     2.417944

details:            Naxi      DevilsGate     0.001868    8.931574
details:          Rhirhi      DevilsGate     0.000766    2.517461
details:          Pathan      DevilsGate    -0.013020  -44.101467
dscore:      DevilsGate f4:     0.000450 Z:     1.975027

gendstat:                Mbuti           Anatolia_N     0.501
gendstat:                Mbuti                  Ami     0.237
gendstat:                Mbuti                 Mixe    -0.473
gendstat:                Mbuti         Ganj_Dareh_N    -0.683
gendstat:                Mbuti                 Onge    -2.443
gendstat:                Mbuti           Villabruna     2.418
gendstat:                Mbuti           DevilsGate     1.975
gendstat:           Anatolia_N                  Ami    -0.194
gendstat:           Anatolia_N                 Mixe    -0.940
gendstat:           Anatolia_N         Ganj_Dareh_N    -1.355
gendstat:           Anatolia_N                 Onge    -2.890
gendstat:           Anatolia_N           Villabruna     2.468
gendstat:           Anatolia_N           DevilsGate     1.730
gendstat:                  Ami                 Mixe    -0.867
gendstat:                  Ami         Ganj_Dareh_N    -0.872
gendstat:                  Ami                 Onge    -2.507
gendstat:                  Ami           Villabruna     2.152
gendstat:                  Ami           DevilsGate     2.257
gendstat:                 Mixe         Ganj_Dareh_N    -0.194
gendstat:                 Mixe                 Onge    -1.640
gendstat:                 Mixe           Villabruna     2.694
gendstat:                 Mixe           DevilsGate     2.598
gendstat:         Ganj_Dareh_N                 Onge    -1.404
gendstat:         Ganj_Dareh_N           Villabruna     2.942
gendstat:         Ganj_Dareh_N           DevilsGate     2.350
gendstat:                 Onge           Villabruna     4.012
gendstat:                 Onge           DevilsGate     3.673
gendstat:           Villabruna           DevilsGate    -0.548

## end of run
