/home/cliu7/utils/AdmixTools/bin/qpAdm: parameter file: temp/param/qpAdm_Gurung.Naxi.UpperMustang.LC.Pathan.par90p73mix
### THE INPUT PARAMETERS
##PARAMETER NAME: VALUE
DIR: data/intermediate
S1: HO_all_merged.qpAdm
indivname: data/intermediate/HO_all_merged.qpAdm.grouped.ind
snpname: data/intermediate/HO_all_merged.qpAdm.snp
genotypename: data/intermediate/HO_all_merged.qpAdm.geno
popleft: temp/param/left.90p73mix
popright: temp/param/right.90p73mix
details: YES
## qpAdm version: 810
seed: 129820903
packed geno read OK
end of inpack

left pops:
Gurung
Naxi
UpperMustang.LC
Pathan

right pops:
Mbuti
Anatolia_N
Ami
Mixe
Ganj_Dareh_N
Onge
Villabruna
DevilsGate

  0               Gurung    5
  1                 Naxi    9
  2      UpperMustang.LC   11
  3               Pathan   18
  4                Mbuti   10
  5           Anatolia_N   25
  6                  Ami   10
  7                 Mixe   10
  8         Ganj_Dareh_N    7
  9                 Onge   12
 10           Villabruna    1
 11           DevilsGate    4
jackknife block size:     0.050
snps: 498990  indivs: 122
number of blocks for block jackknife: 710
## ncols: 498990
coverage:               Gurung 498036
coverage:                 Naxi 498990
coverage:      UpperMustang.LC 498990
coverage:               Pathan 498990
coverage:                Mbuti 498990
coverage:           Anatolia_N 498137
coverage:                  Ami 498990
coverage:                 Mixe 498990
coverage:         Ganj_Dareh_N 457128
coverage:                 Onge 498990
coverage:           Villabruna 415230
coverage:           DevilsGate 498716
dof (jackknife):   583.428
numsnps used: 415413
codimension 1
f4info: 
f4rank: 2 dof:      5 chisq:    23.038 tail:        0.00033199742 dofdiff:      7 chisqdiff:   -23.038 taildiff:                    1
B:
          scale     1.000     1.000 
     Anatolia_N    -0.662     1.100 
            Ami     1.518     1.745 
           Mixe     0.863    -0.228 
   Ganj_Dareh_N    -0.690     1.391 
           Onge     0.632    -0.535 
     Villabruna    -0.499     0.318 
     DevilsGate     1.545    -0.610 
A:
          scale   203.588  5019.224 
           Naxi     0.234     1.575 
UpperMustang.LC     0.066    -0.224 
         Pathan    -1.715     0.685 


full rank
f4info: 
f4rank: 3 dof:      0 chisq:     0.000 tail:                    1 dofdiff:      5 chisqdiff:    23.038 taildiff:        0.00033199742
B:
          scale     1.000     1.000     1.000 
     Anatolia_N    -0.659     1.234     0.331 
            Ami     1.518     1.421     1.935 
           Mixe     0.863    -0.225    -0.258 
   Ganj_Dareh_N    -0.692     0.842     1.360 
           Onge     0.632    -1.266     0.462 
     Villabruna    -0.491     0.905    -0.812 
     DevilsGate     1.548    -0.525    -0.598 
A:
          scale   205.577  3366.943  5047.961 
           Naxi     0.252     1.260    -0.223 
UpperMustang.LC     0.099     0.785    -1.553 
         Pathan    -1.711     0.893    -0.733 


best coefficients:     0.101     0.852     0.046 
Jackknife mean:      0.126319070     0.825057619     0.048623311 
      std. errors:     0.179     0.194     0.016 

error covariance (* 1000000)
     31950     -34568       2618 
    -34568      37456      -2889 
      2618      -2889        271 


summ: Gurung    3      0.000332     0.126     0.825     0.049 31950 -34568  2618 37456 -2889   271 

    fixed pat  wt  dof     chisq       tail prob
          000  0     5    23.038     0.000331997     0.101     0.852     0.046 
          001  1     6    98.347     5.55039e-19    -0.451     1.451     0.000  infeasible
          010  1     6    56.301     2.53047e-10     0.887    -0.000     0.113 
          100  1     6    21.287      0.00162885     0.000     0.963     0.037 
          011  2     7   311.978               0     1.000    -0.000    -0.000 
          101  2     7    42.930     3.44102e-07     0.000     1.000    -0.000 
          110  2     7  5779.852               0     0.000    -0.000     1.000 
best pat:          000      0.000331997              -  -
best pat:          100       0.00162885  chi(nested):    -1.751 p-value for nested model:            -nan
best pat:          101      3.44102e-07  chi(nested):    21.643 p-value for nested model:     3.28434e-06

coeffs:     0.101     0.852     0.046 

## dscore:: f_4(Base, Fit, Rbase, right2)
## genstat:: f_4(Base, Fit, right1, right2)

details:            Naxi      Anatolia_N    -0.000223   -1.504051
details: UpperMustang.LC      Anatolia_N    -0.000189   -1.285533
details:          Pathan      Anatolia_N     0.005809   28.010000
dscore:      Anatolia_N f4:     0.000086 Z:     0.622927

details:            Naxi             Ami     0.002407   13.929436
details: UpperMustang.LC             Ami     0.000409    2.217822
details:          Pathan             Ami    -0.012570  -49.120408
dscore:             Ami f4:     0.000009 Z:     0.053181

details:            Naxi            Mixe     0.001110    6.214424
details: UpperMustang.LC            Mixe     0.000356    1.860092
details:          Pathan            Mixe    -0.007249  -25.908663
dscore:            Mixe f4:     0.000080 Z:     0.442651

details:            Naxi    Ganj_Dareh_N    -0.000395   -2.216317
details: UpperMustang.LC    Ganj_Dareh_N    -0.000564   -3.200417
details:          Pathan    Ganj_Dareh_N     0.005863   23.888294
dscore:    Ganj_Dareh_N f4:    -0.000249 Z:    -1.491146

details:            Naxi            Onge     0.000432    2.517504
details: UpperMustang.LC            Onge    -0.000197   -1.115612
details:          Pathan            Onge    -0.005647  -23.769670
dscore:            Onge f4:    -0.000386 Z:    -2.328189

details:            Naxi      Villabruna     0.000036    0.153557
details: UpperMustang.LC      Villabruna     0.000253    1.042750
details:          Pathan      Villabruna     0.004573   14.694372
dscore:      Villabruna f4:     0.000431 Z:     1.892921

details:            Naxi      DevilsGate     0.001867    8.952721
details: UpperMustang.LC      DevilsGate     0.000743    3.445258
details:          Pathan      DevilsGate    -0.012967  -44.110310
dscore:      DevilsGate f4:     0.000221 Z:     1.083908

gendstat:                Mbuti           Anatolia_N     0.623
gendstat:                Mbuti                  Ami     0.053
gendstat:                Mbuti                 Mixe     0.443
gendstat:                Mbuti         Ganj_Dareh_N    -1.491
gendstat:                Mbuti                 Onge    -2.328
gendstat:                Mbuti           Villabruna     1.893
gendstat:                Mbuti           DevilsGate     1.084
gendstat:           Anatolia_N                  Ami    -0.484
gendstat:           Anatolia_N                 Mixe    -0.038
gendstat:           Anatolia_N         Ganj_Dareh_N    -2.420
gendstat:           Anatolia_N                 Onge    -2.937
gendstat:           Anatolia_N           Villabruna     1.743
gendstat:           Anatolia_N           DevilsGate     0.686
gendstat:                  Ami                 Mixe     0.459
gendstat:                  Ami         Ganj_Dareh_N    -1.383
gendstat:                  Ami                 Onge    -2.346
gendstat:                  Ami           Villabruna     1.774
gendstat:                  Ami           DevilsGate     1.254
gendstat:                 Mixe         Ganj_Dareh_N    -1.676
gendstat:                 Mixe                 Onge    -2.632
gendstat:                 Mixe           Villabruna     1.465
gendstat:                 Mixe           DevilsGate     0.714
gendstat:         Ganj_Dareh_N                 Onge    -0.740
gendstat:         Ganj_Dareh_N           Villabruna     2.980
gendstat:         Ganj_Dareh_N           DevilsGate     2.138
gendstat:                 Onge           Villabruna     3.488
gendstat:                 Onge           DevilsGate     2.873
gendstat:           Villabruna           DevilsGate    -0.842

## end of run
