/home/cliu7/utils/AdmixTools/bin/qpAdm: parameter file: temp/param/qpAdm_Gurung.YR_MN.Mebrak.Han.paruw38p7is
### THE INPUT PARAMETERS
##PARAMETER NAME: VALUE
DIR: data/intermediate
S1: HO_all_merged.qpAdm
indivname: data/intermediate/HO_all_merged.qpAdm.grouped.ind
snpname: data/intermediate/HO_all_merged.qpAdm.snp
genotypename: data/intermediate/HO_all_merged.qpAdm.geno
popleft: temp/param/left.uw38p7is
popright: temp/param/right.uw38p7is
details: YES
## qpAdm version: 810
seed: -872016808
packed geno read OK
end of inpack

left pops:
Gurung
YR_MN
Mebrak
Han

right pops:
Mbuti
Anatolia_N
Ami
Mixe
Ganj_Dareh_N
Onge
Villabruna
DevilsGate

  0               Gurung    5
  1                YR_MN    8
  2               Mebrak    8
  3                  Han   33
  4                Mbuti   10
  5           Anatolia_N   25
  6                  Ami   10
  7                 Mixe   10
  8         Ganj_Dareh_N    7
  9                 Onge   12
 10           Villabruna    1
 11           DevilsGate    4
jackknife block size:     0.050
snps: 498990  indivs: 133
number of blocks for block jackknife: 710
## ncols: 498990
coverage:               Gurung 498036
coverage:                YR_MN 497089
coverage:               Mebrak 498978
coverage:                  Han 498990
coverage:                Mbuti 498990
coverage:           Anatolia_N 498137
coverage:                  Ami 498990
coverage:                 Mixe 498990
coverage:         Ganj_Dareh_N 457128
coverage:                 Onge 498990
coverage:           Villabruna 415230
coverage:           DevilsGate 498716
dof (jackknife):   583.535
numsnps used: 418859
codimension 1
f4info: 
f4rank: 2 dof:      5 chisq:     1.586 tail:          0.902943407 dofdiff:      7 chisqdiff:    -1.586 taildiff:                    1
B:
          scale     1.000     1.000 
     Anatolia_N    -0.130     0.617 
            Ami     2.162     1.256 
           Mixe     0.778     0.043 
   Ganj_Dareh_N    -0.194     0.617 
           Onge     0.244     1.163 
     Villabruna    -0.015    -0.836 
     DevilsGate     1.267    -1.615 
A:
          scale   754.788  3621.403 
          YR_MN     0.897    -0.989 
         Mebrak     0.229    -1.416 
            Han     1.464     0.135 


full rank
f4info: 
f4rank: 3 dof:      0 chisq:     0.000 tail:                    1 dofdiff:      5 chisqdiff:     1.586 taildiff:          0.902943407
B:
          scale     1.000     1.000     1.000 
     Anatolia_N    -0.130     0.664    -0.571 
            Ami     2.170     0.881    -1.983 
           Mixe     0.779    -0.092     1.342 
   Ganj_Dareh_N    -0.192     0.646     0.690 
           Onge     0.256     1.118     0.553 
     Villabruna    -0.022    -0.828     0.398 
     DevilsGate     1.250    -1.850    -0.033 
A:
          scale   765.163  3590.925 24127.039 
          YR_MN     0.903    -0.930     1.125 
         Mebrak     0.139    -1.460    -1.230 
            Han     1.471     0.044    -0.469 


best coefficients:    -4.136     3.083     2.053 
Jackknife mean:     -2.256431263     2.161953191     1.094478072 
      std. errors:     2.872     1.416     1.477 

error covariance (* 1000000)
   8249944   -4036007   -4213938 
  -4036007    2003763    2032243 
  -4213938    2032243    2181694 


summ: Gurung    3      0.902943    -2.256     2.162     1.094 8249944 -4036007 -4213938 2003763 2032243 2181694 

    fixed pat  wt  dof     chisq       tail prob
          000  0     5     1.586        0.902943    -4.136     3.083     2.053  infeasible
          001  1     6    30.933     2.61017e-05    -0.347     1.347     0.000  infeasible
          010  1     6    23.359      0.00068477     2.314    -0.000    -1.314  infeasible
          100  1     6    41.037     2.84718e-07     0.000     1.087    -0.087  infeasible
          011  2     7   193.212               0     1.000    -0.000     0.000 
          101  2     7    45.201     1.25033e-07     0.000     1.000     0.000 
          110  2     7  1025.399               0     0.000    -0.000     1.000 
best pat:          000         0.902943              -  -
best pat:          010       0.00068477  chi(nested):    21.773 p-value for nested model:     3.06897e-06 infeasible
best pat:          101      1.25033e-07 not nested

coeffs:    -4.136     3.083     2.053 

## dscore:: f_4(Base, Fit, Rbase, right2)
## genstat:: f_4(Base, Fit, right1, right2)

details:           YR_MN      Anatolia_N    -0.000331   -1.671306
details:          Mebrak      Anatolia_N    -0.000278   -1.541736
details:             Han      Anatolia_N    -0.000231   -1.749609
dscore:      Anatolia_N f4:     0.000036 Z:     0.042863

details:           YR_MN             Ami     0.002272    9.930284
details:          Mebrak             Ami     0.000140    0.665583
details:             Han             Ami     0.004237   26.034574
dscore:             Ami f4:    -0.000269 Z:    -0.307045

details:           YR_MN            Mixe     0.001044    4.305848
details:          Mebrak            Mixe     0.000108    0.478709
details:             Han            Mixe     0.001483    8.536807
dscore:            Mixe f4:    -0.000941 Z:    -0.943701

details:           YR_MN    Ganj_Dareh_N    -0.000338   -1.378489
details:          Mebrak    Ganj_Dareh_N    -0.000339   -1.677949
details:             Han    Ganj_Dareh_N    -0.000372   -2.313349
dscore:    Ganj_Dareh_N f4:    -0.000410 Z:    -0.421354

details:           YR_MN            Onge     0.000062    0.269015
details:          Mebrak            Onge    -0.000429   -2.143534
details:             Han            Onge     0.000506    3.235336
dscore:            Onge f4:    -0.000538 Z:    -0.570746

details:           YR_MN      Villabruna     0.000263    0.837985
details:          Mebrak      Villabruna     0.000291    1.072067
details:             Han      Villabruna    -0.000054   -0.254580
dscore:      Villabruna f4:    -0.000302 Z:    -0.240682

details:           YR_MN      DevilsGate     0.001979    7.213066
details:          Mebrak      DevilsGate     0.000991    3.920508
details:             Han      DevilsGate     0.002392   12.668672
dscore:      DevilsGate f4:    -0.000218 Z:    -0.199564

gendstat:                Mbuti           Anatolia_N     0.043
gendstat:                Mbuti                  Ami    -0.307
gendstat:                Mbuti                 Mixe    -0.944
gendstat:                Mbuti         Ganj_Dareh_N    -0.421
gendstat:                Mbuti                 Onge    -0.571
gendstat:                Mbuti           Villabruna    -0.241
gendstat:                Mbuti           DevilsGate    -0.200
gendstat:           Anatolia_N                  Ami    -0.362
gendstat:           Anatolia_N                 Mixe    -1.025
gendstat:           Anatolia_N         Ganj_Dareh_N    -0.556
gendstat:           Anatolia_N                 Onge    -0.657
gendstat:           Anatolia_N           Villabruna    -0.314
gendstat:           Anatolia_N           DevilsGate    -0.247
gendstat:                  Ami                 Mixe    -0.785
gendstat:                  Ami         Ganj_Dareh_N    -0.148
gendstat:                  Ami                 Onge    -0.318
gendstat:                  Ami           Villabruna    -0.026
gendstat:                  Ami           DevilsGate     0.053
gendstat:                 Mixe         Ganj_Dareh_N     0.497
gendstat:                 Mixe                 Onge     0.410
gendstat:                 Mixe           Villabruna     0.489
gendstat:                 Mixe           DevilsGate     0.688
gendstat:         Ganj_Dareh_N                 Onge    -0.125
gendstat:         Ganj_Dareh_N           Villabruna     0.088
gendstat:         Ganj_Dareh_N           DevilsGate     0.167
gendstat:                 Onge           Villabruna     0.180
gendstat:                 Onge           DevilsGate     0.291
gendstat:           Villabruna           DevilsGate     0.059

## end of run
