/home/cliu7/utils/AdmixTools/bin/qpWave: parameter file: temp/param/qpAdm_Gurung.Naga.Kyang.Pulliyar.parz2l7jsg9
### THE INPUT PARAMETERS
##PARAMETER NAME: VALUE
DIR: data/intermediate
S1: HO_all_merged.qpAdm
indivname: data/intermediate/HO_all_merged.qpAdm.grouped.ind
snpname: data/intermediate/HO_all_merged.qpAdm.snp
genotypename: data/intermediate/HO_all_merged.qpAdm.geno
popleft: temp/param/left.z2l7jsg9
popright: temp/param/right.z2l7jsg9
details: YES
## qpWave version: 410
packed geno read OK
end of inpack

left pops:
Gurung
Naga
Kyang
Pulliyar

right pops:
Mbuti
Anatolia_N
Ami
Mixe
Ganj_Dareh_N
Onge
Villabruna
DevilsGate

  0               Gurung    5
  1                 Naga    6
  2                Kyang    7
  3             Pulliyar   35
  4                Mbuti   10
  5           Anatolia_N   25
  6                  Ami   10
  7                 Mixe   10
  8         Ganj_Dareh_N    7
  9                 Onge   12
 10           Villabruna    1
 11           DevilsGate    4
jackknife block size:     0.050
snps: 498990  indivs: 132
number of blocks for block jackknife: 710
dof (jackknife):   584.894
numsnps used: 389039
f4info: 
f4rank: 0 dof:     21 chisq:  4742.625 tail:                    0 dofdiff:      0 chisqdiff:     0.000 taildiff:                    1

f4info: 
f4rank: 1 dof:     12 chisq:    31.888 tail:        0.00143967173 dofdiff:      9 chisqdiff:  4710.737 taildiff:                    0
B:
          scale     1.000 
     Anatolia_N    -0.220 
            Ami     1.578 
           Mixe     1.143 
   Ganj_Dareh_N    -0.370 
           Onge     0.309 
     Villabruna    -0.096 
     DevilsGate     1.706 
A:
          scale   274.173 
           Naga     0.317 
          Kyang     0.078 
       Pulliyar    -1.701 

f4info: 
f4rank: 2 dof:      5 chisq:     3.074 tail:          0.688535098 dofdiff:      7 chisqdiff:    28.814 taildiff:       0.000156418075
B:
          scale     1.000     1.000 
     Anatolia_N    -0.219     0.023 
            Ami     1.598     1.346 
           Mixe     1.135     0.261 
   Ganj_Dareh_N    -0.351     1.348 
           Onge     0.315     0.581 
     Villabruna    -0.109    -1.011 
     DevilsGate     1.695    -1.394 
A:
          scale   273.891  5709.319 
           Naga     0.322    -0.172 
          Kyang     0.083    -1.723 
       Pulliyar    -1.700     0.007 

f4info: 
f4rank: 3 dof:      0 chisq:     0.000 tail:                    1 dofdiff:      5 chisqdiff:     3.074 taildiff:          0.688535098
B:
          scale     1.000     1.000     1.000 
     Anatolia_N    -0.213     0.159    -0.672 
            Ami     1.589     1.075     1.436 
           Mixe     1.140     0.426    -0.478 
   Ganj_Dareh_N    -0.345     1.479    -0.449 
           Onge     0.311     0.430     0.529 
     Villabruna    -0.120    -1.397     1.541 
     DevilsGate     1.703    -1.146    -1.183 
A:
          scale   272.509  5177.936 16782.721 
           Naga     0.311    -0.459     1.641 
          Kyang     0.081    -1.662    -0.481 
       Pulliyar    -1.702    -0.163     0.277 

## end of run
