/home/cliu7/utils/AdmixTools/bin/qpAdm: parameter file: temp/param/qpAdm_Gurung.Upper_YR_LN.Mebrak.Pulliyar.parya5rddav
### THE INPUT PARAMETERS
##PARAMETER NAME: VALUE
DIR: data/intermediate
S1: HO_all_merged.qpAdm
indivname: data/intermediate/HO_all_merged.qpAdm.grouped.ind
snpname: data/intermediate/HO_all_merged.qpAdm.snp
genotypename: data/intermediate/HO_all_merged.qpAdm.geno
popleft: temp/param/left.ya5rddav
popright: temp/param/right.ya5rddav
details: YES
## qpAdm version: 810
seed: -579697444
packed geno read OK
end of inpack

left pops:
Gurung
Upper_YR_LN
Mebrak
Pulliyar

right pops:
Mbuti
Anatolia_N
Ami
Mixe
Ganj_Dareh_N
Onge
Villabruna
DevilsGate

  0               Gurung    5
  1          Upper_YR_LN    7
  2               Mebrak    8
  3             Pulliyar   35
  4                Mbuti   10
  5           Anatolia_N   25
  6                  Ami   10
  7                 Mixe   10
  8         Ganj_Dareh_N    7
  9                 Onge   12
 10           Villabruna    1
 11           DevilsGate    4
jackknife block size:     0.050
snps: 498990  indivs: 134
number of blocks for block jackknife: 710
## ncols: 498990
coverage:               Gurung 498036
coverage:          Upper_YR_LN 496840
coverage:               Mebrak 498978
coverage:             Pulliyar 459213
coverage:                Mbuti 498990
coverage:           Anatolia_N 498137
coverage:                  Ami 498990
coverage:                 Mixe 498990
coverage:         Ganj_Dareh_N 457128
coverage:                 Onge 498990
coverage:           Villabruna 415230
coverage:           DevilsGate 498716
dof (jackknife):   584.868
numsnps used: 387948
codimension 1
f4info: 
f4rank: 2 dof:      5 chisq:     7.497 tail:          0.186237726 dofdiff:      7 chisqdiff:    -7.497 taildiff:                    1
B:
          scale     1.000     1.000 
     Anatolia_N    -0.209     0.751 
            Ami     1.570     0.457 
           Mixe     1.128     0.306 
   Ganj_Dareh_N    -0.328     0.919 
           Onge     0.293     1.306 
     Villabruna    -0.103    -0.584 
     DevilsGate     1.737    -1.801 
A:
          scale   268.460  4066.149 
    Upper_YR_LN     0.354    -0.610 
         Mebrak     0.049    -1.536 
       Pulliyar    -1.695    -0.519 


full rank
f4info: 
f4rank: 3 dof:      0 chisq:     0.000 tail:                    1 dofdiff:      5 chisqdiff:     7.497 taildiff:          0.186237726
B:
          scale     1.000     1.000     1.000 
     Anatolia_N    -0.209     0.690     0.859 
            Ami     1.569     0.451    -1.330 
           Mixe     1.128     0.323    -0.593 
   Ganj_Dareh_N    -0.323     0.818     1.837 
           Onge     0.296     1.317     0.863 
     Villabruna    -0.108    -0.601     0.117 
     DevilsGate     1.737    -1.858    -0.089 
A:
          scale   270.490  4116.244  7430.576 
    Upper_YR_LN     0.419    -0.649     1.608 
         Mebrak     0.049    -1.540    -0.083 
       Pulliyar    -1.680    -0.454     0.638 


best coefficients:     1.366    -0.633     0.267 
Jackknife mean:      1.040088551    -0.256918214     0.216829663 
      std. errors:     0.647     0.747     0.102 

error covariance (* 1000000)
    418094    -482663      64569 
   -482663     557579     -74917 
     64569     -74917      10348 


summ: Gurung    3      0.186238     1.040    -0.257     0.217 418094 -482663 64569 557579 -74917 10348 

    fixed pat  wt  dof     chisq       tail prob
          000  0     5     7.497        0.186238     1.366    -0.633     0.267  infeasible
          001  1     6    33.724     7.60375e-06    -0.397     1.397     0.000  infeasible
          010  1     6    10.117        0.119813     0.818    -0.000     0.182 
          100  1     6    26.162     0.000207699    -0.000     0.939     0.061 
          011  2     7   220.080               0     1.000    -0.000    -0.000 
          101  2     7    46.071      8.4691e-08     0.000     1.000    -0.000 
          110  2     7  3087.853               0     0.000    -0.000     1.000 
best pat:          000         0.186238              -  -
best pat:          010         0.119813  chi(nested):     2.620 p-value for nested model:        0.105514
best pat:          101       8.4691e-08 not nested

coeffs:     1.366    -0.633     0.267 

## dscore:: f_4(Base, Fit, Rbase, right2)
## genstat:: f_4(Base, Fit, right1, right2)

details:     Upper_YR_LN      Anatolia_N    -0.000180   -0.942387
details:          Mebrak      Anatolia_N    -0.000328   -1.794251
details:        Pulliyar      Anatolia_N     0.001312    5.961942
dscore:      Anatolia_N f4:     0.000311 Z:     1.199536

details:     Upper_YR_LN             Ami     0.002144    9.602106
details:          Mebrak             Ami     0.000113    0.525108
details:        Pulliyar             Ami    -0.009919  -37.644197
dscore:             Ami f4:     0.000210 Z:     0.724471

details:     Upper_YR_LN            Mixe     0.001599    6.586399
details:          Mebrak            Mixe     0.000068    0.295584
details:        Pulliyar            Mixe    -0.007134  -26.406147
dscore:            Mixe f4:     0.000237 Z:     0.758050

details:     Upper_YR_LN    Ganj_Dareh_N    -0.000110   -0.468085
details:          Mebrak    Ganj_Dareh_N    -0.000399   -1.935447
details:        Pulliyar    Ganj_Dareh_N     0.002091    8.456858
dscore:    Ganj_Dareh_N f4:     0.000660 Z:     2.112777

details:     Upper_YR_LN            Onge     0.000458    2.136813
details:          Mebrak            Onge    -0.000460   -2.221754
details:        Pulliyar            Onge    -0.001945   -8.048131
dscore:            Onge f4:     0.000397 Z:     1.442700

details:     Upper_YR_LN      Villabruna     0.000126    0.404009
details:          Mebrak      Villabruna     0.000178    0.645429
details:        Pulliyar      Villabruna     0.000804    2.493661
dscore:      Villabruna f4:     0.000274 Z:     0.660748

details:     Upper_YR_LN      DevilsGate     0.003013   10.835497
details:          Mebrak      DevilsGate     0.001003    3.874449
details:        Pulliyar      DevilsGate    -0.010618  -36.474037
dscore:      DevilsGate f4:     0.000648 Z:     1.769651

gendstat:                Mbuti           Anatolia_N     1.200
gendstat:                Mbuti                  Ami     0.724
gendstat:                Mbuti                 Mixe     0.758
gendstat:                Mbuti         Ganj_Dareh_N     2.113
gendstat:                Mbuti                 Onge     1.443
gendstat:                Mbuti           Villabruna     0.661
gendstat:                Mbuti           DevilsGate     1.770
gendstat:           Anatolia_N                  Ami    -0.369
gendstat:           Anatolia_N                 Mixe    -0.257
gendstat:           Anatolia_N         Ganj_Dareh_N     1.331
gendstat:           Anatolia_N                 Onge     0.317
gendstat:           Anatolia_N           Villabruna    -0.104
gendstat:           Anatolia_N           DevilsGate     0.960
gendstat:                  Ami                 Mixe     0.097
gendstat:                  Ami         Ganj_Dareh_N     1.347
gendstat:                  Ami                 Onge     0.698
gendstat:                  Ami           Villabruna     0.154
gendstat:                  Ami           DevilsGate     1.424
gendstat:                 Mixe         Ganj_Dareh_N     1.194
gendstat:                 Mixe                 Onge     0.533
gendstat:                 Mixe           Villabruna     0.088
gendstat:                 Mixe           DevilsGate     1.194
gendstat:         Ganj_Dareh_N                 Onge    -0.792
gendstat:         Ganj_Dareh_N           Villabruna    -0.939
gendstat:         Ganj_Dareh_N           DevilsGate    -0.031
gendstat:                 Onge           Villabruna    -0.300
gendstat:                 Onge           DevilsGate     0.681
gendstat:           Villabruna           DevilsGate     0.826

## end of run
