/home/cliu7/utils/AdmixTools/bin/qpAdm: parameter file: temp/param/qpAdm_Gurung.Upper_YR_LN.Sherpa.LC.Pathan.par77liau2c
### THE INPUT PARAMETERS
##PARAMETER NAME: VALUE
DIR: data/intermediate
S1: HO_all_merged.qpAdm
indivname: data/intermediate/HO_all_merged.qpAdm.grouped.ind
snpname: data/intermediate/HO_all_merged.qpAdm.snp
genotypename: data/intermediate/HO_all_merged.qpAdm.geno
popleft: temp/param/left.77liau2c
popright: temp/param/right.77liau2c
details: YES
## qpAdm version: 810
seed: -284199737
packed geno read OK
end of inpack

left pops:
Gurung
Upper_YR_LN
Sherpa.LC
Pathan

right pops:
Mbuti
Anatolia_N
Ami
Mixe
Ganj_Dareh_N
Onge
Villabruna
DevilsGate

  0               Gurung    5
  1          Upper_YR_LN    7
  2            Sherpa.LC    9
  3               Pathan   18
  4                Mbuti   10
  5           Anatolia_N   25
  6                  Ami   10
  7                 Mixe   10
  8         Ganj_Dareh_N    7
  9                 Onge   12
 10           Villabruna    1
 11           DevilsGate    4
jackknife block size:     0.050
snps: 498990  indivs: 118
number of blocks for block jackknife: 710
## ncols: 498990
coverage:               Gurung 498036
coverage:          Upper_YR_LN 496840
coverage:            Sherpa.LC 498990
coverage:               Pathan 498990
coverage:                Mbuti 498990
coverage:           Anatolia_N 498137
coverage:                  Ami 498990
coverage:                 Mixe 498990
coverage:         Ganj_Dareh_N 457128
coverage:                 Onge 498990
coverage:           Villabruna 415230
coverage:           DevilsGate 498716
dof (jackknife):   583.311
numsnps used: 414466
codimension 1
f4info: 
f4rank: 2 dof:      5 chisq:    12.244 tail:         0.0315882961 dofdiff:      7 chisqdiff:   -12.244 taildiff:                    1
B:
          scale     1.000     1.000 
     Anatolia_N    -0.651     1.264 
            Ami     1.483    -0.988 
           Mixe     0.874    -0.034 
   Ganj_Dareh_N    -0.663     1.249 
           Onge     0.624    -1.223 
     Villabruna    -0.491     1.168 
     DevilsGate     1.594     0.067 
A:
          scale   207.271  1973.621 
    Upper_YR_LN     0.373     1.328 
      Sherpa.LC     0.156     0.746 
         Pathan    -1.684     0.825 


full rank
f4info: 
f4rank: 3 dof:      0 chisq:     0.000 tail:                    1 dofdiff:      5 chisqdiff:    12.244 taildiff:         0.0315882961
B:
          scale     1.000     1.000     1.000 
     Anatolia_N    -0.637     1.290     0.329 
            Ami     1.485    -0.993     1.409 
           Mixe     0.883    -0.136    -0.656 
   Ganj_Dareh_N    -0.647     1.341     1.506 
           Onge     0.620    -1.103     0.642 
     Villabruna    -0.478     1.141    -0.822 
     DevilsGate     1.605    -0.119    -1.058 
A:
          scale   209.621  1746.780 10850.057 
    Upper_YR_LN     0.399     1.340     0.218 
      Sherpa.LC     0.144     0.533    -1.690 
         Pathan    -1.679     0.959    -0.311 


best coefficients:    -1.272     2.337    -0.065 
Jackknife mean:     -0.734942765     1.754042558    -0.019099793 
      std. errors:     0.991     1.076     0.087 

error covariance (* 1000000)
    982953   -1066824      83871 
  -1066824    1158181     -91358 
     83871     -91358       7486 


summ: Gurung    3      0.031588    -0.735     1.754    -0.019 982953 -1066824 83871 1158181 -91358  7486 

    fixed pat  wt  dof     chisq       tail prob
          000  0     5    12.244       0.0315883    -1.272     2.337    -0.065  infeasible
          001  1     6    52.881     1.24011e-09    -0.531     1.531     0.000  infeasible
          010  1     6    43.433     9.57299e-08     0.883    -0.000     0.117 
          100  1     6    23.753     0.000579897    -0.000     0.957     0.043 
          011  2     7   231.207               0     1.000    -0.000    -0.000 
          101  2     7    48.210     3.23979e-08     0.000     1.000    -0.000 
          110  2     7  5780.055               0     0.000    -0.000     1.000 
best pat:          000        0.0315883              -  -
best pat:          100      0.000579897  chi(nested):    11.508 p-value for nested model:     0.000692891
best pat:          101      3.23979e-08  chi(nested):    24.457 p-value for nested model:     7.59823e-07

coeffs:    -1.272     2.337    -0.065 

## dscore:: f_4(Base, Fit, Rbase, right2)
## genstat:: f_4(Base, Fit, right1, right2)

details:     Upper_YR_LN      Anatolia_N    -0.000179   -0.957228
details:       Sherpa.LC      Anatolia_N    -0.000129   -0.799625
details:          Pathan      Anatolia_N     0.005795   27.969306
dscore:      Anatolia_N f4:    -0.000448 Z:    -1.285034

details:     Upper_YR_LN             Ami     0.002145    9.743383
details:       Sherpa.LC             Ami     0.000479    2.479506
details:          Pathan             Ami    -0.012545  -49.123630
dscore:             Ami f4:    -0.000796 Z:    -1.953590

details:     Upper_YR_LN            Mixe     0.001607    6.687581
details:       Sherpa.LC            Mixe     0.000583    2.844837
details:          Pathan            Mixe    -0.007237  -25.858214
dscore:            Mixe f4:    -0.000213 Z:    -0.501299

details:     Upper_YR_LN    Ganj_Dareh_N    -0.000082   -0.352199
details:       Sherpa.LC    Ganj_Dareh_N    -0.000317   -1.626259
details:          Pathan    Ganj_Dareh_N     0.005848   23.828550
dscore:    Ganj_Dareh_N f4:    -0.001015 Z:    -2.426855

details:     Upper_YR_LN            Onge     0.000434    2.050776
details:       Sherpa.LC            Onge    -0.000072   -0.387905
details:          Pathan            Onge    -0.005636  -23.717007
dscore:            Onge f4:    -0.000354 Z:    -0.898207

details:     Upper_YR_LN      Villabruna     0.000192    0.622455
details:       Sherpa.LC      Villabruna     0.000252    0.968457
details:          Pathan      Villabruna     0.004557   14.681453
dscore:      Villabruna f4:     0.000050 Z:     0.091411

details:     Upper_YR_LN      DevilsGate     0.003014   11.119690
details:       Sherpa.LC      DevilsGate     0.001208    5.288558
details:          Pathan      DevilsGate    -0.012962  -44.154202
dscore:      DevilsGate f4:    -0.000171 Z:    -0.355465

gendstat:                Mbuti           Anatolia_N    -1.285
gendstat:                Mbuti                  Ami    -1.954
gendstat:                Mbuti                 Mixe    -0.501
gendstat:                Mbuti         Ganj_Dareh_N    -2.427
gendstat:                Mbuti                 Onge    -0.898
gendstat:                Mbuti           Villabruna     0.091
gendstat:                Mbuti           DevilsGate    -0.355
gendstat:           Anatolia_N                  Ami    -0.888
gendstat:           Anatolia_N                 Mixe     0.579
gendstat:           Anatolia_N         Ganj_Dareh_N    -1.560
gendstat:           Anatolia_N                 Onge     0.241
gendstat:           Anatolia_N           Villabruna     1.077
gendstat:           Anatolia_N           DevilsGate     0.585
gendstat:                  Ami                 Mixe     1.571
gendstat:                  Ami         Ganj_Dareh_N    -0.472
gendstat:                  Ami                 Onge     1.079
gendstat:                  Ami           Villabruna     1.519
gendstat:                  Ami           DevilsGate     1.512
gendstat:                 Mixe         Ganj_Dareh_N    -1.734
gendstat:                 Mixe                 Onge    -0.317
gendstat:                 Mixe           Villabruna     0.459
gendstat:                 Mixe           DevilsGate     0.090
gendstat:         Ganj_Dareh_N                 Onge     1.442
gendstat:         Ganj_Dareh_N           Villabruna     1.957
gendstat:         Ganj_Dareh_N           DevilsGate     1.550
gendstat:                 Onge           Villabruna     0.717
gendstat:                 Onge           DevilsGate     0.367
gendstat:           Villabruna           DevilsGate    -0.353

## end of run
