/home/cliu7/utils/AdmixTools/bin/qpAdm: parameter file: temp/param/qpAdm_Gurung.Upper_YR_LN.Samdzong.Pathan.par42ouojs4
### THE INPUT PARAMETERS
##PARAMETER NAME: VALUE
DIR: data/intermediate
S1: HO_all_merged.qpAdm
indivname: data/intermediate/HO_all_merged.qpAdm.grouped.ind
snpname: data/intermediate/HO_all_merged.qpAdm.snp
genotypename: data/intermediate/HO_all_merged.qpAdm.geno
popleft: temp/param/left.42ouojs4
popright: temp/param/right.42ouojs4
details: YES
## qpAdm version: 810
seed: -2888530
packed geno read OK
end of inpack

left pops:
Gurung
Upper_YR_LN
Samdzong
Pathan

right pops:
Mbuti
Anatolia_N
Ami
Mixe
Ganj_Dareh_N
Onge
Villabruna
DevilsGate

  0               Gurung    5
  1          Upper_YR_LN    7
  2             Samdzong    9
  3               Pathan   18
  4                Mbuti   10
  5           Anatolia_N   25
  6                  Ami   10
  7                 Mixe   10
  8         Ganj_Dareh_N    7
  9                 Onge   12
 10           Villabruna    1
 11           DevilsGate    4
jackknife block size:     0.050
snps: 498990  indivs: 118
number of blocks for block jackknife: 710
## ncols: 498990
coverage:               Gurung 498036
coverage:          Upper_YR_LN 496840
coverage:             Samdzong 498985
coverage:               Pathan 498990
coverage:                Mbuti 498990
coverage:           Anatolia_N 498137
coverage:                  Ami 498990
coverage:                 Mixe 498990
coverage:         Ganj_Dareh_N 457128
coverage:                 Onge 498990
coverage:           Villabruna 415230
coverage:           DevilsGate 498716
dof (jackknife):   583.339
numsnps used: 414196
codimension 1
f4info: 
f4rank: 2 dof:      5 chisq:    17.802 tail:        0.00320465584 dofdiff:      7 chisqdiff:   -17.802 taildiff:                    1
B:
          scale     1.000     1.000 
     Anatolia_N    -0.648     1.293 
            Ami     1.484    -0.973 
           Mixe     0.871    -0.128 
   Ganj_Dareh_N    -0.666     1.372 
           Onge     0.628    -1.074 
     Villabruna    -0.499     1.150 
     DevilsGate     1.592    -0.093 
A:
          scale   207.102  1937.603 
    Upper_YR_LN     0.391     1.471 
       Samdzong     0.086     0.449 
         Pathan    -1.685     0.796 


full rank
f4info: 
f4rank: 3 dof:      0 chisq:     0.000 tail:                    1 dofdiff:      5 chisqdiff:    17.802 taildiff:        0.00320465584
B:
          scale     1.000     1.000     1.000 
     Anatolia_N    -0.632     1.241    -0.972 
            Ami     1.486    -1.099     0.876 
           Mixe     0.882    -0.291     0.109 
   Ganj_Dareh_N    -0.647     1.360     1.849 
           Onge     0.620    -0.914     0.964 
     Villabruna    -0.481     1.110    -0.396 
     DevilsGate     1.606    -0.503    -0.877 
A:
          scale   213.038  1424.479  8607.055 
    Upper_YR_LN     0.465     1.401    -0.001 
       Samdzong     0.084     0.206    -1.674 
         Pathan    -1.666     0.998    -0.445 


best coefficients:    -0.431     1.456    -0.026 
Jackknife mean:     -0.148574206     1.142732613     0.005841592 
      std. errors:     0.497     0.551     0.056 

error covariance (* 1000000)
    246515    -273528      27013 
   -273528     303639     -30111 
     27013     -30111       3098 


summ: Gurung    3      0.003205    -0.149     1.143     0.006 246515 -273528 27013 303639 -30111  3098 

    fixed pat  wt  dof     chisq       tail prob
          000  0     5    17.802      0.00320466    -0.431     1.456    -0.026  infeasible
          001  1     6    57.088     1.75366e-10    -0.187     1.187     0.000  infeasible
          010  1     6    43.265     1.03362e-07     0.883    -0.000     0.117 
          100  1     6    19.774      0.00303746     0.000     0.979     0.021 
          011  2     7   233.013               0     1.000    -0.000    -0.000 
          101  2     7    25.831     0.000539848     0.000     1.000    -0.000 
          110  2     7  5782.660               0     0.000    -0.000     1.000 
best pat:          000       0.00320466              -  -
best pat:          100       0.00303746  chi(nested):     1.972 p-value for nested model:        0.160235
best pat:          101      0.000539848  chi(nested):     6.057 p-value for nested model:       0.0138515

coeffs:    -0.431     1.456    -0.026 

## dscore:: f_4(Base, Fit, Rbase, right2)
## genstat:: f_4(Base, Fit, right1, right2)

details:     Upper_YR_LN      Anatolia_N    -0.000180   -0.957113
details:        Samdzong      Anatolia_N    -0.000027   -0.163795
details:          Pathan      Anatolia_N     0.005799   27.972567
dscore:      Anatolia_N f4:    -0.000111 Z:    -0.490744

details:     Upper_YR_LN             Ami     0.002146    9.742657
details:        Samdzong             Ami     0.000119    0.606259
details:          Pathan             Ami    -0.012553  -49.123927
dscore:             Ami f4:    -0.000429 Z:    -1.669584

details:     Upper_YR_LN            Mixe     0.001609    6.687288
details:        Samdzong            Mixe     0.000144    0.699728
details:          Pathan            Mixe    -0.007241  -25.859163
dscore:            Mixe f4:    -0.000297 Z:    -1.097806

details:     Upper_YR_LN    Ganj_Dareh_N    -0.000082   -0.352208
details:        Samdzong    Ganj_Dareh_N    -0.000521   -2.739936
details:          Pathan    Ganj_Dareh_N     0.005852   23.829480
dscore:    Ganj_Dareh_N f4:    -0.000873 Z:    -3.394507

details:     Upper_YR_LN            Onge     0.000434    2.050812
details:        Samdzong            Onge    -0.000255   -1.258737
details:          Pathan            Onge    -0.005640  -23.720522
dscore:            Onge f4:    -0.000414 Z:    -1.535216

details:     Upper_YR_LN      Villabruna     0.000192    0.622450
details:        Samdzong      Villabruna     0.000093    0.337802
details:          Pathan      Villabruna     0.004560   14.683242
dscore:      Villabruna f4:    -0.000065 Z:    -0.177580

details:     Upper_YR_LN      DevilsGate     0.003016   11.118718
details:        Samdzong      DevilsGate     0.000655    2.878404
details:          Pathan      DevilsGate    -0.012970  -44.156405
dscore:      DevilsGate f4:    -0.000013 Z:    -0.043303

gendstat:                Mbuti           Anatolia_N    -0.491
gendstat:                Mbuti                  Ami    -1.670
gendstat:                Mbuti                 Mixe    -1.098
gendstat:                Mbuti         Ganj_Dareh_N    -3.395
gendstat:                Mbuti                 Onge    -1.535
gendstat:                Mbuti           Villabruna    -0.178
gendstat:                Mbuti           DevilsGate    -0.043
gendstat:           Anatolia_N                  Ami    -1.293
gendstat:           Anatolia_N                 Mixe    -0.710
gendstat:           Anatolia_N         Ganj_Dareh_N    -3.412
gendstat:           Anatolia_N                 Onge    -1.177
gendstat:           Anatolia_N           Villabruna     0.151
gendstat:           Anatolia_N           DevilsGate     0.329
gendstat:                  Ami                 Mixe     0.562
gendstat:                  Ami         Ganj_Dareh_N    -1.602
gendstat:                  Ami                 Onge     0.059
gendstat:                  Ami           Villabruna     0.983
gendstat:                  Ami           DevilsGate     1.617
gendstat:                 Mixe         Ganj_Dareh_N    -1.959
gendstat:                 Mixe                 Onge    -0.411
gendstat:                 Mixe           Villabruna     0.630
gendstat:                 Mixe           DevilsGate     0.973
gendstat:         Ganj_Dareh_N                 Onge     1.588
gendstat:         Ganj_Dareh_N           Villabruna     2.233
gendstat:         Ganj_Dareh_N           DevilsGate     2.527
gendstat:                 Onge           Villabruna     0.933
gendstat:                 Onge           DevilsGate     1.264
gendstat:           Villabruna           DevilsGate     0.127

## end of run
