/home/cliu7/utils/AdmixTools/bin/qpWave: parameter file: temp/param/qpAdm_Gurung.YR_MN.Samdzong.Southeast_China.parbqawx_cu
### THE INPUT PARAMETERS
##PARAMETER NAME: VALUE
DIR: data/intermediate
S1: HO_all_merged.qpAdm
indivname: data/intermediate/HO_all_merged.qpAdm.grouped.ind
snpname: data/intermediate/HO_all_merged.qpAdm.snp
genotypename: data/intermediate/HO_all_merged.qpAdm.geno
popleft: temp/param/left.bqawx_cu
popright: temp/param/right.bqawx_cu
details: YES
## qpWave version: 410
packed geno read OK
end of inpack

left pops:
Gurung
YR_MN
Samdzong
Southeast_China

right pops:
Mbuti
Anatolia_N
Ami
Mixe
Ganj_Dareh_N
Onge
Villabruna
DevilsGate

  0               Gurung    5
  1                YR_MN    8
  2             Samdzong    9
  3      Southeast_China   97
  4                Mbuti   10
  5           Anatolia_N   25
  6                  Ami   10
  7                 Mixe   10
  8         Ganj_Dareh_N    7
  9                 Onge   12
 10           Villabruna    1
 11           DevilsGate    4
jackknife block size:     0.050
snps: 498990  indivs: 198
number of blocks for block jackknife: 710
dof (jackknife):   583.520
numsnps used: 416712
f4info: 
f4rank: 0 dof:     21 chisq:  1907.612 tail:                    0 dofdiff:      0 chisqdiff:     0.000 taildiff:                    1

f4info: 
f4rank: 1 dof:     12 chisq:    76.948 tail:       1.57144581e-11 dofdiff:      9 chisqdiff:  1830.664 taildiff:                    0
B:
          scale     1.000 
     Anatolia_N    -0.162 
            Ami     2.514 
           Mixe     0.418 
   Ganj_Dareh_N    -0.104 
           Onge     0.420 
     Villabruna    -0.155 
     DevilsGate     0.518 
A:
          scale   893.268 
          YR_MN     0.682 
       Samdzong    -0.002 
Southeast_China     1.592 

f4info: 
f4rank: 2 dof:      5 chisq:    10.815 tail:         0.0551737579 dofdiff:      7 chisqdiff:    66.133 taildiff:       8.90020783e-12
B:
          scale     1.000     1.000 
     Anatolia_N    -0.212    -0.251 
            Ami     2.323    -1.271 
           Mixe     0.604     0.606 
   Ganj_Dareh_N    -0.234    -0.584 
           Onge     0.254    -0.818 
     Villabruna    -0.013     0.590 
     DevilsGate     1.037     1.896 
A:
          scale   784.208  3335.316 
          YR_MN     0.894     1.255 
       Samdzong     0.173     0.865 
Southeast_China     1.473    -0.822 

f4info: 
f4rank: 3 dof:      0 chisq:     0.000 tail:                    1 dofdiff:      5 chisqdiff:    10.815 taildiff:         0.0551737579
B:
          scale     1.000     1.000     1.000 
     Anatolia_N    -0.199    -0.187    -0.385 
            Ami     2.320    -1.084    -0.208 
           Mixe     0.611     0.705     0.921 
   Ganj_Dareh_N    -0.259    -0.571     2.291 
           Onge     0.245    -0.728     0.654 
     Villabruna    -0.011     0.642     0.459 
     DevilsGate     1.039     2.006     0.271 
A:
          scale   777.378  3287.011 10404.275 
          YR_MN     0.907     1.237     0.804 
       Samdzong     0.126     0.875    -1.489 
Southeast_China     1.470    -0.839    -0.369 

## end of run
