/home/cliu7/utils/AdmixTools/bin/qpWave: parameter file: temp/param/qpAdm_Gurung.YR_MN.Chokhopani.Southeast_China.parjky6a6gb
### THE INPUT PARAMETERS
##PARAMETER NAME: VALUE
DIR: data/intermediate
S1: HO_all_merged.qpAdm
indivname: data/intermediate/HO_all_merged.qpAdm.grouped.ind
snpname: data/intermediate/HO_all_merged.qpAdm.snp
genotypename: data/intermediate/HO_all_merged.qpAdm.geno
popleft: temp/param/left.jky6a6gb
popright: temp/param/right.jky6a6gb
details: YES
## qpWave version: 410
packed geno read OK
end of inpack

left pops:
Gurung
YR_MN
Chokhopani
Southeast_China

right pops:
Mbuti
Anatolia_N
Ami
Mixe
Ganj_Dareh_N
Onge
Villabruna
DevilsGate

  0               Gurung    5
  1                YR_MN    8
  2           Chokhopani    2
  3      Southeast_China   97
  4                Mbuti   10
  5           Anatolia_N   25
  6                  Ami   10
  7                 Mixe   10
  8         Ganj_Dareh_N    7
  9                 Onge   12
 10           Villabruna    1
 11           DevilsGate    4
jackknife block size:     0.050
snps: 498990  indivs: 191
number of blocks for block jackknife: 710
dof (jackknife):   583.524
numsnps used: 417111
f4info: 
f4rank: 0 dof:     21 chisq:  1695.741 tail:                    0 dofdiff:      0 chisqdiff:     0.000 taildiff:                    1

f4info: 
f4rank: 1 dof:     12 chisq:    82.854 tail:        1.1749983e-12 dofdiff:      9 chisqdiff:  1612.887 taildiff:                    0
B:
          scale     1.000 
     Anatolia_N    -0.140 
            Ami     2.513 
           Mixe     0.439 
   Ganj_Dareh_N    -0.153 
           Onge     0.331 
     Villabruna    -0.151 
     DevilsGate     0.563 
A:
          scale   875.218 
          YR_MN     0.696 
     Chokhopani     0.102 
Southeast_China     1.583 

f4info: 
f4rank: 2 dof:      5 chisq:    16.686 tail:        0.00513519681 dofdiff:      7 chisqdiff:    66.168 taildiff:       8.75653951e-12
B:
          scale     1.000     1.000 
     Anatolia_N    -0.198    -0.379 
            Ami     2.300    -1.249 
           Mixe     0.606     0.631 
   Ganj_Dareh_N    -0.233    -0.437 
           Onge     0.251    -0.508 
     Villabruna    -0.007     0.428 
     DevilsGate     1.090     2.065 
A:
          scale   761.943  3346.624 
          YR_MN     0.896     1.212 
     Chokhopani     0.265     0.836 
Southeast_China     1.458    -0.913 

f4info: 
f4rank: 3 dof:      0 chisq:     0.000 tail:                    1 dofdiff:      5 chisqdiff:    16.686 taildiff:        0.00513519681
B:
          scale     1.000     1.000     1.000 
     Anatolia_N    -0.217    -0.490     0.542 
            Ami     2.306    -1.207     0.019 
           Mixe     0.600     0.477     1.118 
   Ganj_Dareh_N    -0.278    -0.701     1.365 
           Onge     0.267    -0.206    -1.091 
     Villabruna    -0.038     0.144     1.544 
     DevilsGate     1.061     2.127     0.125 
A:
          scale   772.443  3345.825  5644.947 
          YR_MN     0.902     1.145     0.936 
     Chokhopani     0.247     0.964    -1.417 
Southeast_China     1.458    -0.871    -0.339 

## end of run
