/home/cliu7/utils/AdmixTools/bin/qpAdm: parameter file: temp/param/qpAdm_Gurung.YR_MN.Sherpa.LC.Mala.parbk5kvhl8
### THE INPUT PARAMETERS
##PARAMETER NAME: VALUE
DIR: data/intermediate
S1: HO_all_merged.qpAdm
indivname: data/intermediate/HO_all_merged.qpAdm.grouped.ind
snpname: data/intermediate/HO_all_merged.qpAdm.snp
genotypename: data/intermediate/HO_all_merged.qpAdm.geno
popleft: temp/param/left.bk5kvhl8
popright: temp/param/right.bk5kvhl8
details: YES
## qpAdm version: 810
seed: 984829584
packed geno read OK
end of inpack

left pops:
Gurung
YR_MN
Sherpa.LC
Mala

right pops:
Mbuti
Anatolia_N
Ami
Mixe
Ganj_Dareh_N
Onge
Villabruna
DevilsGate

  0               Gurung    5
  1                YR_MN    8
  2            Sherpa.LC    9
  3                 Mala   11
  4                Mbuti   10
  5           Anatolia_N   25
  6                  Ami   10
  7                 Mixe   10
  8         Ganj_Dareh_N    7
  9                 Onge   12
 10           Villabruna    1
 11           DevilsGate    4
jackknife block size:     0.050
snps: 498990  indivs: 112
number of blocks for block jackknife: 710
## ncols: 498990
coverage:               Gurung 498036
coverage:                YR_MN 497089
coverage:            Sherpa.LC 498990
coverage:                 Mala 498990
coverage:                Mbuti 498990
coverage:           Anatolia_N 498137
coverage:                  Ami 498990
coverage:                 Mixe 498990
coverage:         Ganj_Dareh_N 457128
coverage:                 Onge 498990
coverage:           Villabruna 415230
coverage:           DevilsGate 498716
dof (jackknife):   583.380
numsnps used: 417319
codimension 1
f4info: 
f4rank: 2 dof:      5 chisq:    10.743 tail:         0.0567188239 dofdiff:      7 chisqdiff:   -10.743 taildiff:                    1
B:
          scale     1.000     1.000 
     Anatolia_N    -0.313    -0.173 
            Ami     1.582     2.394 
           Mixe     1.066    -0.547 
   Ganj_Dareh_N    -0.444     0.519 
           Onge     0.367    -0.397 
     Villabruna    -0.146     0.041 
     DevilsGate     1.706    -0.714 
A:
          scale   267.058  6663.673 
          YR_MN     0.298     1.452 
      Sherpa.LC     0.147    -0.944 
           Mala    -1.700     0.011 


full rank
f4info: 
f4rank: 3 dof:      0 chisq:     0.000 tail:                    1 dofdiff:      5 chisqdiff:    10.743 taildiff:         0.0567188239
B:
          scale     1.000     1.000     1.000 
     Anatolia_N    -0.314    -0.233    -0.256 
            Ami     1.581     1.867     2.330 
           Mixe     1.066    -0.717    -0.384 
   Ganj_Dareh_N    -0.448     0.318     0.349 
           Onge     0.366    -1.448     0.214 
     Villabruna    -0.143     0.853    -0.572 
     DevilsGate     1.706    -0.152    -0.929 
A:
          scale   267.510  4745.947  5124.020 
          YR_MN     0.300     1.407    -0.256 
      Sherpa.LC     0.150     0.721    -1.539 
           Mala    -1.699     0.707    -0.751 


best coefficients:     0.351     0.541     0.108 
Jackknife mean:      0.343613166     0.549406769     0.106980065 
      std. errors:     0.148     0.164     0.019 

error covariance (* 1000000)
     21844     -24237       2393 
    -24237      27007      -2770 
      2393      -2770        377 


summ: Gurung    3      0.056719     0.344     0.549     0.107 21844 -24237  2393 27007 -2770   377 

    fixed pat  wt  dof     chisq       tail prob
          000  0     5    10.743       0.0567188     0.351     0.541     0.108 
          001  1     6    47.277     1.64746e-08    -0.554     1.554    -0.000  infeasible
          010  1     6    19.265      0.00373868     0.834     0.000     0.166 
          100  1     6    17.717      0.00698034    -0.000     0.930     0.070 
          011  2     7   193.239               0     1.000    -0.000    -0.000 
          101  2     7    48.713     2.58294e-08     0.000     1.000    -0.000 
          110  2     7  3538.446               0     0.000    -0.000     1.000 
best pat:          000        0.0567188              -  -
best pat:          100       0.00698034  chi(nested):     6.974 p-value for nested model:      0.00827157
best pat:          101      2.58294e-08  chi(nested):    30.996 p-value for nested model:     2.58587e-08

coeffs:     0.351     0.541     0.108 

## dscore:: f_4(Base, Fit, Rbase, right2)
## genstat:: f_4(Base, Fit, right1, right2)

details:           YR_MN      Anatolia_N    -0.000332   -1.670660
details:       Sherpa.LC      Anatolia_N    -0.000129   -0.806570
details:            Mala      Anatolia_N     0.002013    9.879526
dscore:      Anatolia_N f4:     0.000031 Z:     0.223568

details:           YR_MN             Ami     0.002280    9.925475
details:       Sherpa.LC             Ami     0.000471    2.455128
details:            Mala             Ami    -0.010134  -41.466006
dscore:             Ami f4:    -0.000040 Z:    -0.235264

details:           YR_MN            Mixe     0.001048    4.303586
details:       Sherpa.LC            Mixe     0.000586    2.874545
details:            Mala            Mixe    -0.006867  -26.574473
dscore:            Mixe f4:    -0.000057 Z:    -0.321395

details:           YR_MN    Ganj_Dareh_N    -0.000340   -1.378127
details:       Sherpa.LC    Ganj_Dareh_N    -0.000317   -1.639843
details:            Mala    Ganj_Dareh_N     0.002862   12.144038
dscore:    Ganj_Dareh_N f4:     0.000019 Z:     0.109780

details:           YR_MN            Onge     0.000062    0.268838
details:       Sherpa.LC            Onge    -0.000061   -0.334736
details:            Mala            Onge    -0.002567  -11.231378
dscore:            Onge f4:    -0.000289 Z:    -1.824756

details:           YR_MN      Villabruna     0.000264    0.837730
details:       Sherpa.LC      Villabruna     0.000255    0.984664
details:            Mala      Villabruna     0.001168    3.814046
dscore:      Villabruna f4:     0.000356 Z:     1.607029

details:           YR_MN      DevilsGate     0.001986    7.209723
details:       Sherpa.LC      DevilsGate     0.001212    5.332652
details:            Mala      DevilsGate    -0.010756  -38.644227
dscore:      DevilsGate f4:     0.000191 Z:     0.958209

gendstat:                Mbuti           Anatolia_N     0.224
gendstat:                Mbuti                  Ami    -0.235
gendstat:                Mbuti                 Mixe    -0.321
gendstat:                Mbuti         Ganj_Dareh_N     0.110
gendstat:                Mbuti                 Onge    -1.825
gendstat:                Mbuti           Villabruna     1.607
gendstat:                Mbuti           DevilsGate     0.958
gendstat:           Anatolia_N                  Ami    -0.442
gendstat:           Anatolia_N                 Mixe    -0.542
gendstat:           Anatolia_N         Ganj_Dareh_N    -0.084
gendstat:           Anatolia_N                 Onge    -2.040
gendstat:           Anatolia_N           Villabruna     1.709
gendstat:           Anatolia_N           DevilsGate     0.813
gendstat:                  Ami                 Mixe    -0.111
gendstat:                  Ami         Ganj_Dareh_N     0.305
gendstat:                  Ami                 Onge    -1.518
gendstat:                  Ami           Villabruna     1.700
gendstat:                  Ami           DevilsGate     1.398
gendstat:                 Mixe         Ganj_Dareh_N     0.394
gendstat:                 Mixe                 Onge    -1.295
gendstat:                 Mixe           Villabruna     1.782
gendstat:                 Mixe           DevilsGate     1.242
gendstat:         Ganj_Dareh_N                 Onge    -1.681
gendstat:         Ganj_Dareh_N           Villabruna     1.464
gendstat:         Ganj_Dareh_N           DevilsGate     0.777
gendstat:                 Onge           Villabruna     2.831
gendstat:                 Onge           DevilsGate     2.312
gendstat:           Villabruna           DevilsGate    -0.664

## end of run
