/home/cliu7/utils/AdmixTools/bin/qpWave: parameter file: temp/param/qpAdm_Gurung.Upper_YR_LN.Rhirhi.Mala.parq8sc89rj
### THE INPUT PARAMETERS
##PARAMETER NAME: VALUE
DIR: data/intermediate
S1: HO_all_merged.qpAdm
indivname: data/intermediate/HO_all_merged.qpAdm.grouped.ind
snpname: data/intermediate/HO_all_merged.qpAdm.snp
genotypename: data/intermediate/HO_all_merged.qpAdm.geno
popleft: temp/param/left.q8sc89rj
popright: temp/param/right.q8sc89rj
details: YES
## qpWave version: 410
packed geno read OK
end of inpack

left pops:
Gurung
Upper_YR_LN
Rhirhi
Mala

right pops:
Mbuti
Anatolia_N
Ami
Mixe
Ganj_Dareh_N
Onge
Villabruna
DevilsGate

  0               Gurung    5
  1          Upper_YR_LN    7
  2               Rhirhi    4
  3                 Mala   11
  4                Mbuti   10
  5           Anatolia_N   25
  6                  Ami   10
  7                 Mixe   10
  8         Ganj_Dareh_N    7
  9                 Onge   12
 10           Villabruna    1
 11           DevilsGate    4
jackknife block size:     0.050
snps: 498990  indivs: 106
number of blocks for block jackknife: 710
dof (jackknife):   583.375
numsnps used: 414070
f4info: 
f4rank: 0 dof:     21 chisq:  4723.472 tail:                    0 dofdiff:      0 chisqdiff:     0.000 taildiff:                    1

f4info: 
f4rank: 1 dof:     12 chisq:    44.373 tail:        1.3189993e-05 dofdiff:      9 chisqdiff:  4679.099 taildiff:                    0
B:
          scale     1.000 
     Anatolia_N    -0.288 
            Ami     1.566 
           Mixe     1.074 
   Ganj_Dareh_N    -0.411 
           Onge     0.388 
     Villabruna    -0.135 
     DevilsGate     1.724 
A:
          scale   260.722 
    Upper_YR_LN     0.348 
         Rhirhi     0.037 
           Mala    -1.696 

f4info: 
f4rank: 2 dof:      5 chisq:    12.000 tail:         0.0347819542 dofdiff:      7 chisqdiff:    32.373 taildiff:        3.4636708e-05
B:
          scale     1.000     1.000 
     Anatolia_N    -0.288     0.380 
            Ami     1.579     0.922 
           Mixe     1.078     0.565 
   Ganj_Dareh_N    -0.404     0.873 
           Onge     0.400     1.116 
     Villabruna    -0.154    -1.374 
     DevilsGate     1.707    -1.339 
A:
          scale   261.286  3475.028 
    Upper_YR_LN     0.348    -0.616 
         Rhirhi     0.031    -1.615 
           Mala    -1.696    -0.119 

f4info: 
f4rank: 3 dof:      0 chisq:     0.000 tail:                    1 dofdiff:      5 chisqdiff:    12.000 taildiff:         0.0347819542
B:
          scale     1.000     1.000     1.000 
     Anatolia_N    -0.304     0.131     1.066 
            Ami     1.577     0.954    -0.007 
           Mixe     1.075     0.517     0.415 
   Ganj_Dareh_N    -0.427     0.306     2.277 
           Onge     0.396     1.133     0.287 
     Villabruna    -0.163    -1.464     0.440 
     DevilsGate     1.703    -1.512     0.481 
A:
          scale   262.960  3485.972  5413.972 
    Upper_YR_LN     0.391    -0.770     1.501 
         Rhirhi     0.023    -1.538    -0.796 
           Mala    -1.687    -0.200     0.337 

## end of run
