/home/cliu7/utils/AdmixTools/bin/qpWave: parameter file: temp/param/qpAdm_Gurung.YR_MN.Samdzong.Pathan.parmsn0hnio
### THE INPUT PARAMETERS
##PARAMETER NAME: VALUE
DIR: data/intermediate
S1: HO_all_merged.qpAdm
indivname: data/intermediate/HO_all_merged.qpAdm.grouped.ind
snpname: data/intermediate/HO_all_merged.qpAdm.snp
genotypename: data/intermediate/HO_all_merged.qpAdm.geno
popleft: temp/param/left.msn0hnio
popright: temp/param/right.msn0hnio
details: YES
## qpWave version: 410
packed geno read OK
end of inpack

left pops:
Gurung
YR_MN
Samdzong
Pathan

right pops:
Mbuti
Anatolia_N
Ami
Mixe
Ganj_Dareh_N
Onge
Villabruna
DevilsGate

  0               Gurung    5
  1                YR_MN    8
  2             Samdzong    9
  3               Pathan   18
  4                Mbuti   10
  5           Anatolia_N   25
  6                  Ami   10
  7                 Mixe   10
  8         Ganj_Dareh_N    7
  9                 Onge   12
 10           Villabruna    1
 11           DevilsGate    4
jackknife block size:     0.050
snps: 498990  indivs: 119
number of blocks for block jackknife: 710
dof (jackknife):   583.390
numsnps used: 414537
f4info: 
f4rank: 0 dof:     21 chisq:  7577.603 tail:                    0 dofdiff:      0 chisqdiff:     0.000 taildiff:                    1

f4info: 
f4rank: 1 dof:     12 chisq:    70.286 tail:       2.83150636e-10 dofdiff:      9 chisqdiff:  7507.317 taildiff:                    0
B:
          scale     1.000 
     Anatolia_N    -0.659 
            Ami     1.500 
           Mixe     0.868 
   Ganj_Dareh_N    -0.675 
           Onge     0.639 
     Villabruna    -0.515 
     DevilsGate     1.560 
A:
          scale   201.530 
          YR_MN     0.217 
       Samdzong     0.033 
         Pathan    -1.718 

f4info: 
f4rank: 2 dof:      5 chisq:    20.383 tail:        0.00105904346 dofdiff:      7 chisqdiff:    49.903 taildiff:       1.50892484e-08
B:
          scale     1.000     1.000 
     Anatolia_N    -0.681     0.748 
            Ami     1.481     1.387 
           Mixe     0.856     0.259 
   Ganj_Dareh_N    -0.706     1.326 
           Onge     0.638    -0.815 
     Villabruna    -0.531     1.420 
     DevilsGate     1.557     0.108 
A:
          scale   203.154  3417.887 
          YR_MN     0.221     1.726 
       Samdzong     0.037    -0.125 
         Pathan    -1.718     0.074 

f4info: 
f4rank: 3 dof:      0 chisq:     0.000 tail:                    1 dofdiff:      5 chisqdiff:    20.383 taildiff:        0.00105904346
B:
          scale     1.000     1.000     1.000 
     Anatolia_N    -0.682     0.805    -0.144 
            Ami     1.497     1.065     1.251 
           Mixe     0.859     0.170     0.183 
   Ganj_Dareh_N    -0.689     0.634     1.770 
           Onge     0.656    -1.338     1.009 
     Villabruna    -0.528     1.612    -0.205 
     DevilsGate     1.540     0.632    -1.090 
A:
          scale   203.412  3150.386  6805.425 
          YR_MN     0.226     1.686     0.327 
       Samdzong     0.044     0.324    -1.701 
         Pathan    -1.717     0.230    -0.000 

## end of run
