/home/cliu7/utils/AdmixTools/bin/qpWave: parameter file: temp/param/qpAdm_Gurung.Yi.Rhirhi.Pathan.parp6ah27cb
### THE INPUT PARAMETERS
##PARAMETER NAME: VALUE
DIR: data/intermediate
S1: HO_all_merged.qpAdm
indivname: data/intermediate/HO_all_merged.qpAdm.grouped.ind
snpname: data/intermediate/HO_all_merged.qpAdm.snp
genotypename: data/intermediate/HO_all_merged.qpAdm.geno
popleft: temp/param/left.p6ah27cb
popright: temp/param/right.p6ah27cb
details: YES
## qpWave version: 410
packed geno read OK
end of inpack

left pops:
Gurung
Yi
Rhirhi
Pathan

right pops:
Mbuti
Anatolia_N
Ami
Mixe
Ganj_Dareh_N
Onge
Villabruna
DevilsGate

  0               Gurung    5
  1                   Yi    8
  2               Rhirhi    4
  3               Pathan   18
  4                Mbuti   10
  5           Anatolia_N   25
  6                  Ami   10
  7                 Mixe   10
  8         Ganj_Dareh_N    7
  9                 Onge   12
 10           Villabruna    1
 11           DevilsGate    4
jackknife block size:     0.050
snps: 498990  indivs: 114
number of blocks for block jackknife: 710
dof (jackknife):   583.431
numsnps used: 412485
f4info: 
f4rank: 0 dof:     21 chisq:  7996.051 tail:                    0 dofdiff:      0 chisqdiff:     0.000 taildiff:                    1

f4info: 
f4rank: 1 dof:     12 chisq:   144.335 tail:       7.96626272e-25 dofdiff:      9 chisqdiff:  7851.716 taildiff:                    0
B:
          scale     1.000 
     Anatolia_N    -0.639 
            Ami     1.544 
           Mixe     0.872 
   Ganj_Dareh_N    -0.654 
           Onge     0.647 
     Villabruna    -0.503 
     DevilsGate     1.533 
A:
          scale   200.310 
             Yi     0.226 
         Rhirhi     0.010 
         Pathan    -1.717 

f4info: 
f4rank: 2 dof:      5 chisq:    22.548 tail:        0.00041170024 dofdiff:      7 chisqdiff:   121.787 taildiff:       3.25149692e-23
B:
          scale     1.000     1.000 
     Anatolia_N    -0.664     1.184 
            Ami     1.514     1.721 
           Mixe     0.857     0.483 
   Ganj_Dareh_N    -0.681     1.243 
           Onge     0.642    -0.285 
     Villabruna    -0.508     0.060 
     DevilsGate     1.549    -0.878 
A:
          scale   201.915  3360.554 
             Yi     0.243     1.475 
         Rhirhi     0.007    -0.859 
         Pathan    -1.715     0.293 

f4info: 
f4rank: 3 dof:      0 chisq:     0.000 tail:                    1 dofdiff:      5 chisqdiff:    22.548 taildiff:        0.00041170024
B:
          scale     1.000     1.000     1.000 
     Anatolia_N    -0.677     1.133     0.528 
            Ami     1.502     1.699     0.551 
           Mixe     0.860     0.489    -0.245 
   Ganj_Dareh_N    -0.686     1.302    -0.092 
           Onge     0.662     0.108    -1.494 
     Villabruna    -0.533    -0.093     1.742 
     DevilsGate     1.534    -0.935     1.040 
A:
          scale   202.134  3281.427  3865.123 
             Yi     0.245     1.324     1.090 
         Rhirhi     0.012    -1.102     1.336 
         Pathan    -1.715     0.182     0.166 

## end of run
