/home/cliu7/utils/AdmixTools/bin/qpAdm: parameter file: temp/param/qpAdm_Gurung.Naxi.Chokhopani.Han.parkg3v2xvd
### THE INPUT PARAMETERS
##PARAMETER NAME: VALUE
DIR: data/intermediate
S1: HO_all_merged.qpAdm
indivname: data/intermediate/HO_all_merged.qpAdm.grouped.ind
snpname: data/intermediate/HO_all_merged.qpAdm.snp
genotypename: data/intermediate/HO_all_merged.qpAdm.geno
popleft: temp/param/left.kg3v2xvd
popright: temp/param/right.kg3v2xvd
details: YES
## qpAdm version: 810
seed: 117202329
packed geno read OK
end of inpack

left pops:
Gurung
Naxi
Chokhopani
Han

right pops:
Mbuti
Anatolia_N
Ami
Mixe
Ganj_Dareh_N
Onge
Villabruna
DevilsGate

  0               Gurung    5
  1                 Naxi    9
  2           Chokhopani    2
  3                  Han   33
  4                Mbuti   10
  5           Anatolia_N   25
  6                  Ami   10
  7                 Mixe   10
  8         Ganj_Dareh_N    7
  9                 Onge   12
 10           Villabruna    1
 11           DevilsGate    4
jackknife block size:     0.050
snps: 498990  indivs: 128
number of blocks for block jackknife: 710
## ncols: 498990
coverage:               Gurung 498036
coverage:                 Naxi 498990
coverage:           Chokhopani 498917
coverage:                  Han 498990
coverage:                Mbuti 498990
coverage:           Anatolia_N 498137
coverage:                  Ami 498990
coverage:                 Mixe 498990
coverage:         Ganj_Dareh_N 457128
coverage:                 Onge 498990
coverage:           Villabruna 415230
coverage:           DevilsGate 498716
dof (jackknife):   583.494
numsnps used: 420205
codimension 1
f4info: 
f4rank: 2 dof:      5 chisq:     5.937 tail:           0.31240247 dofdiff:      7 chisqdiff:    -5.937 taildiff:                    1
B:
          scale     1.000     1.000 
     Anatolia_N    -0.124     0.564 
            Ami     2.161     1.600 
           Mixe     0.778    -0.201 
   Ganj_Dareh_N    -0.187     1.077 
           Onge     0.275    -0.634 
     Villabruna    -0.021     0.109 
     DevilsGate     1.264    -1.584 
A:
          scale   739.676  5042.843 
           Naxi     0.905    -0.862 
     Chokhopani     0.320    -1.493 
            Han     1.442     0.161 


full rank
f4info: 
f4rank: 3 dof:      0 chisq:     0.000 tail:                    1 dofdiff:      5 chisqdiff:     5.937 taildiff:           0.31240247
B:
          scale     1.000     1.000     1.000 
     Anatolia_N    -0.099     0.695     0.041 
            Ami     2.156     1.106    -2.224 
           Mixe     0.832    -0.206     0.945 
   Ganj_Dareh_N    -0.155     1.290    -0.007 
           Onge     0.257    -0.629     0.228 
     Villabruna     0.028     0.330     0.836 
     DevilsGate     1.248    -1.756     0.639 
A:
          scale   776.230  3483.446  6718.584 
           Naxi     0.941    -0.562     0.230 
     Chokhopani     0.136    -1.622    -1.516 
            Han     1.448    -0.229    -0.805 


best coefficients:    -8.470     5.336     4.133 
Jackknife mean:      9.713929621    -3.722301570    -4.991628052 
      std. errors:    12.979     6.470     6.524 

error covariance (* 1000000)
 168466899  -83880479  -84586420 
 -83880479   41858395   42022084 
 -84586420   42022084   42564337 


summ: Gurung    3      0.312402     9.714    -3.722    -4.992 168466899 -83880479 -84586420 41858395 42022084 42564337 

    fixed pat  wt  dof     chisq       tail prob
          000  0     5     5.937        0.312402    -8.470     5.336     4.133  infeasible
          001  1     6    18.628      0.00484055    -0.345     1.345    -0.000  infeasible
          010  1     6    31.328     2.19447e-05     2.303    -0.000    -1.303  infeasible
          100  1     6    22.776     0.000875031     0.000     1.127    -0.127  infeasible
          011  2     7   308.422               0     1.000    -0.000     0.000 
          101  2     7    28.815     0.000156383     0.000     1.000     0.000 
          110  2     7  1026.633               0     0.000    -0.000     1.000 
best pat:          000         0.312402              -  -
best pat:          001       0.00484055  chi(nested):    12.691 p-value for nested model:     0.000367439 infeasible
best pat:          101      0.000156383  chi(nested):    10.187 p-value for nested model:      0.00141442

coeffs:    -8.470     5.336     4.133 

## dscore:: f_4(Base, Fit, Rbase, right2)
## genstat:: f_4(Base, Fit, right1, right2)

details:            Naxi      Anatolia_N    -0.000221   -1.507054
details:      Chokhopani      Anatolia_N    -0.000356   -1.582151
details:             Han      Anatolia_N    -0.000230   -1.743153
dscore:      Anatolia_N f4:    -0.000982 Z:    -0.746562

details:            Naxi             Ami     0.002379   13.926361
details:      Chokhopani             Ami     0.000373    1.491654
details:             Han             Ami     0.004236   26.049648
dscore:             Ami f4:    -0.000645 Z:    -0.446521

details:            Naxi            Mixe     0.001097    6.213712
details:      Chokhopani            Mixe     0.000041    0.152991
details:             Han            Mixe     0.001477    8.505034
dscore:            Mixe f4:    -0.002964 Z:    -1.938972

details:            Naxi    Ganj_Dareh_N    -0.000391   -2.217481
details:      Chokhopani    Ganj_Dareh_N    -0.000636   -2.328359
details:             Han    Ganj_Dareh_N    -0.000368   -2.288926
dscore:    Ganj_Dareh_N f4:    -0.001603 Z:    -1.029174

details:            Naxi            Onge     0.000426    2.513887
details:      Chokhopani            Onge     0.000279    1.079491
details:             Han            Onge     0.000499    3.187442
dscore:            Onge f4:    -0.000057 Z:    -0.037991

details:            Naxi      Villabruna     0.000034    0.150691
details:      Chokhopani      Villabruna    -0.000355   -1.025561
details:             Han      Villabruna    -0.000054   -0.254876
dscore:      Villabruna f4:    -0.002410 Z:    -1.194438

details:            Naxi      DevilsGate     0.001844    8.944693
details:      Chokhopani      DevilsGate     0.000906    3.048414
details:             Han      DevilsGate     0.002390   12.657915
dscore:      DevilsGate f4:    -0.000908 Z:    -0.538734

gendstat:                Mbuti           Anatolia_N    -0.747
gendstat:                Mbuti                  Ami    -0.447
gendstat:                Mbuti                 Mixe    -1.939
gendstat:                Mbuti         Ganj_Dareh_N    -1.029
gendstat:                Mbuti                 Onge    -0.038
gendstat:                Mbuti           Villabruna    -1.194
gendstat:                Mbuti           DevilsGate    -0.539
gendstat:           Anatolia_N                  Ami     0.243
gendstat:           Anatolia_N                 Mixe    -1.350
gendstat:           Anatolia_N         Ganj_Dareh_N    -0.496
gendstat:           Anatolia_N                 Onge     0.659
gendstat:           Anatolia_N           Villabruna    -0.794
gendstat:           Anatolia_N           DevilsGate     0.044
gendstat:                  Ami                 Mixe    -1.634
gendstat:                  Ami         Ganj_Dareh_N    -0.591
gendstat:                  Ami                 Onge     0.419
gendstat:                  Ami           Villabruna    -0.841
gendstat:                  Ami           DevilsGate    -0.174
gendstat:                 Mixe         Ganj_Dareh_N     0.813
gendstat:                 Mixe                 Onge     1.843
gendstat:                 Mixe           Villabruna     0.261
gendstat:                 Mixe           DevilsGate     1.242
gendstat:         Ganj_Dareh_N                 Onge     0.961
gendstat:         Ganj_Dareh_N           Villabruna    -0.383
gendstat:         Ganj_Dareh_N           DevilsGate     0.366
gendstat:                 Onge           Villabruna    -1.099
gendstat:                 Onge           DevilsGate    -0.491
gendstat:           Villabruna           DevilsGate     0.655

## end of run
