/home/cliu7/utils/AdmixTools/bin/qpAdm: parameter file: temp/param/qpAdm_Gurung.YR_MN.Rhirhi.Pathan.parxb8edhbm
### THE INPUT PARAMETERS
##PARAMETER NAME: VALUE
DIR: data/intermediate
S1: HO_all_merged.qpAdm
indivname: data/intermediate/HO_all_merged.qpAdm.grouped.ind
snpname: data/intermediate/HO_all_merged.qpAdm.snp
genotypename: data/intermediate/HO_all_merged.qpAdm.geno
popleft: temp/param/left.xb8edhbm
popright: temp/param/right.xb8edhbm
details: YES
## qpAdm version: 810
seed: 684374886
packed geno read OK
end of inpack

left pops:
Gurung
YR_MN
Rhirhi
Pathan

right pops:
Mbuti
Anatolia_N
Ami
Mixe
Ganj_Dareh_N
Onge
Villabruna
DevilsGate

  0               Gurung    5
  1                YR_MN    8
  2               Rhirhi    4
  3               Pathan   18
  4                Mbuti   10
  5           Anatolia_N   25
  6                  Ami   10
  7                 Mixe   10
  8         Ganj_Dareh_N    7
  9                 Onge   12
 10           Villabruna    1
 11           DevilsGate    4
jackknife block size:     0.050
snps: 498990  indivs: 114
number of blocks for block jackknife: 710
## ncols: 498990
coverage:               Gurung 498036
coverage:                YR_MN 497089
coverage:               Rhirhi 489694
coverage:               Pathan 498990
coverage:                Mbuti 498990
coverage:           Anatolia_N 498137
coverage:                  Ami 498990
coverage:                 Mixe 498990
coverage:         Ganj_Dareh_N 457128
coverage:                 Onge 498990
coverage:           Villabruna 415230
coverage:           DevilsGate 498716
dof (jackknife):   583.438
numsnps used: 411975
codimension 1
f4info: 
f4rank: 2 dof:      5 chisq:    33.920 tail:       2.46988202e-06 dofdiff:      7 chisqdiff:   -33.920 taildiff:                    1
B:
          scale     1.000     1.000 
     Anatolia_N    -0.674     0.637 
            Ami     1.501     1.985 
           Mixe     0.856     0.312 
   Ganj_Dareh_N    -0.683     0.852 
           Onge     0.635    -1.280 
     Villabruna    -0.500     0.249 
     DevilsGate     1.562    -0.359 
A:
          scale   202.624  4775.478 
          YR_MN     0.201     1.600 
         Rhirhi     0.016    -0.585 
         Pathan    -1.720     0.313 


full rank
f4info: 
f4rank: 3 dof:      0 chisq:     0.000 tail:                    1 dofdiff:      5 chisqdiff:    33.920 taildiff:       2.46988202e-06
B:
          scale     1.000     1.000     1.000 
     Anatolia_N    -0.678     0.354     0.516 
            Ami     1.501     0.686     2.129 
           Mixe     0.855    -0.421     0.432 
   Ganj_Dareh_N    -0.688     0.198     0.894 
           Onge     0.637    -2.023    -0.446 
     Villabruna    -0.505     1.344    -0.453 
     DevilsGate     1.556     0.538    -0.901 
A:
          scale   203.728  3003.393  4358.391 
          YR_MN     0.221     1.195     0.442 
         Rhirhi     0.041     1.154    -1.670 
         Pathan    -1.717     0.490    -0.127 


best coefficients:     0.253     0.711     0.036 
Jackknife mean:      0.371641065     0.579245151     0.049113784 
      std. errors:     0.331     0.368     0.037 

error covariance (* 1000000)
    109727    -121722      11995 
   -121722     135116     -13394 
     11995     -13394       1399 


summ: Gurung    3      0.000002     0.372     0.579     0.049 109727 -121722 11995 135116 -13394  1399 

    fixed pat  wt  dof     chisq       tail prob
          000  0     5    33.920     2.46988e-06     0.253     0.711     0.036 
          001  1     6    82.555     1.05872e-15    -0.050     1.050     0.000  infeasible
          010  1     6    45.834       3.194e-08     0.888    -0.000     0.112 
          100  1     6    35.130     4.06723e-06    -0.000     0.992     0.008 
          011  2     7   195.259               0     1.000    -0.000    -0.000 
          101  2     7    34.237     1.55496e-05     0.000     1.000    -0.000 
          110  2     7  5778.148               0     0.000    -0.000     1.000 
best pat:          000      2.46988e-06              -  -
best pat:          100      4.06723e-06  chi(nested):     1.210 p-value for nested model:        0.271405
best pat:          101      1.55496e-05  chi(nested):    -0.892 p-value for nested model:            -nan

coeffs:     0.253     0.711     0.036 

## dscore:: f_4(Base, Fit, Rbase, right2)
## genstat:: f_4(Base, Fit, right1, right2)

details:           YR_MN      Anatolia_N    -0.000353   -1.758320
details:          Rhirhi      Anatolia_N    -0.000244   -1.170776
details:          Pathan      Anatolia_N     0.005820   28.027569
dscore:      Anatolia_N f4:    -0.000051 Z:    -0.298117

details:           YR_MN             Ami     0.002288    9.859254
details:          Rhirhi             Ami    -0.000295   -1.188883
details:          Pathan             Ami    -0.012603  -49.145964
dscore:             Ami f4:    -0.000088 Z:    -0.422117

details:           YR_MN            Mixe     0.001033    4.210701
details:          Rhirhi            Mixe    -0.000204   -0.765700
details:          Pathan            Mixe    -0.007255  -25.861052
dscore:            Mixe f4:    -0.000147 Z:    -0.668683

details:           YR_MN    Ganj_Dareh_N    -0.000355   -1.428195
details:          Rhirhi    Ganj_Dareh_N    -0.000521   -1.935140
details:          Pathan    Ganj_Dareh_N     0.005876   23.829784
dscore:    Ganj_Dareh_N f4:    -0.000247 Z:    -1.123227

details:           YR_MN            Onge     0.000042    0.182164
details:          Rhirhi            Onge    -0.000504   -2.032132
details:          Pathan            Onge    -0.005656  -23.713754
dscore:            Onge f4:    -0.000553 Z:    -2.728855

details:           YR_MN      Villabruna     0.000262    0.821767
details:          Rhirhi      Villabruna     0.000607    1.797920
details:          Pathan      Villabruna     0.004581   14.663785
dscore:      Villabruna f4:     0.000664 Z:     2.371655

details:           YR_MN      DevilsGate     0.001984    7.129854
details:          Rhirhi      DevilsGate     0.000752    2.481043
details:          Pathan      DevilsGate    -0.012996  -44.047363
dscore:      DevilsGate f4:     0.000565 Z:     2.256986

gendstat:                Mbuti           Anatolia_N    -0.298
gendstat:                Mbuti                  Ami    -0.422
gendstat:                Mbuti                 Mixe    -0.669
gendstat:                Mbuti         Ganj_Dareh_N    -1.123
gendstat:                Mbuti                 Onge    -2.729
gendstat:                Mbuti           Villabruna     2.372
gendstat:                Mbuti           DevilsGate     2.257
gendstat:           Anatolia_N                  Ami    -0.194
gendstat:           Anatolia_N                 Mixe    -0.471
gendstat:           Anatolia_N         Ganj_Dareh_N    -1.085
gendstat:           Anatolia_N                 Onge    -2.520
gendstat:           Anatolia_N           Villabruna     2.974
gendstat:           Anatolia_N           DevilsGate     2.553
gendstat:                  Ami                 Mixe    -0.328
gendstat:                  Ami         Ganj_Dareh_N    -0.694
gendstat:                  Ami                 Onge    -2.158
gendstat:                  Ami           Villabruna     2.664
gendstat:                  Ami           DevilsGate     3.249
gendstat:                 Mixe         Ganj_Dareh_N    -0.405
gendstat:                 Mixe                 Onge    -1.733
gendstat:                 Mixe           Villabruna     2.847
gendstat:                 Mixe           DevilsGate     3.094
gendstat:         Ganj_Dareh_N                 Onge    -1.267
gendstat:         Ganj_Dareh_N           Villabruna     3.214
gendstat:         Ganj_Dareh_N           DevilsGate     2.914
gendstat:                 Onge           Villabruna     4.207
gendstat:                 Onge           DevilsGate     4.137
gendstat:           Villabruna           DevilsGate    -0.314

## end of run
