/home/cliu7/utils/AdmixTools/bin/qpWave: parameter file: temp/param/qpAdm_Gurung.Upper_YR_LN.Sherpa.LC.Pathan.par77liau2c
### THE INPUT PARAMETERS
##PARAMETER NAME: VALUE
DIR: data/intermediate
S1: HO_all_merged.qpAdm
indivname: data/intermediate/HO_all_merged.qpAdm.grouped.ind
snpname: data/intermediate/HO_all_merged.qpAdm.snp
genotypename: data/intermediate/HO_all_merged.qpAdm.geno
popleft: temp/param/left.77liau2c
popright: temp/param/right.77liau2c
details: YES
## qpWave version: 410
packed geno read OK
end of inpack

left pops:
Gurung
Upper_YR_LN
Sherpa.LC
Pathan

right pops:
Mbuti
Anatolia_N
Ami
Mixe
Ganj_Dareh_N
Onge
Villabruna
DevilsGate

  0               Gurung    5
  1          Upper_YR_LN    7
  2            Sherpa.LC    9
  3               Pathan   18
  4                Mbuti   10
  5           Anatolia_N   25
  6                  Ami   10
  7                 Mixe   10
  8         Ganj_Dareh_N    7
  9                 Onge   12
 10           Villabruna    1
 11           DevilsGate    4
jackknife block size:     0.050
snps: 498990  indivs: 118
number of blocks for block jackknife: 710
dof (jackknife):   583.311
numsnps used: 414466
f4info: 
f4rank: 0 dof:     21 chisq:  7271.231 tail:                    0 dofdiff:      0 chisqdiff:     0.000 taildiff:                    1

f4info: 
f4rank: 1 dof:     12 chisq:    53.876 tail:       2.87607519e-07 dofdiff:      9 chisqdiff:  7217.355 taildiff:                    0
B:
          scale     1.000 
     Anatolia_N    -0.648 
            Ami     1.486 
           Mixe     0.876 
   Ganj_Dareh_N    -0.664 
           Onge     0.638 
     Villabruna    -0.495 
     DevilsGate     1.585 
A:
          scale   200.608 
    Upper_YR_LN     0.231 
      Sherpa.LC     0.079 
         Pathan    -1.715 

f4info: 
f4rank: 2 dof:      5 chisq:    11.594 tail:         0.0407914879 dofdiff:      7 chisqdiff:    42.281 taildiff:        4.5898886e-07
B:
          scale     1.000     1.000 
     Anatolia_N    -0.677     1.062 
            Ami     1.482     0.071 
           Mixe     0.860     0.679 
   Ganj_Dareh_N    -0.689     1.121 
           Onge     0.645    -0.771 
     Villabruna    -0.523     1.349 
     DevilsGate     1.562     1.318 
A:
          scale   203.010  2343.155 
    Upper_YR_LN     0.280     1.489 
      Sherpa.LC     0.104     0.807 
         Pathan    -1.706     0.364 

f4info: 
f4rank: 3 dof:      0 chisq:     0.000 tail:                    1 dofdiff:      5 chisqdiff:    11.594 taildiff:         0.0407914879
B:
          scale     1.000     1.000     1.000 
     Anatolia_N    -0.671     1.034     0.633 
            Ami     1.488     0.016     1.257 
           Mixe     0.867     0.617    -0.081 
   Ganj_Dareh_N    -0.677     1.072     1.803 
           Onge     0.657    -0.786     0.935 
     Villabruna    -0.520     1.399    -0.625 
     DevilsGate     1.557     1.352    -0.703 
A:
          scale   202.382  2327.654  9593.342 
    Upper_YR_LN     0.279     1.581     0.651 
      Sherpa.LC     0.093     0.644    -1.605 
         Pathan    -1.707     0.293     0.019 

## end of run
