/home/cliu7/utils/AdmixTools/bin/qpAdm: parameter file: temp/param/qpAdm_Gurung.Naxi.Sherpa.LC.Mala.par5ga6ulug
### THE INPUT PARAMETERS
##PARAMETER NAME: VALUE
DIR: data/intermediate
S1: HO_all_merged.qpAdm
indivname: data/intermediate/HO_all_merged.qpAdm.grouped.ind
snpname: data/intermediate/HO_all_merged.qpAdm.snp
genotypename: data/intermediate/HO_all_merged.qpAdm.geno
popleft: temp/param/left.5ga6ulug
popright: temp/param/right.5ga6ulug
details: YES
## qpAdm version: 810
seed: -1154515349
packed geno read OK
end of inpack

left pops:
Gurung
Naxi
Sherpa.LC
Mala

right pops:
Mbuti
Anatolia_N
Ami
Mixe
Ganj_Dareh_N
Onge
Villabruna
DevilsGate

  0               Gurung    5
  1                 Naxi    9
  2            Sherpa.LC    9
  3                 Mala   11
  4                Mbuti   10
  5           Anatolia_N   25
  6                  Ami   10
  7                 Mixe   10
  8         Ganj_Dareh_N    7
  9                 Onge   12
 10           Villabruna    1
 11           DevilsGate    4
jackknife block size:     0.050
snps: 498990  indivs: 113
number of blocks for block jackknife: 710
## ncols: 498990
coverage:               Gurung 498036
coverage:                 Naxi 498990
coverage:            Sherpa.LC 498990
coverage:                 Mala 498990
coverage:                Mbuti 498990
coverage:           Anatolia_N 498137
coverage:                  Ami 498990
coverage:                 Mixe 498990
coverage:         Ganj_Dareh_N 457128
coverage:                 Onge 498990
coverage:           Villabruna 415230
coverage:           DevilsGate 498716
dof (jackknife):   583.419
numsnps used: 417790
codimension 1
f4info: 
f4rank: 2 dof:      5 chisq:     5.615 tail:          0.345477706 dofdiff:      7 chisqdiff:    -5.615 taildiff:                    1
B:
          scale     1.000     1.000 
     Anatolia_N    -0.301     0.165 
            Ami     1.612     2.220 
           Mixe     1.058    -0.582 
   Ganj_Dareh_N    -0.439     0.345 
           Onge     0.384     0.361 
     Villabruna    -0.150    -0.236 
     DevilsGate     1.682    -1.182 
A:
          scale   265.349  6169.137 
           Naxi     0.311     1.267 
      Sherpa.LC     0.141    -1.089 
           Mala    -1.698     0.456 


full rank
f4info: 
f4rank: 3 dof:      0 chisq:     0.000 tail:                    1 dofdiff:      5 chisqdiff:     5.615 taildiff:          0.345477706
B:
          scale     1.000     1.000     1.000 
     Anatolia_N    -0.300    -0.020     0.423 
            Ami     1.590     2.353     1.897 
           Mixe     1.062    -0.347    -1.132 
   Ganj_Dareh_N    -0.446     0.195     0.246 
           Onge     0.374     0.485    -0.671 
     Villabruna    -0.132    -0.534     0.725 
     DevilsGate     1.702    -0.885    -0.950 
A:
          scale   268.727  3987.483  5255.968 
           Naxi     0.320     0.229     0.893 
      Sherpa.LC     0.172    -1.469     0.952 
           Mala    -1.694    -0.889     1.139 


best coefficients:     0.389     0.499     0.113 
Jackknife mean:      0.390303504     0.496929995     0.112766501 
      std. errors:     0.100     0.111     0.015 

error covariance (* 1000000)
      9912     -10965       1053 
    -10965      12232      -1267 
      1053      -1267        214 


summ: Gurung    3      0.345478     0.390     0.497     0.113  9912 -10965  1053 12232 -1267   214 

    fixed pat  wt  dof     chisq       tail prob
          000  0     5     5.615        0.345478     0.389     0.499     0.113 
          001  1     6    78.606      6.9322e-15    -0.570     1.570     0.000  infeasible
          010  1     6    25.178     0.000316515     0.837    -0.000     0.163 
          100  1     6    17.628        0.007231     0.000     0.931     0.069 
          011  2     7   309.380               0     1.000    -0.000    -0.000 
          101  2     7    48.606     2.70999e-08     0.000     1.000    -0.000 
          110  2     7  3538.553               0     0.000    -0.000     1.000 
best pat:          000         0.345478              -  -
best pat:          100         0.007231  chi(nested):    12.013 p-value for nested model:      0.00052824
best pat:          101      2.70999e-08  chi(nested):    30.978 p-value for nested model:     2.61021e-08

coeffs:     0.389     0.499     0.113 

## dscore:: f_4(Base, Fit, Rbase, right2)
## genstat:: f_4(Base, Fit, right1, right2)

details:            Naxi      Anatolia_N    -0.000221   -1.503991
details:       Sherpa.LC      Anatolia_N    -0.000123   -0.769555
details:            Mala      Anatolia_N     0.002014    9.865158
dscore:      Anatolia_N f4:     0.000079 Z:     0.610267

details:            Naxi             Ami     0.002393   13.926538
details:       Sherpa.LC             Ami     0.000477    2.481494
details:            Mala             Ami    -0.010151  -41.413743
dscore:             Ami f4:     0.000025 Z:     0.161295

details:            Naxi            Mixe     0.001103    6.213683
details:       Sherpa.LC            Mixe     0.000587    2.870659
details:            Mala            Mixe    -0.006886  -26.582996
dscore:            Mixe f4:    -0.000053 Z:    -0.322057

details:            Naxi    Ganj_Dareh_N    -0.000393   -2.215864
details:       Sherpa.LC    Ganj_Dareh_N    -0.000309   -1.597638
details:            Mala    Ganj_Dareh_N     0.002871   12.165960
dscore:    Ganj_Dareh_N f4:     0.000016 Z:     0.101729

details:            Naxi            Onge     0.000429    2.517191
details:       Sherpa.LC            Onge    -0.000067   -0.366536
details:            Mala            Onge    -0.002577  -11.275939
dscore:            Onge f4:    -0.000157 Z:    -1.059882

details:            Naxi      Villabruna     0.000035    0.153523
details:       Sherpa.LC      Villabruna     0.000264    1.020671
details:            Mala      Villabruna     0.001173    3.827114
dscore:      Villabruna f4:     0.000278 Z:     1.327873

details:            Naxi      DevilsGate     0.001857    8.948649
details:       Sherpa.LC      DevilsGate     0.001220    5.361687
details:            Mala      DevilsGate    -0.010772  -38.638254
dscore:      DevilsGate f4:     0.000118 Z:     0.624522

gendstat:                Mbuti           Anatolia_N     0.610
gendstat:                Mbuti                  Ami     0.161
gendstat:                Mbuti                 Mixe    -0.322
gendstat:                Mbuti         Ganj_Dareh_N     0.102
gendstat:                Mbuti                 Onge    -1.060
gendstat:                Mbuti           Villabruna     1.328
gendstat:                Mbuti           DevilsGate     0.625
gendstat:           Anatolia_N                  Ami    -0.354
gendstat:           Anatolia_N                 Mixe    -0.856
gendstat:           Anatolia_N         Ganj_Dareh_N    -0.477
gendstat:           Anatolia_N                 Onge    -1.623
gendstat:           Anatolia_N           Villabruna     1.108
gendstat:           Anatolia_N           DevilsGate     0.213
gendstat:                  Ami                 Mixe    -0.546
gendstat:                  Ami         Ganj_Dareh_N    -0.051
gendstat:                  Ami                 Onge    -1.179
gendstat:                  Ami           Villabruna     1.118
gendstat:                  Ami           DevilsGate     0.597
gendstat:                 Mixe         Ganj_Dareh_N     0.380
gendstat:                 Mixe                 Onge    -0.611
gendstat:                 Mixe           Villabruna     1.495
gendstat:                 Mixe           DevilsGate     0.912
gendstat:         Ganj_Dareh_N                 Onge    -1.008
gendstat:         Ganj_Dareh_N           Villabruna     1.222
gendstat:         Ganj_Dareh_N           DevilsGate     0.493
gendstat:                 Onge           Villabruna     2.011
gendstat:                 Onge           DevilsGate     1.432
gendstat:           Villabruna           DevilsGate    -0.683

## end of run
