/home/cliu7/utils/AdmixTools/bin/qpWave: parameter file: temp/param/qpAdm_Gurung.Upper_YR_LN.Chokhopani.Pathan.parcvrwl2tx
### THE INPUT PARAMETERS
##PARAMETER NAME: VALUE
DIR: data/intermediate
S1: HO_all_merged.qpAdm
indivname: data/intermediate/HO_all_merged.qpAdm.grouped.ind
snpname: data/intermediate/HO_all_merged.qpAdm.snp
genotypename: data/intermediate/HO_all_merged.qpAdm.geno
popleft: temp/param/left.cvrwl2tx
popright: temp/param/right.cvrwl2tx
details: YES
## qpWave version: 410
packed geno read OK
end of inpack

left pops:
Gurung
Upper_YR_LN
Chokhopani
Pathan

right pops:
Mbuti
Anatolia_N
Ami
Mixe
Ganj_Dareh_N
Onge
Villabruna
DevilsGate

  0               Gurung    5
  1          Upper_YR_LN    7
  2           Chokhopani    2
  3               Pathan   18
  4                Mbuti   10
  5           Anatolia_N   25
  6                  Ami   10
  7                 Mixe   10
  8         Ganj_Dareh_N    7
  9                 Onge   12
 10           Villabruna    1
 11           DevilsGate    4
jackknife block size:     0.050
snps: 498990  indivs: 111
number of blocks for block jackknife: 710
dof (jackknife):   583.305
numsnps used: 414649
f4info: 
f4rank: 0 dof:     21 chisq:  6880.673 tail:                    0 dofdiff:      0 chisqdiff:     0.000 taildiff:                    1

f4info: 
f4rank: 1 dof:     12 chisq:    57.091 tail:       7.60990985e-08 dofdiff:      9 chisqdiff:  6823.582 taildiff:                    0
B:
          scale     1.000 
     Anatolia_N    -0.646 
            Ami     1.491 
           Mixe     0.871 
   Ganj_Dareh_N    -0.661 
           Onge     0.650 
     Villabruna    -0.494 
     DevilsGate     1.580 
A:
          scale   200.540 
    Upper_YR_LN     0.231 
     Chokhopani     0.084 
         Pathan    -1.715 

f4info: 
f4rank: 2 dof:      5 chisq:     7.708 tail:          0.173099549 dofdiff:      7 chisqdiff:    49.384 taildiff:       1.90829275e-08
B:
          scale     1.000     1.000 
     Anatolia_N    -0.672     1.093 
            Ami     1.482     0.317 
           Mixe     0.856     0.797 
   Ganj_Dareh_N    -0.686     1.349 
           Onge     0.657    -0.607 
     Villabruna    -0.524     1.312 
     DevilsGate     1.562     1.077 
A:
          scale   202.801  2462.389 
    Upper_YR_LN     0.277     1.697 
     Chokhopani     0.085    -0.211 
         Pathan    -1.708     0.276 

f4info: 
f4rank: 3 dof:      0 chisq:     0.000 tail:                    1 dofdiff:      5 chisqdiff:     7.708 taildiff:          0.173099549
B:
          scale     1.000     1.000     1.000 
     Anatolia_N    -0.673     1.080    -0.192 
            Ami     1.487     0.201     1.176 
           Mixe     0.864     0.672     1.266 
   Ganj_Dareh_N    -0.679     1.292     1.051 
           Onge     0.659    -0.671     0.446 
     Villabruna    -0.524     1.335     0.017 
     DevilsGate     1.555     1.200    -1.635 
A:
          scale   202.496  2472.709  7880.633 
    Upper_YR_LN     0.278     1.691    -0.252 
     Chokhopani     0.089    -0.269    -1.709 
         Pathan    -1.707     0.262    -0.130 

## end of run
