/home/cliu7/utils/AdmixTools/bin/qpAdm: parameter file: temp/param/qpAdm_Gurung.Yi.Mebrak.Pulliyar.par1x7xg_1m
### THE INPUT PARAMETERS
##PARAMETER NAME: VALUE
DIR: data/intermediate
S1: HO_all_merged.qpAdm
indivname: data/intermediate/HO_all_merged.qpAdm.grouped.ind
snpname: data/intermediate/HO_all_merged.qpAdm.snp
genotypename: data/intermediate/HO_all_merged.qpAdm.geno
popleft: temp/param/left.1x7xg_1m
popright: temp/param/right.1x7xg_1m
details: YES
## qpAdm version: 810
seed: 522698080
packed geno read OK
end of inpack

left pops:
Gurung
Yi
Mebrak
Pulliyar

right pops:
Mbuti
Anatolia_N
Ami
Mixe
Ganj_Dareh_N
Onge
Villabruna
DevilsGate

  0               Gurung    5
  1                   Yi    8
  2               Mebrak    8
  3             Pulliyar   35
  4                Mbuti   10
  5           Anatolia_N   25
  6                  Ami   10
  7                 Mixe   10
  8         Ganj_Dareh_N    7
  9                 Onge   12
 10           Villabruna    1
 11           DevilsGate    4
jackknife block size:     0.050
snps: 498990  indivs: 135
number of blocks for block jackknife: 710
## ncols: 498990
coverage:               Gurung 498036
coverage:                   Yi 498990
coverage:               Mebrak 498978
coverage:             Pulliyar 459213
coverage:                Mbuti 498990
coverage:           Anatolia_N 498137
coverage:                  Ami 498990
coverage:                 Mixe 498990
coverage:         Ganj_Dareh_N 457128
coverage:                 Onge 498990
coverage:           Villabruna 415230
coverage:           DevilsGate 498716
dof (jackknife):   584.947
numsnps used: 388735
codimension 1
f4info: 
f4rank: 2 dof:      5 chisq:     8.332 tail:          0.138849618 dofdiff:      7 chisqdiff:    -8.332 taildiff:                    1
B:
          scale     1.000     1.000 
     Anatolia_N    -0.216     0.521 
            Ami     1.644     1.714 
           Mixe     1.108    -0.155 
   Ganj_Dareh_N    -0.340     0.602 
           Onge     0.301     0.900 
     Villabruna    -0.134    -0.473 
     DevilsGate     1.673    -1.540 
A:
          scale   274.490  4120.204 
             Yi     0.372     1.150 
         Mebrak     0.110    -1.153 
       Pulliyar    -1.688     0.589 


full rank
f4info: 
f4rank: 3 dof:      0 chisq:     0.000 tail:                    1 dofdiff:      5 chisqdiff:     8.332 taildiff:          0.138849618
B:
          scale     1.000     1.000     1.000 
     Anatolia_N    -0.200     0.630     0.130 
            Ami     1.670     1.098    -2.204 
           Mixe     1.111    -0.351     1.240 
   Ganj_Dareh_N    -0.322     0.741     0.170 
           Onge     0.325     0.882     0.551 
     Villabruna    -0.142    -0.394    -0.136 
     DevilsGate     1.645    -1.948     0.487 
A:
          scale   274.068  3439.096  6485.849 
             Yi     0.357     0.425    -1.078 
         Mebrak     0.036    -1.560    -1.146 
       Pulliyar    -1.695     0.622    -0.725 


best coefficients:     0.409     0.470     0.121 
Jackknife mean:      0.411912986     0.467066949     0.121020065 
      std. errors:     0.077     0.088     0.015 

error covariance (* 1000000)
      5873      -6681        808 
     -6681       7713      -1032 
       808      -1032        225 


summ: Gurung    3      0.138850     0.412     0.467     0.121  5873 -6681   808  7713 -1032   225 

    fixed pat  wt  dof     chisq       tail prob
          000  0     5     8.332         0.13885     0.409     0.470     0.121 
          001  1     6    43.423       9.617e-08    -0.202     1.202    -0.000  infeasible
          010  1     6    37.880      1.1856e-06     0.817    -0.000     0.183 
          100  1     6    27.467     0.000118372     0.000     0.939     0.061 
          011  2     7   354.627               0     1.000    -0.000    -0.000 
          101  2     7    46.990     5.60623e-08     0.000     1.000    -0.000 
          110  2     7  3087.101               0     0.000    -0.000     1.000 
best pat:          000          0.13885              -  -
best pat:          100      0.000118372  chi(nested):    19.134 p-value for nested model:     1.21826e-05
best pat:          101      5.60623e-08  chi(nested):    19.524 p-value for nested model:     9.93618e-06

coeffs:     0.409     0.470     0.121 

## dscore:: f_4(Base, Fit, Rbase, right2)
## genstat:: f_4(Base, Fit, right1, right2)

details:              Yi      Anatolia_N    -0.000206   -1.421371
details:          Mebrak      Anatolia_N    -0.000329   -1.802410
details:        Pulliyar      Anatolia_N     0.001315    5.969475
dscore:      Anatolia_N f4:    -0.000080 Z:    -0.583808

details:              Yi             Ami     0.002672   15.098344
details:          Mebrak             Ami     0.000104    0.484010
details:        Pulliyar             Ami    -0.009943  -37.698347
dscore:             Ami f4:    -0.000057 Z:    -0.341622

details:              Yi            Mixe     0.001182    6.357748
details:          Mebrak            Mixe     0.000068    0.295466
details:        Pulliyar            Mixe    -0.007147  -26.435143
dscore:            Mixe f4:    -0.000346 Z:    -1.965036

details:              Yi    Ganj_Dareh_N    -0.000341   -1.939773
details:          Mebrak    Ganj_Dareh_N    -0.000400   -1.940735
details:        Pulliyar    Ganj_Dareh_N     0.002102    8.510422
dscore:    Ganj_Dareh_N f4:    -0.000074 Z:    -0.460479

details:              Yi            Onge     0.000442    2.487308
details:          Mebrak            Onge    -0.000460   -2.219298
details:        Pulliyar            Onge    -0.001946   -8.049437
dscore:            Onge f4:    -0.000270 Z:    -1.660382

details:              Yi      Villabruna    -0.000213   -0.906826
details:          Mebrak      Villabruna     0.000189    0.684484
details:        Pulliyar      Villabruna     0.000819    2.530813
dscore:      Villabruna f4:     0.000100 Z:     0.461400

details:              Yi      DevilsGate     0.001822    8.859525
details:          Mebrak      DevilsGate     0.001017    3.928890
details:        Pulliyar      DevilsGate    -0.010627  -36.438700
dscore:      DevilsGate f4:    -0.000058 Z:    -0.295627

gendstat:                Mbuti           Anatolia_N    -0.584
gendstat:                Mbuti                  Ami    -0.342
gendstat:                Mbuti                 Mixe    -1.965
gendstat:                Mbuti         Ganj_Dareh_N    -0.460
gendstat:                Mbuti                 Onge    -1.660
gendstat:                Mbuti           Villabruna     0.461
gendstat:                Mbuti           DevilsGate    -0.296
gendstat:           Anatolia_N                  Ami     0.158
gendstat:           Anatolia_N                 Mixe    -1.634
gendstat:           Anatolia_N         Ganj_Dareh_N     0.045
gendstat:           Anatolia_N                 Onge    -1.197
gendstat:           Anatolia_N           Villabruna     0.965
gendstat:           Anatolia_N           DevilsGate     0.121
gendstat:                  Ami                 Mixe    -1.865
gendstat:                  Ami         Ganj_Dareh_N    -0.096
gendstat:                  Ami                 Onge    -1.316
gendstat:                  Ami           Villabruna     0.691
gendstat:                  Ami           DevilsGate    -0.008
gendstat:                 Mixe         Ganj_Dareh_N     1.385
gendstat:                 Mixe                 Onge     0.424
gendstat:                 Mixe           Villabruna     1.896
gendstat:                 Mixe           DevilsGate     1.532
gendstat:         Ganj_Dareh_N                 Onge    -1.055
gendstat:         Ganj_Dareh_N           Villabruna     0.785
gendstat:         Ganj_Dareh_N           DevilsGate     0.079
gendstat:                 Onge           Villabruna     1.643
gendstat:                 Onge           DevilsGate     1.084
gendstat:           Villabruna           DevilsGate    -0.651

## end of run
