/home/cliu7/utils/AdmixTools/bin/qpAdm: parameter file: temp/param/qpAdm_Gurung.Yi.Rhirhi.Pathan.parp6ah27cb
### THE INPUT PARAMETERS
##PARAMETER NAME: VALUE
DIR: data/intermediate
S1: HO_all_merged.qpAdm
indivname: data/intermediate/HO_all_merged.qpAdm.grouped.ind
snpname: data/intermediate/HO_all_merged.qpAdm.snp
genotypename: data/intermediate/HO_all_merged.qpAdm.geno
popleft: temp/param/left.p6ah27cb
popright: temp/param/right.p6ah27cb
details: YES
## qpAdm version: 810
seed: -1839861738
packed geno read OK
end of inpack

left pops:
Gurung
Yi
Rhirhi
Pathan

right pops:
Mbuti
Anatolia_N
Ami
Mixe
Ganj_Dareh_N
Onge
Villabruna
DevilsGate

  0               Gurung    5
  1                   Yi    8
  2               Rhirhi    4
  3               Pathan   18
  4                Mbuti   10
  5           Anatolia_N   25
  6                  Ami   10
  7                 Mixe   10
  8         Ganj_Dareh_N    7
  9                 Onge   12
 10           Villabruna    1
 11           DevilsGate    4
jackknife block size:     0.050
snps: 498990  indivs: 114
number of blocks for block jackknife: 710
## ncols: 498990
coverage:               Gurung 498036
coverage:                   Yi 498990
coverage:               Rhirhi 489694
coverage:               Pathan 498990
coverage:                Mbuti 498990
coverage:           Anatolia_N 498137
coverage:                  Ami 498990
coverage:                 Mixe 498990
coverage:         Ganj_Dareh_N 457128
coverage:                 Onge 498990
coverage:           Villabruna 415230
coverage:           DevilsGate 498716
dof (jackknife):   583.431
numsnps used: 412485
codimension 1
f4info: 
f4rank: 2 dof:      5 chisq:    23.326 tail:       0.000292449186 dofdiff:      7 chisqdiff:   -23.326 taildiff:                    1
B:
          scale     1.000     1.000 
     Anatolia_N    -0.646     1.149 
            Ami     1.541     1.641 
           Mixe     0.866     0.247 
   Ganj_Dareh_N    -0.662     1.103 
           Onge     0.637    -0.553 
     Villabruna    -0.507    -0.144 
     DevilsGate     1.535    -1.176 
A:
          scale   202.449  3447.035 
             Yi     0.247     1.353 
         Rhirhi     0.006    -0.784 
         Pathan    -1.714     0.744 


full rank
f4info: 
f4rank: 3 dof:      0 chisq:     0.000 tail:                    1 dofdiff:      5 chisqdiff:    23.326 taildiff:       0.000292449186
B:
          scale     1.000     1.000     1.000 
     Anatolia_N    -0.639     1.146     0.979 
            Ami     1.551     1.402     1.548 
           Mixe     0.871     0.219    -0.355 
   Ganj_Dareh_N    -0.654     1.227     0.386 
           Onge     0.642    -0.186    -1.665 
     Villabruna    -0.507    -0.346     0.744 
     DevilsGate     1.526    -1.419    -0.207 
A:
          scale   202.820  2832.420  3603.261 
             Yi     0.249     0.396     0.999 
         Rhirhi    -0.008    -1.647     1.271 
         Pathan    -1.714     0.361     0.622 


best coefficients:     0.331     0.619     0.050 
Jackknife mean:      0.337382948     0.611778279     0.050838772 
      std. errors:     0.092     0.104     0.014 

error covariance (* 1000000)
      8547      -9587       1040 
     -9587      10827      -1240 
      1040      -1240        200 


summ: Gurung    3      0.000292     0.337     0.612     0.051  8547 -9587  1040 10827 -1240   200 

    fixed pat  wt  dof     chisq       tail prob
          000  0     5    23.326     0.000292449     0.331     0.619     0.050 
          001  1     6    34.028     6.64551e-06     0.053     0.947     0.000 
          010  1     6    78.114     8.75583e-15     0.881    -0.000     0.119 
          100  1     6    34.693     4.94212e-06     0.000     0.992     0.008 
          011  2     7   354.303               0     1.000    -0.000    -0.000 
          101  2     7    33.962     1.75105e-05     0.000     1.000    -0.000 
          110  2     7  5797.010               0     0.000    -0.000     1.000 
best pat:          000      0.000292449              -  -
best pat:          001      6.64551e-06  chi(nested):    10.702 p-value for nested model:      0.00107026
best pat:          101      1.75105e-05  chi(nested):    -0.066 p-value for nested model:            -nan

coeffs:     0.331     0.619     0.050 

## dscore:: f_4(Base, Fit, Rbase, right2)
## genstat:: f_4(Base, Fit, right1, right2)

details:              Yi      Anatolia_N    -0.000216   -1.501368
details:          Rhirhi      Anatolia_N    -0.000238   -1.144539
details:          Pathan      Anatolia_N     0.005824   28.003744
dscore:      Anatolia_N f4:     0.000072 Z:     0.459272

details:              Yi             Ami     0.002665   15.094772
details:          Rhirhi             Ami    -0.000290   -1.164684
details:          Pathan             Ami    -0.012625  -49.163941
dscore:             Ami f4:     0.000071 Z:     0.372668

details:              Yi            Mixe     0.001172    6.385130
details:          Rhirhi            Mixe    -0.000198   -0.741400
details:          Pathan            Mixe    -0.007276  -25.889078
dscore:            Mixe f4:    -0.000098 Z:    -0.489097

details:              Yi    Ganj_Dareh_N    -0.000334   -1.898369
details:          Rhirhi    Ganj_Dareh_N    -0.000510   -1.894419
details:          Pathan    Ganj_Dareh_N     0.005886   23.871550
dscore:    Ganj_Dareh_N f4:    -0.000132 Z:    -0.656244

details:              Yi            Onge     0.000426    2.423628
details:          Rhirhi            Onge    -0.000513   -2.067120
details:          Pathan            Onge    -0.005673  -23.769468
dscore:            Onge f4:    -0.000460 Z:    -2.473501

details:              Yi      Villabruna    -0.000193   -0.833683
details:          Rhirhi      Villabruna     0.000601    1.779019
details:          Pathan      Villabruna     0.004588   14.675838
dscore:      Villabruna f4:     0.000538 Z:     2.077630

details:              Yi      DevilsGate     0.001779    8.797380
details:          Rhirhi      DevilsGate     0.000766    2.517672
details:          Pathan      DevilsGate    -0.013021  -44.100651
dscore:      DevilsGate f4:     0.000411 Z:     1.792397

gendstat:                Mbuti           Anatolia_N     0.459
gendstat:                Mbuti                  Ami     0.373
gendstat:                Mbuti                 Mixe    -0.489
gendstat:                Mbuti         Ganj_Dareh_N    -0.656
gendstat:                Mbuti                 Onge    -2.474
gendstat:                Mbuti           Villabruna     2.078
gendstat:                Mbuti           DevilsGate     1.792
gendstat:           Anatolia_N                  Ami    -0.008
gendstat:           Anatolia_N                 Mixe    -0.921
gendstat:           Anatolia_N         Ganj_Dareh_N    -1.237
gendstat:           Anatolia_N                 Onge    -2.907
gendstat:           Anatolia_N           Villabruna     2.113
gendstat:           Anatolia_N           DevilsGate     1.539
gendstat:                  Ami                 Mixe    -1.064
gendstat:                  Ami         Ganj_Dareh_N    -0.964
gendstat:                  Ami                 Onge    -2.707
gendstat:                  Ami           Villabruna     1.766
gendstat:                  Ami           DevilsGate     1.881
gendstat:                 Mixe         Ganj_Dareh_N    -0.148
gendstat:                 Mixe                 Onge    -1.702
gendstat:                 Mixe           Villabruna     2.372
gendstat:                 Mixe           DevilsGate     2.469
gendstat:         Ganj_Dareh_N                 Onge    -1.473
gendstat:         Ganj_Dareh_N           Villabruna     2.551
gendstat:         Ganj_Dareh_N           DevilsGate     2.138
gendstat:                 Onge           Villabruna     3.739
gendstat:                 Onge           DevilsGate     3.528
gendstat:           Villabruna           DevilsGate    -0.440

## end of run
