/home/cliu7/utils/AdmixTools/bin/qpWave: parameter file: temp/param/qpAdm_Gurung.Naga.Sherpa.LC.Pathan.par63josp1u
### THE INPUT PARAMETERS
##PARAMETER NAME: VALUE
DIR: data/intermediate
S1: HO_all_merged.qpAdm
indivname: data/intermediate/HO_all_merged.qpAdm.grouped.ind
snpname: data/intermediate/HO_all_merged.qpAdm.snp
genotypename: data/intermediate/HO_all_merged.qpAdm.geno
popleft: temp/param/left.63josp1u
popright: temp/param/right.63josp1u
details: YES
## qpWave version: 410
packed geno read OK
end of inpack

left pops:
Gurung
Naga
Sherpa.LC
Pathan

right pops:
Mbuti
Anatolia_N
Ami
Mixe
Ganj_Dareh_N
Onge
Villabruna
DevilsGate

  0               Gurung    5
  1                 Naga    6
  2            Sherpa.LC    9
  3               Pathan   18
  4                Mbuti   10
  5           Anatolia_N   25
  6                  Ami   10
  7                 Mixe   10
  8         Ganj_Dareh_N    7
  9                 Onge   12
 10           Villabruna    1
 11           DevilsGate    4
jackknife block size:     0.050
snps: 498990  indivs: 117
number of blocks for block jackknife: 710
dof (jackknife):   583.405
numsnps used: 415664
f4info: 
f4rank: 0 dof:     21 chisq:  7651.400 tail:                    0 dofdiff:      0 chisqdiff:     0.000 taildiff:                    1

f4info: 
f4rank: 1 dof:     12 chisq:    46.916 tail:       4.81857193e-06 dofdiff:      9 chisqdiff:  7604.484 taildiff:                    0
B:
          scale     1.000 
     Anatolia_N    -0.653 
            Ami     1.492 
           Mixe     0.884 
   Ganj_Dareh_N    -0.680 
           Onge     0.645 
     Villabruna    -0.491 
     DevilsGate     1.564 
A:
          scale   201.410 
           Naga     0.198 
      Sherpa.LC     0.075 
         Pathan    -1.719 

f4info: 
f4rank: 2 dof:      5 chisq:    20.197 tail:        0.00114746666 dofdiff:      7 chisqdiff:    26.719 taildiff:       0.000374447398
B:
          scale     1.000     1.000 
     Anatolia_N    -0.674     0.725 
            Ami     1.498    -0.428 
           Mixe     0.867     0.790 
   Ganj_Dareh_N    -0.691     0.188 
           Onge     0.658    -1.005 
     Villabruna    -0.523     1.665 
     DevilsGate     1.538     1.359 
A:
          scale   202.950  3927.430 
           Naga     0.211     0.924 
      Sherpa.LC     0.096     1.448 
         Pathan    -1.717     0.227 

f4info: 
f4rank: 3 dof:      0 chisq:     0.000 tail:                    1 dofdiff:      5 chisqdiff:    20.197 taildiff:        0.00114746666
B:
          scale     1.000     1.000     1.000 
     Anatolia_N    -0.681     0.892     0.646 
            Ami     1.491     0.146     1.943 
           Mixe     0.863     0.696     0.168 
   Ganj_Dareh_N    -0.691     0.307     0.662 
           Onge     0.661    -1.045     0.396 
     Villabruna    -0.527     1.832     0.414 
     DevilsGate     1.542     1.075    -1.419 
A:
          scale   203.236  3609.472 10192.050 
           Naga     0.216     1.311     1.111 
      Sherpa.LC     0.094     1.109    -1.327 
         Pathan    -1.716     0.226     0.067 

## end of run
