/home/cliu7/utils/AdmixTools/bin/qpWave: parameter file: temp/param/qpAdm_Gurung.Yi.Sherpa.LC.Pathan.par5e11_9jz
### THE INPUT PARAMETERS
##PARAMETER NAME: VALUE
DIR: data/intermediate
S1: HO_all_merged.qpAdm
indivname: data/intermediate/HO_all_merged.qpAdm.grouped.ind
snpname: data/intermediate/HO_all_merged.qpAdm.snp
genotypename: data/intermediate/HO_all_merged.qpAdm.geno
popleft: temp/param/left.5e11_9jz
popright: temp/param/right.5e11_9jz
details: YES
## qpWave version: 410
packed geno read OK
end of inpack

left pops:
Gurung
Yi
Sherpa.LC
Pathan

right pops:
Mbuti
Anatolia_N
Ami
Mixe
Ganj_Dareh_N
Onge
Villabruna
DevilsGate

  0               Gurung    5
  1                   Yi    8
  2            Sherpa.LC    9
  3               Pathan   18
  4                Mbuti   10
  5           Anatolia_N   25
  6                  Ami   10
  7                 Mixe   10
  8         Ganj_Dareh_N    7
  9                 Onge   12
 10           Villabruna    1
 11           DevilsGate    4
jackknife block size:     0.050
snps: 498990  indivs: 119
number of blocks for block jackknife: 710
dof (jackknife):   583.382
numsnps used: 415490
f4info: 
f4rank: 0 dof:     21 chisq:  8036.356 tail:                    0 dofdiff:      0 chisqdiff:     0.000 taildiff:                    1

f4info: 
f4rank: 1 dof:     12 chisq:   150.225 tail:       5.10388341e-26 dofdiff:      9 chisqdiff:  7886.131 taildiff:                    0
B:
          scale     1.000 
     Anatolia_N    -0.625 
            Ami     1.541 
           Mixe     0.886 
   Ganj_Dareh_N    -0.642 
           Onge     0.649 
     Villabruna    -0.484 
     DevilsGate     1.544 
A:
          scale   200.733 
             Yi     0.235 
      Sherpa.LC     0.077 
         Pathan    -1.714 

f4info: 
f4rank: 2 dof:      5 chisq:    20.213 tail:        0.00113974522 dofdiff:      7 chisqdiff:   130.012 taildiff:       6.24897451e-25
B:
          scale     1.000     1.000 
     Anatolia_N    -0.663     1.043 
            Ami     1.485     1.966 
           Mixe     0.874     0.034 
   Ganj_Dareh_N    -0.683     1.063 
           Onge     0.642    -0.244 
     Villabruna    -0.503     0.248 
     DevilsGate     1.568    -0.892 
A:
          scale   201.425  4000.041 
             Yi     0.235     1.666 
      Sherpa.LC     0.073    -0.468 
         Pathan    -1.714    -0.082 

f4info: 
f4rank: 3 dof:      0 chisq:     0.000 tail:                    1 dofdiff:      5 chisqdiff:    20.213 taildiff:        0.00113974522
B:
          scale     1.000     1.000     1.000 
     Anatolia_N    -0.676     1.271     0.029 
            Ami     1.501     1.482    -1.383 
           Mixe     0.862     0.351     0.474 
   Ganj_Dareh_N    -0.685     0.957    -0.427 
           Onge     0.660    -0.916    -0.799 
     Villabruna    -0.530     1.139     1.152 
     DevilsGate     1.537     0.128     1.648 
A:
          scale   202.681  3401.153  5469.699 
             Yi     0.246     1.644    -0.487 
      Sherpa.LC     0.093     0.478     1.662 
         Pathan    -1.712     0.262     0.021 

## end of run
