/home/cliu7/utils/AdmixTools/bin/qpWave: parameter file: temp/param/qpAdm_Gurung.Naxi.Kyang.Southeast_China.par_sttsnin
### THE INPUT PARAMETERS
##PARAMETER NAME: VALUE
DIR: data/intermediate
S1: HO_all_merged.qpAdm
indivname: data/intermediate/HO_all_merged.qpAdm.grouped.ind
snpname: data/intermediate/HO_all_merged.qpAdm.snp
genotypename: data/intermediate/HO_all_merged.qpAdm.geno
popleft: temp/param/left._sttsnin
popright: temp/param/right._sttsnin
details: YES
## qpWave version: 410
packed geno read OK
end of inpack

left pops:
Gurung
Naxi
Kyang
Southeast_China

right pops:
Mbuti
Anatolia_N
Ami
Mixe
Ganj_Dareh_N
Onge
Villabruna
DevilsGate

  0               Gurung    5
  1                 Naxi    9
  2                Kyang    7
  3      Southeast_China   97
  4                Mbuti   10
  5           Anatolia_N   25
  6                  Ami   10
  7                 Mixe   10
  8         Ganj_Dareh_N    7
  9                 Onge   12
 10           Villabruna    1
 11           DevilsGate    4
jackknife block size:     0.050
snps: 498990  indivs: 197
number of blocks for block jackknife: 710
dof (jackknife):   583.500
numsnps used: 417977
f4info: 
f4rank: 0 dof:     21 chisq:  1887.128 tail:                    0 dofdiff:      0 chisqdiff:     0.000 taildiff:                    1

f4info: 
f4rank: 1 dof:     12 chisq:   126.497 tail:       3.11004318e-21 dofdiff:      9 chisqdiff:  1760.631 taildiff:                    0
B:
          scale     1.000 
     Anatolia_N    -0.125 
            Ami     2.539 
           Mixe     0.401 
   Ganj_Dareh_N    -0.045 
           Onge     0.373 
     Villabruna    -0.230 
     DevilsGate     0.426 
A:
          scale   922.291 
           Naxi     0.687 
          Kyang    -0.050 
Southeast_China     1.589 

f4info: 
f4rank: 2 dof:      5 chisq:    13.010 tail:         0.0232846271 dofdiff:      7 chisqdiff:   113.487 taildiff:        1.7341041e-21
B:
          scale     1.000     1.000 
     Anatolia_N    -0.173    -0.106 
            Ami     2.307    -1.249 
           Mixe     0.684     0.977 
   Ganj_Dareh_N    -0.222    -0.435 
           Onge     0.351    -0.041 
     Villabruna    -0.116     0.424 
     DevilsGate     0.997     2.025 
A:
          scale   764.041  3408.181 
           Naxi     0.911     1.036 
          Kyang     0.213     1.140 
Southeast_China     1.458    -0.792 

f4info: 
f4rank: 3 dof:      0 chisq:     0.000 tail:                    1 dofdiff:      5 chisqdiff:    13.010 taildiff:         0.0232846271
B:
          scale     1.000     1.000     1.000 
     Anatolia_N    -0.174    -0.118     0.203 
            Ami     2.317    -1.126    -0.483 
           Mixe     0.619     0.674     1.443 
   Ganj_Dareh_N    -0.274    -0.832     1.638 
           Onge     0.330    -0.148     0.695 
     Villabruna    -0.050     0.749    -1.142 
     DevilsGate     1.016     1.997     0.416 
A:
          scale   769.852  3279.005  9875.245 
           Naxi     0.923     0.971     1.098 
          Kyang     0.154     1.226    -1.214 
Southeast_China     1.457    -0.745    -0.567 

## end of run
