/home/cliu7/utils/AdmixTools/bin/qpAdm: parameter file: temp/param/qpAdm_Tamang.Naxi.Chokhopani.Pathan.parxr4mue1z
### THE INPUT PARAMETERS
##PARAMETER NAME: VALUE
DIR: data/intermediate
S1: HO_all_merged.qpAdm
indivname: data/intermediate/HO_all_merged.qpAdm.grouped.ind
snpname: data/intermediate/HO_all_merged.qpAdm.snp
genotypename: data/intermediate/HO_all_merged.qpAdm.geno
popleft: temp/param/left.xr4mue1z
popright: temp/param/right.xr4mue1z
details: YES
## qpAdm version: 810
seed: -1038171142
packed geno read OK
end of inpack

left pops:
Tamang
Naxi
Chokhopani
Pathan

right pops:
Mbuti
Anatolia_N
Ami
Mixe
Ganj_Dareh_N
Onge
Villabruna
DevilsGate

  0               Tamang    7
  1                 Naxi    9
  2           Chokhopani    2
  3               Pathan   18
  4                Mbuti   10
  5           Anatolia_N   25
  6                  Ami   10
  7                 Mixe   10
  8         Ganj_Dareh_N    7
  9                 Onge   12
 10           Villabruna    1
 11           DevilsGate    4
jackknife block size:     0.050
snps: 498990  indivs: 115
number of blocks for block jackknife: 710
## ncols: 498990
coverage:               Tamang 498036
coverage:                 Naxi 498990
coverage:           Chokhopani 498917
coverage:               Pathan 498990
coverage:                Mbuti 498990
coverage:           Anatolia_N 498137
coverage:                  Ami 498990
coverage:                 Mixe 498990
coverage:         Ganj_Dareh_N 457128
coverage:                 Onge 498990
coverage:           Villabruna 415230
coverage:           DevilsGate 498716
dof (jackknife):   583.388
numsnps used: 415328
codimension 1
f4info: 
f4rank: 2 dof:      5 chisq:     9.210 tail:          0.100981612 dofdiff:      7 chisqdiff:    -9.210 taildiff:                    1
B:
          scale     1.000     1.000 
     Anatolia_N    -0.653     1.353 
            Ami     1.532     1.119 
           Mixe     0.854     0.386 
   Ganj_Dareh_N    -0.679     1.279 
           Onge     0.650    -1.213 
     Villabruna    -0.491     0.770 
     DevilsGate     1.541    -0.261 
A:
          scale   217.093  2972.382 
           Naxi     0.426     1.453 
     Chokhopani     0.236    -0.096 
         Pathan    -1.662     0.938 


full rank
f4info: 
f4rank: 3 dof:      0 chisq:     0.000 tail:                    1 dofdiff:      5 chisqdiff:     9.210 taildiff:          0.100981612
B:
          scale     1.000     1.000     1.000 
     Anatolia_N    -0.652     1.302    -1.623 
            Ami     1.530     1.245     1.519 
           Mixe     0.853     0.450     0.549 
   Ganj_Dareh_N    -0.680     1.236    -0.061 
           Onge     0.646    -1.204     0.441 
     Villabruna    -0.492     0.743     0.514 
     DevilsGate     1.544    -0.148    -1.138 
A:
          scale   217.427  2947.272  9123.272 
           Naxi     0.426     1.445    -0.300 
     Chokhopani     0.275     0.009    -1.615 
         Pathan    -1.656     0.954    -0.548 


best coefficients:    -0.020     0.897     0.123 
Jackknife mean:      0.002647246     0.873079233     0.124273521 
      std. errors:     0.145     0.156     0.015 

error covariance (* 1000000)
     20977     -22532       1556 
    -22532      24316      -1784 
      1556      -1784        229 


summ: Tamang    3      0.100982     0.003     0.873     0.124 20977 -22532  1556 24316 -1784   229 

    fixed pat  wt  dof     chisq       tail prob
          000  0     5     9.210        0.100982    -0.020     0.897     0.123  infeasible
          001  1     6    27.767     0.000103948    -1.249     2.249     0.000  infeasible
          010  1     6   115.780     1.25292e-22     0.816    -0.000     0.184 
          100  1     6     9.929        0.127686    -0.000     0.876     0.124 
          011  2     7   750.827               0     1.000    -0.000    -0.000 
          101  2     7   123.016     1.80271e-23     0.000     1.000    -0.000 
          110  2     7  5865.803               0     0.000    -0.000     1.000 
best pat:          000         0.100982              -  -
best pat:          100         0.127686  chi(nested):     0.719 p-value for nested model:        0.396509
best pat:          101      1.80271e-23  chi(nested):   113.087 p-value for nested model:     2.06502e-26

coeffs:    -0.020     0.897     0.123 

## dscore:: f_4(Base, Fit, Rbase, right2)
## genstat:: f_4(Base, Fit, right1, right2)

details:            Naxi      Anatolia_N    -0.000481   -3.291016
details:      Chokhopani      Anatolia_N    -0.000618   -2.773431
details:          Pathan      Anatolia_N     0.005552   29.156553
dscore:      Anatolia_N f4:     0.000135 Z:     0.662732

details:            Naxi             Ami     0.003650   21.655389
details:      Chokhopani             Ami     0.001621    6.416722
details:          Pathan             Ami    -0.011330  -48.961873
dscore:             Ami f4:    -0.000007 Z:    -0.028129

details:            Naxi            Mixe     0.001983   11.215396
details:      Chokhopani            Mixe     0.000915    3.310821
details:          Pathan            Mixe    -0.006378  -25.558867
dscore:            Mixe f4:     0.000000 Z:     0.000330

details:            Naxi    Ganj_Dareh_N    -0.000585   -3.586457
details:      Chokhopani    Ganj_Dareh_N    -0.000833   -3.008412
details:          Pathan    Ganj_Dareh_N     0.005675   25.938075
dscore:    Ganj_Dareh_N f4:    -0.000040 Z:    -0.159836

details:            Naxi            Onge     0.000797    4.673428
details:      Chokhopani            Onge     0.000648    2.536422
details:          Pathan            Onge    -0.005283  -24.702686
dscore:            Onge f4:    -0.000081 Z:    -0.347879

details:            Naxi      Villabruna    -0.000434   -2.016666
details:      Chokhopani      Villabruna    -0.000828   -2.389286
details:          Pathan      Villabruna     0.004105   14.354760
dscore:      Villabruna f4:    -0.000232 Z:    -0.729623

details:            Naxi      DevilsGate     0.003122   16.096881
details:      Chokhopani      DevilsGate     0.002173    7.197535
details:          Pathan      DevilsGate    -0.011715  -45.004618
dscore:      DevilsGate f4:     0.000452 Z:     1.639606

gendstat:                Mbuti           Anatolia_N     0.663
gendstat:                Mbuti                  Ami    -0.028
gendstat:                Mbuti                 Mixe     0.000
gendstat:                Mbuti         Ganj_Dareh_N    -0.160
gendstat:                Mbuti                 Onge    -0.348
gendstat:                Mbuti           Villabruna    -0.730
gendstat:                Mbuti           DevilsGate     1.640
gendstat:           Anatolia_N                  Ami    -0.639
gendstat:           Anatolia_N                 Mixe    -0.558
gendstat:           Anatolia_N         Ganj_Dareh_N    -0.864
gendstat:           Anatolia_N                 Onge    -0.982
gendstat:           Anatolia_N           Villabruna    -1.333
gendstat:           Anatolia_N           DevilsGate     1.160
gendstat:                  Ami                 Mixe     0.031
gendstat:                  Ami         Ganj_Dareh_N    -0.125
gendstat:                  Ami                 Onge    -0.332
gendstat:                  Ami           Villabruna    -0.683
gendstat:                  Ami           DevilsGate     2.079
gendstat:                 Mixe         Ganj_Dareh_N    -0.146
gendstat:                 Mixe                 Onge    -0.321
gendstat:                 Mixe           Villabruna    -0.676
gendstat:                 Mixe           DevilsGate     1.782
gendstat:         Ganj_Dareh_N                 Onge    -0.159
gendstat:         Ganj_Dareh_N           Villabruna    -0.588
gendstat:         Ganj_Dareh_N           DevilsGate     1.584
gendstat:                 Onge           Villabruna    -0.455
gendstat:                 Onge           DevilsGate     1.875
gendstat:           Villabruna           DevilsGate     1.845

## end of run
