/home/cliu7/utils/AdmixTools/bin/qpWave: parameter file: temp/param/qpAdm_Tamang.Naxi.Rhirhi.Pulliyar.partnlp1khk
### THE INPUT PARAMETERS
##PARAMETER NAME: VALUE
DIR: data/intermediate
S1: HO_all_merged.qpAdm
indivname: data/intermediate/HO_all_merged.qpAdm.grouped.ind
snpname: data/intermediate/HO_all_merged.qpAdm.snp
genotypename: data/intermediate/HO_all_merged.qpAdm.geno
popleft: temp/param/left.tnlp1khk
popright: temp/param/right.tnlp1khk
details: YES
## qpWave version: 410
packed geno read OK
end of inpack

left pops:
Tamang
Naxi
Rhirhi
Pulliyar

right pops:
Mbuti
Anatolia_N
Ami
Mixe
Ganj_Dareh_N
Onge
Villabruna
DevilsGate

  0               Tamang    7
  1                 Naxi    9
  2               Rhirhi    4
  3             Pulliyar   35
  4                Mbuti   10
  5           Anatolia_N   25
  6                  Ami   10
  7                 Mixe   10
  8         Ganj_Dareh_N    7
  9                 Onge   12
 10           Villabruna    1
 11           DevilsGate    4
jackknife block size:     0.050
snps: 498990  indivs: 134
number of blocks for block jackknife: 710
dof (jackknife):   584.903
numsnps used: 386520
f4info: 
f4rank: 0 dof:     21 chisq:  5340.755 tail:                    0 dofdiff:      0 chisqdiff:     0.000 taildiff:                    1

f4info: 
f4rank: 1 dof:     12 chisq:    75.840 tail:       2.54816853e-11 dofdiff:      9 chisqdiff:  5264.915 taildiff:                    0
B:
          scale     1.000 
     Anatolia_N    -0.215 
            Ami     1.640 
           Mixe     1.112 
   Ganj_Dareh_N    -0.346 
           Onge     0.307 
     Villabruna    -0.097 
     DevilsGate     1.675 
A:
          scale   296.131 
           Naxi     0.625 
         Rhirhi     0.277 
       Pulliyar    -1.591 

f4info: 
f4rank: 2 dof:      5 chisq:     5.364 tail:          0.373048824 dofdiff:      7 chisqdiff:    70.476 taildiff:       1.18397064e-12
B:
          scale     1.000     1.000 
     Anatolia_N    -0.211     0.405 
            Ami     1.608     1.479 
           Mixe     1.108    -0.127 
   Ganj_Dareh_N    -0.352     0.974 
           Onge     0.291     1.077 
     Villabruna    -0.083    -0.759 
     DevilsGate     1.711    -1.396 
A:
          scale   293.556  4111.769 
           Naxi     0.616     1.097 
         Rhirhi     0.278    -1.317 
       Pulliyar    -1.595     0.250 

f4info: 
f4rank: 3 dof:      0 chisq:     0.000 tail:                    1 dofdiff:      5 chisqdiff:     5.364 taildiff:          0.373048824
B:
          scale     1.000     1.000     1.000 
     Anatolia_N    -0.208     0.633     1.031 
            Ami     1.605     1.388    -0.946 
           Mixe     1.117     0.300     1.946 
   Ganj_Dareh_N    -0.350     1.068     0.499 
           Onge     0.292     1.081    -0.068 
     Villabruna    -0.080    -0.524     0.996 
     DevilsGate     1.708    -1.413    -0.098 
A:
          scale   293.134  3983.614  8841.993 
           Naxi     0.597     0.844    -1.390 
         Rhirhi     0.257    -1.511    -0.807 
       Pulliyar    -1.605     0.072    -0.646 

## end of run
