/home/cliu7/utils/AdmixTools/bin/qpAdm: parameter file: temp/param/qpAdm_Tamang.Yi.Lubrak.Pulliyar.par8rc2aind
### THE INPUT PARAMETERS
##PARAMETER NAME: VALUE
DIR: data/intermediate
S1: HO_all_merged.qpAdm
indivname: data/intermediate/HO_all_merged.qpAdm.grouped.ind
snpname: data/intermediate/HO_all_merged.qpAdm.snp
genotypename: data/intermediate/HO_all_merged.qpAdm.geno
popleft: temp/param/left.8rc2aind
popright: temp/param/right.8rc2aind
details: YES
## qpAdm version: 810
seed: -482374047
packed geno read OK
end of inpack

left pops:
Tamang
Yi
Lubrak
Pulliyar

right pops:
Mbuti
Anatolia_N
Ami
Mixe
Ganj_Dareh_N
Onge
Villabruna
DevilsGate

  0               Tamang    7
  1                   Yi    8
  2               Lubrak    2
  3             Pulliyar   35
  4                Mbuti   10
  5           Anatolia_N   25
  6                  Ami   10
  7                 Mixe   10
  8         Ganj_Dareh_N    7
  9                 Onge   12
 10           Villabruna    1
 11           DevilsGate    4
jackknife block size:     0.050
snps: 498990  indivs: 131
number of blocks for block jackknife: 710
## ncols: 498990
coverage:               Tamang 498036
coverage:                   Yi 498990
coverage:               Lubrak 327444
coverage:             Pulliyar 459213
coverage:                Mbuti 498990
coverage:           Anatolia_N 498137
coverage:                  Ami 498990
coverage:                 Mixe 498990
coverage:         Ganj_Dareh_N 457128
coverage:                 Onge 498990
coverage:           Villabruna 415230
coverage:           DevilsGate 498716
dof (jackknife):   583.463
numsnps used: 288157
codimension 1
f4info: 
f4rank: 2 dof:      5 chisq:     4.999 tail:          0.416022586 dofdiff:      7 chisqdiff:    -4.999 taildiff:                    1
B:
          scale     1.000     1.000 
     Anatolia_N    -0.203     0.317 
            Ami     1.650    -1.947 
           Mixe     1.105     0.114 
   Ganj_Dareh_N    -0.341    -0.012 
           Onge     0.299    -0.485 
     Villabruna    -0.127     1.298 
     DevilsGate     1.671     1.084 
A:
          scale   292.995  3561.633 
             Yi     0.568    -1.214 
         Lubrak     0.462     0.980 
       Pulliyar    -1.570    -0.751 


full rank
f4info: 
f4rank: 3 dof:      0 chisq:     0.000 tail:                    1 dofdiff:      5 chisqdiff:     4.999 taildiff:          0.416022586
B:
          scale     1.000     1.000     1.000 
     Anatolia_N    -0.208     0.228    -0.225 
            Ami     1.657    -1.690     1.763 
           Mixe     1.102     0.224    -1.638 
   Ganj_Dareh_N    -0.340    -0.078     0.608 
           Onge     0.302    -0.443     0.646 
     Villabruna    -0.138     1.283    -0.605 
     DevilsGate     1.664     1.481    -0.063 
A:
          scale   294.759  3204.001  7300.126 
             Yi     0.590    -0.807     0.605 
         Lubrak     0.439     1.439     1.503 
       Pulliyar    -1.568    -0.529     0.613 


best coefficients:     0.257     0.503     0.241 
Jackknife mean:      0.269663059     0.487795784     0.242541157 
      std. errors:     0.091     0.103     0.016 

error covariance (* 1000000)
      8356      -9326        970 
     -9326      10562      -1236 
       970      -1236        267 


summ: Tamang    3      0.416023     0.270     0.488     0.243  8356 -9326   970 10562 -1236   267 

    fixed pat  wt  dof     chisq       tail prob
          000  0     5     4.999        0.416023     0.257     0.503     0.241 
          001  1     6    34.365     5.71804e-06    -1.390     2.390    -0.000  infeasible
          010  1     6    51.988     1.87545e-09     0.706    -0.000     0.294 
          100  1     6     9.857        0.130811     0.000     0.790     0.210 
          011  2     7   866.693               0     1.000    -0.000    -0.000 
          101  2     7   125.029     6.85517e-24     0.000     1.000    -0.000 
          110  2     7  2742.297               0     0.000    -0.000     1.000 
best pat:          000         0.416023              -  -
best pat:          100         0.130811  chi(nested):     4.858 p-value for nested model:       0.0275178
best pat:          101      6.85517e-24  chi(nested):   115.173 p-value for nested model:     7.21388e-27

coeffs:     0.257     0.503     0.241 

## dscore:: f_4(Base, Fit, Rbase, right2)
## genstat:: f_4(Base, Fit, right1, right2)

details:              Yi      Anatolia_N    -0.000490   -3.473609
details:          Lubrak      Anatolia_N    -0.000158   -0.579245
details:        Pulliyar      Anatolia_N     0.001036    5.082442
dscore:      Anatolia_N f4:     0.000044 Z:     0.263481

details:              Yi             Ami     0.003884   22.191836
details:          Lubrak             Ami     0.002158    6.741823
details:        Pulliyar             Ami    -0.008422  -34.923563
dscore:             Ami f4:     0.000054 Z:     0.272571

details:              Yi            Mixe     0.002010   10.729731
details:          Lubrak            Mixe     0.001486    4.378647
details:        Pulliyar            Mixe    -0.006062  -24.327416
dscore:            Mixe f4:    -0.000197 Z:    -0.920360

details:              Yi    Ganj_Dareh_N    -0.000615   -3.711923
details:          Lubrak    Ganj_Dareh_N    -0.000319   -0.962195
details:        Pulliyar    Ganj_Dareh_N     0.001862    8.069476
dscore:    Ganj_Dareh_N f4:     0.000130 Z:     0.652013

details:              Yi            Onge     0.000794    4.792948
details:          Lubrak            Onge     0.000485    1.507857
details:        Pulliyar            Onge    -0.001446   -6.312908
dscore:            Onge f4:     0.000099 Z:     0.518157

details:              Yi      Villabruna    -0.000746   -3.500567
details:          Lubrak      Villabruna     0.000267    0.617926
details:        Pulliyar      Villabruna     0.000340    1.084756
dscore:      Villabruna f4:     0.000024 Z:     0.092677

details:              Yi      DevilsGate     0.002975   14.493239
details:          Lubrak      DevilsGate     0.003236    8.376272
details:        Pulliyar      DevilsGate    -0.009113  -33.634876
dscore:      DevilsGate f4:     0.000196 Z:     0.818949

gendstat:                Mbuti           Anatolia_N     0.263
gendstat:                Mbuti                  Ami     0.273
gendstat:                Mbuti                 Mixe    -0.920
gendstat:                Mbuti         Ganj_Dareh_N     0.652
gendstat:                Mbuti                 Onge     0.518
gendstat:                Mbuti           Villabruna     0.093
gendstat:                Mbuti           DevilsGate     0.819
gendstat:           Anatolia_N                  Ami     0.057
gendstat:           Anatolia_N                 Mixe    -1.223
gendstat:           Anatolia_N         Ganj_Dareh_N     0.537
gendstat:           Anatolia_N                 Onge     0.319
gendstat:           Anatolia_N           Villabruna    -0.085
gendstat:           Anatolia_N           DevilsGate     0.672
gendstat:                  Ami                 Mixe    -1.501
gendstat:                  Ami         Ganj_Dareh_N     0.375
gendstat:                  Ami                 Onge     0.259
gendstat:                  Ami           Villabruna    -0.115
gendstat:                  Ami           DevilsGate     0.745
gendstat:                 Mixe         Ganj_Dareh_N     1.458
gendstat:                 Mixe                 Onge     1.472
gendstat:                 Mixe           Villabruna     0.816
gendstat:                 Mixe           DevilsGate     1.859
gendstat:         Ganj_Dareh_N                 Onge    -0.144
gendstat:         Ganj_Dareh_N           Villabruna    -0.398
gendstat:         Ganj_Dareh_N           DevilsGate     0.263
gendstat:                 Onge           Villabruna    -0.280
gendstat:                 Onge           DevilsGate     0.420
gendstat:           Villabruna           DevilsGate     0.577

## end of run
