/home/cliu7/utils/AdmixTools/bin/qpAdm: parameter file: temp/param/qpAdm_Tamang.Yi.Mebrak.Pathan.parmv8jv695
### THE INPUT PARAMETERS
##PARAMETER NAME: VALUE
DIR: data/intermediate
S1: HO_all_merged.qpAdm
indivname: data/intermediate/HO_all_merged.qpAdm.grouped.ind
snpname: data/intermediate/HO_all_merged.qpAdm.snp
genotypename: data/intermediate/HO_all_merged.qpAdm.geno
popleft: temp/param/left.mv8jv695
popright: temp/param/right.mv8jv695
details: YES
## qpAdm version: 810
seed: 2139858533
packed geno read OK
end of inpack

left pops:
Tamang
Yi
Mebrak
Pathan

right pops:
Mbuti
Anatolia_N
Ami
Mixe
Ganj_Dareh_N
Onge
Villabruna
DevilsGate

  0               Tamang    7
  1                   Yi    8
  2               Mebrak    8
  3               Pathan   18
  4                Mbuti   10
  5           Anatolia_N   25
  6                  Ami   10
  7                 Mixe   10
  8         Ganj_Dareh_N    7
  9                 Onge   12
 10           Villabruna    1
 11           DevilsGate    4
jackknife block size:     0.050
snps: 498990  indivs: 120
number of blocks for block jackknife: 710
## ncols: 498990
coverage:               Tamang 498036
coverage:                   Yi 498990
coverage:               Mebrak 498978
coverage:               Pathan 498990
coverage:                Mbuti 498990
coverage:           Anatolia_N 498137
coverage:                  Ami 498990
coverage:                 Mixe 498990
coverage:         Ganj_Dareh_N 457128
coverage:                 Onge 498990
coverage:           Villabruna 415230
coverage:           DevilsGate 498716
dof (jackknife):   583.373
numsnps used: 415005
codimension 1
f4info: 
f4rank: 2 dof:      5 chisq:    51.268 tail:       7.61980071e-10 dofdiff:      7 chisqdiff:   -51.268 taildiff:                    1
B:
          scale     1.000     1.000 
     Anatolia_N    -0.647     1.517 
            Ami     1.539     1.182 
           Mixe     0.865     0.336 
   Ganj_Dareh_N    -0.674     1.353 
           Onge     0.638    -0.776 
     Villabruna    -0.489     0.388 
     DevilsGate     1.537    -0.778 
A:
          scale   217.132  2709.453 
             Yi     0.451     1.483 
         Mebrak     0.202     0.097 
         Pathan    -1.660     0.889 


full rank
f4info: 
f4rank: 3 dof:      0 chisq:     0.000 tail:                    1 dofdiff:      5 chisqdiff:    51.268 taildiff:       7.61980071e-10
B:
          scale     1.000     1.000     1.000 
     Anatolia_N    -0.648     1.449     0.547 
            Ami     1.540     0.991     1.818 
           Mixe     0.863     0.213     0.204 
   Ganj_Dareh_N    -0.668     1.357     0.376 
           Onge     0.631    -1.289     0.872 
     Villabruna    -0.495     0.454    -0.556 
     DevilsGate     1.541    -0.407    -1.465 
A:
          scale   217.842  2332.189  4099.605 
             Yi     0.453     1.222     0.178 
         Mebrak     0.258     0.777    -1.705 
         Pathan    -1.652     0.950    -0.246 


best coefficients:    -0.122     1.030     0.092 
Jackknife mean:     -0.073563047     0.976343345     0.097219702 
      std. errors:     0.234     0.257     0.025 

error covariance (* 1000000)
     54621     -59960       5339 
    -59960      65906      -5946 
      5339      -5946        607 


summ: Tamang    3      0.000000    -0.074     0.976     0.097 54621 -59960  5339 65906 -5946   607 

    fixed pat  wt  dof     chisq       tail prob
          000  0     5    51.268      7.6198e-10    -0.122     1.030     0.092  infeasible
          001  1     6    62.424     1.44604e-11    -0.910     1.910     0.000  infeasible
          010  1     6   151.261     4.18755e-30     0.815    -0.000     0.185 
          100  1     6    50.595     3.57205e-09     0.000     0.895     0.105 
          011  2     7   886.420               0     1.000    -0.000    -0.000 
          101  2     7   186.272               0     0.000     1.000    -0.000 
          110  2     7  5873.459               0     0.000    -0.000     1.000 
best pat:          000       7.6198e-10              -  -
best pat:          100      3.57205e-09  chi(nested):    -0.674 p-value for nested model:            -nan
best pat:          101      9.21589e-37  chi(nested):   135.677 p-value for nested model:     2.34791e-31

coeffs:    -0.122     1.030     0.092 

## dscore:: f_4(Base, Fit, Rbase, right2)
## genstat:: f_4(Base, Fit, right1, right2)

details:              Yi      Anatolia_N    -0.000467   -3.447132
details:          Mebrak      Anatolia_N    -0.000539   -3.184182
details:          Pathan      Anatolia_N     0.005557   29.180030
dscore:      Anatolia_N f4:     0.000015 Z:     0.087033

details:              Yi             Ami     0.003908   22.939788
details:          Mebrak             Ami     0.001396    6.863091
details:          Pathan             Ami    -0.011338  -48.974351
dscore:             Ami f4:    -0.000087 Z:    -0.421871

details:              Yi            Mixe     0.002049   11.316036
details:          Mebrak            Mixe     0.000990    4.679604
details:          Pathan            Mixe    -0.006382  -25.551078
dscore:            Mixe f4:     0.000180 Z:     0.841884

details:              Yi    Ganj_Dareh_N    -0.000521   -3.239029
details:          Mebrak    Ganj_Dareh_N    -0.000531   -2.829601
details:          Pathan    Ganj_Dareh_N     0.005680   25.957710
dscore:    Ganj_Dareh_N f4:     0.000041 Z:     0.215511

details:              Yi            Onge     0.000795    5.054783
details:          Mebrak            Onge    -0.000065   -0.335539
details:          Pathan            Onge    -0.005287  -24.706797
dscore:            Onge f4:    -0.000652 Z:    -3.332416

details:              Yi      Villabruna    -0.000665   -3.282046
details:          Mebrak      Villabruna    -0.000177   -0.691225
details:          Pathan      Villabruna     0.004108   14.356689
dscore:      Villabruna f4:     0.000278 Z:     1.071958

details:              Yi      DevilsGate     0.003038   15.584743
details:          Mebrak      DevilsGate     0.002269    9.723064
details:          Pathan      DevilsGate    -0.011724  -45.008139
dscore:      DevilsGate f4:     0.000883 Z:     3.727506

gendstat:                Mbuti           Anatolia_N     0.087
gendstat:                Mbuti                  Ami    -0.422
gendstat:                Mbuti                 Mixe     0.842
gendstat:                Mbuti         Ganj_Dareh_N     0.216
gendstat:                Mbuti                 Onge    -3.332
gendstat:                Mbuti           Villabruna     1.072
gendstat:                Mbuti           DevilsGate     3.728
gendstat:           Anatolia_N                  Ami    -0.514
gendstat:           Anatolia_N                 Mixe     0.784
gendstat:           Anatolia_N         Ganj_Dareh_N     0.151
gendstat:           Anatolia_N                 Onge    -3.588
gendstat:           Anatolia_N           Villabruna     1.178
gendstat:           Anatolia_N           DevilsGate     3.668
gendstat:                  Ami                 Mixe     1.397
gendstat:                  Ami         Ganj_Dareh_N     0.588
gendstat:                  Ami                 Onge    -2.861
gendstat:                  Ami           Villabruna     1.311
gendstat:                  Ami           DevilsGate     4.842
gendstat:                 Mixe         Ganj_Dareh_N    -0.611
gendstat:                 Mixe                 Onge    -3.999
gendstat:                 Mixe           Villabruna     0.364
gendstat:                 Mixe           DevilsGate     3.251
gendstat:         Ganj_Dareh_N                 Onge    -3.291
gendstat:         Ganj_Dareh_N           Villabruna     0.893
gendstat:         Ganj_Dareh_N           DevilsGate     3.349
gendstat:                 Onge           Villabruna     3.474
gendstat:                 Onge           DevilsGate     6.590
gendstat:           Villabruna           DevilsGate     2.004

## end of run
