/home/cliu7/utils/AdmixTools/bin/qpAdm: parameter file: temp/param/qpAdm_Tamang.Upper_YR_LN.Rhirhi.Southeast_China.par4ez0jmsn
### THE INPUT PARAMETERS
##PARAMETER NAME: VALUE
DIR: data/intermediate
S1: HO_all_merged.qpAdm
indivname: data/intermediate/HO_all_merged.qpAdm.grouped.ind
snpname: data/intermediate/HO_all_merged.qpAdm.snp
genotypename: data/intermediate/HO_all_merged.qpAdm.geno
popleft: temp/param/left.4ez0jmsn
popright: temp/param/right.4ez0jmsn
details: YES
## qpAdm version: 810
seed: -276807067
packed geno read OK
end of inpack

left pops:
Tamang
Upper_YR_LN
Rhirhi
Southeast_China

right pops:
Mbuti
Anatolia_N
Ami
Mixe
Ganj_Dareh_N
Onge
Villabruna
DevilsGate

  0               Tamang    7
  1          Upper_YR_LN    7
  2               Rhirhi    4
  3      Southeast_China   97
  4                Mbuti   10
  5           Anatolia_N   25
  6                  Ami   10
  7                 Mixe   10
  8         Ganj_Dareh_N    7
  9                 Onge   12
 10           Villabruna    1
 11           DevilsGate    4
jackknife block size:     0.050
snps: 498990  indivs: 194
number of blocks for block jackknife: 710
## ncols: 498990
coverage:               Tamang 498036
coverage:          Upper_YR_LN 496840
coverage:               Rhirhi 489694
coverage:      Southeast_China 498990
coverage:                Mbuti 498990
coverage:           Anatolia_N 498137
coverage:                  Ami 498990
coverage:                 Mixe 498990
coverage:         Ganj_Dareh_N 457128
coverage:                 Onge 498990
coverage:           Villabruna 415230
coverage:           DevilsGate 498716
dof (jackknife):   583.557
numsnps used: 413145
codimension 1
f4info: 
f4rank: 2 dof:      5 chisq:    13.798 tail:         0.0169415496 dofdiff:      7 chisqdiff:   -13.798 taildiff:                    1
B:
          scale     1.000     1.000 
     Anatolia_N    -0.218    -0.017 
            Ami     1.971    -1.796 
           Mixe     0.883     0.684 
   Ganj_Dareh_N    -0.181     0.116 
           Onge     0.371    -0.192 
     Villabruna    -0.201     0.351 
     DevilsGate     1.441     1.770 
A:
          scale   489.560  1924.703 
    Upper_YR_LN     1.094     1.131 
         Rhirhi     0.503     0.811 
Southeast_China     1.246    -1.031 


full rank
f4info: 
f4rank: 3 dof:      0 chisq:     0.000 tail:                    1 dofdiff:      5 chisqdiff:    13.798 taildiff:         0.0169415496
B:
          scale     1.000     1.000     1.000 
     Anatolia_N    -0.190    -0.018     0.824 
            Ami     1.970    -1.677    -1.778 
           Mixe     0.914     0.789     0.473 
   Ganj_Dareh_N    -0.145     0.117     1.476 
           Onge     0.403    -0.146     0.588 
     Villabruna    -0.212     0.322    -0.177 
     DevilsGate     1.421     1.851    -0.618 
A:
          scale   520.563  1850.015  3596.649 
    Upper_YR_LN     1.135     1.107    -0.114 
         Rhirhi     0.269     0.975    -1.653 
Southeast_China     1.280    -0.907    -0.503 


best coefficients:    -1.153     1.913     0.240 
Jackknife mean:     -1.120903478     1.889970616     0.230932862 
      std. errors:     0.265     0.191     0.113 

error covariance (* 1000000)
     69988     -46873     -23116 
    -46873      36624      10248 
    -23116      10248      12868 


summ: Tamang    3      0.016942    -1.121     1.890     0.231 69988 -46873 -23116 36624 10248 12868 

    fixed pat  wt  dof     chisq       tail prob
          000  0     5    13.798       0.0169415    -1.153     1.913     0.240  infeasible
          001  1     6    19.993      0.00277679    -0.830     1.830    -0.000  infeasible
          010  1     6   271.183               0     2.049    -0.000    -1.049  infeasible
          100  1     6    75.908     2.49486e-14     0.000     1.180    -0.180  infeasible
          011  2     7   533.814               0     1.000    -0.000     0.000 
          101  2     7    97.014     4.45674e-18     0.000     1.000     0.000 
          110  2     7  2143.714               0     0.000    -0.000     1.000 
best pat:          000        0.0169415              -  -
best pat:          001       0.00277679  chi(nested):     6.195 p-value for nested model:        0.012811 infeasible
best pat:          101      4.45674e-18  chi(nested):    77.021 p-value for nested model:     1.69157e-18

coeffs:    -1.153     1.913     0.240 

## dscore:: f_4(Base, Fit, Rbase, right2)
## genstat:: f_4(Base, Fit, right1, right2)

details:     Upper_YR_LN      Anatolia_N    -0.000432   -2.351115
details:          Rhirhi      Anatolia_N    -0.000488   -2.443417
details: Southeast_China      Anatolia_N    -0.000568   -4.422452
dscore:      Anatolia_N f4:    -0.000573 Z:    -1.489449

details:     Upper_YR_LN             Ami     0.003380   16.074214
details:          Rhirhi             Ami     0.000961    3.995486
details: Southeast_China             Ami     0.005933   37.479080
dscore:             Ami f4:    -0.000635 Z:    -1.386589

details:     Upper_YR_LN            Mixe     0.002485   11.134800
details:          Rhirhi            Mixe     0.000687    2.635937
details: Southeast_China            Mixe     0.001814   10.902059
dscore:            Mixe f4:    -0.001116 Z:    -2.248782

details:     Upper_YR_LN    Ganj_Dareh_N    -0.000267   -1.214763
details:          Rhirhi    Ganj_Dareh_N    -0.000703   -2.699322
details: Southeast_China    Ganj_Dareh_N    -0.000615   -4.065772
dscore:    Ganj_Dareh_N f4:    -0.001186 Z:    -2.411856

details:     Upper_YR_LN            Onge     0.000793    3.814788
details:          Rhirhi            Onge    -0.000135   -0.558977
details: Southeast_China            Onge     0.000991    6.492518
dscore:            Onge f4:    -0.000935 Z:    -1.976693

details:     Upper_YR_LN      Villabruna    -0.000252   -0.876259
details:          Rhirhi      Villabruna     0.000112    0.352320
details: Southeast_China      Villabruna    -0.000663   -3.376175
dscore:      Villabruna f4:     0.000347 Z:     0.568778

details:     Upper_YR_LN      DevilsGate     0.004265   16.227808
details:          Rhirhi      DevilsGate     0.002007    6.801371
details: Southeast_China      DevilsGate     0.002693   14.007299
dscore:      DevilsGate f4:    -0.000433 Z:    -0.763525

gendstat:                Mbuti           Anatolia_N    -1.489
gendstat:                Mbuti                  Ami    -1.387
gendstat:                Mbuti                 Mixe    -2.249
gendstat:                Mbuti         Ganj_Dareh_N    -2.412
gendstat:                Mbuti                 Onge    -1.977
gendstat:                Mbuti           Villabruna     0.569
gendstat:                Mbuti           DevilsGate    -0.764
gendstat:           Anatolia_N                  Ami    -0.144
gendstat:           Anatolia_N                 Mixe    -1.218
gendstat:           Anatolia_N         Ganj_Dareh_N    -1.497
gendstat:           Anatolia_N                 Onge    -0.788
gendstat:           Anatolia_N           Villabruna     1.780
gendstat:           Anatolia_N           DevilsGate     0.266
gendstat:                  Ami                 Mixe    -1.156
gendstat:                  Ami         Ganj_Dareh_N    -1.079
gendstat:                  Ami                 Onge    -0.634
gendstat:                  Ami           Villabruna     1.525
gendstat:                  Ami           DevilsGate     0.422
gendstat:                 Mixe         Ganj_Dareh_N    -0.132
gendstat:                 Mixe                 Onge     0.359
gendstat:                 Mixe           Villabruna     2.293
gendstat:                 Mixe           DevilsGate     1.360
gendstat:         Ganj_Dareh_N                 Onge     0.460
gendstat:         Ganj_Dareh_N           Villabruna     2.482
gendstat:         Ganj_Dareh_N           DevilsGate     1.261
gendstat:                 Onge           Villabruna     1.997
gendstat:                 Onge           DevilsGate     0.862
gendstat:           Villabruna           DevilsGate    -1.100

## end of run
