/home/cliu7/utils/AdmixTools/bin/qpAdm: parameter file: temp/param/qpAdm_Tamang.Upper_YR_LN.Kyang.Southeast_China.parnspah6u8
### THE INPUT PARAMETERS
##PARAMETER NAME: VALUE
DIR: data/intermediate
S1: HO_all_merged.qpAdm
indivname: data/intermediate/HO_all_merged.qpAdm.grouped.ind
snpname: data/intermediate/HO_all_merged.qpAdm.snp
genotypename: data/intermediate/HO_all_merged.qpAdm.geno
popleft: temp/param/left.nspah6u8
popright: temp/param/right.nspah6u8
details: YES
## qpAdm version: 810
seed: -1757124813
packed geno read OK
end of inpack

left pops:
Tamang
Upper_YR_LN
Kyang
Southeast_China

right pops:
Mbuti
Anatolia_N
Ami
Mixe
Ganj_Dareh_N
Onge
Villabruna
DevilsGate

  0               Tamang    7
  1          Upper_YR_LN    7
  2                Kyang    7
  3      Southeast_China   97
  4                Mbuti   10
  5           Anatolia_N   25
  6                  Ami   10
  7                 Mixe   10
  8         Ganj_Dareh_N    7
  9                 Onge   12
 10           Villabruna    1
 11           DevilsGate    4
jackknife block size:     0.050
snps: 498990  indivs: 197
number of blocks for block jackknife: 710
## ncols: 498990
coverage:               Tamang 498036
coverage:          Upper_YR_LN 496840
coverage:                Kyang 498984
coverage:      Southeast_China 498990
coverage:                Mbuti 498990
coverage:           Anatolia_N 498137
coverage:                  Ami 498990
coverage:                 Mixe 498990
coverage:         Ganj_Dareh_N 457128
coverage:                 Onge 498990
coverage:           Villabruna 415230
coverage:           DevilsGate 498716
dof (jackknife):   583.425
numsnps used: 416039
codimension 1
f4info: 
f4rank: 2 dof:      5 chisq:    14.120 tail:         0.0148647756 dofdiff:      7 chisqdiff:   -14.120 taildiff:                    1
B:
          scale     1.000     1.000 
     Anatolia_N    -0.226    -0.028 
            Ami     1.952    -1.825 
           Mixe     0.890     0.692 
   Ganj_Dareh_N    -0.215    -0.071 
           Onge     0.369    -0.159 
     Villabruna    -0.201     0.308 
     DevilsGate     1.457     1.751 
A:
          scale   489.025  1992.717 
    Upper_YR_LN     1.080     1.100 
          Kyang     0.547     0.762 
Southeast_China     1.239    -1.100 


full rank
f4info: 
f4rank: 3 dof:      0 chisq:     0.000 tail:                    1 dofdiff:      5 chisqdiff:    14.120 taildiff:         0.0148647756
B:
          scale     1.000     1.000     1.000 
     Anatolia_N    -0.215    -0.021     0.589 
            Ami     1.937    -1.775    -1.269 
           Mixe     0.905     0.758     0.192 
   Ganj_Dareh_N    -0.185    -0.037     2.200 
           Onge     0.372    -0.112     0.005 
     Villabruna    -0.199     0.307    -0.071 
     DevilsGate     1.473     1.779    -0.398 
A:
          scale   502.675  1989.078  6084.546 
    Upper_YR_LN     1.125     1.042     0.366 
          Kyang     0.442     0.806    -1.613 
Southeast_China     1.241    -1.124    -0.514 


best coefficients:    -1.261     2.080     0.181 
Jackknife mean:     -1.232702754     2.059007419     0.173695335 
      std. errors:     0.237     0.180     0.093 

error covariance (* 1000000)
     56224     -40063     -16161 
    -40063      32503       7560 
    -16161       7560       8601 


summ: Tamang    3      0.014865    -1.233     2.059     0.174 56224 -40063 -16161 32503  7560  8601 

    fixed pat  wt  dof     chisq       tail prob
          000  0     5    14.120       0.0148648    -1.261     2.080     0.181  infeasible
          001  1     6    19.004      0.00415659    -1.000     2.000    -0.000  infeasible
          010  1     6   271.566               0     2.051    -0.000    -1.051  infeasible
          100  1     6   119.991     1.63692e-23    -0.000     1.241    -0.241  infeasible
          011  2     7   534.713               0     1.000    -0.000     0.000 
          101  2     7   167.535               0     0.000     1.000     0.000 
          110  2     7  2144.936               0     0.000    -0.000     1.000 
best pat:          000        0.0148648              -  -
best pat:          001       0.00415659  chi(nested):     4.884 p-value for nested model:       0.0271043 infeasible
best pat:          101      8.30512e-33  chi(nested):   148.531 p-value for nested model:     3.63156e-34

coeffs:    -1.261     2.080     0.181 

## dscore:: f_4(Base, Fit, Rbase, right2)
## genstat:: f_4(Base, Fit, right1, right2)

details:     Upper_YR_LN      Anatolia_N    -0.000431   -2.358988
details:           Kyang      Anatolia_N    -0.000362   -2.224146
details: Southeast_China      Anatolia_N    -0.000565   -4.431709
dscore:      Anatolia_N f4:    -0.000312 Z:    -0.893060

details:     Upper_YR_LN             Ami     0.003371   16.100952
details:           Kyang             Ami     0.001334    6.512557
details: Southeast_China             Ami     0.005911   37.445897
dscore:             Ami f4:    -0.000408 Z:    -1.010530

details:     Upper_YR_LN            Mixe     0.002473   11.137618
details:           Kyang            Mixe     0.001065    4.868962
details: Southeast_China            Mixe     0.001804   10.889257
dscore:            Mixe f4:    -0.000578 Z:    -1.282532

details:     Upper_YR_LN    Ganj_Dareh_N    -0.000268   -1.221090
details:           Kyang    Ganj_Dareh_N    -0.000761   -3.986000
details: Southeast_China    Ganj_Dareh_N    -0.000610   -4.054196
dscore:    Ganj_Dareh_N f4:    -0.001356 Z:    -3.231794

details:     Upper_YR_LN            Onge     0.000798    3.861696
details:           Kyang            Onge     0.000285    1.416747
details: Southeast_China            Onge     0.000987    6.492497
dscore:            Onge f4:    -0.000236 Z:    -0.566707

details:     Upper_YR_LN      Villabruna    -0.000260   -0.909460
details:           Kyang      Villabruna    -0.000060   -0.232286
details: Southeast_China      Villabruna    -0.000660   -3.384045
dscore:      Villabruna f4:     0.000083 Z:     0.153200

details:     Upper_YR_LN      DevilsGate     0.004259   16.247362
details:           Kyang      DevilsGate     0.002140    9.082057
details: Southeast_China      DevilsGate     0.002691   14.042442
dscore:      DevilsGate f4:    -0.000433 Z:    -0.884468

gendstat:                Mbuti           Anatolia_N    -0.893
gendstat:                Mbuti                  Ami    -1.011
gendstat:                Mbuti                 Mixe    -1.283
gendstat:                Mbuti         Ganj_Dareh_N    -3.232
gendstat:                Mbuti                 Onge    -0.567
gendstat:                Mbuti           Villabruna     0.153
gendstat:                Mbuti           DevilsGate    -0.884
gendstat:           Anatolia_N                  Ami    -0.253
gendstat:           Anatolia_N                 Mixe    -0.654
gendstat:           Anatolia_N         Ganj_Dareh_N    -2.911
gendstat:           Anatolia_N                 Onge     0.199
gendstat:           Anatolia_N           Villabruna     0.878
gendstat:           Anatolia_N           DevilsGate    -0.254
gendstat:                  Ami                 Mixe    -0.465
gendstat:                  Ami         Ganj_Dareh_N    -2.152
gendstat:                  Ami                 Onge     0.463
gendstat:                  Ami           Villabruna     0.898
gendstat:                  Ami           DevilsGate    -0.062
gendstat:                 Mixe         Ganj_Dareh_N    -1.635
gendstat:                 Mixe                 Onge     0.784
gendstat:                 Mixe           Villabruna     1.167
gendstat:                 Mixe           DevilsGate     0.325
gendstat:         Ganj_Dareh_N                 Onge     2.459
gendstat:         Ganj_Dareh_N           Villabruna     2.736
gendstat:         Ganj_Dareh_N           DevilsGate     1.767
gendstat:                 Onge           Villabruna     0.580
gendstat:                 Onge           DevilsGate    -0.409
gendstat:           Villabruna           DevilsGate    -0.833

## end of run
