/home/cliu7/utils/AdmixTools/bin/qpWave: parameter file: temp/param/qpAdm_Tamang.YR_MN.Sherpa.LC.Mala.par27a_hg9x
### THE INPUT PARAMETERS
##PARAMETER NAME: VALUE
DIR: data/intermediate
S1: HO_all_merged.qpAdm
indivname: data/intermediate/HO_all_merged.qpAdm.grouped.ind
snpname: data/intermediate/HO_all_merged.qpAdm.snp
genotypename: data/intermediate/HO_all_merged.qpAdm.geno
popleft: temp/param/left.27a_hg9x
popright: temp/param/right.27a_hg9x
details: YES
## qpWave version: 410
packed geno read OK
end of inpack

left pops:
Tamang
YR_MN
Sherpa.LC
Mala

right pops:
Mbuti
Anatolia_N
Ami
Mixe
Ganj_Dareh_N
Onge
Villabruna
DevilsGate

  0               Tamang    7
  1                YR_MN    8
  2            Sherpa.LC    9
  3                 Mala   11
  4                Mbuti   10
  5           Anatolia_N   25
  6                  Ami   10
  7                 Mixe   10
  8         Ganj_Dareh_N    7
  9                 Onge   12
 10           Villabruna    1
 11           DevilsGate    4
jackknife block size:     0.050
snps: 498990  indivs: 114
number of blocks for block jackknife: 710
dof (jackknife):   583.326
numsnps used: 416927
f4info: 
f4rank: 0 dof:     21 chisq:  5031.023 tail:                    0 dofdiff:      0 chisqdiff:     0.000 taildiff:                    1

f4info: 
f4rank: 1 dof:     12 chisq:    46.047 tail:       6.81072175e-06 dofdiff:      9 chisqdiff:  4984.976 taildiff:                    0
B:
          scale     1.000 
     Anatolia_N    -0.302 
            Ami     1.587 
           Mixe     1.071 
   Ganj_Dareh_N    -0.443 
           Onge     0.364 
     Villabruna    -0.115 
     DevilsGate     1.703 
A:
          scale   282.666 
          YR_MN     0.574 
      Sherpa.LC     0.339 
           Mala    -1.599 

f4info: 
f4rank: 2 dof:      5 chisq:     6.735 tail:          0.241133493 dofdiff:      7 chisqdiff:    39.312 taildiff:       1.70397658e-06
B:
          scale     1.000     1.000 
     Anatolia_N    -0.304     0.103 
            Ami     1.593    -1.874 
           Mixe     1.065     0.888 
   Ganj_Dareh_N    -0.442    -0.752 
           Onge     0.368     0.405 
     Villabruna    -0.121    -0.033 
     DevilsGate     1.700     1.400 
A:
          scale   283.574  6738.756 
          YR_MN     0.555    -1.403 
      Sherpa.LC     0.359     0.991 
           Mala    -1.601    -0.225 

f4info: 
f4rank: 3 dof:      0 chisq:     0.000 tail:                    1 dofdiff:      5 chisqdiff:     6.735 taildiff:          0.241133493
B:
          scale     1.000     1.000     1.000 
     Anatolia_N    -0.311     0.078     0.127 
            Ami     1.594     1.833    -0.990 
           Mixe     1.061    -0.737     0.222 
   Ganj_Dareh_N    -0.451     1.287     1.148 
           Onge     0.367    -0.960    -1.582 
     Villabruna    -0.124     0.217    -0.203 
     DevilsGate     1.698    -0.681     1.447 
A:
          scale   284.226  6605.621  9709.895 
          YR_MN     0.558     1.576     0.453 
      Sherpa.LC     0.362    -0.586     1.589 
           Mala    -1.599     0.417     0.518 

## end of run
