/home/cliu7/utils/AdmixTools/bin/qpAdm: parameter file: temp/param/qpAdm_Tamang.YR_MN.Kyang.Pathan.parkfjrvkp0
### THE INPUT PARAMETERS
##PARAMETER NAME: VALUE
DIR: data/intermediate
S1: HO_all_merged.qpAdm
indivname: data/intermediate/HO_all_merged.qpAdm.grouped.ind
snpname: data/intermediate/HO_all_merged.qpAdm.snp
genotypename: data/intermediate/HO_all_merged.qpAdm.geno
popleft: temp/param/left.kfjrvkp0
popright: temp/param/right.kfjrvkp0
details: YES
## qpAdm version: 810
seed: -959118823
packed geno read OK
end of inpack

left pops:
Tamang
YR_MN
Kyang
Pathan

right pops:
Mbuti
Anatolia_N
Ami
Mixe
Ganj_Dareh_N
Onge
Villabruna
DevilsGate

  0               Tamang    7
  1                YR_MN    8
  2                Kyang    7
  3               Pathan   18
  4                Mbuti   10
  5           Anatolia_N   25
  6                  Ami   10
  7                 Mixe   10
  8         Ganj_Dareh_N    7
  9                 Onge   12
 10           Villabruna    1
 11           DevilsGate    4
jackknife block size:     0.050
snps: 498990  indivs: 119
number of blocks for block jackknife: 710
## ncols: 498990
coverage:               Tamang 498036
coverage:                YR_MN 497089
coverage:                Kyang 498984
coverage:               Pathan 498990
coverage:                Mbuti 498990
coverage:           Anatolia_N 498137
coverage:                  Ami 498990
coverage:                 Mixe 498990
coverage:         Ganj_Dareh_N 457128
coverage:                 Onge 498990
coverage:           Villabruna 415230
coverage:           DevilsGate 498716
dof (jackknife):   583.386
numsnps used: 414339
codimension 1
f4info: 
f4rank: 2 dof:      5 chisq:    34.963 tail:       1.53062601e-06 dofdiff:      7 chisqdiff:   -34.963 taildiff:                    1
B:
          scale     1.000     1.000 
     Anatolia_N    -0.683     0.830 
            Ami     1.494     1.056 
           Mixe     0.851     0.309 
   Ganj_Dareh_N    -0.717     1.155 
           Onge     0.642    -1.844 
     Villabruna    -0.493     0.597 
     DevilsGate     1.552     0.090 
A:
          scale   218.443  2899.739 
          YR_MN     0.406     1.629 
          Kyang     0.207     0.258 
         Pathan    -1.671     0.528 


full rank
f4info: 
f4rank: 3 dof:      0 chisq:     0.000 tail:                    1 dofdiff:      5 chisqdiff:    34.963 taildiff:       1.53062601e-06
B:
          scale     1.000     1.000     1.000 
     Anatolia_N    -0.681     1.033    -0.519 
            Ami     1.491     0.750     2.074 
           Mixe     0.850     0.230    -0.174 
   Ganj_Dareh_N    -0.714     1.023     0.889 
           Onge     0.637    -1.871    -0.030 
     Villabruna    -0.491     0.830    -0.530 
     DevilsGate     1.560     0.290    -1.153 
A:
          scale   218.530  2685.402  6227.951 
          YR_MN     0.418     1.450     0.351 
          Kyang     0.247     0.657    -1.614 
         Pathan    -1.663     0.682    -0.520 


best coefficients:    -0.206     1.117     0.088 
Jackknife mean:     -0.193539592     1.103400164     0.090139428 
      std. errors:     0.297     0.323     0.027 

error covariance (* 1000000)
     88390     -95977       7587 
    -95977     104314      -8338 
      7587      -8338        751 


summ: Tamang    3      0.000002    -0.194     1.103     0.090 88390 -95977  7587 104314 -8338   751 

    fixed pat  wt  dof     chisq       tail prob
          000  0     5    34.963     1.53063e-06    -0.206     1.117     0.088  infeasible
          001  1     6   109.593      2.4798e-21    -1.132     2.132     0.000  infeasible
          010  1     6    71.027     2.51706e-13     0.816    -0.000     0.184 
          100  1     6    36.192     2.52962e-06     0.000     0.894     0.106 
          011  2     7   483.204               0     1.000    -0.000    -0.000 
          101  2     7   168.079               0     0.000     1.000    -0.000 
          110  2     7  5857.402               0     0.000    -0.000     1.000 
best pat:          000      1.53063e-06              -  -
best pat:          100      2.52962e-06  chi(nested):     1.229 p-value for nested model:        0.267557
best pat:          101      6.37866e-33  chi(nested):   131.887 p-value for nested model:     1.58394e-30

coeffs:    -0.206     1.117     0.088 

## dscore:: f_4(Base, Fit, Rbase, right2)
## genstat:: f_4(Base, Fit, right1, right2)

details:           YR_MN      Anatolia_N    -0.000589   -2.875149
details:           Kyang      Anatolia_N    -0.000365   -2.224782
details:          Pathan      Anatolia_N     0.005559   29.146146
dscore:      Anatolia_N f4:     0.000204 Z:     1.156058

details:           YR_MN             Ami     0.003542   15.909757
details:           Kyang             Ami     0.001347    6.524435
details:          Pathan             Ami    -0.011320  -48.910724
dscore:             Ami f4:    -0.000223 Z:    -1.001353

details:           YR_MN            Mixe     0.001929    7.815828
details:           Kyang            Mixe     0.001068    4.851549
details:          Pathan            Mixe    -0.006364  -25.486890
dscore:            Mixe f4:     0.000235 Z:     0.990293

details:           YR_MN    Ganj_Dareh_N    -0.000528   -2.177705
details:           Kyang    Ganj_Dareh_N    -0.000764   -3.973175
details:          Pathan    Ganj_Dareh_N     0.005676   25.899526
dscore:    Ganj_Dareh_N f4:    -0.000244 Z:    -1.175333

details:           YR_MN            Onge     0.000421    1.748860
details:           Kyang            Onge     0.000292    1.442354
details:          Pathan            Onge    -0.005278  -24.653472
dscore:            Onge f4:    -0.000226 Z:    -1.039818

details:           YR_MN      Villabruna    -0.000203   -0.657407
details:           Kyang      Villabruna    -0.000048   -0.181772
details:          Pathan      Villabruna     0.004104   14.339132
dscore:      Villabruna f4:     0.000351 Z:     1.240469

details:           YR_MN      DevilsGate     0.003257   11.650997
details:           Kyang      DevilsGate     0.002164    9.129073
details:          Pathan      DevilsGate    -0.011703  -44.915954
dscore:      DevilsGate f4:     0.000716 Z:     2.815460

gendstat:                Mbuti           Anatolia_N     1.156
gendstat:                Mbuti                  Ami    -1.001
gendstat:                Mbuti                 Mixe     0.990
gendstat:                Mbuti         Ganj_Dareh_N    -1.175
gendstat:                Mbuti                 Onge    -1.040
gendstat:                Mbuti           Villabruna     1.240
gendstat:                Mbuti           DevilsGate     2.815
gendstat:           Anatolia_N                  Ami    -2.060
gendstat:           Anatolia_N                 Mixe     0.147
gendstat:           Anatolia_N         Ganj_Dareh_N    -2.451
gendstat:           Anatolia_N                 Onge    -2.159
gendstat:           Anatolia_N           Villabruna     0.626
gendstat:           Anatolia_N           DevilsGate     2.086
gendstat:                  Ami                 Mixe     2.395
gendstat:                  Ami         Ganj_Dareh_N    -0.093
gendstat:                  Ami                 Onge    -0.019
gendstat:                  Ami           Villabruna     1.898
gendstat:                  Ami           DevilsGate     4.679
gendstat:                 Mixe         Ganj_Dareh_N    -1.968
gendstat:                 Mixe                 Onge    -2.075
gendstat:                 Mixe           Villabruna     0.390
gendstat:                 Mixe           DevilsGate     2.148
gendstat:         Ganj_Dareh_N                 Onge     0.074
gendstat:         Ganj_Dareh_N           Villabruna     2.133
gendstat:         Ganj_Dareh_N           DevilsGate     3.626
gendstat:                 Onge           Villabruna     1.954
gendstat:                 Onge           DevilsGate     3.844
gendstat:           Villabruna           DevilsGate     1.118

## end of run
