/home/cliu7/utils/AdmixTools/bin/qpWave: parameter file: temp/param/qpAdm_Tamang.Upper_YR_LN.Kyang.Pulliyar.par5r9lhizb
### THE INPUT PARAMETERS
##PARAMETER NAME: VALUE
DIR: data/intermediate
S1: HO_all_merged.qpAdm
indivname: data/intermediate/HO_all_merged.qpAdm.grouped.ind
snpname: data/intermediate/HO_all_merged.qpAdm.snp
genotypename: data/intermediate/HO_all_merged.qpAdm.geno
popleft: temp/param/left.5r9lhizb
popright: temp/param/right.5r9lhizb
details: YES
## qpWave version: 410
packed geno read OK
end of inpack

left pops:
Tamang
Upper_YR_LN
Kyang
Pulliyar

right pops:
Mbuti
Anatolia_N
Ami
Mixe
Ganj_Dareh_N
Onge
Villabruna
DevilsGate

  0               Tamang    7
  1          Upper_YR_LN    7
  2                Kyang    7
  3             Pulliyar   35
  4                Mbuti   10
  5           Anatolia_N   25
  6                  Ami   10
  7                 Mixe   10
  8         Ganj_Dareh_N    7
  9                 Onge   12
 10           Villabruna    1
 11           DevilsGate    4
jackknife block size:     0.050
snps: 498990  indivs: 135
number of blocks for block jackknife: 710
dof (jackknife):   584.813
numsnps used: 387664
f4info: 
f4rank: 0 dof:     21 chisq:  4339.710 tail:                    0 dofdiff:      0 chisqdiff:     0.000 taildiff:                    1

f4info: 
f4rank: 1 dof:     12 chisq:    34.002 tail:       0.000674045767 dofdiff:      9 chisqdiff:  4305.708 taildiff:                    0
B:
          scale     1.000 
     Anatolia_N    -0.193 
            Ami     1.566 
           Mixe     1.125 
   Ganj_Dareh_N    -0.332 
           Onge     0.300 
     Villabruna    -0.074 
     DevilsGate     1.743 
A:
          scale   287.799 
    Upper_YR_LN     0.638 
          Kyang     0.321 
       Pulliyar    -1.578 

f4info: 
f4rank: 2 dof:      5 chisq:    14.839 tail:         0.0110706324 dofdiff:      7 chisqdiff:    19.163 taildiff:        0.00769315383
B:
          scale     1.000     1.000 
     Anatolia_N    -0.192     0.482 
            Ami     1.563     0.528 
           Mixe     1.128     0.067 
   Ganj_Dareh_N    -0.329     2.316 
           Onge     0.302     0.306 
     Villabruna    -0.071    -0.302 
     DevilsGate     1.745    -0.968 
A:
          scale   287.267  6659.962 
    Upper_YR_LN     0.636     0.484 
          Kyang     0.282    -1.649 
       Pulliyar    -1.586    -0.216 

f4info: 
f4rank: 3 dof:      0 chisq:     0.000 tail:                    1 dofdiff:      5 chisqdiff:    14.839 taildiff:         0.0110706324
B:
          scale     1.000     1.000     1.000 
     Anatolia_N    -0.199     0.254     0.472 
            Ami     1.561    -0.574     1.611 
           Mixe     1.131    -0.354     0.563 
   Ganj_Dareh_N    -0.328     2.154     1.268 
           Onge     0.298     0.657    -0.107 
     Villabruna    -0.078    -0.572     0.194 
     DevilsGate     1.744     1.040    -1.487 
A:
          scale   287.780  6870.970  7214.059 
    Upper_YR_LN     0.664     1.585    -0.219 
          Kyang     0.312    -0.360    -1.665 
       Pulliyar    -1.569     0.599    -0.424 

## end of run
