/home/cliu7/utils/AdmixTools/bin/qpWave: parameter file: temp/param/qpAdm_Tamang.Naga.Rhirhi.Southeast_China.par9e3_gypt
### THE INPUT PARAMETERS
##PARAMETER NAME: VALUE
DIR: data/intermediate
S1: HO_all_merged.qpAdm
indivname: data/intermediate/HO_all_merged.qpAdm.grouped.ind
snpname: data/intermediate/HO_all_merged.qpAdm.snp
genotypename: data/intermediate/HO_all_merged.qpAdm.geno
popleft: temp/param/left.9e3_gypt
popright: temp/param/right.9e3_gypt
details: YES
## qpWave version: 410
packed geno read OK
end of inpack

left pops:
Tamang
Naga
Rhirhi
Southeast_China

right pops:
Mbuti
Anatolia_N
Ami
Mixe
Ganj_Dareh_N
Onge
Villabruna
DevilsGate

  0               Tamang    7
  1                 Naga    6
  2               Rhirhi    4
  3      Southeast_China   97
  4                Mbuti   10
  5           Anatolia_N   25
  6                  Ami   10
  7                 Mixe   10
  8         Ganj_Dareh_N    7
  9                 Onge   12
 10           Villabruna    1
 11           DevilsGate    4
jackknife block size:     0.050
snps: 498990  indivs: 193
number of blocks for block jackknife: 710
dof (jackknife):   583.590
numsnps used: 414524
f4info: 
f4rank: 0 dof:     21 chisq:  2672.722 tail:                    0 dofdiff:      0 chisqdiff:     0.000 taildiff:                    1

f4info: 
f4rank: 1 dof:     12 chisq:   307.341 tail:       1.34856951e-58 dofdiff:      9 chisqdiff:  2365.381 taildiff:                    0
B:
          scale     1.000 
     Anatolia_N    -0.130 
            Ami     2.335 
           Mixe     0.674 
   Ganj_Dareh_N    -0.121 
           Onge     0.424 
     Villabruna    -0.197 
     DevilsGate     0.918 
A:
          scale   608.002 
           Naga     0.774 
         Rhirhi     0.260 
Southeast_China     1.528 

f4info: 
f4rank: 2 dof:      5 chisq:    14.264 tail:         0.0140151675 dofdiff:      7 chisqdiff:   293.076 taildiff:       1.81970829e-59
B:
          scale     1.000     1.000 
     Anatolia_N    -0.259    -0.279 
            Ami     2.026    -1.562 
           Mixe     0.872     0.941 
   Ganj_Dareh_N    -0.307    -0.489 
           Onge     0.381    -0.078 
     Villabruna    -0.223     0.293 
     DevilsGate     1.334     1.807 
A:
          scale   523.283  2365.964 
           Naga     0.961     0.953 
         Rhirhi     0.466     1.027 
Southeast_China     1.364    -1.018 

f4info: 
f4rank: 3 dof:      0 chisq:     0.000 tail:                    1 dofdiff:      5 chisqdiff:    14.264 taildiff:         0.0140151675
B:
          scale     1.000     1.000     1.000 
     Anatolia_N    -0.275     0.388     0.499 
            Ami     2.035     1.528    -0.639 
           Mixe     0.845    -0.628     1.777 
   Ganj_Dareh_N    -0.329     0.656     0.755 
           Onge     0.355     0.366     1.461 
     Villabruna    -0.207    -0.394    -0.601 
     DevilsGate     1.338    -1.844    -0.342 
A:
          scale   529.220  2311.860  7599.796 
           Naga     0.980    -0.875     1.129 
         Rhirhi     0.417    -1.134    -1.241 
Southeast_China     1.366     0.973    -0.431 

## end of run
