/home/cliu7/utils/AdmixTools/bin/qpAdm: parameter file: temp/param/qpAdm_Tamang.Upper_YR_LN.Samdzong.Southeast_China.pargd24i8p4
### THE INPUT PARAMETERS
##PARAMETER NAME: VALUE
DIR: data/intermediate
S1: HO_all_merged.qpAdm
indivname: data/intermediate/HO_all_merged.qpAdm.grouped.ind
snpname: data/intermediate/HO_all_merged.qpAdm.snp
genotypename: data/intermediate/HO_all_merged.qpAdm.geno
popleft: temp/param/left.gd24i8p4
popright: temp/param/right.gd24i8p4
details: YES
## qpAdm version: 810
seed: -48243077
packed geno read OK
end of inpack

left pops:
Tamang
Upper_YR_LN
Samdzong
Southeast_China

right pops:
Mbuti
Anatolia_N
Ami
Mixe
Ganj_Dareh_N
Onge
Villabruna
DevilsGate

  0               Tamang    7
  1          Upper_YR_LN    7
  2             Samdzong    9
  3      Southeast_China   97
  4                Mbuti   10
  5           Anatolia_N   25
  6                  Ami   10
  7                 Mixe   10
  8         Ganj_Dareh_N    7
  9                 Onge   12
 10           Villabruna    1
 11           DevilsGate    4
jackknife block size:     0.050
snps: 498990  indivs: 199
number of blocks for block jackknife: 710
## ncols: 498990
coverage:               Tamang 498036
coverage:          Upper_YR_LN 496840
coverage:             Samdzong 498985
coverage:      Southeast_China 498990
coverage:                Mbuti 498990
coverage:           Anatolia_N 498137
coverage:                  Ami 498990
coverage:                 Mixe 498990
coverage:         Ganj_Dareh_N 457128
coverage:                 Onge 498990
coverage:           Villabruna 415230
coverage:           DevilsGate 498716
dof (jackknife):   583.436
numsnps used: 415965
codimension 1
f4info: 
f4rank: 2 dof:      5 chisq:    13.057 tail:         0.0228475264 dofdiff:      7 chisqdiff:   -13.057 taildiff:                    1
B:
          scale     1.000     1.000 
     Anatolia_N    -0.216    -0.006 
            Ami     1.960    -1.829 
           Mixe     0.890     0.766 
   Ganj_Dareh_N    -0.192    -0.052 
           Onge     0.375    -0.204 
     Villabruna    -0.201     0.143 
     DevilsGate     1.450     1.733 
A:
          scale   491.394  2061.470 
    Upper_YR_LN     1.086     1.181 
       Samdzong     0.517     0.627 
Southeast_China     1.246    -1.102 


full rank
f4info: 
f4rank: 3 dof:      0 chisq:     0.000 tail:                    1 dofdiff:      5 chisqdiff:    13.057 taildiff:         0.0228475264
B:
          scale     1.000     1.000     1.000 
     Anatolia_N    -0.213     0.006     0.286 
            Ami     1.937    -1.756    -1.316 
           Mixe     0.908     0.804    -0.086 
   Ganj_Dareh_N    -0.155     0.000     2.030 
           Onge     0.385    -0.167     0.488 
     Villabruna    -0.185     0.184     0.790 
     DevilsGate     1.474     1.792    -0.441 
A:
          scale   508.617  2065.547  5672.872 
    Upper_YR_LN     1.125     1.095     0.110 
       Samdzong     0.410     0.681    -1.597 
Southeast_China     1.251    -1.156    -0.661 


best coefficients:    -0.973     1.922     0.051 
Jackknife mean:     -0.954714825     1.907864820     0.046850005 
      std. errors:     0.177     0.139     0.077 

error covariance (* 1000000)
     31312     -22338      -8974 
    -22338      19220       3118 
     -8974       3118       5855 


summ: Tamang    3      0.022848    -0.955     1.908     0.047 31312 -22338 -8974 19220  3118  5855 

    fixed pat  wt  dof     chisq       tail prob
          000  0     5    13.057       0.0228475    -0.973     1.922     0.051  infeasible
          001  1     6    13.549       0.0350959    -0.905     1.905    -0.000  infeasible
          010  1     6   271.704               0     2.051    -0.000    -1.051  infeasible
          100  1     6   103.101     5.65182e-20     0.000     1.272    -0.272  infeasible
          011  2     7   534.932               0     1.000    -0.000     0.000 
          101  2     7   169.046               0     0.000     1.000     0.000 
          110  2     7  2146.757               0     0.000    -0.000     1.000 
best pat:          000        0.0228475              -  -
best pat:          001        0.0350959  chi(nested):     0.492 p-value for nested model:        0.483022 infeasible
best pat:          101      3.98866e-33  chi(nested):   155.497 p-value for nested model:     1.09048e-35

coeffs:    -0.973     1.922     0.051 

## dscore:: f_4(Base, Fit, Rbase, right2)
## genstat:: f_4(Base, Fit, right1, right2)

details:     Upper_YR_LN      Anatolia_N    -0.000431   -2.359414
details:        Samdzong      Anatolia_N    -0.000279   -1.750761
details: Southeast_China      Anatolia_N    -0.000566   -4.432123
dscore:      Anatolia_N f4:    -0.000147 Z:    -0.482903

details:     Upper_YR_LN             Ami     0.003372   16.103793
details:        Samdzong             Ami     0.001353    6.965912
details: Southeast_China             Ami     0.005912   37.459996
dscore:             Ami f4:    -0.000379 Z:    -1.091133

details:     Upper_YR_LN            Mixe     0.002474   11.138179
details:        Samdzong            Mixe     0.001016    5.008504
details: Southeast_China            Mixe     0.001805   10.890653
dscore:            Mixe f4:    -0.000362 Z:    -0.973920

details:     Upper_YR_LN    Ganj_Dareh_N    -0.000268   -1.221271
details:        Samdzong    Ganj_Dareh_N    -0.000705   -3.672737
details: Southeast_China    Ganj_Dareh_N    -0.000610   -4.054818
dscore:    Ganj_Dareh_N f4:    -0.001126 Z:    -3.094134

details:     Upper_YR_LN            Onge     0.000798    3.862335
details:        Samdzong            Onge     0.000112    0.574567
details: Southeast_China            Onge     0.000988    6.493449
dscore:            Onge f4:    -0.000511 Z:    -1.439836

details:     Upper_YR_LN      Villabruna    -0.000260   -0.909479
details:        Samdzong      Villabruna    -0.000359   -1.440858
details: Southeast_China      Villabruna    -0.000661   -3.384274
dscore:      Villabruna f4:    -0.000471 Z:    -0.988638

details:     Upper_YR_LN      DevilsGate     0.004259   16.248713
details:        Samdzong      DevilsGate     0.001908    8.723404
details: Southeast_China      DevilsGate     0.002691   14.045907
dscore:      DevilsGate f4:    -0.000339 Z:    -0.832197

gendstat:                Mbuti           Anatolia_N    -0.483
gendstat:                Mbuti                  Ami    -1.091
gendstat:                Mbuti                 Mixe    -0.974
gendstat:                Mbuti         Ganj_Dareh_N    -3.094
gendstat:                Mbuti                 Onge    -1.440
gendstat:                Mbuti           Villabruna    -0.989
gendstat:                Mbuti           DevilsGate    -0.832
gendstat:           Anatolia_N                  Ami    -0.709
gendstat:           Anatolia_N                 Mixe    -0.630
gendstat:           Anatolia_N         Ganj_Dareh_N    -3.161
gendstat:           Anatolia_N                 Onge    -1.111
gendstat:           Anatolia_N           Villabruna    -0.804
gendstat:           Anatolia_N           DevilsGate    -0.492
gendstat:                  Ami                 Mixe     0.055
gendstat:                  Ami         Ganj_Dareh_N    -1.994
gendstat:                  Ami                 Onge    -0.402
gendstat:                  Ami           Villabruna    -0.191
gendstat:                  Ami           DevilsGate     0.114
gendstat:                 Mixe         Ganj_Dareh_N    -1.953
gendstat:                 Mixe                 Onge    -0.402
gendstat:                 Mixe           Villabruna    -0.224
gendstat:                 Mixe           DevilsGate     0.060
gendstat:         Ganj_Dareh_N                 Onge     1.607
gendstat:         Ganj_Dareh_N           Villabruna     1.357
gendstat:         Ganj_Dareh_N           DevilsGate     1.766
gendstat:                 Onge           Villabruna     0.085
gendstat:                 Onge           DevilsGate     0.424
gendstat:           Villabruna           DevilsGate     0.252

## end of run
