/home/cliu7/utils/AdmixTools/bin/qpAdm: parameter file: temp/param/qpAdm_Tamang.Upper_YR_LN.Lubrak.Pulliyar.par2uk59vt2
### THE INPUT PARAMETERS
##PARAMETER NAME: VALUE
DIR: data/intermediate
S1: HO_all_merged.qpAdm
indivname: data/intermediate/HO_all_merged.qpAdm.grouped.ind
snpname: data/intermediate/HO_all_merged.qpAdm.snp
genotypename: data/intermediate/HO_all_merged.qpAdm.geno
popleft: temp/param/left.2uk59vt2
popright: temp/param/right.2uk59vt2
details: YES
## qpAdm version: 810
seed: 1505405883
packed geno read OK
end of inpack

left pops:
Tamang
Upper_YR_LN
Lubrak
Pulliyar

right pops:
Mbuti
Anatolia_N
Ami
Mixe
Ganj_Dareh_N
Onge
Villabruna
DevilsGate

  0               Tamang    7
  1          Upper_YR_LN    7
  2               Lubrak    2
  3             Pulliyar   35
  4                Mbuti   10
  5           Anatolia_N   25
  6                  Ami   10
  7                 Mixe   10
  8         Ganj_Dareh_N    7
  9                 Onge   12
 10           Villabruna    1
 11           DevilsGate    4
jackknife block size:     0.050
snps: 498990  indivs: 130
number of blocks for block jackknife: 710
## ncols: 498990
coverage:               Tamang 498036
coverage:          Upper_YR_LN 496840
coverage:               Lubrak 327444
coverage:             Pulliyar 459213
coverage:                Mbuti 498990
coverage:           Anatolia_N 498137
coverage:                  Ami 498990
coverage:                 Mixe 498990
coverage:         Ganj_Dareh_N 457128
coverage:                 Onge 498990
coverage:           Villabruna 415230
coverage:           DevilsGate 498716
dof (jackknife):   583.412
numsnps used: 287481
codimension 1
f4info: 
f4rank: 2 dof:      5 chisq:     4.472 tail:          0.483646749 dofdiff:      7 chisqdiff:    -4.472 taildiff:                    1
B:
          scale     1.000     1.000 
     Anatolia_N    -0.186     0.031 
            Ami     1.561    -1.462 
           Mixe     1.124    -0.919 
   Ganj_Dareh_N    -0.305     1.475 
           Onge     0.288     0.574 
     Villabruna    -0.058     0.068 
     DevilsGate     1.756     1.227 
A:
          scale   288.699  5252.067 
    Upper_YR_LN     0.682     1.200 
         Lubrak     0.456     1.047 
       Pulliyar    -1.525     0.681 


full rank
f4info: 
f4rank: 3 dof:      0 chisq:     0.000 tail:                    1 dofdiff:      5 chisqdiff:     4.472 taildiff:          0.483646749
B:
          scale     1.000     1.000     1.000 
     Anatolia_N    -0.186     0.065    -1.006 
            Ami     1.560    -1.486    -0.455 
           Mixe     1.122    -1.010     0.382 
   Ganj_Dareh_N    -0.306     1.266     1.798 
           Onge     0.288     0.460     1.067 
     Villabruna    -0.058     0.281    -1.116 
     DevilsGate     1.759     1.369    -0.143 
A:
          scale   288.876  4883.692 12312.768 
    Upper_YR_LN     0.676     0.877     0.836 
         Lubrak     0.461     1.352    -1.513 
       Pulliyar    -1.527     0.636     0.114 


best coefficients:    -8.681    10.444    -0.763 
Jackknife mean:   1640.333522027 -1822.943893864   183.610371837 
      std. errors:   638.452   709.505    71.054 

error covariance (* 1000000)
-400339415 -2013663664 -1880964217 
-2013663664  886353324 1127310340 
-1880964217 1127310340  753653877 


summ: Tamang    3      0.483647  1640.334 -1822.944   183.610 -400339415 -2013663664 -1880964217 886353324 1127310340 753653877 

    fixed pat  wt  dof     chisq       tail prob
          000  0     5     4.472        0.483647    -8.681    10.444    -0.763  infeasible
          001  1     6    18.894      0.00434666    -1.963     2.963     0.000  infeasible
          010  1     6    16.273       0.0123593     0.710    -0.000     0.290 
          100  1     6     9.468        0.148907    -0.000     0.790     0.210 
          011  2     7   486.005               0     1.000     0.000    -0.000 
          101  2     7   125.638     5.11827e-24     0.000     1.000    -0.000 
          110  2     7  2736.595               0     0.000    -0.000     1.000 
best pat:          000         0.483647              -  -
best pat:          100         0.148907  chi(nested):     4.996 p-value for nested model:       0.0254017
best pat:          101      5.11827e-24  chi(nested):   116.169 p-value for nested model:     4.36374e-27

coeffs:    -8.681    10.444    -0.763 

## dscore:: f_4(Base, Fit, Rbase, right2)
## genstat:: f_4(Base, Fit, right1, right2)

details:     Upper_YR_LN      Anatolia_N    -0.000391   -2.043437
details:          Lubrak      Anatolia_N    -0.000155   -0.567078
details:        Pulliyar      Anatolia_N     0.001039    5.101404
dscore:      Anatolia_N f4:     0.000986 Z:     0.327993

details:     Upper_YR_LN             Ami     0.003452   15.374761
details:          Lubrak             Ami     0.002158    6.776953
details:        Pulliyar             Ami    -0.008402  -34.877192
dscore:             Ami f4:    -0.001030 Z:    -0.308385

details:     Upper_YR_LN            Mixe     0.002515   10.513976
details:          Lubrak            Mixe     0.001480    4.375079
details:        Pulliyar            Mixe    -0.006046  -24.351106
dscore:            Mixe f4:    -0.001765 Z:    -0.486644

details:     Upper_YR_LN    Ganj_Dareh_N    -0.000246   -1.037083
details:          Lubrak    Ganj_Dareh_N    -0.000335   -1.009706
details:        Pulliyar    Ganj_Dareh_N     0.001855    8.027907
dscore:    Ganj_Dareh_N f4:    -0.002776 Z:    -0.754781

details:     Upper_YR_LN            Onge     0.000897    4.002776
details:          Lubrak            Onge     0.000458    1.429838
details:        Pulliyar            Onge    -0.001444   -6.305915
dscore:            Onge f4:    -0.001902 Z:    -0.537735

details:     Upper_YR_LN      Villabruna    -0.000148   -0.483493
details:          Lubrak      Villabruna     0.000268    0.622424
details:        Pulliyar      Villabruna     0.000348    1.113492
dscore:      Villabruna f4:     0.003821 Z:     0.811833

details:     Upper_YR_LN      DevilsGate     0.004427   15.755611
details:          Lubrak      DevilsGate     0.003219    8.352347
details:        Pulliyar      DevilsGate    -0.009098  -33.575264
dscore:      DevilsGate f4:     0.002124 Z:     0.507165

gendstat:                Mbuti           Anatolia_N     0.328
gendstat:                Mbuti                  Ami    -0.308
gendstat:                Mbuti                 Mixe    -0.487
gendstat:                Mbuti         Ganj_Dareh_N    -0.755
gendstat:                Mbuti                 Onge    -0.538
gendstat:                Mbuti           Villabruna     0.812
gendstat:                Mbuti           DevilsGate     0.507
gendstat:           Anatolia_N                  Ami    -0.719
gendstat:           Anatolia_N                 Mixe    -0.870
gendstat:           Anatolia_N         Ganj_Dareh_N    -1.234
gendstat:           Anatolia_N                 Onge    -0.941
gendstat:           Anatolia_N           Villabruna     0.714
gendstat:           Anatolia_N           DevilsGate     0.293
gendstat:                  Ami                 Mixe    -0.258
gendstat:                  Ami         Ganj_Dareh_N    -0.498
gendstat:                  Ami                 Onge    -0.288
gendstat:                  Ami           Villabruna     1.066
gendstat:                  Ami           DevilsGate     0.885
gendstat:                 Mixe         Ganj_Dareh_N    -0.257
gendstat:                 Mixe                 Onge    -0.039
gendstat:                 Mixe           Villabruna     1.199
gendstat:                 Mixe           DevilsGate     1.016
gendstat:         Ganj_Dareh_N                 Onge     0.226
gendstat:         Ganj_Dareh_N           Villabruna     1.398
gendstat:         Ganj_Dareh_N           DevilsGate     1.106
gendstat:                 Onge           Villabruna     1.249
gendstat:                 Onge           DevilsGate     0.951
gendstat:           Villabruna           DevilsGate    -0.327

## end of run
