/home/cliu7/utils/AdmixTools/bin/qpAdm: parameter file: temp/param/qpAdm_Tamang.Naga.Mebrak.Pulliyar.par0w88ls4c
### THE INPUT PARAMETERS
##PARAMETER NAME: VALUE
DIR: data/intermediate
S1: HO_all_merged.qpAdm
indivname: data/intermediate/HO_all_merged.qpAdm.grouped.ind
snpname: data/intermediate/HO_all_merged.qpAdm.snp
genotypename: data/intermediate/HO_all_merged.qpAdm.geno
popleft: temp/param/left.0w88ls4c
popright: temp/param/right.0w88ls4c
details: YES
## qpAdm version: 810
seed: -1889493881
packed geno read OK
end of inpack

left pops:
Tamang
Naga
Mebrak
Pulliyar

right pops:
Mbuti
Anatolia_N
Ami
Mixe
Ganj_Dareh_N
Onge
Villabruna
DevilsGate

  0               Tamang    7
  1                 Naga    6
  2               Mebrak    8
  3             Pulliyar   35
  4                Mbuti   10
  5           Anatolia_N   25
  6                  Ami   10
  7                 Mixe   10
  8         Ganj_Dareh_N    7
  9                 Onge   12
 10           Villabruna    1
 11           DevilsGate    4
jackknife block size:     0.050
snps: 498990  indivs: 135
number of blocks for block jackknife: 710
## ncols: 498990
coverage:               Tamang 498036
coverage:                 Naga 498990
coverage:               Mebrak 498978
coverage:             Pulliyar 459213
coverage:                Mbuti 498990
coverage:           Anatolia_N 498137
coverage:                  Ami 498990
coverage:                 Mixe 498990
coverage:         Ganj_Dareh_N 457128
coverage:                 Onge 498990
coverage:           Villabruna 415230
coverage:           DevilsGate 498716
dof (jackknife):   584.840
numsnps used: 388704
codimension 1
f4info: 
f4rank: 2 dof:      5 chisq:     4.026 tail:          0.545738338 dofdiff:      7 chisqdiff:    -4.026 taildiff:                    1
B:
          scale     1.000     1.000 
     Anatolia_N    -0.228     0.539 
            Ami     1.582     1.106 
           Mixe     1.129     0.468 
   Ganj_Dareh_N    -0.371     0.305 
           Onge     0.290     1.427 
     Villabruna    -0.090    -0.083 
     DevilsGate     1.715    -1.769 
A:
          scale   295.387  6268.188 
           Naga     0.580     0.440 
         Mebrak     0.331    -1.673 
       Pulliyar    -1.598    -0.091 


full rank
f4info: 
f4rank: 3 dof:      0 chisq:     0.000 tail:                    1 dofdiff:      5 chisqdiff:     4.026 taildiff:          0.545738338
B:
          scale     1.000     1.000     1.000 
     Anatolia_N    -0.227     0.539     1.843 
            Ami     1.584     0.949     0.374 
           Mixe     1.129     0.357     1.063 
   Ganj_Dareh_N    -0.370     0.355    -0.095 
           Onge     0.292     1.452    -1.301 
     Villabruna    -0.091    -0.069     0.235 
     DevilsGate     1.713    -1.856    -0.760 
A:
          scale   295.678  6303.460 17901.893 
           Naga     0.582     0.547    -1.165 
         Mebrak     0.321    -1.642    -0.952 
       Pulliyar    -1.599     0.065    -0.858 


best coefficients:     0.605     0.146     0.250 
Jackknife mean:      0.598283688     0.152435863     0.249280448 
      std. errors:     0.149     0.165     0.019 

error covariance (* 1000000)
     22089     -24549       2460 
    -24549      27382      -2833 
      2460      -2833        373 


summ: Tamang    3      0.545738     0.598     0.152     0.249 22089 -24549  2460 27382 -2833   373 

    fixed pat  wt  dof     chisq       tail prob
          000  0     5     4.026        0.545738     0.605     0.146     0.250 
          001  1     6    33.359     8.94309e-06    -1.481     2.481    -0.000  infeasible
          010  1     6     4.575        0.599337     0.735    -0.000     0.265 
          100  1     6    18.975       0.0042053    -0.000     0.821     0.179 
          011  2     7   599.098               0     1.000    -0.000    -0.000 
          101  2     7   188.344               0     0.000     1.000    -0.000 
          110  2     7  2936.548               0     0.000    -0.000     1.000 
best pat:          000         0.545738              -  -
best pat:          010         0.599337  chi(nested):     0.550 p-value for nested model:        0.458498
best pat:          101      3.35994e-37 not nested

coeffs:     0.605     0.146     0.250 

## dscore:: f_4(Base, Fit, Rbase, right2)
## genstat:: f_4(Base, Fit, right1, right2)

details:            Naga      Anatolia_N    -0.000563   -3.492213
details:          Mebrak      Anatolia_N    -0.000569   -3.360396
details:        Pulliyar      Anatolia_N     0.001076    5.381115
dscore:      Anatolia_N f4:    -0.000155 Z:    -1.190554

details:            Naga             Ami     0.003135   16.574980
details:          Mebrak             Ami     0.001378    6.658903
details:        Pulliyar             Ami    -0.008669  -36.402072
dscore:             Ami f4:    -0.000069 Z:    -0.448385

details:            Naga            Mixe     0.002122   10.817035
details:          Mebrak            Mixe     0.000973    4.502027
details:        Pulliyar            Mixe    -0.006244  -25.711421
dscore:            Mixe f4:    -0.000135 Z:    -0.849349

details:            Naga    Ganj_Dareh_N    -0.000760   -4.062134
details:          Mebrak    Ganj_Dareh_N    -0.000590   -3.108707
details:        Pulliyar    Ganj_Dareh_N     0.001912    8.390851
dscore:    Ganj_Dareh_N f4:    -0.000068 Z:    -0.455170

details:            Naga            Onge     0.000749    3.936219
details:          Mebrak            Onge    -0.000079   -0.397944
details:        Pulliyar            Onge    -0.001565   -6.962556
dscore:            Onge f4:     0.000051 Z:     0.327085

details:            Naga      Villabruna    -0.000323   -1.319315
details:          Mebrak      Villabruna    -0.000272   -1.054307
details:        Pulliyar      Villabruna     0.000358    1.168481
dscore:      Villabruna f4:    -0.000146 Z:    -0.725906

details:            Naga      DevilsGate     0.003215   14.601685
details:          Mebrak      DevilsGate     0.002301    9.714232
details:        Pulliyar      DevilsGate    -0.009344  -35.242664
dscore:      DevilsGate f4:    -0.000055 Z:    -0.308358

gendstat:                Mbuti           Anatolia_N    -1.191
gendstat:                Mbuti                  Ami    -0.448
gendstat:                Mbuti                 Mixe    -0.849
gendstat:                Mbuti         Ganj_Dareh_N    -0.455
gendstat:                Mbuti                 Onge     0.327
gendstat:                Mbuti           Villabruna    -0.726
gendstat:                Mbuti           DevilsGate    -0.308
gendstat:           Anatolia_N                  Ami     0.582
gendstat:           Anatolia_N                 Mixe     0.130
gendstat:           Anatolia_N         Ganj_Dareh_N     0.695
gendstat:           Anatolia_N                 Onge     1.498
gendstat:           Anatolia_N           Villabruna     0.053
gendstat:           Anatolia_N           DevilsGate     0.606
gendstat:                  Ami                 Mixe    -0.464
gendstat:                  Ami         Ganj_Dareh_N     0.007
gendstat:                  Ami                 Onge     0.825
gendstat:                  Ami           Villabruna    -0.366
gendstat:                  Ami           DevilsGate     0.099
gendstat:                 Mixe         Ganj_Dareh_N     0.401
gendstat:                 Mixe                 Onge     1.203
gendstat:                 Mixe           Villabruna    -0.052
gendstat:                 Mixe           DevilsGate     0.484
gendstat:         Ganj_Dareh_N                 Onge     0.749
gendstat:         Ganj_Dareh_N           Villabruna    -0.382
gendstat:         Ganj_Dareh_N           DevilsGate     0.069
gendstat:                 Onge           Villabruna    -0.947
gendstat:                 Onge           DevilsGate    -0.620
gendstat:           Villabruna           DevilsGate     0.402

## end of run
