/home/cliu7/utils/AdmixTools/bin/qpAdm: parameter file: temp/param/qpAdm_Tamang.Naga.UpperMustang.LC.Pathan.pare36umkdx
### THE INPUT PARAMETERS
##PARAMETER NAME: VALUE
DIR: data/intermediate
S1: HO_all_merged.qpAdm
indivname: data/intermediate/HO_all_merged.qpAdm.grouped.ind
snpname: data/intermediate/HO_all_merged.qpAdm.snp
genotypename: data/intermediate/HO_all_merged.qpAdm.geno
popleft: temp/param/left.e36umkdx
popright: temp/param/right.e36umkdx
details: YES
## qpAdm version: 810
seed: 910110639
packed geno read OK
end of inpack

left pops:
Tamang
Naga
UpperMustang.LC
Pathan

right pops:
Mbuti
Anatolia_N
Ami
Mixe
Ganj_Dareh_N
Onge
Villabruna
DevilsGate

  0               Tamang    7
  1                 Naga    6
  2      UpperMustang.LC   11
  3               Pathan   18
  4                Mbuti   10
  5           Anatolia_N   25
  6                  Ami   10
  7                 Mixe   10
  8         Ganj_Dareh_N    7
  9                 Onge   12
 10           Villabruna    1
 11           DevilsGate    4
jackknife block size:     0.050
snps: 498990  indivs: 121
number of blocks for block jackknife: 710
## ncols: 498990
coverage:               Tamang 498036
coverage:                 Naga 498990
coverage:      UpperMustang.LC 498990
coverage:               Pathan 498990
coverage:                Mbuti 498990
coverage:           Anatolia_N 498137
coverage:                  Ami 498990
coverage:                 Mixe 498990
coverage:         Ganj_Dareh_N 457128
coverage:                 Onge 498990
coverage:           Villabruna 415230
coverage:           DevilsGate 498716
dof (jackknife):   583.422
numsnps used: 415388
codimension 1
f4info: 
f4rank: 2 dof:      5 chisq:    13.866 tail:         0.0164854908 dofdiff:      7 chisqdiff:   -13.866 taildiff:                    1
B:
          scale     1.000     1.000 
     Anatolia_N    -0.673     1.368 
            Ami     1.492     0.113 
           Mixe     0.870     0.656 
   Ganj_Dareh_N    -0.720     0.771 
           Onge     0.624    -1.784 
     Villabruna    -0.494     0.927 
     DevilsGate     1.553     0.225 
A:
          scale   218.983  3049.845 
           Naga     0.411     1.151 
UpperMustang.LC     0.257     0.900 
         Pathan    -1.663     0.930 


full rank
f4info: 
f4rank: 3 dof:      0 chisq:     0.000 tail:                    1 dofdiff:      5 chisqdiff:    13.866 taildiff:         0.0164854908
B:
          scale     1.000     1.000     1.000 
     Anatolia_N    -0.668     1.406    -0.492 
            Ami     1.493     0.121     1.498 
           Mixe     0.873     0.671    -0.319 
   Ganj_Dareh_N    -0.714     0.917     1.218 
           Onge     0.622    -1.682     1.331 
     Villabruna    -0.489     0.933    -0.337 
     DevilsGate     1.557     0.137    -1.022 
A:
          scale   219.744  2970.601 13739.356 
           Naga     0.418     1.241     0.851 
UpperMustang.LC     0.263     0.730    -1.408 
         Pathan    -1.660     0.963    -0.542 


best coefficients:    -3.573     4.727    -0.154 
Jackknife mean:      0.149058681     0.728248699     0.122692620 
      std. errors:     3.632     3.904     0.273 

error covariance (* 1000000)
  13193246  -14179103     985857 
 -14179103   15239761   -1060658 
    985857   -1060658      74801 


summ: Tamang    3      0.016485     0.149     0.728     0.123 13193246 -14179103 985857 15239761 -1060658 74801 

    fixed pat  wt  dof     chisq       tail prob
          000  0     5    13.866       0.0164855    -3.573     4.727    -0.154  infeasible
          001  1     6    74.234      5.5186e-14    -1.561     2.561     0.000  infeasible
          010  1     6    56.890     1.92305e-10     0.825    -0.000     0.175 
          100  1     6    46.291     2.59089e-08    -0.000     0.885     0.115 
          011  2     7   597.133               0     1.000    -0.000    -0.000 
          101  2     7   254.596               0     0.000     1.000    -0.000 
          110  2     7  5874.859               0     0.000    -0.000     1.000 
best pat:          000        0.0164855              -  -
best pat:          100      2.59089e-08  chi(nested):    32.425 p-value for nested model:      1.2387e-08
best pat:          101      2.91242e-51  chi(nested):   208.305 p-value for nested model:     3.21883e-47

coeffs:    -3.573     4.727    -0.154 

## dscore:: f_4(Base, Fit, Rbase, right2)
## genstat:: f_4(Base, Fit, right1, right2)

details:            Naga      Anatolia_N    -0.000588   -3.673323
details: UpperMustang.LC      Anatolia_N    -0.000447   -3.140880
details:          Pathan      Anatolia_N     0.005552   29.179938
dscore:      Anatolia_N f4:    -0.000867 Z:    -1.370707

details:            Naga             Ami     0.003095   16.644665
details: UpperMustang.LC             Ami     0.001652    9.439243
details:          Pathan             Ami    -0.011328  -48.990431
dscore:             Ami f4:    -0.001505 Z:    -2.086215

details:            Naga            Mixe     0.002064   10.693669
details: UpperMustang.LC            Mixe     0.001230    6.572191
details:          Pathan            Mixe    -0.006377  -25.556173
dscore:            Mixe f4:    -0.000580 Z:    -0.734094

details:            Naga    Ganj_Dareh_N    -0.000741   -4.024301
details: UpperMustang.LC    Ganj_Dareh_N    -0.000754   -4.562249
details:          Pathan    Ganj_Dareh_N     0.005674   25.957993
dscore:    Ganj_Dareh_N f4:    -0.001787 Z:    -2.399813

details:            Naga            Onge     0.000732    3.895056
details: UpperMustang.LC            Onge     0.000168    0.989448
details:          Pathan            Onge    -0.005282  -24.710477
dscore:            Onge f4:    -0.001008 Z:    -1.408320

details:            Naga      Villabruna    -0.000319   -1.323928
details: UpperMustang.LC      Villabruna    -0.000216   -0.980893
details:          Pathan      Villabruna     0.004104   14.357557
dscore:      Villabruna f4:    -0.000513 Z:    -0.527488

details:            Naga      DevilsGate     0.003132   14.334166
details: UpperMustang.LC      DevilsGate     0.001998    9.944680
details:          Pathan      DevilsGate    -0.011713  -45.023778
dscore:      DevilsGate f4:     0.000055 Z:     0.061507

gendstat:                Mbuti           Anatolia_N    -1.371
gendstat:                Mbuti                  Ami    -2.086
gendstat:                Mbuti                 Mixe    -0.734
gendstat:                Mbuti         Ganj_Dareh_N    -2.400
gendstat:                Mbuti                 Onge    -1.408
gendstat:                Mbuti           Villabruna    -0.527
gendstat:                Mbuti           DevilsGate     0.062
gendstat:           Anatolia_N                  Ami    -0.900
gendstat:           Anatolia_N                 Mixe     0.375
gendstat:           Anatolia_N         Ganj_Dareh_N    -1.547
gendstat:           Anatolia_N                 Onge    -0.201
gendstat:           Anatolia_N           Villabruna     0.421
gendstat:           Anatolia_N           DevilsGate     1.097
gendstat:                  Ami                 Mixe     1.352
gendstat:                  Ami         Ganj_Dareh_N    -0.345
gendstat:                  Ami                 Onge     0.697
gendstat:                  Ami           Villabruna     0.946
gendstat:                  Ami           DevilsGate     2.201
gendstat:                 Mixe         Ganj_Dareh_N    -1.413
gendstat:                 Mixe                 Onge    -0.562
gendstat:                 Mixe           Villabruna     0.062
gendstat:                 Mixe           DevilsGate     0.803
gendstat:         Ganj_Dareh_N                 Onge     0.989
gendstat:         Ganj_Dareh_N           Villabruna     1.298
gendstat:         Ganj_Dareh_N           DevilsGate     1.970
gendstat:                 Onge           Villabruna     0.477
gendstat:                 Onge           DevilsGate     1.223
gendstat:           Villabruna           DevilsGate     0.494

## end of run
