/home/cliu7/utils/AdmixTools/bin/qpWave: parameter file: temp/param/qpAdm_Tamang.Naga.Lubrak.Southeast_China.parupkmyhd5
### THE INPUT PARAMETERS
##PARAMETER NAME: VALUE
DIR: data/intermediate
S1: HO_all_merged.qpAdm
indivname: data/intermediate/HO_all_merged.qpAdm.grouped.ind
snpname: data/intermediate/HO_all_merged.qpAdm.snp
genotypename: data/intermediate/HO_all_merged.qpAdm.geno
popleft: temp/param/left.upkmyhd5
popright: temp/param/right.upkmyhd5
details: YES
## qpWave version: 410
packed geno read OK
end of inpack

left pops:
Tamang
Naga
Lubrak
Southeast_China

right pops:
Mbuti
Anatolia_N
Ami
Mixe
Ganj_Dareh_N
Onge
Villabruna
DevilsGate

  0               Tamang    7
  1                 Naga    6
  2               Lubrak    2
  3      Southeast_China   97
  4                Mbuti   10
  5           Anatolia_N   25
  6                  Ami   10
  7                 Mixe   10
  8         Ganj_Dareh_N    7
  9                 Onge   12
 10           Villabruna    1
 11           DevilsGate    4
jackknife block size:     0.050
snps: 498990  indivs: 191
number of blocks for block jackknife: 710
dof (jackknife):   583.140
numsnps used: 305318
f4info: 
f4rank: 0 dof:     21 chisq:  2437.786 tail:                    0 dofdiff:      0 chisqdiff:     0.000 taildiff:                    1

f4info: 
f4rank: 1 dof:     12 chisq:   274.563 tail:       1.00981351e-51 dofdiff:      9 chisqdiff:  2163.223 taildiff:                    0
B:
          scale     1.000 
     Anatolia_N    -0.147 
            Ami     2.336 
           Mixe     0.645 
   Ganj_Dareh_N    -0.175 
           Onge     0.416 
     Villabruna    -0.193 
     DevilsGate     0.929 
A:
          scale   593.622 
           Naga     0.752 
         Lubrak     0.509 
Southeast_China     1.475 

f4info: 
f4rank: 2 dof:      5 chisq:     7.277 tail:          0.200823575 dofdiff:      7 chisqdiff:   267.286 taildiff:       5.76811646e-54
B:
          scale     1.000     1.000 
     Anatolia_N    -0.247    -0.096 
            Ami     1.961    -1.665 
           Mixe     0.906     0.954 
   Ganj_Dareh_N    -0.307    -0.253 
           Onge     0.391     0.026 
     Villabruna    -0.190     0.335 
     DevilsGate     1.411     1.769 
A:
          scale   501.927  2254.807 
           Naga     0.939     0.758 
         Lubrak     0.699     0.983 
Southeast_China     1.277    -1.208 

f4info: 
f4rank: 3 dof:      0 chisq:     0.000 tail:                    1 dofdiff:      5 chisqdiff:     7.277 taildiff:          0.200823575
B:
          scale     1.000     1.000     1.000 
     Anatolia_N    -0.234     0.018     0.799 
            Ami     1.975    -1.611     0.636 
           Mixe     0.874     0.720    -1.445 
   Ganj_Dareh_N    -0.284    -0.098     1.004 
           Onge     0.379    -0.082    -0.504 
     Villabruna    -0.158     0.620     1.484 
     DevilsGate     1.425     1.866     0.636 
A:
          scale   499.601  2148.737  8778.686 
           Naga     0.933     0.680    -1.291 
         Lubrak     0.716     1.122     1.108 
Southeast_China     1.271    -1.131     0.324 

## end of run
