/home/cliu7/utils/AdmixTools/bin/qpAdm: parameter file: temp/param/qpAdm_Tamang.Upper_YR_LN.Lubrak.Mala.parsjsb3zlc
### THE INPUT PARAMETERS
##PARAMETER NAME: VALUE
DIR: data/intermediate
S1: HO_all_merged.qpAdm
indivname: data/intermediate/HO_all_merged.qpAdm.grouped.ind
snpname: data/intermediate/HO_all_merged.qpAdm.snp
genotypename: data/intermediate/HO_all_merged.qpAdm.geno
popleft: temp/param/left.sjsb3zlc
popright: temp/param/right.sjsb3zlc
details: YES
## qpAdm version: 810
seed: 717036497
packed geno read OK
end of inpack

left pops:
Tamang
Upper_YR_LN
Lubrak
Mala

right pops:
Mbuti
Anatolia_N
Ami
Mixe
Ganj_Dareh_N
Onge
Villabruna
DevilsGate

  0               Tamang    7
  1          Upper_YR_LN    7
  2               Lubrak    2
  3                 Mala   11
  4                Mbuti   10
  5           Anatolia_N   25
  6                  Ami   10
  7                 Mixe   10
  8         Ganj_Dareh_N    7
  9                 Onge   12
 10           Villabruna    1
 11           DevilsGate    4
jackknife block size:     0.050
snps: 498990  indivs: 106
number of blocks for block jackknife: 710
## ncols: 498990
coverage:               Tamang 498036
coverage:          Upper_YR_LN 496840
coverage:               Lubrak 327444
coverage:                 Mala 498990
coverage:                Mbuti 498990
coverage:           Anatolia_N 498137
coverage:                  Ami 498990
coverage:                 Mixe 498990
coverage:         Ganj_Dareh_N 457128
coverage:                 Onge 498990
coverage:           Villabruna 415230
coverage:           DevilsGate 498716
dof (jackknife):   583.027
numsnps used: 304590
codimension 1
f4info: 
f4rank: 2 dof:      5 chisq:     3.977 tail:          0.552660829 dofdiff:      7 chisqdiff:    -3.977 taildiff:                    1
B:
          scale     1.000     1.000 
     Anatolia_N    -0.290     0.706 
            Ami     1.558    -1.360 
           Mixe     1.063    -0.456 
   Ganj_Dareh_N    -0.418     1.931 
           Onge     0.368    -0.293 
     Villabruna    -0.109     0.286 
     DevilsGate     1.743     0.738 
A:
          scale   280.801  3804.354 
    Upper_YR_LN     0.673     1.234 
         Lubrak     0.443     0.969 
           Mala    -1.533     0.734 


full rank
f4info: 
f4rank: 3 dof:      0 chisq:     0.000 tail:                    1 dofdiff:      5 chisqdiff:     3.977 taildiff:          0.552660829
B:
          scale     1.000     1.000     1.000 
     Anatolia_N    -0.289     0.529     0.652 
            Ami     1.558    -1.408    -1.294 
           Mixe     1.063    -0.611    -0.244 
   Ganj_Dareh_N    -0.415     1.436     2.163 
           Onge     0.367    -0.487    -0.031 
     Villabruna    -0.108     0.613    -0.403 
     DevilsGate     1.744     1.300    -0.012 
A:
          scale   282.453  4306.627  5823.807 
    Upper_YR_LN     0.682     0.513     1.283 
         Lubrak     0.409     1.586    -1.001 
           Mala    -1.539     0.471     0.592 


best coefficients:    -3.853     5.077    -0.224 
Jackknife mean:     27.362929448   -29.534616949     3.171687500 
      std. errors:    11.766    13.043     1.281 

error covariance (* 1000000)
 138432331 -153462352   15030021 
-153462352  170132325  -16669973 
  15030021  -16669973    1639952 


summ: Tamang    3      0.552661    27.363   -29.535     3.172 138432331 -153462352 15030021 170132325 -16669973 1639952 

    fixed pat  wt  dof     chisq       tail prob
          000  0     5     3.977        0.552661    -3.853     5.077    -0.224  infeasible
          001  1     6    25.075     0.000330675    -1.814     2.814     0.000  infeasible
          010  1     6    22.249      0.00109149     0.727    -0.000     0.273 
          100  1     6    10.269        0.113771     0.000     0.806     0.194 
          011  2     7   497.468               0     1.000     0.000    -0.000 
          101  2     7   122.296     2.54638e-23     0.000     1.000    -0.000 
          110  2     7  3281.201               0     0.000    -0.000     1.000 
best pat:          000         0.552661              -  -
best pat:          100         0.113771  chi(nested):     6.292 p-value for nested model:       0.0121318
best pat:          101      2.54638e-23  chi(nested):   112.027 p-value for nested model:     3.52442e-26

coeffs:    -3.853     5.077    -0.224 

## dscore:: f_4(Base, Fit, Rbase, right2)
## genstat:: f_4(Base, Fit, right1, right2)

details:     Upper_YR_LN      Anatolia_N    -0.000383   -2.040199
details:          Lubrak      Anatolia_N    -0.000225   -0.839920
details:            Mala      Anatolia_N     0.001789    9.313710
dscore:      Anatolia_N f4:    -0.000067 Z:    -0.047468

details:     Upper_YR_LN             Ami     0.003419   15.365044
details:          Lubrak             Ami     0.002069    6.594723
details:            Mala             Ami    -0.008716  -39.249992
dscore:             Ami f4:    -0.000717 Z:    -0.453679

details:     Upper_YR_LN            Mixe     0.002510   10.589285
details:          Lubrak            Mixe     0.001441    4.363771
details:            Mala            Mixe    -0.005864  -24.428566
dscore:            Mixe f4:    -0.001037 Z:    -0.610550

details:     Upper_YR_LN    Ganj_Dareh_N    -0.000230   -0.994436
details:          Lubrak    Ganj_Dareh_N    -0.000340   -1.035981
details:            Mala    Ganj_Dareh_N     0.002709   12.255979
dscore:    Ganj_Dareh_N f4:    -0.001447 Z:    -0.840080

details:     Upper_YR_LN            Onge     0.000883    3.993328
details:          Lubrak            Onge     0.000410    1.309284
details:            Mala            Onge    -0.002045   -9.829998
dscore:            Onge f4:    -0.000860 Z:    -0.521211

details:     Upper_YR_LN      Villabruna    -0.000103   -0.340681
details:          Lubrak      Villabruna     0.000290    0.687871
details:            Mala      Villabruna     0.000721    2.438591
dscore:      Villabruna f4:     0.001705 Z:     0.775432

details:     Upper_YR_LN      DevilsGate     0.004436   15.979883
details:          Lubrak      DevilsGate     0.003082    8.138772
details:            Mala      DevilsGate    -0.009337  -36.812688
dscore:      DevilsGate f4:     0.000646 Z:     0.328597

gendstat:                Mbuti           Anatolia_N    -0.047
gendstat:                Mbuti                  Ami    -0.454
gendstat:                Mbuti                 Mixe    -0.611
gendstat:                Mbuti         Ganj_Dareh_N    -0.840
gendstat:                Mbuti                 Onge    -0.521
gendstat:                Mbuti           Villabruna     0.775
gendstat:                Mbuti           DevilsGate     0.329
gendstat:           Anatolia_N                  Ami    -0.486
gendstat:           Anatolia_N                 Mixe    -0.647
gendstat:           Anatolia_N         Ganj_Dareh_N    -0.960
gendstat:           Anatolia_N                 Onge    -0.548
gendstat:           Anatolia_N           Villabruna     0.949
gendstat:           Anatolia_N           DevilsGate     0.393
gendstat:                  Ami                 Mixe    -0.239
gendstat:                  Ami         Ganj_Dareh_N    -0.435
gendstat:                  Ami                 Onge    -0.099
gendstat:                  Ami           Villabruna     1.131
gendstat:                  Ami           DevilsGate     0.813
gendstat:                 Mixe         Ganj_Dareh_N    -0.220
gendstat:                 Mixe                 Onge     0.107
gendstat:                 Mixe           Villabruna     1.253
gendstat:                 Mixe           DevilsGate     0.939
gendstat:         Ganj_Dareh_N                 Onge     0.320
gendstat:         Ganj_Dareh_N           Villabruna     1.424
gendstat:         Ganj_Dareh_N           DevilsGate     1.001
gendstat:                 Onge           Villabruna     1.189
gendstat:                 Onge           DevilsGate     0.757
gendstat:           Villabruna           DevilsGate    -0.437

## end of run
