/home/cliu7/utils/AdmixTools/bin/qpAdm: parameter file: temp/param/qpAdm_Tamang.Naxi.Sherpa.LC.Mala.par1o6ogzx4
### THE INPUT PARAMETERS
##PARAMETER NAME: VALUE
DIR: data/intermediate
S1: HO_all_merged.qpAdm
indivname: data/intermediate/HO_all_merged.qpAdm.grouped.ind
snpname: data/intermediate/HO_all_merged.qpAdm.snp
genotypename: data/intermediate/HO_all_merged.qpAdm.geno
popleft: temp/param/left.1o6ogzx4
popright: temp/param/right.1o6ogzx4
details: YES
## qpAdm version: 810
seed: -431482046
packed geno read OK
end of inpack

left pops:
Tamang
Naxi
Sherpa.LC
Mala

right pops:
Mbuti
Anatolia_N
Ami
Mixe
Ganj_Dareh_N
Onge
Villabruna
DevilsGate

  0               Tamang    7
  1                 Naxi    9
  2            Sherpa.LC    9
  3                 Mala   11
  4                Mbuti   10
  5           Anatolia_N   25
  6                  Ami   10
  7                 Mixe   10
  8         Ganj_Dareh_N    7
  9                 Onge   12
 10           Villabruna    1
 11           DevilsGate    4
jackknife block size:     0.050
snps: 498990  indivs: 115
number of blocks for block jackknife: 710
## ncols: 498990
coverage:               Tamang 498036
coverage:                 Naxi 498990
coverage:            Sherpa.LC 498990
coverage:                 Mala 498990
coverage:                Mbuti 498990
coverage:           Anatolia_N 498137
coverage:                  Ami 498990
coverage:                 Mixe 498990
coverage:         Ganj_Dareh_N 457128
coverage:                 Onge 498990
coverage:           Villabruna 415230
coverage:           DevilsGate 498716
dof (jackknife):   583.340
numsnps used: 417506
codimension 1
f4info: 
f4rank: 2 dof:      5 chisq:     4.052 tail:          0.541913282 dofdiff:      7 chisqdiff:    -4.052 taildiff:                    1
B:
          scale     1.000     1.000 
     Anatolia_N    -0.293     0.158 
            Ami     1.612     2.159 
           Mixe     1.062    -0.541 
   Ganj_Dareh_N    -0.437     0.513 
           Onge     0.388     0.340 
     Villabruna    -0.136    -0.461 
     DevilsGate     1.682    -1.196 
A:
          scale   282.759  5989.479 
           Naxi     0.548     1.301 
      Sherpa.LC     0.365    -1.034 
           Mala    -1.602     0.490 


full rank
f4info: 
f4rank: 3 dof:      0 chisq:     0.000 tail:                    1 dofdiff:      5 chisqdiff:     4.052 taildiff:          0.541913282
B:
          scale     1.000     1.000     1.000 
     Anatolia_N    -0.295     0.299    -0.301 
            Ami     1.623     1.958     2.164 
           Mixe     1.054    -0.702    -0.382 
   Ganj_Dareh_N    -0.433     0.746    -0.617 
           Onge     0.385     0.236     0.693 
     Villabruna    -0.143    -0.418    -0.077 
     DevilsGate     1.676    -1.340    -1.102 
A:
          scale   285.632  4489.336  6134.000 
           Naxi     0.577     1.311    -0.629 
      Sherpa.LC     0.386     0.000    -1.266 
           Mala    -1.587     1.132    -1.001 


best coefficients:     0.303     0.483     0.214 
Jackknife mean:      0.306441183     0.479231037     0.214327781 
      std. errors:     0.083     0.093     0.013 

error covariance (* 1000000)
      6860      -7630        770 
     -7630       8578       -948 
       770       -948        178 


summ: Tamang    3      0.541913     0.306     0.479     0.214  6860 -7630   770  8578  -948   178 

    fixed pat  wt  dof     chisq       tail prob
          000  0     5     4.052        0.541913     0.303     0.483     0.214 
          001  1     6    75.996     2.39308e-14    -1.508     2.508     0.000  infeasible
          010  1     6    30.440      3.2409e-05     0.736    -0.000     0.264 
          100  1     6    13.842       0.0314526     0.000     0.822     0.178 
          011  2     7   752.772               0     1.000    -0.000    -0.000 
          101  2     7   226.661               0     0.000     1.000    -0.000 
          110  2     7  3466.007               0     0.000    -0.000     1.000 
best pat:          000         0.541913              -  -
best pat:          100        0.0314526  chi(nested):     9.790 p-value for nested model:      0.00175497
best pat:          101      2.54194e-45  chi(nested):   212.819 p-value for nested model:     3.33373e-48

coeffs:     0.303     0.483     0.214 

## dscore:: f_4(Base, Fit, Rbase, right2)
## genstat:: f_4(Base, Fit, right1, right2)

details:            Naxi      Anatolia_N    -0.000478   -3.294254
details:       Sherpa.LC      Anatolia_N    -0.000380   -2.434095
details:            Mala      Anatolia_N     0.001759    9.452831
dscore:      Anatolia_N f4:     0.000048 Z:     0.393556

details:            Naxi             Ami     0.003632   21.685413
details:       Sherpa.LC             Ami     0.001714    9.239397
details:            Mala             Ami    -0.008921  -40.455644
dscore:             Ami f4:     0.000021 Z:     0.147903

details:            Naxi            Mixe     0.001973   11.222495
details:       Sherpa.LC            Mixe     0.001456    7.460480
details:            Mala            Mixe    -0.006021  -25.980037
dscore:            Mixe f4:     0.000014 Z:     0.092572

details:            Naxi    Ganj_Dareh_N    -0.000582   -3.589849
details:       Sherpa.LC    Ganj_Dareh_N    -0.000498   -2.777646
details:            Mala    Ganj_Dareh_N     0.002685   12.734197
dscore:    Ganj_Dareh_N f4:     0.000157 Z:     1.157708

details:            Naxi            Onge     0.000793    4.676133
details:       Sherpa.LC            Onge     0.000296    1.587990
details:            Mala            Onge    -0.002215  -10.768235
dscore:            Onge f4:    -0.000090 Z:    -0.641327

details:            Naxi      Villabruna    -0.000431   -2.015151
details:       Sherpa.LC      Villabruna    -0.000202   -0.823757
details:            Mala      Villabruna     0.000707    2.467570
dscore:      Villabruna f4:    -0.000077 Z:    -0.411752

details:            Naxi      DevilsGate     0.003106   16.108275
details:       Sherpa.LC      DevilsGate     0.002469   11.396919
details:            Mala      DevilsGate    -0.009531  -38.687436
dscore:      DevilsGate f4:     0.000096 Z:     0.576872

gendstat:                Mbuti           Anatolia_N     0.394
gendstat:                Mbuti                  Ami     0.148
gendstat:                Mbuti                 Mixe     0.093
gendstat:                Mbuti         Ganj_Dareh_N     1.158
gendstat:                Mbuti                 Onge    -0.641
gendstat:                Mbuti           Villabruna    -0.412
gendstat:                Mbuti           DevilsGate     0.577
gendstat:           Anatolia_N                  Ami    -0.181
gendstat:           Anatolia_N                 Mixe    -0.224
gendstat:           Anatolia_N         Ganj_Dareh_N     0.916
gendstat:           Anatolia_N                 Onge    -1.036
gendstat:           Anatolia_N           Villabruna    -0.778
gendstat:           Anatolia_N           DevilsGate     0.289
gendstat:                  Ami                 Mixe    -0.057
gendstat:                  Ami         Ganj_Dareh_N     0.840
gendstat:                  Ami                 Onge    -0.842
gendstat:                  Ami           Villabruna    -0.505
gendstat:                  Ami           DevilsGate     0.578
gendstat:                 Mixe         Ganj_Dareh_N     0.862
gendstat:                 Mixe                 Onge    -0.712
gendstat:                 Mixe           Villabruna    -0.462
gendstat:                 Mixe           DevilsGate     0.547
gendstat:         Ganj_Dareh_N                 Onge    -1.582
gendstat:         Ganj_Dareh_N           Villabruna    -1.259
gendstat:         Ganj_Dareh_N           DevilsGate    -0.334
gendstat:                 Onge           Villabruna     0.069
gendstat:                 Onge           DevilsGate     1.136
gendstat:           Villabruna           DevilsGate     0.794

## end of run
