/home/cliu7/utils/AdmixTools/bin/qpWave: parameter file: temp/param/qpAdm_Tamang.Naxi.Lubrak.Mala.parbj_adamk
### THE INPUT PARAMETERS
##PARAMETER NAME: VALUE
DIR: data/intermediate
S1: HO_all_merged.qpAdm
indivname: data/intermediate/HO_all_merged.qpAdm.grouped.ind
snpname: data/intermediate/HO_all_merged.qpAdm.snp
genotypename: data/intermediate/HO_all_merged.qpAdm.geno
popleft: temp/param/left.bj_adamk
popright: temp/param/right.bj_adamk
details: YES
## qpWave version: 410
packed geno read OK
end of inpack

left pops:
Tamang
Naxi
Lubrak
Mala

right pops:
Mbuti
Anatolia_N
Ami
Mixe
Ganj_Dareh_N
Onge
Villabruna
DevilsGate

  0               Tamang    7
  1                 Naxi    9
  2               Lubrak    2
  3                 Mala   11
  4                Mbuti   10
  5           Anatolia_N   25
  6                  Ami   10
  7                 Mixe   10
  8         Ganj_Dareh_N    7
  9                 Onge   12
 10           Villabruna    1
 11           DevilsGate    4
jackknife block size:     0.050
snps: 498990  indivs: 108
number of blocks for block jackknife: 710
dof (jackknife):   583.084
numsnps used: 305264
f4info: 
f4rank: 0 dof:     21 chisq:  5459.928 tail:                    0 dofdiff:      0 chisqdiff:     0.000 taildiff:                    1

f4info: 
f4rank: 1 dof:     12 chisq:    51.294 tail:       8.26438231e-07 dofdiff:      9 chisqdiff:  5408.634 taildiff:                    0
B:
          scale     1.000 
     Anatolia_N    -0.288 
            Ami     1.631 
           Mixe     1.056 
   Ganj_Dareh_N    -0.431 
           Onge     0.391 
     Villabruna    -0.123 
     DevilsGate     1.670 
A:
          scale   285.881 
           Naxi     0.570 
         Lubrak     0.373 
           Mala    -1.593 

f4info: 
f4rank: 2 dof:      5 chisq:     5.273 tail:          0.383487031 dofdiff:      7 chisqdiff:    46.021 taildiff:       8.65841112e-08
B:
          scale     1.000     1.000 
     Anatolia_N    -0.300     0.196 
            Ami     1.596     1.781 
           Mixe     1.056    -0.056 
   Ganj_Dareh_N    -0.457     0.593 
           Onge     0.374     0.391 
     Villabruna    -0.117    -1.052 
     DevilsGate     1.698    -1.474 
A:
          scale   286.580  5198.739 
           Naxi     0.557     1.285 
         Lubrak     0.402    -1.151 
           Mala    -1.590     0.158 

f4info: 
f4rank: 3 dof:      0 chisq:     0.000 tail:                    1 dofdiff:      5 chisqdiff:     5.273 taildiff:          0.383487031
B:
          scale     1.000     1.000     1.000 
     Anatolia_N    -0.303     0.405     1.080 
            Ami     1.596    -1.265     1.288 
           Mixe     1.052    -0.207    -0.633 
   Ganj_Dareh_N    -0.456     0.559     1.925 
           Onge     0.372    -0.391     0.137 
     Villabruna    -0.118     1.336     0.190 
     DevilsGate     1.701     1.715    -0.126 
A:
          scale   286.011  4690.388  7328.639 
           Naxi     0.569    -0.736     1.461 
         Lubrak     0.427     1.560     0.620 
           Mala    -1.579     0.156     0.694 

## end of run
