/home/cliu7/utils/AdmixTools/bin/qpWave: parameter file: temp/param/qpAdm_Tamang.Yi.Lubrak.Southeast_China.partg4nhg_9
### THE INPUT PARAMETERS
##PARAMETER NAME: VALUE
DIR: data/intermediate
S1: HO_all_merged.qpAdm
indivname: data/intermediate/HO_all_merged.qpAdm.grouped.ind
snpname: data/intermediate/HO_all_merged.qpAdm.snp
genotypename: data/intermediate/HO_all_merged.qpAdm.geno
popleft: temp/param/left.tg4nhg_9
popright: temp/param/right.tg4nhg_9
details: YES
## qpWave version: 410
packed geno read OK
end of inpack

left pops:
Tamang
Yi
Lubrak
Southeast_China

right pops:
Mbuti
Anatolia_N
Ami
Mixe
Ganj_Dareh_N
Onge
Villabruna
DevilsGate

  0               Tamang    7
  1                   Yi    8
  2               Lubrak    2
  3      Southeast_China   97
  4                Mbuti   10
  5           Anatolia_N   25
  6                  Ami   10
  7                 Mixe   10
  8         Ganj_Dareh_N    7
  9                 Onge   12
 10           Villabruna    1
 11           DevilsGate    4
jackknife block size:     0.050
snps: 498990  indivs: 193
number of blocks for block jackknife: 710
dof (jackknife):   583.150
numsnps used: 305325
f4info: 
f4rank: 0 dof:     21 chisq:  2365.250 tail:                    0 dofdiff:      0 chisqdiff:     0.000 taildiff:                    1

f4info: 
f4rank: 1 dof:     12 chisq:   213.905 tail:       4.34941302e-39 dofdiff:      9 chisqdiff:  2151.345 taildiff:                    0
B:
          scale     1.000 
     Anatolia_N    -0.233 
            Ami     2.331 
           Mixe     0.606 
   Ganj_Dareh_N    -0.298 
           Onge     0.405 
     Villabruna    -0.315 
     DevilsGate     0.890 
A:
          scale   591.960 
             Yi     0.896 
         Lubrak     0.400 
Southeast_China     1.427 

f4info: 
f4rank: 2 dof:      5 chisq:    12.460 tail:         0.0290055062 dofdiff:      7 chisqdiff:   201.446 taildiff:       5.67118311e-40
B:
          scale     1.000     1.000 
     Anatolia_N    -0.247    -0.050 
            Ami     2.014    -1.635 
           Mixe     0.884     1.057 
   Ganj_Dareh_N    -0.284    -0.137 
           Onge     0.367    -0.072 
     Villabruna    -0.309    -0.180 
     DevilsGate     1.338     1.775 
A:
          scale   492.011  2656.631 
             Yi     0.993     0.386 
         Lubrak     0.665     1.200 
Southeast_China     1.253    -1.188 

f4info: 
f4rank: 3 dof:      0 chisq:     0.000 tail:                    1 dofdiff:      5 chisqdiff:    12.460 taildiff:         0.0290055062
B:
          scale     1.000     1.000     1.000 
     Anatolia_N    -0.221     0.092     0.346 
            Ami     2.039    -1.471     0.743 
           Mixe     0.842     0.633    -1.270 
   Ganj_Dareh_N    -0.261    -0.001     0.413 
           Onge     0.371    -0.122    -0.154 
     Villabruna    -0.223     0.688     2.117 
     DevilsGate     1.352     1.985     0.197 
A:
          scale   486.418  2375.481  8255.244 
             Yi     0.987     0.261    -1.399 
         Lubrak     0.685     1.405     0.745 
Southeast_China     1.248    -0.978     0.698 

## end of run
