/home/cliu7/utils/AdmixTools/bin/qpWave: parameter file: temp/param/qpAdm_Tamang.Upper_YR_LN.Kyang.Han.par7vwah_uk
### THE INPUT PARAMETERS
##PARAMETER NAME: VALUE
DIR: data/intermediate
S1: HO_all_merged.qpAdm
indivname: data/intermediate/HO_all_merged.qpAdm.grouped.ind
snpname: data/intermediate/HO_all_merged.qpAdm.snp
genotypename: data/intermediate/HO_all_merged.qpAdm.geno
popleft: temp/param/left.7vwah_uk
popright: temp/param/right.7vwah_uk
details: YES
## qpWave version: 410
packed geno read OK
end of inpack

left pops:
Tamang
Upper_YR_LN
Kyang
Han

right pops:
Mbuti
Anatolia_N
Ami
Mixe
Ganj_Dareh_N
Onge
Villabruna
DevilsGate

  0               Tamang    7
  1          Upper_YR_LN    7
  2                Kyang    7
  3                  Han   33
  4                Mbuti   10
  5           Anatolia_N   25
  6                  Ami   10
  7                 Mixe   10
  8         Ganj_Dareh_N    7
  9                 Onge   12
 10           Villabruna    1
 11           DevilsGate    4
jackknife block size:     0.050
snps: 498990  indivs: 133
number of blocks for block jackknife: 710
dof (jackknife):   583.373
numsnps used: 417936
f4info: 
f4rank: 0 dof:     21 chisq:  2263.358 tail:                    0 dofdiff:      0 chisqdiff:     0.000 taildiff:                    1

f4info: 
f4rank: 1 dof:     12 chisq:   226.886 tail:       8.84154756e-42 dofdiff:      9 chisqdiff:  2036.472 taildiff:                    0
B:
          scale     1.000 
     Anatolia_N    -0.154 
            Ami     2.110 
           Mixe     0.863 
   Ganj_Dareh_N    -0.160 
           Onge     0.321 
     Villabruna    -0.184 
     DevilsGate     1.272 
A:
          scale   553.272 
    Upper_YR_LN     0.891 
          Kyang     0.402 
            Han     1.430 

f4info: 
f4rank: 2 dof:      5 chisq:    13.697 tail:         0.0176536035 dofdiff:      7 chisqdiff:   213.189 taildiff:       1.83928228e-42
B:
          scale     1.000     1.000 
     Anatolia_N    -0.204    -0.146 
            Ami     1.781    -1.936 
           Mixe     0.979     0.522 
   Ganj_Dareh_N    -0.204    -0.206 
           Onge     0.332    -0.030 
     Villabruna    -0.157     0.288 
     DevilsGate     1.628     1.683 
A:
          scale   473.739  2947.402 
    Upper_YR_LN     1.052     0.989 
          Kyang     0.537     0.819 
            Han     1.267    -1.162 

f4info: 
f4rank: 3 dof:      0 chisq:     0.000 tail:                    1 dofdiff:      5 chisqdiff:    13.697 taildiff:         0.0176536035
B:
          scale     1.000     1.000     1.000 
     Anatolia_N    -0.199    -0.160     0.591 
            Ami     1.783    -1.897    -0.108 
           Mixe     0.977     0.582     0.576 
   Ganj_Dareh_N    -0.217    -0.238     2.485 
           Onge     0.333     0.014     0.337 
     Villabruna    -0.152     0.282    -0.096 
     DevilsGate     1.626     1.703     0.098 
A:
          scale   478.116  2943.793  7669.939 
    Upper_YR_LN     1.074     0.991     0.929 
          Kyang     0.492     0.820    -1.444 
            Han     1.266    -1.160    -0.227 

## end of run
