/home/cliu7/utils/AdmixTools/bin/qpWave: parameter file: temp/param/qpAdm_Tamang.YR_MN.Kyang.Mala.parp2il2lls
### THE INPUT PARAMETERS
##PARAMETER NAME: VALUE
DIR: data/intermediate
S1: HO_all_merged.qpAdm
indivname: data/intermediate/HO_all_merged.qpAdm.grouped.ind
snpname: data/intermediate/HO_all_merged.qpAdm.snp
genotypename: data/intermediate/HO_all_merged.qpAdm.geno
popleft: temp/param/left.p2il2lls
popright: temp/param/right.p2il2lls
details: YES
## qpWave version: 410
packed geno read OK
end of inpack

left pops:
Tamang
YR_MN
Kyang
Mala

right pops:
Mbuti
Anatolia_N
Ami
Mixe
Ganj_Dareh_N
Onge
Villabruna
DevilsGate

  0               Tamang    7
  1                YR_MN    8
  2                Kyang    7
  3                 Mala   11
  4                Mbuti   10
  5           Anatolia_N   25
  6                  Ami   10
  7                 Mixe   10
  8         Ganj_Dareh_N    7
  9                 Onge   12
 10           Villabruna    1
 11           DevilsGate    4
jackknife block size:     0.050
snps: 498990  indivs: 112
number of blocks for block jackknife: 710
dof (jackknife):   583.331
numsnps used: 416762
f4info: 
f4rank: 0 dof:     21 chisq:  4852.935 tail:                    0 dofdiff:      0 chisqdiff:     0.000 taildiff:                    1

f4info: 
f4rank: 1 dof:     12 chisq:    53.936 tail:       2.80596057e-07 dofdiff:      9 chisqdiff:  4798.999 taildiff:                    0
B:
          scale     1.000 
     Anatolia_N    -0.308 
            Ami     1.584 
           Mixe     1.066 
   Ganj_Dareh_N    -0.459 
           Onge     0.368 
     Villabruna    -0.120 
     DevilsGate     1.702 
A:
          scale   285.568 
          YR_MN     0.586 
          Kyang     0.313 
           Mala    -1.600 

f4info: 
f4rank: 2 dof:      5 chisq:     4.293 tail:          0.508080536 dofdiff:      7 chisqdiff:    49.643 taildiff:       1.69745922e-08
B:
          scale     1.000     1.000 
     Anatolia_N    -0.310     0.054 
            Ami     1.595     1.721 
           Mixe     1.055    -0.195 
   Ganj_Dareh_N    -0.459     1.516 
           Onge     0.368    -0.479 
     Villabruna    -0.124    -0.237 
     DevilsGate     1.698    -1.188 
A:
          scale   286.229  5767.834 
          YR_MN     0.565     1.286 
          Kyang     0.310    -1.136 
           Mala    -1.607     0.232 

f4info: 
f4rank: 3 dof:      0 chisq:     0.000 tail:                    1 dofdiff:      5 chisqdiff:     4.293 taildiff:          0.508080536
B:
          scale     1.000     1.000     1.000 
     Anatolia_N    -0.312     0.130     0.036 
            Ami     1.595     1.788     0.283 
           Mixe     1.056    -0.291     1.013 
   Ganj_Dareh_N    -0.462     1.566    -0.212 
           Onge     0.371    -0.638     1.886 
     Villabruna    -0.120    -0.066    -0.576 
     DevilsGate     1.697    -0.915    -1.400 
A:
          scale   285.984  5755.871 11128.017 
          YR_MN     0.561     1.336    -0.949 
          Kyang     0.306    -1.071    -1.327 
           Mala    -1.610     0.262    -0.583 

## end of run
