/home/cliu7/utils/AdmixTools/bin/qpAdm: parameter file: temp/param/qpAdm_Tamang.Upper_YR_LN.Lubrak.Pathan.par5mht5adr
### THE INPUT PARAMETERS
##PARAMETER NAME: VALUE
DIR: data/intermediate
S1: HO_all_merged.qpAdm
indivname: data/intermediate/HO_all_merged.qpAdm.grouped.ind
snpname: data/intermediate/HO_all_merged.qpAdm.snp
genotypename: data/intermediate/HO_all_merged.qpAdm.geno
popleft: temp/param/left.5mht5adr
popright: temp/param/right.5mht5adr
details: YES
## qpAdm version: 810
seed: -478081886
packed geno read OK
end of inpack

left pops:
Tamang
Upper_YR_LN
Lubrak
Pathan

right pops:
Mbuti
Anatolia_N
Ami
Mixe
Ganj_Dareh_N
Onge
Villabruna
DevilsGate

  0               Tamang    7
  1          Upper_YR_LN    7
  2               Lubrak    2
  3               Pathan   18
  4                Mbuti   10
  5           Anatolia_N   25
  6                  Ami   10
  7                 Mixe   10
  8         Ganj_Dareh_N    7
  9                 Onge   12
 10           Villabruna    1
 11           DevilsGate    4
jackknife block size:     0.050
snps: 498990  indivs: 113
number of blocks for block jackknife: 710
## ncols: 498990
coverage:               Tamang 498036
coverage:          Upper_YR_LN 496840
coverage:               Lubrak 327444
coverage:               Pathan 498990
coverage:                Mbuti 498990
coverage:           Anatolia_N 498137
coverage:                  Ami 498990
coverage:                 Mixe 498990
coverage:         Ganj_Dareh_N 457128
coverage:                 Onge 498990
coverage:           Villabruna 415230
coverage:           DevilsGate 498716
dof (jackknife):   582.996
numsnps used: 303636
codimension 1
f4info: 
f4rank: 2 dof:      5 chisq:     3.665 tail:          0.598574415 dofdiff:      7 chisqdiff:    -3.665 taildiff:                    1
B:
          scale     1.000     1.000 
     Anatolia_N    -0.650     1.389 
            Ami     1.486    -0.733 
           Mixe     0.872     0.054 
   Ganj_Dareh_N    -0.655     1.506 
           Onge     0.637    -1.006 
     Villabruna    -0.464     1.111 
     DevilsGate     1.600     0.133 
A:
          scale   219.181  1350.932 
    Upper_YR_LN     0.590     1.258 
         Lubrak     0.394     0.940 
         Pathan    -1.580     0.730 


full rank
f4info: 
f4rank: 3 dof:      0 chisq:     0.000 tail:                    1 dofdiff:      5 chisqdiff:     3.665 taildiff:          0.598574415
B:
          scale     1.000     1.000     1.000 
     Anatolia_N    -0.637     1.382     1.335 
            Ami     1.488    -0.775    -0.792 
           Mixe     0.877    -0.005     0.590 
   Ganj_Dareh_N    -0.641     1.495     1.632 
           Onge     0.629    -1.002    -0.654 
     Villabruna    -0.454     1.116    -0.496 
     DevilsGate     1.612     0.070    -0.952 
A:
          scale   221.479  1260.612  7514.463 
    Upper_YR_LN     0.604     1.121     0.353 
         Lubrak     0.380     1.041    -1.696 
         Pathan    -1.578     0.812     0.015 


best coefficients:    -3.017     4.116    -0.099 
Jackknife mean:     -0.352555170     1.246401853     0.106153317 
      std. errors:     3.060     3.294     0.239 

error covariance (* 1000000)
   9361787  -10076470     714684 
 -10076470   10848329    -771858 
    714684    -771858      57175 


summ: Tamang    3      0.598574    -0.353     1.246     0.106 9361787 -10076470 714684 10848329 -771858 57175 

    fixed pat  wt  dof     chisq       tail prob
          000  0     5     3.665        0.598574    -3.017     4.116    -0.099  infeasible
          001  1     6    83.470     6.84797e-16    -1.519     2.519     0.000  infeasible
          010  1     6    76.551     1.83913e-14     0.810     0.000     0.190 
          100  1     6    27.852     0.000100189     0.000     0.874     0.126 
          011  2     7   497.397               0     1.000     0.000    -0.000 
          101  2     7   122.424     2.39546e-23     0.000     1.000    -0.000 
          110  2     7  5726.866               0     0.000    -0.000     1.000 
best pat:          000         0.598574              -  -
best pat:          100      0.000100189  chi(nested):    24.187 p-value for nested model:     8.74231e-07
best pat:          101      2.39546e-23  chi(nested):    94.572 p-value for nested model:     2.36394e-22

coeffs:    -3.017     4.116    -0.099 

## dscore:: f_4(Base, Fit, Rbase, right2)
## genstat:: f_4(Base, Fit, right1, right2)

details:     Upper_YR_LN      Anatolia_N    -0.000384   -2.040073
details:          Lubrak      Anatolia_N    -0.000226   -0.839633
details:          Pathan      Anatolia_N     0.005463   27.695194
dscore:      Anatolia_N f4:    -0.000308 Z:    -0.269823

details:     Upper_YR_LN             Ami     0.003430   15.360162
details:          Lubrak             Ami     0.002076    6.593870
details:          Pathan             Ami    -0.011089  -47.904711
dscore:             Ami f4:    -0.000714 Z:    -0.557798

details:     Upper_YR_LN            Mixe     0.002517   10.589398
details:          Lubrak            Mixe     0.001446    4.362586
details:          Pathan            Mixe    -0.006244  -24.418572
dscore:            Mixe f4:    -0.001029 Z:    -0.748529

details:     Upper_YR_LN    Ganj_Dareh_N    -0.000230   -0.994380
details:          Lubrak    Ganj_Dareh_N    -0.000341   -1.035893
details:          Pathan    Ganj_Dareh_N     0.005561   24.417312
dscore:    Ganj_Dareh_N f4:    -0.001256 Z:    -0.901791

details:     Upper_YR_LN            Onge     0.000885    3.993759
details:          Lubrak            Onge     0.000412    1.309399
details:          Pathan            Onge    -0.005116  -23.725245
dscore:            Onge f4:    -0.000473 Z:    -0.355105

details:     Upper_YR_LN      Villabruna    -0.000103   -0.340655
details:          Lubrak      Villabruna     0.000291    0.687788
details:          Pathan      Villabruna     0.004019   13.387486
dscore:      Villabruna f4:     0.001110 Z:     0.624707

details:     Upper_YR_LN      DevilsGate     0.004450   15.974313
details:          Lubrak      DevilsGate     0.003091    8.138016
details:          Pathan      DevilsGate    -0.011451  -43.417464
dscore:      DevilsGate f4:     0.000426 Z:     0.267700

gendstat:                Mbuti           Anatolia_N    -0.270
gendstat:                Mbuti                  Ami    -0.558
gendstat:                Mbuti                 Mixe    -0.749
gendstat:                Mbuti         Ganj_Dareh_N    -0.902
gendstat:                Mbuti                 Onge    -0.355
gendstat:                Mbuti           Villabruna     0.625
gendstat:                Mbuti           DevilsGate     0.268
gendstat:           Anatolia_N                  Ami    -0.375
gendstat:           Anatolia_N                 Mixe    -0.594
gendstat:           Anatolia_N         Ganj_Dareh_N    -0.815
gendstat:           Anatolia_N                 Onge    -0.141
gendstat:           Anatolia_N           Villabruna     0.939
gendstat:           Anatolia_N           DevilsGate     0.500
gendstat:                  Ami                 Mixe    -0.291
gendstat:                  Ami         Ganj_Dareh_N    -0.399
gendstat:                  Ami                 Onge     0.206
gendstat:                  Ami           Villabruna     1.054
gendstat:                  Ami           DevilsGate     0.841
gendstat:                 Mixe         Ganj_Dareh_N    -0.151
gendstat:                 Mixe                 Onge     0.415
gendstat:                 Mixe           Villabruna     1.209
gendstat:                 Mixe           DevilsGate     1.004
gendstat:         Ganj_Dareh_N                 Onge     0.528
gendstat:         Ganj_Dareh_N           Villabruna     1.320
gendstat:         Ganj_Dareh_N           DevilsGate     0.994
gendstat:                 Onge           Villabruna     0.908
gendstat:                 Onge           DevilsGate     0.560
gendstat:           Villabruna           DevilsGate    -0.350

## end of run
