/home/cliu7/utils/AdmixTools/bin/qpWave: parameter file: temp/param/qpAdm_Tamang.YR_MN.Samdzong.Southeast_China.parqphb1dtq
### THE INPUT PARAMETERS
##PARAMETER NAME: VALUE
DIR: data/intermediate
S1: HO_all_merged.qpAdm
indivname: data/intermediate/HO_all_merged.qpAdm.grouped.ind
snpname: data/intermediate/HO_all_merged.qpAdm.snp
genotypename: data/intermediate/HO_all_merged.qpAdm.geno
popleft: temp/param/left.qphb1dtq
popright: temp/param/right.qphb1dtq
details: YES
## qpWave version: 410
packed geno read OK
end of inpack

left pops:
Tamang
YR_MN
Samdzong
Southeast_China

right pops:
Mbuti
Anatolia_N
Ami
Mixe
Ganj_Dareh_N
Onge
Villabruna
DevilsGate

  0               Tamang    7
  1                YR_MN    8
  2             Samdzong    9
  3      Southeast_China   97
  4                Mbuti   10
  5           Anatolia_N   25
  6                  Ami   10
  7                 Mixe   10
  8         Ganj_Dareh_N    7
  9                 Onge   12
 10           Villabruna    1
 11           DevilsGate    4
jackknife block size:     0.050
snps: 498990  indivs: 200
number of blocks for block jackknife: 710
dof (jackknife):   583.480
numsnps used: 416265
f4info: 
f4rank: 0 dof:     21 chisq:  2602.080 tail:                    0 dofdiff:      0 chisqdiff:     0.000 taildiff:                    1

f4info: 
f4rank: 1 dof:     12 chisq:   198.819 tail:       5.71751575e-36 dofdiff:      9 chisqdiff:  2403.261 taildiff:                    0
B:
          scale     1.000 
     Anatolia_N    -0.213 
            Ami     2.372 
           Mixe     0.592 
   Ganj_Dareh_N    -0.186 
           Onge     0.416 
     Villabruna    -0.185 
     DevilsGate     0.859 
A:
          scale   623.401 
          YR_MN     0.846 
       Samdzong     0.298 
Southeast_China     1.482 

f4info: 
f4rank: 2 dof:      5 chisq:     8.611 tail:          0.125633479 dofdiff:      7 chisqdiff:   190.208 taildiff:       1.35596333e-37
B:
          scale     1.000     1.000 
     Anatolia_N    -0.255     0.225 
            Ami     2.059     1.581 
           Mixe     0.824    -0.766 
   Ganj_Dareh_N    -0.293     0.556 
           Onge     0.302     0.532 
     Villabruna    -0.226    -0.068 
     DevilsGate     1.338    -1.807 
A:
          scale   515.424  2737.441 
          YR_MN     0.997    -0.926 
       Samdzong     0.492    -1.009 
Southeast_China     1.328     1.060 

f4info: 
f4rank: 3 dof:      0 chisq:     0.000 tail:                    1 dofdiff:      5 chisqdiff:     8.611 taildiff:          0.125633479
B:
          scale     1.000     1.000     1.000 
     Anatolia_N    -0.254    -0.198    -0.252 
            Ami     2.064    -1.526     0.097 
           Mixe     0.828     0.794     0.403 
   Ganj_Dareh_N    -0.288    -0.504     1.967 
           Onge     0.305    -0.500    -0.078 
     Villabruna    -0.217     0.139     1.679 
     DevilsGate     1.330     1.865     0.267 
A:
          scale   514.386  2728.934 10409.629 
          YR_MN     1.003     0.910     1.080 
       Samdzong     0.483     1.023    -1.312 
Southeast_China     1.327    -1.061    -0.338 

## end of run
