/home/cliu7/utils/AdmixTools/bin/qpWave: parameter file: temp/param/qpAdm_Tamang.Naxi.Samdzong.Pulliyar.paru4mnr1vi
### THE INPUT PARAMETERS
##PARAMETER NAME: VALUE
DIR: data/intermediate
S1: HO_all_merged.qpAdm
indivname: data/intermediate/HO_all_merged.qpAdm.grouped.ind
snpname: data/intermediate/HO_all_merged.qpAdm.snp
genotypename: data/intermediate/HO_all_merged.qpAdm.geno
popleft: temp/param/left.u4mnr1vi
popright: temp/param/right.u4mnr1vi
details: YES
## qpWave version: 410
packed geno read OK
end of inpack

left pops:
Tamang
Naxi
Samdzong
Pulliyar

right pops:
Mbuti
Anatolia_N
Ami
Mixe
Ganj_Dareh_N
Onge
Villabruna
DevilsGate

  0               Tamang    7
  1                 Naxi    9
  2             Samdzong    9
  3             Pulliyar   35
  4                Mbuti   10
  5           Anatolia_N   25
  6                  Ami   10
  7                 Mixe   10
  8         Ganj_Dareh_N    7
  9                 Onge   12
 10           Villabruna    1
 11           DevilsGate    4
jackknife block size:     0.050
snps: 498990  indivs: 139
number of blocks for block jackknife: 710
dof (jackknife):   584.878
numsnps used: 388555
f4info: 
f4rank: 0 dof:     21 chisq:  5368.486 tail:                    0 dofdiff:      0 chisqdiff:     0.000 taildiff:                    1

f4info: 
f4rank: 1 dof:     12 chisq:    60.491 tail:       1.83700381e-08 dofdiff:      9 chisqdiff:  5307.995 taildiff:                    0
B:
          scale     1.000 
     Anatolia_N    -0.204 
            Ami     1.634 
           Mixe     1.108 
   Ganj_Dareh_N    -0.339 
           Onge     0.312 
     Villabruna    -0.111 
     DevilsGate     1.684 
A:
          scale   293.634 
           Naxi     0.616 
       Samdzong     0.315 
       Pulliyar    -1.588 

f4info: 
f4rank: 2 dof:      5 chisq:     4.034 tail:          0.544482162 dofdiff:      7 chisqdiff:    56.456 taildiff:       7.66611306e-10
B:
          scale     1.000     1.000 
     Anatolia_N    -0.207     0.051 
            Ami     1.611     1.680 
           Mixe     1.112    -0.584 
   Ganj_Dareh_N    -0.359     1.194 
           Onge     0.301     0.948 
     Villabruna    -0.111    -0.001 
     DevilsGate     1.701    -1.229 
A:
          scale   293.283  5994.605 
           Naxi     0.609     1.468 
       Samdzong     0.312    -0.811 
       Pulliyar    -1.591     0.432 

f4info: 
f4rank: 3 dof:      0 chisq:     0.000 tail:                    1 dofdiff:      5 chisqdiff:     4.034 taildiff:          0.544482162
B:
          scale     1.000     1.000     1.000 
     Anatolia_N    -0.203     0.045     0.471 
            Ami     1.609     1.733    -0.274 
           Mixe     1.122    -0.562     1.163 
   Ganj_Dareh_N    -0.352     1.154     1.048 
           Onge     0.297     0.954    -0.075 
     Villabruna    -0.094    -0.078     2.058 
     DevilsGate     1.700    -1.195    -0.108 
A:
          scale   292.702  5935.646  7980.763 
           Naxi     0.596     1.379    -0.863 
       Samdzong     0.297    -0.996    -1.386 
       Pulliyar    -1.599     0.329    -0.578 

## end of run
