/home/cliu7/utils/AdmixTools/bin/qpWave: parameter file: temp/param/qpAdm_Tamang.YR_MN.Sherpa.LC.Southeast_China.par_lwy0c2p
### THE INPUT PARAMETERS
##PARAMETER NAME: VALUE
DIR: data/intermediate
S1: HO_all_merged.qpAdm
indivname: data/intermediate/HO_all_merged.qpAdm.grouped.ind
snpname: data/intermediate/HO_all_merged.qpAdm.snp
genotypename: data/intermediate/HO_all_merged.qpAdm.geno
popleft: temp/param/left._lwy0c2p
popright: temp/param/right._lwy0c2p
details: YES
## qpWave version: 410
packed geno read OK
end of inpack

left pops:
Tamang
YR_MN
Sherpa.LC
Southeast_China

right pops:
Mbuti
Anatolia_N
Ami
Mixe
Ganj_Dareh_N
Onge
Villabruna
DevilsGate

  0               Tamang    7
  1                YR_MN    8
  2            Sherpa.LC    9
  3      Southeast_China   97
  4                Mbuti   10
  5           Anatolia_N   25
  6                  Ami   10
  7                 Mixe   10
  8         Ganj_Dareh_N    7
  9                 Onge   12
 10           Villabruna    1
 11           DevilsGate    4
jackknife block size:     0.050
snps: 498990  indivs: 200
number of blocks for block jackknife: 710
dof (jackknife):   583.502
numsnps used: 416613
f4info: 
f4rank: 0 dof:     21 chisq:  2544.429 tail:                    0 dofdiff:      0 chisqdiff:     0.000 taildiff:                    1

f4info: 
f4rank: 1 dof:     12 chisq:   228.283 tail:       4.53093981e-42 dofdiff:      9 chisqdiff:  2316.146 taildiff:                    0
B:
          scale     1.000 
     Anatolia_N    -0.187 
            Ami     2.376 
           Mixe     0.587 
   Ganj_Dareh_N    -0.200 
           Onge     0.419 
     Villabruna    -0.274 
     DevilsGate     0.827 
A:
          scale   636.862 
          YR_MN     0.829 
      Sherpa.LC     0.325 
Southeast_China     1.486 

f4info: 
f4rank: 2 dof:      5 chisq:     2.514 tail:          0.774314737 dofdiff:      7 chisqdiff:   225.769 taildiff:       3.93124678e-45
B:
          scale     1.000     1.000 
     Anatolia_N    -0.254    -0.207 
            Ami     2.025    -1.593 
           Mixe     0.859     0.911 
   Ganj_Dareh_N    -0.271    -0.250 
           Onge     0.323    -0.352 
     Villabruna    -0.211     0.255 
     DevilsGate     1.369     1.827 
A:
          scale   502.098  2481.804 
          YR_MN     0.989     0.729 
      Sherpa.LC     0.600     1.127 
Southeast_China     1.289    -1.095 

f4info: 
f4rank: 3 dof:      0 chisq:     0.000 tail:                    1 dofdiff:      5 chisqdiff:     2.514 taildiff:          0.774314737
B:
          scale     1.000     1.000     1.000 
     Anatolia_N    -0.258    -0.202    -0.343 
            Ami     2.031    -1.587     0.517 
           Mixe     0.856     0.891    -0.391 
   Ganj_Dareh_N    -0.269    -0.236     1.233 
           Onge     0.311    -0.357    -1.392 
     Villabruna    -0.199     0.284     1.719 
     DevilsGate     1.366     1.840     0.221 
A:
          scale   502.529  2479.099 20580.573 
          YR_MN     0.982     0.749     1.214 
      Sherpa.LC     0.607     1.115    -1.179 
Southeast_China     1.291    -1.094    -0.370 

## end of run
