/home/cliu7/utils/AdmixTools/bin/qpAdm: parameter file: temp/param/qpAdm_Tamang.Naga.Chokhopani.Pathan.par10d1w5_9
### THE INPUT PARAMETERS
##PARAMETER NAME: VALUE
DIR: data/intermediate
S1: HO_all_merged.qpAdm
indivname: data/intermediate/HO_all_merged.qpAdm.grouped.ind
snpname: data/intermediate/HO_all_merged.qpAdm.snp
genotypename: data/intermediate/HO_all_merged.qpAdm.geno
popleft: temp/param/left.10d1w5_9
popright: temp/param/right.10d1w5_9
details: YES
## qpAdm version: 810
seed: 1088350906
packed geno read OK
end of inpack

left pops:
Tamang
Naga
Chokhopani
Pathan

right pops:
Mbuti
Anatolia_N
Ami
Mixe
Ganj_Dareh_N
Onge
Villabruna
DevilsGate

  0               Tamang    7
  1                 Naga    6
  2           Chokhopani    2
  3               Pathan   18
  4                Mbuti   10
  5           Anatolia_N   25
  6                  Ami   10
  7                 Mixe   10
  8         Ganj_Dareh_N    7
  9                 Onge   12
 10           Villabruna    1
 11           DevilsGate    4
jackknife block size:     0.050
snps: 498990  indivs: 112
number of blocks for block jackknife: 710
## ncols: 498990
coverage:               Tamang 498036
coverage:                 Naga 498990
coverage:           Chokhopani 498917
coverage:               Pathan 498990
coverage:                Mbuti 498990
coverage:           Anatolia_N 498137
coverage:                  Ami 498990
coverage:                 Mixe 498990
coverage:         Ganj_Dareh_N 457128
coverage:                 Onge 498990
coverage:           Villabruna 415230
coverage:           DevilsGate 498716
dof (jackknife):   583.388
numsnps used: 415522
codimension 1
f4info: 
f4rank: 2 dof:      5 chisq:     8.641 tail:          0.124260007 dofdiff:      7 chisqdiff:    -8.641 taildiff:                    1
B:
          scale     1.000     1.000 
     Anatolia_N    -0.672     1.377 
            Ami     1.498     0.243 
           Mixe     0.859     0.613 
   Ganj_Dareh_N    -0.703     1.098 
           Onge     0.653    -1.518 
     Villabruna    -0.495     1.065 
     DevilsGate     1.550    -0.156 
A:
          scale   218.248  3366.612 
           Naga     0.424     1.508 
     Chokhopani     0.244     0.069 
         Pathan    -1.662     0.850 


full rank
f4info: 
f4rank: 3 dof:      0 chisq:     0.000 tail:                    1 dofdiff:      5 chisqdiff:     8.641 taildiff:          0.124260007
B:
          scale     1.000     1.000     1.000 
     Anatolia_N    -0.670     1.360    -1.279 
            Ami     1.495     0.349     1.599 
           Mixe     0.861     0.713     0.825 
   Ganj_Dareh_N    -0.704     1.026     0.120 
           Onge     0.649    -1.566    -0.125 
     Villabruna    -0.496     1.009     0.785 
     DevilsGate     1.553     0.013    -1.216 
A:
          scale   218.549  3437.387 10201.906 
           Naga     0.416     1.457    -0.032 
     Chokhopani     0.276     0.230    -1.665 
         Pathan    -1.659     0.908    -0.478 


best coefficients:    -0.112     0.995     0.117 
Jackknife mean:     -0.056173262     0.935561805     0.120611458 
      std. errors:     0.240     0.255     0.018 

error covariance (* 1000000)
     57636     -61080       3444 
    -61080      64863      -3783 
      3444      -3783        339 


summ: Tamang    3      0.124260    -0.056     0.936     0.121 57636 -61080  3444 64863 -3783   339 

    fixed pat  wt  dof     chisq       tail prob
          000  0     5     8.641         0.12426    -0.112     0.995     0.117  infeasible
          001  1     6    69.053     6.39269e-13    -2.068     3.068     0.000  infeasible
          010  1     6    58.613     8.60615e-11     0.825    -0.000     0.175 
          100  1     6     7.519         0.27547     0.000     0.876     0.124 
          011  2     7   594.932               0     1.000     0.000    -0.000 
          101  2     7   123.018      1.8005e-23     0.000     1.000    -0.000 
          110  2     7  5860.308               0     0.000    -0.000     1.000 
best pat:          000          0.12426              -  -
best pat:          100          0.27547  chi(nested):    -1.122 p-value for nested model:            -nan
best pat:          101       1.8005e-23  chi(nested):   115.499 p-value for nested model:     6.11898e-27

coeffs:    -0.112     0.995     0.117 

## dscore:: f_4(Base, Fit, Rbase, right2)
## genstat:: f_4(Base, Fit, right1, right2)

details:            Naga      Anatolia_N    -0.000587   -3.664392
details:      Chokhopani      Anatolia_N    -0.000617   -2.773323
details:          Pathan      Anatolia_N     0.005550   29.155841
dscore:      Anatolia_N f4:     0.000103 Z:     0.465534

details:            Naga             Ami     0.003093   16.621508
details:      Chokhopani             Ami     0.001620    6.416557
details:          Pathan             Ami    -0.011324  -48.946299
dscore:             Ami f4:    -0.000065 Z:    -0.256374

details:            Naga            Mixe     0.002063   10.693306
details:      Chokhopani            Mixe     0.000915    3.310507
details:          Pathan            Mixe    -0.006376  -25.551894
dscore:            Mixe f4:    -0.000070 Z:    -0.255347

details:            Naga    Ganj_Dareh_N    -0.000741   -4.017146
details:      Chokhopani    Ganj_Dareh_N    -0.000832   -3.008395
details:          Pathan    Ganj_Dareh_N     0.005672   25.937141
dscore:    Ganj_Dareh_N f4:    -0.000079 Z:    -0.288253

details:            Naga            Onge     0.000732    3.891827
details:      Chokhopani            Onge     0.000648    2.536193
details:          Pathan            Onge    -0.005280  -24.696988
dscore:            Onge f4:    -0.000057 Z:    -0.225908

details:            Naga      Villabruna    -0.000320   -1.326210
details:      Chokhopani      Villabruna    -0.000828   -2.389431
details:          Pathan      Villabruna     0.004103   14.353753
dscore:      Villabruna f4:    -0.000306 Z:    -0.893392

details:            Naga      DevilsGate     0.003132   14.328302
details:      Chokhopani      DevilsGate     0.002172    7.196810
details:          Pathan      DevilsGate    -0.011709  -44.992194
dscore:      DevilsGate f4:     0.000435 Z:     1.453294

gendstat:                Mbuti           Anatolia_N     0.466
gendstat:                Mbuti                  Ami    -0.256
gendstat:                Mbuti                 Mixe    -0.255
gendstat:                Mbuti         Ganj_Dareh_N    -0.288
gendstat:                Mbuti                 Onge    -0.226
gendstat:                Mbuti           Villabruna    -0.893
gendstat:                Mbuti           DevilsGate     1.453
gendstat:           Anatolia_N                  Ami    -0.696
gendstat:           Anatolia_N                 Mixe    -0.659
gendstat:           Anatolia_N         Ganj_Dareh_N    -0.826
gendstat:           Anatolia_N                 Onge    -0.671
gendstat:           Anatolia_N           Villabruna    -1.369
gendstat:           Anatolia_N           DevilsGate     1.120
gendstat:                  Ami                 Mixe    -0.022
gendstat:                  Ami         Ganj_Dareh_N    -0.049
gendstat:                  Ami                 Onge     0.030
gendstat:                  Ami           Villabruna    -0.675
gendstat:                  Ami           DevilsGate     2.084
gendstat:                 Mixe         Ganj_Dareh_N    -0.030
gendstat:                 Mixe                 Onge     0.046
gendstat:                 Mixe           Villabruna    -0.638
gendstat:                 Mixe           DevilsGate     1.829
gendstat:         Ganj_Dareh_N                 Onge     0.077
gendstat:         Ganj_Dareh_N           Villabruna    -0.645
gendstat:         Ganj_Dareh_N           DevilsGate     1.520
gendstat:                 Onge           Villabruna    -0.696
gendstat:                 Onge           DevilsGate     1.588
gendstat:           Villabruna           DevilsGate     1.844

## end of run
