/home/cliu7/utils/AdmixTools/bin/qpWave: parameter file: temp/param/qpAdm_Tamang.YR_MN.Kyang.Pulliyar.parycitcmr_
### THE INPUT PARAMETERS
##PARAMETER NAME: VALUE
DIR: data/intermediate
S1: HO_all_merged.qpAdm
indivname: data/intermediate/HO_all_merged.qpAdm.grouped.ind
snpname: data/intermediate/HO_all_merged.qpAdm.snp
genotypename: data/intermediate/HO_all_merged.qpAdm.geno
popleft: temp/param/left.ycitcmr_
popright: temp/param/right.ycitcmr_
details: YES
## qpWave version: 410
packed geno read OK
end of inpack

left pops:
Tamang
YR_MN
Kyang
Pulliyar

right pops:
Mbuti
Anatolia_N
Ami
Mixe
Ganj_Dareh_N
Onge
Villabruna
DevilsGate

  0               Tamang    7
  1                YR_MN    8
  2                Kyang    7
  3             Pulliyar   35
  4                Mbuti   10
  5           Anatolia_N   25
  6                  Ami   10
  7                 Mixe   10
  8         Ganj_Dareh_N    7
  9                 Onge   12
 10           Villabruna    1
 11           DevilsGate    4
jackknife block size:     0.050
snps: 498990  indivs: 136
number of blocks for block jackknife: 710
dof (jackknife):   584.864
numsnps used: 387998
f4info: 
f4rank: 0 dof:     21 chisq:  4428.603 tail:                    0 dofdiff:      0 chisqdiff:     0.000 taildiff:                    1

f4info: 
f4rank: 1 dof:     12 chisq:    46.128 tail:       6.59562108e-06 dofdiff:      9 chisqdiff:  4382.475 taildiff:                    0
B:
          scale     1.000 
     Anatolia_N    -0.207 
            Ami     1.588 
           Mixe     1.134 
   Ganj_Dareh_N    -0.352 
           Onge     0.277 
     Villabruna    -0.073 
     DevilsGate     1.715 
A:
          scale   292.085 
          YR_MN     0.629 
          Kyang     0.328 
       Pulliyar    -1.580 

f4info: 
f4rank: 2 dof:      5 chisq:     3.322 tail:          0.650456184 dofdiff:      7 chisqdiff:    42.806 taildiff:       3.63683506e-07
B:
          scale     1.000     1.000 
     Anatolia_N    -0.215    -0.068 
            Ami     1.598     1.783 
           Mixe     1.117    -0.280 
   Ganj_Dareh_N    -0.351     1.519 
           Onge     0.281    -0.262 
     Villabruna    -0.071    -0.128 
     DevilsGate     1.716    -1.160 
A:
          scale   292.601  6141.192 
          YR_MN     0.606     1.145 
          Kyang     0.330    -1.287 
       Pulliyar    -1.589     0.177 

f4info: 
f4rank: 3 dof:      0 chisq:     0.000 tail:                    1 dofdiff:      5 chisqdiff:     3.322 taildiff:          0.650456184
B:
          scale     1.000     1.000     1.000 
     Anatolia_N    -0.213    -0.058     1.382 
            Ami     1.596     1.798    -0.393 
           Mixe     1.121    -0.263     1.984 
   Ganj_Dareh_N    -0.351     1.507     0.389 
           Onge     0.282    -0.247     0.455 
     Villabruna    -0.068    -0.091     0.304 
     DevilsGate     1.716    -1.163    -0.742 
A:
          scale   292.691  6210.047 11264.542 
          YR_MN     0.592     0.991    -1.291 
          Kyang     0.319    -1.418    -0.942 
       Pulliyar    -1.596     0.084    -0.667 

## end of run
