/home/cliu7/utils/AdmixTools/bin/qpWave: parameter file: temp/param/qpAdm_Tamang.Yi.Lubrak.Mala.parywtslkdw
### THE INPUT PARAMETERS
##PARAMETER NAME: VALUE
DIR: data/intermediate
S1: HO_all_merged.qpAdm
indivname: data/intermediate/HO_all_merged.qpAdm.grouped.ind
snpname: data/intermediate/HO_all_merged.qpAdm.snp
genotypename: data/intermediate/HO_all_merged.qpAdm.geno
popleft: temp/param/left.ywtslkdw
popright: temp/param/right.ywtslkdw
details: YES
## qpWave version: 410
packed geno read OK
end of inpack

left pops:
Tamang
Yi
Lubrak
Mala

right pops:
Mbuti
Anatolia_N
Ami
Mixe
Ganj_Dareh_N
Onge
Villabruna
DevilsGate

  0               Tamang    7
  1                   Yi    8
  2               Lubrak    2
  3                 Mala   11
  4                Mbuti   10
  5           Anatolia_N   25
  6                  Ami   10
  7                 Mixe   10
  8         Ganj_Dareh_N    7
  9                 Onge   12
 10           Villabruna    1
 11           DevilsGate    4
jackknife block size:     0.050
snps: 498990  indivs: 107
number of blocks for block jackknife: 710
dof (jackknife):   583.100
numsnps used: 305268
f4info: 
f4rank: 0 dof:     21 chisq:  5129.281 tail:                    0 dofdiff:      0 chisqdiff:     0.000 taildiff:                    1

f4info: 
f4rank: 1 dof:     12 chisq:    88.765 tail:       8.55998353e-14 dofdiff:      9 chisqdiff:  5040.516 taildiff:                    0
B:
          scale     1.000 
     Anatolia_N    -0.288 
            Ami     1.654 
           Mixe     1.047 
   Ganj_Dareh_N    -0.431 
           Onge     0.395 
     Villabruna    -0.157 
     DevilsGate     1.649 
A:
          scale   284.619 
             Yi     0.594 
         Lubrak     0.378 
           Mala    -1.583 

f4info: 
f4rank: 2 dof:      5 chisq:     5.173 tail:          0.395175392 dofdiff:      7 chisqdiff:    83.592 taildiff:       2.54464367e-15
B:
          scale     1.000     1.000 
     Anatolia_N    -0.303    -0.088 
            Ami     1.606    -1.648 
           Mixe     1.055     0.150 
   Ganj_Dareh_N    -0.458    -0.483 
           Onge     0.371    -0.116 
     Villabruna    -0.133     1.397 
     DevilsGate     1.689     1.434 
A:
          scale   286.420  3909.550 
             Yi     0.565    -1.459 
         Lubrak     0.403     0.895 
           Mala    -1.587    -0.265 

f4info: 
f4rank: 3 dof:      0 chisq:     0.000 tail:                    1 dofdiff:      5 chisqdiff:     5.173 taildiff:          0.395175392
B:
          scale     1.000     1.000     1.000 
     Anatolia_N    -0.305     0.133     1.088 
            Ami     1.607    -1.504     0.816 
           Mixe     1.051     0.022    -0.724 
   Ganj_Dareh_N    -0.455    -0.031     2.061 
           Onge     0.368    -0.203    -0.285 
     Villabruna    -0.136     1.461     0.206 
     DevilsGate     1.691     1.594     0.504 
A:
          scale   285.769  3774.526  7003.519 
             Yi     0.573    -1.272     1.026 
         Lubrak     0.426     1.166     1.208 
           Mala    -1.578    -0.148     0.699 

## end of run
