/home/cliu7/utils/AdmixTools/bin/qpWave: parameter file: temp/param/qpAdm_Tamang.Upper_YR_LN.Lubrak.Southeast_China.parqy9tl9as
### THE INPUT PARAMETERS
##PARAMETER NAME: VALUE
DIR: data/intermediate
S1: HO_all_merged.qpAdm
indivname: data/intermediate/HO_all_merged.qpAdm.grouped.ind
snpname: data/intermediate/HO_all_merged.qpAdm.snp
genotypename: data/intermediate/HO_all_merged.qpAdm.geno
popleft: temp/param/left.qy9tl9as
popright: temp/param/right.qy9tl9as
details: YES
## qpWave version: 410
packed geno read OK
end of inpack

left pops:
Tamang
Upper_YR_LN
Lubrak
Southeast_China

right pops:
Mbuti
Anatolia_N
Ami
Mixe
Ganj_Dareh_N
Onge
Villabruna
DevilsGate

  0               Tamang    7
  1          Upper_YR_LN    7
  2               Lubrak    2
  3      Southeast_China   97
  4                Mbuti   10
  5           Anatolia_N   25
  6                  Ami   10
  7                 Mixe   10
  8         Ganj_Dareh_N    7
  9                 Onge   12
 10           Villabruna    1
 11           DevilsGate    4
jackknife block size:     0.050
snps: 498990  indivs: 192
number of blocks for block jackknife: 710
dof (jackknife):   583.062
numsnps used: 304347
f4info: 
f4rank: 0 dof:     21 chisq:  2472.345 tail:                    0 dofdiff:      0 chisqdiff:     0.000 taildiff:                    1

f4info: 
f4rank: 1 dof:     12 chisq:   313.422 tail:        7.1062044e-60 dofdiff:      9 chisqdiff:  2158.924 taildiff:                    0
B:
          scale     1.000 
     Anatolia_N    -0.197 
            Ami     2.388 
           Mixe     0.578 
   Ganj_Dareh_N    -0.267 
           Onge     0.408 
     Villabruna    -0.269 
     DevilsGate     0.785 
A:
          scale   653.589 
    Upper_YR_LN     0.700 
         Lubrak     0.399 
Southeast_China     1.533 

f4info: 
f4rank: 2 dof:      5 chisq:     3.207 tail:          0.668136321 dofdiff:      7 chisqdiff:   310.215 taildiff:       3.97832709e-63
B:
          scale     1.000     1.000 
     Anatolia_N    -0.192     0.126 
            Ami     1.869    -1.736 
           Mixe     0.923     0.719 
   Ganj_Dareh_N    -0.171     0.280 
           Onge     0.386    -0.048 
     Villabruna    -0.127     0.490 
     DevilsGate     1.557     1.770 
A:
          scale   466.546  1832.653 
    Upper_YR_LN     1.070     0.927 
         Lubrak     0.698     0.698 
Southeast_China     1.170    -1.286 

f4info: 
f4rank: 3 dof:      0 chisq:     0.000 tail:                    1 dofdiff:      5 chisqdiff:     3.207 taildiff:          0.668136321
B:
          scale     1.000     1.000     1.000 
     Anatolia_N    -0.193     0.127    -0.032 
            Ami     1.875    -1.720    -0.414 
           Mixe     0.904     0.655     1.285 
   Ganj_Dareh_N    -0.191     0.205     1.233 
           Onge     0.374    -0.094     0.813 
     Villabruna    -0.108     0.590    -1.682 
     DevilsGate     1.563     1.789    -0.410 
A:
          scale   468.332  1816.029 11708.227 
    Upper_YR_LN     1.076     0.898     1.017 
         Lubrak     0.685     0.761    -1.397 
Southeast_China     1.172    -1.270    -0.118 

## end of run
