/home/cliu7/utils/AdmixTools/bin/qpWave: parameter file: temp/param/qpAdm_Tamang.Yi.UpperMustang.LC.Pathan.parqgp4bmq9
### THE INPUT PARAMETERS
##PARAMETER NAME: VALUE
DIR: data/intermediate
S1: HO_all_merged.qpAdm
indivname: data/intermediate/HO_all_merged.qpAdm.grouped.ind
snpname: data/intermediate/HO_all_merged.qpAdm.snp
genotypename: data/intermediate/HO_all_merged.qpAdm.geno
popleft: temp/param/left.qgp4bmq9
popright: temp/param/right.qgp4bmq9
details: YES
## qpWave version: 410
packed geno read OK
end of inpack

left pops:
Tamang
Yi
UpperMustang.LC
Pathan

right pops:
Mbuti
Anatolia_N
Ami
Mixe
Ganj_Dareh_N
Onge
Villabruna
DevilsGate

  0               Tamang    7
  1                   Yi    8
  2      UpperMustang.LC   11
  3               Pathan   18
  4                Mbuti   10
  5           Anatolia_N   25
  6                  Ami   10
  7                 Mixe   10
  8         Ganj_Dareh_N    7
  9                 Onge   12
 10           Villabruna    1
 11           DevilsGate    4
jackknife block size:     0.050
snps: 498990  indivs: 123
number of blocks for block jackknife: 710
dof (jackknife):   583.396
numsnps used: 415272
f4info: 
f4rank: 0 dof:     21 chisq:  8180.755 tail:                    0 dofdiff:      0 chisqdiff:     0.000 taildiff:                    1

f4info: 
f4rank: 1 dof:     12 chisq:   217.741 tail:       6.97845478e-40 dofdiff:      9 chisqdiff:  7963.014 taildiff:                    0
B:
          scale     1.000 
     Anatolia_N    -0.635 
            Ami     1.533 
           Mixe     0.885 
   Ganj_Dareh_N    -0.665 
           Onge     0.643 
     Villabruna    -0.485 
     DevilsGate     1.541 
A:
          scale   213.641 
             Yi     0.381 
UpperMustang.LC     0.209 
         Pathan    -1.677 

f4info: 
f4rank: 2 dof:      5 chisq:    42.123 tail:       5.56294361e-08 dofdiff:      7 chisqdiff:   175.618 taildiff:       1.63937505e-34
B:
          scale     1.000     1.000 
     Anatolia_N    -0.688     1.338 
            Ami     1.496     1.552 
           Mixe     0.850     0.444 
   Ganj_Dareh_N    -0.722     1.483 
           Onge     0.638    -0.477 
     Villabruna    -0.513     0.374 
     DevilsGate     1.540    -0.197 
A:
          scale   216.830  2582.435 
             Yi     0.421     1.649 
UpperMustang.LC     0.226     0.331 
         Pathan    -1.665     0.414 

f4info: 
f4rank: 3 dof:      0 chisq:     0.000 tail:                    1 dofdiff:      5 chisqdiff:    42.123 taildiff:       5.56294361e-08
B:
          scale     1.000     1.000     1.000 
     Anatolia_N    -0.687     1.384    -0.044 
            Ami     1.505     1.307     1.122 
           Mixe     0.848     0.668    -0.675 
   Ganj_Dareh_N    -0.708     1.232     1.004 
           Onge     0.660    -0.973     1.445 
     Villabruna    -0.516     0.658    -0.866 
     DevilsGate     1.530     0.179    -1.199 
A:
          scale   216.137  2452.587  6813.544 
             Yi     0.427     1.581     0.564 
UpperMustang.LC     0.236     0.520    -1.635 
         Pathan    -1.662     0.480    -0.088 

## end of run
