/home/cliu7/utils/AdmixTools/bin/qpWave: parameter file: temp/param/qpAdm_Tamang.YR_MN.Sherpa.LC.Han.parn4sqtmbd
### THE INPUT PARAMETERS
##PARAMETER NAME: VALUE
DIR: data/intermediate
S1: HO_all_merged.qpAdm
indivname: data/intermediate/HO_all_merged.qpAdm.grouped.ind
snpname: data/intermediate/HO_all_merged.qpAdm.snp
genotypename: data/intermediate/HO_all_merged.qpAdm.geno
popleft: temp/param/left.n4sqtmbd
popright: temp/param/right.n4sqtmbd
details: YES
## qpWave version: 410
packed geno read OK
end of inpack

left pops:
Tamang
YR_MN
Sherpa.LC
Han

right pops:
Mbuti
Anatolia_N
Ami
Mixe
Ganj_Dareh_N
Onge
Villabruna
DevilsGate

  0               Tamang    7
  1                YR_MN    8
  2            Sherpa.LC    9
  3                  Han   33
  4                Mbuti   10
  5           Anatolia_N   25
  6                  Ami   10
  7                 Mixe   10
  8         Ganj_Dareh_N    7
  9                 Onge   12
 10           Villabruna    1
 11           DevilsGate    4
jackknife block size:     0.050
snps: 498990  indivs: 136
number of blocks for block jackknife: 710
dof (jackknife):   583.507
numsnps used: 418459
f4info: 
f4rank: 0 dof:     21 chisq:  2126.547 tail:                    0 dofdiff:      0 chisqdiff:     0.000 taildiff:                    1

f4info: 
f4rank: 1 dof:     12 chisq:   127.879 tail:       1.64414024e-21 dofdiff:      9 chisqdiff:  1998.668 taildiff:                    0
B:
          scale     1.000 
     Anatolia_N    -0.143 
            Ami     2.104 
           Mixe     0.832 
   Ganj_Dareh_N    -0.166 
           Onge     0.319 
     Villabruna    -0.189 
     DevilsGate     1.302 
A:
          scale   547.446 
          YR_MN     0.932 
      Sherpa.LC     0.441 
            Han     1.391 

f4info: 
f4rank: 2 dof:      5 chisq:     2.519 tail:          0.773681385 dofdiff:      7 chisqdiff:   125.360 taildiff:       5.84891012e-24
B:
          scale     1.000     1.000 
     Anatolia_N    -0.219     0.413 
            Ami     1.878     1.758 
           Mixe     0.954    -0.772 
   Ganj_Dareh_N    -0.247     0.473 
           Onge     0.296     0.309 
     Villabruna    -0.176    -0.168 
     DevilsGate     1.528    -1.672 
A:
          scale   487.678  3867.081 
          YR_MN     0.976    -0.476 
      Sherpa.LC     0.595    -1.343 
            Han     1.302     0.986 

f4info: 
f4rank: 3 dof:      0 chisq:     0.000 tail:                    1 dofdiff:      5 chisqdiff:     2.519 taildiff:          0.773681385
B:
          scale     1.000     1.000     1.000 
     Anatolia_N    -0.233     0.416     1.187 
            Ami     1.887     1.770    -0.453 
           Mixe     0.945    -0.735     0.672 
   Ganj_Dareh_N    -0.250     0.488    -0.522 
           Onge     0.278     0.322     1.447 
     Villabruna    -0.163    -0.168    -1.591 
     DevilsGate     1.525    -1.668    -0.194 
A:
          scale   489.792  3863.510 22030.205 
          YR_MN     0.962    -0.499    -1.351 
      Sherpa.LC     0.605    -1.334     0.924 
            Han     1.307     0.986     0.567 

## end of run
