/home/cliu7/utils/AdmixTools/bin/qpWave: parameter file: temp/param/qpAdm_Gurung.Samdzong.Southeast_China.par_va87udd
### THE INPUT PARAMETERS
##PARAMETER NAME: VALUE
DIR: data/intermediate
S1: HO_all_merged.qpAdm
indivname: data/intermediate/HO_all_merged.qpAdm.grouped.ind
snpname: data/intermediate/HO_all_merged.qpAdm.snp
genotypename: data/intermediate/HO_all_merged.qpAdm.geno
popleft: temp/param/left._va87udd
popright: temp/param/right._va87udd
details: YES
## qpWave version: 410
packed geno read OK
end of inpack

left pops:
Gurung
Samdzong
Southeast_China

right pops:
Mbuti
Anatolia_N
Ami
Mixe
Ganj_Dareh_N
Onge
Villabruna
DevilsGate
Sherpa.LC

  0               Gurung    5
  1             Samdzong    9
  2      Southeast_China   97
  3                Mbuti   10
  4           Anatolia_N   25
  5                  Ami   10
  6                 Mixe   10
  7         Ganj_Dareh_N    7
  8                 Onge   12
  9           Villabruna    1
 10           DevilsGate    4
 11            Sherpa.LC    9
jackknife block size:     0.050
snps: 498990  indivs: 199
number of blocks for block jackknife: 710
dof (jackknife):   583.499
numsnps used: 418172
f4info: 
f4rank: 0 dof:     16 chisq:  2746.321 tail:                    0 dofdiff:      0 chisqdiff:     0.000 taildiff:                    1

f4info: 
f4rank: 1 dof:      7 chisq:   106.313 tail:       5.33602802e-20 dofdiff:      9 chisqdiff:  2640.008 taildiff:                    0
B:
          scale     1.000 
     Anatolia_N    -0.170 
            Ami     2.615 
           Mixe     0.468 
   Ganj_Dareh_N    -0.113 
           Onge     0.434 
     Villabruna    -0.220 
     DevilsGate     0.577 
      Sherpa.LC    -0.576 
A:
          scale   878.643 
       Samdzong    -0.262 
Southeast_China     1.390 

f4info: 
f4rank: 2 dof:      0 chisq:     0.000 tail:                    1 dofdiff:      7 chisqdiff:   106.313 taildiff:       5.33602802e-20
B:
          scale     1.000     1.000 
     Anatolia_N    -0.176    -0.010 
            Ami     2.609    -0.306 
           Mixe     0.528     0.149 
   Ganj_Dareh_N    -0.255    -0.802 
           Onge     0.336    -0.477 
     Villabruna    -0.107     0.196 
     DevilsGate     0.831     0.946 
      Sherpa.LC    -0.037     2.466 
A:
          scale   791.111  2340.471 
       Samdzong     0.093     1.411 
Southeast_China     1.411    -0.093 

## end of run
