/home/cliu7/utils/AdmixTools/bin/qpAdm: parameter file: temp/param/qpAdm_Gurung.UpperMustang.LC.Pathan.par_g6vy4b5
### THE INPUT PARAMETERS
##PARAMETER NAME: VALUE
DIR: data/intermediate
S1: HO_all_merged.qpAdm
indivname: data/intermediate/HO_all_merged.qpAdm.grouped.ind
snpname: data/intermediate/HO_all_merged.qpAdm.snp
genotypename: data/intermediate/HO_all_merged.qpAdm.geno
popleft: temp/param/left._g6vy4b5
popright: temp/param/right._g6vy4b5
details: YES
## qpAdm version: 810
seed: -1059725145
packed geno read OK
end of inpack

left pops:
Gurung
UpperMustang.LC
Pathan

right pops:
Mbuti
Anatolia_N
Ami
Mixe
Ganj_Dareh_N
Onge
Villabruna
DevilsGate
Sherpa.LC

  0               Gurung    5
  1      UpperMustang.LC   11
  2               Pathan   18
  3                Mbuti   10
  4           Anatolia_N   25
  5                  Ami   10
  6                 Mixe   10
  7         Ganj_Dareh_N    7
  8                 Onge   12
  9           Villabruna    1
 10           DevilsGate    4
 11            Sherpa.LC    9
jackknife block size:     0.050
snps: 498990  indivs: 122
number of blocks for block jackknife: 710
## ncols: 498990
coverage:               Gurung 498036
coverage:      UpperMustang.LC 498990
coverage:               Pathan 498990
coverage:                Mbuti 498990
coverage:           Anatolia_N 498137
coverage:                  Ami 498990
coverage:                 Mixe 498990
coverage:         Ganj_Dareh_N 457128
coverage:                 Onge 498990
coverage:           Villabruna 415230
coverage:           DevilsGate 498716
coverage:            Sherpa.LC 498990
dof (jackknife):   583.369
numsnps used: 416186
codimension 1
f4info: 
f4rank: 1 dof:      7 chisq:    87.598 tail:       3.84838021e-16 dofdiff:      9 chisqdiff:   -87.598 taildiff:                    1
B:
          scale     1.000 
     Anatolia_N    -0.624 
            Ami     1.334 
           Mixe     0.783 
   Ganj_Dareh_N    -0.658 
           Onge     0.578 
     Villabruna    -0.483 
     DevilsGate     1.393 
      Sherpa.LC     1.509 
A:
          scale   154.887 
UpperMustang.LC     0.093 
         Pathan    -1.411 


full rank
f4info: 
f4rank: 2 dof:      0 chisq:     0.000 tail:                    1 dofdiff:      7 chisqdiff:    87.598 taildiff:       3.84838021e-16
B:
          scale     1.000     1.000 
     Anatolia_N    -0.625    -0.367 
            Ami     1.337     0.970 
           Mixe     0.779     0.194 
   Ganj_Dareh_N    -0.656     0.643 
           Onge     0.574     1.304 
     Villabruna    -0.470    -0.844 
     DevilsGate     1.400     0.159 
      Sherpa.LC     1.508    -2.009 
A:
          scale   153.790  3444.839 
UpperMustang.LC     0.080    -1.184 
         Pathan    -1.412    -0.773 


best coefficients:     0.938     0.062 
Jackknife mean:      0.938104223     0.061895777 
      std. errors:     0.007     0.007 

error covariance (* 1000000)
        52        -52 
       -52         52 


summ: Gurung    2      0.000000     0.938     0.062    52   -52    52 

    fixed pat  wt  dof     chisq       tail prob
           00  0     7    87.598     3.84838e-16     0.938     0.062 
           01  1     8   157.925     4.34345e-30     1.000    -0.000 
           10  1     8  6703.353               0     0.000     1.000 
best pat:           00      3.84838e-16              -  -
best pat:           01      4.34345e-30  chi(nested):    70.326 p-value for nested model:      5.0265e-17

coeffs:     0.938     0.062 

## dscore:: f_4(Base, Fit, Rbase, right2)
## genstat:: f_4(Base, Fit, right1, right2)

details: UpperMustang.LC      Anatolia_N    -0.000188   -1.286316
details:          Pathan      Anatolia_N     0.005798   28.021105
dscore:      Anatolia_N f4:     0.000182 Z:     1.281817

details: UpperMustang.LC             Ami     0.000408    2.218912
details:          Pathan             Ami    -0.012547  -49.139524
dscore:             Ami f4:    -0.000394 Z:    -2.194943

details: UpperMustang.LC            Mixe     0.000356    1.860972
details:          Pathan            Mixe    -0.007236  -25.915146
dscore:            Mixe f4:    -0.000115 Z:    -0.613235

details: UpperMustang.LC    Ganj_Dareh_N    -0.000563   -3.201805
details:          Pathan    Ganj_Dareh_N     0.005852   23.895111
dscore:    Ganj_Dareh_N f4:    -0.000166 Z:    -0.964804

details: UpperMustang.LC            Onge    -0.000197   -1.116066
details:          Pathan            Onge    -0.005636  -23.776290
dscore:            Onge f4:    -0.000534 Z:    -3.110455

details: UpperMustang.LC      Villabruna     0.000252    1.042859
details:          Pathan      Villabruna     0.004564   14.695172
dscore:      Villabruna f4:     0.000519 Z:     2.210096

details: UpperMustang.LC      DevilsGate     0.000742    3.446374
details:          Pathan      DevilsGate    -0.012943  -44.122612
dscore:      DevilsGate f4:    -0.000106 Z:    -0.505174

details: UpperMustang.LC       Sherpa.LC     0.001478    8.198555
details:          Pathan       Sherpa.LC    -0.013458  -54.707113
dscore:       Sherpa.LC f4:     0.000553 Z:     3.152713

gendstat:                Mbuti           Anatolia_N     1.282
gendstat:                Mbuti                  Ami    -2.195
gendstat:                Mbuti                 Mixe    -0.613
gendstat:                Mbuti         Ganj_Dareh_N    -0.965
gendstat:                Mbuti                 Onge    -3.110
gendstat:                Mbuti           Villabruna     2.210
gendstat:                Mbuti           DevilsGate    -0.505
gendstat:                Mbuti            Sherpa.LC     3.153
gendstat:           Anatolia_N                  Ami    -3.514
gendstat:           Anatolia_N                 Mixe    -1.755
gendstat:           Anatolia_N         Ganj_Dareh_N    -2.445
gendstat:           Anatolia_N                 Onge    -4.311
gendstat:           Anatolia_N           Villabruna     1.650
gendstat:           Anatolia_N           DevilsGate    -1.416
gendstat:           Anatolia_N            Sherpa.LC     2.261
gendstat:                  Ami                 Mixe     1.756
gendstat:                  Ami         Ganj_Dareh_N     1.188
gendstat:                  Ami                 Onge    -0.802
gendstat:                  Ami           Villabruna     3.727
gendstat:                  Ami           DevilsGate     1.655
gendstat:                  Ami            Sherpa.LC     7.290
gendstat:                 Mixe         Ganj_Dareh_N    -0.254
gendstat:                 Mixe                 Onge    -2.296
gendstat:                 Mixe           Villabruna     2.551
gendstat:                 Mixe           DevilsGate     0.043
gendstat:                 Mixe            Sherpa.LC     4.207
gendstat:         Ganj_Dareh_N                 Onge    -1.919
gendstat:         Ganj_Dareh_N           Villabruna     2.919
gendstat:         Ganj_Dareh_N           DevilsGate     0.265
gendstat:         Ganj_Dareh_N            Sherpa.LC     3.821
gendstat:                 Onge           Villabruna     4.350
gendstat:                 Onge           DevilsGate     1.964
gendstat:                 Onge            Sherpa.LC     6.296
gendstat:           Villabruna           DevilsGate    -2.428
gendstat:           Villabruna            Sherpa.LC     0.140
gendstat:           DevilsGate            Sherpa.LC     3.812

## end of run
