/home/cliu7/utils/AdmixTools/bin/qpWave: parameter file: temp/param/qpAdm_Gurung.Samdzong.Pathan.par8cwvad99
### THE INPUT PARAMETERS
##PARAMETER NAME: VALUE
DIR: data/intermediate
S1: HO_all_merged.qpAdm
indivname: data/intermediate/HO_all_merged.qpAdm.grouped.ind
snpname: data/intermediate/HO_all_merged.qpAdm.snp
genotypename: data/intermediate/HO_all_merged.qpAdm.geno
popleft: temp/param/left.8cwvad99
popright: temp/param/right.8cwvad99
details: YES
## qpWave version: 410
packed geno read OK
end of inpack

left pops:
Gurung
Samdzong
Pathan

right pops:
Mbuti
Anatolia_N
Ami
Mixe
Ganj_Dareh_N
Onge
Villabruna
DevilsGate
Sherpa.LC

  0               Gurung    5
  1             Samdzong    9
  2               Pathan   18
  3                Mbuti   10
  4           Anatolia_N   25
  5                  Ami   10
  6                 Mixe   10
  7         Ganj_Dareh_N    7
  8                 Onge   12
  9           Villabruna    1
 10           DevilsGate    4
 11            Sherpa.LC    9
jackknife block size:     0.050
snps: 498990  indivs: 120
number of blocks for block jackknife: 710
dof (jackknife):   583.345
numsnps used: 416127
f4info: 
f4rank: 0 dof:     16 chisq:  7986.143 tail:                    0 dofdiff:      0 chisqdiff:     0.000 taildiff:                    1

f4info: 
f4rank: 1 dof:      7 chisq:   110.263 tail:       8.09805172e-21 dofdiff:      9 chisqdiff:  7875.880 taildiff:                    0
B:
          scale     1.000 
     Anatolia_N    -0.614 
            Ami     1.333 
           Mixe     0.793 
   Ganj_Dareh_N    -0.639 
           Onge     0.586 
     Villabruna    -0.497 
     DevilsGate     1.399 
      Sherpa.LC     1.503 
A:
          scale   154.472 
       Samdzong     0.079 
         Pathan    -1.412 

f4info: 
f4rank: 2 dof:      0 chisq:     0.000 tail:                    1 dofdiff:      7 chisqdiff:   110.263 taildiff:       8.09805172e-21
B:
          scale     1.000     1.000 
     Anatolia_N    -0.628     0.587 
            Ami     1.360    -1.123 
           Mixe     0.784    -0.457 
   Ganj_Dareh_N    -0.637    -0.544 
           Onge     0.609    -1.212 
     Villabruna    -0.494     0.759 
     DevilsGate     1.405     0.109 
      Sherpa.LC     1.465     1.957 
A:
          scale   153.319  3294.148 
       Samdzong     0.068     1.413 
         Pathan    -1.413     0.068 

## end of run
