/home/cliu7/utils/AdmixTools/bin/qpWave: parameter file: temp/param/qpAdm_Gurung.Mebrak.Southeast_China.par585f0kqc
### THE INPUT PARAMETERS
##PARAMETER NAME: VALUE
DIR: data/intermediate
S1: HO_all_merged.qpAdm
indivname: data/intermediate/HO_all_merged.qpAdm.grouped.ind
snpname: data/intermediate/HO_all_merged.qpAdm.snp
genotypename: data/intermediate/HO_all_merged.qpAdm.geno
popleft: temp/param/left.585f0kqc
popright: temp/param/right.585f0kqc
details: YES
## qpWave version: 410
packed geno read OK
end of inpack

left pops:
Gurung
Mebrak
Southeast_China

right pops:
Mbuti
Anatolia_N
Ami
Mixe
Ganj_Dareh_N
Onge
Villabruna
DevilsGate
Sherpa.LC

  0               Gurung    5
  1               Mebrak    8
  2      Southeast_China   97
  3                Mbuti   10
  4           Anatolia_N   25
  5                  Ami   10
  6                 Mixe   10
  7         Ganj_Dareh_N    7
  8                 Onge   12
  9           Villabruna    1
 10           DevilsGate    4
 11            Sherpa.LC    9
jackknife block size:     0.050
snps: 498990  indivs: 198
number of blocks for block jackknife: 710
dof (jackknife):   583.540
numsnps used: 418201
f4info: 
f4rank: 0 dof:     16 chisq:  2505.467 tail:                    0 dofdiff:      0 chisqdiff:     0.000 taildiff:                    1

f4info: 
f4rank: 1 dof:      7 chisq:   121.559 tail:       3.62733852e-23 dofdiff:      9 chisqdiff:  2383.909 taildiff:                    0
B:
          scale     1.000 
     Anatolia_N    -0.080 
            Ami     2.634 
           Mixe     0.513 
   Ganj_Dareh_N    -0.143 
           Onge     0.467 
     Villabruna    -0.247 
     DevilsGate     0.483 
      Sherpa.LC    -0.507 
A:
          scale   878.950 
         Mebrak    -0.264 
Southeast_China     1.389 

f4info: 
f4rank: 2 dof:      0 chisq:     0.000 tail:                    1 dofdiff:      7 chisqdiff:   121.559 taildiff:       3.62733852e-23
B:
          scale     1.000     1.000 
     Anatolia_N    -0.189    -0.373 
            Ami     2.604    -0.388 
           Mixe     0.527     0.049 
   Ganj_Dareh_N    -0.252    -0.449 
           Onge     0.323    -0.716 
     Villabruna    -0.096     0.458 
     DevilsGate     0.853     1.306 
      Sherpa.LC    -0.017     2.254 
A:
          scale   790.046  2111.818 
         Mebrak     0.124     1.409 
Southeast_China     1.409    -0.124 

## end of run
