/home/cliu7/utils/AdmixTools/bin/qpWave: parameter file: temp/param/qpAdm_Gurung.Samdzong.Han.par9ju1lwjg
### THE INPUT PARAMETERS
##PARAMETER NAME: VALUE
DIR: data/intermediate
S1: HO_all_merged.qpAdm
indivname: data/intermediate/HO_all_merged.qpAdm.grouped.ind
snpname: data/intermediate/HO_all_merged.qpAdm.snp
genotypename: data/intermediate/HO_all_merged.qpAdm.geno
popleft: temp/param/left.9ju1lwjg
popright: temp/param/right.9ju1lwjg
details: YES
## qpWave version: 410
packed geno read OK
end of inpack

left pops:
Gurung
Samdzong
Han

right pops:
Mbuti
Anatolia_N
Ami
Mixe
Ganj_Dareh_N
Onge
Villabruna
DevilsGate
Sherpa.LC

  0               Gurung    5
  1             Samdzong    9
  2                  Han   33
  3                Mbuti   10
  4           Anatolia_N   25
  5                  Ami   10
  6                 Mixe   10
  7         Ganj_Dareh_N    7
  8                 Onge   12
  9           Villabruna    1
 10           DevilsGate    4
 11            Sherpa.LC    9
jackknife block size:     0.050
snps: 498990  indivs: 135
number of blocks for block jackknife: 710
dof (jackknife):   583.481
numsnps used: 420346
f4info: 
f4rank: 0 dof:     16 chisq:  2115.736 tail:                    0 dofdiff:      0 chisqdiff:     0.000 taildiff:                    1

f4info: 
f4rank: 1 dof:      7 chisq:   120.550 tail:       5.88611647e-23 dofdiff:      9 chisqdiff:  1995.187 taildiff:                    0
B:
          scale     1.000 
     Anatolia_N    -0.154 
            Ami     2.417 
           Mixe     0.789 
   Ganj_Dareh_N    -0.112 
           Onge     0.356 
     Villabruna    -0.183 
     DevilsGate     1.147 
      Sherpa.LC    -0.146 
A:
          scale   911.920 
       Samdzong    -0.274 
            Han     1.387 

f4info: 
f4rank: 2 dof:      0 chisq:     0.000 tail:                    1 dofdiff:      7 chisqdiff:   120.550 taildiff:       5.88611647e-23
B:
          scale     1.000     1.000 
     Anatolia_N    -0.125     0.008 
            Ami     2.287    -0.811 
           Mixe     0.806    -0.091 
   Ganj_Dareh_N    -0.235    -0.810 
           Onge     0.251    -0.556 
     Villabruna    -0.021     0.198 
     DevilsGate     1.335     0.591 
      Sherpa.LC     0.447     2.445 
A:
          scale   767.980  2513.610 
       Samdzong     0.192     1.401 
            Han     1.401    -0.192 

## end of run
