/home/cliu7/utils/AdmixTools/bin/qpWave: parameter file: temp/param/qpAdm_Gurung.Kyang.Southeast_China.par60uy6s8n
### THE INPUT PARAMETERS
##PARAMETER NAME: VALUE
DIR: data/intermediate
S1: HO_all_merged.qpAdm
indivname: data/intermediate/HO_all_merged.qpAdm.grouped.ind
snpname: data/intermediate/HO_all_merged.qpAdm.snp
genotypename: data/intermediate/HO_all_merged.qpAdm.geno
popleft: temp/param/left.60uy6s8n
popright: temp/param/right.60uy6s8n
details: YES
## qpWave version: 410
packed geno read OK
end of inpack

left pops:
Gurung
Kyang
Southeast_China

right pops:
Mbuti
Anatolia_N
Ami
Mixe
Ganj_Dareh_N
Onge
Villabruna
DevilsGate
Sherpa.LC

  0               Gurung    5
  1                Kyang    7
  2      Southeast_China   97
  3                Mbuti   10
  4           Anatolia_N   25
  5                  Ami   10
  6                 Mixe   10
  7         Ganj_Dareh_N    7
  8                 Onge   12
  9           Villabruna    1
 10           DevilsGate    4
 11            Sherpa.LC    9
jackknife block size:     0.050
snps: 498990  indivs: 197
number of blocks for block jackknife: 710
dof (jackknife):   583.497
numsnps used: 418260
f4info: 
f4rank: 0 dof:     16 chisq:  2454.538 tail:                    0 dofdiff:      0 chisqdiff:     0.000 taildiff:                    1

f4info: 
f4rank: 1 dof:      7 chisq:   127.178 tail:       2.44125198e-24 dofdiff:      9 chisqdiff:  2327.360 taildiff:                    0
B:
          scale     1.000 
     Anatolia_N    -0.153 
            Ami     2.623 
           Mixe     0.439 
   Ganj_Dareh_N    -0.107 
           Onge     0.349 
     Villabruna    -0.268 
     DevilsGate     0.500 
      Sherpa.LC    -0.667 
A:
          scale   893.196 
          Kyang    -0.318 
Southeast_China     1.378 

f4info: 
f4rank: 2 dof:      0 chisq:     0.000 tail:                    1 dofdiff:      7 chisqdiff:   127.178 taildiff:       2.44125198e-24
B:
          scale     1.000     1.000 
     Anatolia_N    -0.180    -0.105 
            Ami     2.603    -0.408 
           Mixe     0.531     0.161 
   Ganj_Dareh_N    -0.263    -0.726 
           Onge     0.341    -0.175 
     Villabruna    -0.091     0.584 
     DevilsGate     0.847     1.059 
      Sherpa.LC    -0.008     2.403 
A:
          scale   790.375  1941.186 
          Kyang     0.121     1.409 
Southeast_China     1.409    -0.121 

## end of run
