/home/cliu7/utils/AdmixTools/bin/qpWave: parameter file: temp/param/qpAdm_Gurung.Mebrak.Mala.par058chmth
### THE INPUT PARAMETERS
##PARAMETER NAME: VALUE
DIR: data/intermediate
S1: HO_all_merged.qpAdm
indivname: data/intermediate/HO_all_merged.qpAdm.grouped.ind
snpname: data/intermediate/HO_all_merged.qpAdm.snp
genotypename: data/intermediate/HO_all_merged.qpAdm.geno
popleft: temp/param/left.058chmth
popright: temp/param/right.058chmth
details: YES
## qpWave version: 410
packed geno read OK
end of inpack

left pops:
Gurung
Mebrak
Mala

right pops:
Mbuti
Anatolia_N
Ami
Mixe
Ganj_Dareh_N
Onge
Villabruna
DevilsGate
Sherpa.LC

  0               Gurung    5
  1               Mebrak    8
  2                 Mala   11
  3                Mbuti   10
  4           Anatolia_N   25
  5                  Ami   10
  6                 Mixe   10
  7         Ganj_Dareh_N    7
  8                 Onge   12
  9           Villabruna    1
 10           DevilsGate    4
 11            Sherpa.LC    9
jackknife block size:     0.050
snps: 498990  indivs: 112
number of blocks for block jackknife: 710
dof (jackknife):   583.336
numsnps used: 418847
f4info: 
f4rank: 0 dof:     16 chisq:  5538.194 tail:                    0 dofdiff:      0 chisqdiff:     0.000 taildiff:                    1

f4info: 
f4rank: 1 dof:      7 chisq:    84.534 tail:        1.6328426e-15 dofdiff:      9 chisqdiff:  5453.660 taildiff:                    0
B:
          scale     1.000 
     Anatolia_N    -0.293 
            Ami     1.374 
           Mixe     0.937 
   Ganj_Dareh_N    -0.402 
           Onge     0.316 
     Villabruna    -0.152 
     DevilsGate     1.501 
      Sherpa.LC     1.616 
A:
          scale   201.118 
         Mebrak     0.155 
           Mala    -1.406 

f4info: 
f4rank: 2 dof:      0 chisq:     0.000 tail:                    1 dofdiff:      7 chisqdiff:    84.534 taildiff:        1.6328426e-15
B:
          scale     1.000     1.000 
     Anatolia_N    -0.281     0.298 
            Ami     1.404     1.342 
           Mixe     0.952     0.880 
   Ganj_Dareh_N    -0.400     0.293 
           Onge     0.352     1.396 
     Villabruna    -0.159    -0.853 
     DevilsGate     1.498    -0.493 
      Sherpa.LC     1.578    -1.527 
A:
          scale   196.368  3220.652 
         Mebrak     0.103    -1.410 
           Mala    -1.410    -0.103 

## end of run
