/home/cliu7/utils/AdmixTools/bin/qpAdm: parameter file: temp/param/qpAdm_Gurung.Lubrak.Han.parcv3f2buq
### THE INPUT PARAMETERS
##PARAMETER NAME: VALUE
DIR: data/intermediate
S1: HO_all_merged.qpAdm
indivname: data/intermediate/HO_all_merged.qpAdm.grouped.ind
snpname: data/intermediate/HO_all_merged.qpAdm.snp
genotypename: data/intermediate/HO_all_merged.qpAdm.geno
popleft: temp/param/left.cv3f2buq
popright: temp/param/right.cv3f2buq
details: YES
## qpAdm version: 810
seed: -38697563
packed geno read OK
end of inpack

left pops:
Gurung
Lubrak
Han

right pops:
Mbuti
Anatolia_N
Ami
Mixe
Ganj_Dareh_N
Onge
Villabruna
DevilsGate
Sherpa.LC

  0               Gurung    5
  1               Lubrak    2
  2                  Han   33
  3                Mbuti   10
  4           Anatolia_N   25
  5                  Ami   10
  6                 Mixe   10
  7         Ganj_Dareh_N    7
  8                 Onge   12
  9           Villabruna    1
 10           DevilsGate    4
 11            Sherpa.LC    9
jackknife block size:     0.050
snps: 498990  indivs: 128
number of blocks for block jackknife: 710
## ncols: 498990
coverage:               Gurung 498036
coverage:               Lubrak 327444
coverage:                  Han 498990
coverage:                Mbuti 498990
coverage:           Anatolia_N 498137
coverage:                  Ami 498990
coverage:                 Mixe 498990
coverage:         Ganj_Dareh_N 457128
coverage:                 Onge 498990
coverage:           Villabruna 415230
coverage:           DevilsGate 498716
coverage:            Sherpa.LC 498990
dof (jackknife):   583.281
numsnps used: 306308
codimension 1
f4info: 
f4rank: 1 dof:      7 chisq:   119.062 tail:       1.20093012e-22 dofdiff:      9 chisqdiff:  -119.062 taildiff:                    1
B:
          scale     1.000 
     Anatolia_N    -0.194 
            Ami     2.427 
           Mixe     0.766 
   Ganj_Dareh_N    -0.274 
           Onge     0.176 
     Villabruna    -0.270 
     DevilsGate     1.139 
      Sherpa.LC    -0.076 
A:
          scale   913.406 
         Lubrak    -0.172 
            Han     1.404 


full rank
f4info: 
f4rank: 2 dof:      0 chisq:     0.000 tail:                    1 dofdiff:      7 chisqdiff:   119.062 taildiff:       1.20093012e-22
B:
          scale     1.000     1.000 
     Anatolia_N    -0.142     0.120 
            Ami     2.136    -1.599 
           Mixe     0.789    -0.289 
   Ganj_Dareh_N    -0.225     0.045 
           Onge     0.203    -0.279 
     Villabruna     0.092     0.767 
     DevilsGate     1.470     0.471 
      Sherpa.LC     0.731     2.111 
A:
          scale   717.826  1614.309 
         Lubrak     0.696     1.315 
            Han     1.231    -0.521 


best coefficients:     0.891     0.109 
Jackknife mean:      0.889368324     0.110631676 
      std. errors:     0.046     0.046 

error covariance (* 1000000)
      2144      -2144 
     -2144       2144 


summ: Gurung    2      0.000000     0.889     0.111  2144 -2144  2144 

    fixed pat  wt  dof     chisq       tail prob
           00  0     7   119.062     1.20093e-22     0.891     0.109 
           01  1     8   124.296     4.29208e-23     1.000     0.000 
           10  1     8  1186.048               0     0.000     1.000 
best pat:           00      1.20093e-22              -  -
best pat:           01      4.29208e-23  chi(nested):     5.234 p-value for nested model:       0.0221515

coeffs:     0.891     0.109 

## dscore:: f_4(Base, Fit, Rbase, right2)
## genstat:: f_4(Base, Fit, right1, right2)

details:          Lubrak      Anatolia_N    -0.000014   -0.052394
details:             Han      Anatolia_N    -0.000275   -2.045108
dscore:      Anatolia_N f4:    -0.000043 Z:    -0.172527

details:          Lubrak             Ami     0.000796    2.576222
details:             Han             Ami     0.004190   24.940459
dscore:             Ami f4:     0.001166 Z:     4.120129

details:          Lubrak            Mixe     0.000555    1.704825
details:             Han            Mixe     0.001457    8.220025
dscore:            Mixe f4:     0.000654 Z:     2.192352

details:          Lubrak    Ganj_Dareh_N    -0.000159   -0.485760
details:             Han    Ganj_Dareh_N    -0.000393   -2.349749
dscore:    Ganj_Dareh_N f4:    -0.000184 Z:    -0.621474

details:          Lubrak            Onge    -0.000006   -0.020313
details:             Han            Onge     0.000447    2.772835
dscore:            Onge f4:     0.000043 Z:     0.151219

details:          Lubrak      Villabruna     0.000754    1.738964
details:             Han      Villabruna    -0.000079   -0.349787
dscore:      Villabruna f4:     0.000663 Z:     1.672060

details:          Lubrak      DevilsGate     0.001841    5.051653
details:             Han      DevilsGate     0.002382   12.082381
dscore:      DevilsGate f4:     0.001900 Z:     5.709385

details:          Lubrak       Sherpa.LC     0.002456    7.809506
details:             Han       Sherpa.LC     0.000583    3.545965
dscore:       Sherpa.LC f4:     0.002251 Z:     7.825067

gendstat:                Mbuti           Anatolia_N    -0.173
gendstat:                Mbuti                  Ami     4.120
gendstat:                Mbuti                 Mixe     2.192
gendstat:                Mbuti         Ganj_Dareh_N    -0.621
gendstat:                Mbuti                 Onge     0.151
gendstat:                Mbuti           Villabruna     1.672
gendstat:                Mbuti           DevilsGate     5.709
gendstat:                Mbuti            Sherpa.LC     7.825
gendstat:           Anatolia_N                  Ami     4.986
gendstat:           Anatolia_N                 Mixe     2.557
gendstat:           Anatolia_N         Ganj_Dareh_N    -0.576
gendstat:           Anatolia_N                 Onge     0.322
gendstat:           Anatolia_N           Villabruna     2.123
gendstat:           Anatolia_N           DevilsGate     6.153
gendstat:           Anatolia_N            Sherpa.LC     9.150
gendstat:                  Ami                 Mixe    -2.155
gendstat:                  Ami         Ganj_Dareh_N    -4.406
gendstat:                  Ami                 Onge    -4.295
gendstat:                  Ami           Villabruna    -1.333
gendstat:                  Ami           DevilsGate     2.620
gendstat:                  Ami            Sherpa.LC     5.416
gendstat:                 Mixe         Ganj_Dareh_N    -2.504
gendstat:                 Mixe                 Onge    -2.037
gendstat:                 Mixe           Villabruna     0.023
gendstat:                 Mixe           DevilsGate     4.062
gendstat:                 Mixe            Sherpa.LC     6.171
gendstat:         Ganj_Dareh_N                 Onge     0.717
gendstat:         Ganj_Dareh_N           Villabruna     2.116
gendstat:         Ganj_Dareh_N           DevilsGate     5.722
gendstat:         Ganj_Dareh_N            Sherpa.LC     7.718
gendstat:                 Onge           Villabruna     1.601
gendstat:                 Onge           DevilsGate     5.485
gendstat:                 Onge            Sherpa.LC     8.132
gendstat:           Villabruna           DevilsGate     2.899
gendstat:           Villabruna            Sherpa.LC     4.103
gendstat:           DevilsGate            Sherpa.LC     1.256

## end of run
