/home/cliu7/utils/AdmixTools/bin/qpWave: parameter file: temp/param/qpAdm_Gurung.Kyang.Mala.parp4bbt4ge
### THE INPUT PARAMETERS
##PARAMETER NAME: VALUE
DIR: data/intermediate
S1: HO_all_merged.qpAdm
indivname: data/intermediate/HO_all_merged.qpAdm.grouped.ind
snpname: data/intermediate/HO_all_merged.qpAdm.snp
genotypename: data/intermediate/HO_all_merged.qpAdm.geno
popleft: temp/param/left.p4bbt4ge
popright: temp/param/right.p4bbt4ge
details: YES
## qpWave version: 410
packed geno read OK
end of inpack

left pops:
Gurung
Kyang
Mala

right pops:
Mbuti
Anatolia_N
Ami
Mixe
Ganj_Dareh_N
Onge
Villabruna
DevilsGate
Sherpa.LC

  0               Gurung    5
  1                Kyang    7
  2                 Mala   11
  3                Mbuti   10
  4           Anatolia_N   25
  5                  Ami   10
  6                 Mixe   10
  7         Ganj_Dareh_N    7
  8                 Onge   12
  9           Villabruna    1
 10           DevilsGate    4
 11            Sherpa.LC    9
jackknife block size:     0.050
snps: 498990  indivs: 111
number of blocks for block jackknife: 710
dof (jackknife):   583.323
numsnps used: 418898
f4info: 
f4rank: 0 dof:     16 chisq:  5606.649 tail:                    0 dofdiff:      0 chisqdiff:     0.000 taildiff:                    1

f4info: 
f4rank: 1 dof:      7 chisq:   113.370 tail:       1.83348122e-21 dofdiff:      9 chisqdiff:  5493.279 taildiff:                    0
B:
          scale     1.000 
     Anatolia_N    -0.278 
            Ami     1.361 
           Mixe     0.948 
   Ganj_Dareh_N    -0.413 
           Onge     0.344 
     Villabruna    -0.155 
     DevilsGate     1.487 
      Sherpa.LC     1.627 
A:
          scale   200.180 
          Kyang     0.153 
           Mala    -1.406 

f4info: 
f4rank: 2 dof:      0 chisq:     0.000 tail:                    1 dofdiff:      7 chisqdiff:   113.370 taildiff:       1.83348122e-21
B:
          scale     1.000     1.000 
     Anatolia_N    -0.279    -0.121 
            Ami     1.402     1.500 
           Mixe     0.952     0.744 
   Ganj_Dareh_N    -0.402     0.715 
           Onge     0.355     0.594 
     Villabruna    -0.157    -1.067 
     DevilsGate     1.496    -0.081 
      Sherpa.LC     1.580    -1.781 
A:
          scale   196.293  3009.514 
          Kyang     0.113    -1.410 
           Mala    -1.410    -0.113 

## end of run
