/home/cliu7/utils/AdmixTools/bin/qpAdm: parameter file: temp/param/qpAdm_Gurung.Rhirhi.Southeast_China.park05rmtt8
### THE INPUT PARAMETERS
##PARAMETER NAME: VALUE
DIR: data/intermediate
S1: HO_all_merged.qpAdm
indivname: data/intermediate/HO_all_merged.qpAdm.grouped.ind
snpname: data/intermediate/HO_all_merged.qpAdm.snp
genotypename: data/intermediate/HO_all_merged.qpAdm.geno
popleft: temp/param/left.k05rmtt8
popright: temp/param/right.k05rmtt8
details: YES
## qpAdm version: 810
seed: -1357529145
packed geno read OK
end of inpack

left pops:
Gurung
Rhirhi
Southeast_China

right pops:
Mbuti
Anatolia_N
Ami
Mixe
Ganj_Dareh_N
Onge
Villabruna
DevilsGate
Sherpa.LC

  0               Gurung    5
  1               Rhirhi    4
  2      Southeast_China   97
  3                Mbuti   10
  4           Anatolia_N   25
  5                  Ami   10
  6                 Mixe   10
  7         Ganj_Dareh_N    7
  8                 Onge   12
  9           Villabruna    1
 10           DevilsGate    4
 11            Sherpa.LC    9
jackknife block size:     0.050
snps: 498990  indivs: 194
number of blocks for block jackknife: 710
## ncols: 498990
coverage:               Gurung 498036
coverage:               Rhirhi 489694
coverage:      Southeast_China 498990
coverage:                Mbuti 498990
coverage:           Anatolia_N 498137
coverage:                  Ami 498990
coverage:                 Mixe 498990
coverage:         Ganj_Dareh_N 457128
coverage:                 Onge 498990
coverage:           Villabruna 415230
coverage:           DevilsGate 498716
coverage:            Sherpa.LC 498990
dof (jackknife):   583.614
numsnps used: 415314
codimension 1
f4info: 
f4rank: 1 dof:      7 chisq:    54.270 tail:       2.08002062e-09 dofdiff:      9 chisqdiff:   -54.270 taildiff:                    1
B:
          scale     1.000 
     Anatolia_N    -0.163 
            Ami     2.639 
           Mixe     0.542 
   Ganj_Dareh_N    -0.184 
           Onge     0.388 
     Villabruna    -0.281 
     DevilsGate     0.599 
      Sherpa.LC    -0.304 
A:
          scale   827.268 
         Rhirhi    -0.234 
Southeast_China     1.395 


full rank
f4info: 
f4rank: 2 dof:      0 chisq:     0.000 tail:                    1 dofdiff:      7 chisqdiff:    54.270 taildiff:       2.08002062e-09
B:
          scale     1.000     1.000 
     Anatolia_N    -0.165    -0.429 
            Ami     2.628    -0.830 
           Mixe     0.532    -0.444 
   Ganj_Dareh_N    -0.197    -0.899 
           Onge     0.379    -0.962 
     Villabruna    -0.164     1.039 
     DevilsGate     0.736     1.237 
      Sherpa.LC    -0.172     1.609 
A:
          scale   784.851  2506.600 
         Rhirhi     0.049     1.400 
Southeast_China     1.413     0.202 


best coefficients:     0.856     0.144 
Jackknife mean:      0.855604057     0.144395943 
      std. errors:     0.027     0.027 

error covariance (* 1000000)
       715       -715 
      -715        715 


summ: Gurung    2      0.000000     0.856     0.144   715  -715   715 

    fixed pat  wt  dof     chisq       tail prob
           00  0     7    54.270     2.08002e-09     0.856     0.144 
           01  1     8    78.667     9.06424e-14     1.000     0.000 
           10  1     8  1679.140               0     0.000     1.000 
best pat:           00      2.08002e-09              -  -
best pat:           01      9.06424e-14  chi(nested):    24.397 p-value for nested model:     7.83754e-07

coeffs:     0.856     0.144 

## dscore:: f_4(Base, Fit, Rbase, right2)
## genstat:: f_4(Base, Fit, right1, right2)

details:          Rhirhi      Anatolia_N    -0.000237   -1.145457
details: Southeast_China      Anatolia_N    -0.000323   -2.375758
dscore:      Anatolia_N f4:    -0.000249 Z:    -1.335541

details:          Rhirhi             Ami    -0.000288   -1.165988
details: Southeast_China             Ami     0.004679   27.715773
dscore:             Ami f4:     0.000427 Z:     1.906483

details:          Rhirhi            Mixe    -0.000196   -0.742088
details: Southeast_China            Mixe     0.000935    5.197193
dscore:            Mixe f4:    -0.000033 Z:    -0.139569

details:          Rhirhi    Ganj_Dareh_N    -0.000507   -1.895933
details: Southeast_China    Ganj_Dareh_N    -0.000420   -2.503474
dscore:    Ganj_Dareh_N f4:    -0.000494 Z:    -2.054687

details:          Rhirhi            Onge    -0.000509   -2.069242
details: Southeast_China            Onge     0.000615    3.723739
dscore:            Onge f4:    -0.000348 Z:    -1.569480

details:          Rhirhi      Villabruna     0.000597    1.779792
details: Southeast_China      Villabruna    -0.000197   -0.911379
dscore:      Villabruna f4:     0.000483 Z:     1.594803

details:          Rhirhi      DevilsGate     0.000760    2.519305
details: Southeast_China      DevilsGate     0.001443    7.379509
dscore:      DevilsGate f4:     0.000859 Z:     3.150298

details:          Rhirhi       Sherpa.LC     0.000897    3.598538
details: Southeast_China       Sherpa.LC    -0.000169   -1.015120
dscore:       Sherpa.LC f4:     0.000743 Z:     3.300823

gendstat:                Mbuti           Anatolia_N    -1.336
gendstat:                Mbuti                  Ami     1.906
gendstat:                Mbuti                 Mixe    -0.140
gendstat:                Mbuti         Ganj_Dareh_N    -2.055
gendstat:                Mbuti                 Onge    -1.569
gendstat:                Mbuti           Villabruna     1.595
gendstat:                Mbuti           DevilsGate     3.150
gendstat:                Mbuti            Sherpa.LC     3.301
gendstat:           Anatolia_N                  Ami     3.304
gendstat:           Anatolia_N                 Mixe     0.984
gendstat:           Anatolia_N         Ganj_Dareh_N    -1.270
gendstat:           Anatolia_N                 Onge    -0.453
gendstat:           Anatolia_N           Villabruna     2.836
gendstat:           Anatolia_N           DevilsGate     4.281
gendstat:           Anatolia_N            Sherpa.LC     4.893
gendstat:                  Ami                 Mixe    -2.447
gendstat:                  Ami         Ganj_Dareh_N    -3.778
gendstat:                  Ami                 Onge    -3.343
gendstat:                  Ami           Villabruna     0.183
gendstat:                  Ami           DevilsGate     2.006
gendstat:                  Ami            Sherpa.LC     1.955
gendstat:                 Mixe         Ganj_Dareh_N    -1.739
gendstat:                 Mixe                 Onge    -1.235
gendstat:                 Mixe           Villabruna     1.652
gendstat:                 Mixe           DevilsGate     3.689
gendstat:                 Mixe            Sherpa.LC     4.066
gendstat:         Ganj_Dareh_N                 Onge     0.556
gendstat:         Ganj_Dareh_N           Villabruna     3.201
gendstat:         Ganj_Dareh_N           DevilsGate     4.530
gendstat:         Ganj_Dareh_N            Sherpa.LC     5.149
gendstat:                 Onge           Villabruna     2.630
gendstat:                 Onge           DevilsGate     4.132
gendstat:                 Onge            Sherpa.LC     4.709
gendstat:           Villabruna           DevilsGate     1.102
gendstat:           Villabruna            Sherpa.LC     0.861
gendstat:           DevilsGate            Sherpa.LC    -0.529

## end of run
