/home/cliu7/utils/AdmixTools/bin/qpAdm: parameter file: temp/param/qpAdm_Gurung.Kyang.Pathan.parm9n7iesr
### THE INPUT PARAMETERS
##PARAMETER NAME: VALUE
DIR: data/intermediate
S1: HO_all_merged.qpAdm
indivname: data/intermediate/HO_all_merged.qpAdm.grouped.ind
snpname: data/intermediate/HO_all_merged.qpAdm.snp
genotypename: data/intermediate/HO_all_merged.qpAdm.geno
popleft: temp/param/left.m9n7iesr
popright: temp/param/right.m9n7iesr
details: YES
## qpAdm version: 810
seed: -77550629
packed geno read OK
end of inpack

left pops:
Gurung
Kyang
Pathan

right pops:
Mbuti
Anatolia_N
Ami
Mixe
Ganj_Dareh_N
Onge
Villabruna
DevilsGate
Sherpa.LC

  0               Gurung    5
  1                Kyang    7
  2               Pathan   18
  3                Mbuti   10
  4           Anatolia_N   25
  5                  Ami   10
  6                 Mixe   10
  7         Ganj_Dareh_N    7
  8                 Onge   12
  9           Villabruna    1
 10           DevilsGate    4
 11            Sherpa.LC    9
jackknife block size:     0.050
snps: 498990  indivs: 118
number of blocks for block jackknife: 710
## ncols: 498990
coverage:               Gurung 498036
coverage:                Kyang 498984
coverage:               Pathan 498990
coverage:                Mbuti 498990
coverage:           Anatolia_N 498137
coverage:                  Ami 498990
coverage:                 Mixe 498990
coverage:         Ganj_Dareh_N 457128
coverage:                 Onge 498990
coverage:           Villabruna 415230
coverage:           DevilsGate 498716
coverage:            Sherpa.LC 498990
dof (jackknife):   583.377
numsnps used: 416144
codimension 1
f4info: 
f4rank: 1 dof:      7 chisq:   129.417 tail:       8.32049829e-25 dofdiff:      9 chisqdiff:  -129.417 taildiff:                    1
B:
          scale     1.000 
     Anatolia_N    -0.630 
            Ami     1.322 
           Mixe     0.785 
   Ganj_Dareh_N    -0.661 
           Onge     0.594 
     Villabruna    -0.493 
     DevilsGate     1.393 
      Sherpa.LC     1.505 
A:
          scale   155.342 
          Kyang     0.095 
         Pathan    -1.411 


full rank
f4info: 
f4rank: 2 dof:      0 chisq:     0.000 tail:                    1 dofdiff:      7 chisqdiff:   129.417 taildiff:       8.32049829e-25
B:
          scale     1.000     1.000 
     Anatolia_N    -0.625     0.330 
            Ami     1.330    -1.351 
           Mixe     0.774    -0.477 
   Ganj_Dareh_N    -0.652    -0.585 
           Onge     0.591    -0.768 
     Villabruna    -0.474     0.858 
     DevilsGate     1.407     0.194 
      Sherpa.LC     1.504     2.033 
A:
          scale   153.570  2776.844 
          Kyang     0.078     1.299 
         Pathan    -1.412     0.559 


best coefficients:     0.937     0.063 
Jackknife mean:      0.936912091     0.063087909 
      std. errors:     0.008     0.008 

error covariance (* 1000000)
        61        -61 
       -61         61 


summ: Gurung    2      0.000000     0.937     0.063    61   -61    61 

    fixed pat  wt  dof     chisq       tail prob
           00  0     7   129.417      8.3205e-25     0.937     0.063 
           01  1     8   189.923               0     1.000    -0.000 
           10  1     8  6695.015               0     0.000     1.000 
best pat:           00       8.3205e-25              -  -
best pat:           01       8.4538e-37  chi(nested):    60.506 p-value for nested model:     7.33542e-15

coeffs:     0.937     0.063 

## dscore:: f_4(Base, Fit, Rbase, right2)
## genstat:: f_4(Base, Fit, right1, right2)

details:           Kyang      Anatolia_N    -0.000104   -0.609257
details:          Pathan      Anatolia_N     0.005799   28.013438
dscore:      Anatolia_N f4:     0.000268 Z:     1.626080

details:           Kyang             Ami     0.000102    0.509270
details:          Pathan             Ami    -0.012548  -49.120242
dscore:             Ami f4:    -0.000696 Z:    -3.595813

details:           Kyang            Mixe     0.000199    0.896469
details:          Pathan            Mixe    -0.007237  -25.912214
dscore:            Mixe f4:    -0.000270 Z:    -1.258547

details:           Kyang    Ganj_Dareh_N    -0.000570   -2.808351
details:          Pathan    Ganj_Dareh_N     0.005853   23.888416
dscore:    Ganj_Dareh_N f4:    -0.000164 Z:    -0.840247

details:           Kyang            Onge    -0.000075   -0.376925
details:          Pathan            Onge    -0.005637  -23.768441
dscore:            Onge f4:    -0.000426 Z:    -2.216042

details:           Kyang      Villabruna     0.000412    1.516012
details:          Pathan      Villabruna     0.004565   14.691503
dscore:      Villabruna f4:     0.000674 Z:     2.588564

details:           Kyang      DevilsGate     0.000903    3.715081
details:          Pathan      DevilsGate    -0.012944  -44.113715
dscore:      DevilsGate f4:     0.000029 Z:     0.122732

details:           Kyang       Sherpa.LC     0.001752    8.587491
details:          Pathan       Sherpa.LC    -0.013459  -54.693687
dscore:       Sherpa.LC f4:     0.000792 Z:     4.035560

gendstat:                Mbuti           Anatolia_N     1.626
gendstat:                Mbuti                  Ami    -3.596
gendstat:                Mbuti                 Mixe    -1.259
gendstat:                Mbuti         Ganj_Dareh_N    -0.840
gendstat:                Mbuti                 Onge    -2.216
gendstat:                Mbuti           Villabruna     2.589
gendstat:                Mbuti           DevilsGate     0.123
gendstat:                Mbuti            Sherpa.LC     4.036
gendstat:           Anatolia_N                  Ami    -5.432
gendstat:           Anatolia_N                 Mixe    -2.844
gendstat:           Anatolia_N         Ganj_Dareh_N    -2.568
gendstat:           Anatolia_N                 Onge    -3.714
gendstat:           Anatolia_N           Villabruna     1.860
gendstat:           Anatolia_N           DevilsGate    -1.057
gendstat:           Anatolia_N            Sherpa.LC     2.938
gendstat:                  Ami                 Mixe     2.408
gendstat:                  Ami         Ganj_Dareh_N     2.443
gendstat:                  Ami                 Onge     1.416
gendstat:                  Ami           Villabruna     5.037
gendstat:                  Ami           DevilsGate     3.596
gendstat:                  Ami            Sherpa.LC    10.261
gendstat:                 Mixe         Ganj_Dareh_N     0.452
gendstat:                 Mixe                 Onge    -0.719
gendstat:                 Mixe           Villabruna     3.459
gendstat:                 Mixe           DevilsGate     1.280
gendstat:                 Mixe            Sherpa.LC     5.797
gendstat:         Ganj_Dareh_N                 Onge    -1.201
gendstat:         Ganj_Dareh_N           Villabruna     3.212
gendstat:         Ganj_Dareh_N           DevilsGate     0.757
gendstat:         Ganj_Dareh_N            Sherpa.LC     4.508
gendstat:                 Onge           Villabruna     4.001
gendstat:                 Onge           DevilsGate     1.818
gendstat:                 Onge            Sherpa.LC     6.240
gendstat:           Villabruna           DevilsGate    -2.211
gendstat:           Villabruna            Sherpa.LC     0.446
gendstat:           DevilsGate            Sherpa.LC     3.770

## end of run
