/home/cliu7/utils/AdmixTools/bin/qpAdm: parameter file: temp/param/qpAdm_Naga.Mebrak.Mala.pargokiksbb
### THE INPUT PARAMETERS
##PARAMETER NAME: VALUE
DIR: data/intermediate
S1: HO_all_merged.qpAdm
indivname: data/intermediate/HO_all_merged.qpAdm.grouped.ind
snpname: data/intermediate/HO_all_merged.qpAdm.snp
genotypename: data/intermediate/HO_all_merged.qpAdm.geno
popleft: temp/param/left.gokiksbb
popright: temp/param/right.gokiksbb
details: YES
## qpAdm version: 810
seed: 2062514781
packed geno read OK
end of inpack

left pops:
Naga
Mebrak
Mala

right pops:
Mbuti
Anatolia_N
Ami
Mixe
Ganj_Dareh_N
Onge
Villabruna
DevilsGate
Sherpa.LC

  0                 Naga    6
  1               Mebrak    8
  2                 Mala   11
  3                Mbuti   10
  4           Anatolia_N   25
  5                  Ami   10
  6                 Mixe   10
  7         Ganj_Dareh_N    7
  8                 Onge   12
  9           Villabruna    1
 10           DevilsGate    4
 11            Sherpa.LC    9
jackknife block size:     0.050
snps: 498990  indivs: 113
number of blocks for block jackknife: 710
## ncols: 498990
coverage:                 Naga 498990
coverage:               Mebrak 498978
coverage:                 Mala 498990
coverage:                Mbuti 498990
coverage:           Anatolia_N 498137
coverage:                  Ami 498990
coverage:                 Mixe 498990
coverage:         Ganj_Dareh_N 457128
coverage:                 Onge 498990
coverage:           Villabruna 415230
coverage:           DevilsGate 498716
coverage:            Sherpa.LC 498990
dof (jackknife):   583.276
numsnps used: 419300
codimension 1
f4info: 
f4rank: 1 dof:      7 chisq:   153.296 tail:        8.2432345e-30 dofdiff:      9 chisqdiff:  -153.296 taildiff:                    1
B:
          scale     1.000 
     Anatolia_N    -0.299 
            Ami     1.391 
           Mixe     0.958 
   Ganj_Dareh_N    -0.428 
           Onge     0.321 
     Villabruna    -0.141 
     DevilsGate     1.508 
      Sherpa.LC     1.573 
A:
          scale   173.720 
         Mebrak    -0.067 
           Mala    -1.413 


full rank
f4info: 
f4rank: 2 dof:      0 chisq:     0.000 tail:                    1 dofdiff:      7 chisqdiff:   153.296 taildiff:        8.2432345e-30
B:
          scale     1.000     1.000 
     Anatolia_N    -0.290     0.181 
            Ami     1.408     1.425 
           Mixe     0.950     0.737 
   Ganj_Dareh_N    -0.417     0.024 
           Onge     0.329     0.946 
     Villabruna    -0.126    -0.193 
     DevilsGate     1.514    -0.276 
      Sherpa.LC     1.563    -2.094 
A:
          scale   169.795  2610.913 
         Mebrak    -0.109    -1.364 
           Mala    -1.410    -0.372 


best coefficients:     1.050    -0.050 
Jackknife mean:      1.049697320    -0.049697320 
      std. errors:     0.012     0.012 

error covariance (* 1000000)
       156       -156 
      -156        156 


summ: Naga    2      0.000000     1.050    -0.050   156  -156   156 

    fixed pat  wt  dof     chisq       tail prob
           00  0     7   153.296     8.24323e-30     1.050    -0.050  infeasible
           01  1     8   170.142               0     1.000    -0.000 
           10  1     8  5307.742               0     0.000     1.000 
best pat:           00      8.24323e-30              -  -
best pat:           01      1.20439e-32  chi(nested):    16.846 p-value for nested model:     4.05407e-05

coeffs:     1.050    -0.050 

## dscore:: f_4(Base, Fit, Rbase, right2)
## genstat:: f_4(Base, Fit, right1, right2)

details:          Mebrak      Anatolia_N     0.000046    0.252377
details:            Mala      Anatolia_N     0.002335   10.838732
dscore:      Anatolia_N f4:    -0.000068 Z:    -0.360245

details:          Mebrak             Ami    -0.001689   -8.174111
details:            Mala             Ami    -0.011958  -45.942939
dscore:             Ami f4:    -0.001180 Z:    -5.563414

details:          Mebrak            Mixe    -0.001071   -4.988719
details:            Mala            Mixe    -0.008047  -30.137132
dscore:            Mixe f4:    -0.000725 Z:    -3.277376

details:          Mebrak    Ganj_Dareh_N     0.000208    1.002672
details:            Mala    Ganj_Dareh_N     0.003410   13.471396
dscore:    Ganj_Dareh_N f4:     0.000049 Z:     0.230762

details:          Mebrak            Onge    -0.000791   -3.962922
details:            Mala            Onge    -0.002934  -12.078534
dscore:            Onge f4:    -0.000685 Z:    -3.339282

details:          Mebrak      Villabruna     0.000139    0.511571
details:            Mala      Villabruna     0.001020    3.031299
dscore:      Villabruna f4:     0.000095 Z:     0.341075

details:          Mebrak      DevilsGate    -0.000868   -3.489520
details:            Mala      DevilsGate    -0.012605  -43.435611
dscore:      DevilsGate f4:    -0.000286 Z:    -1.118919

details:          Mebrak       Sherpa.LC     0.000037    0.179018
details:            Mala       Sherpa.LC    -0.012742  -51.300327
dscore:       Sherpa.LC f4:     0.000670 Z:     3.162970

gendstat:                Mbuti           Anatolia_N    -0.360
gendstat:                Mbuti                  Ami    -5.563
gendstat:                Mbuti                 Mixe    -3.277
gendstat:                Mbuti         Ganj_Dareh_N     0.231
gendstat:                Mbuti                 Onge    -3.339
gendstat:                Mbuti           Villabruna     0.341
gendstat:                Mbuti           DevilsGate    -1.119
gendstat:                Mbuti            Sherpa.LC     3.163
gendstat:           Anatolia_N                  Ami    -5.428
gendstat:           Anatolia_N                 Mixe    -3.045
gendstat:           Anatolia_N         Ganj_Dareh_N     0.659
gendstat:           Anatolia_N                 Onge    -3.120
gendstat:           Anatolia_N           Villabruna     0.678
gendstat:           Anatolia_N           DevilsGate    -0.873
gendstat:           Anatolia_N            Sherpa.LC     3.625
gendstat:                  Ami                 Mixe     2.267
gendstat:                  Ami         Ganj_Dareh_N     5.261
gendstat:                  Ami                 Onge     2.476
gendstat:                  Ami           Villabruna     4.351
gendstat:                  Ami           DevilsGate     4.225
gendstat:                  Ami            Sherpa.LC    11.535
gendstat:                 Mixe         Ganj_Dareh_N     3.291
gendstat:                 Mixe                 Onge     0.183
gendstat:                 Mixe           Villabruna     2.811
gendstat:                 Mixe           DevilsGate     1.806
gendstat:                 Mixe            Sherpa.LC     6.877
gendstat:         Ganj_Dareh_N                 Onge    -3.243
gendstat:         Ganj_Dareh_N           Villabruna     0.165
gendstat:         Ganj_Dareh_N           DevilsGate    -1.244
gendstat:         Ganj_Dareh_N            Sherpa.LC     2.683
gendstat:                 Onge           Villabruna     2.721
gendstat:                 Onge           DevilsGate     1.602
gendstat:                 Onge            Sherpa.LC     6.535
gendstat:           Villabruna           DevilsGate    -1.161
gendstat:           Villabruna            Sherpa.LC     1.939
gendstat:           DevilsGate            Sherpa.LC     4.412

## end of run
