/home/cliu7/utils/AdmixTools/bin/qpWave: parameter file: temp/param/qpAdm_Naga.Rhirhi.Mala.parb8rjlw7k
### THE INPUT PARAMETERS
##PARAMETER NAME: VALUE
DIR: data/intermediate
S1: HO_all_merged.qpAdm
indivname: data/intermediate/HO_all_merged.qpAdm.grouped.ind
snpname: data/intermediate/HO_all_merged.qpAdm.snp
genotypename: data/intermediate/HO_all_merged.qpAdm.geno
popleft: temp/param/left.b8rjlw7k
popright: temp/param/right.b8rjlw7k
details: YES
## qpWave version: 410
packed geno read OK
end of inpack

left pops:
Naga
Rhirhi
Mala

right pops:
Mbuti
Anatolia_N
Ami
Mixe
Ganj_Dareh_N
Onge
Villabruna
DevilsGate
Sherpa.LC

  0                 Naga    6
  1               Rhirhi    4
  2                 Mala   11
  3                Mbuti   10
  4           Anatolia_N   25
  5                  Ami   10
  6                 Mixe   10
  7         Ganj_Dareh_N    7
  8                 Onge   12
  9           Villabruna    1
 10           DevilsGate    4
 11            Sherpa.LC    9
jackknife block size:     0.050
snps: 498990  indivs: 109
number of blocks for block jackknife: 710
dof (jackknife):   583.381
numsnps used: 416629
f4info: 
f4rank: 0 dof:     16 chisq:  5703.906 tail:                    0 dofdiff:      0 chisqdiff:     0.000 taildiff:                    1

f4info: 
f4rank: 1 dof:      7 chisq:   109.138 tail:       1.38571107e-20 dofdiff:      9 chisqdiff:  5594.768 taildiff:                    0
B:
          scale     1.000 
     Anatolia_N    -0.292 
            Ami     1.412 
           Mixe     0.953 
   Ganj_Dareh_N    -0.423 
           Onge     0.344 
     Villabruna    -0.126 
     DevilsGate     1.514 
      Sherpa.LC     1.551 
A:
          scale   171.237 
         Rhirhi    -0.118 
           Mala    -1.409 

f4info: 
f4rank: 2 dof:      0 chisq:     0.000 tail:                    1 dofdiff:      7 chisqdiff:   109.138 taildiff:       1.38571107e-20
B:
          scale     1.000     1.000 
     Anatolia_N    -0.277     0.312 
            Ami     1.446     1.534 
           Mixe     0.972     0.932 
   Ganj_Dareh_N    -0.404     0.637 
           Onge     0.360     1.028 
     Villabruna    -0.126    -0.644 
     DevilsGate     1.508    -0.549 
      Sherpa.LC     1.518    -1.583 
A:
          scale   168.093  2691.463 
         Rhirhi    -0.155    -1.406 
           Mala    -1.406     0.155 

## end of run
