/home/cliu7/utils/AdmixTools/bin/qpAdm: parameter file: temp/param/qpAdm_Naga.UpperMustang.LC.Pulliyar.par4ht50flp
### THE INPUT PARAMETERS
##PARAMETER NAME: VALUE
DIR: data/intermediate
S1: HO_all_merged.qpAdm
indivname: data/intermediate/HO_all_merged.qpAdm.grouped.ind
snpname: data/intermediate/HO_all_merged.qpAdm.snp
genotypename: data/intermediate/HO_all_merged.qpAdm.geno
popleft: temp/param/left.4ht50flp
popright: temp/param/right.4ht50flp
details: YES
## qpAdm version: 810
seed: 1271361875
packed geno read OK
end of inpack

left pops:
Naga
UpperMustang.LC
Pulliyar

right pops:
Mbuti
Anatolia_N
Ami
Mixe
Ganj_Dareh_N
Onge
Villabruna
DevilsGate
Sherpa.LC

  0                 Naga    6
  1      UpperMustang.LC   11
  2             Pulliyar   35
  3                Mbuti   10
  4           Anatolia_N   25
  5                  Ami   10
  6                 Mixe   10
  7         Ganj_Dareh_N    7
  8                 Onge   12
  9           Villabruna    1
 10           DevilsGate    4
 11            Sherpa.LC    9
jackknife block size:     0.050
snps: 498990  indivs: 140
number of blocks for block jackknife: 710
## ncols: 498990
coverage:                 Naga 498990
coverage:      UpperMustang.LC 498990
coverage:             Pulliyar 459213
coverage:                Mbuti 498990
coverage:           Anatolia_N 498137
coverage:                  Ami 498990
coverage:                 Mixe 498990
coverage:         Ganj_Dareh_N 457128
coverage:                 Onge 498990
coverage:           Villabruna 415230
coverage:           DevilsGate 498716
coverage:            Sherpa.LC 498990
dof (jackknife):   584.951
numsnps used: 389916
codimension 1
f4info: 
f4rank: 1 dof:      7 chisq:   151.961 tail:       1.57266015e-29 dofdiff:      9 chisqdiff:  -151.961 taildiff:                    1
B:
          scale     1.000 
     Anatolia_N    -0.218 
            Ami     1.377 
           Mixe     0.999 
   Ganj_Dareh_N    -0.368 
           Onge     0.255 
     Villabruna    -0.122 
     DevilsGate     1.501 
      Sherpa.LC     1.609 
A:
          scale   177.530 
UpperMustang.LC    -0.054 
       Pulliyar    -1.413 


full rank
f4info: 
f4rank: 2 dof:      0 chisq:     0.000 tail:                    1 dofdiff:      7 chisqdiff:   151.961 taildiff:       1.57266015e-29
B:
          scale     1.000     1.000 
     Anatolia_N    -0.205    -0.113 
            Ami     1.398     1.233 
           Mixe     0.998     0.459 
   Ganj_Dareh_N    -0.343     0.345 
           Onge     0.254     0.743 
     Villabruna    -0.089    -0.087 
     DevilsGate     1.509     0.367 
      Sherpa.LC     1.594    -2.333 
A:
          scale   172.431  2879.835 
UpperMustang.LC    -0.106    -1.285 
       Pulliyar    -1.410    -0.590 


best coefficients:     1.039    -0.039 
Jackknife mean:      1.039690925    -0.039690925 
      std. errors:     0.010     0.010 

error covariance (* 1000000)
       105       -105 
      -105        105 


summ: Naga    2      0.000000     1.040    -0.040   105  -105   105 

    fixed pat  wt  dof     chisq       tail prob
           00  0     7   151.961     1.57266e-29     1.039    -0.039  infeasible
           01  1     8   166.301               0     1.000    -0.000 
           10  1     8  4949.402               0     0.000     1.000 
best pat:           00      1.57266e-29              -  -
best pat:           01      7.67887e-32  chi(nested):    14.341 p-value for nested model:     0.000152535

coeffs:     1.039    -0.039 

## dscore:: f_4(Base, Fit, Rbase, right2)
## genstat:: f_4(Base, Fit, right1, right2)

details: UpperMustang.LC      Anatolia_N     0.000126    0.816299
details:        Pulliyar      Anatolia_N     0.001633    7.203192
dscore:      Anatolia_N f4:     0.000067 Z:     0.425793

details: UpperMustang.LC             Ami    -0.001454   -8.325922
details:        Pulliyar             Ami    -0.011774  -42.873431
dscore:             Ami f4:    -0.001047 Z:    -5.911239

details: UpperMustang.LC            Mixe    -0.000886   -4.669475
details:        Pulliyar            Mixe    -0.008345  -29.510835
dscore:            Mixe f4:    -0.000591 Z:    -3.073053

details: UpperMustang.LC    Ganj_Dareh_N     0.000002    0.010558
details:        Pulliyar    Ganj_Dareh_N     0.002663   10.152104
dscore:    Ganj_Dareh_N f4:    -0.000103 Z:    -0.557870

details: UpperMustang.LC            Onge    -0.000557   -3.185630
details:        Pulliyar            Onge    -0.002307   -9.047246
dscore:            Onge f4:    -0.000488 Z:    -2.751892

details: UpperMustang.LC      Villabruna     0.000076    0.316859
details:        Pulliyar      Villabruna     0.000675    1.977568
dscore:      Villabruna f4:     0.000052 Z:     0.214125

details: UpperMustang.LC      DevilsGate    -0.001166   -5.426127
details:        Pulliyar      DevilsGate    -0.012528  -41.681532
dscore:      DevilsGate f4:    -0.000718 Z:    -3.281973

details: UpperMustang.LC       Sherpa.LC     0.000013    0.079346
details:        Pulliyar       Sherpa.LC    -0.012647  -48.780320
dscore:       Sherpa.LC f4:     0.000513 Z:     3.004397

gendstat:                Mbuti           Anatolia_N     0.426
gendstat:                Mbuti                  Ami    -5.911
gendstat:                Mbuti                 Mixe    -3.073
gendstat:                Mbuti         Ganj_Dareh_N    -0.558
gendstat:                Mbuti                 Onge    -2.752
gendstat:                Mbuti           Villabruna     0.214
gendstat:                Mbuti           DevilsGate    -3.282
gendstat:                Mbuti            Sherpa.LC     3.004
gendstat:           Anatolia_N                  Ami    -6.420
gendstat:           Anatolia_N                 Mixe    -3.576
gendstat:           Anatolia_N         Ganj_Dareh_N    -1.147
gendstat:           Anatolia_N                 Onge    -3.225
gendstat:           Anatolia_N           Villabruna    -0.071
gendstat:           Anatolia_N           DevilsGate    -3.877
gendstat:           Anatolia_N            Sherpa.LC     2.625
gendstat:                  Ami                 Mixe     2.710
gendstat:                  Ami         Ganj_Dareh_N     4.711
gendstat:                  Ami                 Onge     3.173
gendstat:                  Ami           Villabruna     4.219
gendstat:                  Ami           DevilsGate     1.886
gendstat:                  Ami            Sherpa.LC    11.480
gendstat:                 Mixe         Ganj_Dareh_N     2.364
gendstat:                 Mixe                 Onge     0.547
gendstat:                 Mixe           Villabruna     2.448
gendstat:                 Mixe           DevilsGate    -0.646
gendstat:                 Mixe            Sherpa.LC     6.574
gendstat:         Ganj_Dareh_N                 Onge    -2.002
gendstat:         Ganj_Dareh_N           Villabruna     0.633
gendstat:         Ganj_Dareh_N           DevilsGate    -2.693
gendstat:         Ganj_Dareh_N            Sherpa.LC     3.164
gendstat:                 Onge           Villabruna     2.083
gendstat:                 Onge           DevilsGate    -1.068
gendstat:                 Onge            Sherpa.LC     5.727
gendstat:           Villabruna           DevilsGate    -2.711
gendstat:           Villabruna            Sherpa.LC     1.830
gendstat:           DevilsGate            Sherpa.LC     6.805

## end of run
