/home/cliu7/utils/AdmixTools/bin/qpWave: parameter file: temp/param/qpAdm_Naga.Rhirhi.Southeast_China.par8zx9pt1b
### THE INPUT PARAMETERS
##PARAMETER NAME: VALUE
DIR: data/intermediate
S1: HO_all_merged.qpAdm
indivname: data/intermediate/HO_all_merged.qpAdm.grouped.ind
snpname: data/intermediate/HO_all_merged.qpAdm.snp
genotypename: data/intermediate/HO_all_merged.qpAdm.geno
popleft: temp/param/left.8zx9pt1b
popright: temp/param/right.8zx9pt1b
details: YES
## qpWave version: 410
packed geno read OK
end of inpack

left pops:
Naga
Rhirhi
Southeast_China

right pops:
Mbuti
Anatolia_N
Ami
Mixe
Ganj_Dareh_N
Onge
Villabruna
DevilsGate
Sherpa.LC

  0                 Naga    6
  1               Rhirhi    4
  2      Southeast_China   97
  3                Mbuti   10
  4           Anatolia_N   25
  5                  Ami   10
  6                 Mixe   10
  7         Ganj_Dareh_N    7
  8                 Onge   12
  9           Villabruna    1
 10           DevilsGate    4
 11            Sherpa.LC    9
jackknife block size:     0.050
snps: 498990  indivs: 195
number of blocks for block jackknife: 710
dof (jackknife):   583.542
numsnps used: 416155
f4info: 
f4rank: 0 dof:     16 chisq:  1922.757 tail:                    0 dofdiff:      0 chisqdiff:     0.000 taildiff:                    1

f4info: 
f4rank: 1 dof:      7 chisq:    51.101 tail:       8.77716273e-09 dofdiff:      9 chisqdiff:  1871.656 taildiff:                    0
B:
          scale     1.000 
     Anatolia_N    -0.007 
            Ami     2.570 
           Mixe     0.197 
   Ganj_Dareh_N     0.109 
           Onge     0.409 
     Villabruna    -0.373 
     DevilsGate    -0.003 
      Sherpa.LC    -1.018 
A:
          scale  1086.575 
         Rhirhi    -0.529 
Southeast_China     1.312 

f4info: 
f4rank: 2 dof:      0 chisq:     0.000 tail:                    1 dofdiff:      7 chisqdiff:    51.101 taildiff:       8.77716273e-09
B:
          scale     1.000     1.000 
     Anatolia_N    -0.038    -0.094 
            Ami     2.603    -0.115 
           Mixe     0.487     1.527 
   Ganj_Dareh_N     0.056    -0.135 
           Onge     0.543     0.644 
     Villabruna    -0.402    -0.177 
     DevilsGate     0.258     1.391 
      Sherpa.LC    -0.677     1.802 
A:
          scale  1038.068  1744.558 
         Rhirhi    -0.880    -1.107 
Southeast_China     1.107    -0.880 

## end of run
