/home/cliu7/utils/AdmixTools/bin/qpWave: parameter file: temp/param/qpAdm_Naga.Mebrak.Pulliyar.parzljt46w2
### THE INPUT PARAMETERS
##PARAMETER NAME: VALUE
DIR: data/intermediate
S1: HO_all_merged.qpAdm
indivname: data/intermediate/HO_all_merged.qpAdm.grouped.ind
snpname: data/intermediate/HO_all_merged.qpAdm.snp
genotypename: data/intermediate/HO_all_merged.qpAdm.geno
popleft: temp/param/left.zljt46w2
popright: temp/param/right.zljt46w2
details: YES
## qpWave version: 410
packed geno read OK
end of inpack

left pops:
Naga
Mebrak
Pulliyar

right pops:
Mbuti
Anatolia_N
Ami
Mixe
Ganj_Dareh_N
Onge
Villabruna
DevilsGate
Sherpa.LC

  0                 Naga    6
  1               Mebrak    8
  2             Pulliyar   35
  3                Mbuti   10
  4           Anatolia_N   25
  5                  Ami   10
  6                 Mixe   10
  7         Ganj_Dareh_N    7
  8                 Onge   12
  9           Villabruna    1
 10           DevilsGate    4
 11            Sherpa.LC    9
jackknife block size:     0.050
snps: 498990  indivs: 137
number of blocks for block jackknife: 710
dof (jackknife):   584.895
numsnps used: 389892
f4info: 
f4rank: 0 dof:     16 chisq:  5477.353 tail:                    0 dofdiff:      0 chisqdiff:     0.000 taildiff:                    1

f4info: 
f4rank: 1 dof:      7 chisq:   156.902 tail:       1.43838378e-30 dofdiff:      9 chisqdiff:  5320.451 taildiff:                    0
B:
          scale     1.000 
     Anatolia_N    -0.226 
            Ami     1.385 
           Mixe     1.007 
   Ganj_Dareh_N    -0.349 
           Onge     0.259 
     Villabruna    -0.084 
     DevilsGate     1.518 
      Sherpa.LC     1.585 
A:
          scale   177.868 
         Mebrak    -0.065 
       Pulliyar    -1.413 

f4info: 
f4rank: 2 dof:      0 chisq:     0.000 tail:                    1 dofdiff:      7 chisqdiff:   156.902 taildiff:       1.43838378e-30
B:
          scale     1.000     1.000 
     Anatolia_N    -0.197     0.261 
            Ami     1.440     1.454 
           Mixe     1.020     0.860 
   Ganj_Dareh_N    -0.323     0.091 
           Onge     0.287     1.173 
     Villabruna    -0.082     0.011 
     DevilsGate     1.523    -0.199 
      Sherpa.LC     1.528    -1.912 
A:
          scale   171.438  2610.549 
         Mebrak    -0.115    -1.409 
       Pulliyar    -1.409     0.115 

## end of run
