/home/cliu7/utils/AdmixTools/bin/qpWave: parameter file: temp/param/qpAdm_Naga.Lubrak.Mala.parb4jd9v_e
### THE INPUT PARAMETERS
##PARAMETER NAME: VALUE
DIR: data/intermediate
S1: HO_all_merged.qpAdm
indivname: data/intermediate/HO_all_merged.qpAdm.grouped.ind
snpname: data/intermediate/HO_all_merged.qpAdm.snp
genotypename: data/intermediate/HO_all_merged.qpAdm.geno
popleft: temp/param/left.b4jd9v_e
popright: temp/param/right.b4jd9v_e
details: YES
## qpWave version: 410
packed geno read OK
end of inpack

left pops:
Naga
Lubrak
Mala

right pops:
Mbuti
Anatolia_N
Ami
Mixe
Ganj_Dareh_N
Onge
Villabruna
DevilsGate
Sherpa.LC

  0                 Naga    6
  1               Lubrak    2
  2                 Mala   11
  3                Mbuti   10
  4           Anatolia_N   25
  5                  Ami   10
  6                 Mixe   10
  7         Ganj_Dareh_N    7
  8                 Onge   12
  9           Villabruna    1
 10           DevilsGate    4
 11            Sherpa.LC    9
jackknife block size:     0.050
snps: 498990  indivs: 107
number of blocks for block jackknife: 710
dof (jackknife):   583.095
numsnps used: 306243
f4info: 
f4rank: 0 dof:     16 chisq:  5484.550 tail:                    0 dofdiff:      0 chisqdiff:     0.000 taildiff:                    1

f4info: 
f4rank: 1 dof:      7 chisq:    97.119 tail:       4.24047285e-18 dofdiff:      9 chisqdiff:  5387.431 taildiff:                    0
B:
          scale     1.000 
     Anatolia_N    -0.272 
            Ami     1.415 
           Mixe     0.965 
   Ganj_Dareh_N    -0.401 
           Onge     0.331 
     Villabruna    -0.118 
     DevilsGate     1.519 
      Sherpa.LC     1.549 
A:
          scale   172.674 
         Lubrak    -0.011 
           Mala    -1.414 

f4info: 
f4rank: 2 dof:      0 chisq:     0.000 tail:                    1 dofdiff:      7 chisqdiff:    97.119 taildiff:       4.24047285e-18
B:
          scale     1.000     1.000 
     Anatolia_N    -0.283     0.461 
            Ami     1.434    -1.347 
           Mixe     0.964    -0.826 
   Ganj_Dareh_N    -0.416     0.525 
           Onge     0.341    -0.443 
     Villabruna    -0.126     0.948 
     DevilsGate     1.515     0.225 
      Sherpa.LC     1.528     1.967 
A:
          scale   171.672  2287.323 
         Lubrak    -0.022     1.414 
           Mala    -1.414    -0.022 

## end of run
