/home/cliu7/utils/AdmixTools/bin/qpWave: parameter file: temp/param/qpAdm_Naga.Chokhopani.Han.parqssr28mc
### THE INPUT PARAMETERS
##PARAMETER NAME: VALUE
DIR: data/intermediate
S1: HO_all_merged.qpAdm
indivname: data/intermediate/HO_all_merged.qpAdm.grouped.ind
snpname: data/intermediate/HO_all_merged.qpAdm.snp
genotypename: data/intermediate/HO_all_merged.qpAdm.geno
popleft: temp/param/left.qssr28mc
popright: temp/param/right.qssr28mc
details: YES
## qpWave version: 410
packed geno read OK
end of inpack

left pops:
Naga
Chokhopani
Han

right pops:
Mbuti
Anatolia_N
Ami
Mixe
Ganj_Dareh_N
Onge
Villabruna
DevilsGate
Sherpa.LC

  0                 Naga    6
  1           Chokhopani    2
  2                  Han   33
  3                Mbuti   10
  4           Anatolia_N   25
  5                  Ami   10
  6                 Mixe   10
  7         Ganj_Dareh_N    7
  8                 Onge   12
  9           Villabruna    1
 10           DevilsGate    4
 11            Sherpa.LC    9
jackknife block size:     0.050
snps: 498990  indivs: 129
number of blocks for block jackknife: 710
dof (jackknife):   583.366
numsnps used: 421959
f4info: 
f4rank: 0 dof:     16 chisq:  1282.333 tail:      3.13291375e-263 dofdiff:      0 chisqdiff:     0.000 taildiff:                    1

f4info: 
f4rank: 1 dof:      7 chisq:    21.163 tail:        0.00353624023 dofdiff:      9 chisqdiff:  1261.170 taildiff:      7.51938721e-266
B:
          scale     1.000 
     Anatolia_N     0.113 
            Ami     2.561 
           Mixe     0.606 
   Ganj_Dareh_N     0.242 
           Onge     0.183 
     Villabruna    -0.008 
     DevilsGate     0.786 
      Sherpa.LC    -0.595 
A:
          scale  1300.995 
     Chokhopani    -0.539 
            Han     1.307 

f4info: 
f4rank: 2 dof:      0 chisq:     0.000 tail:                    1 dofdiff:      7 chisqdiff:    21.163 taildiff:        0.00353624023
B:
          scale     1.000     1.000 
     Anatolia_N     0.087    -0.072 
            Ami     2.504    -0.645 
           Mixe     0.828     1.590 
   Ganj_Dareh_N     0.174    -0.083 
           Onge     0.142    -0.049 
     Villabruna     0.134     1.147 
     DevilsGate     0.895     0.956 
      Sherpa.LC    -0.408     1.677 
A:
          scale  1270.290  3112.058 
     Chokhopani    -0.852    -1.129 
            Han     1.129    -0.852 

## end of run
