/home/cliu7/utils/AdmixTools/bin/qpWave: parameter file: temp/param/qpAdm_Naga.Mebrak.Pathan.parspitzbm9
### THE INPUT PARAMETERS
##PARAMETER NAME: VALUE
DIR: data/intermediate
S1: HO_all_merged.qpAdm
indivname: data/intermediate/HO_all_merged.qpAdm.grouped.ind
snpname: data/intermediate/HO_all_merged.qpAdm.snp
genotypename: data/intermediate/HO_all_merged.qpAdm.geno
popleft: temp/param/left.spitzbm9
popright: temp/param/right.spitzbm9
details: YES
## qpWave version: 410
packed geno read OK
end of inpack

left pops:
Naga
Mebrak
Pathan

right pops:
Mbuti
Anatolia_N
Ami
Mixe
Ganj_Dareh_N
Onge
Villabruna
DevilsGate
Sherpa.LC

  0                 Naga    6
  1               Mebrak    8
  2               Pathan   18
  3                Mbuti   10
  4           Anatolia_N   25
  5                  Ami   10
  6                 Mixe   10
  7         Ganj_Dareh_N    7
  8                 Onge   12
  9           Villabruna    1
 10           DevilsGate    4
 11            Sherpa.LC    9
jackknife block size:     0.050
snps: 498990  indivs: 120
number of blocks for block jackknife: 710
dof (jackknife):   583.308
numsnps used: 416620
f4info: 
f4rank: 0 dof:     16 chisq:  8413.539 tail:                    0 dofdiff:      0 chisqdiff:     0.000 taildiff:                    1

f4info: 
f4rank: 1 dof:      7 chisq:   149.000 tail:       6.58522222e-29 dofdiff:      9 chisqdiff:  8264.540 taildiff:                    0
B:
          scale     1.000 
     Anatolia_N    -0.616 
            Ami     1.355 
           Mixe     0.812 
   Ganj_Dareh_N    -0.637 
           Onge     0.570 
     Villabruna    -0.449 
     DevilsGate     1.419 
      Sherpa.LC     1.476 
A:
          scale   138.756 
         Mebrak    -0.058 
         Pathan    -1.413 

f4info: 
f4rank: 2 dof:      0 chisq:     0.000 tail:                    1 dofdiff:      7 chisqdiff:   149.000 taildiff:       6.58522222e-29
B:
          scale     1.000     1.000 
     Anatolia_N    -0.591     0.633 
            Ami     1.398     1.524 
           Mixe     0.819     1.050 
   Ganj_Dareh_N    -0.618     0.357 
           Onge     0.584     0.801 
     Villabruna    -0.426     0.255 
     DevilsGate     1.433    -0.089 
      Sherpa.LC     1.438    -1.826 
A:
          scale   136.586  2681.755 
         Mebrak    -0.088    -1.411 
         Pathan    -1.411     0.088 

## end of run
