/home/cliu7/utils/AdmixTools/bin/qpWave: parameter file: temp/param/qpAdm_Naxi.Lubrak.Southeast_China.par8s6rjl5q
### THE INPUT PARAMETERS
##PARAMETER NAME: VALUE
DIR: data/intermediate
S1: HO_all_merged.qpAdm
indivname: data/intermediate/HO_all_merged.qpAdm.grouped.ind
snpname: data/intermediate/HO_all_merged.qpAdm.snp
genotypename: data/intermediate/HO_all_merged.qpAdm.geno
popleft: temp/param/left.8s6rjl5q
popright: temp/param/right.8s6rjl5q
details: YES
## qpWave version: 410
packed geno read OK
end of inpack

left pops:
Naxi
Lubrak
Southeast_China

right pops:
Mbuti
Anatolia_N
Ami
Mixe
Ganj_Dareh_N
Onge
Villabruna
DevilsGate
Sherpa.LC

  0                 Naxi    9
  1               Lubrak    2
  2      Southeast_China   97
  3                Mbuti   10
  4           Anatolia_N   25
  5                  Ami   10
  6                 Mixe   10
  7         Ganj_Dareh_N    7
  8                 Onge   12
  9           Villabruna    1
 10           DevilsGate    4
 11            Sherpa.LC    9
jackknife block size:     0.050
snps: 498990  indivs: 196
number of blocks for block jackknife: 710
dof (jackknife):   583.115
numsnps used: 306003
f4info: 
f4rank: 0 dof:     16 chisq:  1618.117 tail:                    0 dofdiff:      0 chisqdiff:     0.000 taildiff:                    1

f4info: 
f4rank: 1 dof:      7 chisq:    19.122 tail:        0.00781426017 dofdiff:      9 chisqdiff:  1598.995 taildiff:                    0
B:
          scale     1.000 
     Anatolia_N    -0.145 
            Ami     2.363 
           Mixe    -0.062 
   Ganj_Dareh_N    -0.089 
           Onge     0.230 
     Villabruna    -0.333 
     DevilsGate    -0.392 
      Sherpa.LC    -1.438 
A:
          scale  1184.734 
         Lubrak    -0.883 
Southeast_China     1.105 

f4info: 
f4rank: 2 dof:      0 chisq:     0.000 tail:                    1 dofdiff:      7 chisqdiff:    19.122 taildiff:        0.00781426017
B:
          scale     1.000     1.000 
     Anatolia_N    -0.199     0.270 
            Ami     2.248     0.988 
           Mixe     0.170    -1.870 
   Ganj_Dareh_N    -0.166     0.629 
           Onge     0.309    -0.654 
     Villabruna    -0.539     1.143 
     DevilsGate    -0.271    -0.869 
      Sherpa.LC    -1.546     0.753 
A:
          scale  1163.108  4711.325 
         Lubrak    -0.923     1.071 
Southeast_China     1.071     0.923 

## end of run
