/home/cliu7/utils/AdmixTools/bin/qpAdm: parameter file: temp/param/qpAdm_Naxi.Lubrak.Pulliyar.parqvxa1ba5
### THE INPUT PARAMETERS
##PARAMETER NAME: VALUE
DIR: data/intermediate
S1: HO_all_merged.qpAdm
indivname: data/intermediate/HO_all_merged.qpAdm.grouped.ind
snpname: data/intermediate/HO_all_merged.qpAdm.snp
genotypename: data/intermediate/HO_all_merged.qpAdm.geno
popleft: temp/param/left.qvxa1ba5
popright: temp/param/right.qvxa1ba5
details: YES
## qpAdm version: 810
seed: 1163210745
packed geno read OK
end of inpack

left pops:
Naxi
Lubrak
Pulliyar

right pops:
Mbuti
Anatolia_N
Ami
Mixe
Ganj_Dareh_N
Onge
Villabruna
DevilsGate
Sherpa.LC

  0                 Naxi    9
  1               Lubrak    2
  2             Pulliyar   35
  3                Mbuti   10
  4           Anatolia_N   25
  5                  Ami   10
  6                 Mixe   10
  7         Ganj_Dareh_N    7
  8                 Onge   12
  9           Villabruna    1
 10           DevilsGate    4
 11            Sherpa.LC    9
jackknife block size:     0.050
snps: 498990  indivs: 134
number of blocks for block jackknife: 710
## ncols: 498990
coverage:                 Naxi 498990
coverage:               Lubrak 327444
coverage:             Pulliyar 459213
coverage:                Mbuti 498990
coverage:           Anatolia_N 498137
coverage:                  Ami 498990
coverage:                 Mixe 498990
coverage:         Ganj_Dareh_N 457128
coverage:                 Onge 498990
coverage:           Villabruna 415230
coverage:           DevilsGate 498716
coverage:            Sherpa.LC 498990
dof (jackknife):   583.522
numsnps used: 288559
codimension 1
f4info: 
f4rank: 1 dof:      7 chisq:   200.553 tail:       8.76586866e-40 dofdiff:      9 chisqdiff:  -200.553 taildiff:                    1
B:
          scale     1.000 
     Anatolia_N    -0.182 
            Ami     1.488 
           Mixe     1.002 
   Ganj_Dareh_N    -0.300 
           Onge     0.265 
     Villabruna    -0.061 
     DevilsGate     1.525 
      Sherpa.LC     1.503 
A:
          scale   175.381 
         Lubrak    -0.032 
       Pulliyar    -1.414 


full rank
f4info: 
f4rank: 2 dof:      0 chisq:     0.000 tail:                    1 dofdiff:      7 chisqdiff:   200.553 taildiff:       8.76586866e-40
B:
          scale     1.000     1.000 
     Anatolia_N    -0.184     0.222 
            Ami     1.490    -1.766 
           Mixe     0.998    -0.569 
   Ganj_Dareh_N    -0.306     0.211 
           Onge     0.279    -0.457 
     Villabruna    -0.087     0.592 
     DevilsGate     1.519     0.247 
      Sherpa.LC     1.504     1.960 
A:
          scale   175.779  1777.105 
         Lubrak    -0.020     1.413 
       Pulliyar    -1.414     0.054 


best coefficients:     1.023    -0.023 
Jackknife mean:      1.023206443    -0.023206443 
      std. errors:     0.016     0.016 

error covariance (* 1000000)
       268       -268 
      -268        268 


summ: Naxi    2      0.000000     1.023    -0.023   268  -268   268 

    fixed pat  wt  dof     chisq       tail prob
           00  0     7   200.553               0     1.023    -0.023  infeasible
           01  1     8   201.481               0     1.000    -0.000 
           10  1     8  5243.144               0     0.000     1.000 
best pat:           00                0              -  -
best pat:           01       3.1145e-39  chi(nested):     0.928 p-value for nested model:         0.33529

coeffs:     1.023    -0.023 

## dscore:: f_4(Base, Fit, Rbase, right2)
## genstat:: f_4(Base, Fit, right1, right2)

details:          Lubrak      Anatolia_N     0.000269    0.962977
details:        Pulliyar      Anatolia_N     0.001459    6.545813
dscore:      Anatolia_N f4:     0.000241 Z:     0.846003

details:          Lubrak             Ami    -0.001518   -5.123700
details:        Pulliyar             Ami    -0.012092  -46.423971
dscore:             Ami f4:    -0.001270 Z:    -4.190361

details:          Lubrak            Mixe    -0.000549   -1.683583
details:        Pulliyar            Mixe    -0.008087  -29.804563
dscore:            Mixe f4:    -0.000372 Z:    -1.117873

details:          Lubrak    Ganj_Dareh_N     0.000275    0.824088
details:        Pulliyar    Ganj_Dareh_N     0.002453    9.716294
dscore:    Ganj_Dareh_N f4:     0.000224 Z:     0.657636

details:          Lubrak            Onge    -0.000385   -1.210183
details:        Pulliyar            Onge    -0.002313   -9.202008
dscore:            Onge f4:    -0.000340 Z:    -1.045941

details:          Lubrak      Villabruna     0.000664    1.555783
details:        Pulliyar      Villabruna     0.000730    2.213802
dscore:      Villabruna f4:     0.000663 Z:     1.519538

details:          Lubrak      DevilsGate     0.000089    0.245310
details:        Pulliyar      DevilsGate    -0.012256  -42.540714
dscore:      DevilsGate f4:     0.000379 Z:     1.020941

details:          Lubrak       Sherpa.LC     0.001430    4.692255
details:        Pulliyar       Sherpa.LC    -0.012087  -48.238959
dscore:       Sherpa.LC f4:     0.001748 Z:     5.609500

gendstat:                Mbuti           Anatolia_N     0.846
gendstat:                Mbuti                  Ami    -4.190
gendstat:                Mbuti                 Mixe    -1.118
gendstat:                Mbuti         Ganj_Dareh_N     0.658
gendstat:                Mbuti                 Onge    -1.046
gendstat:                Mbuti           Villabruna     1.520
gendstat:                Mbuti           DevilsGate     1.021
gendstat:                Mbuti            Sherpa.LC     5.610
gendstat:           Anatolia_N                  Ami    -5.745
gendstat:           Anatolia_N                 Mixe    -2.076
gendstat:           Anatolia_N         Ganj_Dareh_N    -0.059
gendstat:           Anatolia_N                 Onge    -2.010
gendstat:           Anatolia_N           Villabruna     1.141
gendstat:           Anatolia_N           DevilsGate     0.399
gendstat:           Anatolia_N            Sherpa.LC     5.673
gendstat:                  Ami                 Mixe     3.330
gendstat:                  Ami         Ganj_Dareh_N     4.497
gendstat:                  Ami                 Onge     3.234
gendstat:                  Ami           Villabruna     4.616
gendstat:                  Ami           DevilsGate     5.239
gendstat:                  Ami            Sherpa.LC    13.828
gendstat:                 Mixe         Ganj_Dareh_N     1.635
gendstat:                 Mixe                 Onge     0.096
gendstat:                 Mixe           Villabruna     2.390
gendstat:                 Mixe           DevilsGate     2.252
gendstat:                 Mixe            Sherpa.LC     7.573
gendstat:         Ganj_Dareh_N                 Onge    -1.586
gendstat:         Ganj_Dareh_N           Villabruna     1.004
gendstat:         Ganj_Dareh_N           DevilsGate     0.384
gendstat:         Ganj_Dareh_N            Sherpa.LC     4.403
gendstat:                 Onge           Villabruna     2.350
gendstat:                 Onge           DevilsGate     1.927
gendstat:                 Onge            Sherpa.LC     6.875
gendstat:           Villabruna           DevilsGate    -0.603
gendstat:           Villabruna            Sherpa.LC     2.555
gendstat:           DevilsGate            Sherpa.LC     4.355

## end of run
