/home/cliu7/utils/AdmixTools/bin/qpWave: parameter file: temp/param/qpAdm_Naxi.Samdzong.Pulliyar.parp9csds22
### THE INPUT PARAMETERS
##PARAMETER NAME: VALUE
DIR: data/intermediate
S1: HO_all_merged.qpAdm
indivname: data/intermediate/HO_all_merged.qpAdm.grouped.ind
snpname: data/intermediate/HO_all_merged.qpAdm.snp
genotypename: data/intermediate/HO_all_merged.qpAdm.geno
popleft: temp/param/left.p9csds22
popright: temp/param/right.p9csds22
details: YES
## qpWave version: 410
packed geno read OK
end of inpack

left pops:
Naxi
Samdzong
Pulliyar

right pops:
Mbuti
Anatolia_N
Ami
Mixe
Ganj_Dareh_N
Onge
Villabruna
DevilsGate
Sherpa.LC

  0                 Naxi    9
  1             Samdzong    9
  2             Pulliyar   35
  3                Mbuti   10
  4           Anatolia_N   25
  5                  Ami   10
  6                 Mixe   10
  7         Ganj_Dareh_N    7
  8                 Onge   12
  9           Villabruna    1
 10           DevilsGate    4
 11            Sherpa.LC    9
jackknife block size:     0.050
snps: 498990  indivs: 141
number of blocks for block jackknife: 710
dof (jackknife):   584.973
numsnps used: 389561
f4info: 
f4rank: 0 dof:     16 chisq:  6274.348 tail:                    0 dofdiff:      0 chisqdiff:     0.000 taildiff:                    1

f4info: 
f4rank: 1 dof:      7 chisq:   391.513 tail:       1.57493044e-80 dofdiff:      9 chisqdiff:  5882.834 taildiff:                    0
B:
          scale     1.000 
     Anatolia_N    -0.200 
            Ami     1.458 
           Mixe     0.987 
   Ganj_Dareh_N    -0.329 
           Onge     0.269 
     Villabruna    -0.077 
     DevilsGate     1.537 
      Sherpa.LC     1.520 
A:
          scale   172.716 
       Samdzong    -0.088 
       Pulliyar    -1.411 

f4info: 
f4rank: 2 dof:      0 chisq:     0.000 tail:                    1 dofdiff:      7 chisqdiff:   391.513 taildiff:       1.57493044e-80
B:
          scale     1.000     1.000 
     Anatolia_N    -0.185    -0.019 
            Ami     1.512     1.656 
           Mixe     1.005     0.340 
   Ganj_Dareh_N    -0.294     0.562 
           Onge     0.296     0.646 
     Villabruna    -0.093     0.123 
     DevilsGate     1.520     0.146 
      Sherpa.LC     1.475    -2.091 
A:
          scale   170.864  1985.713 
       Samdzong    -0.129    -1.408 
       Pulliyar    -1.408     0.129 

## end of run
