/home/cliu7/utils/AdmixTools/bin/qpAdm: parameter file: temp/param/qpAdm_Naxi.Chokhopani.Han.parzbtm4vhz
### THE INPUT PARAMETERS
##PARAMETER NAME: VALUE
DIR: data/intermediate
S1: HO_all_merged.qpAdm
indivname: data/intermediate/HO_all_merged.qpAdm.grouped.ind
snpname: data/intermediate/HO_all_merged.qpAdm.snp
genotypename: data/intermediate/HO_all_merged.qpAdm.geno
popleft: temp/param/left.zbtm4vhz
popright: temp/param/right.zbtm4vhz
details: YES
## qpAdm version: 810
seed: 1354915699
packed geno read OK
end of inpack

left pops:
Naxi
Chokhopani
Han

right pops:
Mbuti
Anatolia_N
Ami
Mixe
Ganj_Dareh_N
Onge
Villabruna
DevilsGate
Sherpa.LC

  0                 Naxi    9
  1           Chokhopani    2
  2                  Han   33
  3                Mbuti   10
  4           Anatolia_N   25
  5                  Ami   10
  6                 Mixe   10
  7         Ganj_Dareh_N    7
  8                 Onge   12
  9           Villabruna    1
 10           DevilsGate    4
 11            Sherpa.LC    9
jackknife block size:     0.050
snps: 498990  indivs: 132
number of blocks for block jackknife: 710
## ncols: 498990
coverage:                 Naxi 498990
coverage:           Chokhopani 498917
coverage:                  Han 498990
coverage:                Mbuti 498990
coverage:           Anatolia_N 498137
coverage:                  Ami 498990
coverage:                 Mixe 498990
coverage:         Ganj_Dareh_N 457128
coverage:                 Onge 498990
coverage:           Villabruna 415230
coverage:           DevilsGate 498716
coverage:            Sherpa.LC 498990
dof (jackknife):   583.352
numsnps used: 421832
codimension 1
f4info: 
f4rank: 1 dof:      7 chisq:     7.193 tail:          0.409071721 dofdiff:      9 chisqdiff:    -7.193 taildiff:                    1
B:
          scale     1.000 
     Anatolia_N     0.024 
            Ami     2.542 
           Mixe     0.739 
   Ganj_Dareh_N     0.094 
           Onge     0.128 
     Villabruna     0.032 
     DevilsGate     0.864 
      Sherpa.LC    -0.471 
A:
          scale  1358.943 
     Chokhopani    -0.974 
            Han     1.025 


full rank
f4info: 
f4rank: 2 dof:      0 chisq:     0.000 tail:                    1 dofdiff:      7 chisqdiff:     7.193 taildiff:          0.409071721
B:
          scale     1.000     1.000 
     Anatolia_N     0.060     0.265 
            Ami     2.500    -2.059 
           Mixe     0.845     0.824 
   Ganj_Dareh_N     0.139     0.376 
           Onge     0.128     0.025 
     Villabruna     0.133     0.986 
     DevilsGate     0.915     0.058 
      Sherpa.LC    -0.380     1.377 
A:
          scale  1214.305  4831.412 
     Chokhopani    -1.207    -1.176 
            Han     0.737    -0.786 


best coefficients:     0.513     0.487 
Jackknife mean:      0.512023888     0.487976112 
      std. errors:     0.026     0.026 

error covariance (* 1000000)
       674       -674 
      -674        674 


summ: Naxi    2      0.409072     0.512     0.488   674  -674   674 

    fixed pat  wt  dof     chisq       tail prob
           00  0     7     7.193        0.409072     0.513     0.487 
           01  1     8   152.080     7.21831e-29     1.000     0.000 
           10  1     8   569.613               0     0.000     1.000 
best pat:           00         0.409072              -  -
best pat:           01      7.21831e-29  chi(nested):   144.887 p-value for nested model:      2.2731e-33

coeffs:     0.513     0.487 

## dscore:: f_4(Base, Fit, Rbase, right2)
## genstat:: f_4(Base, Fit, right1, right2)

details:      Chokhopani      Anatolia_N    -0.000140   -0.649630
details:             Han      Anatolia_N    -0.000012   -0.112639
dscore:      Anatolia_N f4:    -0.000078 Z:    -0.571329

details:      Chokhopani             Ami    -0.001998   -8.331933
details:             Han             Ami     0.001851   15.620911
dscore:             Ami f4:    -0.000123 Z:    -0.819628

details:      Chokhopani            Mixe    -0.001055   -4.166134
details:             Han            Mixe     0.000378    2.904772
dscore:            Mixe f4:    -0.000357 Z:    -2.255942

details:      Chokhopani    Ganj_Dareh_N    -0.000245   -0.935863
details:             Han    Ganj_Dareh_N     0.000020    0.164640
dscore:    Ganj_Dareh_N f4:    -0.000116 Z:    -0.723859

details:      Chokhopani            Onge    -0.000147   -0.585549
details:             Han            Onge     0.000071    0.554604
dscore:            Onge f4:    -0.000041 Z:    -0.261000

details:      Chokhopani      Villabruna    -0.000400   -1.210311
details:             Han      Villabruna    -0.000089   -0.547019
dscore:      Villabruna f4:    -0.000248 Z:    -1.185622

details:      Chokhopani      DevilsGate    -0.000937   -3.277447
details:             Han      DevilsGate     0.000544    3.985109
dscore:      DevilsGate f4:    -0.000215 Z:    -1.232008

details:      Chokhopani       Sherpa.LC     0.000031    0.136031
details:             Han       Sherpa.LC    -0.000456   -3.852693
dscore:       Sherpa.LC f4:    -0.000206 Z:    -1.453442

gendstat:                Mbuti           Anatolia_N    -0.571
gendstat:                Mbuti                  Ami    -0.820
gendstat:                Mbuti                 Mixe    -2.256
gendstat:                Mbuti         Ganj_Dareh_N    -0.724
gendstat:                Mbuti                 Onge    -0.261
gendstat:                Mbuti           Villabruna    -1.186
gendstat:                Mbuti           DevilsGate    -1.232
gendstat:                Mbuti            Sherpa.LC    -1.453
gendstat:           Anatolia_N                  Ami    -0.311
gendstat:           Anatolia_N                 Mixe    -1.847
gendstat:           Anatolia_N         Ganj_Dareh_N    -0.299
gendstat:           Anatolia_N                 Onge     0.254
gendstat:           Anatolia_N           Villabruna    -0.919
gendstat:           Anatolia_N           DevilsGate    -0.803
gendstat:           Anatolia_N            Sherpa.LC    -0.923
gendstat:                  Ami                 Mixe    -1.594
gendstat:                  Ami         Ganj_Dareh_N     0.039
gendstat:                  Ami                 Onge     0.562
gendstat:                  Ami           Villabruna    -0.573
gendstat:                  Ami           DevilsGate    -0.593
gendstat:                  Ami            Sherpa.LC    -0.684
gendstat:                 Mixe         Ganj_Dareh_N     1.396
gendstat:                 Mixe                 Onge     1.925
gendstat:                 Mixe           Villabruna     0.495
gendstat:                 Mixe           DevilsGate     0.827
gendstat:                 Mixe            Sherpa.LC     1.089
gendstat:         Ganj_Dareh_N                 Onge     0.453
gendstat:         Ganj_Dareh_N           Villabruna    -0.606
gendstat:         Ganj_Dareh_N           DevilsGate    -0.507
gendstat:         Ganj_Dareh_N            Sherpa.LC    -0.542
gendstat:                 Onge           Villabruna    -0.931
gendstat:                 Onge           DevilsGate    -0.985
gendstat:                 Onge            Sherpa.LC    -1.109
gendstat:           Villabruna           DevilsGate     0.138
gendstat:           Villabruna            Sherpa.LC     0.198
gendstat:           DevilsGate            Sherpa.LC     0.062

## end of run
