/home/cliu7/utils/AdmixTools/bin/qpWave: parameter file: temp/param/qpAdm_Naxi.Mebrak.Pulliyar.parmc8a_y3_
### THE INPUT PARAMETERS
##PARAMETER NAME: VALUE
DIR: data/intermediate
S1: HO_all_merged.qpAdm
indivname: data/intermediate/HO_all_merged.qpAdm.grouped.ind
snpname: data/intermediate/HO_all_merged.qpAdm.snp
genotypename: data/intermediate/HO_all_merged.qpAdm.geno
popleft: temp/param/left.mc8a_y3_
popright: temp/param/right.mc8a_y3_
details: YES
## qpWave version: 410
packed geno read OK
end of inpack

left pops:
Naxi
Mebrak
Pulliyar

right pops:
Mbuti
Anatolia_N
Ami
Mixe
Ganj_Dareh_N
Onge
Villabruna
DevilsGate
Sherpa.LC

  0                 Naxi    9
  1               Mebrak    8
  2             Pulliyar   35
  3                Mbuti   10
  4           Anatolia_N   25
  5                  Ami   10
  6                 Mixe   10
  7         Ganj_Dareh_N    7
  8                 Onge   12
  9           Villabruna    1
 10           DevilsGate    4
 11            Sherpa.LC    9
jackknife block size:     0.050
snps: 498990  indivs: 140
number of blocks for block jackknife: 710
dof (jackknife):   584.971
numsnps used: 389571
f4info: 
f4rank: 0 dof:     16 chisq:  6100.028 tail:                    0 dofdiff:      0 chisqdiff:     0.000 taildiff:                    1

f4info: 
f4rank: 1 dof:      7 chisq:   348.657 tail:       2.38821642e-71 dofdiff:      9 chisqdiff:  5751.370 taildiff:                    0
B:
          scale     1.000 
     Anatolia_N    -0.224 
            Ami     1.458 
           Mixe     0.998 
   Ganj_Dareh_N    -0.339 
           Onge     0.267 
     Villabruna    -0.061 
     DevilsGate     1.518 
      Sherpa.LC     1.528 
A:
          scale   177.184 
         Mebrak    -0.066 
       Pulliyar    -1.413 

f4info: 
f4rank: 2 dof:      0 chisq:     0.000 tail:                    1 dofdiff:      7 chisqdiff:   348.657 taildiff:       2.38821642e-71
B:
          scale     1.000     1.000 
     Anatolia_N    -0.182     0.339 
            Ami     1.512     1.705 
           Mixe     1.006     0.471 
   Ganj_Dareh_N    -0.296     0.330 
           Onge     0.298     0.956 
     Villabruna    -0.095    -0.116 
     DevilsGate     1.517    -0.237 
      Sherpa.LC     1.477    -1.914 
A:
          scale   170.959  1910.391 
         Mebrak    -0.121    -1.409 
       Pulliyar    -1.409     0.121 

## end of run
