/home/cliu7/utils/AdmixTools/bin/qpWave: parameter file: temp/param/qpAdm_Naxi.Kyang.Mala.par925tirmr
### THE INPUT PARAMETERS
##PARAMETER NAME: VALUE
DIR: data/intermediate
S1: HO_all_merged.qpAdm
indivname: data/intermediate/HO_all_merged.qpAdm.grouped.ind
snpname: data/intermediate/HO_all_merged.qpAdm.snp
genotypename: data/intermediate/HO_all_merged.qpAdm.geno
popleft: temp/param/left.925tirmr
popright: temp/param/right.925tirmr
details: YES
## qpWave version: 410
packed geno read OK
end of inpack

left pops:
Naxi
Kyang
Mala

right pops:
Mbuti
Anatolia_N
Ami
Mixe
Ganj_Dareh_N
Onge
Villabruna
DevilsGate
Sherpa.LC

  0                 Naxi    9
  1                Kyang    7
  2                 Mala   11
  3                Mbuti   10
  4           Anatolia_N   25
  5                  Ami   10
  6                 Mixe   10
  7         Ganj_Dareh_N    7
  8                 Onge   12
  9           Villabruna    1
 10           DevilsGate    4
 11            Sherpa.LC    9
jackknife block size:     0.050
snps: 498990  indivs: 115
number of blocks for block jackknife: 710
dof (jackknife):   583.324
numsnps used: 418879
f4info: 
f4rank: 0 dof:     16 chisq:  6827.817 tail:                    0 dofdiff:      0 chisqdiff:     0.000 taildiff:                    1

f4info: 
f4rank: 1 dof:      7 chisq:   449.554 tail:       5.53580899e-93 dofdiff:      9 chisqdiff:  6378.263 taildiff:                    0
B:
          scale     1.000 
     Anatolia_N    -0.261 
            Ami     1.445 
           Mixe     0.938 
   Ganj_Dareh_N    -0.408 
           Onge     0.346 
     Villabruna    -0.116 
     DevilsGate     1.530 
      Sherpa.LC     1.524 
A:
          scale   173.701 
          Kyang    -0.046 
           Mala    -1.413 

f4info: 
f4rank: 2 dof:      0 chisq:     0.000 tail:                    1 dofdiff:      7 chisqdiff:   449.554 taildiff:       5.53580899e-93
B:
          scale     1.000     1.000 
     Anatolia_N    -0.266     0.068 
            Ami     1.511     1.752 
           Mixe     0.957     0.399 
   Ganj_Dareh_N    -0.385     0.547 
           Onge     0.362     0.367 
     Villabruna    -0.138    -0.367 
     DevilsGate     1.509     0.016 
      Sherpa.LC     1.468    -2.049 
A:
          scale   168.741  1839.047 
          Kyang    -0.105    -1.410 
           Mala    -1.410     0.105 

## end of run
