/home/cliu7/utils/AdmixTools/bin/qpWave: parameter file: temp/param/qpAdm_Nubri.LC.Samdzong.Pulliyar.parpx9jne9q
### THE INPUT PARAMETERS
##PARAMETER NAME: VALUE
DIR: data/intermediate
S1: HO_all_merged.qpAdm
indivname: data/intermediate/HO_all_merged.qpAdm.grouped.ind
snpname: data/intermediate/HO_all_merged.qpAdm.snp
genotypename: data/intermediate/HO_all_merged.qpAdm.geno
popleft: temp/param/left.px9jne9q
popright: temp/param/right.px9jne9q
details: YES
## qpWave version: 410
packed geno read OK
end of inpack

left pops:
Nubri.LC
Samdzong
Pulliyar

right pops:
Mbuti
Anatolia_N
Ami
Mixe
Ganj_Dareh_N
Onge
Villabruna
DevilsGate
Sherpa.LC

  0             Nubri.LC    6
  1             Samdzong    9
  2             Pulliyar   35
  3                Mbuti   10
  4           Anatolia_N   25
  5                  Ami   10
  6                 Mixe   10
  7         Ganj_Dareh_N    7
  8                 Onge   12
  9           Villabruna    1
 10           DevilsGate    4
 11            Sherpa.LC    9
jackknife block size:     0.050
snps: 498990  indivs: 138
number of blocks for block jackknife: 710
dof (jackknife):   584.917
numsnps used: 390412
f4info: 
f4rank: 0 dof:     16 chisq:  5008.237 tail:                    0 dofdiff:      0 chisqdiff:     0.000 taildiff:                    1

f4info: 
f4rank: 1 dof:      7 chisq:     6.231 tail:           0.51303551 dofdiff:      9 chisqdiff:  5002.006 taildiff:                    0
B:
          scale     1.000 
     Anatolia_N    -0.182 
            Ami     1.345 
           Mixe     0.974 
   Ganj_Dareh_N    -0.338 
           Onge     0.226 
     Villabruna    -0.089 
     DevilsGate     1.490 
      Sherpa.LC     1.678 
A:
          scale   188.629 
       Samdzong     0.005 
       Pulliyar    -1.414 

f4info: 
f4rank: 2 dof:      0 chisq:     0.000 tail:                    1 dofdiff:      7 chisqdiff:     6.231 taildiff:           0.51303551
B:
          scale     1.000     1.000 
     Anatolia_N    -0.174     0.369 
            Ami     1.354     0.885 
           Mixe     0.991     1.158 
   Ganj_Dareh_N    -0.319     1.399 
           Onge     0.232     0.160 
     Villabruna    -0.066     1.765 
     DevilsGate     1.483    -0.640 
      Sherpa.LC     1.672    -0.482 
A:
          scale   187.403  8462.194 
       Samdzong    -0.007    -1.414 
       Pulliyar    -1.414     0.007 

## end of run
