/home/cliu7/utils/AdmixTools/bin/qpWave: parameter file: temp/param/qpAdm_Nubri.LC.Mebrak.Mala.paryrqlcecu
### THE INPUT PARAMETERS
##PARAMETER NAME: VALUE
DIR: data/intermediate
S1: HO_all_merged.qpAdm
indivname: data/intermediate/HO_all_merged.qpAdm.grouped.ind
snpname: data/intermediate/HO_all_merged.qpAdm.snp
genotypename: data/intermediate/HO_all_merged.qpAdm.geno
popleft: temp/param/left.yrqlcecu
popright: temp/param/right.yrqlcecu
details: YES
## qpWave version: 410
packed geno read OK
end of inpack

left pops:
Nubri.LC
Mebrak
Mala

right pops:
Mbuti
Anatolia_N
Ami
Mixe
Ganj_Dareh_N
Onge
Villabruna
DevilsGate
Sherpa.LC

  0             Nubri.LC    6
  1               Mebrak    8
  2                 Mala   11
  3                Mbuti   10
  4           Anatolia_N   25
  5                  Ami   10
  6                 Mixe   10
  7         Ganj_Dareh_N    7
  8                 Onge   12
  9           Villabruna    1
 10           DevilsGate    4
 11            Sherpa.LC    9
jackknife block size:     0.050
snps: 498990  indivs: 113
number of blocks for block jackknife: 710
dof (jackknife):   583.210
numsnps used: 420096
f4info: 
f4rank: 0 dof:     16 chisq:  5700.372 tail:                    0 dofdiff:      0 chisqdiff:     0.000 taildiff:                    1

f4info: 
f4rank: 1 dof:      7 chisq:    15.706 tail:         0.0279448126 dofdiff:      9 chisqdiff:  5684.666 taildiff:                    0
B:
          scale     1.000 
     Anatolia_N    -0.273 
            Ami     1.348 
           Mixe     0.924 
   Ganj_Dareh_N    -0.415 
           Onge     0.290 
     Villabruna    -0.106 
     DevilsGate     1.494 
      Sherpa.LC     1.660 
A:
          scale   185.947 
         Mebrak     0.025 
           Mala    -1.414 

f4info: 
f4rank: 2 dof:      0 chisq:     0.000 tail:                    1 dofdiff:      7 chisqdiff:    15.706 taildiff:         0.0279448126
B:
          scale     1.000     1.000 
     Anatolia_N    -0.260     1.257 
            Ami     1.360     0.964 
           Mixe     0.942     1.259 
   Ganj_Dareh_N    -0.412     0.106 
           Onge     0.309     1.057 
     Villabruna    -0.105     0.319 
     DevilsGate     1.474    -1.635 
      Sherpa.LC     1.657    -0.006 
A:
          scale   184.189  6192.372 
         Mebrak     0.003    -1.414 
           Mala    -1.414    -0.003 

## end of run
