/home/cliu7/utils/AdmixTools/bin/qpAdm: parameter file: temp/param/qpAdm_Nubri.LC.Mebrak.Pulliyar.parvbxru991
### THE INPUT PARAMETERS
##PARAMETER NAME: VALUE
DIR: data/intermediate
S1: HO_all_merged.qpAdm
indivname: data/intermediate/HO_all_merged.qpAdm.grouped.ind
snpname: data/intermediate/HO_all_merged.qpAdm.snp
genotypename: data/intermediate/HO_all_merged.qpAdm.geno
popleft: temp/param/left.vbxru991
popright: temp/param/right.vbxru991
details: YES
## qpAdm version: 810
seed: 528982973
packed geno read OK
end of inpack

left pops:
Nubri.LC
Mebrak
Pulliyar

right pops:
Mbuti
Anatolia_N
Ami
Mixe
Ganj_Dareh_N
Onge
Villabruna
DevilsGate
Sherpa.LC

  0             Nubri.LC    6
  1               Mebrak    8
  2             Pulliyar   35
  3                Mbuti   10
  4           Anatolia_N   25
  5                  Ami   10
  6                 Mixe   10
  7         Ganj_Dareh_N    7
  8                 Onge   12
  9           Villabruna    1
 10           DevilsGate    4
 11            Sherpa.LC    9
jackknife block size:     0.050
snps: 498990  indivs: 137
number of blocks for block jackknife: 710
## ncols: 498990
coverage:             Nubri.LC 498990
coverage:               Mebrak 498978
coverage:             Pulliyar 459213
coverage:                Mbuti 498990
coverage:           Anatolia_N 498137
coverage:                  Ami 498990
coverage:                 Mixe 498990
coverage:         Ganj_Dareh_N 457128
coverage:                 Onge 498990
coverage:           Villabruna 415230
coverage:           DevilsGate 498716
coverage:            Sherpa.LC 498990
dof (jackknife):   584.853
numsnps used: 390491
codimension 1
f4info: 
f4rank: 1 dof:      7 chisq:    15.801 tail:         0.0270020663 dofdiff:      9 chisqdiff:   -15.801 taildiff:                    1
B:
          scale     1.000 
     Anatolia_N    -0.198 
            Ami     1.339 
           Mixe     0.973 
   Ganj_Dareh_N    -0.333 
           Onge     0.209 
     Villabruna    -0.068 
     DevilsGate     1.504 
      Sherpa.LC     1.674 
A:
          scale   189.891 
         Mebrak     0.028 
       Pulliyar    -1.414 


full rank
f4info: 
f4rank: 2 dof:      0 chisq:     0.000 tail:                    1 dofdiff:      7 chisqdiff:    15.801 taildiff:         0.0270020663
B:
          scale     1.000     1.000 
     Anatolia_N    -0.198     1.359 
            Ami     1.339     0.797 
           Mixe     0.974     0.944 
   Ganj_Dareh_N    -0.333    -0.221 
           Onge     0.211     0.859 
     Villabruna    -0.075    -0.052 
     DevilsGate     1.502    -1.893 
      Sherpa.LC     1.674    -0.502 
A:
          scale   188.047  6231.702 
         Mebrak    -0.000    -1.306 
       Pulliyar    -1.414    -0.542 


best coefficients:     0.981     0.019 
Jackknife mean:      0.980789998     0.019210002 
      std. errors:     0.012     0.012 

error covariance (* 1000000)
       139       -139 
      -139        139 


summ: Nubri.LC    2      0.027002     0.981     0.019   139  -139   139 

    fixed pat  wt  dof     chisq       tail prob
           00  0     7    15.801       0.0270021     0.981     0.019 
           01  1     8    18.303       0.0190692     1.000    -0.000 
           10  1     8  4190.548               0     0.000     1.000 
best pat:           00        0.0270021              -  -
best pat:           01        0.0190692  chi(nested):     2.502 p-value for nested model:        0.113704

coeffs:     0.981     0.019 

## dscore:: f_4(Base, Fit, Rbase, right2)
## genstat:: f_4(Base, Fit, right1, right2)

details:          Mebrak      Anatolia_N    -0.000329   -1.831723
details:        Pulliyar      Anatolia_N     0.001310    5.980295
dscore:      Anatolia_N f4:    -0.000297 Z:    -1.677192

details:          Mebrak             Ami    -0.000209   -0.974758
details:        Pulliyar             Ami    -0.010214  -39.826634
dscore:             Ami f4:    -0.000401 Z:    -1.892262

details:          Mebrak            Mixe    -0.000289   -1.275649
details:        Pulliyar            Mixe    -0.007474  -27.304696
dscore:            Mixe f4:    -0.000427 Z:    -1.904453

details:          Mebrak    Ganj_Dareh_N    -0.000079   -0.372679
details:        Pulliyar    Ganj_Dareh_N     0.002411    9.242889
dscore:    Ganj_Dareh_N f4:    -0.000032 Z:    -0.149903

details:          Mebrak            Onge    -0.000269   -1.298250
details:        Pulliyar            Onge    -0.001747   -6.877952
dscore:            Onge f4:    -0.000297 Z:    -1.449640

details:          Mebrak      Villabruna    -0.000124   -0.462297
details:        Pulliyar      Villabruna     0.000501    1.425539
dscore:      Villabruna f4:    -0.000112 Z:    -0.421609

details:          Mebrak      DevilsGate     0.000404    1.594129
details:        Pulliyar      DevilsGate    -0.011189  -38.652819
dscore:      DevilsGate f4:     0.000182 Z:     0.725933

details:          Mebrak       Sherpa.LC     0.000016    0.077799
details:        Pulliyar       Sherpa.LC    -0.012616  -49.572606
dscore:       Sherpa.LC f4:    -0.000226 Z:    -1.102508

gendstat:                Mbuti           Anatolia_N    -1.677
gendstat:                Mbuti                  Ami    -1.892
gendstat:                Mbuti                 Mixe    -1.904
gendstat:                Mbuti         Ganj_Dareh_N    -0.150
gendstat:                Mbuti                 Onge    -1.450
gendstat:                Mbuti           Villabruna    -0.422
gendstat:                Mbuti           DevilsGate     0.726
gendstat:                Mbuti            Sherpa.LC    -1.103
gendstat:           Anatolia_N                  Ami    -0.512
gendstat:           Anatolia_N                 Mixe    -0.591
gendstat:           Anatolia_N         Ganj_Dareh_N     1.426
gendstat:           Anatolia_N                 Onge     0.002
gendstat:           Anatolia_N           Villabruna     0.813
gendstat:           Anatolia_N           DevilsGate     2.018
gendstat:           Anatolia_N            Sherpa.LC     0.359
gendstat:                  Ami                 Mixe    -0.133
gendstat:                  Ami         Ganj_Dareh_N     1.522
gendstat:                  Ami                 Onge     0.524
gendstat:                  Ami           Villabruna     1.006
gendstat:                  Ami           DevilsGate     2.827
gendstat:                  Ami            Sherpa.LC     1.146
gendstat:                 Mixe         Ganj_Dareh_N     1.639
gendstat:                 Mixe                 Onge     0.597
gendstat:                 Mixe           Villabruna     1.104
gendstat:                 Mixe           DevilsGate     2.602
gendstat:                 Mixe            Sherpa.LC     0.996
gendstat:         Ganj_Dareh_N                 Onge    -1.155
gendstat:         Ganj_Dareh_N           Villabruna    -0.293
gendstat:         Ganj_Dareh_N           DevilsGate     0.769
gendstat:         Ganj_Dareh_N            Sherpa.LC    -0.841
gendstat:                 Onge           Villabruna     0.676
gendstat:                 Onge           DevilsGate     2.015
gendstat:                 Onge            Sherpa.LC     0.372
gendstat:           Villabruna           DevilsGate     0.954
gendstat:           Villabruna            Sherpa.LC    -0.404
gendstat:           DevilsGate            Sherpa.LC    -1.962

## end of run
