/home/cliu7/utils/AdmixTools/bin/qpAdm: parameter file: temp/param/qpAdm_Nubri.LC.Lubrak.Pathan.parjxoiqh1e
### THE INPUT PARAMETERS
##PARAMETER NAME: VALUE
DIR: data/intermediate
S1: HO_all_merged.qpAdm
indivname: data/intermediate/HO_all_merged.qpAdm.grouped.ind
snpname: data/intermediate/HO_all_merged.qpAdm.snp
genotypename: data/intermediate/HO_all_merged.qpAdm.geno
popleft: temp/param/left.jxoiqh1e
popright: temp/param/right.jxoiqh1e
details: YES
## qpAdm version: 810
seed: -92276617
packed geno read OK
end of inpack

left pops:
Nubri.LC
Lubrak
Pathan

right pops:
Mbuti
Anatolia_N
Ami
Mixe
Ganj_Dareh_N
Onge
Villabruna
DevilsGate
Sherpa.LC

  0             Nubri.LC    6
  1               Lubrak    2
  2               Pathan   18
  3                Mbuti   10
  4           Anatolia_N   25
  5                  Ami   10
  6                 Mixe   10
  7         Ganj_Dareh_N    7
  8                 Onge   12
  9           Villabruna    1
 10           DevilsGate    4
 11            Sherpa.LC    9
jackknife block size:     0.050
snps: 498990  indivs: 114
number of blocks for block jackknife: 710
## ncols: 498990
coverage:             Nubri.LC 498990
coverage:               Lubrak 327444
coverage:               Pathan 498990
coverage:                Mbuti 498990
coverage:           Anatolia_N 498137
coverage:                  Ami 498990
coverage:                 Mixe 498990
coverage:         Ganj_Dareh_N 457128
coverage:                 Onge 498990
coverage:           Villabruna 415230
coverage:           DevilsGate 498716
coverage:            Sherpa.LC 498990
dof (jackknife):   583.007
numsnps used: 305365
codimension 1
f4info: 
f4rank: 1 dof:      7 chisq:     9.806 tail:          0.199817799 dofdiff:      9 chisqdiff:    -9.806 taildiff:                    1
B:
          scale     1.000 
     Anatolia_N    -0.600 
            Ami     1.323 
           Mixe     0.779 
   Ganj_Dareh_N    -0.631 
           Onge     0.556 
     Villabruna    -0.414 
     DevilsGate     1.408 
      Sherpa.LC     1.556 
A:
          scale   149.458 
         Lubrak     0.065 
         Pathan    -1.413 


full rank
f4info: 
f4rank: 2 dof:      0 chisq:     0.000 tail:                    1 dofdiff:      7 chisqdiff:     9.806 taildiff:          0.199817799
B:
          scale     1.000     1.000 
     Anatolia_N    -0.599     0.121 
            Ami     1.323    -1.425 
           Mixe     0.779    -1.174 
   Ganj_Dareh_N    -0.631     0.667 
           Onge     0.555    -0.406 
     Villabruna    -0.415     0.489 
     DevilsGate     1.409     1.428 
      Sherpa.LC     1.556     1.300 
A:
          scale   149.191  7397.697 
         Lubrak     0.062     1.388 
         Pathan    -1.413     0.270 


best coefficients:     0.956     0.044 
Jackknife mean:      0.956093340     0.043906660 
      std. errors:     0.011     0.011 

error covariance (* 1000000)
       123       -123 
      -123        123 


summ: Nubri.LC    2      0.199818     0.956     0.044   123  -123   123 

    fixed pat  wt  dof     chisq       tail prob
           00  0     7     9.806        0.199818     0.956     0.044 
           01  1     8    24.394      0.00196812     1.000    -0.000 
           10  1     8  6456.924               0     0.000     1.000 
best pat:           00         0.199818              -  -
best pat:           01       0.00196812  chi(nested):    14.587 p-value for nested model:     0.000133819

coeffs:     0.956     0.044 

## dscore:: f_4(Base, Fit, Rbase, right2)
## genstat:: f_4(Base, Fit, right1, right2)

details:          Lubrak      Anatolia_N    -0.000005   -0.017354
details:          Pathan      Anatolia_N     0.005674   25.505287
dscore:      Anatolia_N f4:     0.000244 Z:     0.898235

details:          Lubrak             Ami     0.000548    1.733817
details:          Pathan             Ami    -0.012607  -47.740968
dscore:             Ami f4:    -0.000028 Z:    -0.092462

details:          Lubrak            Mixe     0.000227    0.668740
details:          Pathan            Mixe    -0.007456  -25.953061
dscore:            Mixe f4:    -0.000109 Z:    -0.332287

details:          Lubrak    Ganj_Dareh_N     0.000117    0.347654
details:          Pathan    Ganj_Dareh_N     0.006004   22.450890
dscore:    Ganj_Dareh_N f4:     0.000375 Z:     1.153761

details:          Lubrak            Onge     0.000276    0.840134
details:          Pathan            Onge    -0.005284  -20.265553
dscore:            Onge f4:     0.000032 Z:     0.101571

details:          Lubrak      Villabruna     0.000288    0.651766
details:          Pathan      Villabruna     0.003997   11.408491
dscore:      Villabruna f4:     0.000451 Z:     1.057358

details:          Lubrak      DevilsGate     0.001243    3.241068
details:          Pathan      DevilsGate    -0.013298  -44.106746
dscore:      DevilsGate f4:     0.000606 Z:     1.640016

details:          Lubrak       Sherpa.LC     0.001026    3.212803
details:          Pathan       Sherpa.LC    -0.014716  -57.271139
dscore:       Sherpa.LC f4:     0.000336 Z:     1.094391

gendstat:                Mbuti           Anatolia_N     0.898
gendstat:                Mbuti                  Ami    -0.092
gendstat:                Mbuti                 Mixe    -0.332
gendstat:                Mbuti         Ganj_Dareh_N     1.154
gendstat:                Mbuti                 Onge     0.102
gendstat:                Mbuti           Villabruna     1.057
gendstat:                Mbuti           DevilsGate     1.640
gendstat:                Mbuti            Sherpa.LC     1.094
gendstat:           Anatolia_N                  Ami    -1.068
gendstat:           Anatolia_N                 Mixe    -1.218
gendstat:           Anatolia_N         Ganj_Dareh_N     0.477
gendstat:           Anatolia_N                 Onge    -0.758
gendstat:           Anatolia_N           Villabruna     0.583
gendstat:           Anatolia_N           DevilsGate     1.074
gendstat:           Anatolia_N            Sherpa.LC     0.351
gendstat:                  Ami                 Mixe    -0.310
gendstat:                  Ami         Ganj_Dareh_N     1.213
gendstat:                  Ami                 Onge     0.210
gendstat:                  Ami           Villabruna     1.158
gendstat:                  Ami           DevilsGate     2.105
gendstat:                  Ami            Sherpa.LC     1.692
gendstat:                 Mixe         Ganj_Dareh_N     1.354
gendstat:                 Mixe                 Onge     0.452
gendstat:                 Mixe           Villabruna     1.316
gendstat:                 Mixe           DevilsGate     2.078
gendstat:                 Mixe            Sherpa.LC     1.649
gendstat:         Ganj_Dareh_N                 Onge    -0.970
gendstat:         Ganj_Dareh_N           Villabruna     0.178
gendstat:         Ganj_Dareh_N           DevilsGate     0.577
gendstat:         Ganj_Dareh_N            Sherpa.LC    -0.112
gendstat:                 Onge           Villabruna     1.015
gendstat:                 Onge           DevilsGate     1.549
gendstat:                 Onge            Sherpa.LC     1.033
gendstat:           Villabruna           DevilsGate     0.333
gendstat:           Villabruna            Sherpa.LC    -0.272
gendstat:           DevilsGate            Sherpa.LC    -0.860

## end of run
