/home/cliu7/utils/AdmixTools/bin/qpWave: parameter file: temp/param/qpAdm_Nubri.LC.Lubrak.Southeast_China.parh326kx4n
### THE INPUT PARAMETERS
##PARAMETER NAME: VALUE
DIR: data/intermediate
S1: HO_all_merged.qpAdm
indivname: data/intermediate/HO_all_merged.qpAdm.grouped.ind
snpname: data/intermediate/HO_all_merged.qpAdm.snp
genotypename: data/intermediate/HO_all_merged.qpAdm.geno
popleft: temp/param/left.h326kx4n
popright: temp/param/right.h326kx4n
details: YES
## qpWave version: 410
packed geno read OK
end of inpack

left pops:
Nubri.LC
Lubrak
Southeast_China

right pops:
Mbuti
Anatolia_N
Ami
Mixe
Ganj_Dareh_N
Onge
Villabruna
DevilsGate
Sherpa.LC

  0             Nubri.LC    6
  1               Lubrak    2
  2      Southeast_China   97
  3                Mbuti   10
  4           Anatolia_N   25
  5                  Ami   10
  6                 Mixe   10
  7         Ganj_Dareh_N    7
  8                 Onge   12
  9           Villabruna    1
 10           DevilsGate    4
 11            Sherpa.LC    9
jackknife block size:     0.050
snps: 498990  indivs: 193
number of blocks for block jackknife: 710
dof (jackknife):   583.110
numsnps used: 306021
f4info: 
f4rank: 0 dof:     16 chisq:  2110.363 tail:                    0 dofdiff:      0 chisqdiff:     0.000 taildiff:                    1

f4info: 
f4rank: 1 dof:      7 chisq:    22.627 tail:        0.00197896878 dofdiff:      9 chisqdiff:  2087.735 taildiff:                    0
B:
          scale     1.000 
     Anatolia_N    -0.212 
            Ami     2.465 
           Mixe     0.307 
   Ganj_Dareh_N    -0.110 
           Onge     0.420 
     Villabruna    -0.407 
     DevilsGate     0.271 
      Sherpa.LC    -1.164 
A:
          scale   841.939 
         Lubrak    -0.070 
Southeast_China     1.412 

f4info: 
f4rank: 2 dof:      0 chisq:     0.000 tail:                    1 dofdiff:      7 chisqdiff:    22.627 taildiff:        0.00197896878
B:
          scale     1.000     1.000 
     Anatolia_N    -0.203     0.043 
            Ami     2.528     0.273 
           Mixe     0.341     0.290 
   Ganj_Dareh_N    -0.101     0.219 
           Onge     0.486     0.333 
     Villabruna    -0.370     0.568 
     DevilsGate     0.521     1.920 
      Sherpa.LC    -0.893     1.916 
A:
          scale   812.077  2329.075 
         Lubrak     0.123     1.409 
Southeast_China     1.409    -0.123 

## end of run
