/home/cliu7/utils/AdmixTools/bin/qpAdm: parameter file: temp/param/qpAdm_Nubri.LC.Kyang.Southeast_China.par6x_daqxg
### THE INPUT PARAMETERS
##PARAMETER NAME: VALUE
DIR: data/intermediate
S1: HO_all_merged.qpAdm
indivname: data/intermediate/HO_all_merged.qpAdm.grouped.ind
snpname: data/intermediate/HO_all_merged.qpAdm.snp
genotypename: data/intermediate/HO_all_merged.qpAdm.geno
popleft: temp/param/left.6x_daqxg
popright: temp/param/right.6x_daqxg
details: YES
## qpAdm version: 810
seed: 1193598276
packed geno read OK
end of inpack

left pops:
Nubri.LC
Kyang
Southeast_China

right pops:
Mbuti
Anatolia_N
Ami
Mixe
Ganj_Dareh_N
Onge
Villabruna
DevilsGate
Sherpa.LC

  0             Nubri.LC    6
  1                Kyang    7
  2      Southeast_China   97
  3                Mbuti   10
  4           Anatolia_N   25
  5                  Ami   10
  6                 Mixe   10
  7         Ganj_Dareh_N    7
  8                 Onge   12
  9           Villabruna    1
 10           DevilsGate    4
 11            Sherpa.LC    9
jackknife block size:     0.050
snps: 498990  indivs: 198
number of blocks for block jackknife: 710
## ncols: 498990
coverage:             Nubri.LC 498990
coverage:                Kyang 498984
coverage:      Southeast_China 498990
coverage:                Mbuti 498990
coverage:           Anatolia_N 498137
coverage:                  Ami 498990
coverage:                 Mixe 498990
coverage:         Ganj_Dareh_N 457128
coverage:                 Onge 498990
coverage:           Villabruna 415230
coverage:           DevilsGate 498716
coverage:            Sherpa.LC 498990
dof (jackknife):   583.373
numsnps used: 419240
codimension 1
f4info: 
f4rank: 1 dof:      7 chisq:     9.375 tail:          0.226868154 dofdiff:      9 chisqdiff:    -9.375 taildiff:                    1
B:
          scale     1.000 
     Anatolia_N    -0.150 
            Ami     2.521 
           Mixe     0.368 
   Ganj_Dareh_N     0.020 
           Onge     0.418 
     Villabruna    -0.325 
     DevilsGate     0.387 
      Sherpa.LC    -1.029 
A:
          scale   839.474 
          Kyang    -0.118 
Southeast_China     1.409 


full rank
f4info: 
f4rank: 2 dof:      0 chisq:     0.000 tail:                    1 dofdiff:      7 chisqdiff:     9.375 taildiff:          0.226868154
B:
          scale     1.000     1.000 
     Anatolia_N    -0.160     0.378 
            Ami     2.525     1.685 
           Mixe     0.358     0.782 
   Ganj_Dareh_N    -0.004     0.958 
           Onge     0.433    -0.366 
     Villabruna    -0.330    -0.298 
     DevilsGate     0.408    -1.086 
      Sherpa.LC    -1.003    -1.445 
A:
          scale   793.899  5127.203 
          Kyang     0.062    -1.303 
Southeast_China     1.413    -0.550 


best coefficients:     0.922     0.078 
Jackknife mean:      0.922180839     0.077819161 
      std. errors:     0.021     0.021 

error covariance (* 1000000)
       452       -452 
      -452        452 


summ: Nubri.LC    2      0.226868     0.922     0.078   452  -452   452 

    fixed pat  wt  dof     chisq       tail prob
           00  0     7     9.375        0.226868     0.922     0.078 
           01  1     8    21.372      0.00622271     1.000     0.000 
           10  1     8  1795.787               0     0.000     1.000 
best pat:           00         0.226868              -  -
best pat:           01       0.00622271  chi(nested):    11.997 p-value for nested model:     0.000532809

coeffs:     0.922     0.078 

## dscore:: f_4(Base, Fit, Rbase, right2)
## genstat:: f_4(Base, Fit, right1, right2)

details:           Kyang      Anatolia_N    -0.000114   -0.689820
details: Southeast_China      Anatolia_N    -0.000325   -2.296100
dscore:      Anatolia_N f4:    -0.000131 Z:    -0.822255

details:           Kyang             Ami    -0.000238   -1.174725
details: Southeast_China             Ami     0.004318   24.828506
dscore:             Ami f4:     0.000116 Z:     0.596903

details:           Kyang            Mixe    -0.000181   -0.846549
details: Southeast_China            Mixe     0.000552    3.021329
dscore:            Mixe f4:    -0.000124 Z:    -0.604829

details:           Kyang    Ganj_Dareh_N    -0.000258   -1.230657
details: Southeast_China    Ganj_Dareh_N    -0.000115   -0.681334
dscore:    Ganj_Dareh_N f4:    -0.000247 Z:    -1.229009

details:           Kyang            Onge     0.000117    0.588620
details: Southeast_China            Onge     0.000812    4.676090
dscore:            Onge f4:     0.000171 Z:     0.895966

details:           Kyang      Villabruna     0.000046    0.173015
details: Southeast_China      Villabruna    -0.000558   -2.584624
dscore:      Villabruna f4:    -0.000001 Z:    -0.002049

details:           Kyang      DevilsGate     0.000306    1.269062
details: Southeast_China      DevilsGate     0.000848    4.134981
dscore:      DevilsGate f4:     0.000348 Z:     1.505709

details:           Kyang       Sherpa.LC     0.000280    1.435166
details: Southeast_China       Sherpa.LC    -0.001627   -9.545157
dscore:       Sherpa.LC f4:     0.000132 Z:     0.705717

gendstat:                Mbuti           Anatolia_N    -0.822
gendstat:                Mbuti                  Ami     0.597
gendstat:                Mbuti                 Mixe    -0.605
gendstat:                Mbuti         Ganj_Dareh_N    -1.229
gendstat:                Mbuti                 Onge     0.896
gendstat:                Mbuti           Villabruna    -0.002
gendstat:                Mbuti           DevilsGate     1.506
gendstat:                Mbuti            Sherpa.LC     0.706
gendstat:           Anatolia_N                  Ami     1.350
gendstat:           Anatolia_N                 Mixe     0.036
gendstat:           Anatolia_N         Ganj_Dareh_N    -0.677
gendstat:           Anatolia_N                 Onge     1.685
gendstat:           Anatolia_N           Villabruna     0.591
gendstat:           Anatolia_N           DevilsGate     2.180
gendstat:           Anatolia_N            Sherpa.LC     1.479
gendstat:                  Ami                 Mixe    -1.392
gendstat:                  Ami         Ganj_Dareh_N    -1.625
gendstat:                  Ami                 Onge     0.301
gendstat:                  Ami           Villabruna    -0.442
gendstat:                  Ami           DevilsGate     1.282
gendstat:                  Ami            Sherpa.LC     0.118
gendstat:                 Mixe         Ganj_Dareh_N    -0.551
gendstat:                 Mixe                 Onge     1.501
gendstat:                 Mixe           Villabruna     0.474
gendstat:                 Mixe           DevilsGate     2.186
gendstat:                 Mixe            Sherpa.LC     1.454
gendstat:         Ganj_Dareh_N                 Onge     1.920
gendstat:         Ganj_Dareh_N           Villabruna     0.957
gendstat:         Ganj_Dareh_N           DevilsGate     2.291
gendstat:         Ganj_Dareh_N            Sherpa.LC     1.760
gendstat:                 Onge           Villabruna    -0.683
gendstat:                 Onge           DevilsGate     0.773
gendstat:                 Onge            Sherpa.LC    -0.216
gendstat:           Villabruna           DevilsGate     1.188
gendstat:           Villabruna            Sherpa.LC     0.516
gendstat:           DevilsGate            Sherpa.LC    -1.117

## end of run
