/home/cliu7/utils/AdmixTools/bin/qpWave: parameter file: temp/param/qpAdm_Nubri.LC.UpperMustang.LC.Han.parsu6rtnzy
### THE INPUT PARAMETERS
##PARAMETER NAME: VALUE
DIR: data/intermediate
S1: HO_all_merged.qpAdm
indivname: data/intermediate/HO_all_merged.qpAdm.grouped.ind
snpname: data/intermediate/HO_all_merged.qpAdm.snp
genotypename: data/intermediate/HO_all_merged.qpAdm.geno
popleft: temp/param/left.su6rtnzy
popright: temp/param/right.su6rtnzy
details: YES
## qpWave version: 410
packed geno read OK
end of inpack

left pops:
Nubri.LC
UpperMustang.LC
Han

right pops:
Mbuti
Anatolia_N
Ami
Mixe
Ganj_Dareh_N
Onge
Villabruna
DevilsGate
Sherpa.LC

  0             Nubri.LC    6
  1      UpperMustang.LC   11
  2                  Han   33
  3                Mbuti   10
  4           Anatolia_N   25
  5                  Ami   10
  6                 Mixe   10
  7         Ganj_Dareh_N    7
  8                 Onge   12
  9           Villabruna    1
 10           DevilsGate    4
 11            Sherpa.LC    9
jackknife block size:     0.050
snps: 498990  indivs: 138
number of blocks for block jackknife: 710
dof (jackknife):   583.374
numsnps used: 421640
f4info: 
f4rank: 0 dof:     16 chisq:  1978.372 tail:                    0 dofdiff:      0 chisqdiff:     0.000 taildiff:                    1

f4info: 
f4rank: 1 dof:      7 chisq:     3.924 tail:          0.788540444 dofdiff:      9 chisqdiff:  1974.449 taildiff:                    0
B:
          scale     1.000 
     Anatolia_N    -0.079 
            Ami     2.416 
           Mixe     0.698 
   Ganj_Dareh_N     0.061 
           Onge     0.423 
     Villabruna    -0.220 
     DevilsGate     1.076 
      Sherpa.LC    -0.531 
A:
          scale   879.476 
UpperMustang.LC     0.028 
            Han     1.414 

f4info: 
f4rank: 2 dof:      0 chisq:     0.000 tail:                    1 dofdiff:      7 chisqdiff:     3.924 taildiff:          0.788540444
B:
          scale     1.000     1.000 
     Anatolia_N    -0.151     1.536 
            Ami     2.402     0.355 
           Mixe     0.677     0.456 
   Ganj_Dareh_N    -0.041     1.999 
           Onge     0.428     0.174 
     Villabruna    -0.254     0.843 
     DevilsGate     1.112    -0.729 
      Sherpa.LC    -0.511    -0.199 
A:
          scale   873.855 11411.928 
UpperMustang.LC     0.038    -1.414 
            Han     1.414     0.038 

## end of run
