/home/cliu7/utils/AdmixTools/bin/qpAdm: parameter file: temp/param/qpAdm_Qiang_Daofu.Kyang.Southeast_China.par0_ys5d11
### THE INPUT PARAMETERS
##PARAMETER NAME: VALUE
DIR: data/intermediate
S1: HO_all_merged.qpAdm
indivname: data/intermediate/HO_all_merged.qpAdm.grouped.ind
snpname: data/intermediate/HO_all_merged.qpAdm.snp
genotypename: data/intermediate/HO_all_merged.qpAdm.geno
popleft: temp/param/left.0_ys5d11
popright: temp/param/right.0_ys5d11
details: YES
## qpAdm version: 810
seed: 164647431
packed geno read OK
end of inpack

left pops:
Qiang_Daofu
Kyang
Southeast_China

right pops:
Mbuti
Anatolia_N
Ami
Mixe
Ganj_Dareh_N
Onge
Villabruna
DevilsGate
Sherpa.LC

  0          Qiang_Daofu    8
  1                Kyang    7
  2      Southeast_China   97
  3                Mbuti   10
  4           Anatolia_N   25
  5                  Ami   10
  6                 Mixe   10
  7         Ganj_Dareh_N    7
  8                 Onge   12
  9           Villabruna    1
 10           DevilsGate    4
 11            Sherpa.LC    9
jackknife block size:     0.050
snps: 498990  indivs: 200
number of blocks for block jackknife: 710
## ncols: 498990
coverage:          Qiang_Daofu 498036
coverage:                Kyang 498984
coverage:      Southeast_China 498990
coverage:                Mbuti 498990
coverage:           Anatolia_N 498137
coverage:                  Ami 498990
coverage:                 Mixe 498990
coverage:         Ganj_Dareh_N 457128
coverage:                 Onge 498990
coverage:           Villabruna 415230
coverage:           DevilsGate 498716
coverage:            Sherpa.LC 498990
dof (jackknife):   583.384
numsnps used: 418386
codimension 1
f4info: 
f4rank: 1 dof:      7 chisq:    43.051 tail:       3.26027625e-07 dofdiff:      9 chisqdiff:   -43.051 taildiff:                    1
B:
          scale     1.000 
     Anatolia_N    -0.184 
            Ami     2.494 
           Mixe     0.144 
   Ganj_Dareh_N    -0.038 
           Onge     0.316 
     Villabruna    -0.336 
     DevilsGate    -0.096 
      Sherpa.LC    -1.225 
A:
          scale  1012.690 
          Kyang    -0.362 
Southeast_China     1.367 


full rank
f4info: 
f4rank: 2 dof:      0 chisq:     0.000 tail:                    1 dofdiff:      7 chisqdiff:    43.051 taildiff:       3.26027625e-07
B:
          scale     1.000     1.000 
     Anatolia_N    -0.203     0.381 
            Ami     2.469     0.225 
           Mixe     0.084     1.561 
   Ganj_Dareh_N    -0.053     0.611 
           Onge     0.312     0.303 
     Villabruna    -0.374     0.138 
     DevilsGate    -0.109     1.981 
      Sherpa.LC    -1.265     0.978 
A:
          scale  1015.529  2197.772 
          Kyang    -0.518    -1.317 
Southeast_China     1.316    -0.514 


best coefficients:     0.791     0.209 
Jackknife mean:      0.790241966     0.209758034 
      std. errors:     0.020     0.020 

error covariance (* 1000000)
       404       -404 
      -404        404 


summ: Qiang_Daofu    2      0.000000     0.790     0.210   404  -404   404 

    fixed pat  wt  dof     chisq       tail prob
           00  0     7    43.051     3.26028e-07     0.791     0.209 
           01  1     8   127.217     1.06697e-23     1.000     0.000 
           10  1     8  1769.566               0     0.000     1.000 
best pat:           00      3.26028e-07              -  -
best pat:           01      1.06697e-23  chi(nested):    84.166 p-value for nested model:      4.5495e-20

coeffs:     0.791     0.209 

## dscore:: f_4(Base, Fit, Rbase, right2)
## genstat:: f_4(Base, Fit, right1, right2)

details:           Kyang      Anatolia_N    -0.000155   -0.954529
details: Southeast_China      Anatolia_N    -0.000366   -3.198399
dscore:      Anatolia_N f4:    -0.000200 Z:    -1.412023

details:           Kyang             Ami    -0.001430   -7.328218
details: Southeast_China             Ami     0.003132   22.903240
dscore:             Ami f4:    -0.000475 Z:    -2.821732

details:           Kyang            Mixe    -0.001005   -4.889741
details: Southeast_China            Mixe    -0.000268   -1.764425
dscore:            Mixe f4:    -0.000851 Z:    -4.761669

details:           Kyang    Ganj_Dareh_N    -0.000368   -1.880346
details: Southeast_China    Ganj_Dareh_N    -0.000224   -1.604127
dscore:    Ganj_Dareh_N f4:    -0.000338 Z:    -1.989739

details:           Kyang            Onge    -0.000371   -1.955501
details: Southeast_China            Onge     0.000322    2.318478
dscore:            Onge f4:    -0.000226 Z:    -1.381171

details:           Kyang      Villabruna     0.000072    0.300488
details: Southeast_China      Villabruna    -0.000536   -3.006084
dscore:      Villabruna f4:    -0.000055 Z:    -0.264660

details:           Kyang      DevilsGate    -0.001160   -5.081180
details: Southeast_China      DevilsGate    -0.000614   -3.726614
dscore:      DevilsGate f4:    -0.001046 Z:    -5.305678

details:           Kyang       Sherpa.LC     0.000022    0.123003
details: Southeast_China       Sherpa.LC    -0.001883  -14.430754
dscore:       Sherpa.LC f4:    -0.000377 Z:    -2.399082

gendstat:                Mbuti           Anatolia_N    -1.412
gendstat:                Mbuti                  Ami    -2.822
gendstat:                Mbuti                 Mixe    -4.762
gendstat:                Mbuti         Ganj_Dareh_N    -1.990
gendstat:                Mbuti                 Onge    -1.381
gendstat:                Mbuti           Villabruna    -0.265
gendstat:                Mbuti           DevilsGate    -5.306
gendstat:                Mbuti            Sherpa.LC    -2.399
gendstat:           Anatolia_N                  Ami    -1.781
gendstat:           Anatolia_N                 Mixe    -4.119
gendstat:           Anatolia_N         Ganj_Dareh_N    -1.011
gendstat:           Anatolia_N                 Onge    -0.170
gendstat:           Anatolia_N           Villabruna     0.819
gendstat:           Anatolia_N           DevilsGate    -4.650
gendstat:           Anatolia_N            Sherpa.LC    -1.234
gendstat:                  Ami                 Mixe    -2.593
gendstat:                  Ami         Ganj_Dareh_N     0.766
gendstat:                  Ami                 Onge     1.529
gendstat:                  Ami           Villabruna     1.887
gendstat:                  Ami           DevilsGate    -3.616
gendstat:                  Ami            Sherpa.LC     0.770
gendstat:                 Mixe         Ganj_Dareh_N     2.816
gendstat:                 Mixe                 Onge     3.457
gendstat:                 Mixe           Villabruna     3.655
gendstat:                 Mixe           DevilsGate    -1.116
gendstat:                 Mixe            Sherpa.LC     3.362
gendstat:         Ganj_Dareh_N                 Onge     0.624
gendstat:         Ganj_Dareh_N           Villabruna     1.355
gendstat:         Ganj_Dareh_N           DevilsGate    -3.479
gendstat:         Ganj_Dareh_N            Sherpa.LC    -0.234
gendstat:                 Onge           Villabruna     0.776
gendstat:                 Onge           DevilsGate    -4.117
gendstat:                 Onge            Sherpa.LC    -0.959
gendstat:           Villabruna           DevilsGate    -4.098
gendstat:           Villabruna            Sherpa.LC    -1.521
gendstat:           DevilsGate            Sherpa.LC     4.156

## end of run
