/home/cliu7/utils/AdmixTools/bin/qpAdm: parameter file: temp/param/qpAdm_Tamang.Rhirhi.Pathan.par53a5oqns
### THE INPUT PARAMETERS
##PARAMETER NAME: VALUE
DIR: data/intermediate
S1: HO_all_merged.qpAdm
indivname: data/intermediate/HO_all_merged.qpAdm.grouped.ind
snpname: data/intermediate/HO_all_merged.qpAdm.snp
genotypename: data/intermediate/HO_all_merged.qpAdm.geno
popleft: temp/param/left.53a5oqns
popright: temp/param/right.53a5oqns
details: YES
## qpAdm version: 810
seed: 721945923
packed geno read OK
end of inpack

left pops:
Tamang
Rhirhi
Pathan

right pops:
Mbuti
Anatolia_N
Ami
Mixe
Ganj_Dareh_N
Onge
Villabruna
DevilsGate
Sherpa.LC

  0               Tamang    7
  1               Rhirhi    4
  2               Pathan   18
  3                Mbuti   10
  4           Anatolia_N   25
  5                  Ami   10
  6                 Mixe   10
  7         Ganj_Dareh_N    7
  8                 Onge   12
  9           Villabruna    1
 10           DevilsGate    4
 11            Sherpa.LC    9
jackknife block size:     0.050
snps: 498990  indivs: 117
number of blocks for block jackknife: 710
## ncols: 498990
coverage:               Tamang 498036
coverage:               Rhirhi 489694
coverage:               Pathan 498990
coverage:                Mbuti 498990
coverage:           Anatolia_N 498137
coverage:                  Ami 498990
coverage:                 Mixe 498990
coverage:         Ganj_Dareh_N 457128
coverage:                 Onge 498990
coverage:           Villabruna 415230
coverage:           DevilsGate 498716
coverage:            Sherpa.LC 498990
dof (jackknife):   583.405
numsnps used: 413243
codimension 1
f4info: 
f4rank: 1 dof:      7 chisq:    62.243 tail:       5.37483416e-11 dofdiff:      9 chisqdiff:   -62.243 taildiff:                    1
B:
          scale     1.000 
     Anatolia_N    -0.654 
            Ami     1.340 
           Mixe     0.748 
   Ganj_Dareh_N    -0.678 
           Onge     0.614 
     Villabruna    -0.474 
     DevilsGate     1.401 
      Sherpa.LC     1.482 
A:
          scale   167.979 
         Rhirhi     0.179 
         Pathan    -1.403 


full rank
f4info: 
f4rank: 2 dof:      0 chisq:     0.000 tail:                    1 dofdiff:      7 chisqdiff:    62.243 taildiff:       5.37483416e-11
B:
          scale     1.000     1.000 
     Anatolia_N    -0.657     0.210 
            Ami     1.339    -1.150 
           Mixe     0.751    -0.356 
   Ganj_Dareh_N    -0.677    -0.230 
           Onge     0.609    -1.618 
     Villabruna    -0.474     0.783 
     DevilsGate     1.405     1.088 
      Sherpa.LC     1.477     1.428 
A:
          scale   166.820  3265.947 
         Rhirhi     0.165     1.388 
         Pathan    -1.405     0.268 


best coefficients:     0.887     0.113 
Jackknife mean:      0.886719101     0.113280899 
      std. errors:     0.009     0.009 

error covariance (* 1000000)
        89        -89 
       -89         89 


summ: Tamang    2      0.000000     0.887     0.113    89   -89    89 

    fixed pat  wt  dof     chisq       tail prob
           00  0     7    62.243     5.37483e-11     0.887     0.113 
           01  1     8   182.332               0     1.000    -0.000 
           10  1     8  7026.270               0     0.000     1.000 
best pat:           00      5.37483e-11              -  -
best pat:           01      3.33338e-35  chi(nested):   120.089 p-value for nested model:     6.04862e-28

coeffs:     0.887     0.113 

## dscore:: f_4(Base, Fit, Rbase, right2)
## genstat:: f_4(Base, Fit, right1, right2)

details:          Rhirhi      Anatolia_N    -0.000490   -2.438608
details:          Pathan      Anatolia_N     0.005561   29.146662
dscore:      Anatolia_N f4:     0.000195 Z:     1.060589

details:          Rhirhi             Ami     0.000960    3.975663
details:          Pathan             Ami    -0.011351  -48.932321
dscore:             Ami f4:    -0.000434 Z:    -1.961142

details:          Rhirhi            Mixe     0.000686    2.620352
details:          Pathan            Mixe    -0.006380  -25.483216
dscore:            Mixe f4:    -0.000114 Z:    -0.482240

details:          Rhirhi    Ganj_Dareh_N    -0.000706   -2.701324
details:          Pathan    Ganj_Dareh_N     0.005678   25.904018
dscore:    Ganj_Dareh_N f4:     0.000017 Z:     0.069986

details:          Rhirhi            Onge    -0.000140   -0.576803
details:          Pathan            Onge    -0.005290  -24.636329
dscore:            Onge f4:    -0.000723 Z:    -3.292475

details:          Rhirhi      Villabruna     0.000129    0.402589
details:          Pathan      Villabruna     0.004109   14.330038
dscore:      Villabruna f4:     0.000579 Z:     1.981526

details:          Rhirhi      DevilsGate     0.002020    6.825722
details:          Pathan      DevilsGate    -0.011741  -44.988613
dscore:      DevilsGate f4:     0.000462 Z:     1.718325

details:          Rhirhi       Sherpa.LC     0.002093    8.662784
details:          Pathan       Sherpa.LC    -0.012320  -56.488010
dscore:       Sherpa.LC f4:     0.000461 Z:     2.107577

gendstat:                Mbuti           Anatolia_N     1.061
gendstat:                Mbuti                  Ami    -1.961
gendstat:                Mbuti                 Mixe    -0.482
gendstat:                Mbuti         Ganj_Dareh_N     0.070
gendstat:                Mbuti                 Onge    -3.292
gendstat:                Mbuti           Villabruna     1.982
gendstat:                Mbuti           DevilsGate     1.718
gendstat:                Mbuti            Sherpa.LC     2.108
gendstat:           Anatolia_N                  Ami    -2.929
gendstat:           Anatolia_N                 Mixe    -1.403
gendstat:           Anatolia_N         Ganj_Dareh_N    -0.907
gendstat:           Anatolia_N                 Onge    -4.243
gendstat:           Anatolia_N           Villabruna     1.551
gendstat:           Anatolia_N           DevilsGate     1.038
gendstat:           Anatolia_N            Sherpa.LC     1.283
gendstat:                  Ami                 Mixe     1.609
gendstat:                  Ami         Ganj_Dareh_N     1.808
gendstat:                  Ami                 Onge    -1.278
gendstat:                  Ami           Villabruna     3.246
gendstat:                  Ami           DevilsGate     4.227
gendstat:                  Ami            Sherpa.LC     5.562
gendstat:                 Mixe         Ganj_Dareh_N     0.509
gendstat:                 Mixe                 Onge    -2.517
gendstat:                 Mixe           Villabruna     2.245
gendstat:                 Mixe           DevilsGate     2.400
gendstat:                 Mixe            Sherpa.LC     3.006
gendstat:         Ganj_Dareh_N                 Onge    -2.838
gendstat:         Ganj_Dareh_N           Villabruna     1.885
gendstat:         Ganj_Dareh_N           DevilsGate     1.539
gendstat:         Ganj_Dareh_N            Sherpa.LC     1.803
gendstat:                 Onge           Villabruna     4.128
gendstat:                 Onge           DevilsGate     4.357
gendstat:                 Onge            Sherpa.LC     5.304
gendstat:           Villabruna           DevilsGate    -0.343
gendstat:           Villabruna            Sherpa.LC    -0.389
gendstat:           DevilsGate            Sherpa.LC    -0.004

## end of run
