/home/cliu7/utils/AdmixTools/bin/qpWave: parameter file: temp/param/qpAdm_Tamang.Rhirhi.Southeast_China.par01kji3v8
### THE INPUT PARAMETERS
##PARAMETER NAME: VALUE
DIR: data/intermediate
S1: HO_all_merged.qpAdm
indivname: data/intermediate/HO_all_merged.qpAdm.grouped.ind
snpname: data/intermediate/HO_all_merged.qpAdm.snp
genotypename: data/intermediate/HO_all_merged.qpAdm.geno
popleft: temp/param/left.01kji3v8
popright: temp/param/right.01kji3v8
details: YES
## qpWave version: 410
packed geno read OK
end of inpack

left pops:
Tamang
Rhirhi
Southeast_China

right pops:
Mbuti
Anatolia_N
Ami
Mixe
Ganj_Dareh_N
Onge
Villabruna
DevilsGate
Sherpa.LC

  0               Tamang    7
  1               Rhirhi    4
  2      Southeast_China   97
  3                Mbuti   10
  4           Anatolia_N   25
  5                  Ami   10
  6                 Mixe   10
  7         Ganj_Dareh_N    7
  8                 Onge   12
  9           Villabruna    1
 10           DevilsGate    4
 11            Sherpa.LC    9
jackknife block size:     0.050
snps: 498990  indivs: 196
number of blocks for block jackknife: 710
dof (jackknife):   583.582
numsnps used: 414837
f4info: 
f4rank: 0 dof:     16 chisq:  2991.340 tail:                    0 dofdiff:      0 chisqdiff:     0.000 taildiff:                    1

f4info: 
f4rank: 1 dof:      7 chisq:   183.694 tail:       3.23077575e-36 dofdiff:      9 chisqdiff:  2807.646 taildiff:                    0
B:
          scale     1.000 
     Anatolia_N    -0.211 
            Ami     2.508 
           Mixe     0.672 
   Ganj_Dareh_N    -0.224 
           Onge     0.437 
     Villabruna    -0.285 
     DevilsGate     0.926 
      Sherpa.LC     0.187 
A:
          scale   634.984 
         Rhirhi    -0.031 
Southeast_China     1.414 

f4info: 
f4rank: 2 dof:      0 chisq:     0.000 tail:                    1 dofdiff:      7 chisqdiff:   183.694 taildiff:       3.23077575e-36
B:
          scale     1.000     1.000 
     Anatolia_N    -0.270    -0.334 
            Ami     2.277    -1.245 
           Mixe     0.746     0.067 
   Ganj_Dareh_N    -0.312    -0.566 
           Onge     0.341    -0.550 
     Villabruna    -0.226     0.411 
     DevilsGate     1.233     1.249 
      Sherpa.LC     0.631     1.996 
A:
          scale   544.180  1720.136 
         Rhirhi     0.460     1.337 
Southeast_China     1.337    -0.460 

## end of run
