/home/cliu7/utils/AdmixTools/bin/qpAdm: parameter file: temp/param/qpAdm_Tamang.Samdzong.Mala.par54uq0l3o
### THE INPUT PARAMETERS
##PARAMETER NAME: VALUE
DIR: data/intermediate
S1: HO_all_merged.qpAdm
indivname: data/intermediate/HO_all_merged.qpAdm.grouped.ind
snpname: data/intermediate/HO_all_merged.qpAdm.snp
genotypename: data/intermediate/HO_all_merged.qpAdm.geno
popleft: temp/param/left.54uq0l3o
popright: temp/param/right.54uq0l3o
details: YES
## qpAdm version: 810
seed: -421540309
packed geno read OK
end of inpack

left pops:
Tamang
Samdzong
Mala

right pops:
Mbuti
Anatolia_N
Ami
Mixe
Ganj_Dareh_N
Onge
Villabruna
DevilsGate
Sherpa.LC

  0               Tamang    7
  1             Samdzong    9
  2                 Mala   11
  3                Mbuti   10
  4           Anatolia_N   25
  5                  Ami   10
  6                 Mixe   10
  7         Ganj_Dareh_N    7
  8                 Onge   12
  9           Villabruna    1
 10           DevilsGate    4
 11            Sherpa.LC    9
jackknife block size:     0.050
snps: 498990  indivs: 115
number of blocks for block jackknife: 710
## ncols: 498990
coverage:               Tamang 498036
coverage:             Samdzong 498985
coverage:                 Mala 498990
coverage:                Mbuti 498990
coverage:           Anatolia_N 498137
coverage:                  Ami 498990
coverage:                 Mixe 498990
coverage:         Ganj_Dareh_N 457128
coverage:                 Onge 498990
coverage:           Villabruna 415230
coverage:           DevilsGate 498716
coverage:            Sherpa.LC 498990
dof (jackknife):   583.276
numsnps used: 418335
codimension 1
f4info: 
f4rank: 1 dof:      7 chisq:    53.756 tail:       2.62850599e-09 dofdiff:      9 chisqdiff:   -53.756 taildiff:                    1
B:
          scale     1.000 
     Anatolia_N    -0.265 
            Ami     1.363 
           Mixe     0.933 
   Ganj_Dareh_N    -0.422 
           Onge     0.330 
     Villabruna    -0.137 
     DevilsGate     1.495 
      Sherpa.LC     1.631 
A:
          scale   220.158 
       Samdzong     0.321 
           Mala    -1.377 


full rank
f4info: 
f4rank: 2 dof:      0 chisq:     0.000 tail:                    1 dofdiff:      7 chisqdiff:    53.756 taildiff:       2.62850599e-09
B:
          scale     1.000     1.000 
     Anatolia_N    -0.273    -0.526 
            Ami     1.366     1.454 
           Mixe     0.930     0.468 
   Ganj_Dareh_N    -0.432     0.221 
           Onge     0.324     0.822 
     Villabruna    -0.131     0.333 
     DevilsGate     1.493    -0.013 
      Sherpa.LC     1.631    -2.134 
A:
          scale   218.289  4762.963 
       Samdzong     0.288    -1.275 
           Mala    -1.385    -0.612 


best coefficients:     0.811     0.189 
Jackknife mean:      0.811178295     0.188821705 
      std. errors:     0.009     0.009 

error covariance (* 1000000)
        90        -90 
       -90         90 


summ: Tamang    2      0.000000     0.811     0.189    90   -90    90 

    fixed pat  wt  dof     chisq       tail prob
           00  0     7    53.756     2.62851e-09     0.811     0.189 
           01  1     8   366.719               0     1.000    -0.000 
           10  1     8  4443.521               0     0.000     1.000 
best pat:           00      2.62851e-09              -  -
best pat:           01      2.43683e-74  chi(nested):   312.963 p-value for nested model:     4.93948e-70

coeffs:     0.811     0.189 

## dscore:: f_4(Base, Fit, Rbase, right2)
## genstat:: f_4(Base, Fit, right1, right2)

details:        Samdzong      Anatolia_N    -0.000283   -1.777984
details:            Mala      Anatolia_N     0.001756    9.456701
dscore:      Anatolia_N f4:     0.000102 Z:     0.721434

details:        Samdzong             Ami     0.001356    6.976207
details:            Mala             Ami    -0.008904  -40.461875
dscore:             Ami f4:    -0.000582 Z:    -3.367366

details:        Samdzong            Mixe     0.001019    5.022620
details:            Mala            Mixe    -0.006009  -25.983198
dscore:            Mixe f4:    -0.000308 Z:    -1.685006

details:        Samdzong    Ganj_Dareh_N    -0.000701   -3.665375
details:            Mala    Ganj_Dareh_N     0.002679   12.738684
dscore:    Ganj_Dareh_N f4:    -0.000063 Z:    -0.373204

details:        Samdzong            Onge     0.000115    0.589920
details:            Mala            Onge    -0.002211  -10.770754
dscore:            Onge f4:    -0.000325 Z:    -1.902655

details:        Samdzong      Villabruna    -0.000360   -1.441694
details:            Mala      Villabruna     0.000706    2.467942
dscore:      Villabruna f4:    -0.000159 Z:    -0.726591

details:        Samdzong      DevilsGate     0.001913    8.759476
details:            Mala      DevilsGate    -0.009513  -38.696992
dscore:      DevilsGate f4:    -0.000244 Z:    -1.274895

details:        Samdzong       Sherpa.LC     0.002656   13.778014
details:            Mala       Sherpa.LC    -0.010125  -47.654977
dscore:       Sherpa.LC f4:     0.000242 Z:     1.419504

gendstat:                Mbuti           Anatolia_N     0.721
gendstat:                Mbuti                  Ami    -3.367
gendstat:                Mbuti                 Mixe    -1.685
gendstat:                Mbuti         Ganj_Dareh_N    -0.373
gendstat:                Mbuti                 Onge    -1.903
gendstat:                Mbuti           Villabruna    -0.727
gendstat:                Mbuti           DevilsGate    -1.275
gendstat:                Mbuti            Sherpa.LC     1.420
gendstat:           Anatolia_N                  Ami    -4.257
gendstat:           Anatolia_N                 Mixe    -2.471
gendstat:           Anatolia_N         Ganj_Dareh_N    -1.151
gendstat:           Anatolia_N                 Onge    -2.753
gendstat:           Anatolia_N           Villabruna    -1.354
gendstat:           Anatolia_N           DevilsGate    -1.903
gendstat:           Anatolia_N            Sherpa.LC     0.894
gendstat:                  Ami                 Mixe     1.891
gendstat:                  Ami         Ganj_Dareh_N     2.853
gendstat:                  Ami                 Onge     1.614
gendstat:                  Ami           Villabruna     1.824
gendstat:                  Ami           DevilsGate     2.175
gendstat:                  Ami            Sherpa.LC     6.613
gendstat:                 Mixe         Ganj_Dareh_N     1.327
gendstat:                 Mixe                 Onge    -0.092
gendstat:                 Mixe           Villabruna     0.650
gendstat:                 Mixe           DevilsGate     0.367
gendstat:                 Mixe            Sherpa.LC     3.801
gendstat:         Ganj_Dareh_N                 Onge    -1.437
gendstat:         Ganj_Dareh_N           Villabruna    -0.431
gendstat:         Ganj_Dareh_N           DevilsGate    -0.876
gendstat:         Ganj_Dareh_N            Sherpa.LC     1.670
gendstat:                 Onge           Villabruna     0.730
gendstat:                 Onge           DevilsGate     0.437
gendstat:                 Onge            Sherpa.LC     3.559
gendstat:           Villabruna           DevilsGate    -0.345
gendstat:           Villabruna            Sherpa.LC     1.760
gendstat:           DevilsGate            Sherpa.LC     3.086

## end of run
