/home/cliu7/utils/AdmixTools/bin/qpWave: parameter file: temp/param/qpAdm_Tamang.Mebrak.Pathan.parbwlp27np
### THE INPUT PARAMETERS
##PARAMETER NAME: VALUE
DIR: data/intermediate
S1: HO_all_merged.qpAdm
indivname: data/intermediate/HO_all_merged.qpAdm.grouped.ind
snpname: data/intermediate/HO_all_merged.qpAdm.snp
genotypename: data/intermediate/HO_all_merged.qpAdm.geno
popleft: temp/param/left.bwlp27np
popright: temp/param/right.bwlp27np
details: YES
## qpWave version: 410
packed geno read OK
end of inpack

left pops:
Tamang
Mebrak
Pathan

right pops:
Mbuti
Anatolia_N
Ami
Mixe
Ganj_Dareh_N
Onge
Villabruna
DevilsGate
Sherpa.LC

  0               Tamang    7
  1               Mebrak    8
  2               Pathan   18
  3                Mbuti   10
  4           Anatolia_N   25
  5                  Ami   10
  6                 Mixe   10
  7         Ganj_Dareh_N    7
  8                 Onge   12
  9           Villabruna    1
 10           DevilsGate    4
 11            Sherpa.LC    9
jackknife block size:     0.050
snps: 498990  indivs: 121
number of blocks for block jackknife: 710
dof (jackknife):   583.307
numsnps used: 415872
f4info: 
f4rank: 0 dof:     16 chisq:  8168.435 tail:                    0 dofdiff:      0 chisqdiff:     0.000 taildiff:                    1

f4info: 
f4rank: 1 dof:      7 chisq:   110.931 tail:       5.88562048e-21 dofdiff:      9 chisqdiff:  8057.504 taildiff:                    0
B:
          scale     1.000 
     Anatolia_N    -0.647 
            Ami     1.332 
           Mixe     0.764 
   Ganj_Dareh_N    -0.667 
           Onge     0.593 
     Villabruna    -0.475 
     DevilsGate     1.402 
      Sherpa.LC     1.496 
A:
          scale   167.634 
         Mebrak     0.209 
         Pathan    -1.399 

f4info: 
f4rank: 2 dof:      0 chisq:     0.000 tail:                    1 dofdiff:      7 chisqdiff:   110.931 taildiff:       5.88562048e-21
B:
          scale     1.000     1.000 
     Anatolia_N    -0.654     0.635 
            Ami     1.341    -0.727 
           Mixe     0.758    -0.017 
   Ganj_Dareh_N    -0.669     0.687 
           Onge     0.612    -1.713 
     Villabruna    -0.480     0.895 
     DevilsGate     1.401     0.831 
      Sherpa.LC     1.477     1.473 
A:
          scale   166.418  2752.887 
         Mebrak     0.219     1.397 
         Pathan    -1.397     0.219 

## end of run
