/home/cliu7/utils/AdmixTools/bin/qpAdm: parameter file: temp/param/qpAdm_Tibetan_Shigatse.Rhirhi.Southeast_China.par67xcsp1p
### THE INPUT PARAMETERS
##PARAMETER NAME: VALUE
DIR: data/intermediate
S1: HO_all_merged.qpAdm
indivname: data/intermediate/HO_all_merged.qpAdm.grouped.ind
snpname: data/intermediate/HO_all_merged.qpAdm.snp
genotypename: data/intermediate/HO_all_merged.qpAdm.geno
popleft: temp/param/left.67xcsp1p
popright: temp/param/right.67xcsp1p
details: YES
## qpAdm version: 810
seed: 1924828072
packed geno read OK
end of inpack

left pops:
Tibetan_Shigatse
Rhirhi
Southeast_China

right pops:
Mbuti
Anatolia_N
Ami
Mixe
Ganj_Dareh_N
Onge
Villabruna
DevilsGate
Sherpa.LC

  0     Tibetan_Shigatse   10
  1               Rhirhi    4
  2      Southeast_China   97
  3                Mbuti   10
  4           Anatolia_N   25
  5                  Ami   10
  6                 Mixe   10
  7         Ganj_Dareh_N    7
  8                 Onge   12
  9           Villabruna    1
 10           DevilsGate    4
 11            Sherpa.LC    9
jackknife block size:     0.050
snps: 498990  indivs: 199
number of blocks for block jackknife: 710
## ncols: 498990
coverage:     Tibetan_Shigatse 498036
coverage:               Rhirhi 489694
coverage:      Southeast_China 498990
coverage:                Mbuti 498990
coverage:           Anatolia_N 498137
coverage:                  Ami 498990
coverage:                 Mixe 498990
coverage:         Ganj_Dareh_N 457128
coverage:                 Onge 498990
coverage:           Villabruna 415230
coverage:           DevilsGate 498716
coverage:            Sherpa.LC 498990
dof (jackknife):   583.574
numsnps used: 415226
codimension 1
f4info: 
f4rank: 1 dof:      7 chisq:    40.019 tail:       1.24804482e-06 dofdiff:      9 chisqdiff:   -40.019 taildiff:                    1
B:
          scale     1.000 
     Anatolia_N    -0.080 
            Ami     2.540 
           Mixe     0.196 
   Ganj_Dareh_N    -0.019 
           Onge     0.406 
     Villabruna    -0.264 
     DevilsGate     0.231 
      Sherpa.LC    -1.102 
A:
          scale   878.487 
         Rhirhi    -0.072 
Southeast_China     1.412 


full rank
f4info: 
f4rank: 2 dof:      0 chisq:     0.000 tail:                    1 dofdiff:      7 chisqdiff:    40.019 taildiff:       1.24804482e-06
B:
          scale     1.000     1.000 
     Anatolia_N    -0.114     0.234 
            Ami     2.530    -0.279 
           Mixe     0.190     1.404 
   Ganj_Dareh_N    -0.041     0.276 
           Onge     0.400     0.572 
     Villabruna    -0.288    -0.471 
     DevilsGate     0.216     0.410 
      Sherpa.LC    -1.122     2.259 
A:
          scale   885.731  2110.716 
         Rhirhi    -0.435    -1.383 
Southeast_China     1.346    -0.297 


best coefficients:     0.952     0.048 
Jackknife mean:      0.950937141     0.049062859 
      std. errors:     0.026     0.026 

error covariance (* 1000000)
       651       -651 
      -651        651 


summ: Tibetan_Shigatse    2      0.000001     0.951     0.049   651  -651   651 

    fixed pat  wt  dof     chisq       tail prob
           00  0     7    40.019     1.24804e-06     0.952     0.048 
           01  1     8    43.274     7.79985e-07     1.000     0.000 
           10  1     8  2539.429               0     0.000     1.000 
best pat:           00      1.24804e-06              -  -
best pat:           01      7.79985e-07  chi(nested):     3.255 p-value for nested model:       0.0712258

coeffs:     0.952     0.048 

## dscore:: f_4(Base, Fit, Rbase, right2)
## genstat:: f_4(Base, Fit, right1, right2)

details:          Rhirhi      Anatolia_N    -0.000128   -0.689333
details: Southeast_China      Anatolia_N    -0.000214   -1.858804
dscore:      Anatolia_N f4:    -0.000133 Z:    -0.740873

details:          Rhirhi             Ami    -0.001092   -4.836501
details: Southeast_China             Ami     0.003877   27.828382
dscore:             Ami f4:    -0.000852 Z:    -3.926175

details:          Rhirhi            Mixe    -0.001048   -4.268010
details: Southeast_China            Mixe     0.000083    0.567638
dscore:            Mixe f4:    -0.000994 Z:    -4.208737

details:          Rhirhi    Ganj_Dareh_N    -0.000197   -0.798920
details: Southeast_China    Ganj_Dareh_N    -0.000110   -0.793016
dscore:    Ganj_Dareh_N f4:    -0.000193 Z:    -0.814336

details:          Rhirhi            Onge    -0.000602   -2.561608
details: Southeast_China            Onge     0.000522    3.806698
dscore:            Onge f4:    -0.000548 Z:    -2.426335

details:          Rhirhi      Villabruna     0.000413    1.370763
details: Southeast_China      Villabruna    -0.000381   -2.191988
dscore:      Villabruna f4:     0.000374 Z:     1.295612

details:          Rhirhi      DevilsGate    -0.000425   -1.598577
details: Southeast_China      DevilsGate     0.000258    1.523278
dscore:      DevilsGate f4:    -0.000392 Z:    -1.534848

details:          Rhirhi       Sherpa.LC    -0.000962   -4.131872
details: Southeast_China       Sherpa.LC    -0.002028  -14.948103
dscore:       Sherpa.LC f4:    -0.001014 Z:    -4.528713

gendstat:                Mbuti           Anatolia_N    -0.741
gendstat:                Mbuti                  Ami    -3.926
gendstat:                Mbuti                 Mixe    -4.209
gendstat:                Mbuti         Ganj_Dareh_N    -0.814
gendstat:                Mbuti                 Onge    -2.426
gendstat:                Mbuti           Villabruna     1.296
gendstat:                Mbuti           DevilsGate    -1.535
gendstat:                Mbuti            Sherpa.LC    -4.529
gendstat:           Anatolia_N                  Ami    -3.545
gendstat:           Anatolia_N                 Mixe    -4.076
gendstat:           Anatolia_N         Ganj_Dareh_N    -0.315
gendstat:           Anatolia_N                 Onge    -1.916
gendstat:           Anatolia_N           Villabruna     2.006
gendstat:           Anatolia_N           DevilsGate    -1.041
gendstat:           Anatolia_N            Sherpa.LC    -4.379
gendstat:                  Ami                 Mixe    -0.741
gendstat:                  Ami         Ganj_Dareh_N     2.724
gendstat:                  Ami                 Onge     1.383
gendstat:                  Ami           Villabruna     3.933
gendstat:                  Ami           DevilsGate     2.100
gendstat:                  Ami            Sherpa.LC    -1.012
gendstat:                 Mixe         Ganj_Dareh_N     3.147
gendstat:                 Mixe                 Onge     1.846
gendstat:                 Mixe           Villabruna     4.376
gendstat:                 Mixe           DevilsGate     2.706
gendstat:                 Mixe            Sherpa.LC    -0.108
gendstat:         Ganj_Dareh_N                 Onge    -1.388
gendstat:         Ganj_Dareh_N           Villabruna     1.907
gendstat:         Ganj_Dareh_N           DevilsGate    -0.698
gendstat:         Ganj_Dareh_N            Sherpa.LC    -3.402
gendstat:                 Onge           Villabruna     2.980
gendstat:                 Onge           DevilsGate     0.586
gendstat:                 Onge            Sherpa.LC    -2.097
gendstat:           Villabruna           DevilsGate    -2.262
gendstat:           Villabruna            Sherpa.LC    -4.557
gendstat:           DevilsGate            Sherpa.LC    -2.898

## end of run
