/home/cliu7/utils/AdmixTools/bin/qpWave: parameter file: temp/param/qpAdm_Tibetan_Nagqu.Samdzong.Mala.parskbt5ihr
### THE INPUT PARAMETERS
##PARAMETER NAME: VALUE
DIR: data/intermediate
S1: HO_all_merged.qpAdm
indivname: data/intermediate/HO_all_merged.qpAdm.grouped.ind
snpname: data/intermediate/HO_all_merged.qpAdm.snp
genotypename: data/intermediate/HO_all_merged.qpAdm.geno
popleft: temp/param/left.skbt5ihr
popright: temp/param/right.skbt5ihr
details: YES
## qpWave version: 410
packed geno read OK
end of inpack

left pops:
Tibetan_Nagqu
Samdzong
Mala

right pops:
Mbuti
Anatolia_N
Ami
Mixe
Ganj_Dareh_N
Onge
Villabruna
DevilsGate
Sherpa.LC

  0        Tibetan_Nagqu    8
  1             Samdzong    9
  2                 Mala   11
  3                Mbuti   10
  4           Anatolia_N   25
  5                  Ami   10
  6                 Mixe   10
  7         Ganj_Dareh_N    7
  8                 Onge   12
  9           Villabruna    1
 10           DevilsGate    4
 11            Sherpa.LC    9
jackknife block size:     0.050
snps: 498990  indivs: 116
number of blocks for block jackknife: 710
dof (jackknife):   583.344
numsnps used: 418293
f4info: 
f4rank: 0 dof:     16 chisq:  6152.156 tail:                    0 dofdiff:      0 chisqdiff:     0.000 taildiff:                    1

f4info: 
f4rank: 1 dof:      7 chisq:    45.970 tail:       8.86037193e-08 dofdiff:      9 chisqdiff:  6106.186 taildiff:                    0
B:
          scale     1.000 
     Anatolia_N    -0.255 
            Ami     1.367 
           Mixe     0.938 
   Ganj_Dareh_N    -0.391 
           Onge     0.327 
     Villabruna    -0.110 
     DevilsGate     1.508 
      Sherpa.LC     1.625 
A:
          scale   175.617 
       Samdzong    -0.042 
           Mala    -1.414 

f4info: 
f4rank: 2 dof:      0 chisq:     0.000 tail:                    1 dofdiff:      7 chisqdiff:    45.970 taildiff:       8.86037193e-08
B:
          scale     1.000     1.000 
     Anatolia_N    -0.263     0.077 
            Ami     1.380     1.072 
           Mixe     0.954     0.951 
   Ganj_Dareh_N    -0.392     1.281 
           Onge     0.332     0.747 
     Villabruna    -0.113     0.689 
     DevilsGate     1.510     0.496 
      Sherpa.LC     1.601    -1.738 
A:
          scale   173.879  5059.344 
       Samdzong    -0.079    -1.412 
           Mala    -1.412     0.079 

## end of run
