/home/cliu7/utils/AdmixTools/bin/qpAdm: parameter file: temp/param/qpAdm_Tibetan_Shigatse.Rhirhi.Pathan.parre16trgx
### THE INPUT PARAMETERS
##PARAMETER NAME: VALUE
DIR: data/intermediate
S1: HO_all_merged.qpAdm
indivname: data/intermediate/HO_all_merged.qpAdm.grouped.ind
snpname: data/intermediate/HO_all_merged.qpAdm.snp
genotypename: data/intermediate/HO_all_merged.qpAdm.geno
popleft: temp/param/left.re16trgx
popright: temp/param/right.re16trgx
details: YES
## qpAdm version: 810
seed: 419602026
packed geno read OK
end of inpack

left pops:
Tibetan_Shigatse
Rhirhi
Pathan

right pops:
Mbuti
Anatolia_N
Ami
Mixe
Ganj_Dareh_N
Onge
Villabruna
DevilsGate
Sherpa.LC

  0     Tibetan_Shigatse   10
  1               Rhirhi    4
  2               Pathan   18
  3                Mbuti   10
  4           Anatolia_N   25
  5                  Ami   10
  6                 Mixe   10
  7         Ganj_Dareh_N    7
  8                 Onge   12
  9           Villabruna    1
 10           DevilsGate    4
 11            Sherpa.LC    9
jackknife block size:     0.050
snps: 498990  indivs: 120
number of blocks for block jackknife: 710
## ncols: 498990
coverage:     Tibetan_Shigatse 498036
coverage:               Rhirhi 489694
coverage:               Pathan 498990
coverage:                Mbuti 498990
coverage:           Anatolia_N 498137
coverage:                  Ami 498990
coverage:                 Mixe 498990
coverage:         Ganj_Dareh_N 457128
coverage:                 Onge 498990
coverage:           Villabruna 415230
coverage:           DevilsGate 498716
coverage:            Sherpa.LC 498990
dof (jackknife):   583.405
numsnps used: 412873
codimension 1
f4info: 
f4rank: 1 dof:      7 chisq:    25.482 tail:       0.000622932802 dofdiff:      9 chisqdiff:   -25.482 taildiff:                    1
B:
          scale     1.000 
     Anatolia_N    -0.605 
            Ami     1.328 
           Mixe     0.799 
   Ganj_Dareh_N    -0.625 
           Onge     0.567 
     Villabruna    -0.441 
     DevilsGate     1.415 
      Sherpa.LC     1.525 
A:
          scale   140.780 
         Rhirhi    -0.053 
         Pathan    -1.413 


full rank
f4info: 
f4rank: 2 dof:      0 chisq:     0.000 tail:                    1 dofdiff:      7 chisqdiff:    25.482 taildiff:       0.000622932802
B:
          scale     1.000     1.000 
     Anatolia_N    -0.598     1.302 
            Ami     1.330     0.276 
           Mixe     0.803     1.241 
   Ganj_Dareh_N    -0.622     1.081 
           Onge     0.568     0.235 
     Villabruna    -0.440    -0.616 
     DevilsGate     1.412    -1.624 
      Sherpa.LC     1.527    -0.670 
A:
          scale   140.297  3993.841 
         Rhirhi    -0.096    -1.411 
         Pathan    -1.411    -0.101 


best coefficients:     1.039    -0.039 
Jackknife mean:      1.039195221    -0.039195221 
      std. errors:     0.010     0.010 

error covariance (* 1000000)
        94        -94 
       -94         94 


summ: Tibetan_Shigatse    2      0.000623     1.039    -0.039    94   -94    94 

    fixed pat  wt  dof     chisq       tail prob
           00  0     7    25.482     0.000622933     1.039    -0.039  infeasible
           01  1     8    43.202     8.04688e-07     1.000    -0.000 
           10  1     8  8506.707               0     0.000     1.000 
best pat:           00      0.000622933              -  -
best pat:           01      8.04688e-07  chi(nested):    17.720 p-value for nested model:     2.55958e-05

coeffs:     1.039    -0.039 

## dscore:: f_4(Base, Fit, Rbase, right2)
## genstat:: f_4(Base, Fit, right1, right2)

details:          Rhirhi      Anatolia_N    -0.000129   -0.688749
details:          Pathan      Anatolia_N     0.005927   29.333016
dscore:      Anatolia_N f4:    -0.000367 Z:    -1.896167

details:          Rhirhi             Ami    -0.001098   -4.833097
details:          Pathan             Ami    -0.013421  -55.983724
dscore:             Ami f4:    -0.000614 Z:    -2.619743

details:          Rhirhi            Mixe    -0.001054   -4.264781
details:          Pathan            Mixe    -0.008126  -31.613237
dscore:            Mixe f4:    -0.000777 Z:    -3.033017

details:          Rhirhi    Ganj_Dareh_N    -0.000198   -0.798359
details:          Pathan    Ganj_Dareh_N     0.006192   26.282552
dscore:    Ganj_Dareh_N f4:    -0.000449 Z:    -1.750612

details:          Rhirhi            Onge    -0.000606   -2.559443
details:          Pathan            Onge    -0.005761  -24.047433
dscore:            Onge f4:    -0.000403 Z:    -1.652574

details:          Rhirhi      Villabruna     0.000415    1.370477
details:          Pathan      Villabruna     0.004398   14.551355
dscore:      Villabruna f4:     0.000259 Z:     0.827654

details:          Rhirhi      DevilsGate    -0.000427   -1.597652
details:          Pathan      DevilsGate    -0.014201  -51.380434
dscore:      DevilsGate f4:     0.000114 Z:     0.410234

details:          Rhirhi       Sherpa.LC    -0.000968   -4.128470
details:          Pathan       Sherpa.LC    -0.015395  -64.600754
dscore:       Sherpa.LC f4:    -0.000402 Z:    -1.658594

gendstat:                Mbuti           Anatolia_N    -1.896
gendstat:                Mbuti                  Ami    -2.620
gendstat:                Mbuti                 Mixe    -3.033
gendstat:                Mbuti         Ganj_Dareh_N    -1.751
gendstat:                Mbuti                 Onge    -1.653
gendstat:                Mbuti           Villabruna     0.828
gendstat:                Mbuti           DevilsGate     0.410
gendstat:                Mbuti            Sherpa.LC    -1.659
gendstat:           Anatolia_N                  Ami    -1.126
gendstat:           Anatolia_N                 Mixe    -1.790
gendstat:           Anatolia_N         Ganj_Dareh_N    -0.396
gendstat:           Anatolia_N                 Onge    -0.156
gendstat:           Anatolia_N           Villabruna     2.286
gendstat:           Anatolia_N           DevilsGate     1.783
gendstat:           Anatolia_N            Sherpa.LC    -0.160
gendstat:                  Ami                 Mixe    -0.781
gendstat:                  Ami         Ganj_Dareh_N     0.632
gendstat:                  Ami                 Onge     0.887
gendstat:                  Ami           Villabruna     2.592
gendstat:                  Ami           DevilsGate     3.065
gendstat:                  Ami            Sherpa.LC     1.223
gendstat:                 Mixe         Ganj_Dareh_N     1.192
gendstat:                 Mixe                 Onge     1.425
gendstat:                 Mixe           Villabruna     3.063
gendstat:                 Mixe           DevilsGate     3.685
gendstat:                 Mixe            Sherpa.LC     1.841
gendstat:         Ganj_Dareh_N                 Onge     0.163
gendstat:         Ganj_Dareh_N           Villabruna     2.193
gendstat:         Ganj_Dareh_N           DevilsGate     1.822
gendstat:         Ganj_Dareh_N            Sherpa.LC     0.180
gendstat:                 Onge           Villabruna     1.971
gendstat:                 Onge           DevilsGate     1.787
gendstat:                 Onge            Sherpa.LC     0.007
gendstat:           Villabruna           DevilsGate    -0.396
gendstat:           Villabruna            Sherpa.LC    -2.005
gendstat:           DevilsGate            Sherpa.LC    -2.215

## end of run
