/home/cliu7/utils/AdmixTools/bin/qpWave: parameter file: temp/param/qpAdm_Tibetan_Nagqu.Rhirhi.Pulliyar.parxlwtbege
### THE INPUT PARAMETERS
##PARAMETER NAME: VALUE
DIR: data/intermediate
S1: HO_all_merged.qpAdm
indivname: data/intermediate/HO_all_merged.qpAdm.grouped.ind
snpname: data/intermediate/HO_all_merged.qpAdm.snp
genotypename: data/intermediate/HO_all_merged.qpAdm.geno
popleft: temp/param/left.xlwtbege
popright: temp/param/right.xlwtbege
details: YES
## qpWave version: 410
packed geno read OK
end of inpack

left pops:
Tibetan_Nagqu
Rhirhi
Pulliyar

right pops:
Mbuti
Anatolia_N
Ami
Mixe
Ganj_Dareh_N
Onge
Villabruna
DevilsGate
Sherpa.LC

  0        Tibetan_Nagqu    8
  1               Rhirhi    4
  2             Pulliyar   35
  3                Mbuti   10
  4           Anatolia_N   25
  5                  Ami   10
  6                 Mixe   10
  7         Ganj_Dareh_N    7
  8                 Onge   12
  9           Villabruna    1
 10           DevilsGate    4
 11            Sherpa.LC    9
jackknife block size:     0.050
snps: 498990  indivs: 135
number of blocks for block jackknife: 710
dof (jackknife):   584.942
numsnps used: 387267
f4info: 
f4rank: 0 dof:     16 chisq:  5272.162 tail:                    0 dofdiff:      0 chisqdiff:     0.000 taildiff:                    1

f4info: 
f4rank: 1 dof:      7 chisq:    27.750 tail:       0.000244009425 dofdiff:      9 chisqdiff:  5244.411 taildiff:                    0
B:
          scale     1.000 
     Anatolia_N    -0.189 
            Ami     1.367 
           Mixe     0.986 
   Ganj_Dareh_N    -0.313 
           Onge     0.249 
     Villabruna    -0.062 
     DevilsGate     1.523 
      Sherpa.LC     1.625 
A:
          scale   178.103 
         Rhirhi    -0.079 
       Pulliyar    -1.412 

f4info: 
f4rank: 2 dof:      0 chisq:     0.000 tail:                    1 dofdiff:      7 chisqdiff:    27.750 taildiff:       0.000244009425
B:
          scale     1.000     1.000 
     Anatolia_N    -0.178     0.774 
            Ami     1.377     1.119 
           Mixe     1.005     1.101 
   Ganj_Dareh_N    -0.299     1.238 
           Onge     0.263     1.314 
     Villabruna    -0.074    -0.602 
     DevilsGate     1.516    -0.832 
      Sherpa.LC     1.613    -0.787 
A:
          scale   175.901  4049.044 
         Rhirhi    -0.123    -1.409 
       Pulliyar    -1.409     0.123 

## end of run
