/home/cliu7/utils/AdmixTools/bin/qpAdm: parameter file: temp/param/qpAdm_Tibetan_Xinlong.Chokhopani.Han.parqq7x74k3
### THE INPUT PARAMETERS
##PARAMETER NAME: VALUE
DIR: data/intermediate
S1: HO_all_merged.qpAdm
indivname: data/intermediate/HO_all_merged.qpAdm.grouped.ind
snpname: data/intermediate/HO_all_merged.qpAdm.snp
genotypename: data/intermediate/HO_all_merged.qpAdm.geno
popleft: temp/param/left.qq7x74k3
popright: temp/param/right.qq7x74k3
details: YES
## qpAdm version: 810
seed: 1077242811
packed geno read OK
end of inpack

left pops:
Tibetan_Xinlong
Chokhopani
Han

right pops:
Mbuti
Anatolia_N
Ami
Mixe
Ganj_Dareh_N
Onge
Villabruna
DevilsGate
Sherpa.LC

  0      Tibetan_Xinlong   10
  1           Chokhopani    2
  2                  Han   33
  3                Mbuti   10
  4           Anatolia_N   25
  5                  Ami   10
  6                 Mixe   10
  7         Ganj_Dareh_N    7
  8                 Onge   12
  9           Villabruna    1
 10           DevilsGate    4
 11            Sherpa.LC    9
jackknife block size:     0.050
snps: 498990  indivs: 133
number of blocks for block jackknife: 710
## ncols: 498990
coverage:      Tibetan_Xinlong 498036
coverage:           Chokhopani 498917
coverage:                  Han 498990
coverage:                Mbuti 498990
coverage:           Anatolia_N 498137
coverage:                  Ami 498990
coverage:                 Mixe 498990
coverage:         Ganj_Dareh_N 457128
coverage:                 Onge 498990
coverage:           Villabruna 415230
coverage:           DevilsGate 498716
coverage:            Sherpa.LC 498990
dof (jackknife):   583.371
numsnps used: 420916
codimension 1
f4info: 
f4rank: 1 dof:      7 chisq:    17.421 tail:         0.0148756965 dofdiff:      9 chisqdiff:   -17.421 taildiff:                    1
B:
          scale     1.000 
     Anatolia_N     0.003 
            Ami     2.553 
           Mixe     0.637 
   Ganj_Dareh_N     0.194 
           Onge     0.222 
     Villabruna    -0.076 
     DevilsGate     0.809 
      Sherpa.LC    -0.574 
A:
          scale  1411.842 
     Chokhopani    -1.014 
            Han     0.986 


full rank
f4info: 
f4rank: 2 dof:      0 chisq:     0.000 tail:                    1 dofdiff:      7 chisqdiff:    17.421 taildiff:         0.0148756965
B:
          scale     1.000     1.000 
     Anatolia_N     0.066     0.375 
            Ami     2.479    -1.560 
           Mixe     0.887     1.101 
   Ganj_Dareh_N     0.166    -0.157 
           Onge     0.140    -0.478 
     Villabruna     0.160     1.226 
     DevilsGate     0.933     0.141 
      Sherpa.LC    -0.346     1.562 
A:
          scale  1218.155  4305.974 
     Chokhopani    -1.254    -1.056 
            Han     0.655    -0.941 


best coefficients:     0.493     0.507 
Jackknife mean:      0.491996129     0.508003871 
      std. errors:     0.023     0.023 

error covariance (* 1000000)
       550       -550 
      -550        550 


summ: Tibetan_Xinlong    2      0.014876     0.492     0.508   550  -550   550 

    fixed pat  wt  dof     chisq       tail prob
           00  0     7    17.421       0.0148757     0.493     0.507 
           01  1     8   179.310               0     1.000     0.000 
           10  1     8   714.411               0     0.000     1.000 
best pat:           00        0.0148757              -  -
best pat:           01      1.43746e-34  chi(nested):   161.889 p-value for nested model:     4.37489e-37

coeffs:     0.493     0.507 

## dscore:: f_4(Base, Fit, Rbase, right2)
## genstat:: f_4(Base, Fit, right1, right2)

details:      Chokhopani      Anatolia_N    -0.000175   -0.813764
details:             Han      Anatolia_N    -0.000049   -0.562498
dscore:      Anatolia_N f4:    -0.000111 Z:    -0.883629

details:      Chokhopani             Ami    -0.002185   -8.815664
details:             Han             Ami     0.001671   16.162384
dscore:             Ami f4:    -0.000229 Z:    -1.557375

details:      Chokhopani            Mixe    -0.001200   -4.584679
details:             Han            Mixe     0.000235    2.122354
dscore:            Mixe f4:    -0.000472 Z:    -3.060878

details:      Chokhopani    Ganj_Dareh_N    -0.000148   -0.557817
details:             Han    Ganj_Dareh_N     0.000120    1.088620
dscore:    Ganj_Dareh_N f4:    -0.000012 Z:    -0.076335

details:      Chokhopani            Onge    -0.000043   -0.168394
details:             Han            Onge     0.000178    1.713365
dscore:            Onge f4:     0.000069 Z:     0.475772

details:      Chokhopani      Villabruna    -0.000488   -1.514233
details:             Han      Villabruna    -0.000188   -1.345928
dscore:      Villabruna f4:    -0.000336 Z:    -1.766683

details:      Chokhopani      DevilsGate    -0.001012   -3.445298
details:             Han      DevilsGate     0.000470    3.689968
dscore:      DevilsGate f4:    -0.000261 Z:    -1.497982

details:      Chokhopani       Sherpa.LC    -0.000041   -0.176756
details:             Han       Sherpa.LC    -0.000529   -5.178128
dscore:       Sherpa.LC f4:    -0.000288 Z:    -2.126732

gendstat:                Mbuti           Anatolia_N    -0.884
gendstat:                Mbuti                  Ami    -1.557
gendstat:                Mbuti                 Mixe    -3.061
gendstat:                Mbuti         Ganj_Dareh_N    -0.076
gendstat:                Mbuti                 Onge     0.476
gendstat:                Mbuti           Villabruna    -1.767
gendstat:                Mbuti           DevilsGate    -1.498
gendstat:                Mbuti            Sherpa.LC    -2.127
gendstat:           Anatolia_N                  Ami    -0.829
gendstat:           Anatolia_N                 Mixe    -2.482
gendstat:           Anatolia_N         Ganj_Dareh_N     0.813
gendstat:           Anatolia_N                 Onge     1.288
gendstat:           Anatolia_N           Villabruna    -1.296
gendstat:           Anatolia_N           DevilsGate    -0.873
gendstat:           Anatolia_N            Sherpa.LC    -1.324
gendstat:                  Ami                 Mixe    -1.748
gendstat:                  Ami         Ganj_Dareh_N     1.263
gendstat:                  Ami                 Onge     2.059
gendstat:                  Ami           Villabruna    -0.518
gendstat:                  Ami           DevilsGate    -0.221
gendstat:                  Ami            Sherpa.LC    -0.552
gendstat:                 Mixe         Ganj_Dareh_N     2.671
gendstat:                 Mixe                 Onge     3.403
gendstat:                 Mixe           Villabruna     0.654
gendstat:                 Mixe           DevilsGate     1.256
gendstat:                 Mixe            Sherpa.LC     1.381
gendstat:         Ganj_Dareh_N                 Onge     0.504
gendstat:         Ganj_Dareh_N           Villabruna    -1.639
gendstat:         Ganj_Dareh_N           DevilsGate    -1.263
gendstat:         Ganj_Dareh_N            Sherpa.LC    -1.667
gendstat:                 Onge           Villabruna    -2.036
gendstat:                 Onge           DevilsGate    -1.845
gendstat:                 Onge            Sherpa.LC    -2.406
gendstat:           Villabruna           DevilsGate     0.327
gendstat:           Villabruna            Sherpa.LC     0.235
gendstat:           DevilsGate            Sherpa.LC    -0.190

## end of run
