/home/cliu7/utils/AdmixTools/bin/qpAdm: parameter file: temp/param/qpAdm_Tibetan_Shigatse.Mebrak.Pathan.par89rvgdoy
### THE INPUT PARAMETERS
##PARAMETER NAME: VALUE
DIR: data/intermediate
S1: HO_all_merged.qpAdm
indivname: data/intermediate/HO_all_merged.qpAdm.grouped.ind
snpname: data/intermediate/HO_all_merged.qpAdm.snp
genotypename: data/intermediate/HO_all_merged.qpAdm.geno
popleft: temp/param/left.89rvgdoy
popright: temp/param/right.89rvgdoy
details: YES
## qpAdm version: 810
seed: 726021061
packed geno read OK
end of inpack

left pops:
Tibetan_Shigatse
Mebrak
Pathan

right pops:
Mbuti
Anatolia_N
Ami
Mixe
Ganj_Dareh_N
Onge
Villabruna
DevilsGate
Sherpa.LC

  0     Tibetan_Shigatse   10
  1               Mebrak    8
  2               Pathan   18
  3                Mbuti   10
  4           Anatolia_N   25
  5                  Ami   10
  6                 Mixe   10
  7         Ganj_Dareh_N    7
  8                 Onge   12
  9           Villabruna    1
 10           DevilsGate    4
 11            Sherpa.LC    9
jackknife block size:     0.050
snps: 498990  indivs: 124
number of blocks for block jackknife: 710
## ncols: 498990
coverage:     Tibetan_Shigatse 498036
coverage:               Mebrak 498978
coverage:               Pathan 498990
coverage:                Mbuti 498990
coverage:           Anatolia_N 498137
coverage:                  Ami 498990
coverage:                 Mixe 498990
coverage:         Ganj_Dareh_N 457128
coverage:                 Onge 498990
coverage:           Villabruna 415230
coverage:           DevilsGate 498716
coverage:            Sherpa.LC 498990
dof (jackknife):   583.302
numsnps used: 415601
codimension 1
f4info: 
f4rank: 1 dof:      7 chisq:    27.078 tail:        0.00032270161 dofdiff:      9 chisqdiff:   -27.078 taildiff:                    1
B:
          scale     1.000 
     Anatolia_N    -0.610 
            Ami     1.324 
           Mixe     0.798 
   Ganj_Dareh_N    -0.631 
           Onge     0.559 
     Villabruna    -0.448 
     DevilsGate     1.409 
      Sherpa.LC     1.531 
A:
          scale   141.993 
         Mebrak    -0.021 
         Pathan    -1.414 


full rank
f4info: 
f4rank: 2 dof:      0 chisq:     0.000 tail:                    1 dofdiff:      7 chisqdiff:    27.078 taildiff:        0.00032270161
B:
          scale     1.000     1.000 
     Anatolia_N    -0.603     1.159 
            Ami     1.327     0.482 
           Mixe     0.800     1.455 
   Ganj_Dareh_N    -0.626     0.284 
           Onge     0.564     0.844 
     Villabruna    -0.444    -0.392 
     DevilsGate     1.410    -1.285 
      Sherpa.LC     1.530    -1.307 
A:
          scale   141.265  5824.977 
         Mebrak    -0.048    -1.398 
         Pathan    -1.413    -0.211 


best coefficients:     1.015    -0.015 
Jackknife mean:      1.014729671    -0.014729671 
      std. errors:     0.007     0.007 

error covariance (* 1000000)
        56        -56 
       -56         56 


summ: Tibetan_Shigatse    2      0.000323     1.015    -0.015    56   -56    56 

    fixed pat  wt  dof     chisq       tail prob
           00  0     7    27.078     0.000322702     1.015    -0.015  infeasible
           01  1     8    30.956     0.000143063     1.000    -0.000 
           10  1     8  8483.731               0     0.000     1.000 
best pat:           00      0.000322702              -  -
best pat:           01      0.000143063  chi(nested):     3.878 p-value for nested model:        0.048919

coeffs:     1.015    -0.015 

## dscore:: f_4(Base, Fit, Rbase, right2)
## genstat:: f_4(Base, Fit, right1, right2)

details:          Mebrak      Anatolia_N    -0.000182   -1.160582
details:          Pathan      Anatolia_N     0.005905   29.318185
dscore:      Anatolia_N f4:    -0.000271 Z:    -1.712445

details:          Mebrak             Ami    -0.000659   -3.591799
details:          Pathan             Ami    -0.013376  -55.992755
dscore:             Ami f4:    -0.000472 Z:    -2.543195

details:          Mebrak            Mixe    -0.000742   -3.852015
details:          Pathan            Mixe    -0.008104  -31.642718
dscore:            Mixe f4:    -0.000634 Z:    -3.249928

details:          Mebrak    Ganj_Dareh_N    -0.000029   -0.155330
details:          Pathan    Ganj_Dareh_N     0.006173   26.267255
dscore:    Ganj_Dareh_N f4:    -0.000120 Z:    -0.640897

details:          Mebrak            Onge    -0.000530   -3.043894
details:          Pathan            Onge    -0.005745  -24.047720
dscore:            Onge f4:    -0.000453 Z:    -2.577221

details:          Mebrak      Villabruna     0.000106    0.443322
details:          Pathan      Villabruna     0.004384   14.572194
dscore:      Villabruna f4:     0.000043 Z:     0.176926

details:          Mebrak      DevilsGate    -0.000183   -0.877487
details:          Pathan      DevilsGate    -0.014156  -51.470397
dscore:      DevilsGate f4:     0.000023 Z:     0.107111

details:          Mebrak       Sherpa.LC    -0.000358   -1.965500
details:          Pathan       Sherpa.LC    -0.015345  -64.645533
dscore:       Sherpa.LC f4:    -0.000137 Z:    -0.746130

gendstat:                Mbuti           Anatolia_N    -1.712
gendstat:                Mbuti                  Ami    -2.543
gendstat:                Mbuti                 Mixe    -3.250
gendstat:                Mbuti         Ganj_Dareh_N    -0.641
gendstat:                Mbuti                 Onge    -2.577
gendstat:                Mbuti           Villabruna     0.177
gendstat:                Mbuti           DevilsGate     0.107
gendstat:                Mbuti            Sherpa.LC    -0.746
gendstat:           Anatolia_N                  Ami    -1.152
gendstat:           Anatolia_N                 Mixe    -1.968
gendstat:           Anatolia_N         Ganj_Dareh_N     1.012
gendstat:           Anatolia_N                 Onge    -1.050
gendstat:           Anatolia_N           Villabruna     1.539
gendstat:           Anatolia_N           DevilsGate     1.371
gendstat:           Anatolia_N            Sherpa.LC     0.768
gendstat:                  Ami                 Mixe    -0.938
gendstat:                  Ami         Ganj_Dareh_N     1.728
gendstat:                  Ami                 Onge     0.111
gendstat:                  Ami           Villabruna     1.953
gendstat:                  Ami           DevilsGate     2.643
gendstat:                  Ami            Sherpa.LC     2.415
gendstat:                 Mixe         Ganj_Dareh_N     2.421
gendstat:                 Mixe                 Onge     0.925
gendstat:                 Mixe           Villabruna     2.631
gendstat:                 Mixe           DevilsGate     3.330
gendstat:                 Mixe            Sherpa.LC     2.939
gendstat:         Ganj_Dareh_N                 Onge    -1.676
gendstat:         Ganj_Dareh_N           Villabruna     0.669
gendstat:         Ganj_Dareh_N           DevilsGate     0.602
gendstat:         Ganj_Dareh_N            Sherpa.LC    -0.089
gendstat:                 Onge           Villabruna     1.956
gendstat:                 Onge           DevilsGate     2.244
gendstat:                 Onge            Sherpa.LC     1.772
gendstat:           Villabruna           DevilsGate    -0.071
gendstat:           Villabruna            Sherpa.LC    -0.690
gendstat:           DevilsGate            Sherpa.LC    -0.856

## end of run
