/home/cliu7/utils/AdmixTools/bin/qpWave: parameter file: temp/param/qpAdm_Tibetan_Shannan.UpperMustang.LC.Southeast_China.parwotjvstg
### THE INPUT PARAMETERS
##PARAMETER NAME: VALUE
DIR: data/intermediate
S1: HO_all_merged.qpAdm
indivname: data/intermediate/HO_all_merged.qpAdm.grouped.ind
snpname: data/intermediate/HO_all_merged.qpAdm.snp
genotypename: data/intermediate/HO_all_merged.qpAdm.geno
popleft: temp/param/left.wotjvstg
popright: temp/param/right.wotjvstg
details: YES
## qpWave version: 410
packed geno read OK
end of inpack

left pops:
Tibetan_Shannan
UpperMustang.LC
Southeast_China

right pops:
Mbuti
Anatolia_N
Ami
Mixe
Ganj_Dareh_N
Onge
Villabruna
DevilsGate
Sherpa.LC

  0      Tibetan_Shannan    9
  1      UpperMustang.LC   11
  2      Southeast_China   97
  3                Mbuti   10
  4           Anatolia_N   25
  5                  Ami   10
  6                 Mixe   10
  7         Ganj_Dareh_N    7
  8                 Onge   12
  9           Villabruna    1
 10           DevilsGate    4
 11            Sherpa.LC    9
jackknife block size:     0.050
snps: 498990  indivs: 205
number of blocks for block jackknife: 710
dof (jackknife):   583.426
numsnps used: 418367
f4info: 
f4rank: 0 dof:     16 chisq:  2883.904 tail:                    0 dofdiff:      0 chisqdiff:     0.000 taildiff:                    1

f4info: 
f4rank: 1 dof:      7 chisq:    10.279 tail:          0.173325994 dofdiff:      9 chisqdiff:  2873.625 taildiff:                    0
B:
          scale     1.000 
     Anatolia_N    -0.117 
            Ami     2.514 
           Mixe     0.255 
   Ganj_Dareh_N    -0.005 
           Onge     0.446 
     Villabruna    -0.249 
     DevilsGate     0.297 
      Sherpa.LC    -1.118 
A:
          scale   864.448 
UpperMustang.LC     0.011 
Southeast_China     1.414 

f4info: 
f4rank: 2 dof:      0 chisq:     0.000 tail:                    1 dofdiff:      7 chisqdiff:    10.279 taildiff:          0.173325994
B:
          scale     1.000     1.000 
     Anatolia_N    -0.147     0.488 
            Ami     2.486     0.538 
           Mixe     0.203     1.022 
   Ganj_Dareh_N    -0.066     1.032 
           Onge     0.409     0.562 
     Villabruna    -0.220    -0.352 
     DevilsGate     0.212     1.477 
      Sherpa.LC    -1.222     1.656 
A:
          scale   881.298  5682.441 
UpperMustang.LC    -0.051    -1.413 
Southeast_China     1.413    -0.051 

## end of run
