/home/cliu7/utils/AdmixTools/bin/qpAdm: parameter file: temp/param/qpAdm_Tibetan_Xinlong.Kyang.Pulliyar.parjoosg019
### THE INPUT PARAMETERS
##PARAMETER NAME: VALUE
DIR: data/intermediate
S1: HO_all_merged.qpAdm
indivname: data/intermediate/HO_all_merged.qpAdm.grouped.ind
snpname: data/intermediate/HO_all_merged.qpAdm.snp
genotypename: data/intermediate/HO_all_merged.qpAdm.geno
popleft: temp/param/left.joosg019
popright: temp/param/right.joosg019
details: YES
## qpAdm version: 810
seed: -478706030
packed geno read OK
end of inpack

left pops:
Tibetan_Xinlong
Kyang
Pulliyar

right pops:
Mbuti
Anatolia_N
Ami
Mixe
Ganj_Dareh_N
Onge
Villabruna
DevilsGate
Sherpa.LC

  0      Tibetan_Xinlong   10
  1                Kyang    7
  2             Pulliyar   35
  3                Mbuti   10
  4           Anatolia_N   25
  5                  Ami   10
  6                 Mixe   10
  7         Ganj_Dareh_N    7
  8                 Onge   12
  9           Villabruna    1
 10           DevilsGate    4
 11            Sherpa.LC    9
jackknife block size:     0.050
snps: 498990  indivs: 140
number of blocks for block jackknife: 710
## ncols: 498990
coverage:      Tibetan_Xinlong 498036
coverage:                Kyang 498984
coverage:             Pulliyar 459213
coverage:                Mbuti 498990
coverage:           Anatolia_N 498137
coverage:                  Ami 498990
coverage:                 Mixe 498990
coverage:         Ganj_Dareh_N 457128
coverage:                 Onge 498990
coverage:           Villabruna 415230
coverage:           DevilsGate 498716
coverage:            Sherpa.LC 498990
dof (jackknife):   584.930
numsnps used: 388954
codimension 1
f4info: 
f4rank: 1 dof:      7 chisq:   481.281 tail:      8.46128659e-100 dofdiff:      9 chisqdiff:  -481.281 taildiff:                    1
B:
          scale     1.000 
     Anatolia_N    -0.165 
            Ami     1.470 
           Mixe     1.036 
   Ganj_Dareh_N    -0.295 
           Onge     0.281 
     Villabruna    -0.068 
     DevilsGate     1.483 
      Sherpa.LC     1.539 
A:
          scale   173.328 
          Kyang    -0.068 
       Pulliyar    -1.413 


full rank
f4info: 
f4rank: 2 dof:      0 chisq:     0.000 tail:                    1 dofdiff:      7 chisqdiff:   481.281 taildiff:      8.46128659e-100
B:
          scale     1.000     1.000 
     Anatolia_N    -0.181     0.085 
            Ami     1.501     1.701 
           Mixe     1.010     0.347 
   Ganj_Dareh_N    -0.314     0.404 
           Onge     0.271     0.231 
     Villabruna    -0.085    -0.206 
     DevilsGate     1.510    -0.137 
      Sherpa.LC     1.495    -2.168 
A:
          scale   169.499  1771.644 
          Kyang    -0.132    -1.413 
       Pulliyar    -1.408    -0.050 


best coefficients:     1.051    -0.051 
Jackknife mean:      1.050876087    -0.050876087 
      std. errors:     0.012     0.012 

error covariance (* 1000000)
       136       -136 
      -136        136 


summ: Tibetan_Xinlong    2      0.000000     1.051    -0.051   136  -136   136 

    fixed pat  wt  dof     chisq       tail prob
           00  0     7   481.281               0     1.051    -0.051  infeasible
           01  1     8   500.495               0     1.000    -0.000 
           10  1     8  5564.196               0     0.000     1.000 
best pat:           00                0              -  -
best pat:           01     5.50849e-103  chi(nested):    19.214 p-value for nested model:     1.16868e-05

coeffs:     1.051    -0.051 

## dscore:: f_4(Base, Fit, Rbase, right2)
## genstat:: f_4(Base, Fit, right1, right2)

details:           Kyang      Anatolia_N     0.000063    0.396632
details:        Pulliyar      Anatolia_N     0.001473    6.937772
dscore:      Anatolia_N f4:    -0.000008 Z:    -0.049464

details:           Kyang             Ami    -0.002542  -13.646994
details:        Pulliyar             Ami    -0.012564  -51.274333
dscore:             Ami f4:    -0.002034 Z:   -10.522353

details:           Kyang            Mixe    -0.001082   -5.576879
details:        Pulliyar            Mixe    -0.008441  -33.247572
dscore:            Mixe f4:    -0.000709 Z:    -3.519578

details:           Kyang    Ganj_Dareh_N    -0.000096   -0.506872
details:        Pulliyar    Ganj_Dareh_N     0.002569   10.860297
dscore:    Ganj_Dareh_N f4:    -0.000231 Z:    -1.174174

details:           Kyang            Onge    -0.000417   -2.288836
details:        Pulliyar            Onge    -0.002301   -9.782364
dscore:            Onge f4:    -0.000322 Z:    -1.700667

details:           Kyang      Villabruna     0.000232    0.937589
details:        Pulliyar      Villabruna     0.000682    2.161692
dscore:      Villabruna f4:     0.000209 Z:     0.812401

details:           Kyang      DevilsGate    -0.001081   -4.907026
details:        Pulliyar      DevilsGate    -0.012610  -46.691510
dscore:      DevilsGate f4:    -0.000497 Z:    -2.170308

details:           Kyang       Sherpa.LC     0.000551    3.111597
details:        Pulliyar       Sherpa.LC    -0.012402  -52.409693
dscore:       Sherpa.LC f4:     0.001207 Z:     6.548644

gendstat:                Mbuti           Anatolia_N    -0.049
gendstat:                Mbuti                  Ami   -10.522
gendstat:                Mbuti                 Mixe    -3.520
gendstat:                Mbuti         Ganj_Dareh_N    -1.174
gendstat:                Mbuti                 Onge    -1.701
gendstat:                Mbuti           Villabruna     0.812
gendstat:                Mbuti           DevilsGate    -2.170
gendstat:                Mbuti            Sherpa.LC     6.549
gendstat:           Anatolia_N                  Ami   -11.143
gendstat:           Anatolia_N                 Mixe    -3.918
gendstat:           Anatolia_N         Ganj_Dareh_N    -1.343
gendstat:           Anatolia_N                 Onge    -1.750
gendstat:           Anatolia_N           Villabruna     0.996
gendstat:           Anatolia_N           DevilsGate    -2.265
gendstat:           Anatolia_N            Sherpa.LC     7.111
gendstat:                  Ami                 Mixe     7.702
gendstat:                  Ami         Ganj_Dareh_N     8.395
gendstat:                  Ami                 Onge     9.097
gendstat:                  Ami           Villabruna     8.425
gendstat:                  Ami           DevilsGate     8.095
gendstat:                  Ami            Sherpa.LC    21.677
gendstat:                 Mixe         Ganj_Dareh_N     2.128
gendstat:                 Mixe                 Onge     1.928
gendstat:                 Mixe           Villabruna     3.512
gendstat:                 Mixe           DevilsGate     1.043
gendstat:                 Mixe            Sherpa.LC    11.217
gendstat:         Ganj_Dareh_N                 Onge    -0.407
gendstat:         Ganj_Dareh_N           Villabruna     1.675
gendstat:         Ganj_Dareh_N           DevilsGate    -1.091
gendstat:         Ganj_Dareh_N            Sherpa.LC     6.940
gendstat:                 Onge           Villabruna     1.997
gendstat:                 Onge           DevilsGate    -0.765
gendstat:                 Onge            Sherpa.LC     8.275
gendstat:           Villabruna           DevilsGate    -2.348
gendstat:           Villabruna            Sherpa.LC     3.844
gendstat:           DevilsGate            Sherpa.LC     8.898

## end of run
