/home/cliu7/utils/AdmixTools/bin/qpAdm: parameter file: temp/param/qpAdm_Tibetan_Yunnan.Chokhopani.Han.par150gx0du
### THE INPUT PARAMETERS
##PARAMETER NAME: VALUE
DIR: data/intermediate
S1: HO_all_merged.qpAdm
indivname: data/intermediate/HO_all_merged.qpAdm.grouped.ind
snpname: data/intermediate/HO_all_merged.qpAdm.snp
genotypename: data/intermediate/HO_all_merged.qpAdm.geno
popleft: temp/param/left.150gx0du
popright: temp/param/right.150gx0du
details: YES
## qpAdm version: 810
seed: -613086328
packed geno read OK
end of inpack

left pops:
Tibetan_Yunnan
Chokhopani
Han

right pops:
Mbuti
Anatolia_N
Ami
Mixe
Ganj_Dareh_N
Onge
Villabruna
DevilsGate
Sherpa.LC

  0       Tibetan_Yunnan    4
  1           Chokhopani    2
  2                  Han   33
  3                Mbuti   10
  4           Anatolia_N   25
  5                  Ami   10
  6                 Mixe   10
  7         Ganj_Dareh_N    7
  8                 Onge   12
  9           Villabruna    1
 10           DevilsGate    4
 11            Sherpa.LC    9
jackknife block size:     0.050
snps: 498990  indivs: 127
number of blocks for block jackknife: 710
## ncols: 498990
coverage:       Tibetan_Yunnan 498036
coverage:           Chokhopani 498917
coverage:                  Han 498990
coverage:                Mbuti 498990
coverage:           Anatolia_N 498137
coverage:                  Ami 498990
coverage:                 Mixe 498990
coverage:         Ganj_Dareh_N 457128
coverage:                 Onge 498990
coverage:           Villabruna 415230
coverage:           DevilsGate 498716
coverage:            Sherpa.LC 498990
dof (jackknife):   583.357
numsnps used: 421670
codimension 1
f4info: 
f4rank: 1 dof:      7 chisq:    13.226 tail:         0.0667828596 dofdiff:      9 chisqdiff:   -13.226 taildiff:                    1
B:
          scale     1.000 
     Anatolia_N    -0.010 
            Ami     2.497 
           Mixe     0.733 
   Ganj_Dareh_N     0.005 
           Onge     0.192 
     Villabruna     0.083 
     DevilsGate     0.915 
      Sherpa.LC    -0.589 
A:
          scale  1289.315 
     Chokhopani    -0.559 
            Han     1.299 


full rank
f4info: 
f4rank: 2 dof:      0 chisq:     0.000 tail:                    1 dofdiff:      7 chisqdiff:    13.226 taildiff:         0.0667828596
B:
          scale     1.000     1.000 
     Anatolia_N     0.026     0.455 
            Ami     2.493    -1.300 
           Mixe     0.805     0.734 
   Ganj_Dareh_N     0.063     0.970 
           Onge     0.172    -0.476 
     Villabruna     0.129     0.483 
     DevilsGate     0.912    -0.084 
      Sherpa.LC    -0.503     2.039 
A:
          scale  1234.971  3304.623 
     Chokhopani    -0.991    -1.223 
            Han     1.009    -0.711 


best coefficients:     0.699     0.301 
Jackknife mean:      0.697877061     0.302122939 
      std. errors:     0.036     0.036 

error covariance (* 1000000)
      1268      -1268 
     -1268       1268 


summ: Tibetan_Yunnan    2      0.066783     0.698     0.302  1268 -1268  1268 

    fixed pat  wt  dof     chisq       tail prob
           00  0     7    13.226       0.0667829     0.699     0.301 
           01  1     8    59.802     5.09803e-10     1.000     0.000 
           10  1     8   582.837               0     0.000     1.000 
best pat:           00        0.0667829              -  -
best pat:           01      5.09803e-10  chi(nested):    46.575 p-value for nested model:     8.81658e-12

coeffs:     0.699     0.301 

## dscore:: f_4(Base, Fit, Rbase, right2)
## genstat:: f_4(Base, Fit, right1, right2)

details:      Chokhopani      Anatolia_N    -0.000211   -0.885141
details:             Han      Anatolia_N    -0.000085   -0.558345
dscore:      Anatolia_N f4:    -0.000173 Z:    -0.893172

details:      Chokhopani             Ami    -0.001537   -5.659855
details:             Han             Ami     0.002312   13.482666
dscore:             Ami f4:    -0.000378 Z:    -1.715984

details:      Chokhopani            Mixe    -0.000937   -3.193238
details:             Han            Mixe     0.000495    2.720530
dscore:            Mixe f4:    -0.000506 Z:    -2.127553

details:      Chokhopani    Ganj_Dareh_N    -0.000431   -1.495139
details:             Han    Ganj_Dareh_N    -0.000164   -0.939375
dscore:    Ganj_Dareh_N f4:    -0.000351 Z:    -1.515055

details:      Chokhopani            Onge     0.000017    0.062305
details:             Han            Onge     0.000237    1.378376
dscore:            Onge f4:     0.000083 Z:     0.384017

details:      Chokhopani      Villabruna    -0.000309   -0.867510
details:             Han      Villabruna    -0.000009   -0.041204
dscore:      Villabruna f4:    -0.000219 Z:    -0.757347

details:      Chokhopani      DevilsGate    -0.000723   -2.204220
details:             Han      DevilsGate     0.000756    3.686680
dscore:      DevilsGate f4:    -0.000278 Z:    -1.044737

details:      Chokhopani       Sherpa.LC    -0.000367   -1.428740
details:             Han       Sherpa.LC    -0.000854   -5.161998
dscore:       Sherpa.LC f4:    -0.000514 Z:    -2.474800

gendstat:                Mbuti           Anatolia_N    -0.893
gendstat:                Mbuti                  Ami    -1.716
gendstat:                Mbuti                 Mixe    -2.128
gendstat:                Mbuti         Ganj_Dareh_N    -1.515
gendstat:                Mbuti                 Onge     0.384
gendstat:                Mbuti           Villabruna    -0.757
gendstat:                Mbuti           DevilsGate    -1.045
gendstat:                Mbuti            Sherpa.LC    -2.475
gendstat:           Anatolia_N                  Ami    -1.027
gendstat:           Anatolia_N                 Mixe    -1.476
gendstat:           Anatolia_N         Ganj_Dareh_N    -0.919
gendstat:           Anatolia_N                 Onge     1.248
gendstat:           Anatolia_N           Villabruna    -0.180
gendstat:           Anatolia_N           DevilsGate    -0.423
gendstat:           Anatolia_N            Sherpa.LC    -1.747
gendstat:                  Ami                 Mixe    -0.609
gendstat:                  Ami         Ganj_Dareh_N     0.113
gendstat:                  Ami                 Onge     2.229
gendstat:                  Ami           Villabruna     0.520
gendstat:                  Ami           DevilsGate     0.451
gendstat:                  Ami            Sherpa.LC    -0.812
gendstat:                 Mixe         Ganj_Dareh_N     0.599
gendstat:                 Mixe                 Onge     2.532
gendstat:                 Mixe           Villabruna     0.919
gendstat:                 Mixe           DevilsGate     0.942
gendstat:                 Mixe            Sherpa.LC    -0.037
gendstat:         Ganj_Dareh_N                 Onge     1.794
gendstat:         Ganj_Dareh_N           Villabruna     0.423
gendstat:         Ganj_Dareh_N           DevilsGate     0.257
gendstat:         Ganj_Dareh_N            Sherpa.LC    -0.680
gendstat:                 Onge           Villabruna    -1.000
gendstat:                 Onge           DevilsGate    -1.346
gendstat:                 Onge            Sherpa.LC    -2.794
gendstat:           Villabruna           DevilsGate    -0.172
gendstat:           Villabruna            Sherpa.LC    -1.010
gendstat:           DevilsGate            Sherpa.LC    -1.065

## end of run
