/home/cliu7/utils/AdmixTools/bin/qpWave: parameter file: temp/param/qpAdm_Tibetan_Shigatse.Chokhopani.Mala.par970igm5h
### THE INPUT PARAMETERS
##PARAMETER NAME: VALUE
DIR: data/intermediate
S1: HO_all_merged.qpAdm
indivname: data/intermediate/HO_all_merged.qpAdm.grouped.ind
snpname: data/intermediate/HO_all_merged.qpAdm.snp
genotypename: data/intermediate/HO_all_merged.qpAdm.geno
popleft: temp/param/left.970igm5h
popright: temp/param/right.970igm5h
details: YES
## qpWave version: 410
packed geno read OK
end of inpack

left pops:
Tibetan_Shigatse
Chokhopani
Mala

right pops:
Mbuti
Anatolia_N
Ami
Mixe
Ganj_Dareh_N
Onge
Villabruna
DevilsGate
Sherpa.LC

  0     Tibetan_Shigatse   10
  1           Chokhopani    2
  2                 Mala   11
  3                Mbuti   10
  4           Anatolia_N   25
  5                  Ami   10
  6                 Mixe   10
  7         Ganj_Dareh_N    7
  8                 Onge   12
  9           Villabruna    1
 10           DevilsGate    4
 11            Sherpa.LC    9
jackknife block size:     0.050
snps: 498990  indivs: 111
number of blocks for block jackknife: 710
dof (jackknife):   583.283
numsnps used: 418550
f4info: 
f4rank: 0 dof:     16 chisq:  6355.857 tail:                    0 dofdiff:      0 chisqdiff:     0.000 taildiff:                    1

f4info: 
f4rank: 1 dof:      7 chisq:    19.166 tail:         0.0076835837 dofdiff:      9 chisqdiff:  6336.691 taildiff:                    0
B:
          scale     1.000 
     Anatolia_N    -0.269 
            Ami     1.359 
           Mixe     0.951 
   Ganj_Dareh_N    -0.403 
           Onge     0.341 
     Villabruna    -0.130 
     DevilsGate     1.491 
      Sherpa.LC     1.630 
A:
          scale   175.151 
     Chokhopani    -0.044 
           Mala    -1.414 

f4info: 
f4rank: 2 dof:      0 chisq:     0.000 tail:                    1 dofdiff:      7 chisqdiff:    19.166 taildiff:         0.0076835837
B:
          scale     1.000     1.000 
     Anatolia_N    -0.260     0.941 
            Ami     1.360    -0.056 
           Mixe     0.963     1.340 
   Ganj_Dareh_N    -0.393     1.250 
           Onge     0.331    -0.794 
     Villabruna    -0.120     1.582 
     DevilsGate     1.483    -0.592 
      Sherpa.LC     1.636     0.520 
A:
          scale   175.712  3853.364 
     Chokhopani    -0.058    -1.413 
           Mala    -1.413     0.058 

## end of run
