/home/cliu7/utils/AdmixTools/bin/qpWave: parameter file: temp/param/qpAdm_Tibetan_Chamdo.UpperMustang.LC.Han.parsqizf80x
### THE INPUT PARAMETERS
##PARAMETER NAME: VALUE
DIR: data/intermediate
S1: HO_all_merged.qpAdm
indivname: data/intermediate/HO_all_merged.qpAdm.grouped.ind
snpname: data/intermediate/HO_all_merged.qpAdm.snp
genotypename: data/intermediate/HO_all_merged.qpAdm.geno
popleft: temp/param/left.sqizf80x
popright: temp/param/right.sqizf80x
details: YES
## qpWave version: 410
packed geno read OK
end of inpack

left pops:
Tibetan_Chamdo
UpperMustang.LC
Han

right pops:
Mbuti
Anatolia_N
Ami
Mixe
Ganj_Dareh_N
Onge
Villabruna
DevilsGate
Sherpa.LC

  0       Tibetan_Chamdo   12
  1      UpperMustang.LC   11
  2                  Han   33
  3                Mbuti   10
  4           Anatolia_N   25
  5                  Ami   10
  6                 Mixe   10
  7         Ganj_Dareh_N    7
  8                 Onge   12
  9           Villabruna    1
 10           DevilsGate    4
 11            Sherpa.LC    9
jackknife block size:     0.050
snps: 498990  indivs: 144
number of blocks for block jackknife: 710
dof (jackknife):   583.464
numsnps used: 420456
f4info: 
f4rank: 0 dof:     16 chisq:  2169.113 tail:                    0 dofdiff:      0 chisqdiff:     0.000 taildiff:                    1

f4info: 
f4rank: 1 dof:      7 chisq:    34.009 tail:       1.71547804e-05 dofdiff:      9 chisqdiff:  2135.104 taildiff:                    0
B:
          scale     1.000 
     Anatolia_N    -0.005 
            Ami     2.501 
           Mixe     0.596 
   Ganj_Dareh_N     0.137 
           Onge     0.426 
     Villabruna    -0.203 
     DevilsGate     0.827 
      Sherpa.LC    -0.682 
A:
          scale  1054.944 
UpperMustang.LC    -0.155 
            Han     1.406 

f4info: 
f4rank: 2 dof:      0 chisq:     0.000 tail:                    1 dofdiff:      7 chisqdiff:    34.009 taildiff:       1.71547804e-05
B:
          scale     1.000     1.000 
     Anatolia_N    -0.025    -0.017 
            Ami     2.520    -0.412 
           Mixe     0.540     1.132 
   Ganj_Dareh_N     0.108     0.087 
           Onge     0.432     0.083 
     Villabruna    -0.203     0.057 
     DevilsGate     0.726     2.094 
      Sherpa.LC    -0.769     1.464 
A:
          scale  1094.099  4167.130 
UpperMustang.LC    -0.333    -1.374 
            Han     1.374    -0.333 

## end of run
