/home/cliu7/utils/AdmixTools/bin/qpAdm: parameter file: temp/param/qpAdm_Tibetan_Lhasa.UpperMustang.LC.Pulliyar.parpafja59_
### THE INPUT PARAMETERS
##PARAMETER NAME: VALUE
DIR: data/intermediate
S1: HO_all_merged.qpAdm
indivname: data/intermediate/HO_all_merged.qpAdm.grouped.ind
snpname: data/intermediate/HO_all_merged.qpAdm.snp
genotypename: data/intermediate/HO_all_merged.qpAdm.geno
popleft: temp/param/left.pafja59_
popright: temp/param/right.pafja59_
details: YES
## qpAdm version: 810
seed: 1796272102
packed geno read OK
end of inpack

left pops:
Tibetan_Lhasa
UpperMustang.LC
Pulliyar

right pops:
Mbuti
Anatolia_N
Ami
Mixe
Ganj_Dareh_N
Onge
Villabruna
DevilsGate
Sherpa.LC

  0        Tibetan_Lhasa    9
  1      UpperMustang.LC   11
  2             Pulliyar   35
  3                Mbuti   10
  4           Anatolia_N   25
  5                  Ami   10
  6                 Mixe   10
  7         Ganj_Dareh_N    7
  8                 Onge   12
  9           Villabruna    1
 10           DevilsGate    4
 11            Sherpa.LC    9
jackknife block size:     0.050
snps: 498990  indivs: 143
number of blocks for block jackknife: 710
## ncols: 498990
coverage:        Tibetan_Lhasa 498036
coverage:      UpperMustang.LC 498990
coverage:             Pulliyar 459213
coverage:                Mbuti 498990
coverage:           Anatolia_N 498137
coverage:                  Ami 498990
coverage:                 Mixe 498990
coverage:         Ganj_Dareh_N 457128
coverage:                 Onge 498990
coverage:           Villabruna 415230
coverage:           DevilsGate 498716
coverage:            Sherpa.LC 498990
dof (jackknife):   584.948
numsnps used: 389298
codimension 1
f4info: 
f4rank: 1 dof:      7 chisq:    13.461 tail:         0.0616461904 dofdiff:      9 chisqdiff:   -13.461 taildiff:                    1
B:
          scale     1.000 
     Anatolia_N    -0.184 
            Ami     1.363 
           Mixe     0.981 
   Ganj_Dareh_N    -0.322 
           Onge     0.244 
     Villabruna    -0.069 
     DevilsGate     1.495 
      Sherpa.LC     1.656 
A:
          scale   180.215 
UpperMustang.LC    -0.024 
       Pulliyar    -1.414 


full rank
f4info: 
f4rank: 2 dof:      0 chisq:     0.000 tail:                    1 dofdiff:      7 chisqdiff:    13.461 taildiff:         0.0616461904
B:
          scale     1.000     1.000 
     Anatolia_N    -0.184     0.765 
            Ami     1.363     0.243 
           Mixe     0.982    -0.290 
   Ganj_Dareh_N    -0.321     2.064 
           Onge     0.239     0.865 
     Villabruna    -0.065     0.175 
     DevilsGate     1.494    -0.151 
      Sherpa.LC     1.658    -1.487 
A:
          scale   178.108  7111.608 
UpperMustang.LC    -0.060    -1.245 
       Pulliyar    -1.413    -0.672 


best coefficients:     1.017    -0.017 
Jackknife mean:      1.017344674    -0.017344674 
      std. errors:     0.008     0.008 

error covariance (* 1000000)
        65        -65 
       -65         65 


summ: Tibetan_Lhasa    2      0.061646     1.017    -0.017    65   -65    65 

    fixed pat  wt  dof     chisq       tail prob
           00  0     7    13.461       0.0616462     1.017    -0.017  infeasible
           01  1     8    18.071       0.0207031     1.000    -0.000 
           10  1     8  5558.502               0     0.000     1.000 
best pat:           00        0.0616462              -  -
best pat:           01        0.0207031  chi(nested):     4.610 p-value for nested model:       0.0317887

coeffs:     1.017    -0.017 

## dscore:: f_4(Base, Fit, Rbase, right2)
## genstat:: f_4(Base, Fit, right1, right2)

details: UpperMustang.LC      Anatolia_N    -0.000211   -1.714319
details:        Pulliyar      Anatolia_N     0.001300    6.063052
dscore:      Anatolia_N f4:    -0.000237 Z:    -1.911229

details: UpperMustang.LC             Ami    -0.000555   -3.795581
details:        Pulliyar             Ami    -0.010886  -43.998378
dscore:             Ami f4:    -0.000376 Z:    -2.544535

details: UpperMustang.LC            Mixe    -0.000360   -2.387876
details:        Pulliyar            Mixe    -0.007825  -30.652734
dscore:            Mixe f4:    -0.000231 Z:    -1.514768

details: UpperMustang.LC    Ganj_Dareh_N    -0.000397   -2.773677
details:        Pulliyar    Ganj_Dareh_N     0.002270    9.470331
dscore:    Ganj_Dareh_N f4:    -0.000443 Z:    -3.067700

details: UpperMustang.LC            Onge    -0.000342   -2.321009
details:        Pulliyar            Onge    -0.002093   -8.694773
dscore:            Onge f4:    -0.000311 Z:    -2.098611

details: UpperMustang.LC      Villabruna    -0.000190   -1.006482
details:        Pulliyar      Villabruna     0.000412    1.299847
dscore:      Villabruna f4:    -0.000201 Z:    -1.050069

details: UpperMustang.LC      DevilsGate    -0.000542   -3.186653
details:        Pulliyar      DevilsGate    -0.011915  -42.440750
dscore:      DevilsGate f4:    -0.000344 Z:    -2.005094

details: UpperMustang.LC       Sherpa.LC    -0.000430   -3.101256
details:        Pulliyar       Sherpa.LC    -0.013104  -54.807003
dscore:       Sherpa.LC f4:    -0.000210 Z:    -1.498916

gendstat:                Mbuti           Anatolia_N    -1.911
gendstat:                Mbuti                  Ami    -2.545
gendstat:                Mbuti                 Mixe    -1.515
gendstat:                Mbuti         Ganj_Dareh_N    -3.068
gendstat:                Mbuti                 Onge    -2.099
gendstat:                Mbuti           Villabruna    -1.050
gendstat:                Mbuti           DevilsGate    -2.005
gendstat:                Mbuti            Sherpa.LC    -1.499
gendstat:           Anatolia_N                  Ami    -0.928
gendstat:           Anatolia_N                 Mixe     0.040
gendstat:           Anatolia_N         Ganj_Dareh_N    -1.705
gendstat:           Anatolia_N                 Onge    -0.524
gendstat:           Anatolia_N           Villabruna     0.218
gendstat:           Anatolia_N           DevilsGate    -0.626
gendstat:           Anatolia_N            Sherpa.LC     0.199
gendstat:                  Ami                 Mixe     1.026
gendstat:                  Ami         Ganj_Dareh_N    -0.415
gendstat:                  Ami                 Onge     0.427
gendstat:                  Ami           Villabruna     0.870
gendstat:                  Ami           DevilsGate     0.229
gendstat:                  Ami            Sherpa.LC     1.469
gendstat:                 Mixe         Ganj_Dareh_N    -1.296
gendstat:                 Mixe                 Onge    -0.494
gendstat:                 Mixe           Villabruna     0.147
gendstat:                 Mixe           DevilsGate    -0.730
gendstat:                 Mixe            Sherpa.LC     0.155
gendstat:         Ganj_Dareh_N                 Onge     0.810
gendstat:         Ganj_Dareh_N           Villabruna     1.270
gendstat:         Ganj_Dareh_N           DevilsGate     0.541
gendstat:         Ganj_Dareh_N            Sherpa.LC     1.534
gendstat:                 Onge           Villabruna     0.556
gendstat:                 Onge           DevilsGate    -0.194
gendstat:                 Onge            Sherpa.LC     0.708
gendstat:           Villabruna           DevilsGate    -0.654
gendstat:           Villabruna            Sherpa.LC    -0.047
gendstat:           DevilsGate            Sherpa.LC     0.951

## end of run
