/home/cliu7/utils/AdmixTools/bin/qpWave: parameter file: temp/param/qpAdm_Tibetan_Xinlong.UpperMustang.LC.Pulliyar.paruni4u201
### THE INPUT PARAMETERS
##PARAMETER NAME: VALUE
DIR: data/intermediate
S1: HO_all_merged.qpAdm
indivname: data/intermediate/HO_all_merged.qpAdm.grouped.ind
snpname: data/intermediate/HO_all_merged.qpAdm.snp
genotypename: data/intermediate/HO_all_merged.qpAdm.geno
popleft: temp/param/left.uni4u201
popright: temp/param/right.uni4u201
details: YES
## qpWave version: 410
packed geno read OK
end of inpack

left pops:
Tibetan_Xinlong
UpperMustang.LC
Pulliyar

right pops:
Mbuti
Anatolia_N
Ami
Mixe
Ganj_Dareh_N
Onge
Villabruna
DevilsGate
Sherpa.LC

  0      Tibetan_Xinlong   10
  1      UpperMustang.LC   11
  2             Pulliyar   35
  3                Mbuti   10
  4           Anatolia_N   25
  5                  Ami   10
  6                 Mixe   10
  7         Ganj_Dareh_N    7
  8                 Onge   12
  9           Villabruna    1
 10           DevilsGate    4
 11            Sherpa.LC    9
jackknife block size:     0.050
snps: 498990  indivs: 144
number of blocks for block jackknife: 710
dof (jackknife):   584.940
numsnps used: 389082
f4info: 
f4rank: 0 dof:     16 chisq:  6426.568 tail:                    0 dofdiff:      0 chisqdiff:     0.000 taildiff:                    1

f4info: 
f4rank: 1 dof:      7 chisq:   534.805 tail:      2.62371296e-111 dofdiff:      9 chisqdiff:  5891.762 taildiff:                    0
B:
          scale     1.000 
     Anatolia_N    -0.156 
            Ami     1.460 
           Mixe     1.012 
   Ganj_Dareh_N    -0.312 
           Onge     0.295 
     Villabruna    -0.075 
     DevilsGate     1.476 
      Sherpa.LC     1.566 
A:
          scale   171.883 
UpperMustang.LC    -0.061 
       Pulliyar    -1.413 

f4info: 
f4rank: 2 dof:      0 chisq:     0.000 tail:                    1 dofdiff:      7 chisqdiff:   534.805 taildiff:      2.62371296e-111
B:
          scale     1.000     1.000 
     Anatolia_N    -0.175     0.259 
            Ami     1.518     1.686 
           Mixe     1.014     0.335 
   Ganj_Dareh_N    -0.305     0.498 
           Onge     0.280     0.523 
     Villabruna    -0.082    -0.028 
     DevilsGate     1.513     0.163 
      Sherpa.LC     1.472    -2.104 
A:
          scale   168.967  2159.156 
UpperMustang.LC    -0.125    -1.409 
       Pulliyar    -1.409     0.125 

## end of run
