/home/cliu7/utils/AdmixTools/bin/qpWave: parameter file: temp/param/qpAdm_Tibetan_Lhasa.UpperMustang.LC.Pulliyar.parpafja59_
### THE INPUT PARAMETERS
##PARAMETER NAME: VALUE
DIR: data/intermediate
S1: HO_all_merged.qpAdm
indivname: data/intermediate/HO_all_merged.qpAdm.grouped.ind
snpname: data/intermediate/HO_all_merged.qpAdm.snp
genotypename: data/intermediate/HO_all_merged.qpAdm.geno
popleft: temp/param/left.pafja59_
popright: temp/param/right.pafja59_
details: YES
## qpWave version: 410
packed geno read OK
end of inpack

left pops:
Tibetan_Lhasa
UpperMustang.LC
Pulliyar

right pops:
Mbuti
Anatolia_N
Ami
Mixe
Ganj_Dareh_N
Onge
Villabruna
DevilsGate
Sherpa.LC

  0        Tibetan_Lhasa    9
  1      UpperMustang.LC   11
  2             Pulliyar   35
  3                Mbuti   10
  4           Anatolia_N   25
  5                  Ami   10
  6                 Mixe   10
  7         Ganj_Dareh_N    7
  8                 Onge   12
  9           Villabruna    1
 10           DevilsGate    4
 11            Sherpa.LC    9
jackknife block size:     0.050
snps: 498990  indivs: 143
number of blocks for block jackknife: 710
dof (jackknife):   584.948
numsnps used: 389298
f4info: 
f4rank: 0 dof:     16 chisq:  5947.927 tail:                    0 dofdiff:      0 chisqdiff:     0.000 taildiff:                    1

f4info: 
f4rank: 1 dof:      7 chisq:    13.529 tail:         0.0602230592 dofdiff:      9 chisqdiff:  5934.398 taildiff:                    0
B:
          scale     1.000 
     Anatolia_N    -0.179 
            Ami     1.364 
           Mixe     0.983 
   Ganj_Dareh_N    -0.317 
           Onge     0.248 
     Villabruna    -0.065 
     DevilsGate     1.496 
      Sherpa.LC     1.655 
A:
          scale   179.651 
UpperMustang.LC    -0.024 
       Pulliyar    -1.414 

f4info: 
f4rank: 2 dof:      0 chisq:     0.000 tail:                    1 dofdiff:      7 chisqdiff:    13.529 taildiff:         0.0602230592
B:
          scale     1.000     1.000 
     Anatolia_N    -0.162     1.116 
            Ami     1.371     0.485 
           Mixe     0.985     0.185 
   Ganj_Dareh_N    -0.283     2.070 
           Onge     0.265     1.089 
     Villabruna    -0.051     0.877 
     DevilsGate     1.500     0.252 
      Sherpa.LC     1.649    -0.426 
A:
          scale   177.880  5994.393 
UpperMustang.LC    -0.057    -1.413 
       Pulliyar    -1.413     0.057 

## end of run
