/home/cliu7/utils/AdmixTools/bin/qpWave: parameter file: temp/param/qpAdm_Tibetan_Shannan.Kyang.Han.pari2c5_lw0
### THE INPUT PARAMETERS
##PARAMETER NAME: VALUE
DIR: data/intermediate
S1: HO_all_merged.qpAdm
indivname: data/intermediate/HO_all_merged.qpAdm.grouped.ind
snpname: data/intermediate/HO_all_merged.qpAdm.snp
genotypename: data/intermediate/HO_all_merged.qpAdm.geno
popleft: temp/param/left.i2c5_lw0
popright: temp/param/right.i2c5_lw0
details: YES
## qpWave version: 410
packed geno read OK
end of inpack

left pops:
Tibetan_Shannan
Kyang
Han

right pops:
Mbuti
Anatolia_N
Ami
Mixe
Ganj_Dareh_N
Onge
Villabruna
DevilsGate
Sherpa.LC

  0      Tibetan_Shannan    9
  1                Kyang    7
  2                  Han   33
  3                Mbuti   10
  4           Anatolia_N   25
  5                  Ami   10
  6                 Mixe   10
  7         Ganj_Dareh_N    7
  8                 Onge   12
  9           Villabruna    1
 10           DevilsGate    4
 11            Sherpa.LC    9
jackknife block size:     0.050
snps: 498990  indivs: 137
number of blocks for block jackknife: 710
dof (jackknife):   583.328
numsnps used: 420420
f4info: 
f4rank: 0 dof:     16 chisq:  2112.685 tail:                    0 dofdiff:      0 chisqdiff:     0.000 taildiff:                    1

f4info: 
f4rank: 1 dof:      7 chisq:    10.166 tail:          0.179334944 dofdiff:      9 chisqdiff:  2102.519 taildiff:                    0
B:
          scale     1.000 
     Anatolia_N    -0.097 
            Ami     2.457 
           Mixe     0.667 
   Ganj_Dareh_N     0.014 
           Onge     0.361 
     Villabruna    -0.195 
     DevilsGate     0.884 
      Sherpa.LC    -0.748 
A:
          scale   950.429 
          Kyang    -0.159 
            Han     1.405 

f4info: 
f4rank: 2 dof:      0 chisq:     0.000 tail:                    1 dofdiff:      7 chisqdiff:    10.166 taildiff:          0.179334944
B:
          scale     1.000     1.000 
     Anatolia_N    -0.101     0.294 
            Ami     2.458     0.013 
           Mixe     0.626     1.516 
   Ganj_Dareh_N    -0.013     1.451 
           Onge     0.363    -0.238 
     Villabruna    -0.165    -1.218 
     DevilsGate     0.885     0.061 
      Sherpa.LC    -0.784     1.403 
A:
          scale   965.116  7758.446 
          Kyang    -0.226    -1.396 
            Han     1.396    -0.226 

## end of run
