/home/cliu7/utils/AdmixTools/bin/qpAdm: parameter file: temp/param/qpAdm_Tibetan_Shannan.UpperMustang.LC.Han.pari5giuxkw
### THE INPUT PARAMETERS
##PARAMETER NAME: VALUE
DIR: data/intermediate
S1: HO_all_merged.qpAdm
indivname: data/intermediate/HO_all_merged.qpAdm.grouped.ind
snpname: data/intermediate/HO_all_merged.qpAdm.snp
genotypename: data/intermediate/HO_all_merged.qpAdm.geno
popleft: temp/param/left.i5giuxkw
popright: temp/param/right.i5giuxkw
details: YES
## qpAdm version: 810
seed: -564931834
packed geno read OK
end of inpack

left pops:
Tibetan_Shannan
UpperMustang.LC
Han

right pops:
Mbuti
Anatolia_N
Ami
Mixe
Ganj_Dareh_N
Onge
Villabruna
DevilsGate
Sherpa.LC

  0      Tibetan_Shannan    9
  1      UpperMustang.LC   11
  2                  Han   33
  3                Mbuti   10
  4           Anatolia_N   25
  5                  Ami   10
  6                 Mixe   10
  7         Ganj_Dareh_N    7
  8                 Onge   12
  9           Villabruna    1
 10           DevilsGate    4
 11            Sherpa.LC    9
jackknife block size:     0.050
snps: 498990  indivs: 141
number of blocks for block jackknife: 710
## ncols: 498990
coverage:      Tibetan_Shannan 498036
coverage:      UpperMustang.LC 498990
coverage:                  Han 498990
coverage:                Mbuti 498990
coverage:           Anatolia_N 498137
coverage:                  Ami 498990
coverage:                 Mixe 498990
coverage:         Ganj_Dareh_N 457128
coverage:                 Onge 498990
coverage:           Villabruna 415230
coverage:           DevilsGate 498716
coverage:            Sherpa.LC 498990
dof (jackknife):   583.370
numsnps used: 420432
codimension 1
f4info: 
f4rank: 1 dof:      7 chisq:    10.420 tail:          0.165973876 dofdiff:      9 chisqdiff:   -10.420 taildiff:                    1
B:
          scale     1.000 
     Anatolia_N    -0.070 
            Ami     2.451 
           Mixe     0.643 
   Ganj_Dareh_N     0.022 
           Onge     0.404 
     Villabruna    -0.177 
     DevilsGate     0.963 
      Sherpa.LC    -0.675 
A:
          scale   941.476 
UpperMustang.LC     0.003 
            Han     1.414 


full rank
f4info: 
f4rank: 2 dof:      0 chisq:     0.000 tail:                    1 dofdiff:      7 chisqdiff:    10.420 taildiff:          0.165973876
B:
          scale     1.000     1.000 
     Anatolia_N    -0.067     0.403 
            Ami     2.446    -1.976 
           Mixe     0.655     0.066 
   Ganj_Dareh_N     0.039     0.715 
           Onge     0.404     0.026 
     Villabruna    -0.170    -0.150 
     DevilsGate     0.969     0.062 
      Sherpa.LC    -0.671     1.841 
A:
          scale  1029.268  4001.080 
UpperMustang.LC    -0.378    -1.266 
            Han     1.363    -0.630 


best coefficients:     1.002    -0.002 
Jackknife mean:      1.001705035    -0.001705035 
      std. errors:     0.023     0.023 

error covariance (* 1000000)
       513       -513 
      -513        513 


summ: Tibetan_Shannan    2      0.165974     1.002    -0.002   513  -513   513 

    fixed pat  wt  dof     chisq       tail prob
           00  0     7    10.420        0.165974     1.002    -0.002  infeasible
           01  1     8    10.412        0.237277     1.000     0.000 
           10  1     8  1741.619               0     0.000     1.000 
best pat:           00         0.165974              -  -
best pat:           01         0.237277  chi(nested):    -0.008 p-value for nested model:            -nan

coeffs:     1.002    -0.002 

## dscore:: f_4(Base, Fit, Rbase, right2)
## genstat:: f_4(Base, Fit, right1, right2)

details: UpperMustang.LC      Anatolia_N    -0.000112   -0.876844
details:             Han      Anatolia_N    -0.000155   -1.377065
dscore:      Anatolia_N f4:    -0.000112 Z:    -0.875152

details: UpperMustang.LC             Ami    -0.000276   -1.830401
details:             Han             Ami     0.003555   26.338676
dscore:             Ami f4:    -0.000284 Z:    -1.881593

details: UpperMustang.LC            Mixe    -0.000265   -1.713419
details:             Han            Mixe     0.000861    6.141463
dscore:            Mixe f4:    -0.000267 Z:    -1.726629

details: UpperMustang.LC    Ganj_Dareh_N    -0.000252   -1.666929
details:             Han    Ganj_Dareh_N    -0.000061   -0.464584
dscore:    Ganj_Dareh_N f4:    -0.000252 Z:    -1.667607

details: UpperMustang.LC            Onge    -0.000163   -1.109806
details:             Han            Onge     0.000533    3.925470
dscore:            Onge f4:    -0.000164 Z:    -1.118482

details: UpperMustang.LC      Villabruna     0.000100    0.500785
details:             Han      Villabruna    -0.000204   -1.129715
dscore:      Villabruna f4:     0.000100 Z:     0.503399

details: UpperMustang.LC      DevilsGate    -0.000378   -2.168678
details:             Han      DevilsGate     0.001279    8.450349
dscore:      DevilsGate f4:    -0.000381 Z:    -2.186047

details: UpperMustang.LC       Sherpa.LC    -0.000340   -2.351420
details:             Han       Sherpa.LC    -0.001175   -8.589445
dscore:       Sherpa.LC f4:    -0.000338 Z:    -2.336915

gendstat:                Mbuti           Anatolia_N    -0.875
gendstat:                Mbuti                  Ami    -1.882
gendstat:                Mbuti                 Mixe    -1.727
gendstat:                Mbuti         Ganj_Dareh_N    -1.668
gendstat:                Mbuti                 Onge    -1.118
gendstat:                Mbuti           Villabruna     0.503
gendstat:                Mbuti           DevilsGate    -2.186
gendstat:                Mbuti            Sherpa.LC    -2.337
gendstat:           Anatolia_N                  Ami    -1.173
gendstat:           Anatolia_N                 Mixe    -1.000
gendstat:           Anatolia_N         Ganj_Dareh_N    -1.206
gendstat:           Anatolia_N                 Onge    -0.364
gendstat:           Anatolia_N           Villabruna     1.270
gendstat:           Anatolia_N           DevilsGate    -1.560
gendstat:           Anatolia_N            Sherpa.LC    -1.666
gendstat:                  Ami                 Mixe     0.123
gendstat:                  Ami         Ganj_Dareh_N     0.193
gendstat:                  Ami                 Onge     0.838
gendstat:                  Ami           Villabruna     1.885
gendstat:                  Ami           DevilsGate    -0.706
gendstat:                  Ami            Sherpa.LC    -0.502
gendstat:                 Mixe         Ganj_Dareh_N     0.088
gendstat:                 Mixe                 Onge     0.675
gendstat:                 Mixe           Villabruna     1.763
gendstat:                 Mixe           DevilsGate    -0.743
gendstat:                 Mixe            Sherpa.LC    -0.520
gendstat:         Ganj_Dareh_N                 Onge     0.539
gendstat:         Ganj_Dareh_N           Villabruna     1.807
gendstat:         Ganj_Dareh_N           DevilsGate    -0.696
gendstat:         Ganj_Dareh_N            Sherpa.LC    -0.544
gendstat:                 Onge           Villabruna     1.312
gendstat:                 Onge           DevilsGate    -1.322
gendstat:                 Onge            Sherpa.LC    -1.276
gendstat:           Villabruna           DevilsGate    -2.199
gendstat:           Villabruna            Sherpa.LC    -2.213
gendstat:           DevilsGate            Sherpa.LC     0.311

## end of run
