/home/cliu7/utils/AdmixTools/bin/qpAdm: parameter file: temp/param/qpAdm_Tibetan_Yunnan.UpperMustang.LC.Southeast_China.pari0uvc4_4
### THE INPUT PARAMETERS
##PARAMETER NAME: VALUE
DIR: data/intermediate
S1: HO_all_merged.qpAdm
indivname: data/intermediate/HO_all_merged.qpAdm.grouped.ind
snpname: data/intermediate/HO_all_merged.qpAdm.snp
genotypename: data/intermediate/HO_all_merged.qpAdm.geno
popleft: temp/param/left.i0uvc4_4
popright: temp/param/right.i0uvc4_4
details: YES
## qpAdm version: 810
seed: 302570375
packed geno read OK
end of inpack

left pops:
Tibetan_Yunnan
UpperMustang.LC
Southeast_China

right pops:
Mbuti
Anatolia_N
Ami
Mixe
Ganj_Dareh_N
Onge
Villabruna
DevilsGate
Sherpa.LC

  0       Tibetan_Yunnan    4
  1      UpperMustang.LC   11
  2      Southeast_China   97
  3                Mbuti   10
  4           Anatolia_N   25
  5                  Ami   10
  6                 Mixe   10
  7         Ganj_Dareh_N    7
  8                 Onge   12
  9           Villabruna    1
 10           DevilsGate    4
 11            Sherpa.LC    9
jackknife block size:     0.050
snps: 498990  indivs: 200
number of blocks for block jackknife: 710
## ncols: 498990
coverage:       Tibetan_Yunnan 498036
coverage:      UpperMustang.LC 498990
coverage:      Southeast_China 498990
coverage:                Mbuti 498990
coverage:           Anatolia_N 498137
coverage:                  Ami 498990
coverage:                 Mixe 498990
coverage:         Ganj_Dareh_N 457128
coverage:                 Onge 498990
coverage:           Villabruna 415230
coverage:           DevilsGate 498716
coverage:            Sherpa.LC 498990
dof (jackknife):   583.495
numsnps used: 418799
codimension 1
f4info: 
f4rank: 1 dof:      7 chisq:    19.980 tail:        0.00561407318 dofdiff:      9 chisqdiff:   -19.980 taildiff:                    1
B:
          scale     1.000 
     Anatolia_N    -0.093 
            Ami     2.521 
           Mixe     0.275 
   Ganj_Dareh_N     0.035 
           Onge     0.452 
     Villabruna    -0.281 
     DevilsGate     0.314 
      Sherpa.LC    -1.084 
A:
          scale  1098.012 
UpperMustang.LC    -0.466 
Southeast_China     1.335 


full rank
f4info: 
f4rank: 2 dof:      0 chisq:     0.000 tail:                    1 dofdiff:      7 chisqdiff:    19.980 taildiff:        0.00561407318
B:
          scale     1.000     1.000 
     Anatolia_N    -0.089     0.194 
            Ami     2.530    -1.142 
           Mixe     0.274     0.848 
   Ganj_Dareh_N     0.030     0.685 
           Onge     0.454     0.162 
     Villabruna    -0.244    -0.280 
     DevilsGate     0.310     1.376 
      Sherpa.LC    -1.073     1.863 
A:
          scale  1151.660  2463.927 
UpperMustang.LC    -0.920    -1.134 
Southeast_China     1.074    -0.845 


best coefficients:     0.741     0.259 
Jackknife mean:      0.741168108     0.258831892 
      std. errors:     0.022     0.022 

error covariance (* 1000000)
       497       -497 
      -497        497 


summ: Tibetan_Yunnan    2      0.005614     0.741     0.259   497  -497   497 

    fixed pat  wt  dof     chisq       tail prob
           00  0     7    19.980      0.00561407     0.741     0.259 
           01  1     8   132.650     7.97966e-25     1.000     0.000 
           10  1     8  1032.297               0     0.000     1.000 
best pat:           00       0.00561407              -  -
best pat:           01      7.97966e-25  chi(nested):   112.671 p-value for nested model:     2.54726e-26

coeffs:     0.741     0.259 

## dscore:: f_4(Base, Fit, Rbase, right2)
## genstat:: f_4(Base, Fit, right1, right2)

details: UpperMustang.LC      Anatolia_N    -0.000043   -0.253339
details: Southeast_China      Anatolia_N    -0.000170   -1.097907
dscore:      Anatolia_N f4:    -0.000076 Z:    -0.482591

details: UpperMustang.LC             Ami    -0.001517   -7.807972
details: Southeast_China             Ami     0.002737   15.666450
dscore:             Ami f4:    -0.000417 Z:    -2.347128

details: UpperMustang.LC            Mixe    -0.000632   -3.047570
details: Southeast_China            Mixe    -0.000051   -0.272429
dscore:            Mixe f4:    -0.000481 Z:    -2.543389

details: UpperMustang.LC    Ganj_Dareh_N    -0.000357   -1.803405
details: Southeast_China    Ganj_Dareh_N    -0.000219   -1.218565
dscore:    Ganj_Dareh_N f4:    -0.000321 Z:    -1.759253

details: UpperMustang.LC            Onge    -0.000459   -2.366900
details: Southeast_China            Onge     0.000354    2.003369
dscore:            Onge f4:    -0.000249 Z:    -1.396402

details: UpperMustang.LC      Villabruna     0.000295    1.152321
details: Southeast_China      Villabruna    -0.000153   -0.658774
dscore:      Villabruna f4:     0.000179 Z:     0.761923

details: UpperMustang.LC      DevilsGate    -0.000902   -4.058415
details: Southeast_China      DevilsGate    -0.000197   -0.931966
dscore:      DevilsGate f4:    -0.000720 Z:    -3.516183

details: UpperMustang.LC       Sherpa.LC    -0.000022   -0.118137
details: Southeast_China       Sherpa.LC    -0.001654   -9.895138
dscore:       Sherpa.LC f4:    -0.000444 Z:    -2.624652

gendstat:                Mbuti           Anatolia_N    -0.483
gendstat:                Mbuti                  Ami    -2.347
gendstat:                Mbuti                 Mixe    -2.543
gendstat:                Mbuti         Ganj_Dareh_N    -1.759
gendstat:                Mbuti                 Onge    -1.396
gendstat:                Mbuti           Villabruna     0.762
gendstat:                Mbuti           DevilsGate    -3.516
gendstat:                Mbuti            Sherpa.LC    -2.625
gendstat:           Anatolia_N                  Ami    -2.047
gendstat:           Anatolia_N                 Mixe    -2.248
gendstat:           Anatolia_N         Ganj_Dareh_N    -1.682
gendstat:           Anatolia_N                 Onge    -1.032
gendstat:           Anatolia_N           Villabruna     1.246
gendstat:           Anatolia_N           DevilsGate    -3.271
gendstat:           Anatolia_N            Sherpa.LC    -2.214
gendstat:                  Ami                 Mixe    -0.378
gendstat:                  Ami         Ganj_Dareh_N     0.493
gendstat:                  Ami                 Onge     0.957
gendstat:                  Ami           Villabruna     2.394
gendstat:                  Ami           DevilsGate    -1.786
gendstat:                  Ami            Sherpa.LC    -0.203
gendstat:                 Mixe         Ganj_Dareh_N     0.769
gendstat:                 Mixe                 Onge     1.244
gendstat:                 Mixe           Villabruna     2.644
gendstat:                 Mixe           DevilsGate    -1.248
gendstat:                 Mixe            Sherpa.LC     0.224
gendstat:         Ganj_Dareh_N                 Onge     0.380
gendstat:         Ganj_Dareh_N           Villabruna     2.068
gendstat:         Ganj_Dareh_N           DevilsGate    -1.781
gendstat:         Ganj_Dareh_N            Sherpa.LC    -0.631
gendstat:                 Onge           Villabruna     1.728
gendstat:                 Onge           DevilsGate    -2.261
gendstat:                 Onge            Sherpa.LC    -1.116
gendstat:           Villabruna           DevilsGate    -3.294
gendstat:           Villabruna            Sherpa.LC    -2.540
gendstat:           DevilsGate            Sherpa.LC     1.584

## end of run
