/home/cliu7/utils/AdmixTools/bin/qpWave: parameter file: temp/param/qpAdm_Tibetan_Chamdo.Mebrak.Southeast_China.paru9om34y0
### THE INPUT PARAMETERS
##PARAMETER NAME: VALUE
DIR: data/intermediate
S1: HO_all_merged.qpAdm
indivname: data/intermediate/HO_all_merged.qpAdm.grouped.ind
snpname: data/intermediate/HO_all_merged.qpAdm.snp
genotypename: data/intermediate/HO_all_merged.qpAdm.geno
popleft: temp/param/left.u9om34y0
popright: temp/param/right.u9om34y0
details: YES
## qpWave version: 410
packed geno read OK
end of inpack

left pops:
Tibetan_Chamdo
Mebrak
Southeast_China

right pops:
Mbuti
Anatolia_N
Ami
Mixe
Ganj_Dareh_N
Onge
Villabruna
DevilsGate
Sherpa.LC

  0       Tibetan_Chamdo   12
  1               Mebrak    8
  2      Southeast_China   97
  3                Mbuti   10
  4           Anatolia_N   25
  5                  Ami   10
  6                 Mixe   10
  7         Ganj_Dareh_N    7
  8                 Onge   12
  9           Villabruna    1
 10           DevilsGate    4
 11            Sherpa.LC    9
jackknife block size:     0.050
snps: 498990  indivs: 205
number of blocks for block jackknife: 710
dof (jackknife):   583.460
numsnps used: 418234
f4info: 
f4rank: 0 dof:     16 chisq:  2794.584 tail:                    0 dofdiff:      0 chisqdiff:     0.000 taildiff:                    1

f4info: 
f4rank: 1 dof:      7 chisq:    26.709 tail:       0.000375950483 dofdiff:      9 chisqdiff:  2767.875 taildiff:                    0
B:
          scale     1.000 
     Anatolia_N    -0.061 
            Ami     2.506 
           Mixe     0.166 
   Ganj_Dareh_N     0.017 
           Onge     0.482 
     Villabruna    -0.290 
     DevilsGate    -0.028 
      Sherpa.LC    -1.171 
A:
          scale   942.387 
         Mebrak    -0.180 
Southeast_China     1.403 

f4info: 
f4rank: 2 dof:      0 chisq:     0.000 tail:                    1 dofdiff:      7 chisqdiff:    26.709 taildiff:       0.000375950483
B:
          scale     1.000     1.000 
     Anatolia_N    -0.065     0.225 
            Ami     2.491     0.475 
           Mixe     0.123     1.749 
   Ganj_Dareh_N     0.030    -0.394 
           Onge     0.478     0.608 
     Villabruna    -0.277    -0.014 
     DevilsGate    -0.058     1.563 
      Sherpa.LC    -1.210     1.302 
A:
          scale   945.319  3262.631 
         Mebrak    -0.261    -1.390 
Southeast_China     1.390    -0.261 

## end of run
