/home/cliu7/utils/AdmixTools/bin/qpAdm: parameter file: temp/param/qpAdm_Tibetan_Lhasa.Samdzong.Southeast_China.paroifyqgq2
### THE INPUT PARAMETERS
##PARAMETER NAME: VALUE
DIR: data/intermediate
S1: HO_all_merged.qpAdm
indivname: data/intermediate/HO_all_merged.qpAdm.grouped.ind
snpname: data/intermediate/HO_all_merged.qpAdm.snp
genotypename: data/intermediate/HO_all_merged.qpAdm.geno
popleft: temp/param/left.oifyqgq2
popright: temp/param/right.oifyqgq2
details: YES
## qpAdm version: 810
seed: 1825182660
packed geno read OK
end of inpack

left pops:
Tibetan_Lhasa
Samdzong
Southeast_China

right pops:
Mbuti
Anatolia_N
Ami
Mixe
Ganj_Dareh_N
Onge
Villabruna
DevilsGate
Sherpa.LC

  0        Tibetan_Lhasa    9
  1             Samdzong    9
  2      Southeast_China   97
  3                Mbuti   10
  4           Anatolia_N   25
  5                  Ami   10
  6                 Mixe   10
  7         Ganj_Dareh_N    7
  8                 Onge   12
  9           Villabruna    1
 10           DevilsGate    4
 11            Sherpa.LC    9
jackknife block size:     0.050
snps: 498990  indivs: 203
number of blocks for block jackknife: 710
## ncols: 498990
coverage:        Tibetan_Lhasa 498036
coverage:             Samdzong 498985
coverage:      Southeast_China 498990
coverage:                Mbuti 498990
coverage:           Anatolia_N 498137
coverage:                  Ami 498990
coverage:                 Mixe 498990
coverage:         Ganj_Dareh_N 457128
coverage:                 Onge 498990
coverage:           Villabruna 415230
coverage:           DevilsGate 498716
coverage:            Sherpa.LC 498990
dof (jackknife):   583.460
numsnps used: 418182
codimension 1
f4info: 
f4rank: 1 dof:      7 chisq:    21.253 tail:        0.00341264964 dofdiff:      9 chisqdiff:   -21.253 taildiff:                    1
B:
          scale     1.000 
     Anatolia_N    -0.189 
            Ami     2.481 
           Mixe     0.275 
   Ganj_Dareh_N    -0.060 
           Onge     0.377 
     Villabruna    -0.314 
     DevilsGate     0.226 
      Sherpa.LC    -1.199 
A:
          scale   900.768 
       Samdzong    -0.109 
Southeast_China     1.410 


full rank
f4info: 
f4rank: 2 dof:      0 chisq:     0.000 tail:                    1 dofdiff:      7 chisqdiff:    21.253 taildiff:        0.00341264964
B:
          scale     1.000     1.000 
     Anatolia_N    -0.188     0.178 
            Ami     2.484    -0.692 
           Mixe     0.272     0.826 
   Ganj_Dareh_N    -0.074     0.734 
           Onge     0.379     0.429 
     Villabruna    -0.311     0.889 
     DevilsGate     0.228     1.065 
      Sherpa.LC    -1.193     2.039 
A:
          scale   929.376  2807.998 
       Samdzong    -0.427    -1.332 
Southeast_China     1.348    -0.474 


best coefficients:     0.928     0.072 
Jackknife mean:      0.927927482     0.072072518 
      std. errors:     0.020     0.020 

error covariance (* 1000000)
       383       -383 
      -383        383 


summ: Tibetan_Lhasa    2      0.003413     0.928     0.072   383  -383   383 

    fixed pat  wt  dof     chisq       tail prob
           00  0     7    21.253      0.00341265     0.928     0.072 
           01  1     8    33.475     5.05564e-05     1.000     0.000 
           10  1     8  2292.936               0     0.000     1.000 
best pat:           00       0.00341265              -  -
best pat:           01      5.05564e-05  chi(nested):    12.222 p-value for nested model:     0.000472366

coeffs:     0.928     0.072 

## dscore:: f_4(Base, Fit, Rbase, right2)
## genstat:: f_4(Base, Fit, right1, right2)

details:        Samdzong      Anatolia_N    -0.000034   -0.229687
details: Southeast_China      Anatolia_N    -0.000321   -2.670319
dscore:      Anatolia_N f4:    -0.000055 Z:    -0.386536

details:        Samdzong             Ami    -0.000833   -4.993672
details: Southeast_China             Ami     0.003713   27.396693
dscore:             Ami f4:    -0.000507 Z:    -3.187534

details:        Samdzong            Mixe    -0.000541   -3.025839
details: Southeast_China            Mixe     0.000244    1.604120
dscore:            Mixe f4:    -0.000484 Z:    -2.829982

details:        Samdzong    Ganj_Dareh_N    -0.000334   -2.019221
details: Southeast_China    Ganj_Dareh_N    -0.000244   -1.735574
dscore:    Ganj_Dareh_N f4:    -0.000327 Z:    -2.072158

details:        Samdzong            Onge    -0.000398   -2.410700
details: Southeast_China            Onge     0.000469    3.353602
dscore:            Onge f4:    -0.000336 Z:    -2.134178

details:        Samdzong      Villabruna    -0.000315   -1.375522
details: Southeast_China      Villabruna    -0.000619   -3.557978
dscore:      Villabruna f4:    -0.000337 Z:    -1.546138

details:        Samdzong      DevilsGate    -0.000637   -3.111731
details: Southeast_China      DevilsGate     0.000140    0.829725
dscore:      DevilsGate f4:    -0.000581 Z:    -2.974789

details:        Samdzong       Sherpa.LC    -0.000437   -2.666705
details: Southeast_China       Sherpa.LC    -0.002083  -15.329789
dscore:       Sherpa.LC f4:    -0.000556 Z:    -3.555621

gendstat:                Mbuti           Anatolia_N    -0.387
gendstat:                Mbuti                  Ami    -3.188
gendstat:                Mbuti                 Mixe    -2.830
gendstat:                Mbuti         Ganj_Dareh_N    -2.072
gendstat:                Mbuti                 Onge    -2.134
gendstat:                Mbuti           Villabruna    -1.546
gendstat:                Mbuti           DevilsGate    -2.975
gendstat:                Mbuti            Sherpa.LC    -3.556
gendstat:           Anatolia_N                  Ami    -2.867
gendstat:           Anatolia_N                 Mixe    -2.596
gendstat:           Anatolia_N         Ganj_Dareh_N    -1.975
gendstat:           Anatolia_N                 Onge    -1.842
gendstat:           Anatolia_N           Villabruna    -1.504
gendstat:           Anatolia_N           DevilsGate    -2.788
gendstat:           Anatolia_N            Sherpa.LC    -3.255
gendstat:                  Ami                 Mixe     0.155
gendstat:                  Ami         Ganj_Dareh_N     1.043
gendstat:                  Ami                 Onge     1.102
gendstat:                  Ami           Villabruna     0.745
gendstat:                  Ami           DevilsGate    -0.464
gendstat:                  Ami            Sherpa.LC    -0.396
gendstat:                 Mixe         Ganj_Dareh_N     0.862
gendstat:                 Mixe                 Onge     0.846
gendstat:                 Mixe           Villabruna     0.654
gendstat:                 Mixe           DevilsGate    -0.537
gendstat:                 Mixe            Sherpa.LC    -0.477
gendstat:         Ganj_Dareh_N                 Onge    -0.046
gendstat:         Ganj_Dareh_N           Villabruna    -0.045
gendstat:         Ganj_Dareh_N           DevilsGate    -1.209
gendstat:         Ganj_Dareh_N            Sherpa.LC    -1.304
gendstat:                 Onge           Villabruna    -0.006
gendstat:                 Onge           DevilsGate    -1.241
gendstat:                 Onge            Sherpa.LC    -1.406
gendstat:           Villabruna           DevilsGate    -0.990
gendstat:           Villabruna            Sherpa.LC    -0.971
gendstat:           DevilsGate            Sherpa.LC     0.160

## end of run
