/home/cliu7/utils/AdmixTools/bin/qpAdm: parameter file: temp/param/qpAdm_Tibetan_Nagqu.Rhirhi.Pulliyar.parxlwtbege
### THE INPUT PARAMETERS
##PARAMETER NAME: VALUE
DIR: data/intermediate
S1: HO_all_merged.qpAdm
indivname: data/intermediate/HO_all_merged.qpAdm.grouped.ind
snpname: data/intermediate/HO_all_merged.qpAdm.snp
genotypename: data/intermediate/HO_all_merged.qpAdm.geno
popleft: temp/param/left.xlwtbege
popright: temp/param/right.xlwtbege
details: YES
## qpAdm version: 810
seed: 587559472
packed geno read OK
end of inpack

left pops:
Tibetan_Nagqu
Rhirhi
Pulliyar

right pops:
Mbuti
Anatolia_N
Ami
Mixe
Ganj_Dareh_N
Onge
Villabruna
DevilsGate
Sherpa.LC

  0        Tibetan_Nagqu    8
  1               Rhirhi    4
  2             Pulliyar   35
  3                Mbuti   10
  4           Anatolia_N   25
  5                  Ami   10
  6                 Mixe   10
  7         Ganj_Dareh_N    7
  8                 Onge   12
  9           Villabruna    1
 10           DevilsGate    4
 11            Sherpa.LC    9
jackknife block size:     0.050
snps: 498990  indivs: 135
number of blocks for block jackknife: 710
## ncols: 498990
coverage:        Tibetan_Nagqu 498036
coverage:               Rhirhi 489694
coverage:             Pulliyar 459213
coverage:                Mbuti 498990
coverage:           Anatolia_N 498137
coverage:                  Ami 498990
coverage:                 Mixe 498990
coverage:         Ganj_Dareh_N 457128
coverage:                 Onge 498990
coverage:           Villabruna 415230
coverage:           DevilsGate 498716
coverage:            Sherpa.LC 498990
dof (jackknife):   584.942
numsnps used: 387267
codimension 1
f4info: 
f4rank: 1 dof:      7 chisq:    27.526 tail:       0.000267841066 dofdiff:      9 chisqdiff:   -27.526 taildiff:                    1
B:
          scale     1.000 
     Anatolia_N    -0.194 
            Ami     1.367 
           Mixe     0.985 
   Ganj_Dareh_N    -0.317 
           Onge     0.245 
     Villabruna    -0.066 
     DevilsGate     1.523 
      Sherpa.LC     1.625 
A:
          scale   178.535 
         Rhirhi    -0.079 
       Pulliyar    -1.412 


full rank
f4info: 
f4rank: 2 dof:      0 chisq:     0.000 tail:                    1 dofdiff:      7 chisqdiff:    27.526 taildiff:       0.000267841066
B:
          scale     1.000     1.000 
     Anatolia_N    -0.191     0.575 
            Ami     1.365     1.091 
           Mixe     0.991     0.928 
   Ganj_Dareh_N    -0.317     0.896 
           Onge     0.245     0.993 
     Villabruna    -0.071    -0.725 
     DevilsGate     1.523    -1.048 
      Sherpa.LC     1.623    -1.485 
A:
          scale   176.467  4614.088 
         Rhirhi    -0.124    -1.393 
       Pulliyar    -1.409    -0.243 


best coefficients:     1.059    -0.059 
Jackknife mean:      1.059377972    -0.059377972 
      std. errors:     0.015     0.015 

error covariance (* 1000000)
       216       -216 
      -216        216 


summ: Tibetan_Nagqu    2      0.000268     1.059    -0.059   216  -216   216 

    fixed pat  wt  dof     chisq       tail prob
           00  0     7    27.526     0.000267841     1.059    -0.059  infeasible
           01  1     8    45.678     2.73634e-07     1.000    -0.000 
           10  1     8  5149.632               0     0.000     1.000 
best pat:           00      0.000267841              -  -
best pat:           01      2.73634e-07  chi(nested):    18.152 p-value for nested model:     2.03984e-05

coeffs:     1.059    -0.059 

## dscore:: f_4(Base, Fit, Rbase, right2)
## genstat:: f_4(Base, Fit, right1, right2)

details:          Rhirhi      Anatolia_N    -0.000146   -0.709629
details:        Pulliyar      Anatolia_N     0.001446    6.727880
dscore:      Anatolia_N f4:    -0.000240 Z:    -1.119535

details:          Rhirhi             Ami    -0.001350   -5.642270
details:        Pulliyar             Ami    -0.010995  -44.064049
dscore:             Ami f4:    -0.000776 Z:    -3.099972

details:          Rhirhi            Mixe    -0.001084   -4.194076
details:        Pulliyar            Mixe    -0.008016  -30.232266
dscore:            Mixe f4:    -0.000672 Z:    -2.482127

details:          Rhirhi    Ganj_Dareh_N    -0.000223   -0.866381
details:        Pulliyar    Ganj_Dareh_N     0.002429    9.734274
dscore:    Ganj_Dareh_N f4:    -0.000380 Z:    -1.414303

details:          Rhirhi            Onge    -0.000640   -2.575441
details:        Pulliyar            Onge    -0.002064   -8.592835
dscore:            Onge f4:    -0.000556 Z:    -2.137786

details:          Rhirhi      Villabruna     0.000261    0.846248
details:        Pulliyar      Villabruna     0.000577    1.736770
dscore:      Villabruna f4:     0.000243 Z:     0.750505

details:          Rhirhi      DevilsGate    -0.000768   -2.614399
details:        Pulliyar      DevilsGate    -0.012164  -44.075218
dscore:      DevilsGate f4:    -0.000090 Z:    -0.291709

details:          Rhirhi       Sherpa.LC    -0.000852   -3.487880
details:        Pulliyar       Sherpa.LC    -0.012944  -52.243169
dscore:       Sherpa.LC f4:    -0.000133 Z:    -0.518486

gendstat:                Mbuti           Anatolia_N    -1.120
gendstat:                Mbuti                  Ami    -3.100
gendstat:                Mbuti                 Mixe    -2.482
gendstat:                Mbuti         Ganj_Dareh_N    -1.414
gendstat:                Mbuti                 Onge    -2.138
gendstat:                Mbuti           Villabruna     0.751
gendstat:                Mbuti           DevilsGate    -0.292
gendstat:                Mbuti            Sherpa.LC    -0.518
gendstat:           Anatolia_N                  Ami    -2.258
gendstat:           Anatolia_N                 Mixe    -1.787
gendstat:           Anatolia_N         Ganj_Dareh_N    -0.664
gendstat:           Anatolia_N                 Onge    -1.262
gendstat:           Anatolia_N           Villabruna     1.721
gendstat:           Anatolia_N           DevilsGate     0.523
gendstat:           Anatolia_N            Sherpa.LC     0.467
gendstat:                  Ami                 Mixe     0.475
gendstat:                  Ami         Ganj_Dareh_N     1.425
gendstat:                  Ami                 Onge     0.845
gendstat:                  Ami           Villabruna     3.020
gendstat:                  Ami           DevilsGate     2.682
gendstat:                  Ami            Sherpa.LC     3.463
gendstat:                 Mixe         Ganj_Dareh_N     1.019
gendstat:                 Mixe                 Onge     0.410
gendstat:                 Mixe           Villabruna     2.678
gendstat:                 Mixe           DevilsGate     2.155
gendstat:                 Mixe            Sherpa.LC     2.487
gendstat:         Ganj_Dareh_N                 Onge    -0.610
gendstat:         Ganj_Dareh_N           Villabruna     1.884
gendstat:         Ganj_Dareh_N           DevilsGate     0.889
gendstat:         Ganj_Dareh_N            Sherpa.LC     0.940
gendstat:                 Onge           Villabruna     2.262
gendstat:                 Onge           DevilsGate     1.483
gendstat:                 Onge            Sherpa.LC     1.649
gendstat:           Villabruna           DevilsGate    -0.886
gendstat:           Villabruna            Sherpa.LC    -1.117
gendstat:           DevilsGate            Sherpa.LC    -0.168

## end of run
