/home/cliu7/utils/AdmixTools/bin/qpWave: parameter file: temp/param/qpAdm_Tibetan_Chamdo.Rhirhi.Han.par99nu531c
### THE INPUT PARAMETERS
##PARAMETER NAME: VALUE
DIR: data/intermediate
S1: HO_all_merged.qpAdm
indivname: data/intermediate/HO_all_merged.qpAdm.grouped.ind
snpname: data/intermediate/HO_all_merged.qpAdm.snp
genotypename: data/intermediate/HO_all_merged.qpAdm.geno
popleft: temp/param/left.99nu531c
popright: temp/param/right.99nu531c
details: YES
## qpWave version: 410
packed geno read OK
end of inpack

left pops:
Tibetan_Chamdo
Rhirhi
Han

right pops:
Mbuti
Anatolia_N
Ami
Mixe
Ganj_Dareh_N
Onge
Villabruna
DevilsGate
Sherpa.LC

  0       Tibetan_Chamdo   12
  1               Rhirhi    4
  2                  Han   33
  3                Mbuti   10
  4           Anatolia_N   25
  5                  Ami   10
  6                 Mixe   10
  7         Ganj_Dareh_N    7
  8                 Onge   12
  9           Villabruna    1
 10           DevilsGate    4
 11            Sherpa.LC    9
jackknife block size:     0.050
snps: 498990  indivs: 137
number of blocks for block jackknife: 710
dof (jackknife):   583.492
numsnps used: 417249
f4info: 
f4rank: 0 dof:     16 chisq:  1970.618 tail:                    0 dofdiff:      0 chisqdiff:     0.000 taildiff:                    1

f4info: 
f4rank: 1 dof:      7 chisq:    35.788 tail:       7.94953873e-06 dofdiff:      9 chisqdiff:  1934.830 taildiff:                    0
B:
          scale     1.000 
     Anatolia_N    -0.014 
            Ami     2.542 
           Mixe     0.600 
   Ganj_Dareh_N     0.120 
           Onge     0.441 
     Villabruna    -0.267 
     DevilsGate     0.661 
      Sherpa.LC    -0.678 
A:
          scale  1056.895 
         Rhirhi    -0.230 
            Han     1.395 

f4info: 
f4rank: 2 dof:      0 chisq:     0.000 tail:                    1 dofdiff:      7 chisqdiff:    35.788 taildiff:       7.94953873e-06
B:
          scale     1.000     1.000 
     Anatolia_N    -0.011     0.078 
            Ami     2.518    -0.370 
           Mixe     0.727     1.333 
   Ganj_Dareh_N     0.089    -0.092 
           Onge     0.498     0.350 
     Villabruna    -0.293    -0.418 
     DevilsGate     0.763     0.901 
      Sherpa.LC    -0.455     2.228 
A:
          scale  1026.933  2592.748 
         Rhirhi    -0.613    -1.274 
            Han     1.274    -0.613 

## end of run
