/home/cliu7/utils/AdmixTools/bin/qpWave: parameter file: temp/param/qpAdm_Tibetan_Yajiang.Rhirhi.Pathan.parzd0152gv
### THE INPUT PARAMETERS
##PARAMETER NAME: VALUE
DIR: data/intermediate
S1: HO_all_merged.qpAdm
indivname: data/intermediate/HO_all_merged.qpAdm.grouped.ind
snpname: data/intermediate/HO_all_merged.qpAdm.snp
genotypename: data/intermediate/HO_all_merged.qpAdm.geno
popleft: temp/param/left.zd0152gv
popright: temp/param/right.zd0152gv
details: YES
## qpWave version: 410
packed geno read OK
end of inpack

left pops:
Tibetan_Yajiang
Rhirhi
Pathan

right pops:
Mbuti
Anatolia_N
Ami
Mixe
Ganj_Dareh_N
Onge
Villabruna
DevilsGate
Sherpa.LC

  0      Tibetan_Yajiang   10
  1               Rhirhi    4
  2               Pathan   18
  3                Mbuti   10
  4           Anatolia_N   25
  5                  Ami   10
  6                 Mixe   10
  7         Ganj_Dareh_N    7
  8                 Onge   12
  9           Villabruna    1
 10           DevilsGate    4
 11            Sherpa.LC    9
jackknife block size:     0.050
snps: 498990  indivs: 120
number of blocks for block jackknife: 710
dof (jackknife):   583.471
numsnps used: 412529
f4info: 
f4rank: 0 dof:     16 chisq:  8307.530 tail:                    0 dofdiff:      0 chisqdiff:     0.000 taildiff:                    1

f4info: 
f4rank: 1 dof:      7 chisq:    93.164 tail:       2.76795925e-17 dofdiff:      9 chisqdiff:  8214.366 taildiff:                    0
B:
          scale     1.000 
     Anatolia_N    -0.601 
            Ami     1.378 
           Mixe     0.799 
   Ganj_Dareh_N    -0.621 
           Onge     0.562 
     Villabruna    -0.444 
     DevilsGate     1.430 
      Sherpa.LC     1.468 
A:
          scale   140.395 
         Rhirhi    -0.058 
         Pathan    -1.413 

f4info: 
f4rank: 2 dof:      0 chisq:     0.000 tail:                    1 dofdiff:      7 chisqdiff:    93.164 taildiff:       2.76795925e-17
B:
          scale     1.000     1.000 
     Anatolia_N    -0.579     1.043 
            Ami     1.395     1.610 
           Mixe     0.817     1.203 
   Ganj_Dareh_N    -0.613     1.062 
           Onge     0.558     0.241 
     Villabruna    -0.441    -0.343 
     DevilsGate     1.434    -0.359 
      Sherpa.LC     1.454    -1.200 
A:
          scale   139.114  2734.566 
         Rhirhi    -0.093    -1.411 
         Pathan    -1.411     0.093 

## end of run
