/home/cliu7/utils/AdmixTools/bin/qpAdm: parameter file: temp/param/qpAdm_Tibetan_Nagqu.UpperMustang.LC.Han.parug9bawxa
### THE INPUT PARAMETERS
##PARAMETER NAME: VALUE
DIR: data/intermediate
S1: HO_all_merged.qpAdm
indivname: data/intermediate/HO_all_merged.qpAdm.grouped.ind
snpname: data/intermediate/HO_all_merged.qpAdm.snp
genotypename: data/intermediate/HO_all_merged.qpAdm.geno
popleft: temp/param/left.ug9bawxa
popright: temp/param/right.ug9bawxa
details: YES
## qpAdm version: 810
seed: -435216141
packed geno read OK
end of inpack

left pops:
Tibetan_Nagqu
UpperMustang.LC
Han

right pops:
Mbuti
Anatolia_N
Ami
Mixe
Ganj_Dareh_N
Onge
Villabruna
DevilsGate
Sherpa.LC

  0        Tibetan_Nagqu    8
  1      UpperMustang.LC   11
  2                  Han   33
  3                Mbuti   10
  4           Anatolia_N   25
  5                  Ami   10
  6                 Mixe   10
  7         Ganj_Dareh_N    7
  8                 Onge   12
  9           Villabruna    1
 10           DevilsGate    4
 11            Sherpa.LC    9
jackknife block size:     0.050
snps: 498990  indivs: 140
number of blocks for block jackknife: 710
## ncols: 498990
coverage:        Tibetan_Nagqu 498036
coverage:      UpperMustang.LC 498990
coverage:                  Han 498990
coverage:                Mbuti 498990
coverage:           Anatolia_N 498137
coverage:                  Ami 498990
coverage:                 Mixe 498990
coverage:         Ganj_Dareh_N 457128
coverage:                 Onge 498990
coverage:           Villabruna 415230
coverage:           DevilsGate 498716
coverage:            Sherpa.LC 498990
dof (jackknife):   583.474
numsnps used: 420543
codimension 1
f4info: 
f4rank: 1 dof:      7 chisq:    16.075 tail:         0.0244378217 dofdiff:      9 chisqdiff:   -16.075 taildiff:                    1
B:
          scale     1.000 
     Anatolia_N    -0.053 
            Ami     2.476 
           Mixe     0.617 
   Ganj_Dareh_N     0.052 
           Onge     0.371 
     Villabruna    -0.236 
     DevilsGate     0.913 
      Sherpa.LC    -0.677 
A:
          scale  1050.218 
UpperMustang.LC    -0.152 
            Han     1.406 


full rank
f4info: 
f4rank: 2 dof:      0 chisq:     0.000 tail:                    1 dofdiff:      7 chisqdiff:    16.075 taildiff:         0.0244378217
B:
          scale     1.000     1.000 
     Anatolia_N    -0.051     0.211 
            Ami     2.475    -2.051 
           Mixe     0.624     0.373 
   Ganj_Dareh_N     0.058     0.489 
           Onge     0.385     0.219 
     Villabruna    -0.213     0.263 
     DevilsGate     0.912     0.635 
      Sherpa.LC    -0.672     1.688 
A:
          scale  1123.584  3409.653 
UpperMustang.LC    -0.627    -1.250 
            Han     1.268    -0.662 


best coefficients:     0.903     0.097 
Jackknife mean:      0.902304907     0.097695093 
      std. errors:     0.021     0.021 

error covariance (* 1000000)
       456       -456 
      -456        456 


summ: Tibetan_Nagqu    2      0.024438     0.902     0.098   456  -456   456 

    fixed pat  wt  dof     chisq       tail prob
           00  0     7    16.075       0.0244378     0.903     0.097 
           01  1     8    34.978     2.69814e-05     1.000     0.000 
           10  1     8  1443.081               0     0.000     1.000 
best pat:           00        0.0244378              -  -
best pat:           01      2.69814e-05  chi(nested):    18.903 p-value for nested model:     1.37522e-05

coeffs:     0.903     0.097 

## dscore:: f_4(Base, Fit, Rbase, right2)
## genstat:: f_4(Base, Fit, right1, right2)

details: UpperMustang.LC      Anatolia_N    -0.000062   -0.466763
details:             Han      Anatolia_N    -0.000105   -0.937641
dscore:      Anatolia_N f4:    -0.000066 Z:    -0.524526

details: UpperMustang.LC             Ami    -0.000639   -4.297038
details:             Han             Ami     0.003190   24.114736
dscore:             Ami f4:    -0.000266 Z:    -1.887439

details: UpperMustang.LC            Mixe    -0.000495   -3.144614
details:             Han            Mixe     0.000630    4.355259
dscore:            Mixe f4:    -0.000385 Z:    -2.576528

details: UpperMustang.LC    Ganj_Dareh_N    -0.000225   -1.442495
details:             Han    Ganj_Dareh_N    -0.000035   -0.258638
dscore:    Ganj_Dareh_N f4:    -0.000207 Z:    -1.392362

details: UpperMustang.LC            Onge    -0.000306   -1.989951
details:             Han            Onge     0.000389    3.089709
dscore:            Onge f4:    -0.000238 Z:    -1.639929

details: UpperMustang.LC      Villabruna     0.000004    0.022489
details:             Han      Villabruna    -0.000299   -1.674580
dscore:      Villabruna f4:    -0.000025 Z:    -0.133285

details: UpperMustang.LC      DevilsGate    -0.000751   -4.186727
details:             Han      DevilsGate     0.000905    5.708124
dscore:      DevilsGate f4:    -0.000590 Z:    -3.454334

details: UpperMustang.LC       Sherpa.LC    -0.000253   -1.745687
details:             Han       Sherpa.LC    -0.001088   -8.451813
dscore:       Sherpa.LC f4:    -0.000335 Z:    -2.424857

gendstat:                Mbuti           Anatolia_N    -0.525
gendstat:                Mbuti                  Ami    -1.887
gendstat:                Mbuti                 Mixe    -2.577
gendstat:                Mbuti         Ganj_Dareh_N    -1.392
gendstat:                Mbuti                 Onge    -1.640
gendstat:                Mbuti           Villabruna    -0.133
gendstat:                Mbuti           DevilsGate    -3.454
gendstat:                Mbuti            Sherpa.LC    -2.425
gendstat:           Anatolia_N                  Ami    -1.483
gendstat:           Anatolia_N                 Mixe    -2.198
gendstat:           Anatolia_N         Ganj_Dareh_N    -1.229
gendstat:           Anatolia_N                 Onge    -1.271
gendstat:           Anatolia_N           Villabruna     0.261
gendstat:           Anatolia_N           DevilsGate    -3.162
gendstat:           Anatolia_N            Sherpa.LC    -2.016
gendstat:                  Ami                 Mixe    -0.946
gendstat:                  Ami         Ganj_Dareh_N     0.374
gendstat:                  Ami                 Onge     0.208
gendstat:                  Ami           Villabruna     1.300
gendstat:                  Ami           DevilsGate    -2.371
gendstat:                  Ami            Sherpa.LC    -0.669
gendstat:                 Mixe         Ganj_Dareh_N     1.115
gendstat:                 Mixe                 Onge     0.942
gendstat:                 Mixe           Villabruna     1.869
gendstat:                 Mixe           DevilsGate    -1.418
gendstat:                 Mixe            Sherpa.LC     0.405
gendstat:         Ganj_Dareh_N                 Onge    -0.198
gendstat:         Ganj_Dareh_N           Villabruna     1.020
gendstat:         Ganj_Dareh_N           DevilsGate    -2.096
gendstat:         Ganj_Dareh_N            Sherpa.LC    -0.830
gendstat:                 Onge           Villabruna     1.132
gendstat:                 Onge           DevilsGate    -2.105
gendstat:                 Onge            Sherpa.LC    -0.726
gendstat:           Villabruna           DevilsGate    -2.705
gendstat:           Villabruna            Sherpa.LC    -1.668
gendstat:           DevilsGate            Sherpa.LC     1.801

## end of run
