/home/cliu7/utils/AdmixTools/bin/qpWave: parameter file: temp/param/qpAdm_Tibetan_Yunnan.Kyang.Mala.paral806xpn
### THE INPUT PARAMETERS
##PARAMETER NAME: VALUE
DIR: data/intermediate
S1: HO_all_merged.qpAdm
indivname: data/intermediate/HO_all_merged.qpAdm.grouped.ind
snpname: data/intermediate/HO_all_merged.qpAdm.snp
genotypename: data/intermediate/HO_all_merged.qpAdm.geno
popleft: temp/param/left.al806xpn
popright: temp/param/right.al806xpn
details: YES
## qpWave version: 410
packed geno read OK
end of inpack

left pops:
Tibetan_Yunnan
Kyang
Mala

right pops:
Mbuti
Anatolia_N
Ami
Mixe
Ganj_Dareh_N
Onge
Villabruna
DevilsGate
Sherpa.LC

  0       Tibetan_Yunnan    4
  1                Kyang    7
  2                 Mala   11
  3                Mbuti   10
  4           Anatolia_N   25
  5                  Ami   10
  6                 Mixe   10
  7         Ganj_Dareh_N    7
  8                 Onge   12
  9           Villabruna    1
 10           DevilsGate    4
 11            Sherpa.LC    9
jackknife block size:     0.050
snps: 498990  indivs: 110
number of blocks for block jackknife: 710
dof (jackknife):   583.235
numsnps used: 419233
f4info: 
f4rank: 0 dof:     16 chisq:  5821.758 tail:                    0 dofdiff:      0 chisqdiff:     0.000 taildiff:                    1

f4info: 
f4rank: 1 dof:      7 chisq:   178.728 tail:       3.61547728e-35 dofdiff:      9 chisqdiff:  5643.030 taildiff:                    0
B:
          scale     1.000 
     Anatolia_N    -0.277 
            Ami     1.385 
           Mixe     0.933 
   Ganj_Dareh_N    -0.420 
           Onge     0.323 
     Villabruna    -0.126 
     DevilsGate     1.508 
      Sherpa.LC     1.601 
A:
          scale   176.257 
          Kyang    -0.036 
           Mala    -1.414 

f4info: 
f4rank: 2 dof:      0 chisq:     0.000 tail:                    1 dofdiff:      7 chisqdiff:   178.728 taildiff:       3.61547728e-35
B:
          scale     1.000     1.000 
     Anatolia_N    -0.260     0.162 
            Ami     1.465     1.779 
           Mixe     0.952     0.485 
   Ganj_Dareh_N    -0.367     0.941 
           Onge     0.344     0.266 
     Villabruna    -0.150    -0.636 
     DevilsGate     1.497    -0.077 
      Sherpa.LC     1.537    -1.791 
A:
          scale   170.847  2391.411 
          Kyang    -0.090    -1.411 
           Mala    -1.411     0.090 

## end of run
