/home/cliu7/utils/AdmixTools/bin/qpWave: parameter file: temp/param/qpAdm_Tibetan_Nagqu.Kyang.Pathan.par7f_2x3is
### THE INPUT PARAMETERS
##PARAMETER NAME: VALUE
DIR: data/intermediate
S1: HO_all_merged.qpAdm
indivname: data/intermediate/HO_all_merged.qpAdm.grouped.ind
snpname: data/intermediate/HO_all_merged.qpAdm.snp
genotypename: data/intermediate/HO_all_merged.qpAdm.geno
popleft: temp/param/left.7f_2x3is
popright: temp/param/right.7f_2x3is
details: YES
## qpWave version: 410
packed geno read OK
end of inpack

left pops:
Tibetan_Nagqu
Kyang
Pathan

right pops:
Mbuti
Anatolia_N
Ami
Mixe
Ganj_Dareh_N
Onge
Villabruna
DevilsGate
Sherpa.LC

  0        Tibetan_Nagqu    8
  1                Kyang    7
  2               Pathan   18
  3                Mbuti   10
  4           Anatolia_N   25
  5                  Ami   10
  6                 Mixe   10
  7         Ganj_Dareh_N    7
  8                 Onge   12
  9           Villabruna    1
 10           DevilsGate    4
 11            Sherpa.LC    9
jackknife block size:     0.050
snps: 498990  indivs: 121
number of blocks for block jackknife: 710
dof (jackknife):   583.353
numsnps used: 415764
f4info: 
f4rank: 0 dof:     16 chisq:  8570.531 tail:                    0 dofdiff:      0 chisqdiff:     0.000 taildiff:                    1

f4info: 
f4rank: 1 dof:      7 chisq:    64.923 tail:       1.55839082e-11 dofdiff:      9 chisqdiff:  8505.608 taildiff:                    0
B:
          scale     1.000 
     Anatolia_N    -0.595 
            Ami     1.330 
           Mixe     0.789 
   Ganj_Dareh_N    -0.631 
           Onge     0.576 
     Villabruna    -0.435 
     DevilsGate     1.422 
      Sherpa.LC     1.521 
A:
          scale   141.141 
          Kyang    -0.017 
         Pathan    -1.414 

f4info: 
f4rank: 2 dof:      0 chisq:     0.000 tail:                    1 dofdiff:      7 chisqdiff:    64.923 taildiff:       1.55839082e-11
B:
          scale     1.000     1.000 
     Anatolia_N    -0.586     0.521 
            Ami     1.349     1.479 
           Mixe     0.803     1.147 
   Ganj_Dareh_N    -0.612     1.304 
           Onge     0.570    -0.012 
     Villabruna    -0.428    -0.062 
     DevilsGate     1.431     0.348 
      Sherpa.LC     1.504    -1.550 
A:
          scale   139.902  4187.967 
          Kyang    -0.047    -1.413 
         Pathan    -1.413     0.047 

## end of run
