/home/cliu7/utils/AdmixTools/bin/qpAdm: parameter file: temp/param/qpAdm_Tibetan_Yajiang.Kyang.Southeast_China.parke53_1lt
### THE INPUT PARAMETERS
##PARAMETER NAME: VALUE
DIR: data/intermediate
S1: HO_all_merged.qpAdm
indivname: data/intermediate/HO_all_merged.qpAdm.grouped.ind
snpname: data/intermediate/HO_all_merged.qpAdm.snp
genotypename: data/intermediate/HO_all_merged.qpAdm.geno
popleft: temp/param/left.ke53_1lt
popright: temp/param/right.ke53_1lt
details: YES
## qpAdm version: 810
seed: -406414775
packed geno read OK
end of inpack

left pops:
Tibetan_Yajiang
Kyang
Southeast_China

right pops:
Mbuti
Anatolia_N
Ami
Mixe
Ganj_Dareh_N
Onge
Villabruna
DevilsGate
Sherpa.LC

  0      Tibetan_Yajiang   10
  1                Kyang    7
  2      Southeast_China   97
  3                Mbuti   10
  4           Anatolia_N   25
  5                  Ami   10
  6                 Mixe   10
  7         Ganj_Dareh_N    7
  8                 Onge   12
  9           Villabruna    1
 10           DevilsGate    4
 11            Sherpa.LC    9
jackknife block size:     0.050
snps: 498990  indivs: 202
number of blocks for block jackknife: 710
## ncols: 498990
coverage:      Tibetan_Yajiang 498036
coverage:                Kyang 498984
coverage:      Southeast_China 498990
coverage:                Mbuti 498990
coverage:           Anatolia_N 498137
coverage:                  Ami 498990
coverage:                 Mixe 498990
coverage:         Ganj_Dareh_N 457128
coverage:                 Onge 498990
coverage:           Villabruna 415230
coverage:           DevilsGate 498716
coverage:            Sherpa.LC 498990
dof (jackknife):   583.445
numsnps used: 418008
codimension 1
f4info: 
f4rank: 1 dof:      7 chisq:    32.699 tail:       3.01199142e-05 dofdiff:      9 chisqdiff:   -32.699 taildiff:                    1
B:
          scale     1.000 
     Anatolia_N    -0.147 
            Ami     2.545 
           Mixe     0.208 
   Ganj_Dareh_N     0.024 
           Onge     0.439 
     Villabruna    -0.295 
     DevilsGate     0.096 
      Sherpa.LC    -1.082 
A:
          scale  1033.077 
          Kyang    -0.505 
Southeast_China     1.321 


full rank
f4info: 
f4rank: 2 dof:      0 chisq:     0.000 tail:                    1 dofdiff:      7 chisqdiff:    32.699 taildiff:       3.01199142e-05
B:
          scale     1.000     1.000 
     Anatolia_N    -0.151     0.282 
            Ami     2.539    -0.673 
           Mixe     0.204     1.931 
   Ganj_Dareh_N     0.022     0.497 
           Onge     0.437    -0.721 
     Villabruna    -0.302    -0.398 
     DevilsGate     0.123     1.629 
      Sherpa.LC    -1.091     0.397 
A:
          scale  1031.260  4093.211 
          Kyang    -0.625    -1.297 
Southeast_China     1.269    -0.565 


best coefficients:     0.723     0.277 
Jackknife mean:      0.723193629     0.276806371 
      std. errors:     0.017     0.017 

error covariance (* 1000000)
       300       -300 
      -300        300 


summ: Tibetan_Yajiang    2      0.000030     0.723     0.277   300  -300   300 

    fixed pat  wt  dof     chisq       tail prob
           00  0     7    32.699     3.01199e-05     0.723     0.277 
           01  1     8   197.287               0     1.000     0.000 
           10  1     8  1942.320               0     0.000     1.000 
best pat:           00      3.01199e-05              -  -
best pat:           01      2.38241e-38  chi(nested):   164.588 p-value for nested model:     1.12557e-37

coeffs:     0.723     0.277 

## dscore:: f_4(Base, Fit, Rbase, right2)
## genstat:: f_4(Base, Fit, right1, right2)

details:           Kyang      Anatolia_N    -0.000024   -0.158321
details: Southeast_China      Anatolia_N    -0.000235   -2.284517
dscore:      Anatolia_N f4:    -0.000082 Z:    -0.673373

details:           Kyang             Ami    -0.001364   -7.438820
details: Southeast_China             Ami     0.003203   25.830409
dscore:             Ami f4:    -0.000101 Z:    -0.684508

details:           Kyang            Mixe    -0.000766   -3.970634
details: Southeast_China            Mixe    -0.000028   -0.210555
dscore:            Mixe f4:    -0.000562 Z:    -3.611912

details:           Kyang    Ganj_Dareh_N    -0.000196   -1.074769
details: Southeast_China    Ganj_Dareh_N    -0.000052   -0.406980
dscore:    Ganj_Dareh_N f4:    -0.000156 Z:    -1.055537

details:           Kyang            Onge    -0.000067   -0.365786
details: Southeast_China            Onge     0.000627    5.176212
dscore:            Onge f4:     0.000125 Z:     0.860969

details:           Kyang      Villabruna     0.000281    1.225699
details: Southeast_China      Villabruna    -0.000328   -1.954131
dscore:      Villabruna f4:     0.000113 Z:     0.604130

details:           Kyang      DevilsGate    -0.000633   -2.938489
details: Southeast_China      DevilsGate    -0.000086   -0.580221
dscore:      DevilsGate f4:    -0.000481 Z:    -2.784929

details:           Kyang       Sherpa.LC     0.000496    2.824203
details: Southeast_China       Sherpa.LC    -0.001412  -11.558872
dscore:       Sherpa.LC f4:    -0.000032 Z:    -0.223494

gendstat:                Mbuti           Anatolia_N    -0.673
gendstat:                Mbuti                  Ami    -0.685
gendstat:                Mbuti                 Mixe    -3.612
gendstat:                Mbuti         Ganj_Dareh_N    -1.056
gendstat:                Mbuti                 Onge     0.861
gendstat:                Mbuti           Villabruna     0.604
gendstat:                Mbuti           DevilsGate    -2.785
gendstat:                Mbuti            Sherpa.LC    -0.223
gendstat:           Anatolia_N                  Ami    -0.134
gendstat:           Anatolia_N                 Mixe    -3.525
gendstat:           Anatolia_N         Ganj_Dareh_N    -0.597
gendstat:           Anatolia_N                 Onge     1.527
gendstat:           Anatolia_N           Villabruna     1.208
gendstat:           Anatolia_N           DevilsGate    -2.496
gendstat:           Anatolia_N            Sherpa.LC     0.382
gendstat:                  Ami                 Mixe    -3.536
gendstat:                  Ami         Ganj_Dareh_N    -0.343
gendstat:                  Ami                 Onge     1.638
gendstat:                  Ami           Villabruna     1.065
gendstat:                  Ami           DevilsGate    -2.698
gendstat:                  Ami            Sherpa.LC     0.613
gendstat:                 Mixe         Ganj_Dareh_N     2.455
gendstat:                 Mixe                 Onge     4.381
gendstat:                 Mixe           Villabruna     3.479
gendstat:                 Mixe           DevilsGate     0.533
gendstat:                 Mixe            Sherpa.LC     4.113
gendstat:         Ganj_Dareh_N                 Onge     1.770
gendstat:         Ganj_Dareh_N           Villabruna     1.397
gendstat:         Ganj_Dareh_N           DevilsGate    -1.804
gendstat:         Ganj_Dareh_N            Sherpa.LC     0.819
gendstat:                 Onge           Villabruna    -0.062
gendstat:                 Onge           DevilsGate    -3.546
gendstat:                 Onge            Sherpa.LC    -1.131
gendstat:           Villabruna           DevilsGate    -2.778
gendstat:           Villabruna            Sherpa.LC    -0.758
gendstat:           DevilsGate            Sherpa.LC     3.102

## end of run
