/home/cliu7/utils/AdmixTools/bin/qpWave: parameter file: temp/param/qpAdm_Tibetan_Yunnan.Kyang.Han.parpp_xbhhn
### THE INPUT PARAMETERS
##PARAMETER NAME: VALUE
DIR: data/intermediate
S1: HO_all_merged.qpAdm
indivname: data/intermediate/HO_all_merged.qpAdm.grouped.ind
snpname: data/intermediate/HO_all_merged.qpAdm.snp
genotypename: data/intermediate/HO_all_merged.qpAdm.geno
popleft: temp/param/left.pp_xbhhn
popright: temp/param/right.pp_xbhhn
details: YES
## qpWave version: 410
packed geno read OK
end of inpack

left pops:
Tibetan_Yunnan
Kyang
Han

right pops:
Mbuti
Anatolia_N
Ami
Mixe
Ganj_Dareh_N
Onge
Villabruna
DevilsGate
Sherpa.LC

  0       Tibetan_Yunnan    4
  1                Kyang    7
  2                  Han   33
  3                Mbuti   10
  4           Anatolia_N   25
  5                  Ami   10
  6                 Mixe   10
  7         Ganj_Dareh_N    7
  8                 Onge   12
  9           Villabruna    1
 10           DevilsGate    4
 11            Sherpa.LC    9
jackknife block size:     0.050
snps: 498990  indivs: 132
number of blocks for block jackknife: 710
dof (jackknife):   583.324
numsnps used: 421109
f4info: 
f4rank: 0 dof:     16 chisq:  1595.980 tail:                    0 dofdiff:      0 chisqdiff:     0.000 taildiff:                    1

f4info: 
f4rank: 1 dof:      7 chisq:     8.185 tail:          0.316577468 dofdiff:      9 chisqdiff:  1587.795 taildiff:                    0
B:
          scale     1.000 
     Anatolia_N    -0.092 
            Ami     2.458 
           Mixe     0.718 
   Ganj_Dareh_N     0.055 
           Onge     0.324 
     Villabruna    -0.245 
     DevilsGate     0.866 
      Sherpa.LC    -0.720 
A:
          scale  1184.696 
          Kyang    -0.796 
            Han     1.169 

f4info: 
f4rank: 2 dof:      0 chisq:     0.000 tail:                    1 dofdiff:      7 chisqdiff:     8.185 taildiff:          0.316577468
B:
          scale     1.000     1.000 
     Anatolia_N    -0.076     0.093 
            Ami     2.456    -0.322 
           Mixe     0.736     1.153 
   Ganj_Dareh_N     0.086     1.536 
           Onge     0.332     0.431 
     Villabruna    -0.247    -1.373 
     DevilsGate     0.880     0.346 
      Sherpa.LC    -0.683     1.417 
A:
          scale  1181.969  5669.435 
          Kyang    -0.901    -1.090 
            Han     1.090    -0.901 

## end of run
