/home/cliu7/utils/AdmixTools/bin/qpWave: parameter file: temp/param/qpAdm_Tibetan_Lhasa.Samdzong.Pulliyar.parxrogx78k
### THE INPUT PARAMETERS
##PARAMETER NAME: VALUE
DIR: data/intermediate
S1: HO_all_merged.qpAdm
indivname: data/intermediate/HO_all_merged.qpAdm.grouped.ind
snpname: data/intermediate/HO_all_merged.qpAdm.snp
genotypename: data/intermediate/HO_all_merged.qpAdm.geno
popleft: temp/param/left.xrogx78k
popright: temp/param/right.xrogx78k
details: YES
## qpWave version: 410
packed geno read OK
end of inpack

left pops:
Tibetan_Lhasa
Samdzong
Pulliyar

right pops:
Mbuti
Anatolia_N
Ami
Mixe
Ganj_Dareh_N
Onge
Villabruna
DevilsGate
Sherpa.LC

  0        Tibetan_Lhasa    9
  1             Samdzong    9
  2             Pulliyar   35
  3                Mbuti   10
  4           Anatolia_N   25
  5                  Ami   10
  6                 Mixe   10
  7         Ganj_Dareh_N    7
  8                 Onge   12
  9           Villabruna    1
 10           DevilsGate    4
 11            Sherpa.LC    9
jackknife block size:     0.050
snps: 498990  indivs: 141
number of blocks for block jackknife: 710
dof (jackknife):   584.949
numsnps used: 389180
f4info: 
f4rank: 0 dof:     16 chisq:  5823.439 tail:                    0 dofdiff:      0 chisqdiff:     0.000 taildiff:                    1

f4info: 
f4rank: 1 dof:      7 chisq:    23.051 tail:        0.00167010212 dofdiff:      9 chisqdiff:  5800.388 taildiff:                    0
B:
          scale     1.000 
     Anatolia_N    -0.167 
            Ami     1.364 
           Mixe     0.977 
   Ganj_Dareh_N    -0.302 
           Onge     0.253 
     Villabruna    -0.061 
     DevilsGate     1.499 
      Sherpa.LC     1.658 
A:
          scale   179.405 
       Samdzong    -0.042 
       Pulliyar    -1.414 

f4info: 
f4rank: 2 dof:      0 chisq:     0.000 tail:                    1 dofdiff:      7 chisqdiff:    23.051 taildiff:        0.00167010212
B:
          scale     1.000     1.000 
     Anatolia_N    -0.163     0.479 
            Ami     1.372     0.936 
           Mixe     0.986     0.517 
   Ganj_Dareh_N    -0.282     1.717 
           Onge     0.265     0.928 
     Villabruna    -0.049     1.418 
     DevilsGate     1.500     0.047 
      Sherpa.LC     1.648    -0.897 
A:
          scale   177.721  4950.973 
       Samdzong    -0.075    -1.412 
       Pulliyar    -1.412     0.075 

## end of run
