/home/cliu7/utils/AdmixTools/bin/qpWave: parameter file: temp/param/qpAdm_Tibetan_Shannan.UpperMustang.LC.Pathan.part3_n_48x
### THE INPUT PARAMETERS
##PARAMETER NAME: VALUE
DIR: data/intermediate
S1: HO_all_merged.qpAdm
indivname: data/intermediate/HO_all_merged.qpAdm.grouped.ind
snpname: data/intermediate/HO_all_merged.qpAdm.snp
genotypename: data/intermediate/HO_all_merged.qpAdm.geno
popleft: temp/param/left.t3_n_48x
popright: temp/param/right.t3_n_48x
details: YES
## qpWave version: 410
packed geno read OK
end of inpack

left pops:
Tibetan_Shannan
UpperMustang.LC
Pathan

right pops:
Mbuti
Anatolia_N
Ami
Mixe
Ganj_Dareh_N
Onge
Villabruna
DevilsGate
Sherpa.LC

  0      Tibetan_Shannan    9
  1      UpperMustang.LC   11
  2               Pathan   18
  3                Mbuti   10
  4           Anatolia_N   25
  5                  Ami   10
  6                 Mixe   10
  7         Ganj_Dareh_N    7
  8                 Onge   12
  9           Villabruna    1
 10           DevilsGate    4
 11            Sherpa.LC    9
jackknife block size:     0.050
snps: 498990  indivs: 126
number of blocks for block jackknife: 710
dof (jackknife):   583.365
numsnps used: 415855
f4info: 
f4rank: 0 dof:     16 chisq:  9119.255 tail:                    0 dofdiff:      0 chisqdiff:     0.000 taildiff:                    1

f4info: 
f4rank: 1 dof:      7 chisq:     7.285 tail:          0.399863006 dofdiff:      9 chisqdiff:  9111.970 taildiff:                    0
B:
          scale     1.000 
     Anatolia_N    -0.601 
            Ami     1.330 
           Mixe     0.785 
   Ganj_Dareh_N    -0.635 
           Onge     0.562 
     Villabruna    -0.446 
     DevilsGate     1.409 
      Sherpa.LC     1.534 
A:
          scale   142.288 
UpperMustang.LC    -0.015 
         Pathan    -1.414 

f4info: 
f4rank: 2 dof:      0 chisq:     0.000 tail:                    1 dofdiff:      7 chisqdiff:     7.285 taildiff:          0.399863006
B:
          scale     1.000     1.000 
     Anatolia_N    -0.590     1.372 
            Ami     1.330     0.113 
           Mixe     0.790     0.678 
   Ganj_Dareh_N    -0.619     2.250 
           Onge     0.563     0.326 
     Villabruna    -0.444    -0.084 
     DevilsGate     1.414     0.634 
      Sherpa.LC     1.536     0.259 
A:
          scale   142.035  8479.734 
UpperMustang.LC    -0.028    -1.414 
         Pathan    -1.414     0.028 

## end of run
