/home/cliu7/utils/AdmixTools/bin/qpAdm: parameter file: temp/param/qpAdm_Tibetan_Lhasa.UpperMustang.LC.Han.paritugsh3l
### THE INPUT PARAMETERS
##PARAMETER NAME: VALUE
DIR: data/intermediate
S1: HO_all_merged.qpAdm
indivname: data/intermediate/HO_all_merged.qpAdm.grouped.ind
snpname: data/intermediate/HO_all_merged.qpAdm.snp
genotypename: data/intermediate/HO_all_merged.qpAdm.geno
popleft: temp/param/left.itugsh3l
popright: temp/param/right.itugsh3l
details: YES
## qpAdm version: 810
seed: 1921316227
packed geno read OK
end of inpack

left pops:
Tibetan_Lhasa
UpperMustang.LC
Han

right pops:
Mbuti
Anatolia_N
Ami
Mixe
Ganj_Dareh_N
Onge
Villabruna
DevilsGate
Sherpa.LC

  0        Tibetan_Lhasa    9
  1      UpperMustang.LC   11
  2                  Han   33
  3                Mbuti   10
  4           Anatolia_N   25
  5                  Ami   10
  6                 Mixe   10
  7         Ganj_Dareh_N    7
  8                 Onge   12
  9           Villabruna    1
 10           DevilsGate    4
 11            Sherpa.LC    9
jackknife block size:     0.050
snps: 498990  indivs: 141
number of blocks for block jackknife: 710
## ncols: 498990
coverage:        Tibetan_Lhasa 498036
coverage:      UpperMustang.LC 498990
coverage:                  Han 498990
coverage:                Mbuti 498990
coverage:           Anatolia_N 498137
coverage:                  Ami 498990
coverage:                 Mixe 498990
coverage:         Ganj_Dareh_N 457128
coverage:                 Onge 498990
coverage:           Villabruna 415230
coverage:           DevilsGate 498716
coverage:            Sherpa.LC 498990
dof (jackknife):   583.443
numsnps used: 420439
codimension 1
f4info: 
f4rank: 1 dof:      7 chisq:    16.877 tail:         0.0182035255 dofdiff:      9 chisqdiff:   -16.877 taildiff:                    1
B:
          scale     1.000 
     Anatolia_N    -0.094 
            Ami     2.443 
           Mixe     0.648 
   Ganj_Dareh_N    -0.007 
           Onge     0.348 
     Villabruna    -0.285 
     DevilsGate     0.924 
      Sherpa.LC    -0.741 
A:
          scale   995.536 
UpperMustang.LC    -0.048 
            Han     1.413 


full rank
f4info: 
f4rank: 2 dof:      0 chisq:     0.000 tail:                    1 dofdiff:      7 chisqdiff:    16.877 taildiff:         0.0182035255
B:
          scale     1.000     1.000 
     Anatolia_N    -0.101     0.533 
            Ami     2.440    -1.661 
           Mixe     0.649    -0.016 
   Ganj_Dareh_N    -0.010     0.860 
           Onge     0.350     0.352 
     Villabruna    -0.272     0.664 
     DevilsGate     0.931     0.180 
      Sherpa.LC    -0.744     1.902 
A:
          scale  1075.416  2962.283 
UpperMustang.LC    -0.555    -1.283 
            Han     1.301    -0.594 


best coefficients:     0.967     0.033 
Jackknife mean:      0.966614409     0.033385591 
      std. errors:     0.023     0.023 

error covariance (* 1000000)
       509       -509 
      -509        509 


summ: Tibetan_Lhasa    2      0.018204     0.967     0.033   509  -509   509 

    fixed pat  wt  dof     chisq       tail prob
           00  0     7    16.877       0.0182035     0.967     0.033 
           01  1     8    18.908       0.0153608     1.000     0.000 
           10  1     8  1676.585               0     0.000     1.000 
best pat:           00        0.0182035              -  -
best pat:           01        0.0153608  chi(nested):     2.030 p-value for nested model:        0.154191

coeffs:     0.967     0.033 

## dscore:: f_4(Base, Fit, Rbase, right2)
## genstat:: f_4(Base, Fit, right1, right2)

details: UpperMustang.LC      Anatolia_N    -0.000193   -1.592541
details:             Han      Anatolia_N    -0.000236   -2.008073
dscore:      Anatolia_N f4:    -0.000195 Z:    -1.630577

details: UpperMustang.LC             Ami    -0.000545   -3.808350
details:             Han             Ami     0.003285   25.300301
dscore:             Ami f4:    -0.000419 Z:    -2.982364

details: UpperMustang.LC            Mixe    -0.000337   -2.284252
details:             Han            Mixe     0.000789    5.406988
dscore:            Mixe f4:    -0.000300 Z:    -2.068735

details: UpperMustang.LC    Ganj_Dareh_N    -0.000379   -2.670789
details:             Han    Ganj_Dareh_N    -0.000189   -1.387595
dscore:    Ganj_Dareh_N f4:    -0.000373 Z:    -2.673239

details: UpperMustang.LC            Onge    -0.000344   -2.386070
details:             Han            Onge     0.000352    2.562009
dscore:            Onge f4:    -0.000321 Z:    -2.266073

details: UpperMustang.LC      Villabruna    -0.000169   -0.921959
details:             Han      Villabruna    -0.000472   -2.778698
dscore:      Villabruna f4:    -0.000179 Z:    -0.996364

details: UpperMustang.LC      DevilsGate    -0.000564   -3.398491
details:             Han      DevilsGate     0.001093    7.006156
dscore:      DevilsGate f4:    -0.000509 Z:    -3.123970

details: UpperMustang.LC       Sherpa.LC    -0.000446   -3.307482
details:             Han       Sherpa.LC    -0.001281  -10.038027
dscore:       Sherpa.LC f4:    -0.000474 Z:    -3.574368

gendstat:                Mbuti           Anatolia_N    -1.631
gendstat:                Mbuti                  Ami    -2.982
gendstat:                Mbuti                 Mixe    -2.069
gendstat:                Mbuti         Ganj_Dareh_N    -2.673
gendstat:                Mbuti                 Onge    -2.266
gendstat:                Mbuti           Villabruna    -0.996
gendstat:                Mbuti           DevilsGate    -3.124
gendstat:                Mbuti            Sherpa.LC    -3.574
gendstat:           Anatolia_N                  Ami    -1.586
gendstat:           Anatolia_N                 Mixe    -0.732
gendstat:           Anatolia_N         Ganj_Dareh_N    -1.572
gendstat:           Anatolia_N                 Onge    -0.936
gendstat:           Anatolia_N           Villabruna     0.103
gendstat:           Anatolia_N           DevilsGate    -1.948
gendstat:           Anatolia_N            Sherpa.LC    -2.178
gendstat:                  Ami                 Mixe     0.888
gendstat:                  Ami         Ganj_Dareh_N     0.298
gendstat:                  Ami                 Onge     0.682
gendstat:                  Ami           Villabruna     1.271
gendstat:                  Ami           DevilsGate    -0.698
gendstat:                  Ami            Sherpa.LC    -0.514
gendstat:                 Mixe         Ganj_Dareh_N    -0.471
gendstat:                 Mixe                 Onge    -0.136
gendstat:                 Mixe           Villabruna     0.625
gendstat:                 Mixe           DevilsGate    -1.437
gendstat:                 Mixe            Sherpa.LC    -1.347
gendstat:         Ganj_Dareh_N                 Onge     0.340
gendstat:         Ganj_Dareh_N           Villabruna     1.084
gendstat:         Ganj_Dareh_N           DevilsGate    -0.788
gendstat:         Ganj_Dareh_N            Sherpa.LC    -0.696
gendstat:                 Onge           Villabruna     0.760
gendstat:                 Onge           DevilsGate    -1.170
gendstat:                 Onge            Sherpa.LC    -1.133
gendstat:           Villabruna           DevilsGate    -1.601
gendstat:           Villabruna            Sherpa.LC    -1.632
gendstat:           DevilsGate            Sherpa.LC     0.264

## end of run
