/home/cliu7/utils/AdmixTools/bin/qpWave: parameter file: temp/param/qpAdm_Tibetan_Xinlong.Rhirhi.Han.parxc0se056
### THE INPUT PARAMETERS
##PARAMETER NAME: VALUE
DIR: data/intermediate
S1: HO_all_merged.qpAdm
indivname: data/intermediate/HO_all_merged.qpAdm.grouped.ind
snpname: data/intermediate/HO_all_merged.qpAdm.snp
genotypename: data/intermediate/HO_all_merged.qpAdm.geno
popleft: temp/param/left.xc0se056
popright: temp/param/right.xc0se056
details: YES
## qpWave version: 410
packed geno read OK
end of inpack

left pops:
Tibetan_Xinlong
Rhirhi
Han

right pops:
Mbuti
Anatolia_N
Ami
Mixe
Ganj_Dareh_N
Onge
Villabruna
DevilsGate
Sherpa.LC

  0      Tibetan_Xinlong   10
  1               Rhirhi    4
  2                  Han   33
  3                Mbuti   10
  4           Anatolia_N   25
  5                  Ami   10
  6                 Mixe   10
  7         Ganj_Dareh_N    7
  8                 Onge   12
  9           Villabruna    1
 10           DevilsGate    4
 11            Sherpa.LC    9
jackknife block size:     0.050
snps: 498990  indivs: 135
number of blocks for block jackknife: 710
dof (jackknife):   583.455
numsnps used: 417391
f4info: 
f4rank: 0 dof:     16 chisq:  1257.755 tail:      5.94674625e-258 dofdiff:      0 chisqdiff:     0.000 taildiff:                    1

f4info: 
f4rank: 1 dof:      7 chisq:    24.086 tail:        0.00110029632 dofdiff:      9 chisqdiff:  1233.669 taildiff:      6.52450461e-260
B:
          scale     1.000 
     Anatolia_N    -0.042 
            Ami     2.515 
           Mixe     0.703 
   Ganj_Dareh_N     0.107 
           Onge     0.417 
     Villabruna    -0.382 
     DevilsGate     0.810 
      Sherpa.LC    -0.438 
A:
          scale  1203.441 
         Rhirhi    -1.117 
            Han     0.867 

f4info: 
f4rank: 2 dof:      0 chisq:     0.000 tail:                    1 dofdiff:      7 chisqdiff:    24.086 taildiff:        0.00110029632
B:
          scale     1.000     1.000 
     Anatolia_N     0.016     0.232 
            Ami     2.384    -0.916 
           Mixe     1.009     1.450 
   Ganj_Dareh_N     0.051    -0.344 
           Onge     0.593     0.701 
     Villabruna    -0.356    -0.104 
     DevilsGate     0.904     0.301 
      Sherpa.LC     0.004     2.072 
A:
          scale  1021.358  4922.174 
         Rhirhi    -1.272    -0.618 
            Han     0.618    -1.272 

## end of run
