/home/cliu7/utils/AdmixTools/bin/qpWave: parameter file: temp/param/qpAdm_Tibetan_Lhasa.Mebrak.Mala.parbrf5ufum
### THE INPUT PARAMETERS
##PARAMETER NAME: VALUE
DIR: data/intermediate
S1: HO_all_merged.qpAdm
indivname: data/intermediate/HO_all_merged.qpAdm.grouped.ind
snpname: data/intermediate/HO_all_merged.qpAdm.snp
genotypename: data/intermediate/HO_all_merged.qpAdm.geno
popleft: temp/param/left.brf5ufum
popright: temp/param/right.brf5ufum
details: YES
## qpWave version: 410
packed geno read OK
end of inpack

left pops:
Tibetan_Lhasa
Mebrak
Mala

right pops:
Mbuti
Anatolia_N
Ami
Mixe
Ganj_Dareh_N
Onge
Villabruna
DevilsGate
Sherpa.LC

  0        Tibetan_Lhasa    9
  1               Mebrak    8
  2                 Mala   11
  3                Mbuti   10
  4           Anatolia_N   25
  5                  Ami   10
  6                 Mixe   10
  7         Ganj_Dareh_N    7
  8                 Onge   12
  9           Villabruna    1
 10           DevilsGate    4
 11            Sherpa.LC    9
jackknife block size:     0.050
snps: 498990  indivs: 116
number of blocks for block jackknife: 710
dof (jackknife):   583.315
numsnps used: 418180
f4info: 
f4rank: 0 dof:     16 chisq:  6750.484 tail:                    0 dofdiff:      0 chisqdiff:     0.000 taildiff:                    1

f4info: 
f4rank: 1 dof:      7 chisq:    23.927 tail:        0.00117350178 dofdiff:      9 chisqdiff:  6726.557 taildiff:                    0
B:
          scale     1.000 
     Anatolia_N    -0.263 
            Ami     1.363 
           Mixe     0.932 
   Ganj_Dareh_N    -0.390 
           Onge     0.316 
     Villabruna    -0.098 
     DevilsGate     1.498 
      Sherpa.LC     1.643 
A:
          scale   176.651 
         Mebrak    -0.025 
           Mala    -1.414 

f4info: 
f4rank: 2 dof:      0 chisq:     0.000 tail:                    1 dofdiff:      7 chisqdiff:    23.927 taildiff:        0.00117350178
B:
          scale     1.000     1.000 
     Anatolia_N    -0.246     1.262 
            Ami     1.375     1.072 
           Mixe     0.938     0.828 
   Ganj_Dareh_N    -0.376     0.992 
           Onge     0.340     1.546 
     Villabruna    -0.092     0.553 
     DevilsGate     1.492    -0.775 
      Sherpa.LC     1.636    -0.541 
A:
          scale   174.874  4784.309 
         Mebrak    -0.062    -1.413 
           Mala    -1.413     0.062 

## end of run
