/home/cliu7/utils/AdmixTools/bin/qpWave: parameter file: temp/param/qpAdm_Tibetan_Shigatse.Kyang.Mala.parzyxy9fb0
### THE INPUT PARAMETERS
##PARAMETER NAME: VALUE
DIR: data/intermediate
S1: HO_all_merged.qpAdm
indivname: data/intermediate/HO_all_merged.qpAdm.grouped.ind
snpname: data/intermediate/HO_all_merged.qpAdm.snp
genotypename: data/intermediate/HO_all_merged.qpAdm.geno
popleft: temp/param/left.zyxy9fb0
popright: temp/param/right.zyxy9fb0
details: YES
## qpWave version: 410
packed geno read OK
end of inpack

left pops:
Tibetan_Shigatse
Kyang
Mala

right pops:
Mbuti
Anatolia_N
Ami
Mixe
Ganj_Dareh_N
Onge
Villabruna
DevilsGate
Sherpa.LC

  0     Tibetan_Shigatse   10
  1                Kyang    7
  2                 Mala   11
  3                Mbuti   10
  4           Anatolia_N   25
  5                  Ami   10
  6                 Mixe   10
  7         Ganj_Dareh_N    7
  8                 Onge   12
  9           Villabruna    1
 10           DevilsGate    4
 11            Sherpa.LC    9
jackknife block size:     0.050
snps: 498990  indivs: 116
number of blocks for block jackknife: 710
dof (jackknife):   583.269
numsnps used: 418129
f4info: 
f4rank: 0 dof:     16 chisq:  6495.408 tail:                    0 dofdiff:      0 chisqdiff:     0.000 taildiff:                    1

f4info: 
f4rank: 1 dof:      7 chisq:    40.339 tail:       1.08391432e-06 dofdiff:      9 chisqdiff:  6455.068 taildiff:                    0
B:
          scale     1.000 
     Anatolia_N    -0.268 
            Ami     1.350 
           Mixe     0.949 
   Ganj_Dareh_N    -0.406 
           Onge     0.328 
     Villabruna    -0.123 
     DevilsGate     1.489 
      Sherpa.LC     1.643 
A:
          scale   176.544 
          Kyang    -0.019 
           Mala    -1.414 

f4info: 
f4rank: 2 dof:      0 chisq:     0.000 tail:                    1 dofdiff:      7 chisqdiff:    40.339 taildiff:       1.08391432e-06
B:
          scale     1.000     1.000 
     Anatolia_N    -0.262     0.290 
            Ami     1.362     1.245 
           Mixe     0.962     1.467 
   Ganj_Dareh_N    -0.393     1.363 
           Onge     0.333     0.313 
     Villabruna    -0.123    -0.716 
     DevilsGate     1.484    -0.437 
      Sherpa.LC     1.634    -1.248 
A:
          scale   175.579  5291.667 
          Kyang    -0.048    -1.413 
           Mala    -1.413     0.048 

## end of run
