/home/cliu7/utils/AdmixTools/bin/qpAdm: parameter file: temp/param/qpAdm_Tibetan_Lhasa.Chokhopani.Han.parukrysk15
### THE INPUT PARAMETERS
##PARAMETER NAME: VALUE
DIR: data/intermediate
S1: HO_all_merged.qpAdm
indivname: data/intermediate/HO_all_merged.qpAdm.grouped.ind
snpname: data/intermediate/HO_all_merged.qpAdm.snp
genotypename: data/intermediate/HO_all_merged.qpAdm.geno
popleft: temp/param/left.ukrysk15
popright: temp/param/right.ukrysk15
details: YES
## qpAdm version: 810
seed: 1679225408
packed geno read OK
end of inpack

left pops:
Tibetan_Lhasa
Chokhopani
Han

right pops:
Mbuti
Anatolia_N
Ami
Mixe
Ganj_Dareh_N
Onge
Villabruna
DevilsGate
Sherpa.LC

  0        Tibetan_Lhasa    9
  1           Chokhopani    2
  2                  Han   33
  3                Mbuti   10
  4           Anatolia_N   25
  5                  Ami   10
  6                 Mixe   10
  7         Ganj_Dareh_N    7
  8                 Onge   12
  9           Villabruna    1
 10           DevilsGate    4
 11            Sherpa.LC    9
jackknife block size:     0.050
snps: 498990  indivs: 132
number of blocks for block jackknife: 710
## ncols: 498990
coverage:        Tibetan_Lhasa 498036
coverage:           Chokhopani 498917
coverage:                  Han 498990
coverage:                Mbuti 498990
coverage:           Anatolia_N 498137
coverage:                  Ami 498990
coverage:                 Mixe 498990
coverage:         Ganj_Dareh_N 457128
coverage:                 Onge 498990
coverage:           Villabruna 415230
coverage:           DevilsGate 498716
coverage:            Sherpa.LC 498990
dof (jackknife):   583.384
numsnps used: 420757
codimension 1
f4info: 
f4rank: 1 dof:      7 chisq:    23.802 tail:        0.00123423842 dofdiff:      9 chisqdiff:   -23.802 taildiff:                    1
B:
          scale     1.000 
     Anatolia_N    -0.128 
            Ami     2.461 
           Mixe     0.644 
   Ganj_Dareh_N    -0.082 
           Onge     0.240 
     Villabruna    -0.244 
     DevilsGate     0.829 
      Sherpa.LC    -0.837 
A:
          scale  1024.726 
     Chokhopani     0.020 
            Han     1.414 


full rank
f4info: 
f4rank: 2 dof:      0 chisq:     0.000 tail:                    1 dofdiff:      7 chisqdiff:    23.802 taildiff:        0.00123423842
B:
          scale     1.000     1.000 
     Anatolia_N    -0.128     0.671 
            Ami     2.455    -0.534 
           Mixe     0.649     0.713 
   Ganj_Dareh_N    -0.083     0.816 
           Onge     0.238    -0.463 
     Villabruna    -0.250     1.470 
     DevilsGate     0.840     0.122 
      Sherpa.LC    -0.838     1.924 
A:
          scale  1038.780  2530.303 
     Chokhopani    -0.358    -1.395 
            Han     1.368    -0.230 


best coefficients:     1.014    -0.014 
Jackknife mean:      1.012480524    -0.012480524 
      std. errors:     0.042     0.042 

error covariance (* 1000000)
      1725      -1725 
     -1725       1725 


summ: Tibetan_Lhasa    2      0.001234     1.012    -0.012  1725 -1725  1725 

    fixed pat  wt  dof     chisq       tail prob
           00  0     7    23.802      0.00123424     1.014    -0.014  infeasible
           01  1     8    23.880      0.00240048     1.000     0.000 
           10  1     8  1651.235               0     0.000     1.000 
best pat:           00       0.00123424              -  -
best pat:           01       0.00240048  chi(nested):     0.078 p-value for nested model:        0.780395

coeffs:     1.014    -0.014 

## dscore:: f_4(Base, Fit, Rbase, right2)
## genstat:: f_4(Base, Fit, right1, right2)

details:      Chokhopani      Anatolia_N    -0.000362   -1.680985
details:             Han      Anatolia_N    -0.000237   -2.008200
dscore:      Anatolia_N f4:    -0.000364 Z:    -1.669873

details:      Chokhopani             Ami    -0.000576   -2.405198
details:             Han             Ami     0.003282   25.248129
dscore:             Ami f4:    -0.000631 Z:    -2.601840

details:      Chokhopani            Mixe    -0.000648   -2.454340
details:             Han            Mixe     0.000786    5.387643
dscore:            Mixe f4:    -0.000669 Z:    -2.502378

details:      Chokhopani    Ganj_Dareh_N    -0.000457   -1.764981
details:             Han    Ganj_Dareh_N    -0.000190   -1.388559
dscore:    Ganj_Dareh_N f4:    -0.000461 Z:    -1.758437

details:      Chokhopani            Onge     0.000130    0.530755
details:             Han            Onge     0.000350    2.548842
dscore:            Onge f4:     0.000127 Z:     0.511731

details:      Chokhopani      Villabruna    -0.000774   -2.380395
details:             Han      Villabruna    -0.000473   -2.785854
dscore:      Villabruna f4:    -0.000778 Z:    -2.365438

details:      Chokhopani      DevilsGate    -0.000391   -1.350127
details:             Han      DevilsGate     0.001091    6.991267
dscore:      DevilsGate f4:    -0.000412 Z:    -1.405692

details:      Chokhopani       Sherpa.LC    -0.000792   -3.434537
details:             Han       Sherpa.LC    -0.001280  -10.012541
dscore:       Sherpa.LC f4:    -0.000786 Z:    -3.363974

gendstat:                Mbuti           Anatolia_N    -1.670
gendstat:                Mbuti                  Ami    -2.602
gendstat:                Mbuti                 Mixe    -2.502
gendstat:                Mbuti         Ganj_Dareh_N    -1.758
gendstat:                Mbuti                 Onge     0.512
gendstat:                Mbuti           Villabruna    -2.365
gendstat:                Mbuti           DevilsGate    -1.406
gendstat:                Mbuti            Sherpa.LC    -3.364
gendstat:           Anatolia_N                  Ami    -1.148
gendstat:           Anatolia_N                 Mixe    -1.248
gendstat:           Anatolia_N         Ganj_Dareh_N    -0.464
gendstat:           Anatolia_N                 Onge     2.151
gendstat:           Anatolia_N           Villabruna    -1.430
gendstat:           Anatolia_N           DevilsGate    -0.168
gendstat:           Anatolia_N            Sherpa.LC    -1.848
gendstat:                  Ami                 Mixe    -0.165
gendstat:                  Ami         Ganj_Dareh_N     0.606
gendstat:                  Ami                 Onge     3.130
gendstat:                  Ami           Villabruna    -0.424
gendstat:                  Ami           DevilsGate     0.922
gendstat:                  Ami            Sherpa.LC    -0.803
gendstat:                 Mixe         Ganj_Dareh_N     0.723
gendstat:                 Mixe                 Onge     3.021
gendstat:                 Mixe           Villabruna    -0.315
gendstat:                 Mixe           DevilsGate     0.957
gendstat:                 Mixe            Sherpa.LC    -0.521
gendstat:         Ganj_Dareh_N                 Onge     2.201
gendstat:         Ganj_Dareh_N           Villabruna    -0.948
gendstat:         Ganj_Dareh_N           DevilsGate     0.150
gendstat:         Ganj_Dareh_N            Sherpa.LC    -1.178
gendstat:                 Onge           Villabruna    -2.614
gendstat:                 Onge           DevilsGate    -1.808
gendstat:                 Onge            Sherpa.LC    -3.652
gendstat:           Villabruna           DevilsGate     0.948
gendstat:           Villabruna            Sherpa.LC    -0.022
gendstat:           DevilsGate            Sherpa.LC    -1.525

## end of run
