/home/cliu7/utils/AdmixTools/bin/qpAdm: parameter file: temp/param/qpAdm_Tibetan_Chamdo.Rhirhi.Mala.parqnjtril9
### THE INPUT PARAMETERS
##PARAMETER NAME: VALUE
DIR: data/intermediate
S1: HO_all_merged.qpAdm
indivname: data/intermediate/HO_all_merged.qpAdm.grouped.ind
snpname: data/intermediate/HO_all_merged.qpAdm.snp
genotypename: data/intermediate/HO_all_merged.qpAdm.geno
popleft: temp/param/left.qnjtril9
popright: temp/param/right.qnjtril9
details: YES
## qpAdm version: 810
seed: -1302185750
packed geno read OK
end of inpack

left pops:
Tibetan_Chamdo
Rhirhi
Mala

right pops:
Mbuti
Anatolia_N
Ami
Mixe
Ganj_Dareh_N
Onge
Villabruna
DevilsGate
Sherpa.LC

  0       Tibetan_Chamdo   12
  1               Rhirhi    4
  2                 Mala   11
  3                Mbuti   10
  4           Anatolia_N   25
  5                  Ami   10
  6                 Mixe   10
  7         Ganj_Dareh_N    7
  8                 Onge   12
  9           Villabruna    1
 10           DevilsGate    4
 11            Sherpa.LC    9
jackknife block size:     0.050
snps: 498990  indivs: 115
number of blocks for block jackknife: 710
## ncols: 498990
coverage:       Tibetan_Chamdo 498036
coverage:               Rhirhi 489694
coverage:                 Mala 498990
coverage:                Mbuti 498990
coverage:           Anatolia_N 498137
coverage:                  Ami 498990
coverage:                 Mixe 498990
coverage:         Ganj_Dareh_N 457128
coverage:                 Onge 498990
coverage:           Villabruna 415230
coverage:           DevilsGate 498716
coverage:            Sherpa.LC 498990
dof (jackknife):   583.434
numsnps used: 414985
codimension 1
f4info: 
f4rank: 1 dof:      7 chisq:    26.241 tail:       0.000456175684 dofdiff:      9 chisqdiff:   -26.241 taildiff:                    1
B:
          scale     1.000 
     Anatolia_N    -0.280 
            Ami     1.366 
           Mixe     0.941 
   Ganj_Dareh_N    -0.424 
           Onge     0.306 
     Villabruna    -0.107 
     DevilsGate     1.524 
      Sherpa.LC     1.600 
A:
          scale   173.550 
         Rhirhi    -0.089 
           Mala    -1.411 


full rank
f4info: 
f4rank: 2 dof:      0 chisq:     0.000 tail:                    1 dofdiff:      7 chisqdiff:    26.241 taildiff:       0.000456175684
B:
          scale     1.000     1.000 
     Anatolia_N    -0.277     0.654 
            Ami     1.366     1.107 
           Mixe     0.945     1.175 
   Ganj_Dareh_N    -0.420     0.639 
           Onge     0.306     0.500 
     Villabruna    -0.114    -0.813 
     DevilsGate     1.524    -0.771 
      Sherpa.LC     1.599    -1.747 
A:
          scale   172.160  5467.356 
         Rhirhi    -0.124    -1.407 
           Mala    -1.409    -0.142 


best coefficients:     1.068    -0.068 
Jackknife mean:      1.067547019    -0.067547019 
      std. errors:     0.013     0.013 

error covariance (* 1000000)
       176       -176 
      -176        176 


summ: Tibetan_Chamdo    2      0.000456     1.068    -0.068   176  -176   176 

    fixed pat  wt  dof     chisq       tail prob
           00  0     7    26.241     0.000456176     1.068    -0.068  infeasible
           01  1     8    55.608     3.36269e-09     1.000    -0.000 
           10  1     8  6222.291               0     0.000     1.000 
best pat:           00      0.000456176              -  -
best pat:           01      3.36269e-09  chi(nested):    29.367 p-value for nested model:     5.98737e-08

coeffs:     1.068    -0.068 

## dscore:: f_4(Base, Fit, Rbase, right2)
## genstat:: f_4(Base, Fit, right1, right2)

details:          Rhirhi      Anatolia_N    -0.000032   -0.169296
details:            Mala      Anatolia_N     0.002218   11.277323
dscore:      Anatolia_N f4:    -0.000184 Z:    -0.931569

details:          Rhirhi             Ami    -0.001330   -5.907201
details:            Mala             Ami    -0.011238  -47.774928
dscore:             Ami f4:    -0.000660 Z:    -2.777320

details:          Rhirhi            Mixe    -0.001095   -4.448222
details:            Mala            Mixe    -0.007810  -31.128902
dscore:            Mixe f4:    -0.000641 Z:    -2.458502

details:          Rhirhi    Ganj_Dareh_N    -0.000008   -0.032787
details:            Mala    Ganj_Dareh_N     0.003379   14.791355
dscore:    Ganj_Dareh_N f4:    -0.000237 Z:    -0.931051

details:          Rhirhi            Onge    -0.000472   -2.012839
details:            Mala            Onge    -0.002561  -11.357097
dscore:            Onge f4:    -0.000331 Z:    -1.331566

details:          Rhirhi      Villabruna     0.000383    1.260903
details:            Mala      Villabruna     0.000956    3.065808
dscore:      Villabruna f4:     0.000344 Z:     1.073685

details:          Rhirhi      DevilsGate    -0.000904   -3.309616
details:            Mala      DevilsGate    -0.012479  -47.457315
dscore:      DevilsGate f4:    -0.000121 Z:    -0.417223

details:          Rhirhi       Sherpa.LC    -0.000828   -3.671876
details:            Mala       Sherpa.LC    -0.013085  -57.137450
dscore:       Sherpa.LC f4:     0.000001 Z:     0.004370

gendstat:                Mbuti           Anatolia_N    -0.932
gendstat:                Mbuti                  Ami    -2.777
gendstat:                Mbuti                 Mixe    -2.459
gendstat:                Mbuti         Ganj_Dareh_N    -0.931
gendstat:                Mbuti                 Onge    -1.332
gendstat:                Mbuti           Villabruna     1.074
gendstat:                Mbuti           DevilsGate    -0.417
gendstat:                Mbuti            Sherpa.LC     0.004
gendstat:           Anatolia_N                  Ami    -2.162
gendstat:           Anatolia_N                 Mixe    -1.928
gendstat:           Anatolia_N         Ganj_Dareh_N    -0.265
gendstat:           Anatolia_N                 Onge    -0.625
gendstat:           Anatolia_N           Villabruna     1.914
gendstat:           Anatolia_N           DevilsGate     0.228
gendstat:           Anatolia_N            Sherpa.LC     0.846
gendstat:                  Ami                 Mixe     0.089
gendstat:                  Ami         Ganj_Dareh_N     1.667
gendstat:                  Ami                 Onge     1.380
gendstat:                  Ami           Villabruna     2.989
gendstat:                  Ami           DevilsGate     2.253
gendstat:                  Ami            Sherpa.LC     3.838
gendstat:                 Mixe         Ganj_Dareh_N     1.460
gendstat:                 Mixe                 Onge     1.175
gendstat:                 Mixe           Villabruna     2.921
gendstat:                 Mixe           DevilsGate     2.015
gendstat:                 Mixe            Sherpa.LC     3.070
gendstat:         Ganj_Dareh_N                 Onge    -0.347
gendstat:         Ganj_Dareh_N           Villabruna     1.809
gendstat:         Ganj_Dareh_N           DevilsGate     0.370
gendstat:         Ganj_Dareh_N            Sherpa.LC     0.947
gendstat:                 Onge           Villabruna     1.998
gendstat:                 Onge           DevilsGate     0.701
gendstat:                 Onge            Sherpa.LC     1.401
gendstat:           Villabruna           DevilsGate    -1.250
gendstat:           Villabruna            Sherpa.LC    -1.060
gendstat:           DevilsGate            Sherpa.LC     0.507

## end of run
