/home/cliu7/utils/AdmixTools/bin/qpAdm: parameter file: temp/param/qpAdm_Tibetan_Shigatse.Lubrak.Mala.par7jr1x2s2
### THE INPUT PARAMETERS
##PARAMETER NAME: VALUE
DIR: data/intermediate
S1: HO_all_merged.qpAdm
indivname: data/intermediate/HO_all_merged.qpAdm.grouped.ind
snpname: data/intermediate/HO_all_merged.qpAdm.snp
genotypename: data/intermediate/HO_all_merged.qpAdm.geno
popleft: temp/param/left.7jr1x2s2
popright: temp/param/right.7jr1x2s2
details: YES
## qpAdm version: 810
seed: -12639944
packed geno read OK
end of inpack

left pops:
Tibetan_Shigatse
Lubrak
Mala

right pops:
Mbuti
Anatolia_N
Ami
Mixe
Ganj_Dareh_N
Onge
Villabruna
DevilsGate
Sherpa.LC

  0     Tibetan_Shigatse   10
  1               Lubrak    2
  2                 Mala   11
  3                Mbuti   10
  4           Anatolia_N   25
  5                  Ami   10
  6                 Mixe   10
  7         Ganj_Dareh_N    7
  8                 Onge   12
  9           Villabruna    1
 10           DevilsGate    4
 11            Sherpa.LC    9
jackknife block size:     0.050
snps: 498990  indivs: 111
number of blocks for block jackknife: 710
## ncols: 498990
coverage:     Tibetan_Shigatse 498036
coverage:               Lubrak 327444
coverage:                 Mala 498990
coverage:                Mbuti 498990
coverage:           Anatolia_N 498137
coverage:                  Ami 498990
coverage:                 Mixe 498990
coverage:         Ganj_Dareh_N 457128
coverage:                 Onge 498990
coverage:           Villabruna 415230
coverage:           DevilsGate 498716
coverage:            Sherpa.LC 498990
dof (jackknife):   583.101
numsnps used: 305456
codimension 1
f4info: 
f4rank: 1 dof:      7 chisq:    18.539 tail:         0.0097619157 dofdiff:      9 chisqdiff:   -18.539 taildiff:                    1
B:
          scale     1.000 
     Anatolia_N    -0.272 
            Ami     1.358 
           Mixe     0.947 
   Ganj_Dareh_N    -0.406 
           Onge     0.317 
     Villabruna    -0.123 
     DevilsGate     1.486 
      Sherpa.LC     1.642 
A:
          scale   178.768 
         Lubrak     0.035 
           Mala    -1.414 


full rank
f4info: 
f4rank: 2 dof:      0 chisq:     0.000 tail:                    1 dofdiff:      7 chisqdiff:    18.539 taildiff:         0.0097619157
B:
          scale     1.000     1.000 
     Anatolia_N    -0.272    -0.035 
            Ami     1.357    -1.062 
           Mixe     0.948    -1.446 
   Ganj_Dareh_N    -0.407     0.266 
           Onge     0.318    -0.557 
     Villabruna    -0.124     0.853 
     DevilsGate     1.485     1.053 
      Sherpa.LC     1.642     1.601 
A:
          scale   178.656  5306.221 
         Lubrak     0.016     1.413 
           Mala    -1.414     0.058 


best coefficients:     0.976     0.024 
Jackknife mean:      0.975415885     0.024584115 
      std. errors:     0.014     0.014 

error covariance (* 1000000)
       194       -194 
      -194        194 


summ: Tibetan_Shigatse    2      0.009762     0.975     0.025   194  -194   194 

    fixed pat  wt  dof     chisq       tail prob
           00  0     7    18.539      0.00976192     0.976     0.024 
           01  1     8    21.401      0.00615598     1.000    -0.000 
           10  1     8  5917.283               0     0.000     1.000 
best pat:           00       0.00976192              -  -
best pat:           01       0.00615598  chi(nested):     2.862 p-value for nested model:       0.0907004

coeffs:     0.976     0.024 

## dscore:: f_4(Base, Fit, Rbase, right2)
## genstat:: f_4(Base, Fit, right1, right2)

details:          Lubrak      Anatolia_N     0.000111    0.432693
details:            Mala      Anatolia_N     0.002124   10.301739
dscore:      Anatolia_N f4:     0.000160 Z:     0.637933

details:          Lubrak             Ami     0.000004    0.012348
details:            Mala             Ami    -0.010796  -45.947547
dscore:             Ami f4:    -0.000260 Z:    -0.919622

details:          Lubrak            Mixe    -0.000252   -0.809233
details:            Mala            Mixe    -0.007570  -29.857932
dscore:            Mixe f4:    -0.000430 Z:    -1.414630

details:          Lubrak    Ganj_Dareh_N     0.000166    0.521323
details:            Mala    Ganj_Dareh_N     0.003214   13.589329
dscore:    Ganj_Dareh_N f4:     0.000240 Z:     0.772224

details:          Lubrak            Onge    -0.000081   -0.269138
details:            Mala            Onge    -0.002571  -10.983291
dscore:            Onge f4:    -0.000142 Z:    -0.481162

details:          Lubrak      Villabruna     0.000575    1.452397
details:            Mala      Villabruna     0.001005    3.147887
dscore:      Villabruna f4:     0.000586 Z:     1.513606

details:          Lubrak      DevilsGate     0.000649    1.848925
details:            Mala      DevilsGate    -0.011788  -42.379344
dscore:      DevilsGate f4:     0.000346 Z:     1.007577

details:          Lubrak       Sherpa.LC     0.000633    2.177699
details:            Mala       Sherpa.LC    -0.013023  -54.856419
dscore:       Sherpa.LC f4:     0.000300 Z:     1.056354

gendstat:                Mbuti           Anatolia_N     0.638
gendstat:                Mbuti                  Ami    -0.920
gendstat:                Mbuti                 Mixe    -1.415
gendstat:                Mbuti         Ganj_Dareh_N     0.772
gendstat:                Mbuti                 Onge    -0.481
gendstat:                Mbuti           Villabruna     1.514
gendstat:                Mbuti           DevilsGate     1.008
gendstat:                Mbuti            Sherpa.LC     1.056
gendstat:           Anatolia_N                  Ami    -1.763
gendstat:           Anatolia_N                 Mixe    -2.167
gendstat:           Anatolia_N         Ganj_Dareh_N     0.310
gendstat:           Anatolia_N                 Onge    -1.138
gendstat:           Anatolia_N           Villabruna     1.259
gendstat:           Anatolia_N           DevilsGate     0.573
gendstat:           Anatolia_N            Sherpa.LC     0.577
gendstat:                  Ami                 Mixe    -0.684
gendstat:                  Ami         Ganj_Dareh_N     1.585
gendstat:                  Ami                 Onge     0.448
gendstat:                  Ami           Villabruna     2.212
gendstat:                  Ami           DevilsGate     2.058
gendstat:                  Ami            Sherpa.LC     2.826
gendstat:                 Mixe         Ganj_Dareh_N     1.911
gendstat:                 Mixe                 Onge     0.952
gendstat:                 Mixe           Villabruna     2.533
gendstat:                 Mixe           DevilsGate     2.447
gendstat:                 Mixe            Sherpa.LC     2.829
gendstat:         Ganj_Dareh_N                 Onge    -1.163
gendstat:         Ganj_Dareh_N           Villabruna     0.841
gendstat:         Ganj_Dareh_N           DevilsGate     0.271
gendstat:         Ganj_Dareh_N            Sherpa.LC     0.182
gendstat:                 Onge           Villabruna     1.842
gendstat:                 Onge           DevilsGate     1.380
gendstat:                 Onge            Sherpa.LC     1.584
gendstat:           Villabruna           DevilsGate    -0.544
gendstat:           Villabruna            Sherpa.LC    -0.738
gendstat:           DevilsGate            Sherpa.LC    -0.156

## end of run
