/home/cliu7/utils/AdmixTools/bin/qpWave: parameter file: temp/param/qpAdm_Tibetan_Xinlong.Chokhopani.Han.parqq7x74k3
### THE INPUT PARAMETERS
##PARAMETER NAME: VALUE
DIR: data/intermediate
S1: HO_all_merged.qpAdm
indivname: data/intermediate/HO_all_merged.qpAdm.grouped.ind
snpname: data/intermediate/HO_all_merged.qpAdm.snp
genotypename: data/intermediate/HO_all_merged.qpAdm.geno
popleft: temp/param/left.qq7x74k3
popright: temp/param/right.qq7x74k3
details: YES
## qpWave version: 410
packed geno read OK
end of inpack

left pops:
Tibetan_Xinlong
Chokhopani
Han

right pops:
Mbuti
Anatolia_N
Ami
Mixe
Ganj_Dareh_N
Onge
Villabruna
DevilsGate
Sherpa.LC

  0      Tibetan_Xinlong   10
  1           Chokhopani    2
  2                  Han   33
  3                Mbuti   10
  4           Anatolia_N   25
  5                  Ami   10
  6                 Mixe   10
  7         Ganj_Dareh_N    7
  8                 Onge   12
  9           Villabruna    1
 10           DevilsGate    4
 11            Sherpa.LC    9
jackknife block size:     0.050
snps: 498990  indivs: 133
number of blocks for block jackknife: 710
dof (jackknife):   583.371
numsnps used: 420916
f4info: 
f4rank: 0 dof:     16 chisq:  1175.043 tail:      3.37787702e-240 dofdiff:      0 chisqdiff:     0.000 taildiff:                    1

f4info: 
f4rank: 1 dof:      7 chisq:    17.488 tail:         0.0145055886 dofdiff:      9 chisqdiff:  1157.555 taildiff:      1.76195343e-243
B:
          scale     1.000 
     Anatolia_N     0.005 
            Ami     2.552 
           Mixe     0.638 
   Ganj_Dareh_N     0.196 
           Onge     0.226 
     Villabruna    -0.074 
     DevilsGate     0.812 
      Sherpa.LC    -0.570 
A:
          scale  1409.609 
     Chokhopani    -1.014 
            Han     0.985 

f4info: 
f4rank: 2 dof:      0 chisq:     0.000 tail:                    1 dofdiff:      7 chisqdiff:    17.488 taildiff:         0.0145055886
B:
          scale     1.000     1.000 
     Anatolia_N     0.107     0.455 
            Ami     2.420    -0.826 
           Mixe     1.006     1.487 
   Ganj_Dareh_N     0.167    -0.076 
           Onge     0.116    -0.429 
     Villabruna     0.276     1.411 
     DevilsGate     0.977     0.483 
      Sherpa.LC    -0.219     1.577 
A:
          scale  1248.926  4756.344 
     Chokhopani    -1.196    -0.755 
            Han     0.755    -1.196 

## end of run
