/home/cliu7/utils/AdmixTools/bin/qpWave: parameter file: temp/param/qpAdm_Tibetan_Shigatse.Rhirhi.Pulliyar.par8jxksdjd
### THE INPUT PARAMETERS
##PARAMETER NAME: VALUE
DIR: data/intermediate
S1: HO_all_merged.qpAdm
indivname: data/intermediate/HO_all_merged.qpAdm.grouped.ind
snpname: data/intermediate/HO_all_merged.qpAdm.snp
genotypename: data/intermediate/HO_all_merged.qpAdm.geno
popleft: temp/param/left.8jxksdjd
popright: temp/param/right.8jxksdjd
details: YES
## qpWave version: 410
packed geno read OK
end of inpack

left pops:
Tibetan_Shigatse
Rhirhi
Pulliyar

right pops:
Mbuti
Anatolia_N
Ami
Mixe
Ganj_Dareh_N
Onge
Villabruna
DevilsGate
Sherpa.LC

  0     Tibetan_Shigatse   10
  1               Rhirhi    4
  2             Pulliyar   35
  3                Mbuti   10
  4           Anatolia_N   25
  5                  Ami   10
  6                 Mixe   10
  7         Ganj_Dareh_N    7
  8                 Onge   12
  9           Villabruna    1
 10           DevilsGate    4
 11            Sherpa.LC    9
jackknife block size:     0.050
snps: 498990  indivs: 137
number of blocks for block jackknife: 710
dof (jackknife):   584.917
numsnps used: 387007
f4info: 
f4rank: 0 dof:     16 chisq:  5500.000 tail:                    0 dofdiff:      0 chisqdiff:     0.000 taildiff:                    1

f4info: 
f4rank: 1 dof:      7 chisq:    25.146 tail:       0.000714967593 dofdiff:      9 chisqdiff:  5474.855 taildiff:                    0
B:
          scale     1.000 
     Anatolia_N    -0.189 
            Ami     1.348 
           Mixe     1.007 
   Ganj_Dareh_N    -0.314 
           Onge     0.247 
     Villabruna    -0.080 
     DevilsGate     1.501 
      Sherpa.LC     1.647 
A:
          scale   178.838 
         Rhirhi    -0.076 
       Pulliyar    -1.412 

f4info: 
f4rank: 2 dof:      0 chisq:     0.000 tail:                    1 dofdiff:      7 chisqdiff:    25.146 taildiff:       0.000714967593
B:
          scale     1.000     1.000 
     Anatolia_N    -0.175     0.780 
            Ami     1.358     0.702 
           Mixe     1.015     1.218 
   Ganj_Dareh_N    -0.296     1.221 
           Onge     0.265     1.277 
     Villabruna    -0.085    -0.772 
     DevilsGate     1.488    -1.299 
      Sherpa.LC     1.649    -0.098 
A:
          scale   177.422  3806.420 
         Rhirhi    -0.112    -1.410 
       Pulliyar    -1.410     0.112 

## end of run
