/home/cliu7/utils/AdmixTools/bin/qpWave: parameter file: temp/param/qpAdm_Tibetan_Shannan.Mebrak.Han.par7omiyrns
### THE INPUT PARAMETERS
##PARAMETER NAME: VALUE
DIR: data/intermediate
S1: HO_all_merged.qpAdm
indivname: data/intermediate/HO_all_merged.qpAdm.grouped.ind
snpname: data/intermediate/HO_all_merged.qpAdm.snp
genotypename: data/intermediate/HO_all_merged.qpAdm.geno
popleft: temp/param/left.7omiyrns
popright: temp/param/right.7omiyrns
details: YES
## qpWave version: 410
packed geno read OK
end of inpack

left pops:
Tibetan_Shannan
Mebrak
Han

right pops:
Mbuti
Anatolia_N
Ami
Mixe
Ganj_Dareh_N
Onge
Villabruna
DevilsGate
Sherpa.LC

  0      Tibetan_Shannan    9
  1               Mebrak    8
  2                  Han   33
  3                Mbuti   10
  4           Anatolia_N   25
  5                  Ami   10
  6                 Mixe   10
  7         Ganj_Dareh_N    7
  8                 Onge   12
  9           Villabruna    1
 10           DevilsGate    4
 11            Sherpa.LC    9
jackknife block size:     0.050
snps: 498990  indivs: 138
number of blocks for block jackknife: 710
dof (jackknife):   583.345
numsnps used: 420328
f4info: 
f4rank: 0 dof:     16 chisq:  2136.625 tail:                    0 dofdiff:      0 chisqdiff:     0.000 taildiff:                    1

f4info: 
f4rank: 1 dof:      7 chisq:    16.305 tail:         0.0224700692 dofdiff:      9 chisqdiff:  2120.320 taildiff:                    0
B:
          scale     1.000 
     Anatolia_N    -0.067 
            Ami     2.456 
           Mixe     0.668 
   Ganj_Dareh_N    -0.026 
           Onge     0.433 
     Villabruna    -0.177 
     DevilsGate     0.881 
      Sherpa.LC    -0.723 
A:
          scale   951.430 
         Mebrak    -0.085 
            Han     1.412 

f4info: 
f4rank: 2 dof:      0 chisq:     0.000 tail:                    1 dofdiff:      7 chisqdiff:    16.305 taildiff:         0.0224700692
B:
          scale     1.000     1.000 
     Anatolia_N    -0.086     0.864 
            Ami     2.460     0.100 
           Mixe     0.632     1.459 
   Ganj_Dareh_N    -0.039     0.154 
           Onge     0.399     1.219 
     Villabruna    -0.151    -0.421 
     DevilsGate     0.877    -0.265 
      Sherpa.LC    -0.766     1.832 
A:
          scale   967.931  5486.439 
         Mebrak    -0.198    -1.400 
            Han     1.400    -0.198 

## end of run
