/home/cliu7/utils/AdmixTools/bin/qpWave: parameter file: temp/param/qpAdm_Tibetan_Yajiang.Rhirhi.Pulliyar.parshvc5mtx
### THE INPUT PARAMETERS
##PARAMETER NAME: VALUE
DIR: data/intermediate
S1: HO_all_merged.qpAdm
indivname: data/intermediate/HO_all_merged.qpAdm.grouped.ind
snpname: data/intermediate/HO_all_merged.qpAdm.snp
genotypename: data/intermediate/HO_all_merged.qpAdm.geno
popleft: temp/param/left.shvc5mtx
popright: temp/param/right.shvc5mtx
details: YES
## qpWave version: 410
packed geno read OK
end of inpack

left pops:
Tibetan_Yajiang
Rhirhi
Pulliyar

right pops:
Mbuti
Anatolia_N
Ami
Mixe
Ganj_Dareh_N
Onge
Villabruna
DevilsGate
Sherpa.LC

  0      Tibetan_Yajiang   10
  1               Rhirhi    4
  2             Pulliyar   35
  3                Mbuti   10
  4           Anatolia_N   25
  5                  Ami   10
  6                 Mixe   10
  7         Ganj_Dareh_N    7
  8                 Onge   12
  9           Villabruna    1
 10           DevilsGate    4
 11            Sherpa.LC    9
jackknife block size:     0.050
snps: 498990  indivs: 137
number of blocks for block jackknife: 710
dof (jackknife):   584.955
numsnps used: 386815
f4info: 
f4rank: 0 dof:     16 chisq:  5378.890 tail:                    0 dofdiff:      0 chisqdiff:     0.000 taildiff:                    1

f4info: 
f4rank: 1 dof:      7 chisq:    90.457 tail:       9.96760052e-17 dofdiff:      9 chisqdiff:  5288.433 taildiff:                    0
B:
          scale     1.000 
     Anatolia_N    -0.190 
            Ami     1.413 
           Mixe     1.005 
   Ganj_Dareh_N    -0.322 
           Onge     0.245 
     Villabruna    -0.073 
     DevilsGate     1.520 
      Sherpa.LC     1.574 
A:
          scale   177.656 
         Rhirhi    -0.081 
       Pulliyar    -1.412 

f4info: 
f4rank: 2 dof:      0 chisq:     0.000 tail:                    1 dofdiff:      7 chisqdiff:    90.457 taildiff:       9.96760052e-17
B:
          scale     1.000     1.000 
     Anatolia_N    -0.169     0.673 
            Ami     1.434     1.561 
           Mixe     1.019     0.965 
   Ganj_Dareh_N    -0.300     0.866 
           Onge     0.249     0.747 
     Villabruna    -0.091    -0.662 
     DevilsGate     1.521    -0.547 
      Sherpa.LC     1.550    -1.460 
A:
          scale   175.446  2883.718 
         Rhirhi    -0.126    -1.409 
       Pulliyar    -1.409     0.126 

## end of run
