/home/cliu7/utils/AdmixTools/bin/qpWave: parameter file: temp/param/qpAdm_Tibetan_Yajiang.Kyang.Mala.parzkrvs6eb
### THE INPUT PARAMETERS
##PARAMETER NAME: VALUE
DIR: data/intermediate
S1: HO_all_merged.qpAdm
indivname: data/intermediate/HO_all_merged.qpAdm.grouped.ind
snpname: data/intermediate/HO_all_merged.qpAdm.snp
genotypename: data/intermediate/HO_all_merged.qpAdm.geno
popleft: temp/param/left.zkrvs6eb
popright: temp/param/right.zkrvs6eb
details: YES
## qpWave version: 410
packed geno read OK
end of inpack

left pops:
Tibetan_Yajiang
Kyang
Mala

right pops:
Mbuti
Anatolia_N
Ami
Mixe
Ganj_Dareh_N
Onge
Villabruna
DevilsGate
Sherpa.LC

  0      Tibetan_Yajiang   10
  1                Kyang    7
  2                 Mala   11
  3                Mbuti   10
  4           Anatolia_N   25
  5                  Ami   10
  6                 Mixe   10
  7         Ganj_Dareh_N    7
  8                 Onge   12
  9           Villabruna    1
 10           DevilsGate    4
 11            Sherpa.LC    9
jackknife block size:     0.050
snps: 498990  indivs: 116
number of blocks for block jackknife: 710
dof (jackknife):   583.348
numsnps used: 417619
f4info: 
f4rank: 0 dof:     16 chisq:  6445.331 tail:                    0 dofdiff:      0 chisqdiff:     0.000 taildiff:                    1

f4info: 
f4rank: 1 dof:      7 chisq:   199.441 tail:       1.50749684e-39 dofdiff:      9 chisqdiff:  6245.890 taildiff:                    0
B:
          scale     1.000 
     Anatolia_N    -0.253 
            Ami     1.388 
           Mixe     0.967 
   Ganj_Dareh_N    -0.395 
           Onge     0.328 
     Villabruna    -0.100 
     DevilsGate     1.517 
      Sherpa.LC     1.581 
A:
          scale   175.690 
          Kyang    -0.008 
           Mala    -1.414 

f4info: 
f4rank: 2 dof:      0 chisq:     0.000 tail:                    1 dofdiff:      7 chisqdiff:   199.441 taildiff:       1.50749684e-39
B:
          scale     1.000     1.000 
     Anatolia_N    -0.257     0.222 
            Ami     1.434     1.625 
           Mixe     0.968     0.802 
   Ganj_Dareh_N    -0.397     0.647 
           Onge     0.316    -0.089 
     Villabruna    -0.130    -0.449 
     DevilsGate     1.514     0.172 
      Sherpa.LC     1.540    -2.002 
A:
          scale   173.771  2698.513 
          Kyang    -0.062    -1.413 
           Mala    -1.413     0.062 

## end of run
