/home/cliu7/utils/AdmixTools/bin/qpAdm: parameter file: temp/param/qpAdm_Tibetan_Yunnan.UpperMustang.LC.Pulliyar.par885kia7m
### THE INPUT PARAMETERS
##PARAMETER NAME: VALUE
DIR: data/intermediate
S1: HO_all_merged.qpAdm
indivname: data/intermediate/HO_all_merged.qpAdm.grouped.ind
snpname: data/intermediate/HO_all_merged.qpAdm.snp
genotypename: data/intermediate/HO_all_merged.qpAdm.geno
popleft: temp/param/left.885kia7m
popright: temp/param/right.885kia7m
details: YES
## qpAdm version: 810
seed: 987719193
packed geno read OK
end of inpack

left pops:
Tibetan_Yunnan
UpperMustang.LC
Pulliyar

right pops:
Mbuti
Anatolia_N
Ami
Mixe
Ganj_Dareh_N
Onge
Villabruna
DevilsGate
Sherpa.LC

  0       Tibetan_Yunnan    4
  1      UpperMustang.LC   11
  2             Pulliyar   35
  3                Mbuti   10
  4           Anatolia_N   25
  5                  Ami   10
  6                 Mixe   10
  7         Ganj_Dareh_N    7
  8                 Onge   12
  9           Villabruna    1
 10           DevilsGate    4
 11            Sherpa.LC    9
jackknife block size:     0.050
snps: 498990  indivs: 138
number of blocks for block jackknife: 710
## ncols: 498990
coverage:       Tibetan_Yunnan 498036
coverage:      UpperMustang.LC 498990
coverage:             Pulliyar 459213
coverage:                Mbuti 498990
coverage:           Anatolia_N 498137
coverage:                  Ami 498990
coverage:                 Mixe 498990
coverage:         Ganj_Dareh_N 457128
coverage:                 Onge 498990
coverage:           Villabruna 415230
coverage:           DevilsGate 498716
coverage:            Sherpa.LC 498990
dof (jackknife):   584.940
numsnps used: 389786
codimension 1
f4info: 
f4rank: 1 dof:      7 chisq:   121.797 tail:       3.23593559e-23 dofdiff:      9 chisqdiff:  -121.797 taildiff:                    1
B:
          scale     1.000 
     Anatolia_N    -0.199 
            Ami     1.388 
           Mixe     0.984 
   Ganj_Dareh_N    -0.330 
           Onge     0.240 
     Villabruna    -0.100 
     DevilsGate     1.498 
      Sherpa.LC     1.626 
A:
          scale   178.249 
UpperMustang.LC    -0.040 
       Pulliyar    -1.414 


full rank
f4info: 
f4rank: 2 dof:      0 chisq:     0.000 tail:                    1 dofdiff:      7 chisqdiff:   121.797 taildiff:       3.23593559e-23
B:
          scale     1.000     1.000 
     Anatolia_N    -0.195     0.173 
            Ami     1.403     1.589 
           Mixe     0.986     0.159 
   Ganj_Dareh_N    -0.326     0.872 
           Onge     0.244     0.550 
     Villabruna    -0.100    -0.538 
     DevilsGate     1.497     0.029 
      Sherpa.LC     1.614    -2.016 
A:
          scale   174.175  2734.745 
UpperMustang.LC    -0.092    -1.246 
       Pulliyar    -1.411    -0.669 


best coefficients:     1.029    -0.029 
Jackknife mean:      1.029687058    -0.029687058 
      std. errors:     0.011     0.011 

error covariance (* 1000000)
       127       -127 
      -127        127 


summ: Tibetan_Yunnan    2      0.000000     1.030    -0.030   127  -127   127 

    fixed pat  wt  dof     chisq       tail prob
           00  0     7   121.797     3.23594e-23     1.029    -0.029  infeasible
           01  1     8   128.031     7.23809e-24     1.000    -0.000 
           10  1     8  4037.337               0     0.000     1.000 
best pat:           00      3.23594e-23              -  -
best pat:           01      7.23809e-24  chi(nested):     6.234 p-value for nested model:       0.0125302

coeffs:     1.029    -0.029 

## dscore:: f_4(Base, Fit, Rbase, right2)
## genstat:: f_4(Base, Fit, right1, right2)

details: UpperMustang.LC      Anatolia_N    -0.000048   -0.276889
details:        Pulliyar      Anatolia_N     0.001461    6.019470
dscore:      Anatolia_N f4:    -0.000092 Z:    -0.529926

details: UpperMustang.LC             Ami    -0.001533   -7.665478
details:        Pulliyar             Ami    -0.011852  -40.590051
dscore:             Ami f4:    -0.001229 Z:    -6.098755

details: UpperMustang.LC            Mixe    -0.000659   -3.103852
details:        Pulliyar            Mixe    -0.008115  -27.145270
dscore:            Mixe f4:    -0.000440 Z:    -2.052144

details: UpperMustang.LC    Ganj_Dareh_N    -0.000323   -1.604057
details:        Pulliyar    Ganj_Dareh_N     0.002341    8.495687
dscore:    Ganj_Dareh_N f4:    -0.000401 Z:    -1.976551

details: UpperMustang.LC            Onge    -0.000463   -2.348524
details:        Pulliyar            Onge    -0.002212   -8.243616
dscore:            Onge f4:    -0.000411 Z:    -2.068964

details: UpperMustang.LC      Villabruna     0.000310    1.178144
details:        Pulliyar      Villabruna     0.000912    2.501437
dscore:      Villabruna f4:     0.000292 Z:     1.099447

details: UpperMustang.LC      DevilsGate    -0.000890   -3.913606
details:        Pulliyar      DevilsGate    -0.012250  -38.194820
dscore:      DevilsGate f4:    -0.000555 Z:    -2.417909

details: UpperMustang.LC       Sherpa.LC    -0.000012   -0.065873
details:        Pulliyar       Sherpa.LC    -0.012671  -46.037903
dscore:       Sherpa.LC f4:     0.000361 Z:     1.888688

gendstat:                Mbuti           Anatolia_N    -0.530
gendstat:                Mbuti                  Ami    -6.099
gendstat:                Mbuti                 Mixe    -2.052
gendstat:                Mbuti         Ganj_Dareh_N    -1.977
gendstat:                Mbuti                 Onge    -2.069
gendstat:                Mbuti           Villabruna     1.099
gendstat:                Mbuti           DevilsGate    -2.418
gendstat:                Mbuti            Sherpa.LC     1.889
gendstat:           Anatolia_N                  Ami    -6.021
gendstat:           Anatolia_N                 Mixe    -1.713
gendstat:           Anatolia_N         Ganj_Dareh_N    -1.913
gendstat:           Anatolia_N                 Onge    -1.710
gendstat:           Anatolia_N           Villabruna     1.654
gendstat:           Anatolia_N           DevilsGate    -2.097
gendstat:           Anatolia_N            Sherpa.LC     2.434
gendstat:                  Ami                 Mixe     4.096
gendstat:                  Ami         Ganj_Dareh_N     3.794
gendstat:                  Ami                 Onge     4.152
gendstat:                  Ami           Villabruna     5.377
gendstat:                  Ami           DevilsGate     3.529
gendstat:                  Ami            Sherpa.LC    10.505
gendstat:                 Mixe         Ganj_Dareh_N     0.164
gendstat:                 Mixe                 Onge     0.135
gendstat:                 Mixe           Villabruna     2.613
gendstat:                 Mixe           DevilsGate    -0.538
gendstat:                 Mixe            Sherpa.LC     4.245
gendstat:         Ganj_Dareh_N                 Onge    -0.048
gendstat:         Ganj_Dareh_N           Villabruna     2.535
gendstat:         Ganj_Dareh_N           DevilsGate    -0.627
gendstat:         Ganj_Dareh_N            Sherpa.LC     3.530
gendstat:                 Onge           Villabruna     2.544
gendstat:                 Onge           DevilsGate    -0.622
gendstat:                 Onge            Sherpa.LC     3.992
gendstat:           Villabruna           DevilsGate    -2.786
gendstat:           Villabruna            Sherpa.LC     0.248
gendstat:           DevilsGate            Sherpa.LC     4.630

## end of run
