/home/cliu7/utils/AdmixTools/bin/qpWave: parameter file: temp/param/qpAdm_Tibetan_Yunnan.UpperMustang.LC.Pathan.park9nwdgoz
### THE INPUT PARAMETERS
##PARAMETER NAME: VALUE
DIR: data/intermediate
S1: HO_all_merged.qpAdm
indivname: data/intermediate/HO_all_merged.qpAdm.grouped.ind
snpname: data/intermediate/HO_all_merged.qpAdm.snp
genotypename: data/intermediate/HO_all_merged.qpAdm.geno
popleft: temp/param/left.k9nwdgoz
popright: temp/param/right.k9nwdgoz
details: YES
## qpWave version: 410
packed geno read OK
end of inpack

left pops:
Tibetan_Yunnan
UpperMustang.LC
Pathan

right pops:
Mbuti
Anatolia_N
Ami
Mixe
Ganj_Dareh_N
Onge
Villabruna
DevilsGate
Sherpa.LC

  0       Tibetan_Yunnan    4
  1      UpperMustang.LC   11
  2               Pathan   18
  3                Mbuti   10
  4           Anatolia_N   25
  5                  Ami   10
  6                 Mixe   10
  7         Ganj_Dareh_N    7
  8                 Onge   12
  9           Villabruna    1
 10           DevilsGate    4
 11            Sherpa.LC    9
jackknife block size:     0.050
snps: 498990  indivs: 121
number of blocks for block jackknife: 710
dof (jackknife):   583.344
numsnps used: 416347
f4info: 
f4rank: 0 dof:     16 chisq:  8788.498 tail:                    0 dofdiff:      0 chisqdiff:     0.000 taildiff:                    1

f4info: 
f4rank: 1 dof:      7 chisq:   122.929 tail:       1.87908706e-23 dofdiff:      9 chisqdiff:  8665.569 taildiff:                    0
B:
          scale     1.000 
     Anatolia_N    -0.611 
            Ami     1.352 
           Mixe     0.776 
   Ganj_Dareh_N    -0.649 
           Onge     0.559 
     Villabruna    -0.450 
     DevilsGate     1.413 
      Sherpa.LC     1.504 
A:
          scale   139.902 
UpperMustang.LC    -0.036 
         Pathan    -1.414 

f4info: 
f4rank: 2 dof:      0 chisq:     0.000 tail:                    1 dofdiff:      7 chisqdiff:   122.929 taildiff:       1.87908706e-23
B:
          scale     1.000     1.000 
     Anatolia_N    -0.578     0.718 
            Ami     1.415     1.654 
           Mixe     0.803     0.457 
   Ganj_Dareh_N    -0.587     1.389 
           Onge     0.576     0.339 
     Villabruna    -0.450    -0.133 
     DevilsGate     1.423     0.351 
      Sherpa.LC     1.454    -1.535 
A:
          scale   137.712  2954.724 
UpperMustang.LC    -0.072    -1.412 
         Pathan    -1.412     0.072 

## end of run
