/home/cliu7/utils/AdmixTools/bin/qpAdm: parameter file: temp/param/qpAdm_Tibetan_Yunnan.Samdzong.Han.parod0d_nie
### THE INPUT PARAMETERS
##PARAMETER NAME: VALUE
DIR: data/intermediate
S1: HO_all_merged.qpAdm
indivname: data/intermediate/HO_all_merged.qpAdm.grouped.ind
snpname: data/intermediate/HO_all_merged.qpAdm.snp
genotypename: data/intermediate/HO_all_merged.qpAdm.geno
popleft: temp/param/left.od0d_nie
popright: temp/param/right.od0d_nie
details: YES
## qpAdm version: 810
seed: -1219184802
packed geno read OK
end of inpack

left pops:
Tibetan_Yunnan
Samdzong
Han

right pops:
Mbuti
Anatolia_N
Ami
Mixe
Ganj_Dareh_N
Onge
Villabruna
DevilsGate
Sherpa.LC

  0       Tibetan_Yunnan    4
  1             Samdzong    9
  2                  Han   33
  3                Mbuti   10
  4           Anatolia_N   25
  5                  Ami   10
  6                 Mixe   10
  7         Ganj_Dareh_N    7
  8                 Onge   12
  9           Villabruna    1
 10           DevilsGate    4
 11            Sherpa.LC    9
jackknife block size:     0.050
snps: 498990  indivs: 134
number of blocks for block jackknife: 710
## ncols: 498990
coverage:       Tibetan_Yunnan 498036
coverage:             Samdzong 498985
coverage:                  Han 498990
coverage:                Mbuti 498990
coverage:           Anatolia_N 498137
coverage:                  Ami 498990
coverage:                 Mixe 498990
coverage:         Ganj_Dareh_N 457128
coverage:                 Onge 498990
coverage:           Villabruna 415230
coverage:           DevilsGate 498716
coverage:            Sherpa.LC 498990
dof (jackknife):   583.340
numsnps used: 421009
codimension 1
f4info: 
f4rank: 1 dof:      7 chisq:    10.032 tail:          0.186789342 dofdiff:      9 chisqdiff:   -10.032 taildiff:                    1
B:
          scale     1.000 
     Anatolia_N    -0.107 
            Ami     2.432 
           Mixe     0.745 
   Ganj_Dareh_N     0.032 
           Onge     0.411 
     Villabruna    -0.085 
     DevilsGate     0.999 
      Sherpa.LC    -0.585 
A:
          scale  1176.745 
       Samdzong    -0.730 
            Han     1.212 


full rank
f4info: 
f4rank: 2 dof:      0 chisq:     0.000 tail:                    1 dofdiff:      7 chisqdiff:    10.032 taildiff:          0.186789342
B:
          scale     1.000     1.000 
     Anatolia_N    -0.119    -0.073 
            Ami     2.437    -1.846 
           Mixe     0.752     0.387 
   Ganj_Dareh_N     0.051     0.870 
           Onge     0.418     0.360 
     Villabruna    -0.087    -0.276 
     DevilsGate     0.994     0.069 
      Sherpa.LC    -0.554     1.863 
A:
          scale  1156.105  3949.433 
       Samdzong    -1.088    -1.100 
            Han     0.904    -0.888 


best coefficients:     0.624     0.376 
Jackknife mean:      0.623821615     0.376178385 
      std. errors:     0.026     0.026 

error covariance (* 1000000)
       696       -696 
      -696        696 


summ: Tibetan_Yunnan    2      0.186789     0.624     0.376   696  -696   696 

    fixed pat  wt  dof     chisq       tail prob
           00  0     7    10.032        0.186789     0.624     0.376 
           01  1     8   156.161     1.01456e-29     1.000     0.000 
           10  1     8   587.982               0     0.000     1.000 
best pat:           00         0.186789              -  -
best pat:           01      1.01456e-29  chi(nested):   146.130 p-value for nested model:     1.21617e-33

coeffs:     0.624     0.376 

## dscore:: f_4(Base, Fit, Rbase, right2)
## genstat:: f_4(Base, Fit, right1, right2)

details:        Samdzong      Anatolia_N     0.000117    0.615616
details:             Han      Anatolia_N    -0.000085   -0.559660
dscore:      Anatolia_N f4:     0.000041 Z:     0.250133

details:        Samdzong             Ami    -0.001792   -8.401577
details:             Han             Ami     0.002316   13.496220
dscore:             Ami f4:    -0.000248 Z:    -1.359091

details:        Samdzong            Mixe    -0.000829   -3.812967
details:             Han            Mixe     0.000495    2.720161
dscore:            Mixe f4:    -0.000332 Z:    -1.762987

details:        Samdzong    Ganj_Dareh_N    -0.000308   -1.408312
details:             Han    Ganj_Dareh_N    -0.000165   -0.940506
dscore:    Ganj_Dareh_N f4:    -0.000254 Z:    -1.358223

details:        Samdzong            Onge    -0.000508   -2.352452
details:             Han            Onge     0.000238    1.384723
dscore:            Onge f4:    -0.000228 Z:    -1.240243

details:        Samdzong      Villabruna     0.000149    0.511971
details:             Han      Villabruna    -0.000009   -0.039210
dscore:      Villabruna f4:     0.000090 Z:     0.363279

details:        Samdzong      DevilsGate    -0.000967   -3.929596
details:             Han      DevilsGate     0.000757    3.687153
dscore:      DevilsGate f4:    -0.000319 Z:    -1.505914

details:        Samdzong       Sherpa.LC    -0.000011   -0.051982
details:             Han       Sherpa.LC    -0.000856   -5.169993
dscore:       Sherpa.LC f4:    -0.000328 Z:    -1.897268

gendstat:                Mbuti           Anatolia_N     0.250
gendstat:                Mbuti                  Ami    -1.359
gendstat:                Mbuti                 Mixe    -1.763
gendstat:                Mbuti         Ganj_Dareh_N    -1.358
gendstat:                Mbuti                 Onge    -1.240
gendstat:                Mbuti           Villabruna     0.363
gendstat:                Mbuti           DevilsGate    -1.506
gendstat:                Mbuti            Sherpa.LC    -1.897
gendstat:           Anatolia_N                  Ami    -1.642
gendstat:           Anatolia_N                 Mixe    -2.003
gendstat:           Anatolia_N         Ganj_Dareh_N    -1.873
gendstat:           Anatolia_N                 Onge    -1.535
gendstat:           Anatolia_N           Villabruna     0.238
gendstat:           Anatolia_N           DevilsGate    -1.717
gendstat:           Anatolia_N            Sherpa.LC    -2.184
gendstat:                  Ami                 Mixe    -0.475
gendstat:                  Ami         Ganj_Dareh_N    -0.028
gendstat:                  Ami                 Onge     0.113
gendstat:                  Ami           Villabruna     1.275
gendstat:                  Ami           DevilsGate    -0.388
gendstat:                  Ami            Sherpa.LC    -0.592
gendstat:                 Mixe         Ganj_Dareh_N     0.361
gendstat:                 Mixe                 Onge     0.522
gendstat:                 Mixe           Villabruna     1.589
gendstat:                 Mixe           DevilsGate     0.061
gendstat:                 Mixe            Sherpa.LC     0.019
gendstat:         Ganj_Dareh_N                 Onge     0.134
gendstat:         Ganj_Dareh_N           Villabruna     1.328
gendstat:         Ganj_Dareh_N           DevilsGate    -0.272
gendstat:         Ganj_Dareh_N            Sherpa.LC    -0.365
gendstat:                 Onge           Villabruna     1.227
gendstat:                 Onge           DevilsGate    -0.414
gendstat:                 Onge            Sherpa.LC    -0.562
gendstat:           Villabruna           DevilsGate    -1.431
gendstat:           Villabruna            Sherpa.LC    -1.621
gendstat:           DevilsGate            Sherpa.LC    -0.049

## end of run
