/home/cliu7/utils/AdmixTools/bin/qpWave: parameter file: temp/param/qpAdm_Tsum.LC.Kyang.Mala.parvovdp4t2
### THE INPUT PARAMETERS
##PARAMETER NAME: VALUE
DIR: data/intermediate
S1: HO_all_merged.qpAdm
indivname: data/intermediate/HO_all_merged.qpAdm.grouped.ind
snpname: data/intermediate/HO_all_merged.qpAdm.snp
genotypename: data/intermediate/HO_all_merged.qpAdm.geno
popleft: temp/param/left.vovdp4t2
popright: temp/param/right.vovdp4t2
details: YES
## qpWave version: 410
packed geno read OK
end of inpack

left pops:
Tsum.LC
Kyang
Mala

right pops:
Mbuti
Anatolia_N
Ami
Mixe
Ganj_Dareh_N
Onge
Villabruna
DevilsGate
Sherpa.LC

  0              Tsum.LC   10
  1                Kyang    7
  2                 Mala   11
  3                Mbuti   10
  4           Anatolia_N   25
  5                  Ami   10
  6                 Mixe   10
  7         Ganj_Dareh_N    7
  8                 Onge   12
  9           Villabruna    1
 10           DevilsGate    4
 11            Sherpa.LC    9
jackknife block size:     0.050
snps: 498990  indivs: 116
number of blocks for block jackknife: 710
dof (jackknife):   583.257
numsnps used: 419706
f4info: 
f4rank: 0 dof:     16 chisq:  5659.342 tail:                    0 dofdiff:      0 chisqdiff:     0.000 taildiff:                    1

f4info: 
f4rank: 1 dof:      7 chisq:    20.664 tail:        0.00430033291 dofdiff:      9 chisqdiff:  5638.677 taildiff:                    0
B:
          scale     1.000 
     Anatolia_N    -0.274 
            Ami     1.344 
           Mixe     0.921 
   Ganj_Dareh_N    -0.426 
           Onge     0.320 
     Villabruna    -0.113 
     DevilsGate     1.489 
      Sherpa.LC     1.660 
A:
          scale   184.601 
          Kyang     0.024 
           Mala    -1.414 

f4info: 
f4rank: 2 dof:      0 chisq:     0.000 tail:                    1 dofdiff:      7 chisqdiff:    20.664 taildiff:        0.00430033291
B:
          scale     1.000     1.000 
     Anatolia_N    -0.275    -0.127 
            Ami     1.363     1.935 
           Mixe     0.925     0.627 
   Ganj_Dareh_N    -0.417     1.013 
           Onge     0.323     0.066 
     Villabruna    -0.122    -0.997 
     DevilsGate     1.475    -1.015 
      Sherpa.LC     1.656    -0.891 
A:
          scale   183.946  7596.316 
          Kyang     0.013    -1.414 
           Mala    -1.414    -0.013 

## end of run
