/home/cliu7/utils/AdmixTools/bin/qpWave: parameter file: temp/param/qpAdm_Tsum.LC.UpperMustang.LC.Mala.parwt2hdrp1
### THE INPUT PARAMETERS
##PARAMETER NAME: VALUE
DIR: data/intermediate
S1: HO_all_merged.qpAdm
indivname: data/intermediate/HO_all_merged.qpAdm.grouped.ind
snpname: data/intermediate/HO_all_merged.qpAdm.snp
genotypename: data/intermediate/HO_all_merged.qpAdm.geno
popleft: temp/param/left.wt2hdrp1
popright: temp/param/right.wt2hdrp1
details: YES
## qpWave version: 410
packed geno read OK
end of inpack

left pops:
Tsum.LC
UpperMustang.LC
Mala

right pops:
Mbuti
Anatolia_N
Ami
Mixe
Ganj_Dareh_N
Onge
Villabruna
DevilsGate
Sherpa.LC

  0              Tsum.LC   10
  1      UpperMustang.LC   11
  2                 Mala   11
  3                Mbuti   10
  4           Anatolia_N   25
  5                  Ami   10
  6                 Mixe   10
  7         Ganj_Dareh_N    7
  8                 Onge   12
  9           Villabruna    1
 10           DevilsGate    4
 11            Sherpa.LC    9
jackknife block size:     0.050
snps: 498990  indivs: 120
number of blocks for block jackknife: 710
dof (jackknife):   583.407
numsnps used: 419541
f4info: 
f4rank: 0 dof:     16 chisq:  6116.353 tail:                    0 dofdiff:      0 chisqdiff:     0.000 taildiff:                    1

f4info: 
f4rank: 1 dof:      7 chisq:     3.327 tail:          0.853225466 dofdiff:      9 chisqdiff:  6113.026 taildiff:                    0
B:
          scale     1.000 
     Anatolia_N    -0.279 
            Ami     1.361 
           Mixe     0.928 
   Ganj_Dareh_N    -0.433 
           Onge     0.312 
     Villabruna    -0.119 
     DevilsGate     1.478 
      Sherpa.LC     1.650 
A:
          scale   184.549 
UpperMustang.LC     0.015 
           Mala    -1.414 

f4info: 
f4rank: 2 dof:      0 chisq:     0.000 tail:                    1 dofdiff:      7 chisqdiff:     3.327 taildiff:          0.853225466
B:
          scale     1.000     1.000 
     Anatolia_N    -0.275     0.701 
            Ami     1.363     0.379 
           Mixe     0.925    -0.583 
   Ganj_Dareh_N    -0.417     2.029 
           Onge     0.323     1.353 
     Villabruna    -0.122    -0.223 
     DevilsGate     1.475    -0.550 
      Sherpa.LC     1.656     0.851 
A:
          scale   183.878 15157.548 
UpperMustang.LC     0.010    -1.414 
           Mala    -1.414    -0.010 

## end of run
