/home/cliu7/utils/AdmixTools/bin/qpWave: parameter file: temp/param/qpAdm_Tsum.LC.Kyang.Pathan.pardtludpgl
### THE INPUT PARAMETERS
##PARAMETER NAME: VALUE
DIR: data/intermediate
S1: HO_all_merged.qpAdm
indivname: data/intermediate/HO_all_merged.qpAdm.grouped.ind
snpname: data/intermediate/HO_all_merged.qpAdm.snp
genotypename: data/intermediate/HO_all_merged.qpAdm.geno
popleft: temp/param/left.dtludpgl
popright: temp/param/right.dtludpgl
details: YES
## qpWave version: 410
packed geno read OK
end of inpack

left pops:
Tsum.LC
Kyang
Pathan

right pops:
Mbuti
Anatolia_N
Ami
Mixe
Ganj_Dareh_N
Onge
Villabruna
DevilsGate
Sherpa.LC

  0              Tsum.LC   10
  1                Kyang    7
  2               Pathan   18
  3                Mbuti   10
  4           Anatolia_N   25
  5                  Ami   10
  6                 Mixe   10
  7         Ganj_Dareh_N    7
  8                 Onge   12
  9           Villabruna    1
 10           DevilsGate    4
 11            Sherpa.LC    9
jackknife block size:     0.050
snps: 498990  indivs: 123
number of blocks for block jackknife: 710
dof (jackknife):   583.297
numsnps used: 416881
f4info: 
f4rank: 0 dof:     16 chisq:  8152.140 tail:                    0 dofdiff:      0 chisqdiff:     0.000 taildiff:                    1

f4info: 
f4rank: 1 dof:      7 chisq:    21.615 tail:         0.0029585421 dofdiff:      9 chisqdiff:  8130.525 taildiff:                    0
B:
          scale     1.000 
     Anatolia_N    -0.608 
            Ami     1.317 
           Mixe     0.770 
   Ganj_Dareh_N    -0.650 
           Onge     0.573 
     Villabruna    -0.439 
     DevilsGate     1.407 
      Sherpa.LC     1.543 
A:
          scale   146.198 
          Kyang     0.014 
         Pathan    -1.414 

f4info: 
f4rank: 2 dof:      0 chisq:     0.000 tail:                    1 dofdiff:      7 chisqdiff:    21.615 taildiff:         0.0029585421
B:
          scale     1.000     1.000 
     Anatolia_N    -0.609    -0.233 
            Ami     1.332     1.859 
           Mixe     0.772     0.538 
   Ganj_Dareh_N    -0.639     0.938 
           Onge     0.573     0.141 
     Villabruna    -0.446    -1.094 
     DevilsGate     1.398    -1.076 
      Sherpa.LC     1.539    -0.973 
A:
          scale   145.938  7458.417 
          Kyang     0.010    -1.414 
         Pathan    -1.414    -0.010 

## end of run
