/home/cliu7/utils/AdmixTools/bin/qpAdm: parameter file: temp/param/qpAdm_Tsum.LC.Rhirhi.Southeast_China.par3rn1b7j_
### THE INPUT PARAMETERS
##PARAMETER NAME: VALUE
DIR: data/intermediate
S1: HO_all_merged.qpAdm
indivname: data/intermediate/HO_all_merged.qpAdm.grouped.ind
snpname: data/intermediate/HO_all_merged.qpAdm.snp
genotypename: data/intermediate/HO_all_merged.qpAdm.geno
popleft: temp/param/left.3rn1b7j_
popright: temp/param/right.3rn1b7j_
details: YES
## qpAdm version: 810
seed: -1593637249
packed geno read OK
end of inpack

left pops:
Tsum.LC
Rhirhi
Southeast_China

right pops:
Mbuti
Anatolia_N
Ami
Mixe
Ganj_Dareh_N
Onge
Villabruna
DevilsGate
Sherpa.LC

  0              Tsum.LC   10
  1               Rhirhi    4
  2      Southeast_China   97
  3                Mbuti   10
  4           Anatolia_N   25
  5                  Ami   10
  6                 Mixe   10
  7         Ganj_Dareh_N    7
  8                 Onge   12
  9           Villabruna    1
 10           DevilsGate    4
 11            Sherpa.LC    9
jackknife block size:     0.050
snps: 498990  indivs: 199
number of blocks for block jackknife: 710
## ncols: 498990
coverage:              Tsum.LC 498990
coverage:               Rhirhi 489694
coverage:      Southeast_China 498990
coverage:                Mbuti 498990
coverage:           Anatolia_N 498137
coverage:                  Ami 498990
coverage:                 Mixe 498990
coverage:         Ganj_Dareh_N 457128
coverage:                 Onge 498990
coverage:           Villabruna 415230
coverage:           DevilsGate 498716
coverage:            Sherpa.LC 498990
dof (jackknife):   583.544
numsnps used: 416118
codimension 1
f4info: 
f4rank: 1 dof:      7 chisq:    19.477 tail:        0.00681692093 dofdiff:      9 chisqdiff:   -19.477 taildiff:                    1
B:
          scale     1.000 
     Anatolia_N    -0.100 
            Ami     2.558 
           Mixe     0.473 
   Ganj_Dareh_N    -0.030 
           Onge     0.486 
     Villabruna    -0.306 
     DevilsGate     0.446 
      Sherpa.LC    -0.833 
A:
          scale   820.415 
         Rhirhi    -0.064 
Southeast_China     1.413 


full rank
f4info: 
f4rank: 2 dof:      0 chisq:     0.000 tail:                    1 dofdiff:      7 chisqdiff:    19.477 taildiff:        0.00681692093
B:
          scale     1.000     1.000 
     Anatolia_N    -0.100     0.369 
            Ami     2.561    -0.978 
           Mixe     0.460     0.602 
   Ganj_Dareh_N    -0.014     0.332 
           Onge     0.470     0.506 
     Villabruna    -0.301    -0.655 
     DevilsGate     0.448    -0.900 
      Sherpa.LC    -0.841     2.223 
A:
          scale   837.602  3394.051 
         Rhirhi    -0.339    -1.361 
Southeast_China     1.373    -0.383 


best coefficients:     0.957     0.043 
Jackknife mean:      0.956130067     0.043869933 
      std. errors:     0.027     0.027 

error covariance (* 1000000)
       732       -732 
      -732        732 


summ: Tsum.LC    2      0.006817     0.956     0.044   732  -732   732 

    fixed pat  wt  dof     chisq       tail prob
           00  0     7    19.477      0.00681692     0.957     0.043 
           01  1     8    21.826      0.00524786     1.000     0.000 
           10  1     8  1854.874               0     0.000     1.000 
best pat:           00       0.00681692              -  -
best pat:           01       0.00524786  chi(nested):     2.349 p-value for nested model:        0.125347

coeffs:     0.957     0.043 

## dscore:: f_4(Base, Fit, Rbase, right2)
## genstat:: f_4(Base, Fit, right1, right2)

details:          Rhirhi      Anatolia_N    -0.000124   -0.642937
details: Southeast_China      Anatolia_N    -0.000209   -1.473212
dscore:      Anatolia_N f4:    -0.000128 Z:    -0.682739

details:          Rhirhi             Ami    -0.000659   -2.762545
details: Southeast_China             Ami     0.004309   26.748601
dscore:             Ami f4:    -0.000444 Z:    -1.921496

details:          Rhirhi            Mixe    -0.000448   -1.727179
details: Southeast_China            Mixe     0.000683    4.101560
dscore:            Mixe f4:    -0.000399 Z:    -1.588373

details:          Rhirhi    Ganj_Dareh_N    -0.000152   -0.597198
details: Southeast_China    Ganj_Dareh_N    -0.000064   -0.391317
dscore:    Ganj_Dareh_N f4:    -0.000148 Z:    -0.601590

details:          Rhirhi            Onge    -0.000415   -1.685279
details: Southeast_China            Onge     0.000709    4.449457
dscore:            Onge f4:    -0.000367 Z:    -1.536675

details:          Rhirhi      Villabruna     0.000369    1.135930
details: Southeast_China      Villabruna    -0.000424   -1.953066
dscore:      Villabruna f4:     0.000335 Z:     1.062823

details:          Rhirhi      DevilsGate     0.000157    0.531329
details: Southeast_China      DevilsGate     0.000832    4.308722
dscore:      DevilsGate f4:     0.000186 Z:     0.650408

details:          Rhirhi       Sherpa.LC    -0.000570   -2.282174
details: Southeast_China       Sherpa.LC    -0.001631  -10.067066
dscore:       Sherpa.LC f4:    -0.000616 Z:    -2.542893

gendstat:                Mbuti           Anatolia_N    -0.683
gendstat:                Mbuti                  Ami    -1.921
gendstat:                Mbuti                 Mixe    -1.588
gendstat:                Mbuti         Ganj_Dareh_N    -0.602
gendstat:                Mbuti                 Onge    -1.537
gendstat:                Mbuti           Villabruna     1.063
gendstat:                Mbuti           DevilsGate     0.650
gendstat:                Mbuti            Sherpa.LC    -2.543
gendstat:           Anatolia_N                  Ami    -1.460
gendstat:           Anatolia_N                 Mixe    -1.171
gendstat:           Anatolia_N         Ganj_Dareh_N    -0.104
gendstat:           Anatolia_N                 Onge    -1.054
gendstat:           Anatolia_N           Villabruna     1.653
gendstat:           Anatolia_N           DevilsGate     1.138
gendstat:           Anatolia_N            Sherpa.LC    -2.237
gendstat:                  Ami                 Mixe     0.225
gendstat:                  Ami         Ganj_Dareh_N     1.200
gendstat:                  Ami                 Onge     0.326
gendstat:                  Ami           Villabruna     2.382
gendstat:                  Ami           DevilsGate     2.642
gendstat:                  Ami            Sherpa.LC    -0.991
gendstat:                 Mixe         Ganj_Dareh_N     0.970
gendstat:                 Mixe                 Onge     0.125
gendstat:                 Mixe           Villabruna     2.190
gendstat:                 Mixe           DevilsGate     2.339
gendstat:                 Mixe            Sherpa.LC    -1.061
gendstat:         Ganj_Dareh_N                 Onge    -0.827
gendstat:         Ganj_Dareh_N           Villabruna     1.519
gendstat:         Ganj_Dareh_N           DevilsGate     1.144
gendstat:         Ganj_Dareh_N            Sherpa.LC    -1.915
gendstat:                 Onge           Villabruna     2.080
gendstat:                 Onge           DevilsGate     1.856
gendstat:                 Onge            Sherpa.LC    -1.063
gendstat:           Villabruna           DevilsGate    -0.399
gendstat:           Villabruna            Sherpa.LC    -2.946
gendstat:           DevilsGate            Sherpa.LC    -3.308

## end of run
