/home/cliu7/utils/AdmixTools/bin/qpAdm: parameter file: temp/param/qpAdm_UpperMustang.LC.Mebrak.Pulliyar.parlxwju3vc
### THE INPUT PARAMETERS
##PARAMETER NAME: VALUE
DIR: data/intermediate
S1: HO_all_merged.qpAdm
indivname: data/intermediate/HO_all_merged.qpAdm.grouped.ind
snpname: data/intermediate/HO_all_merged.qpAdm.snp
genotypename: data/intermediate/HO_all_merged.qpAdm.geno
popleft: temp/param/left.lxwju3vc
popright: temp/param/right.lxwju3vc
details: YES
## qpAdm version: 810
seed: 478937132
packed geno read OK
end of inpack

left pops:
UpperMustang.LC
Mebrak
Pulliyar

right pops:
Mbuti
Anatolia_N
Ami
Mixe
Ganj_Dareh_N
Onge
Villabruna
DevilsGate
Sherpa.LC

  0      UpperMustang.LC   11
  1               Mebrak    8
  2             Pulliyar   35
  3                Mbuti   10
  4           Anatolia_N   25
  5                  Ami   10
  6                 Mixe   10
  7         Ganj_Dareh_N    7
  8                 Onge   12
  9           Villabruna    1
 10           DevilsGate    4
 11            Sherpa.LC    9
jackknife block size:     0.050
snps: 498990  indivs: 142
number of blocks for block jackknife: 710
## ncols: 498990
coverage:      UpperMustang.LC 498990
coverage:               Mebrak 498978
coverage:             Pulliyar 459213
coverage:                Mbuti 498990
coverage:           Anatolia_N 498137
coverage:                  Ami 498990
coverage:                 Mixe 498990
coverage:         Ganj_Dareh_N 457128
coverage:                 Onge 498990
coverage:           Villabruna 415230
coverage:           DevilsGate 498716
coverage:            Sherpa.LC 498990
dof (jackknife):   584.905
numsnps used: 390005
codimension 1
f4info: 
f4rank: 1 dof:      7 chisq:    19.970 tail:        0.00563523693 dofdiff:      9 chisqdiff:   -19.970 taildiff:                    1
B:
          scale     1.000 
     Anatolia_N    -0.213 
            Ami     1.348 
           Mixe     0.978 
   Ganj_Dareh_N    -0.354 
           Onge     0.214 
     Villabruna    -0.074 
     DevilsGate     1.496 
      Sherpa.LC     1.663 
A:
          scale   187.688 
         Mebrak     0.006 
       Pulliyar    -1.414 


full rank
f4info: 
f4rank: 2 dof:      0 chisq:     0.000 tail:                    1 dofdiff:      7 chisqdiff:    19.970 taildiff:        0.00563523693
B:
          scale     1.000     1.000 
     Anatolia_N    -0.209     0.798 
            Ami     1.349     1.093 
           Mixe     0.976     0.944 
   Ganj_Dareh_N    -0.353    -0.831 
           Onge     0.218     1.046 
     Villabruna    -0.081    -0.140 
     DevilsGate     1.497    -1.661 
      Sherpa.LC     1.663    -0.846 
A:
          scale   186.546  7522.055 
         Mebrak    -0.013    -1.395 
       Pulliyar    -1.414    -0.234 


best coefficients:     0.996     0.004 
Jackknife mean:      0.995671486     0.004328514 
      std. errors:     0.011     0.011 

error covariance (* 1000000)
       113       -113 
      -113        113 


summ: UpperMustang.LC    2      0.005635     0.996     0.004   113  -113   113 

    fixed pat  wt  dof     chisq       tail prob
           00  0     7    19.970      0.00563524     0.996     0.004 
           01  1     8    20.000       0.0103344     1.000    -0.000 
           10  1     8  5054.748               0     0.000     1.000 
best pat:           00       0.00563524              -  -
best pat:           01        0.0103344  chi(nested):     0.031 p-value for nested model:        0.861108

coeffs:     0.996     0.004 

## dscore:: f_4(Base, Fit, Rbase, right2)
## genstat:: f_4(Base, Fit, right1, right2)

details:          Mebrak      Anatolia_N    -0.000134   -0.836975
details:        Pulliyar      Anatolia_N     0.001506    7.133255
dscore:      Anatolia_N f4:    -0.000127 Z:    -0.795544

details:          Mebrak             Ami    -0.000300   -1.555173
details:        Pulliyar             Ami    -0.010318  -40.771604
dscore:             Ami f4:    -0.000343 Z:    -1.783638

details:          Mebrak            Mixe    -0.000265   -1.341368
details:        Pulliyar            Mixe    -0.007458  -28.597190
dscore:            Mixe f4:    -0.000296 Z:    -1.502881

details:          Mebrak    Ganj_Dareh_N     0.000166    0.869014
details:        Pulliyar    Ganj_Dareh_N     0.002660   11.038045
dscore:    Ganj_Dareh_N f4:     0.000177 Z:     0.927697

details:          Mebrak            Onge    -0.000269   -1.445175
details:        Pulliyar            Onge    -0.001749   -7.497634
dscore:            Onge f4:    -0.000275 Z:    -1.483756

details:          Mebrak      Villabruna    -0.000027   -0.105246
details:        Pulliyar      Villabruna     0.000599    1.818912
dscore:      Villabruna f4:    -0.000024 Z:    -0.094834

details:          Mebrak      DevilsGate     0.000249    1.112515
details:        Pulliyar      DevilsGate    -0.011359  -39.342116
dscore:      DevilsGate f4:     0.000199 Z:     0.892012

details:          Mebrak       Sherpa.LC    -0.000010   -0.050511
details:        Pulliyar       Sherpa.LC    -0.012658  -51.302742
dscore:       Sherpa.LC f4:    -0.000064 Z:    -0.339156

gendstat:                Mbuti           Anatolia_N    -0.796
gendstat:                Mbuti                  Ami    -1.784
gendstat:                Mbuti                 Mixe    -1.503
gendstat:                Mbuti         Ganj_Dareh_N     0.928
gendstat:                Mbuti                 Onge    -1.484
gendstat:                Mbuti           Villabruna    -0.095
gendstat:                Mbuti           DevilsGate     0.892
gendstat:                Mbuti            Sherpa.LC    -0.339
gendstat:           Anatolia_N                  Ami    -1.235
gendstat:           Anatolia_N                 Mixe    -0.886
gendstat:           Anatolia_N         Ganj_Dareh_N     1.910
gendstat:           Anatolia_N                 Onge    -0.862
gendstat:           Anatolia_N           Villabruna     0.488
gendstat:           Anatolia_N           DevilsGate     1.549
gendstat:           Anatolia_N            Sherpa.LC     0.363
gendstat:                  Ami                 Mixe     0.273
gendstat:                  Ami         Ganj_Dareh_N     2.527
gendstat:                  Ami                 Onge     0.383
gendstat:                  Ami           Villabruna     1.236
gendstat:                  Ami           DevilsGate     2.979
gendstat:                  Ami            Sherpa.LC     1.980
gendstat:                 Mixe         Ganj_Dareh_N     2.195
gendstat:                 Mixe                 Onge     0.103
gendstat:                 Mixe           Villabruna     1.047
gendstat:                 Mixe           DevilsGate     2.576
gendstat:                 Mixe            Sherpa.LC     1.335
gendstat:         Ganj_Dareh_N                 Onge    -2.208
gendstat:         Ganj_Dareh_N           Villabruna    -0.783
gendstat:         Ganj_Dareh_N           DevilsGate     0.093
gendstat:         Ganj_Dareh_N            Sherpa.LC    -1.161
gendstat:                 Onge           Villabruna     0.965
gendstat:                 Onge           DevilsGate     2.248
gendstat:                 Onge            Sherpa.LC     1.183
gendstat:           Villabruna           DevilsGate     0.771
gendstat:           Villabruna            Sherpa.LC    -0.155
gendstat:           DevilsGate            Sherpa.LC    -1.384

## end of run
