/home/cliu7/utils/AdmixTools/bin/qpWave: parameter file: temp/param/qpAdm_UpperMustang.LC.Mebrak.Han.pary39aaqym
### THE INPUT PARAMETERS
##PARAMETER NAME: VALUE
DIR: data/intermediate
S1: HO_all_merged.qpAdm
indivname: data/intermediate/HO_all_merged.qpAdm.grouped.ind
snpname: data/intermediate/HO_all_merged.qpAdm.snp
genotypename: data/intermediate/HO_all_merged.qpAdm.geno
popleft: temp/param/left.y39aaqym
popright: temp/param/right.y39aaqym
details: YES
## qpWave version: 410
packed geno read OK
end of inpack

left pops:
UpperMustang.LC
Mebrak
Han

right pops:
Mbuti
Anatolia_N
Ami
Mixe
Ganj_Dareh_N
Onge
Villabruna
DevilsGate
Sherpa.LC

  0      UpperMustang.LC   11
  1               Mebrak    8
  2                  Han   33
  3                Mbuti   10
  4           Anatolia_N   25
  5                  Ami   10
  6                 Mixe   10
  7         Ganj_Dareh_N    7
  8                 Onge   12
  9           Villabruna    1
 10           DevilsGate    4
 11            Sherpa.LC    9
jackknife block size:     0.050
snps: 498990  indivs: 140
number of blocks for block jackknife: 710
dof (jackknife):   583.391
numsnps used: 421267
f4info: 
f4rank: 0 dof:     16 chisq:  2122.256 tail:                    0 dofdiff:      0 chisqdiff:     0.000 taildiff:                    1

f4info: 
f4rank: 1 dof:      7 chisq:    15.855 tail:         0.0264705149 dofdiff:      9 chisqdiff:  2106.401 taildiff:                    0
B:
          scale     1.000 
     Anatolia_N    -0.031 
            Ami     2.435 
           Mixe     0.734 
   Ganj_Dareh_N     0.048 
           Onge     0.479 
     Villabruna    -0.210 
     DevilsGate     0.986 
      Sherpa.LC    -0.533 
A:
          scale   904.877 
         Mebrak    -0.095 
            Han     1.411 

f4info: 
f4rank: 2 dof:      0 chisq:     0.000 tail:                    1 dofdiff:      7 chisqdiff:    15.855 taildiff:         0.0264705149
B:
          scale     1.000     1.000 
     Anatolia_N    -0.023    -0.535 
            Ami     2.425    -0.373 
           Mixe     0.717    -1.045 
   Ganj_Dareh_N     0.113     1.268 
           Onge     0.447    -1.103 
     Villabruna    -0.186     0.149 
     DevilsGate     1.040     1.906 
      Sherpa.LC    -0.525    -0.069 
A:
          scale   893.559  7893.382 
         Mebrak    -0.070     1.412 
            Han     1.412     0.070 

## end of run
