/home/cliu7/utils/AdmixTools/bin/qpAdm: parameter file: temp/param/qpAdm_UpperMustang.LC.Lubrak.Pulliyar.par20z_qhxx
### THE INPUT PARAMETERS
##PARAMETER NAME: VALUE
DIR: data/intermediate
S1: HO_all_merged.qpAdm
indivname: data/intermediate/HO_all_merged.qpAdm.grouped.ind
snpname: data/intermediate/HO_all_merged.qpAdm.snp
genotypename: data/intermediate/HO_all_merged.qpAdm.geno
popleft: temp/param/left.20z_qhxx
popright: temp/param/right.20z_qhxx
details: YES
## qpAdm version: 810
seed: 1998790177
packed geno read OK
end of inpack

left pops:
UpperMustang.LC
Lubrak
Pulliyar

right pops:
Mbuti
Anatolia_N
Ami
Mixe
Ganj_Dareh_N
Onge
Villabruna
DevilsGate
Sherpa.LC

  0      UpperMustang.LC   11
  1               Lubrak    2
  2             Pulliyar   35
  3                Mbuti   10
  4           Anatolia_N   25
  5                  Ami   10
  6                 Mixe   10
  7         Ganj_Dareh_N    7
  8                 Onge   12
  9           Villabruna    1
 10           DevilsGate    4
 11            Sherpa.LC    9
jackknife block size:     0.050
snps: 498990  indivs: 136
number of blocks for block jackknife: 710
## ncols: 498990
coverage:      UpperMustang.LC 498990
coverage:               Lubrak 327444
coverage:             Pulliyar 459213
coverage:                Mbuti 498990
coverage:           Anatolia_N 498137
coverage:                  Ami 498990
coverage:                 Mixe 498990
coverage:         Ganj_Dareh_N 457128
coverage:                 Onge 498990
coverage:           Villabruna 415230
coverage:           DevilsGate 498716
coverage:            Sherpa.LC 498990
dof (jackknife):   583.555
numsnps used: 288779
codimension 1
f4info: 
f4rank: 1 dof:      7 chisq:    12.904 tail:         0.0744918433 dofdiff:      9 chisqdiff:   -12.904 taildiff:                    1
B:
          scale     1.000 
     Anatolia_N    -0.190 
            Ami     1.344 
           Mixe     0.973 
   Ganj_Dareh_N    -0.340 
           Onge     0.222 
     Villabruna    -0.076 
     DevilsGate     1.496 
      Sherpa.LC     1.673 
A:
          scale   188.807 
         Lubrak     0.071 
       Pulliyar    -1.412 


full rank
f4info: 
f4rank: 2 dof:      0 chisq:     0.000 tail:                    1 dofdiff:      7 chisqdiff:    12.904 taildiff:         0.0744918433
B:
          scale     1.000     1.000 
     Anatolia_N    -0.191     0.370 
            Ami     1.344    -1.391 
           Mixe     0.971    -1.317 
   Ganj_Dareh_N    -0.342     1.068 
           Onge     0.223    -0.146 
     Villabruna    -0.076     0.739 
     DevilsGate     1.496     1.338 
      Sherpa.LC     1.674     0.834 
A:
          scale   189.126  6060.275 
         Lubrak     0.076     1.409 
       Pulliyar    -1.412     0.126 


best coefficients:     0.952     0.048 
Jackknife mean:      0.951745017     0.048254983 
      std. errors:     0.015     0.015 

error covariance (* 1000000)
       227       -227 
      -227        227 


summ: UpperMustang.LC    2      0.074492     0.952     0.048   227  -227   227 

    fixed pat  wt  dof     chisq       tail prob
           00  0     7    12.904       0.0744918     0.952     0.048 
           01  1     8    22.362      0.00428798     1.000    -0.000 
           10  1     8  4640.496               0     0.000     1.000 
best pat:           00        0.0744918              -  -
best pat:           01       0.00428798  chi(nested):     9.458 p-value for nested model:      0.00210213

coeffs:     0.952     0.048 

## dscore:: f_4(Base, Fit, Rbase, right2)
## genstat:: f_4(Base, Fit, right1, right2)

details:          Lubrak      Anatolia_N     0.000260    0.969930
details:        Pulliyar      Anatolia_N     0.001450    6.705755
dscore:      Anatolia_N f4:     0.000318 Z:     1.233990

details:          Lubrak             Ami     0.000502    1.668948
details:        Pulliyar             Ami    -0.010064  -38.566236
dscore:             Ami f4:    -0.000006 Z:    -0.019201

details:          Lubrak            Mixe     0.000255    0.794949
details:        Pulliyar            Mixe    -0.007277  -27.176373
dscore:            Mixe f4:    -0.000107 Z:    -0.347287

details:          Lubrak    Ganj_Dareh_N     0.000440    1.300178
details:        Pulliyar    Ganj_Dareh_N     0.002616   10.591718
dscore:    Ganj_Dareh_N f4:     0.000544 Z:     1.678450

details:          Lubrak            Onge     0.000249    0.791629
details:        Pulliyar            Onge    -0.001677   -6.961528
dscore:            Onge f4:     0.000157 Z:     0.520530

details:          Lubrak      Villabruna     0.000551    1.332813
details:        Pulliyar      Villabruna     0.000616    1.822444
dscore:      Villabruna f4:     0.000554 Z:     1.401073

details:          Lubrak      DevilsGate     0.001205    3.356274
details:        Pulliyar      DevilsGate    -0.011131  -37.209065
dscore:      DevilsGate f4:     0.000613 Z:     1.782498

details:          Lubrak       Sherpa.LC     0.001018    3.309196
details:        Pulliyar       Sherpa.LC    -0.012490  -49.050029
dscore:       Sherpa.LC f4:     0.000369 Z:     1.253079

gendstat:                Mbuti           Anatolia_N     1.234
gendstat:                Mbuti                  Ami    -0.019
gendstat:                Mbuti                 Mixe    -0.347
gendstat:                Mbuti         Ganj_Dareh_N     1.678
gendstat:                Mbuti                 Onge     0.521
gendstat:                Mbuti           Villabruna     1.401
gendstat:                Mbuti           DevilsGate     1.782
gendstat:                Mbuti            Sherpa.LC     1.253
gendstat:           Anatolia_N                  Ami    -1.354
gendstat:           Anatolia_N                 Mixe    -1.558
gendstat:           Anatolia_N         Ganj_Dareh_N     0.887
gendstat:           Anatolia_N                 Onge    -0.617
gendstat:           Anatolia_N           Villabruna     0.712
gendstat:           Anatolia_N           DevilsGate     0.917
gendstat:           Anatolia_N            Sherpa.LC     0.201
gendstat:                  Ami                 Mixe    -0.418
gendstat:                  Ami         Ganj_Dareh_N     1.758
gendstat:                  Ami                 Onge     0.613
gendstat:                  Ami           Villabruna     1.479
gendstat:                  Ami           DevilsGate     2.132
gendstat:                  Ami            Sherpa.LC     1.838
gendstat:                 Mixe         Ganj_Dareh_N     1.868
gendstat:                 Mixe                 Onge     0.870
gendstat:                 Mixe           Villabruna     1.659
gendstat:                 Mixe           DevilsGate     2.279
gendstat:                 Mixe            Sherpa.LC     1.878
gendstat:         Ganj_Dareh_N                 Onge    -1.161
gendstat:         Ganj_Dareh_N           Villabruna     0.023
gendstat:         Ganj_Dareh_N           DevilsGate     0.180
gendstat:         Ganj_Dareh_N            Sherpa.LC    -0.531
gendstat:                 Onge           Villabruna     1.023
gendstat:                 Onge           DevilsGate     1.311
gendstat:                 Onge            Sherpa.LC     0.761
gendstat:           Villabruna           DevilsGate     0.135
gendstat:           Villabruna            Sherpa.LC    -0.474
gendstat:           DevilsGate            Sherpa.LC    -0.837

## end of run
