/home/cliu7/utils/AdmixTools/bin/qpAdm: parameter file: temp/param/qpAdm_UpperMustang.LC.Rhirhi.Han.parzhr9x0f9
### THE INPUT PARAMETERS
##PARAMETER NAME: VALUE
DIR: data/intermediate
S1: HO_all_merged.qpAdm
indivname: data/intermediate/HO_all_merged.qpAdm.grouped.ind
snpname: data/intermediate/HO_all_merged.qpAdm.snp
genotypename: data/intermediate/HO_all_merged.qpAdm.geno
popleft: temp/param/left.zhr9x0f9
popright: temp/param/right.zhr9x0f9
details: YES
## qpAdm version: 810
seed: 793680936
packed geno read OK
end of inpack

left pops:
UpperMustang.LC
Rhirhi
Han

right pops:
Mbuti
Anatolia_N
Ami
Mixe
Ganj_Dareh_N
Onge
Villabruna
DevilsGate
Sherpa.LC

  0      UpperMustang.LC   11
  1               Rhirhi    4
  2                  Han   33
  3                Mbuti   10
  4           Anatolia_N   25
  5                  Ami   10
  6                 Mixe   10
  7         Ganj_Dareh_N    7
  8                 Onge   12
  9           Villabruna    1
 10           DevilsGate    4
 11            Sherpa.LC    9
jackknife block size:     0.050
snps: 498990  indivs: 136
number of blocks for block jackknife: 710
## ncols: 498990
coverage:      UpperMustang.LC 498990
coverage:               Rhirhi 489694
coverage:                  Han 498990
coverage:                Mbuti 498990
coverage:           Anatolia_N 498137
coverage:                  Ami 498990
coverage:                 Mixe 498990
coverage:         Ganj_Dareh_N 457128
coverage:                 Onge 498990
coverage:           Villabruna 415230
coverage:           DevilsGate 498716
coverage:            Sherpa.LC 498990
dof (jackknife):   583.458
numsnps used: 418195
codimension 1
f4info: 
f4rank: 1 dof:      7 chisq:    21.913 tail:        0.00262938196 dofdiff:      9 chisqdiff:   -21.913 taildiff:                    1
B:
          scale     1.000 
     Anatolia_N    -0.035 
            Ami     2.431 
           Mixe     0.759 
   Ganj_Dareh_N     0.090 
           Onge     0.471 
     Villabruna    -0.261 
     DevilsGate     1.011 
      Sherpa.LC    -0.435 
A:
          scale   873.833 
         Rhirhi    -0.087 
            Han     1.412 


full rank
f4info: 
f4rank: 2 dof:      0 chisq:     0.000 tail:                    1 dofdiff:      7 chisqdiff:    21.913 taildiff:        0.00262938196
B:
          scale     1.000     1.000 
     Anatolia_N    -0.023     0.165 
            Ami     2.438    -0.987 
           Mixe     0.762     0.614 
   Ganj_Dareh_N     0.107    -0.260 
           Onge     0.464     0.295 
     Villabruna    -0.234    -0.642 
     DevilsGate     1.002    -1.251 
      Sherpa.LC    -0.434     2.119 
A:
          scale   885.368  3789.599 
         Rhirhi    -0.384    -1.377 
            Han     1.361    -0.321 


best coefficients:     0.942     0.058 
Jackknife mean:      0.940824760     0.059175240 
      std. errors:     0.032     0.032 

error covariance (* 1000000)
      1009      -1009 
     -1009       1009 


summ: UpperMustang.LC    2      0.002629     0.941     0.059  1009 -1009  1009 

    fixed pat  wt  dof     chisq       tail prob
           00  0     7    21.913      0.00262938     0.942     0.058 
           01  1     8    24.922       0.0016026     1.000     0.000 
           10  1     8  1646.930               0     0.000     1.000 
best pat:           00       0.00262938              -  -
best pat:           01        0.0016026  chi(nested):     3.009 p-value for nested model:       0.0828173

coeffs:     0.942     0.058 

## dscore:: f_4(Base, Fit, Rbase, right2)
## genstat:: f_4(Base, Fit, right1, right2)

details:          Rhirhi      Anatolia_N    -0.000047   -0.241544
details:             Han      Anatolia_N    -0.000045   -0.379294
dscore:      Anatolia_N f4:    -0.000047 Z:    -0.252322

details:          Rhirhi             Ami    -0.000695   -3.010917
details:             Han             Ami     0.003840   26.952286
dscore:             Ami f4:    -0.000431 Z:    -1.955504

details:          Rhirhi            Mixe    -0.000551   -2.199530
details:             Han            Mixe     0.001126    7.397517
dscore:            Mixe f4:    -0.000453 Z:    -1.892317

details:          Rhirhi    Ganj_Dareh_N     0.000049    0.192558
details:             Han    Ganj_Dareh_N     0.000192    1.342260
dscore:    Ganj_Dareh_N f4:     0.000057 Z:     0.235788

details:          Rhirhi            Onge    -0.000312   -1.302622
details:             Han            Onge     0.000692    4.839427
dscore:            Onge f4:    -0.000253 Z:    -1.109044

details:          Rhirhi      Villabruna     0.000345    1.153870
details:             Han      Villabruna    -0.000296   -1.537464
dscore:      Villabruna f4:     0.000308 Z:     1.078938

details:          Rhirhi      DevilsGate     0.000029    0.105799
details:             Han      DevilsGate     0.001655   10.117353
dscore:      DevilsGate f4:     0.000123 Z:     0.473373

details:          Rhirhi       Sherpa.LC    -0.000577   -2.505200
details:             Han       Sherpa.LC    -0.000839   -6.238033
dscore:       Sherpa.LC f4:    -0.000592 Z:    -2.695033

gendstat:                Mbuti           Anatolia_N    -0.252
gendstat:                Mbuti                  Ami    -1.956
gendstat:                Mbuti                 Mixe    -1.892
gendstat:                Mbuti         Ganj_Dareh_N     0.236
gendstat:                Mbuti                 Onge    -1.109
gendstat:                Mbuti           Villabruna     1.079
gendstat:                Mbuti           DevilsGate     0.473
gendstat:                Mbuti            Sherpa.LC    -2.695
gendstat:           Anatolia_N                  Ami    -1.875
gendstat:           Anatolia_N                 Mixe    -1.874
gendstat:           Anatolia_N         Ganj_Dareh_N     0.550
gendstat:           Anatolia_N                 Onge    -0.960
gendstat:           Anatolia_N           Villabruna     1.416
gendstat:           Anatolia_N           DevilsGate     0.684
gendstat:           Anatolia_N            Sherpa.LC    -2.678
gendstat:                  Ami                 Mixe    -0.114
gendstat:                  Ami         Ganj_Dareh_N     2.035
gendstat:                  Ami                 Onge     0.825
gendstat:                  Ami           Villabruna     2.454
gendstat:                  Ami           DevilsGate     2.582
gendstat:                  Ami            Sherpa.LC    -0.979
gendstat:                 Mixe         Ganj_Dareh_N     1.995
gendstat:                 Mixe                 Onge     0.863
gendstat:                 Mixe           Villabruna     2.526
gendstat:                 Mixe           DevilsGate     2.559
gendstat:                 Mixe            Sherpa.LC    -0.729
gendstat:         Ganj_Dareh_N                 Onge    -1.222
gendstat:         Ganj_Dareh_N           Villabruna     0.855
gendstat:         Ganj_Dareh_N           DevilsGate     0.232
gendstat:         Ganj_Dareh_N            Sherpa.LC    -2.715
gendstat:                 Onge           Villabruna     1.781
gendstat:                 Onge           DevilsGate     1.439
gendstat:                 Onge            Sherpa.LC    -1.578
gendstat:           Villabruna           DevilsGate    -0.558
gendstat:           Villabruna            Sherpa.LC    -3.090
gendstat:           DevilsGate            Sherpa.LC    -3.261

## end of run
