/home/cliu7/utils/AdmixTools/bin/qpAdm: parameter file: temp/param/qpAdm_UpperMustang.LC.Kyang.Southeast_China.parflosvyui
### THE INPUT PARAMETERS
##PARAMETER NAME: VALUE
DIR: data/intermediate
S1: HO_all_merged.qpAdm
indivname: data/intermediate/HO_all_merged.qpAdm.grouped.ind
snpname: data/intermediate/HO_all_merged.qpAdm.snp
genotypename: data/intermediate/HO_all_merged.qpAdm.geno
popleft: temp/param/left.flosvyui
popright: temp/param/right.flosvyui
details: YES
## qpAdm version: 810
seed: -226834135
packed geno read OK
end of inpack

left pops:
UpperMustang.LC
Kyang
Southeast_China

right pops:
Mbuti
Anatolia_N
Ami
Mixe
Ganj_Dareh_N
Onge
Villabruna
DevilsGate
Sherpa.LC

  0      UpperMustang.LC   11
  1                Kyang    7
  2      Southeast_China   97
  3                Mbuti   10
  4           Anatolia_N   25
  5                  Ami   10
  6                 Mixe   10
  7         Ganj_Dareh_N    7
  8                 Onge   12
  9           Villabruna    1
 10           DevilsGate    4
 11            Sherpa.LC    9
jackknife block size:     0.050
snps: 498990  indivs: 203
number of blocks for block jackknife: 710
## ncols: 498990
coverage:      UpperMustang.LC 498990
coverage:                Kyang 498984
coverage:      Southeast_China 498990
coverage:                Mbuti 498990
coverage:           Anatolia_N 498137
coverage:                  Ami 498990
coverage:                 Mixe 498990
coverage:         Ganj_Dareh_N 457128
coverage:                 Onge 498990
coverage:           Villabruna 415230
coverage:           DevilsGate 498716
coverage:            Sherpa.LC 498990
dof (jackknife):   583.440
numsnps used: 419024
codimension 1
f4info: 
f4rank: 1 dof:      7 chisq:     4.586 tail:          0.710331826 dofdiff:      9 chisqdiff:    -4.586 taildiff:                    1
B:
          scale     1.000 
     Anatolia_N    -0.098 
            Ami     2.530 
           Mixe     0.371 
   Ganj_Dareh_N     0.075 
           Onge     0.442 
     Villabruna    -0.304 
     DevilsGate     0.368 
      Sherpa.LC    -1.011 
A:
          scale   847.080 
          Kyang    -0.139 
Southeast_China     1.407 


full rank
f4info: 
f4rank: 2 dof:      0 chisq:     0.000 tail:                    1 dofdiff:      7 chisqdiff:     4.586 taildiff:          0.710331826
B:
          scale     1.000     1.000 
     Anatolia_N    -0.089     0.356 
            Ami     2.534    -1.961 
           Mixe     0.359    -0.819 
   Ganj_Dareh_N     0.078    -0.104 
           Onge     0.458     0.431 
     Villabruna    -0.286     0.668 
     DevilsGate     0.388     0.674 
      Sherpa.LC    -0.997     1.503 
A:
          scale   823.822  6462.308 
          Kyang     0.037     1.378 
Southeast_China     1.414     0.319 


best coefficients:     0.910     0.090 
Jackknife mean:      0.910034552     0.089965448 
      std. errors:     0.019     0.019 

error covariance (* 1000000)
       344       -344 
      -344        344 


summ: UpperMustang.LC    2      0.710332     0.910     0.090   344  -344   344 

    fixed pat  wt  dof     chisq       tail prob
           00  0     7     4.586        0.710332     0.910     0.090 
           01  1     8    24.875      0.00163201     1.000     0.000 
           10  1     8  2175.615               0     0.000     1.000 
best pat:           00         0.710332              -  -
best pat:           01       0.00163201  chi(nested):    20.289 p-value for nested model:     6.65732e-06

coeffs:     0.910     0.090 

## dscore:: f_4(Base, Fit, Rbase, right2)
## genstat:: f_4(Base, Fit, right1, right2)

details:           Kyang      Anatolia_N     0.000084    0.579041
details: Southeast_China      Anatolia_N    -0.000128   -1.063079
dscore:      Anatolia_N f4:     0.000065 Z:     0.476509

details:           Kyang             Ami    -0.000299   -1.660855
details: Southeast_China             Ami     0.004260   28.447384
dscore:             Ami f4:     0.000110 Z:     0.651496

details:           Kyang            Mixe    -0.000153   -0.811645
details: Southeast_China            Mixe     0.000580    3.622757
dscore:            Mixe f4:    -0.000088 Z:    -0.491922

details:           Kyang    Ganj_Dareh_N    -0.000008   -0.042287
details: Southeast_China    Ganj_Dareh_N     0.000136    0.935159
dscore:    Ganj_Dareh_N f4:     0.000005 Z:     0.031407

details:           Kyang            Onge     0.000120    0.671108
details: Southeast_China            Onge     0.000815    5.502597
dscore:            Onge f4:     0.000183 Z:     1.083699

details:           Kyang      Villabruna     0.000163    0.695999
details: Southeast_China      Villabruna    -0.000442   -2.260524
dscore:      Villabruna f4:     0.000108 Z:     0.491402

details:           Kyang      DevilsGate     0.000167    0.792405
details: Southeast_China      DevilsGate     0.000709    3.932530
dscore:      DevilsGate f4:     0.000215 Z:     1.087130

details:           Kyang       Sherpa.LC     0.000278    1.640052
details: Southeast_China       Sherpa.LC    -0.001631  -11.371513
dscore:       Sherpa.LC f4:     0.000107 Z:     0.669737

gendstat:                Mbuti           Anatolia_N     0.477
gendstat:                Mbuti                  Ami     0.651
gendstat:                Mbuti                 Mixe    -0.492
gendstat:                Mbuti         Ganj_Dareh_N     0.031
gendstat:                Mbuti                 Onge     1.084
gendstat:                Mbuti           Villabruna     0.491
gendstat:                Mbuti           DevilsGate     1.087
gendstat:                Mbuti            Sherpa.LC     0.670
gendstat:           Anatolia_N                  Ami     0.292
gendstat:           Anatolia_N                 Mixe    -0.936
gendstat:           Anatolia_N         Ganj_Dareh_N    -0.426
gendstat:           Anatolia_N                 Onge     0.732
gendstat:           Anatolia_N           Villabruna     0.241
gendstat:           Anatolia_N           DevilsGate     0.803
gendstat:           Anatolia_N            Sherpa.LC     0.288
gendstat:                  Ami                 Mixe    -1.283
gendstat:                  Ami         Ganj_Dareh_N    -0.570
gendstat:                  Ami                 Onge     0.436
gendstat:                  Ami           Villabruna    -0.008
gendstat:                  Ami           DevilsGate     0.673
gendstat:                  Ami            Sherpa.LC    -0.028
gendstat:                 Mixe         Ganj_Dareh_N     0.477
gendstat:                 Mixe                 Onge     1.490
gendstat:                 Mixe           Villabruna     0.846
gendstat:                 Mixe           DevilsGate     1.694
gendstat:                 Mixe            Sherpa.LC     1.305
gendstat:         Ganj_Dareh_N                 Onge     0.914
gendstat:         Ganj_Dareh_N           Villabruna     0.459
gendstat:         Ganj_Dareh_N           DevilsGate     0.985
gendstat:         Ganj_Dareh_N            Sherpa.LC     0.579
gendstat:                 Onge           Villabruna    -0.314
gendstat:                 Onge           DevilsGate     0.164
gendstat:                 Onge            Sherpa.LC    -0.476
gendstat:           Villabruna           DevilsGate     0.413
gendstat:           Villabruna            Sherpa.LC    -0.007
gendstat:           DevilsGate            Sherpa.LC    -0.671

## end of run
