/home/cliu7/utils/AdmixTools/bin/qpWave: parameter file: temp/param/qpAdm_UpperMustang.LC.Kyang.Mala.par3etp995i
### THE INPUT PARAMETERS
##PARAMETER NAME: VALUE
DIR: data/intermediate
S1: HO_all_merged.qpAdm
indivname: data/intermediate/HO_all_merged.qpAdm.grouped.ind
snpname: data/intermediate/HO_all_merged.qpAdm.snp
genotypename: data/intermediate/HO_all_merged.qpAdm.geno
popleft: temp/param/left.3etp995i
popright: temp/param/right.3etp995i
details: YES
## qpWave version: 410
packed geno read OK
end of inpack

left pops:
UpperMustang.LC
Kyang
Mala

right pops:
Mbuti
Anatolia_N
Ami
Mixe
Ganj_Dareh_N
Onge
Villabruna
DevilsGate
Sherpa.LC

  0      UpperMustang.LC   11
  1                Kyang    7
  2                 Mala   11
  3                Mbuti   10
  4           Anatolia_N   25
  5                  Ami   10
  6                 Mixe   10
  7         Ganj_Dareh_N    7
  8                 Onge   12
  9           Villabruna    1
 10           DevilsGate    4
 11            Sherpa.LC    9
jackknife block size:     0.050
snps: 498990  indivs: 117
number of blocks for block jackknife: 710
dof (jackknife):   583.332
numsnps used: 419452
f4info: 
f4rank: 0 dof:     16 chisq:  6154.769 tail:                    0 dofdiff:      0 chisqdiff:     0.000 taildiff:                    1

f4info: 
f4rank: 1 dof:      7 chisq:    24.473 tail:       0.000940314366 dofdiff:      9 chisqdiff:  6130.295 taildiff:                    0
B:
          scale     1.000 
     Anatolia_N    -0.283 
            Ami     1.343 
           Mixe     0.930 
   Ganj_Dareh_N    -0.436 
           Onge     0.310 
     Villabruna    -0.113 
     DevilsGate     1.489 
      Sherpa.LC     1.653 
A:
          scale   183.418 
          Kyang     0.012 
           Mala    -1.414 

f4info: 
f4rank: 2 dof:      0 chisq:     0.000 tail:                    1 dofdiff:      7 chisqdiff:    24.473 taildiff:       0.000940314366
B:
          scale     1.000     1.000 
     Anatolia_N    -0.283     0.492 
            Ami     1.359    -1.791 
           Mixe     0.932    -0.944 
   Ganj_Dareh_N    -0.442     0.005 
           Onge     0.307     0.632 
     Villabruna    -0.119     0.909 
     DevilsGate     1.481     0.763 
      Sherpa.LC     1.646     1.360 
A:
          scale   182.600  7808.234 
          Kyang     0.003     1.414 
           Mala    -1.414     0.003 

## end of run
