/home/cliu7/utils/AdmixTools/bin/qpAdm: parameter file: temp/param/qpAdm_UpperMustang.LC.Rhirhi.Pathan.par70n5y7ec
### THE INPUT PARAMETERS
##PARAMETER NAME: VALUE
DIR: data/intermediate
S1: HO_all_merged.qpAdm
indivname: data/intermediate/HO_all_merged.qpAdm.grouped.ind
snpname: data/intermediate/HO_all_merged.qpAdm.snp
genotypename: data/intermediate/HO_all_merged.qpAdm.geno
popleft: temp/param/left.70n5y7ec
popright: temp/param/right.70n5y7ec
details: YES
## qpAdm version: 810
seed: -894617051
packed geno read OK
end of inpack

left pops:
UpperMustang.LC
Rhirhi
Pathan

right pops:
Mbuti
Anatolia_N
Ami
Mixe
Ganj_Dareh_N
Onge
Villabruna
DevilsGate
Sherpa.LC

  0      UpperMustang.LC   11
  1               Rhirhi    4
  2               Pathan   18
  3                Mbuti   10
  4           Anatolia_N   25
  5                  Ami   10
  6                 Mixe   10
  7         Ganj_Dareh_N    7
  8                 Onge   12
  9           Villabruna    1
 10           DevilsGate    4
 11            Sherpa.LC    9
jackknife block size:     0.050
snps: 498990  indivs: 121
number of blocks for block jackknife: 710
## ncols: 498990
coverage:      UpperMustang.LC 498990
coverage:               Rhirhi 489694
coverage:               Pathan 498990
coverage:                Mbuti 498990
coverage:           Anatolia_N 498137
coverage:                  Ami 498990
coverage:                 Mixe 498990
coverage:         Ganj_Dareh_N 457128
coverage:                 Onge 498990
coverage:           Villabruna 415230
coverage:           DevilsGate 498716
coverage:            Sherpa.LC 498990
dof (jackknife):   583.394
numsnps used: 414041
codimension 1
f4info: 
f4rank: 1 dof:      7 chisq:    17.136 tail:         0.0165415627 dofdiff:      9 chisqdiff:   -17.136 taildiff:                    1
B:
          scale     1.000 
     Anatolia_N    -0.622 
            Ami     1.325 
           Mixe     0.772 
   Ganj_Dareh_N    -0.662 
           Onge     0.556 
     Villabruna    -0.441 
     DevilsGate     1.410 
      Sherpa.LC     1.527 
A:
          scale   144.767 
         Rhirhi    -0.036 
         Pathan    -1.414 


full rank
f4info: 
f4rank: 2 dof:      0 chisq:     0.000 tail:                    1 dofdiff:      7 chisqdiff:    17.136 taildiff:         0.0165415627
B:
          scale     1.000     1.000 
     Anatolia_N    -0.621     1.095 
            Ami     1.325     0.975 
           Mixe     0.772     1.075 
   Ganj_Dareh_N    -0.662     0.178 
           Onge     0.555     0.070 
     Villabruna    -0.441    -0.727 
     DevilsGate     1.409    -2.031 
      Sherpa.LC     1.528    -0.079 
A:
          scale   144.732  5944.930 
         Rhirhi    -0.050    -1.400 
         Pathan    -1.413    -0.199 


best coefficients:     1.026    -0.026 
Jackknife mean:      1.026100667    -0.026100667 
      std. errors:     0.010     0.010 

error covariance (* 1000000)
        92        -92 
       -92         92 


summ: UpperMustang.LC    2      0.016542     1.026    -0.026    92   -92    92 

    fixed pat  wt  dof     chisq       tail prob
           00  0     7    17.136       0.0165416     1.026    -0.026  infeasible
           01  1     8    24.882      0.00162786     1.000    -0.000 
           10  1     8  8167.320               0     0.000     1.000 
best pat:           00        0.0165416              -  -
best pat:           01       0.00162786  chi(nested):     7.746 p-value for nested model:      0.00538287

coeffs:     1.026    -0.026 

## dscore:: f_4(Base, Fit, Rbase, right2)
## genstat:: f_4(Base, Fit, right1, right2)

details:          Rhirhi      Anatolia_N    -0.000047   -0.241415
details:          Pathan      Anatolia_N     0.005996   29.038128
dscore:      Anatolia_N f4:    -0.000205 Z:    -1.031304

details:          Rhirhi             Ami    -0.000702   -3.009179
details:          Pathan             Ami    -0.012998  -52.698038
dscore:             Ami f4:    -0.000380 Z:    -1.596867

details:          Rhirhi            Mixe    -0.000556   -2.197594
details:          Pathan            Mixe    -0.007613  -28.198008
dscore:            Mixe f4:    -0.000371 Z:    -1.436403

details:          Rhirhi    Ganj_Dareh_N     0.000050    0.192490
details:          Pathan    Ganj_Dareh_N     0.006426   27.591207
dscore:    Ganj_Dareh_N f4:    -0.000117 Z:    -0.446035

details:          Rhirhi            Onge    -0.000315   -1.302081
details:          Pathan            Onge    -0.005465  -23.236502
dscore:            Onge f4:    -0.000180 Z:    -0.729476

details:          Rhirhi      Villabruna     0.000348    1.153906
details:          Pathan      Villabruna     0.004319   13.771368
dscore:      Villabruna f4:     0.000244 Z:     0.793579

details:          Rhirhi      DevilsGate     0.000029    0.105749
details:          Pathan      DevilsGate    -0.013725  -47.535768
dscore:      DevilsGate f4:     0.000389 Z:     1.379229

details:          Rhirhi       Sherpa.LC    -0.000583   -2.502815
details:          Pathan       Sherpa.LC    -0.014978  -61.528700
dscore:       Sherpa.LC f4:    -0.000206 Z:    -0.865666

gendstat:                Mbuti           Anatolia_N    -1.031
gendstat:                Mbuti                  Ami    -1.597
gendstat:                Mbuti                 Mixe    -1.436
gendstat:                Mbuti         Ganj_Dareh_N    -0.446
gendstat:                Mbuti                 Onge    -0.729
gendstat:                Mbuti           Villabruna     0.794
gendstat:                Mbuti           DevilsGate     1.379
gendstat:                Mbuti            Sherpa.LC    -0.866
gendstat:           Anatolia_N                  Ami    -0.787
gendstat:           Anatolia_N                 Mixe    -0.710
gendstat:           Anatolia_N         Ganj_Dareh_N     0.429
gendstat:           Anatolia_N                 Onge     0.108
gendstat:           Anatolia_N           Villabruna     1.663
gendstat:           Anatolia_N           DevilsGate     2.213
gendstat:           Anatolia_N            Sherpa.LC    -0.002
gendstat:                  Ami                 Mixe     0.040
gendstat:                  Ami         Ganj_Dareh_N     1.011
gendstat:                  Ami                 Onge     0.855
gendstat:                  Ami           Villabruna     1.918
gendstat:                  Ami           DevilsGate     3.301
gendstat:                  Ami            Sherpa.LC     0.977
gendstat:                 Mixe         Ganj_Dareh_N     0.920
gendstat:                 Mixe                 Onge     0.761
gendstat:                 Mixe           Villabruna     1.892
gendstat:                 Mixe           DevilsGate     3.112
gendstat:                 Mixe            Sherpa.LC     0.803
gendstat:         Ganj_Dareh_N                 Onge    -0.227
gendstat:         Ganj_Dareh_N           Villabruna     1.141
gendstat:         Ganj_Dareh_N           DevilsGate     1.646
gendstat:         Ganj_Dareh_N            Sherpa.LC    -0.341
gendstat:                 Onge           Villabruna     1.247
gendstat:                 Onge           DevilsGate     1.999
gendstat:                 Onge            Sherpa.LC    -0.110
gendstat:           Villabruna           DevilsGate     0.404
gendstat:           Villabruna            Sherpa.LC    -1.428
gendstat:           DevilsGate            Sherpa.LC    -2.504

## end of run
