/home/cliu7/utils/AdmixTools/bin/qpWave: parameter file: temp/param/qpAdm_Yi.Chokhopani.Han.parht713l39
### THE INPUT PARAMETERS
##PARAMETER NAME: VALUE
DIR: data/intermediate
S1: HO_all_merged.qpAdm
indivname: data/intermediate/HO_all_merged.qpAdm.grouped.ind
snpname: data/intermediate/HO_all_merged.qpAdm.snp
genotypename: data/intermediate/HO_all_merged.qpAdm.geno
popleft: temp/param/left.ht713l39
popright: temp/param/right.ht713l39
details: YES
## qpWave version: 410
packed geno read OK
end of inpack

left pops:
Yi
Chokhopani
Han

right pops:
Mbuti
Anatolia_N
Ami
Mixe
Ganj_Dareh_N
Onge
Villabruna
DevilsGate
Sherpa.LC

  0                   Yi    8
  1           Chokhopani    2
  2                  Han   33
  3                Mbuti   10
  4           Anatolia_N   25
  5                  Ami   10
  6                 Mixe   10
  7         Ganj_Dareh_N    7
  8                 Onge   12
  9           Villabruna    1
 10           DevilsGate    4
 11            Sherpa.LC    9
jackknife block size:     0.050
snps: 498990  indivs: 131
number of blocks for block jackknife: 710
dof (jackknife):   583.365
numsnps used: 421930
f4info: 
f4rank: 0 dof:     16 chisq:   924.037 tail:      2.01751212e-186 dofdiff:      0 chisqdiff:     0.000 taildiff:                    1

f4info: 
f4rank: 1 dof:      7 chisq:     9.457 tail:          0.221475778 dofdiff:      9 chisqdiff:   914.579 taildiff:      4.46658092e-191
B:
          scale     1.000 
     Anatolia_N     0.047 
            Ami     2.492 
           Mixe     0.730 
   Ganj_Dareh_N     0.096 
           Onge     0.139 
     Villabruna     0.233 
     DevilsGate     0.952 
      Sherpa.LC    -0.514 
A:
          scale  1357.657 
     Chokhopani    -1.055 
            Han     0.942 

f4info: 
f4rank: 2 dof:      0 chisq:     0.000 tail:                    1 dofdiff:      7 chisqdiff:     9.457 taildiff:          0.221475778
B:
          scale     1.000     1.000 
     Anatolia_N     0.101     0.481 
            Ami     2.447    -0.465 
           Mixe     0.981     1.644 
   Ganj_Dareh_N     0.207     0.963 
           Onge     0.142     0.066 
     Villabruna     0.196    -0.094 
     DevilsGate     0.938    -0.267 
      Sherpa.LC    -0.236     1.959 
A:
          scale  1255.237  6652.273 
     Chokhopani    -1.181    -0.779 
            Han     0.779    -1.181 

## end of run
