/home/cliu7/utils/AdmixTools/bin/qpAdm: parameter file: temp/param/qpAdm_Yi.Kyang.Pulliyar.parlc6uygwe
### THE INPUT PARAMETERS
##PARAMETER NAME: VALUE
DIR: data/intermediate
S1: HO_all_merged.qpAdm
indivname: data/intermediate/HO_all_merged.qpAdm.grouped.ind
snpname: data/intermediate/HO_all_merged.qpAdm.snp
genotypename: data/intermediate/HO_all_merged.qpAdm.geno
popleft: temp/param/left.lc6uygwe
popright: temp/param/right.lc6uygwe
details: YES
## qpAdm version: 810
seed: 556576539
packed geno read OK
end of inpack

left pops:
Yi
Kyang
Pulliyar

right pops:
Mbuti
Anatolia_N
Ami
Mixe
Ganj_Dareh_N
Onge
Villabruna
DevilsGate
Sherpa.LC

  0                   Yi    8
  1                Kyang    7
  2             Pulliyar   35
  3                Mbuti   10
  4           Anatolia_N   25
  5                  Ami   10
  6                 Mixe   10
  7         Ganj_Dareh_N    7
  8                 Onge   12
  9           Villabruna    1
 10           DevilsGate    4
 11            Sherpa.LC    9
jackknife block size:     0.050
snps: 498990  indivs: 138
number of blocks for block jackknife: 710
## ncols: 498990
coverage:                   Yi 498990
coverage:                Kyang 498984
coverage:             Pulliyar 459213
coverage:                Mbuti 498990
coverage:           Anatolia_N 498137
coverage:                  Ami 498990
coverage:                 Mixe 498990
coverage:         Ganj_Dareh_N 457128
coverage:                 Onge 498990
coverage:           Villabruna 415230
coverage:           DevilsGate 498716
coverage:            Sherpa.LC 498990
dof (jackknife):   584.905
numsnps used: 389627
codimension 1
f4info: 
f4rank: 1 dof:      7 chisq:   492.754 tail:      2.89559476e-102 dofdiff:      9 chisqdiff:  -492.754 taildiff:                    1
B:
          scale     1.000 
     Anatolia_N    -0.186 
            Ami     1.455 
           Mixe     1.011 
   Ganj_Dareh_N    -0.310 
           Onge     0.300 
     Villabruna    -0.102 
     DevilsGate     1.496 
      Sherpa.LC     1.547 
A:
          scale   175.001 
          Kyang    -0.055 
       Pulliyar    -1.413 


full rank
f4info: 
f4rank: 2 dof:      0 chisq:     0.000 tail:                    1 dofdiff:      7 chisqdiff:   492.754 taildiff:      2.89559476e-102
B:
          scale     1.000     1.000 
     Anatolia_N    -0.188     0.032 
            Ami     1.507     1.736 
           Mixe     1.000     0.259 
   Ganj_Dareh_N    -0.303     0.514 
           Onge     0.282     0.331 
     Villabruna    -0.123    -0.533 
     DevilsGate     1.500    -0.238 
      Sherpa.LC     1.503    -2.050 
A:
          scale   170.700  1675.572 
          Kyang    -0.125    -1.411 
       Pulliyar    -1.409    -0.100 


best coefficients:     1.041    -0.041 
Jackknife mean:      1.040920119    -0.040920119 
      std. errors:     0.012     0.012 

error covariance (* 1000000)
       154       -154 
      -154        154 


summ: Yi    2      0.000000     1.041    -0.041   154  -154   154 

    fixed pat  wt  dof     chisq       tail prob
           00  0     7   492.754               0     1.041    -0.041  infeasible
           01  1     8   502.419               0     1.000    -0.000 
           10  1     8  5332.917               0     0.000     1.000 
best pat:           00                0              -  -
best pat:           01     2.12974e-103  chi(nested):     9.665 p-value for nested model:      0.00187811

coeffs:     1.041    -0.041 

## dscore:: f_4(Base, Fit, Rbase, right2)
## genstat:: f_4(Base, Fit, right1, right2)

details:           Kyang      Anatolia_N     0.000110    0.685241
details:        Pulliyar      Anatolia_N     0.001516    7.150809
dscore:      Anatolia_N f4:     0.000053 Z:     0.319315

details:           Kyang             Ami    -0.002581  -13.031042
details:        Pulliyar             Ami    -0.012594  -49.199194
dscore:             Ami f4:    -0.002174 Z:   -10.696255

details:           Kyang            Mixe    -0.000964   -4.669969
details:        Pulliyar            Mixe    -0.008315  -31.773153
dscore:            Mixe f4:    -0.000665 Z:    -3.136218

details:           Kyang    Ganj_Dareh_N    -0.000226   -1.171861
details:        Pulliyar    Ganj_Dareh_N     0.002434   10.147764
dscore:    Ganj_Dareh_N f4:    -0.000334 Z:    -1.682548

details:           Kyang            Onge    -0.000504   -2.618629
details:        Pulliyar            Onge    -0.002382  -10.025490
dscore:            Onge f4:    -0.000427 Z:    -2.159879

details:           Kyang      Villabruna     0.000576    2.315692
details:        Pulliyar      Villabruna     0.001023    3.294365
dscore:      Villabruna f4:     0.000558 Z:     2.170406

details:           Kyang      DevilsGate    -0.000913   -3.959603
details:        Pulliyar      DevilsGate    -0.012430  -43.801343
dscore:      DevilsGate f4:    -0.000445 Z:    -1.877969

details:           Kyang       Sherpa.LC     0.000608    3.228250
details:        Pulliyar       Sherpa.LC    -0.012330  -50.894178
dscore:       Sherpa.LC f4:     0.001134 Z:     5.849163

gendstat:                Mbuti           Anatolia_N     0.319
gendstat:                Mbuti                  Ami   -10.696
gendstat:                Mbuti                 Mixe    -3.136
gendstat:                Mbuti         Ganj_Dareh_N    -1.683
gendstat:                Mbuti                 Onge    -2.160
gendstat:                Mbuti           Villabruna     2.170
gendstat:                Mbuti           DevilsGate    -1.878
gendstat:                Mbuti            Sherpa.LC     5.849
gendstat:           Anatolia_N                  Ami   -11.940
gendstat:           Anatolia_N                 Mixe    -3.808
gendstat:           Anatolia_N         Ganj_Dareh_N    -2.288
gendstat:           Anatolia_N                 Onge    -2.601
gendstat:           Anatolia_N           Villabruna     2.315
gendstat:           Anatolia_N           DevilsGate    -2.218
gendstat:           Anatolia_N            Sherpa.LC     6.128
gendstat:                  Ami                 Mixe     8.568
gendstat:                  Ami         Ganj_Dareh_N     8.569
gendstat:                  Ami                 Onge     9.053
gendstat:                  Ami           Villabruna     9.958
gendstat:                  Ami           DevilsGate     8.837
gendstat:                  Ami            Sherpa.LC    21.786
gendstat:                 Mixe         Ganj_Dareh_N     1.458
gendstat:                 Mixe                 Onge     1.135
gendstat:                 Mixe           Villabruna     4.553
gendstat:                 Mixe           DevilsGate     1.023
gendstat:                 Mixe            Sherpa.LC    10.489
gendstat:         Ganj_Dareh_N                 Onge    -0.414
gendstat:         Ganj_Dareh_N           Villabruna     3.464
gendstat:         Ganj_Dareh_N           DevilsGate    -0.444
gendstat:         Ganj_Dareh_N            Sherpa.LC     6.965
gendstat:                 Onge           Villabruna     3.610
gendstat:                 Onge           DevilsGate    -0.076
gendstat:                 Onge            Sherpa.LC     8.323
gendstat:           Villabruna           DevilsGate    -3.264
gendstat:           Villabruna            Sherpa.LC     2.181
gendstat:           DevilsGate            Sherpa.LC     7.923

## end of run
