/home/cliu7/utils/AdmixTools/bin/qpWave: parameter file: temp/param/qpAdm_Yi.Lubrak.Han.parv58u_big
### THE INPUT PARAMETERS
##PARAMETER NAME: VALUE
DIR: data/intermediate
S1: HO_all_merged.qpAdm
indivname: data/intermediate/HO_all_merged.qpAdm.grouped.ind
snpname: data/intermediate/HO_all_merged.qpAdm.snp
genotypename: data/intermediate/HO_all_merged.qpAdm.geno
popleft: temp/param/left.v58u_big
popright: temp/param/right.v58u_big
details: YES
## qpWave version: 410
packed geno read OK
end of inpack

left pops:
Yi
Lubrak
Han

right pops:
Mbuti
Anatolia_N
Ami
Mixe
Ganj_Dareh_N
Onge
Villabruna
DevilsGate
Sherpa.LC

  0                   Yi    8
  1               Lubrak    2
  2                  Han   33
  3                Mbuti   10
  4           Anatolia_N   25
  5                  Ami   10
  6                 Mixe   10
  7         Ganj_Dareh_N    7
  8                 Onge   12
  9           Villabruna    1
 10           DevilsGate    4
 11            Sherpa.LC    9
jackknife block size:     0.050
snps: 498990  indivs: 131
number of blocks for block jackknife: 710
dof (jackknife):   583.223
numsnps used: 306882
f4info: 
f4rank: 0 dof:     16 chisq:   903.486 tail:       5.0015976e-182 dofdiff:      0 chisqdiff:     0.000 taildiff:                    1

f4info: 
f4rank: 1 dof:      7 chisq:    20.892 tail:        0.00393305024 dofdiff:      9 chisqdiff:   882.594 taildiff:      3.47997167e-184
B:
          scale     1.000 
     Anatolia_N    -0.055 
            Ami     2.441 
           Mixe     0.641 
   Ganj_Dareh_N    -0.068 
           Onge     0.294 
     Villabruna    -0.144 
     DevilsGate     0.782 
      Sherpa.LC    -0.950 
A:
          scale  1286.727 
         Lubrak    -1.175 
            Han     0.788 

f4info: 
f4rank: 2 dof:      0 chisq:     0.000 tail:                    1 dofdiff:      7 chisqdiff:    20.892 taildiff:        0.00393305024
B:
          scale     1.000     1.000 
     Anatolia_N    -0.209     0.372 
            Ami     2.242     1.011 
           Mixe     0.623     0.008 
   Ganj_Dareh_N    -0.195     0.413 
           Onge     0.325    -0.176 
     Villabruna    -0.715     1.715 
     DevilsGate     0.221     1.705 
      Sherpa.LC    -1.355     0.889 
A:
          scale  1339.990  3496.506 
         Lubrak    -1.193     0.760 
            Han     0.760     1.193 

## end of run
