/home/cliu7/utils/AdmixTools/bin/qpWave: parameter file: temp/param/qpAdm_Yi.Mebrak.Mala.parlud93nh8
### THE INPUT PARAMETERS
##PARAMETER NAME: VALUE
DIR: data/intermediate
S1: HO_all_merged.qpAdm
indivname: data/intermediate/HO_all_merged.qpAdm.grouped.ind
snpname: data/intermediate/HO_all_merged.qpAdm.snp
genotypename: data/intermediate/HO_all_merged.qpAdm.geno
popleft: temp/param/left.lud93nh8
popright: temp/param/right.lud93nh8
details: YES
## qpWave version: 410
packed geno read OK
end of inpack

left pops:
Yi
Mebrak
Mala

right pops:
Mbuti
Anatolia_N
Ami
Mixe
Ganj_Dareh_N
Onge
Villabruna
DevilsGate
Sherpa.LC

  0                   Yi    8
  1               Mebrak    8
  2                 Mala   11
  3                Mbuti   10
  4           Anatolia_N   25
  5                  Ami   10
  6                 Mixe   10
  7         Ganj_Dareh_N    7
  8                 Onge   12
  9           Villabruna    1
 10           DevilsGate    4
 11            Sherpa.LC    9
jackknife block size:     0.050
snps: 498990  indivs: 115
number of blocks for block jackknife: 710
dof (jackknife):   583.272
numsnps used: 418814
f4info: 
f4rank: 0 dof:     16 chisq:  6516.371 tail:                    0 dofdiff:      0 chisqdiff:     0.000 taildiff:                    1

f4info: 
f4rank: 1 dof:      7 chisq:   427.827 tail:       2.55605569e-88 dofdiff:      9 chisqdiff:  6088.543 taildiff:                    0
B:
          scale     1.000 
     Anatolia_N    -0.258 
            Ami     1.472 
           Mixe     0.964 
   Ganj_Dareh_N    -0.365 
           Onge     0.368 
     Villabruna    -0.137 
     DevilsGate     1.496 
      Sherpa.LC     1.520 
A:
          scale   170.899 
         Mebrak    -0.084 
           Mala    -1.412 

f4info: 
f4rank: 2 dof:      0 chisq:     0.000 tail:                    1 dofdiff:      7 chisqdiff:   427.827 taildiff:       2.55605569e-88
B:
          scale     1.000     1.000 
     Anatolia_N    -0.261     0.341 
            Ami     1.535     1.780 
           Mixe     0.960     0.459 
   Ganj_Dareh_N    -0.377     0.372 
           Onge     0.363     0.764 
     Villabruna    -0.165    -0.458 
     DevilsGate     1.487    -0.398 
      Sherpa.LC     1.464    -1.847 
A:
          scale   167.641  1817.209 
         Mebrak    -0.122    -1.409 
           Mala    -1.409     0.122 

## end of run
