/home/cliu7/utils/AdmixTools/bin/qpWave: parameter file: temp/param/qpAdm_Yi.Rhirhi.Mala.par7ktdzdt8
### THE INPUT PARAMETERS
##PARAMETER NAME: VALUE
DIR: data/intermediate
S1: HO_all_merged.qpAdm
indivname: data/intermediate/HO_all_merged.qpAdm.grouped.ind
snpname: data/intermediate/HO_all_merged.qpAdm.snp
genotypename: data/intermediate/HO_all_merged.qpAdm.geno
popleft: temp/param/left.7ktdzdt8
popright: temp/param/right.7ktdzdt8
details: YES
## qpWave version: 410
packed geno read OK
end of inpack

left pops:
Yi
Rhirhi
Mala

right pops:
Mbuti
Anatolia_N
Ami
Mixe
Ganj_Dareh_N
Onge
Villabruna
DevilsGate
Sherpa.LC

  0                   Yi    8
  1               Rhirhi    4
  2                 Mala   11
  3                Mbuti   10
  4           Anatolia_N   25
  5                  Ami   10
  6                 Mixe   10
  7         Ganj_Dareh_N    7
  8                 Onge   12
  9           Villabruna    1
 10           DevilsGate    4
 11            Sherpa.LC    9
jackknife block size:     0.050
snps: 498990  indivs: 111
number of blocks for block jackknife: 710
dof (jackknife):   583.317
numsnps used: 416070
f4info: 
f4rank: 0 dof:     16 chisq:  6190.197 tail:                    0 dofdiff:      0 chisqdiff:     0.000 taildiff:                    1

f4info: 
f4rank: 1 dof:      7 chisq:   259.875 tail:       2.18780907e-52 dofdiff:      9 chisqdiff:  5930.322 taildiff:                    0
B:
          scale     1.000 
     Anatolia_N    -0.275 
            Ami     1.493 
           Mixe     0.939 
   Ganj_Dareh_N    -0.395 
           Onge     0.369 
     Villabruna    -0.155 
     DevilsGate     1.496 
      Sherpa.LC     1.503 
A:
          scale   170.417 
         Rhirhi    -0.129 
           Mala    -1.408 

f4info: 
f4rank: 2 dof:      0 chisq:     0.000 tail:                    1 dofdiff:      7 chisqdiff:   259.875 taildiff:       2.18780907e-52
B:
          scale     1.000     1.000 
     Anatolia_N    -0.259     0.364 
            Ami     1.541     1.764 
           Mixe     0.962     0.500 
   Ganj_Dareh_N    -0.372     0.708 
           Onge     0.366     0.717 
     Villabruna    -0.169    -0.782 
     DevilsGate     1.483    -0.629 
      Sherpa.LC     1.461    -1.576 
A:
          scale   166.540  1788.003 
         Rhirhi    -0.168    -1.404 
           Mala    -1.404     0.168 

## end of run
