/home/cliu7/utils/AdmixTools/bin/qpAdm: parameter file: temp/param/qpAdm_Yi.Samdzong.Pulliyar.par79opjsva
### THE INPUT PARAMETERS
##PARAMETER NAME: VALUE
DIR: data/intermediate
S1: HO_all_merged.qpAdm
indivname: data/intermediate/HO_all_merged.qpAdm.grouped.ind
snpname: data/intermediate/HO_all_merged.qpAdm.snp
genotypename: data/intermediate/HO_all_merged.qpAdm.geno
popleft: temp/param/left.79opjsva
popright: temp/param/right.79opjsva
details: YES
## qpAdm version: 810
seed: -519527627
packed geno read OK
end of inpack

left pops:
Yi
Samdzong
Pulliyar

right pops:
Mbuti
Anatolia_N
Ami
Mixe
Ganj_Dareh_N
Onge
Villabruna
DevilsGate
Sherpa.LC

  0                   Yi    8
  1             Samdzong    9
  2             Pulliyar   35
  3                Mbuti   10
  4           Anatolia_N   25
  5                  Ami   10
  6                 Mixe   10
  7         Ganj_Dareh_N    7
  8                 Onge   12
  9           Villabruna    1
 10           DevilsGate    4
 11            Sherpa.LC    9
jackknife block size:     0.050
snps: 498990  indivs: 140
number of blocks for block jackknife: 710
## ncols: 498990
coverage:                   Yi 498990
coverage:             Samdzong 498985
coverage:             Pulliyar 459213
coverage:                Mbuti 498990
coverage:           Anatolia_N 498137
coverage:                  Ami 498990
coverage:                 Mixe 498990
coverage:         Ganj_Dareh_N 457128
coverage:                 Onge 498990
coverage:           Villabruna 415230
coverage:           DevilsGate 498716
coverage:            Sherpa.LC 498990
dof (jackknife):   584.946
numsnps used: 389536
codimension 1
f4info: 
f4rank: 1 dof:      7 chisq:   456.911 tail:       1.45629655e-94 dofdiff:      9 chisqdiff:  -456.911 taildiff:                    1
B:
          scale     1.000 
     Anatolia_N    -0.189 
            Ami     1.465 
           Mixe     0.998 
   Ganj_Dareh_N    -0.307 
           Onge     0.282 
     Villabruna    -0.129 
     DevilsGate     1.514 
      Sherpa.LC     1.529 
A:
          scale   172.472 
       Samdzong    -0.086 
       Pulliyar    -1.412 


full rank
f4info: 
f4rank: 2 dof:      0 chisq:     0.000 tail:                    1 dofdiff:      7 chisqdiff:   456.911 taildiff:       1.45629655e-94
B:
          scale     1.000     1.000 
     Anatolia_N    -0.188    -0.019 
            Ami     1.511     1.688 
           Mixe     1.000     0.262 
   Ganj_Dareh_N    -0.302     0.547 
           Onge     0.281     0.524 
     Villabruna    -0.127    -0.181 
     DevilsGate     1.500    -0.126 
      Sherpa.LC     1.498    -2.112 
A:
          scale   170.577  1863.796 
       Samdzong    -0.141    -1.412 
       Pulliyar    -1.407    -0.071 


best coefficients:     1.065    -0.065 
Jackknife mean:      1.064897380    -0.064897380 
      std. errors:     0.012     0.012 

error covariance (* 1000000)
       144       -144 
      -144        144 


summ: Yi    2      0.000000     1.065    -0.065   144  -144   144 

    fixed pat  wt  dof     chisq       tail prob
           00  0     7   456.911               0     1.065    -0.065  infeasible
           01  1     8   490.272               0     1.000    -0.000 
           10  1     8  5338.657               0     0.000     1.000 
best pat:           00                0              -  -
best pat:           01     8.59384e-101  chi(nested):    33.361 p-value for nested model:     7.65393e-09

coeffs:     1.065    -0.065 

## dscore:: f_4(Base, Fit, Rbase, right2)
## genstat:: f_4(Base, Fit, right1, right2)

details:        Samdzong      Anatolia_N     0.000149    0.954561
details:        Pulliyar      Anatolia_N     0.001517    7.151692
dscore:      Anatolia_N f4:     0.000061 Z:     0.371456

details:        Samdzong             Ami    -0.002559  -13.868680
details:        Pulliyar             Ami    -0.012596  -49.212164
dscore:             Ami f4:    -0.001910 Z:    -9.938997

details:        Samdzong            Mixe    -0.001058   -5.578913
details:        Pulliyar            Mixe    -0.008317  -31.775844
dscore:            Mixe f4:    -0.000589 Z:    -2.996002

details:        Samdzong    Ganj_Dareh_N    -0.000205   -1.112506
details:        Pulliyar    Ganj_Dareh_N     0.002434   10.150489
dscore:    Ganj_Dareh_N f4:    -0.000375 Z:    -1.951287

details:        Samdzong            Onge    -0.000668   -3.621002
details:        Pulliyar            Onge    -0.002382  -10.025666
dscore:            Onge f4:    -0.000557 Z:    -2.893001

details:        Samdzong      Villabruna     0.000228    0.958938
details:        Pulliyar      Villabruna     0.001023    3.294228
dscore:      Villabruna f4:     0.000177 Z:     0.705452

details:        Samdzong      DevilsGate    -0.001167   -5.459799
details:        Pulliyar      DevilsGate    -0.012432  -43.802964
dscore:      DevilsGate f4:    -0.000439 Z:    -1.971236

details:        Samdzong       Sherpa.LC     0.000329    1.828507
details:        Pulliyar       Sherpa.LC    -0.012333  -50.903794
dscore:       Sherpa.LC f4:     0.001148 Z:     6.098790

gendstat:                Mbuti           Anatolia_N     0.371
gendstat:                Mbuti                  Ami    -9.939
gendstat:                Mbuti                 Mixe    -2.996
gendstat:                Mbuti         Ganj_Dareh_N    -1.951
gendstat:                Mbuti                 Onge    -2.893
gendstat:                Mbuti           Villabruna     0.705
gendstat:                Mbuti           DevilsGate    -1.971
gendstat:                Mbuti            Sherpa.LC     6.099
gendstat:           Anatolia_N                  Ami   -10.785
gendstat:           Anatolia_N                 Mixe    -3.430
gendstat:           Anatolia_N         Ganj_Dareh_N    -2.683
gendstat:           Anatolia_N                 Onge    -3.509
gendstat:           Anatolia_N           Villabruna     0.532
gendstat:           Anatolia_N           DevilsGate    -2.299
gendstat:           Anatolia_N            Sherpa.LC     6.426
gendstat:                  Ami                 Mixe     7.254
gendstat:                  Ami         Ganj_Dareh_N     7.484
gendstat:                  Ami                 Onge     7.494
gendstat:                  Ami           Villabruna     8.002
gendstat:                  Ami           DevilsGate     7.825
gendstat:                  Ami            Sherpa.LC    20.974
gendstat:                 Mixe         Ganj_Dareh_N     0.982
gendstat:                 Mixe                 Onge     0.155
gendstat:                 Mixe           Villabruna     2.941
gendstat:                 Mixe           DevilsGate     0.671
gendstat:                 Mixe            Sherpa.LC     9.727
gendstat:         Ganj_Dareh_N                 Onge    -0.863
gendstat:         Ganj_Dareh_N           Villabruna     2.141
gendstat:         Ganj_Dareh_N           DevilsGate    -0.254
gendstat:         Ganj_Dareh_N            Sherpa.LC     7.480
gendstat:                 Onge           Villabruna     2.844
gendstat:                 Onge           DevilsGate     0.530
gendstat:                 Onge            Sherpa.LC     9.468
gendstat:           Villabruna           DevilsGate    -2.137
gendstat:           Villabruna            Sherpa.LC     3.751
gendstat:           DevilsGate            Sherpa.LC     8.393

## end of run
