/home/cliu7/utils/AdmixTools/bin/qpAdm: parameter file: temp/param/qpAdm_Gurung.Naxi.UpperMustang.LC.par3_yxdct9
### THE INPUT PARAMETERS
##PARAMETER NAME: VALUE
DIR: data/intermediate
S1: HO_all_merged.qpAdm
indivname: data/intermediate/HO_all_merged.qpAdm.grouped2.ind
snpname: data/intermediate/HO_all_merged.qpAdm.snp
genotypename: data/intermediate/HO_all_merged.qpAdm.geno
popleft: temp/param/left.3_yxdct9
popright: temp/param/right.3_yxdct9
details: YES
## qpAdm version: 810
seed: -2047712255
packed geno read OK
end of inpack

left pops:
Gurung
Naxi
UpperMustang.LC

right pops:
Mbuti
Anatolia_N
Ami
Mixe
Ganj_Dareh_N
Onge
Villabruna
DevilsGate
aACA

  0               Gurung    5
  1                 Naxi    9
  2      UpperMustang.LC   11
  3                Mbuti   10
  4           Anatolia_N   25
  5                  Ami   10
  6                 Mixe   10
  7         Ganj_Dareh_N    7
  8                 Onge   12
  9           Villabruna    1
 10           DevilsGate    4
 11                 aACA   32
jackknife block size:     0.050
snps: 498990  indivs: 136
number of blocks for block jackknife: 710
## ncols: 498990
coverage:               Gurung 498036
coverage:                 Naxi 498990
coverage:      UpperMustang.LC 498990
coverage:                Mbuti 498990
coverage:           Anatolia_N 498137
coverage:                  Ami 498990
coverage:                 Mixe 498990
coverage:         Ganj_Dareh_N 457128
coverage:                 Onge 498990
coverage:           Villabruna 415230
coverage:           DevilsGate 498716
coverage:                 aACA 498987
dof (jackknife):   583.615
numsnps used: 423642
codimension 1
f4info: 
f4rank: 1 dof:      7 chisq:   122.866 tail:       1.93735881e-23 dofdiff:      9 chisqdiff:  -122.866 taildiff:                    1
B:
          scale     1.000 
     Anatolia_N    -0.075 
            Ami     2.226 
           Mixe     0.880 
   Ganj_Dareh_N     0.151 
           Onge     0.645 
     Villabruna    -0.197 
     DevilsGate     1.300 
           aACA    -0.310 
A:
          scale  1752.706 
           Naxi     1.337 
UpperMustang.LC    -0.460 


full rank
f4info: 
f4rank: 2 dof:      0 chisq:     0.000 tail:                    1 dofdiff:      7 chisqdiff:   122.866 taildiff:       1.93735881e-23
B:
          scale     1.000     1.000 
     Anatolia_N    -0.221     0.213 
            Ami     1.911     1.207 
           Mixe     0.920     0.202 
   Ganj_Dareh_N    -0.446     0.859 
           Onge     0.270     0.792 
     Villabruna     0.084    -0.499 
     DevilsGate     1.586     0.035 
           aACA     0.812    -2.200 
A:
          scale  1146.283  3299.235 
           Naxi     1.311     0.451 
UpperMustang.LC     0.530    -1.340 


best coefficients:     0.256     0.744 
Jackknife mean:      0.255822383     0.744177617 
      std. errors:     0.048     0.048 

error covariance (* 1000000)
      2324      -2324 
     -2324       2324 


summ: Gurung    2      0.000000     0.256     0.744  2324 -2324  2324 

    fixed pat  wt  dof     chisq       tail prob
           00  0     7   122.866     1.93736e-23     0.256     0.744 
           01  1     8   377.718               0     1.000    -0.000 
           10  1     8   153.406     3.81701e-29     0.000     1.000 
best pat:           00      1.93736e-23              -  -
best pat:           10      3.81701e-29  chi(nested):    30.540 p-value for nested model:     3.27037e-08

coeffs:     0.256     0.744 

## dscore:: f_4(Base, Fit, Rbase, right2)
## genstat:: f_4(Base, Fit, right1, right2)

details:            Naxi      Anatolia_N    -0.000218   -1.506705
details: UpperMustang.LC      Anatolia_N    -0.000185   -1.287801
dscore:      Anatolia_N f4:    -0.000193 Z:    -1.467017

details:            Naxi             Ami     0.002360   13.947783
details: UpperMustang.LC             Ami     0.000401    2.220703
dscore:             Ami f4:     0.000903 Z:     5.496862

details:            Naxi            Mixe     0.001088    6.220201
details: UpperMustang.LC            Mixe     0.000349    1.861749
dscore:            Mixe f4:     0.000539 Z:     3.156756

details:            Naxi    Ganj_Dareh_N    -0.000388   -2.218676
details: UpperMustang.LC    Ganj_Dareh_N    -0.000553   -3.204219
dscore:    Ganj_Dareh_N f4:    -0.000511 Z:    -3.199668

details:            Naxi            Onge     0.000423    2.520923
details: UpperMustang.LC            Onge    -0.000193   -1.116789
dscore:            Onge f4:    -0.000035 Z:    -0.224376

details:            Naxi      Villabruna     0.000035    0.153675
details: UpperMustang.LC      Villabruna     0.000248    1.043249
dscore:      Villabruna f4:     0.000193 Z:     0.890888

details:            Naxi      DevilsGate     0.001831    8.956654
details: UpperMustang.LC      DevilsGate     0.000728    3.446948
dscore:      DevilsGate f4:     0.001011 Z:     5.183539

details:            Naxi            aACA     0.000637    4.078301
details: UpperMustang.LC            aACA     0.001276    7.599073
dscore:            aACA f4:     0.001112 Z:     7.276159

gendstat:                Mbuti           Anatolia_N    -1.467
gendstat:                Mbuti                  Ami     5.497
gendstat:                Mbuti                 Mixe     3.157
gendstat:                Mbuti         Ganj_Dareh_N    -3.200
gendstat:                Mbuti                 Onge    -0.224
gendstat:                Mbuti           Villabruna     0.891
gendstat:                Mbuti           DevilsGate     5.184
gendstat:                Mbuti                 aACA     7.276
gendstat:           Anatolia_N                  Ami     7.326
gendstat:           Anatolia_N                 Mixe     4.767
gendstat:           Anatolia_N         Ganj_Dareh_N    -2.404
gendstat:           Anatolia_N                 Onge     1.037
gendstat:           Anatolia_N           Villabruna     2.054
gendstat:           Anatolia_N           DevilsGate     6.472
gendstat:           Anatolia_N                 aACA     9.386
gendstat:                  Ami                 Mixe    -2.501
gendstat:                  Ami         Ganj_Dareh_N    -7.925
gendstat:                  Ami                 Onge    -5.867
gendstat:                  Ami           Villabruna    -3.134
gendstat:                  Ami           DevilsGate     0.674
gendstat:                  Ami                 aACA     1.950
gendstat:                 Mixe         Ganj_Dareh_N    -5.607
gendstat:                 Mixe                 Onge    -3.406
gendstat:                 Mixe           Villabruna    -1.523
gendstat:                 Mixe           DevilsGate     2.481
gendstat:                 Mixe                 aACA     4.092
gendstat:         Ganj_Dareh_N                 Onge     2.718
gendstat:         Ganj_Dareh_N           Villabruna     3.225
gendstat:         Ganj_Dareh_N           DevilsGate     7.261
gendstat:         Ganj_Dareh_N                 aACA     9.428
gendstat:                 Onge           Villabruna     1.028
gendstat:                 Onge           DevilsGate     5.223
gendstat:                 Onge                 aACA     7.579
gendstat:           Villabruna           DevilsGate     3.454
gendstat:           Villabruna                 aACA     4.201
gendstat:           DevilsGate                 aACA     0.642

## end of run
