/home/cliu7/utils/AdmixTools/bin/qpWave: parameter file: temp/param/qpAdm_Naga.Yi.Pathan.partabvu3cp
### THE INPUT PARAMETERS
##PARAMETER NAME: VALUE
DIR: data/intermediate
S1: HO_all_merged.qpAdm
indivname: data/intermediate/HO_all_merged.qpAdm.grouped2.ind
snpname: data/intermediate/HO_all_merged.qpAdm.snp
genotypename: data/intermediate/HO_all_merged.qpAdm.geno
popleft: temp/param/left.tabvu3cp
popright: temp/param/right.tabvu3cp
details: YES
## qpWave version: 410
packed geno read OK
end of inpack

left pops:
Naga
Yi
Pathan

right pops:
Mbuti
Anatolia_N
Ami
Mixe
Ganj_Dareh_N
Onge
Villabruna
DevilsGate
aACA

  0                 Naga    6
  1                   Yi    8
  2               Pathan   18
  3                Mbuti   10
  4           Anatolia_N   25
  5                  Ami   10
  6                 Mixe   10
  7         Ganj_Dareh_N    7
  8                 Onge   12
  9           Villabruna    1
 10           DevilsGate    4
 11                 aACA   32
jackknife block size:     0.050
snps: 498990  indivs: 143
number of blocks for block jackknife: 710
dof (jackknife):   583.335
numsnps used: 416441
f4info: 
f4rank: 0 dof:     16 chisq:  9194.331 tail:                    0 dofdiff:      0 chisqdiff:     0.000 taildiff:                    1

f4info: 
f4rank: 1 dof:      7 chisq:   115.625 tail:        6.2332132e-22 dofdiff:      9 chisqdiff:  9078.706 taildiff:                    0
B:
          scale     1.000 
     Anatolia_N    -0.572 
            Ami     1.440 
           Mixe     0.813 
   Ganj_Dareh_N    -0.576 
           Onge     0.590 
     Villabruna    -0.428 
     DevilsGate     1.431 
           aACA     1.424 
A:
          scale   135.274 
             Yi    -0.009 
         Pathan    -1.414 

f4info: 
f4rank: 2 dof:      0 chisq:     0.000 tail:                    1 dofdiff:      7 chisqdiff:   115.625 taildiff:        6.2332132e-22
B:
          scale     1.000     1.000 
     Anatolia_N    -0.592     0.454 
            Ami     1.393     2.133 
           Mixe     0.815    -0.189 
   Ganj_Dareh_N    -0.619     0.759 
           Onge     0.581     0.090 
     Villabruna    -0.427    -0.918 
     DevilsGate     1.433    -0.523 
           aACA     1.445    -1.227 
A:
          scale   136.755  4131.656 
             Yi     0.008     1.414 
         Pathan    -1.414     0.008 

## end of run
