/home/cliu7/utils/AdmixTools/bin/qpAdm: parameter file: temp/param/qpAdm_Naga.Naxi.Sherpa.LC.par6w45cn4p
### THE INPUT PARAMETERS
##PARAMETER NAME: VALUE
DIR: data/intermediate
S1: HO_all_merged.qpAdm
indivname: data/intermediate/HO_all_merged.qpAdm.grouped2.ind
snpname: data/intermediate/HO_all_merged.qpAdm.snp
genotypename: data/intermediate/HO_all_merged.qpAdm.geno
popleft: temp/param/left.6w45cn4p
popright: temp/param/right.6w45cn4p
details: YES
## qpAdm version: 810
seed: -1823230763
packed geno read OK
end of inpack

left pops:
Naga
Naxi
Sherpa.LC

right pops:
Mbuti
Anatolia_N
Ami
Mixe
Ganj_Dareh_N
Onge
Villabruna
DevilsGate
aACA

  0                 Naga    6
  1                 Naxi    9
  2            Sherpa.LC    9
  3                Mbuti   10
  4           Anatolia_N   25
  5                  Ami   10
  6                 Mixe   10
  7         Ganj_Dareh_N    7
  8                 Onge   12
  9           Villabruna    1
 10           DevilsGate    4
 11                 aACA   32
jackknife block size:     0.050
snps: 498990  indivs: 135
number of blocks for block jackknife: 710
## ncols: 498990
coverage:                 Naga 498990
coverage:                 Naxi 498990
coverage:            Sherpa.LC 498990
coverage:                Mbuti 498990
coverage:           Anatolia_N 498137
coverage:                  Ami 498990
coverage:                 Mixe 498990
coverage:         Ganj_Dareh_N 457128
coverage:                 Onge 498990
coverage:           Villabruna 415230
coverage:           DevilsGate 498716
coverage:                 aACA 498987
dof (jackknife):   583.317
numsnps used: 425312
codimension 1
f4info: 
f4rank: 1 dof:      7 chisq:    10.151 tail:          0.180149929 dofdiff:      9 chisqdiff:   -10.151 taildiff:                    1
B:
          scale     1.000 
     Anatolia_N    -0.145 
            Ami     2.310 
           Mixe     0.635 
   Ganj_Dareh_N    -0.099 
           Onge     0.574 
     Villabruna    -0.245 
     DevilsGate     0.766 
           aACA    -1.120 
A:
          scale  2323.587 
           Naxi     0.592 
      Sherpa.LC    -1.285 


full rank
f4info: 
f4rank: 2 dof:      0 chisq:     0.000 tail:                    1 dofdiff:      7 chisqdiff:    10.151 taildiff:          0.180149929
B:
          scale     1.000     1.000 
     Anatolia_N    -0.214    -0.883 
            Ami     2.253    -1.282 
           Mixe     0.770     1.161 
   Ganj_Dareh_N    -0.221    -1.177 
           Onge     0.639     0.161 
     Villabruna    -0.235     0.406 
     DevilsGate     0.886     0.846 
           aACA    -0.994     1.391 
A:
          scale  2159.935  7800.510 
           Naxi     0.327    -1.273 
      Sherpa.LC    -1.376    -0.616 


best coefficients:     0.685     0.315 
Jackknife mean:      0.684598622     0.315401378 
      std. errors:     0.036     0.036 

error covariance (* 1000000)
      1332      -1332 
     -1332       1332 


summ: Naga    2      0.180150     0.685     0.315  1332 -1332  1332 

    fixed pat  wt  dof     chisq       tail prob
           00  0     7    10.151         0.18015     0.685     0.315 
           01  1     8    74.295      6.8262e-13     1.000    -0.000 
           10  1     8   244.128               0     0.000     1.000 
best pat:           00          0.18015              -  -
best pat:           01       6.8262e-13  chi(nested):    64.144 p-value for nested model:     1.15672e-15

coeffs:     0.685     0.315 

## dscore:: f_4(Base, Fit, Rbase, right2)
## genstat:: f_4(Base, Fit, right1, right2)

details:            Naxi      Anatolia_N     0.000109    0.752048
details:       Sherpa.LC      Anatolia_N     0.000202    1.224813
dscore:      Anatolia_N f4:     0.000138 Z:     1.035025

details:            Naxi             Ami     0.000547    3.431308
details:       Sherpa.LC             Ami    -0.001340   -7.176516
dscore:             Ami f4:    -0.000048 Z:    -0.322373

details:            Naxi            Mixe    -0.000076   -0.445815
details:       Sherpa.LC            Mixe    -0.000588   -2.984020
dscore:            Mixe f4:    -0.000238 Z:    -1.495762

details:            Naxi    Ganj_Dareh_N     0.000158    0.924737
details:       Sherpa.LC    Ganj_Dareh_N     0.000231    1.218418
dscore:    Ganj_Dareh_N f4:     0.000181 Z:     1.155654

details:            Naxi            Onge     0.000069    0.410320
details:       Sherpa.LC            Onge    -0.000424   -2.230769
dscore:            Onge f4:    -0.000087 Z:    -0.563543

details:            Naxi      Villabruna    -0.000106   -0.471632
details:       Sherpa.LC      Villabruna     0.000113    0.451516
dscore:      Villabruna f4:    -0.000037 Z:    -0.177432

details:            Naxi      DevilsGate    -0.000009   -0.043774
details:       Sherpa.LC      DevilsGate    -0.000638   -2.881431
dscore:      DevilsGate f4:    -0.000207 Z:    -1.140225

details:            Naxi            aACA    -0.000381   -2.651668
details:       Sherpa.LC            aACA     0.000518    3.094030
dscore:            aACA f4:    -0.000097 Z:    -0.728702

gendstat:                Mbuti           Anatolia_N     1.035
gendstat:                Mbuti                  Ami    -0.322
gendstat:                Mbuti                 Mixe    -1.496
gendstat:                Mbuti         Ganj_Dareh_N     1.156
gendstat:                Mbuti                 Onge    -0.564
gendstat:                Mbuti           Villabruna    -0.177
gendstat:                Mbuti           DevilsGate    -1.140
gendstat:                Mbuti                 aACA    -0.729
gendstat:           Anatolia_N                  Ami    -1.286
gendstat:           Anatolia_N                 Mixe    -2.525
gendstat:           Anatolia_N         Ganj_Dareh_N     0.338
gendstat:           Anatolia_N                 Onge    -1.556
gendstat:           Anatolia_N           Villabruna    -0.985
gendstat:           Anatolia_N           DevilsGate    -2.111
gendstat:           Anatolia_N                 aACA    -1.876
gendstat:                  Ami                 Mixe    -1.351
gendstat:                  Ami         Ganj_Dareh_N     1.400
gendstat:                  Ami                 Onge    -0.266
gendstat:                  Ami           Villabruna     0.054
gendstat:                  Ami           DevilsGate    -1.080
gendstat:                  Ami                 aACA    -0.482
gendstat:                 Mixe         Ganj_Dareh_N     2.514
gendstat:                 Mixe                 Onge     0.964
gendstat:                 Mixe           Villabruna     0.960
gendstat:                 Mixe           DevilsGate     0.180
gendstat:                 Mixe                 aACA     1.149
gendstat:         Ganj_Dareh_N                 Onge    -1.660
gendstat:         Ganj_Dareh_N           Villabruna    -1.060
gendstat:         Ganj_Dareh_N           DevilsGate    -2.027
gendstat:         Ganj_Dareh_N                 aACA    -1.886
gendstat:                 Onge           Villabruna     0.236
gendstat:                 Onge           DevilsGate    -0.688
gendstat:                 Onge                 aACA    -0.080
gendstat:           Villabruna           DevilsGate    -0.743
gendstat:           Villabruna                 aACA    -0.306
gendstat:           DevilsGate                 aACA     0.778

## end of run
