/home/cliu7/utils/AdmixTools/bin/qpAdm: parameter file: temp/param/qpAdm_Naga.Tamang.Mala.par_nm9lyif
### THE INPUT PARAMETERS
##PARAMETER NAME: VALUE
DIR: data/intermediate
S1: HO_all_merged.qpAdm
indivname: data/intermediate/HO_all_merged.qpAdm.grouped2.ind
snpname: data/intermediate/HO_all_merged.qpAdm.snp
genotypename: data/intermediate/HO_all_merged.qpAdm.geno
popleft: temp/param/left._nm9lyif
popright: temp/param/right._nm9lyif
details: YES
## qpAdm version: 810
seed: 275392457
packed geno read OK
end of inpack

left pops:
Naga
Tamang
Mala

right pops:
Mbuti
Anatolia_N
Ami
Mixe
Ganj_Dareh_N
Onge
Villabruna
DevilsGate
aACA

  0                 Naga    6
  1               Tamang    7
  2                 Mala   11
  3                Mbuti   10
  4           Anatolia_N   25
  5                  Ami   10
  6                 Mixe   10
  7         Ganj_Dareh_N    7
  8                 Onge   12
  9           Villabruna    1
 10           DevilsGate    4
 11                 aACA   32
jackknife block size:     0.050
snps: 498990  indivs: 135
number of blocks for block jackknife: 710
## ncols: 498990
coverage:                 Naga 498990
coverage:               Tamang 498036
coverage:                 Mala 498990
coverage:                Mbuti 498990
coverage:           Anatolia_N 498137
coverage:                  Ami 498990
coverage:                 Mixe 498990
coverage:         Ganj_Dareh_N 457128
coverage:                 Onge 498990
coverage:           Villabruna 415230
coverage:           DevilsGate 498716
coverage:                 aACA 498987
dof (jackknife):   583.322
numsnps used: 418305
codimension 1
f4info: 
f4rank: 1 dof:      7 chisq:   129.513 tail:       7.94467363e-25 dofdiff:      9 chisqdiff:  -129.513 taildiff:                    1
B:
          scale     1.000 
     Anatolia_N    -0.298 
            Ami     1.424 
           Mixe     0.942 
   Ganj_Dareh_N    -0.400 
           Onge     0.346 
     Villabruna    -0.096 
     DevilsGate     1.499 
           aACA     1.569 
A:
          scale   169.215 
         Tamang    -0.280 
           Mala    -1.386 


full rank
f4info: 
f4rank: 2 dof:      0 chisq:     0.000 tail:                    1 dofdiff:      7 chisqdiff:   129.513 taildiff:       7.94467363e-25
B:
          scale     1.000     1.000 
     Anatolia_N    -0.286     0.175 
            Ami     1.424    -1.101 
           Mixe     0.954    -0.638 
   Ganj_Dareh_N    -0.416    -0.081 
           Onge     0.346    -0.156 
     Villabruna    -0.120     0.166 
     DevilsGate     1.504    -0.615 
           aACA     1.553     2.431 
A:
          scale   166.744  4069.524 
         Tamang    -0.314     1.340 
           Mala    -1.379     0.453 


best coefficients:     1.253    -0.253 
Jackknife mean:      1.253116443    -0.253116443 
      std. errors:     0.013     0.013 

error covariance (* 1000000)
       171       -171 
      -171        171 


summ: Naga    2      0.000000     1.253    -0.253   171  -171   171 

    fixed pat  wt  dof     chisq       tail prob
           00  0     7   129.513     7.94467e-25     1.253    -0.253  infeasible
           01  1     8   597.145               0     1.000    -0.000 
           10  1     8  5585.761               0     0.000     1.000 
best pat:           00      7.94467e-25              -  -
best pat:           01      9.6147e-124  chi(nested):   467.632 p-value for nested model:    1.05181e-103

coeffs:     1.253    -0.253 

## dscore:: f_4(Base, Fit, Rbase, right2)
## genstat:: f_4(Base, Fit, right1, right2)

details:          Tamang      Anatolia_N     0.000583    3.673503
details:            Mala      Anatolia_N     0.002339   10.844706
dscore:      Anatolia_N f4:     0.000140 Z:     0.797738

details:          Tamang             Ami    -0.003073  -16.643211
details:            Mala             Ami    -0.011978  -45.996493
dscore:             Ami f4:    -0.000824 Z:    -4.073307

details:          Tamang            Mixe    -0.002049  -10.694527
details:            Mala            Mixe    -0.008059  -30.133470
dscore:            Mixe f4:    -0.000531 Z:    -2.507610

details:          Tamang    Ganj_Dareh_N     0.000736    4.024539
details:            Mala    Ganj_Dareh_N     0.003416   13.473047
dscore:    Ganj_Dareh_N f4:     0.000060 Z:     0.298673

details:          Tamang            Onge    -0.000727   -3.896140
details:            Mala            Onge    -0.002938  -12.083494
dscore:            Onge f4:    -0.000168 Z:    -0.821542

details:          Tamang      Villabruna     0.000317    1.323857
details:            Mala      Villabruna     0.001023    3.038443
dscore:      Villabruna f4:     0.000139 Z:     0.527556

details:          Tamang      DevilsGate    -0.003110  -14.330829
details:            Mala      DevilsGate    -0.012623  -43.452917
dscore:      DevilsGate f4:    -0.000708 Z:    -2.967246

details:          Tamang            aACA    -0.002156  -13.072858
details:            Mala            aACA    -0.012654  -54.146338
dscore:            aACA f4:     0.000495 Z:     2.716217

gendstat:                Mbuti           Anatolia_N     0.798
gendstat:                Mbuti                  Ami    -4.073
gendstat:                Mbuti                 Mixe    -2.508
gendstat:                Mbuti         Ganj_Dareh_N     0.299
gendstat:                Mbuti                 Onge    -0.822
gendstat:                Mbuti           Villabruna     0.528
gendstat:                Mbuti           DevilsGate    -2.967
gendstat:                Mbuti                 aACA     2.716
gendstat:           Anatolia_N                  Ami    -4.909
gendstat:           Anatolia_N                 Mixe    -3.285
gendstat:           Anatolia_N         Ganj_Dareh_N    -0.482
gendstat:           Anatolia_N                 Onge    -1.675
gendstat:           Anatolia_N           Villabruna    -0.006
gendstat:           Anatolia_N           DevilsGate    -3.913
gendstat:           Anatolia_N                 aACA     1.955
gendstat:                  Ami                 Mixe     1.552
gendstat:                  Ami         Ganj_Dareh_N     4.138
gendstat:                  Ami                 Onge     3.396
gendstat:                  Ami           Villabruna     3.512
gendstat:                  Ami           DevilsGate     0.612
gendstat:                  Ami                 aACA     9.766
gendstat:                 Mixe         Ganj_Dareh_N     2.699
gendstat:                 Mixe                 Onge     1.756
gendstat:                 Mixe           Villabruna     2.417
gendstat:                 Mixe           DevilsGate    -0.785
gendstat:                 Mixe                 aACA     6.174
gendstat:         Ganj_Dareh_N                 Onge    -1.084
gendstat:         Ganj_Dareh_N           Villabruna     0.295
gendstat:         Ganj_Dareh_N           DevilsGate    -3.148
gendstat:         Ganj_Dareh_N                 aACA     2.120
gendstat:                 Onge           Villabruna     1.124
gendstat:                 Onge           DevilsGate    -2.354
gendstat:                 Onge                 aACA     3.684
gendstat:           Villabruna           DevilsGate    -2.820
gendstat:           Villabruna                 aACA     1.355
gendstat:           DevilsGate                 aACA     6.502

## end of run
