/home/cliu7/utils/AdmixTools/bin/qpWave: parameter file: temp/param/qpAdm_Tamang.Naga.UpperMustang.LC.parclwaym5b
### THE INPUT PARAMETERS
##PARAMETER NAME: VALUE
DIR: data/intermediate
S1: HO_all_merged.qpAdm
indivname: data/intermediate/HO_all_merged.qpAdm.grouped2.ind
snpname: data/intermediate/HO_all_merged.qpAdm.snp
genotypename: data/intermediate/HO_all_merged.qpAdm.geno
popleft: temp/param/left.clwaym5b
popright: temp/param/right.clwaym5b
details: YES
## qpWave version: 410
packed geno read OK
end of inpack

left pops:
Tamang
Naga
UpperMustang.LC

right pops:
Mbuti
Anatolia_N
Ami
Mixe
Ganj_Dareh_N
Onge
Villabruna
DevilsGate
aACA

  0               Tamang    7
  1                 Naga    6
  2      UpperMustang.LC   11
  3                Mbuti   10
  4           Anatolia_N   25
  5                  Ami   10
  6                 Mixe   10
  7         Ganj_Dareh_N    7
  8                 Onge   12
  9           Villabruna    1
 10           DevilsGate    4
 11                 aACA   32
jackknife block size:     0.050
snps: 498990  indivs: 135
number of blocks for block jackknife: 710
dof (jackknife):   583.408
numsnps used: 423173
f4info: 
f4rank: 0 dof:     16 chisq:   842.639 tail:      5.01553085e-169 dofdiff:      0 chisqdiff:     0.000 taildiff:                    1

f4info: 
f4rank: 1 dof:      7 chisq:   241.439 tail:       1.83663876e-48 dofdiff:      9 chisqdiff:   601.200 taildiff:      1.15731077e-123
B:
          scale     1.000 
     Anatolia_N    -0.347 
            Ami     1.433 
           Mixe     1.055 
   Ganj_Dareh_N    -0.489 
           Onge     0.235 
     Villabruna    -0.254 
     DevilsGate     1.566 
           aACA     1.380 
A:
          scale   632.179 
           Naga     1.069 
UpperMustang.LC     0.926 

f4info: 
f4rank: 2 dof:      0 chisq:     0.000 tail:                    1 dofdiff:      7 chisqdiff:   241.439 taildiff:       1.83663876e-48
B:
          scale     1.000     1.000 
     Anatolia_N    -0.315     0.091 
            Ami     1.486     1.229 
           Mixe     1.022     0.507 
   Ganj_Dareh_N    -0.443     0.577 
           Onge     0.297     0.833 
     Villabruna    -0.164    -0.015 
     DevilsGate     1.583     0.450 
           aACA     1.353    -2.235 
A:
          scale   614.544  4276.888 
           Naga     1.160     0.809 
UpperMustang.LC     0.809    -1.160 

## end of run
