/home/cliu7/utils/AdmixTools/bin/qpWave: parameter file: temp/param/qpAdm_Tamang.Naga.Mala.parjtpg1c14
### THE INPUT PARAMETERS
##PARAMETER NAME: VALUE
DIR: data/intermediate
S1: HO_all_merged.qpAdm
indivname: data/intermediate/HO_all_merged.qpAdm.grouped2.ind
snpname: data/intermediate/HO_all_merged.qpAdm.snp
genotypename: data/intermediate/HO_all_merged.qpAdm.geno
popleft: temp/param/left.jtpg1c14
popright: temp/param/right.jtpg1c14
details: YES
## qpWave version: 410
packed geno read OK
end of inpack

left pops:
Tamang
Naga
Mala

right pops:
Mbuti
Anatolia_N
Ami
Mixe
Ganj_Dareh_N
Onge
Villabruna
DevilsGate
aACA

  0               Tamang    7
  1                 Naga    6
  2                 Mala   11
  3                Mbuti   10
  4           Anatolia_N   25
  5                  Ami   10
  6                 Mixe   10
  7         Ganj_Dareh_N    7
  8                 Onge   12
  9           Villabruna    1
 10           DevilsGate    4
 11                 aACA   32
jackknife block size:     0.050
snps: 498990  indivs: 135
number of blocks for block jackknife: 710
dof (jackknife):   583.322
numsnps used: 418305
f4info: 
f4rank: 0 dof:     16 chisq:  6289.418 tail:                    0 dofdiff:      0 chisqdiff:     0.000 taildiff:                    1

f4info: 
f4rank: 1 dof:      7 chisq:   133.576 tail:       1.12405922e-25 dofdiff:      9 chisqdiff:  6155.842 taildiff:                    0
B:
          scale     1.000 
     Anatolia_N    -0.293 
            Ami     1.424 
           Mixe     0.943 
   Ganj_Dareh_N    -0.393 
           Onge     0.350 
     Villabruna    -0.091 
     DevilsGate     1.499 
           aACA     1.570 
A:
          scale   208.898 
           Naga     0.345 
           Mala    -1.371 

f4info: 
f4rank: 2 dof:      0 chisq:     0.000 tail:                    1 dofdiff:      7 chisqdiff:   133.576 taildiff:       1.12405922e-25
B:
          scale     1.000     1.000 
     Anatolia_N    -0.276    -0.175 
            Ami     1.402     1.172 
           Mixe     0.946     0.729 
   Ganj_Dareh_N    -0.414     0.120 
           Onge     0.347     0.200 
     Villabruna    -0.114    -0.277 
     DevilsGate     1.491     0.818 
           aACA     1.592    -2.294 
A:
          scale   210.800  3693.279 
           Naga     0.397     1.357 
           Mala    -1.357     0.397 

## end of run
