/home/cliu7/utils/AdmixTools/bin/qpWave: parameter file: temp/param/qpAdm_Tamang.Naxi.Pathan.par923hd3kt
### THE INPUT PARAMETERS
##PARAMETER NAME: VALUE
DIR: data/intermediate
S1: HO_all_merged.qpAdm
indivname: data/intermediate/HO_all_merged.qpAdm.grouped2.ind
snpname: data/intermediate/HO_all_merged.qpAdm.snp
genotypename: data/intermediate/HO_all_merged.qpAdm.geno
popleft: temp/param/left.923hd3kt
popright: temp/param/right.923hd3kt
details: YES
## qpWave version: 410
packed geno read OK
end of inpack

left pops:
Tamang
Naxi
Pathan

right pops:
Mbuti
Anatolia_N
Ami
Mixe
Ganj_Dareh_N
Onge
Villabruna
DevilsGate
aACA

  0               Tamang    7
  1                 Naxi    9
  2               Pathan   18
  3                Mbuti   10
  4           Anatolia_N   25
  5                  Ami   10
  6                 Mixe   10
  7         Ganj_Dareh_N    7
  8                 Onge   12
  9           Villabruna    1
 10           DevilsGate    4
 11                 aACA   32
jackknife block size:     0.050
snps: 498990  indivs: 145
number of blocks for block jackknife: 710
dof (jackknife):   583.361
numsnps used: 415626
f4info: 
f4rank: 0 dof:     16 chisq: 10092.593 tail:                    0 dofdiff:      0 chisqdiff:     0.000 taildiff:                    1

f4info: 
f4rank: 1 dof:      7 chisq:   383.068 tail:       1.01744868e-78 dofdiff:      9 chisqdiff:  9709.525 taildiff:                    0
B:
          scale     1.000 
     Anatolia_N    -0.604 
            Ami     1.407 
           Mixe     0.767 
   Ganj_Dareh_N    -0.613 
           Onge     0.591 
     Villabruna    -0.449 
     DevilsGate     1.440 
           aACA     1.438 
A:
          scale   157.245 
           Naxi     0.234 
         Pathan    -1.395 

f4info: 
f4rank: 2 dof:      0 chisq:     0.000 tail:                    1 dofdiff:      7 chisqdiff:   383.068 taildiff:       1.01744868e-78
B:
          scale     1.000     1.000 
     Anatolia_N    -0.635     0.989 
            Ami     1.362     1.587 
           Mixe     0.765     0.797 
   Ganj_Dareh_N    -0.652     0.884 
           Onge     0.613    -0.482 
     Villabruna    -0.472     0.625 
     DevilsGate     1.392     0.760 
           aACA     1.481    -1.374 
A:
          scale   162.704  1955.427 
           Naxi     0.302     1.382 
         Pathan    -1.382     0.302 

## end of run
