/home/cliu7/utils/AdmixTools/bin/qpAdm: parameter file: temp/param/qpAdm_Tamang.Naxi.Mala.par4hvu_kx4
### THE INPUT PARAMETERS
##PARAMETER NAME: VALUE
DIR: data/intermediate
S1: HO_all_merged.qpAdm
indivname: data/intermediate/HO_all_merged.qpAdm.grouped2.ind
snpname: data/intermediate/HO_all_merged.qpAdm.snp
genotypename: data/intermediate/HO_all_merged.qpAdm.geno
popleft: temp/param/left.4hvu_kx4
popright: temp/param/right.4hvu_kx4
details: YES
## qpAdm version: 810
seed: 527924800
packed geno read OK
end of inpack

left pops:
Tamang
Naxi
Mala

right pops:
Mbuti
Anatolia_N
Ami
Mixe
Ganj_Dareh_N
Onge
Villabruna
DevilsGate
aACA

  0               Tamang    7
  1                 Naxi    9
  2                 Mala   11
  3                Mbuti   10
  4           Anatolia_N   25
  5                  Ami   10
  6                 Mixe   10
  7         Ganj_Dareh_N    7
  8                 Onge   12
  9           Villabruna    1
 10           DevilsGate    4
 11                 aACA   32
jackknife block size:     0.050
snps: 498990  indivs: 138
number of blocks for block jackknife: 710
## ncols: 498990
coverage:               Tamang 498036
coverage:                 Naxi 498990
coverage:                 Mala 498990
coverage:                Mbuti 498990
coverage:           Anatolia_N 498137
coverage:                  Ami 498990
coverage:                 Mixe 498990
coverage:         Ganj_Dareh_N 457128
coverage:                 Onge 498990
coverage:           Villabruna 415230
coverage:           DevilsGate 498716
coverage:                 aACA 498987
dof (jackknife):   583.328
numsnps used: 417950
codimension 1
f4info: 
f4rank: 1 dof:      7 chisq:   359.062 tail:       1.41406928e-73 dofdiff:      9 chisqdiff:  -359.062 taildiff:                    1
B:
          scale     1.000 
     Anatolia_N    -0.268 
            Ami     1.478 
           Mixe     0.920 
   Ganj_Dareh_N    -0.387 
           Onge     0.353 
     Villabruna    -0.091 
     DevilsGate     1.521 
           aACA     1.516 
A:
          scale   206.405 
           Naxi     0.340 
           Mala    -1.373 


full rank
f4info: 
f4rank: 2 dof:      0 chisq:     0.000 tail:                    1 dofdiff:      7 chisqdiff:   359.062 taildiff:       1.41406928e-73
B:
          scale     1.000     1.000 
     Anatolia_N    -0.275     0.085 
            Ami     1.460     1.484 
           Mixe     0.945     0.236 
   Ganj_Dareh_N    -0.405     0.347 
           Onge     0.350     0.178 
     Villabruna    -0.130    -0.291 
     DevilsGate     1.501     0.329 
           aACA     1.531    -2.322 
A:
          scale   212.125  2337.167 
           Naxi     0.412     1.227 
           Mala    -1.353     0.703 


best coefficients:     0.802     0.198 
Jackknife mean:      0.801556727     0.198443273 
      std. errors:     0.009     0.009 

error covariance (* 1000000)
        76        -76 
       -76         76 


summ: Tamang    2      0.000000     0.802     0.198    76   -76    76 

    fixed pat  wt  dof     chisq       tail prob
           00  0     7   359.062               0     0.802     0.198 
           01  1     8   809.095               0     1.000    -0.000 
           10  1     8  4803.893               0     0.000     1.000 
best pat:           00      1.41407e-73              -  -
best pat:           01     2.25501e-169  chi(nested):   450.033 p-value for nested model:    7.10955e-100

coeffs:     0.802     0.198 

## dscore:: f_4(Base, Fit, Rbase, right2)
## genstat:: f_4(Base, Fit, right1, right2)

details:            Naxi      Anatolia_N    -0.000478   -3.297293
details:            Mala      Anatolia_N     0.001757    9.458782
dscore:      Anatolia_N f4:    -0.000035 Z:    -0.264455

details:            Naxi             Ami     0.003628   21.701325
details:            Mala             Ami    -0.008912  -40.465115
dscore:             Ami f4:     0.001141 Z:     7.522440

details:            Naxi            Mixe     0.001971   11.230920
details:            Mala            Mixe    -0.006015  -25.986147
dscore:            Mixe f4:     0.000388 Z:     2.456337

details:            Naxi    Ganj_Dareh_N    -0.000581   -3.592835
details:            Mala    Ganj_Dareh_N     0.002682   12.741826
dscore:    Ganj_Dareh_N f4:     0.000066 Z:     0.453905

details:            Naxi            Onge     0.000792    4.679689
details:            Mala            Onge    -0.002213  -10.772855
dscore:            Onge f4:     0.000196 Z:     1.297880

details:            Naxi      Villabruna    -0.000431   -2.016008
details:            Mala      Villabruna     0.000707    2.467991
dscore:      Villabruna f4:    -0.000205 Z:    -1.057084

details:            Naxi      DevilsGate     0.003103   16.117589
details:            Mala      DevilsGate    -0.009521  -38.698644
dscore:      DevilsGate f4:     0.000600 Z:     3.444906

details:            Naxi            aACA     0.001768   11.254646
details:            Mala            aACA    -0.010507  -52.110228
dscore:            aACA f4:    -0.000666 Z:    -4.702752

gendstat:                Mbuti           Anatolia_N    -0.264
gendstat:                Mbuti                  Ami     7.522
gendstat:                Mbuti                 Mixe     2.456
gendstat:                Mbuti         Ganj_Dareh_N     0.454
gendstat:                Mbuti                 Onge     1.298
gendstat:                Mbuti           Villabruna    -1.057
gendstat:                Mbuti           DevilsGate     3.445
gendstat:                Mbuti                 aACA    -4.703
gendstat:           Anatolia_N                  Ami     7.785
gendstat:           Anatolia_N                 Mixe     2.726
gendstat:           Anatolia_N         Ganj_Dareh_N     0.837
gendstat:           Anatolia_N                 Onge     1.673
gendstat:           Anatolia_N           Villabruna    -1.023
gendstat:           Anatolia_N           DevilsGate     3.647
gendstat:           Anatolia_N                 aACA    -4.442
gendstat:                  Ami                 Mixe    -5.508
gendstat:                  Ami         Ganj_Dareh_N    -6.449
gendstat:                  Ami                 Onge    -6.785
gendstat:                  Ami           Villabruna    -6.603
gendstat:                  Ami           DevilsGate    -3.926
gendstat:                  Ami                 aACA   -17.962
gendstat:                 Mixe         Ganj_Dareh_N    -1.899
gendstat:                 Mixe                 Onge    -1.246
gendstat:                 Mixe           Villabruna    -2.869
gendstat:                 Mixe           DevilsGate     1.335
gendstat:                 Mixe                 aACA    -8.448
gendstat:         Ganj_Dareh_N                 Onge     0.850
gendstat:         Ganj_Dareh_N           Villabruna    -1.430
gendstat:         Ganj_Dareh_N           DevilsGate     2.890
gendstat:         Ganj_Dareh_N                 aACA    -4.571
gendstat:                 Onge           Villabruna    -2.006
gendstat:                 Onge           DevilsGate     2.334
gendstat:                 Onge                 aACA    -6.511
gendstat:           Villabruna           DevilsGate     3.602
gendstat:           Villabruna                 aACA    -2.330
gendstat:           DevilsGate                 aACA    -9.804

## end of run
