/home/cliu7/utils/AdmixTools/bin/qpWave: parameter file: temp/param/qpAdm_Tamang.Yi.Pulliyar.parsoeu1pe7
### THE INPUT PARAMETERS
##PARAMETER NAME: VALUE
DIR: data/intermediate
S1: HO_all_merged.qpAdm
indivname: data/intermediate/HO_all_merged.qpAdm.grouped2.ind
snpname: data/intermediate/HO_all_merged.qpAdm.snp
genotypename: data/intermediate/HO_all_merged.qpAdm.geno
popleft: temp/param/left.soeu1pe7
popright: temp/param/right.soeu1pe7
details: YES
## qpWave version: 410
packed geno read OK
end of inpack

left pops:
Tamang
Yi
Pulliyar

right pops:
Mbuti
Anatolia_N
Ami
Mixe
Ganj_Dareh_N
Onge
Villabruna
DevilsGate
aACA

  0               Tamang    7
  1                   Yi    8
  2             Pulliyar   35
  3                Mbuti   10
  4           Anatolia_N   25
  5                  Ami   10
  6                 Mixe   10
  7         Ganj_Dareh_N    7
  8                 Onge   12
  9           Villabruna    1
 10           DevilsGate    4
 11                 aACA   32
jackknife block size:     0.050
snps: 498990  indivs: 161
number of blocks for block jackknife: 710
dof (jackknife):   584.939
numsnps used: 388484
f4info: 
f4rank: 0 dof:     16 chisq:  6076.867 tail:                    0 dofdiff:      0 chisqdiff:     0.000 taildiff:                    1

f4info: 
f4rank: 1 dof:      7 chisq:   422.554 tail:       3.46210912e-87 dofdiff:      9 chisqdiff:  5654.314 taildiff:                    0
B:
          scale     1.000 
     Anatolia_N    -0.192 
            Ami     1.507 
           Mixe     0.979 
   Ganj_Dareh_N    -0.279 
           Onge     0.304 
     Villabruna    -0.144 
     DevilsGate     1.525 
           aACA     1.490 
A:
          scale   211.264 
             Yi     0.393 
       Pulliyar    -1.358 

f4info: 
f4rank: 2 dof:      0 chisq:     0.000 tail:                    1 dofdiff:      7 chisqdiff:   422.554 taildiff:       3.46210912e-87
B:
          scale     1.000     1.000 
     Anatolia_N    -0.176     0.151 
            Ami     1.439    -1.734 
           Mixe     1.002    -0.157 
   Ganj_Dareh_N    -0.302    -0.106 
           Onge     0.265    -0.472 
     Villabruna    -0.083     0.810 
     DevilsGate     1.498    -0.211 
           aACA     1.576     2.003 
A:
          scale   215.073  2140.914 
             Yi     0.427    -1.348 
       Pulliyar    -1.348    -0.427 

## end of run
