/home/cliu7/utils/AdmixTools/bin/qpAdm: parameter file: temp/param/qpAdm_Tamang.Yi.Sherpa.LC.pari8b61yyt
### THE INPUT PARAMETERS
##PARAMETER NAME: VALUE
DIR: data/intermediate
S1: HO_all_merged.qpAdm
indivname: data/intermediate/HO_all_merged.qpAdm.grouped2.ind
snpname: data/intermediate/HO_all_merged.qpAdm.snp
genotypename: data/intermediate/HO_all_merged.qpAdm.geno
popleft: temp/param/left.i8b61yyt
popright: temp/param/right.i8b61yyt
details: YES
## qpAdm version: 810
seed: -1103199043
packed geno read OK
end of inpack

left pops:
Tamang
Yi
Sherpa.LC

right pops:
Mbuti
Anatolia_N
Ami
Mixe
Ganj_Dareh_N
Onge
Villabruna
DevilsGate
aACA

  0               Tamang    7
  1                   Yi    8
  2            Sherpa.LC    9
  3                Mbuti   10
  4           Anatolia_N   25
  5                  Ami   10
  6                 Mixe   10
  7         Ganj_Dareh_N    7
  8                 Onge   12
  9           Villabruna    1
 10           DevilsGate    4
 11                 aACA   32
jackknife block size:     0.050
snps: 498990  indivs: 135
number of blocks for block jackknife: 710
## ncols: 498990
coverage:               Tamang 498036
coverage:                   Yi 498990
coverage:            Sherpa.LC 498990
coverage:                Mbuti 498990
coverage:           Anatolia_N 498137
coverage:                  Ami 498990
coverage:                 Mixe 498990
coverage:         Ganj_Dareh_N 457128
coverage:                 Onge 498990
coverage:           Villabruna 415230
coverage:           DevilsGate 498716
coverage:                 aACA 498987
dof (jackknife):   583.369
numsnps used: 422915
codimension 1
f4info: 
f4rank: 1 dof:      7 chisq:   401.537 tail:       1.11649203e-82 dofdiff:      9 chisqdiff:  -401.537 taildiff:                    1
B:
          scale     1.000 
     Anatolia_N    -0.174 
            Ami     2.150 
           Mixe     1.043 
   Ganj_Dareh_N    -0.172 
           Onge     0.339 
     Villabruna    -0.423 
     DevilsGate     1.302 
           aACA     0.492 
A:
          scale   931.761 
             Yi     1.397 
      Sherpa.LC     0.222 


full rank
f4info: 
f4rank: 2 dof:      0 chisq:     0.000 tail:                    1 dofdiff:      7 chisqdiff:   401.537 taildiff:       1.11649203e-82
B:
          scale     1.000     1.000 
     Anatolia_N    -0.245    -0.062 
            Ami     1.676    -1.786 
           Mixe     1.000    -0.082 
   Ganj_Dareh_N    -0.288    -0.180 
           Onge     0.325    -0.448 
     Villabruna    -0.271     0.431 
     DevilsGate     1.555     0.359 
           aACA     1.206     2.062 
A:
          scale   576.827  2746.445 
             Yi     1.138    -0.790 
      Sherpa.LC     0.840     1.173 


best coefficients:    -0.189     1.189 
Jackknife mean:     -0.187500158     1.187500158 
      std. errors:     0.118     0.118 

error covariance (* 1000000)
     13975     -13975 
    -13975      13975 


summ: Tamang    2      0.000000    -0.188     1.188 13975 -13975 13975 

    fixed pat  wt  dof     chisq       tail prob
           00  0     7   401.537               0    -0.189     1.189  infeasible
           01  1     8   952.017               0     1.000     0.000 
           10  1     8   409.327               0     0.000     1.000 
best pat:           00                0              -  -
best pat:           10      1.89287e-83  chi(nested):     7.790 p-value for nested model:      0.00525454

coeffs:    -0.189     1.189 

## dscore:: f_4(Base, Fit, Rbase, right2)
## genstat:: f_4(Base, Fit, right1, right2)

details:              Yi      Anatolia_N    -0.000459   -3.454489
details:       Sherpa.LC      Anatolia_N    -0.000375   -2.437102
dscore:      Anatolia_N f4:    -0.000360 Z:    -2.077756

details:              Yi             Ami     0.003835   22.970134
details:       Sherpa.LC             Ami     0.001692    9.253603
dscore:             Ami f4:     0.001286 Z:     6.331535

details:              Yi            Mixe     0.002010   11.330032
details:       Sherpa.LC            Mixe     0.001438    7.464443
dscore:            Mixe f4:     0.001329 Z:     6.176233

details:              Yi    Ganj_Dareh_N    -0.000511   -3.244749
details:       Sherpa.LC    Ganj_Dareh_N    -0.000491   -2.780120
dscore:    Ganj_Dareh_N f4:    -0.000488 Z:    -2.470277

details:              Yi            Onge     0.000780    5.061718
details:       Sherpa.LC            Onge     0.000292    1.589734
dscore:            Onge f4:     0.000200 Z:     0.969184

details:              Yi      Villabruna    -0.000653   -3.286225
details:       Sherpa.LC      Villabruna    -0.000200   -0.824100
dscore:      Villabruna f4:    -0.000114 Z:    -0.418013

details:              Yi      DevilsGate     0.002981   15.598331
details:       Sherpa.LC      DevilsGate     0.002438   11.402003
dscore:      DevilsGate f4:     0.002335 Z:     9.868353

details:              Yi            aACA     0.001800   11.692013
details:       Sherpa.LC            aACA     0.002651   15.401119
dscore:            aACA f4:     0.002813 Z:    14.786712

gendstat:                Mbuti           Anatolia_N    -2.078
gendstat:                Mbuti                  Ami     6.332
gendstat:                Mbuti                 Mixe     6.176
gendstat:                Mbuti         Ganj_Dareh_N    -2.470
gendstat:                Mbuti                 Onge     0.969
gendstat:                Mbuti           Villabruna    -0.418
gendstat:                Mbuti           DevilsGate     9.868
gendstat:                Mbuti                 aACA    14.787
gendstat:           Anatolia_N                  Ami     8.358
gendstat:           Anatolia_N                 Mixe     8.101
gendstat:           Anatolia_N         Ganj_Dareh_N    -0.718
gendstat:           Anatolia_N                 Onge     2.887
gendstat:           Anatolia_N           Villabruna     1.091
gendstat:           Anatolia_N           DevilsGate    11.222
gendstat:           Anatolia_N                 aACA    16.640
gendstat:                  Ami                 Mixe     0.227
gendstat:                  Ami         Ganj_Dareh_N    -7.760
gendstat:                  Ami                 Onge    -5.585
gendstat:                  Ami           Villabruna    -5.006
gendstat:                  Ami           DevilsGate     5.471
gendstat:                  Ami                 aACA    10.936
gendstat:                 Mixe         Ganj_Dareh_N    -7.692
gendstat:                 Mixe                 Onge    -5.136
gendstat:                 Mixe           Villabruna    -5.101
gendstat:                 Mixe           DevilsGate     4.591
gendstat:                 Mixe                 aACA     8.853
gendstat:         Ganj_Dareh_N                 Onge     2.950
gendstat:         Ganj_Dareh_N           Villabruna     1.361
gendstat:         Ganj_Dareh_N           DevilsGate    10.381
gendstat:         Ganj_Dareh_N                 aACA    14.810
gendstat:                 Onge           Villabruna    -1.130
gendstat:                 Onge           DevilsGate     8.959
gendstat:                 Onge                 aACA    14.260
gendstat:           Villabruna           DevilsGate     7.778
gendstat:           Villabruna                 aACA    10.659
gendstat:           DevilsGate                 aACA     2.544

## end of run
