/home/cliu7/utils/AdmixTools/bin/qpAdm: parameter file: temp/param/qpAdm_Tamang.Yi.Pathan.pardsc7bj69
### THE INPUT PARAMETERS
##PARAMETER NAME: VALUE
DIR: data/intermediate
S1: HO_all_merged.qpAdm
indivname: data/intermediate/HO_all_merged.qpAdm.grouped2.ind
snpname: data/intermediate/HO_all_merged.qpAdm.snp
genotypename: data/intermediate/HO_all_merged.qpAdm.geno
popleft: temp/param/left.dsc7bj69
popright: temp/param/right.dsc7bj69
details: YES
## qpAdm version: 810
seed: -1496663617
packed geno read OK
end of inpack

left pops:
Tamang
Yi
Pathan

right pops:
Mbuti
Anatolia_N
Ami
Mixe
Ganj_Dareh_N
Onge
Villabruna
DevilsGate
aACA

  0               Tamang    7
  1                   Yi    8
  2               Pathan   18
  3                Mbuti   10
  4           Anatolia_N   25
  5                  Ami   10
  6                 Mixe   10
  7         Ganj_Dareh_N    7
  8                 Onge   12
  9           Villabruna    1
 10           DevilsGate    4
 11                 aACA   32
jackknife block size:     0.050
snps: 498990  indivs: 144
number of blocks for block jackknife: 710
## ncols: 498990
coverage:               Tamang 498036
coverage:                   Yi 498990
coverage:               Pathan 498990
coverage:                Mbuti 498990
coverage:           Anatolia_N 498137
coverage:                  Ami 498990
coverage:                 Mixe 498990
coverage:         Ganj_Dareh_N 457128
coverage:                 Onge 498990
coverage:           Villabruna 415230
coverage:           DevilsGate 498716
coverage:                 aACA 498987
dof (jackknife):   583.331
numsnps used: 415646
codimension 1
f4info: 
f4rank: 1 dof:      7 chisq:   435.946 tail:       4.62384057e-90 dofdiff:      9 chisqdiff:  -435.946 taildiff:                    1
B:
          scale     1.000 
     Anatolia_N    -0.600 
            Ami     1.417 
           Mixe     0.782 
   Ganj_Dareh_N    -0.588 
           Onge     0.598 
     Villabruna    -0.484 
     DevilsGate     1.424 
           aACA     1.433 
A:
          scale   157.917 
             Yi     0.243 
         Pathan    -1.393 


full rank
f4info: 
f4rank: 2 dof:      0 chisq:     0.000 tail:                    1 dofdiff:      7 chisqdiff:   435.946 taildiff:       4.62384057e-90
B:
          scale     1.000     1.000 
     Anatolia_N    -0.609     0.929 
            Ami     1.411     1.550 
           Mixe     0.785     0.540 
   Ganj_Dareh_N    -0.625     0.837 
           Onge     0.597    -0.734 
     Villabruna    -0.467     0.148 
     DevilsGate     1.402     0.223 
           aACA     1.446    -1.770 
A:
          scale   163.246  1910.956 
             Yi     0.320     1.236 
         Pathan    -1.378     0.688 


best coefficients:     0.852     0.148 
Jackknife mean:      0.851588252     0.148411748 
      std. errors:     0.006     0.006 

error covariance (* 1000000)
        38        -38 
       -38         38 


summ: Tamang    2      0.000000     0.852     0.148    38   -38    38 

    fixed pat  wt  dof     chisq       tail prob
           00  0     7   435.946               0     0.852     0.148 
           01  1     8   949.503               0     1.000    -0.000 
           10  1     8  7891.220               0     0.000     1.000 
best pat:           00      4.62384e-90              -  -
best pat:           01     1.18028e-199  chi(nested):   513.558 p-value for nested model:    1.06917e-113

coeffs:     0.852     0.148 

## dscore:: f_4(Base, Fit, Rbase, right2)
## genstat:: f_4(Base, Fit, right1, right2)

details:              Yi      Anatolia_N    -0.000467   -3.451477
details:          Pathan      Anatolia_N     0.005548   29.199434
dscore:      Anatolia_N f4:     0.000425 Z:     3.438916

details:              Yi             Ami     0.003902   22.958198
details:          Pathan             Ami    -0.011321  -49.005520
dscore:             Ami f4:     0.001644 Z:    10.537865

details:              Yi            Mixe     0.002045   11.323450
details:          Pathan            Mixe    -0.006373  -25.563718
dscore:            Mixe f4:     0.000797 Z:     4.828062

details:              Yi    Ganj_Dareh_N    -0.000520   -3.242055
details:          Pathan    Ganj_Dareh_N     0.005671   25.970889
dscore:    Ganj_Dareh_N f4:     0.000398 Z:     2.723509

details:              Yi            Onge     0.000794    5.059589
details:          Pathan            Onge    -0.005279  -24.718002
dscore:            Onge f4:    -0.000107 Z:    -0.745174

details:              Yi      Villabruna    -0.000664   -3.283780
details:          Pathan      Villabruna     0.004101   14.360400
dscore:      Villabruna f4:     0.000042 Z:     0.225913

details:              Yi      DevilsGate     0.003033   15.593651
details:          Pathan      DevilsGate    -0.011706  -45.035423
dscore:      DevilsGate f4:     0.000848 Z:     4.750022

details:              Yi            aACA     0.001832   11.683524
details:          Pathan            aACA    -0.012790  -61.564149
dscore:            aACA f4:    -0.000337 Z:    -2.341859

gendstat:                Mbuti           Anatolia_N     3.439
gendstat:                Mbuti                  Ami    10.538
gendstat:                Mbuti                 Mixe     4.828
gendstat:                Mbuti         Ganj_Dareh_N     2.724
gendstat:                Mbuti                 Onge    -0.745
gendstat:                Mbuti           Villabruna     0.226
gendstat:                Mbuti           DevilsGate     4.750
gendstat:                Mbuti                 aACA    -2.342
gendstat:           Anatolia_N                  Ami     8.346
gendstat:           Anatolia_N                 Mixe     2.453
gendstat:           Anatolia_N         Ganj_Dareh_N    -0.224
gendstat:           Anatolia_N                 Onge    -4.119
gendstat:           Anatolia_N           Villabruna    -2.303
gendstat:           Anatolia_N           DevilsGate     2.449
gendstat:           Anatolia_N                 aACA    -5.510
gendstat:                  Ami                 Mixe    -6.346
gendstat:                  Ami         Ganj_Dareh_N    -7.623
gendstat:                  Ami                 Onge   -12.359
gendstat:                  Ami           Villabruna    -8.006
gendstat:                  Ami           DevilsGate    -5.588
gendstat:                  Ami                 aACA   -19.497
gendstat:                 Mixe         Ganj_Dareh_N    -2.359
gendstat:                 Mixe                 Onge    -5.802
gendstat:                 Mixe           Villabruna    -3.704
gendstat:                 Mixe           DevilsGate     0.309
gendstat:                 Mixe                 aACA    -9.128
gendstat:         Ganj_Dareh_N                 Onge    -3.224
gendstat:         Ganj_Dareh_N           Villabruna    -1.851
gendstat:         Ganj_Dareh_N           DevilsGate     2.382
gendstat:         Ganj_Dareh_N                 aACA    -4.615
gendstat:                 Onge           Villabruna     0.766
gendstat:                 Onge           DevilsGate     5.503
gendstat:                 Onge                 aACA    -1.702
gendstat:           Villabruna           DevilsGate     3.662
gendstat:           Villabruna                 aACA    -1.946
gendstat:           DevilsGate                 aACA    -8.627

## end of run
