/home/cliu7/utils/AdmixTools/bin/qpAdm: parameter file: temp/param/qpAdm_Gurung.Sherpa.LC.Southeast_China.par8i4s96q3
### THE INPUT PARAMETERS
##PARAMETER NAME: VALUE
DIR: data/intermediate
S1: HO_all_merged.qpAdm
indivname: data/intermediate/HO_all_merged.qpAdm.grouped2.ind
snpname: data/intermediate/HO_all_merged.qpAdm.snp
genotypename: data/intermediate/HO_all_merged.qpAdm.geno
popleft: temp/param/left.8i4s96q3
popright: temp/param/right.8i4s96q3
details: YES
## qpAdm version: 810
seed: -1421019183
packed geno read OK
end of inpack

left pops:
Gurung
Sherpa.LC
Southeast_China

right pops:
Mbuti
Anatolia_N
Ami
Mixe
Ganj_Dareh_N
Onge
Villabruna
DevilsGate
aACA

  0               Gurung    5
  1            Sherpa.LC    9
  2      Southeast_China   97
  3                Mbuti   10
  4           Anatolia_N   25
  5                  Ami   10
  6                 Mixe   10
  7         Ganj_Dareh_N    7
  8                 Onge   12
  9           Villabruna    1
 10           DevilsGate    4
 11                 aACA   32
jackknife block size:     0.050
snps: 498990  indivs: 222
number of blocks for block jackknife: 710
## ncols: 498990
coverage:               Gurung 498036
coverage:            Sherpa.LC 498990
coverage:      Southeast_China 498990
coverage:                Mbuti 498990
coverage:           Anatolia_N 498137
coverage:                  Ami 498990
coverage:                 Mixe 498990
coverage:         Ganj_Dareh_N 457128
coverage:                 Onge 498990
coverage:           Villabruna 415230
coverage:           DevilsGate 498716
coverage:                 aACA 498987
dof (jackknife):   583.530
numsnps used: 418519
codimension 1
f4info: 
f4rank: 1 dof:      7 chisq:   114.101 tail:       1.29235073e-21 dofdiff:      9 chisqdiff:  -114.101 taildiff:                    1
B:
          scale     1.000 
     Anatolia_N    -0.150 
            Ami     2.574 
           Mixe     0.377 
   Ganj_Dareh_N    -0.128 
           Onge     0.405 
     Villabruna    -0.251 
     DevilsGate     0.479 
           aACA    -0.858 
A:
          scale   905.420 
      Sherpa.LC    -0.269 
Southeast_China     1.388 


full rank
f4info: 
f4rank: 2 dof:      0 chisq:     0.000 tail:                    1 dofdiff:      7 chisqdiff:   114.101 taildiff:       1.29235073e-21
B:
          scale     1.000     1.000 
     Anatolia_N    -0.184    -0.086 
            Ami     2.598    -0.901 
           Mixe     0.529     0.469 
   Ganj_Dareh_N    -0.249    -0.304 
           Onge     0.335    -0.315 
     Villabruna    -0.110     0.401 
     DevilsGate     0.827     1.164 
           aACA    -0.261     2.292 
A:
          scale   774.302  1961.169 
      Sherpa.LC     0.329     1.412 
Southeast_China     1.375    -0.073 


best coefficients:     0.838     0.162 
Jackknife mean:      0.837812256     0.162187744 
      std. errors:     0.020     0.020 

error covariance (* 1000000)
       393       -393 
      -393        393 


summ: Gurung    2      0.000000     0.838     0.162   393  -393   393 

    fixed pat  wt  dof     chisq       tail prob
           00  0     7   114.101     1.29235e-21     0.838     0.162 
           01  1     8   172.006               0     1.000     0.000 
           10  1     8  2045.989               0     0.000     1.000 
best pat:           00      1.29235e-21              -  -
best pat:           01      4.89719e-33  chi(nested):    57.905 p-value for nested model:      2.7511e-14

coeffs:     0.838     0.162 

## dscore:: f_4(Base, Fit, Rbase, right2)
## genstat:: f_4(Base, Fit, right1, right2)

details:       Sherpa.LC      Anatolia_N    -0.000123   -0.770959
details: Southeast_China      Anatolia_N    -0.000314   -2.327396
dscore:      Anatolia_N f4:    -0.000154 Z:    -1.051999

details:       Sherpa.LC             Ami     0.000476    2.485666
details: Southeast_China             Ami     0.004663   27.735297
dscore:             Ami f4:     0.001155 Z:     6.521727

details:       Sherpa.LC            Mixe     0.000586    2.873869
details: Southeast_China            Mixe     0.000935    5.214147
dscore:            Mixe f4:     0.000643 Z:     3.418481

details:       Sherpa.LC    Ganj_Dareh_N    -0.000309   -1.599977
details: Southeast_China    Ganj_Dareh_N    -0.000423   -2.537180
dscore:    Ganj_Dareh_N f4:    -0.000327 Z:    -1.832637

details:       Sherpa.LC            Onge    -0.000067   -0.366948
details: Southeast_China            Onge     0.000618    3.758010
dscore:            Onge f4:     0.000044 Z:     0.260378

details:       Sherpa.LC      Villabruna     0.000264    1.021432
details: Southeast_China      Villabruna    -0.000198   -0.923254
dscore:      Villabruna f4:     0.000189 Z:     0.793531

details:       Sherpa.LC      DevilsGate     0.001218    5.367421
details: Southeast_China      DevilsGate     0.001443    7.408545
dscore:      DevilsGate f4:     0.001254 Z:     6.000135

details:       Sherpa.LC            aACA     0.001559    8.885447
details: Southeast_China            aACA    -0.000536   -3.486492
dscore:            aACA f4:     0.001219 Z:     7.505490

gendstat:                Mbuti           Anatolia_N    -1.052
gendstat:                Mbuti                  Ami     6.522
gendstat:                Mbuti                 Mixe     3.418
gendstat:                Mbuti         Ganj_Dareh_N    -1.833
gendstat:                Mbuti                 Onge     0.260
gendstat:                Mbuti           Villabruna     0.794
gendstat:                Mbuti           DevilsGate     6.000
gendstat:                Mbuti                 aACA     7.505
gendstat:           Anatolia_N                  Ami     7.631
gendstat:           Anatolia_N                 Mixe     4.552
gendstat:           Anatolia_N         Ganj_Dareh_N    -1.131
gendstat:           Anatolia_N                 Onge     1.202
gendstat:           Anatolia_N           Villabruna     1.700
gendstat:           Anatolia_N           DevilsGate     6.835
gendstat:           Anatolia_N                 aACA     8.933
gendstat:                  Ami                 Mixe    -3.140
gendstat:                  Ami         Ganj_Dareh_N    -7.289
gendstat:                  Ami                 Onge    -6.367
gendstat:                  Ami           Villabruna    -3.822
gendstat:                  Ami           DevilsGate     0.573
gendstat:                  Ami                 aACA     0.526
gendstat:                 Mixe         Ganj_Dareh_N    -4.822
gendstat:                 Mixe                 Onge    -3.075
gendstat:                 Mixe           Villabruna    -1.796
gendstat:                 Mixe           DevilsGate     2.921
gendstat:                 Mixe                 aACA     3.771
gendstat:         Ganj_Dareh_N                 Onge     1.891
gendstat:         Ganj_Dareh_N           Villabruna     2.108
gendstat:         Ganj_Dareh_N           DevilsGate     6.750
gendstat:         Ganj_Dareh_N                 aACA     8.194
gendstat:                 Onge           Villabruna     0.592
gendstat:                 Onge           DevilsGate     5.539
gendstat:                 Onge                 aACA     7.273
gendstat:           Villabruna           DevilsGate     4.028
gendstat:           Villabruna                 aACA     4.386
gendstat:           DevilsGate                 aACA    -0.209

## end of run
