/home/cliu7/utils/AdmixTools/bin/qpAdm: parameter file: temp/param/qpAdm_Gurung.UpperMustang.LC.Han.par4ozfmiw5
### THE INPUT PARAMETERS
##PARAMETER NAME: VALUE
DIR: data/intermediate
S1: HO_all_merged.qpAdm
indivname: data/intermediate/HO_all_merged.qpAdm.grouped2.ind
snpname: data/intermediate/HO_all_merged.qpAdm.snp
genotypename: data/intermediate/HO_all_merged.qpAdm.geno
popleft: temp/param/left.4ozfmiw5
popright: temp/param/right.4ozfmiw5
details: YES
## qpAdm version: 810
seed: 1737110693
packed geno read OK
end of inpack

left pops:
Gurung
UpperMustang.LC
Han

right pops:
Mbuti
Anatolia_N
Ami
Mixe
Ganj_Dareh_N
Onge
Villabruna
DevilsGate
aACA

  0               Gurung    5
  1      UpperMustang.LC   11
  2                  Han   33
  3                Mbuti   10
  4           Anatolia_N   25
  5                  Ami   10
  6                 Mixe   10
  7         Ganj_Dareh_N    7
  8                 Onge   12
  9           Villabruna    1
 10           DevilsGate    4
 11                 aACA   32
jackknife block size:     0.050
snps: 498990  indivs: 160
number of blocks for block jackknife: 710
## ncols: 498990
coverage:               Gurung 498036
coverage:      UpperMustang.LC 498990
coverage:                  Han 498990
coverage:                Mbuti 498990
coverage:           Anatolia_N 498137
coverage:                  Ami 498990
coverage:                 Mixe 498990
coverage:         Ganj_Dareh_N 457128
coverage:                 Onge 498990
coverage:           Villabruna 415230
coverage:           DevilsGate 498716
coverage:                 aACA 498987
dof (jackknife):   583.512
numsnps used: 420461
codimension 1
f4info: 
f4rank: 1 dof:      7 chisq:   121.928 tail:       3.03857105e-23 dofdiff:      9 chisqdiff:  -121.928 taildiff:                    1
B:
          scale     1.000 
     Anatolia_N    -0.080 
            Ami     2.404 
           Mixe     0.734 
   Ganj_Dareh_N     0.022 
           Onge     0.394 
     Villabruna    -0.227 
     DevilsGate     1.145 
           aACA    -0.397 
A:
          scale   938.443 
UpperMustang.LC    -0.221 
            Han     1.397 


full rank
f4info: 
f4rank: 2 dof:      0 chisq:     0.000 tail:                    1 dofdiff:      7 chisqdiff:   121.928 taildiff:       3.03857105e-23
B:
          scale     1.000     1.000 
     Anatolia_N    -0.134    -0.261 
            Ami     2.333    -1.112 
           Mixe     0.812    -0.004 
   Ganj_Dareh_N    -0.215    -0.888 
           Onge     0.267    -0.595 
     Villabruna    -0.034     0.469 
     DevilsGate     1.319     0.303 
           aACA     0.139     2.289 
A:
          scale   765.027  2665.130 
UpperMustang.LC     0.321     1.414 
            Han     1.377    -0.041 


best coefficients:     0.863     0.137 
Jackknife mean:      0.863391045     0.136608955 
      std. errors:     0.023     0.023 

error covariance (* 1000000)
       538       -538 
      -538        538 


summ: Gurung    2      0.000000     0.863     0.137   538  -538   538 

    fixed pat  wt  dof     chisq       tail prob
           00  0     7   121.928     3.03857e-23     0.863     0.137 
           01  1     8   153.674     3.35563e-29     1.000     0.000 
           10  1     8  1562.051               0     0.000     1.000 
best pat:           00      3.03857e-23              -  -
best pat:           01      3.35563e-29  chi(nested):    31.746 p-value for nested model:      1.7572e-08

coeffs:     0.863     0.137 

## dscore:: f_4(Base, Fit, Rbase, right2)
## genstat:: f_4(Base, Fit, right1, right2)

details: UpperMustang.LC      Anatolia_N    -0.000186   -1.287858
details:             Han      Anatolia_N    -0.000229   -1.743711
dscore:      Anatolia_N f4:    -0.000192 Z:    -1.402441

details: UpperMustang.LC             Ami     0.000404    2.221213
details:             Han             Ami     0.004234   26.096453
dscore:             Ami f4:     0.000928 Z:     5.378217

details: UpperMustang.LC            Mixe     0.000352    1.862308
details:             Han            Mixe     0.001477    8.521510
dscore:            Mixe f4:     0.000506 Z:     2.818639

details: UpperMustang.LC    Ganj_Dareh_N    -0.000558   -3.204938
details:             Han    Ganj_Dareh_N    -0.000367   -2.290626
dscore:    Ganj_Dareh_N f4:    -0.000532 Z:    -3.220175

details: UpperMustang.LC            Onge    -0.000195   -1.117044
details:             Han            Onge     0.000500    3.202216
dscore:            Onge f4:    -0.000100 Z:    -0.604654

details: UpperMustang.LC      Villabruna     0.000250    1.043189
details:             Han      Villabruna    -0.000053   -0.252098
dscore:      Villabruna f4:     0.000208 Z:     0.919611

details: UpperMustang.LC      DevilsGate     0.000734    3.447818
details:             Han      DevilsGate     0.002390   12.682760
dscore:      DevilsGate f4:     0.000961 Z:     4.753921

details: UpperMustang.LC            aACA     0.001286    7.601533
details:             Han            aACA     0.000231    1.524737
dscore:            aACA f4:     0.001141 Z:     7.089656

gendstat:                Mbuti           Anatolia_N    -1.402
gendstat:                Mbuti                  Ami     5.378
gendstat:                Mbuti                 Mixe     2.819
gendstat:                Mbuti         Ganj_Dareh_N    -3.220
gendstat:                Mbuti                 Onge    -0.605
gendstat:                Mbuti           Villabruna     0.920
gendstat:                Mbuti           DevilsGate     4.754
gendstat:                Mbuti                 aACA     7.090
gendstat:           Anatolia_N                  Ami     7.168
gendstat:           Anatolia_N                 Mixe     4.308
gendstat:           Anatolia_N         Ganj_Dareh_N    -2.473
gendstat:           Anatolia_N                 Onge     0.579
gendstat:           Anatolia_N           Villabruna     2.035
gendstat:           Anatolia_N           DevilsGate     5.905
gendstat:           Anatolia_N                 aACA     9.095
gendstat:                  Ami                 Mixe    -2.755
gendstat:                  Ami         Ganj_Dareh_N    -7.912
gendstat:                  Ami                 Onge    -6.168
gendstat:                  Ami           Villabruna    -3.083
gendstat:                  Ami           DevilsGate     0.197
gendstat:                  Ami                 aACA     1.924
gendstat:                 Mixe         Ganj_Dareh_N    -5.338
gendstat:                 Mixe                 Onge    -3.448
gendstat:                 Mixe           Villabruna    -1.245
gendstat:                 Mixe           DevilsGate     2.327
gendstat:                 Mixe                 aACA     4.353
gendstat:         Ganj_Dareh_N                 Onge     2.358
gendstat:         Ganj_Dareh_N           Villabruna     3.255
gendstat:         Ganj_Dareh_N           DevilsGate     6.858
gendstat:         Ganj_Dareh_N                 aACA     9.406
gendstat:                 Onge           Villabruna     1.323
gendstat:                 Onge           DevilsGate     5.075
gendstat:                 Onge                 aACA     7.873
gendstat:           Villabruna           DevilsGate     3.054
gendstat:           Villabruna                 aACA     4.071
gendstat:           DevilsGate                 aACA     1.091

## end of run
