/home/cliu7/utils/AdmixTools/bin/qpAdm: parameter file: temp/param/qpAdm_Gurung.UpperMustang.LC.Pathan.parolk40qiw
### THE INPUT PARAMETERS
##PARAMETER NAME: VALUE
DIR: data/intermediate
S1: HO_all_merged.qpAdm
indivname: data/intermediate/HO_all_merged.qpAdm.grouped2.ind
snpname: data/intermediate/HO_all_merged.qpAdm.snp
genotypename: data/intermediate/HO_all_merged.qpAdm.geno
popleft: temp/param/left.olk40qiw
popright: temp/param/right.olk40qiw
details: YES
## qpAdm version: 810
seed: 1514513779
packed geno read OK
end of inpack

left pops:
Gurung
UpperMustang.LC
Pathan

right pops:
Mbuti
Anatolia_N
Ami
Mixe
Ganj_Dareh_N
Onge
Villabruna
DevilsGate
aACA

  0               Gurung    5
  1      UpperMustang.LC   11
  2               Pathan   18
  3                Mbuti   10
  4           Anatolia_N   25
  5                  Ami   10
  6                 Mixe   10
  7         Ganj_Dareh_N    7
  8                 Onge   12
  9           Villabruna    1
 10           DevilsGate    4
 11                 aACA   32
jackknife block size:     0.050
snps: 498990  indivs: 145
number of blocks for block jackknife: 710
## ncols: 498990
coverage:               Gurung 498036
coverage:      UpperMustang.LC 498990
coverage:               Pathan 498990
coverage:                Mbuti 498990
coverage:           Anatolia_N 498137
coverage:                  Ami 498990
coverage:                 Mixe 498990
coverage:         Ganj_Dareh_N 457128
coverage:                 Onge 498990
coverage:           Villabruna 415230
coverage:           DevilsGate 498716
coverage:                 aACA 498987
dof (jackknife):   583.363
numsnps used: 416160
codimension 1
f4info: 
f4rank: 1 dof:      7 chisq:    73.216 tail:       3.29955429e-13 dofdiff:      9 chisqdiff:   -73.216 taildiff:                    1
B:
          scale     1.000 
     Anatolia_N    -0.613 
            Ami     1.332 
           Mixe     0.778 
   Ganj_Dareh_N    -0.644 
           Onge     0.573 
     Villabruna    -0.459 
     DevilsGate     1.390 
           aACA     1.536 
A:
          scale   154.371 
UpperMustang.LC     0.096 
         Pathan    -1.411 


full rank
f4info: 
f4rank: 2 dof:      0 chisq:     0.000 tail:                    1 dofdiff:      7 chisqdiff:    73.216 taildiff:       3.29955429e-13
B:
          scale     1.000     1.000 
     Anatolia_N    -0.620    -0.295 
            Ami     1.330     0.967 
           Mixe     0.774     0.122 
   Ganj_Dareh_N    -0.650     0.740 
           Onge     0.569     1.323 
     Villabruna    -0.464    -0.785 
     DevilsGate     1.391     0.008 
           aACA     1.533    -2.012 
A:
          scale   152.333  4080.804 
UpperMustang.LC     0.072    -1.181 
         Pathan    -1.412    -0.777 


best coefficients:     0.937     0.063 
Jackknife mean:      0.936602547     0.063397453 
      std. errors:     0.007     0.007 

error covariance (* 1000000)
        48        -48 
       -48         48 


summ: Gurung    2      0.000000     0.937     0.063    48   -48    48 

    fixed pat  wt  dof     chisq       tail prob
           00  0     7    73.216     3.29955e-13     0.937     0.063 
           01  1     8   152.425     6.11546e-29     1.000    -0.000 
           10  1     8  7662.295               0     0.000     1.000 
best pat:           00      3.29955e-13              -  -
best pat:           01      6.11546e-29  chi(nested):    79.209 p-value for nested model:     5.58838e-19

coeffs:     0.937     0.063 

## dscore:: f_4(Base, Fit, Rbase, right2)
## genstat:: f_4(Base, Fit, right1, right2)

details: UpperMustang.LC      Anatolia_N    -0.000188   -1.286373
details:          Pathan      Anatolia_N     0.005799   28.022257
dscore:      Anatolia_N f4:     0.000192 Z:     1.348292

details: UpperMustang.LC             Ami     0.000408    2.218956
details:          Pathan             Ami    -0.012548  -49.140036
dscore:             Ami f4:    -0.000414 Z:    -2.308714

details: UpperMustang.LC            Mixe     0.000356    1.860984
details:          Pathan            Mixe    -0.007236  -25.914999
dscore:            Mixe f4:    -0.000126 Z:    -0.676983

details: UpperMustang.LC    Ganj_Dareh_N    -0.000563   -3.201946
details:          Pathan    Ganj_Dareh_N     0.005853   23.895544
dscore:    Ganj_Dareh_N f4:    -0.000156 Z:    -0.907109

details: UpperMustang.LC            Onge    -0.000197   -1.116088
details:          Pathan            Onge    -0.005637  -23.776738
dscore:            Onge f4:    -0.000542 Z:    -3.161916

details: UpperMustang.LC      Villabruna     0.000252    1.042876
details:          Pathan      Villabruna     0.004565   14.695294
dscore:      Villabruna f4:     0.000526 Z:     2.240259

details: UpperMustang.LC      DevilsGate     0.000742    3.446365
details:          Pathan      DevilsGate    -0.012944  -44.122716
dscore:      DevilsGate f4:    -0.000127 Z:    -0.607341

details: UpperMustang.LC            aACA     0.001299    7.594409
details:          Pathan            aACA    -0.013901  -59.452126
dscore:            aACA f4:     0.000334 Z:     2.004578

gendstat:                Mbuti           Anatolia_N     1.348
gendstat:                Mbuti                  Ami    -2.309
gendstat:                Mbuti                 Mixe    -0.677
gendstat:                Mbuti         Ganj_Dareh_N    -0.907
gendstat:                Mbuti                 Onge    -3.162
gendstat:                Mbuti           Villabruna     2.240
gendstat:                Mbuti           DevilsGate    -0.607
gendstat:                Mbuti                 aACA     2.005
gendstat:           Anatolia_N                  Ami    -3.696
gendstat:           Anatolia_N                 Mixe    -1.882
gendstat:           Anatolia_N         Ganj_Dareh_N    -2.442
gendstat:           Anatolia_N                 Onge    -4.421
gendstat:           Anatolia_N           Villabruna     1.638
gendstat:           Anatolia_N           DevilsGate    -1.568
gendstat:           Anatolia_N                 aACA     0.932
gendstat:                  Ami                 Mixe     1.809
gendstat:                  Ami         Ganj_Dareh_N     1.346
gendstat:                  Ami                 Onge    -0.735
gendstat:                  Ami           Villabruna     3.838
gendstat:                  Ami           DevilsGate     1.649
gendstat:                  Ami                 aACA     6.453
gendstat:                 Mixe         Ganj_Dareh_N    -0.146
gendstat:                 Mixe                 Onge    -2.279
gendstat:                 Mixe           Villabruna     2.628
gendstat:                 Mixe           DevilsGate    -0.004
gendstat:                 Mixe                 aACA     3.042
gendstat:         Ganj_Dareh_N                 Onge    -2.017
gendstat:         Ganj_Dareh_N           Villabruna     2.908
gendstat:         Ganj_Dareh_N           DevilsGate     0.127
gendstat:         Ganj_Dareh_N                 aACA     2.663
gendstat:                 Onge           Villabruna     4.415
gendstat:                 Onge           DevilsGate     1.906
gendstat:                 Onge                 aACA     5.356
gendstat:           Villabruna           DevilsGate    -2.538
gendstat:           Villabruna                 aACA    -0.803
gendstat:           DevilsGate                 aACA     2.662

## end of run
