/home/cliu7/utils/AdmixTools/bin/qpAdm: parameter file: temp/param/qpAdm_Naga.UpperMustang.LC.Pulliyar.parbim0wwe2
### THE INPUT PARAMETERS
##PARAMETER NAME: VALUE
DIR: data/intermediate
S1: HO_all_merged.qpAdm
indivname: data/intermediate/HO_all_merged.qpAdm.grouped2.ind
snpname: data/intermediate/HO_all_merged.qpAdm.snp
genotypename: data/intermediate/HO_all_merged.qpAdm.geno
popleft: temp/param/left.bim0wwe2
popright: temp/param/right.bim0wwe2
details: YES
## qpAdm version: 810
seed: -1457729190
packed geno read OK
end of inpack

left pops:
Naga
UpperMustang.LC
Pulliyar

right pops:
Mbuti
Anatolia_N
Ami
Mixe
Ganj_Dareh_N
Onge
Villabruna
DevilsGate
aACA

  0                 Naga    6
  1      UpperMustang.LC   11
  2             Pulliyar   35
  3                Mbuti   10
  4           Anatolia_N   25
  5                  Ami   10
  6                 Mixe   10
  7         Ganj_Dareh_N    7
  8                 Onge   12
  9           Villabruna    1
 10           DevilsGate    4
 11                 aACA   32
jackknife block size:     0.050
snps: 498990  indivs: 163
number of blocks for block jackknife: 710
## ncols: 498990
coverage:                 Naga 498990
coverage:      UpperMustang.LC 498990
coverage:             Pulliyar 459213
coverage:                Mbuti 498990
coverage:           Anatolia_N 498137
coverage:                  Ami 498990
coverage:                 Mixe 498990
coverage:         Ganj_Dareh_N 457128
coverage:                 Onge 498990
coverage:           Villabruna 415230
coverage:           DevilsGate 498716
coverage:                 aACA 498987
dof (jackknife):   584.996
numsnps used: 389397
codimension 1
f4info: 
f4rank: 1 dof:      7 chisq:   244.677 tail:       3.75995386e-49 dofdiff:      9 chisqdiff:  -244.677 taildiff:                    1
B:
          scale     1.000 
     Anatolia_N    -0.205 
            Ami     1.384 
           Mixe     0.994 
   Ganj_Dareh_N    -0.347 
           Onge     0.252 
     Villabruna    -0.104 
     DevilsGate     1.512 
           aACA     1.604 
A:
          scale   181.537 
UpperMustang.LC    -0.004 
       Pulliyar    -1.414 


full rank
f4info: 
f4rank: 2 dof:      0 chisq:     0.000 tail:                    1 dofdiff:      7 chisqdiff:   244.677 taildiff:       3.75995386e-49
B:
          scale     1.000     1.000 
     Anatolia_N    -0.206    -0.065 
            Ami     1.414     1.079 
           Mixe     1.005     0.437 
   Ganj_Dareh_N    -0.340     0.319 
           Onge     0.261     0.667 
     Villabruna    -0.088    -0.076 
     DevilsGate     1.519     0.353 
           aACA     1.565    -2.442 
A:
          scale   172.970  2640.585 
UpperMustang.LC    -0.106    -1.352 
       Pulliyar    -1.410    -0.414 


best coefficients:     1.003    -0.003 
Jackknife mean:      1.003803237    -0.003803237 
      std. errors:     0.009     0.009 

error covariance (* 1000000)
        89        -89 
       -89         89 


summ: Naga    2      0.000000     1.004    -0.004    89   -89    89 

    fixed pat  wt  dof     chisq       tail prob
           00  0     7   244.677               0     1.003    -0.003  infeasible
           01  1     8   242.188               0     1.000    -0.000 
           10  1     8  5128.719               0     0.000     1.000 
best pat:           00                0              -  -
best pat:           01      7.79043e-48  chi(nested):    -2.489 p-value for nested model:            -nan

coeffs:     1.003    -0.003 

## dscore:: f_4(Base, Fit, Rbase, right2)
## genstat:: f_4(Base, Fit, right1, right2)

details: UpperMustang.LC      Anatolia_N     0.000127    0.816351
details:        Pulliyar      Anatolia_N     0.001635    7.203533
dscore:      Anatolia_N f4:     0.000122 Z:     0.784866

details: UpperMustang.LC             Ami    -0.001456   -8.326439
details:        Pulliyar             Ami    -0.011790  -42.871779
dscore:             Ami f4:    -0.001423 Z:    -8.132479

details: UpperMustang.LC            Mixe    -0.000887   -4.669734
details:        Pulliyar            Mixe    -0.008356  -29.510658
dscore:            Mixe f4:    -0.000863 Z:    -4.541276

details: UpperMustang.LC    Ganj_Dareh_N     0.000002    0.010558
details:        Pulliyar    Ganj_Dareh_N     0.002666   10.152018
dscore:    Ganj_Dareh_N f4:    -0.000006 Z:    -0.035348

details: UpperMustang.LC            Onge    -0.000558   -3.185544
details:        Pulliyar            Onge    -0.002310   -9.047345
dscore:            Onge f4:    -0.000553 Z:    -3.150829

details: UpperMustang.LC      Villabruna     0.000076    0.316867
details:        Pulliyar      Villabruna     0.000675    1.977593
dscore:      Villabruna f4:     0.000074 Z:     0.308573

details: UpperMustang.LC      DevilsGate    -0.001168   -5.426049
details:        Pulliyar      DevilsGate    -0.012545  -41.682029
dscore:      DevilsGate f4:    -0.001132 Z:    -5.252860

details: UpperMustang.LC            aACA     0.000253    1.640096
details:        Pulliyar            aACA    -0.012464  -50.052717
dscore:            aACA f4:     0.000293 Z:     1.896457

gendstat:                Mbuti           Anatolia_N     0.785
gendstat:                Mbuti                  Ami    -8.132
gendstat:                Mbuti                 Mixe    -4.541
gendstat:                Mbuti         Ganj_Dareh_N    -0.035
gendstat:                Mbuti                 Onge    -3.151
gendstat:                Mbuti           Villabruna     0.309
gendstat:                Mbuti           DevilsGate    -5.253
gendstat:                Mbuti                 aACA     1.896
gendstat:           Anatolia_N                  Ami    -9.021
gendstat:           Anatolia_N                 Mixe    -5.426
gendstat:           Anatolia_N         Ganj_Dareh_N    -0.875
gendstat:           Anatolia_N                 Onge    -3.969
gendstat:           Anatolia_N           Villabruna    -0.232
gendstat:           Anatolia_N           DevilsGate    -6.303
gendstat:           Anatolia_N                 aACA     1.123
gendstat:                  Ami                 Mixe     3.370
gendstat:                  Ami         Ganj_Dareh_N     7.156
gendstat:                  Ami                 Onge     5.005
gendstat:                  Ami           Villabruna     5.840
gendstat:                  Ami           DevilsGate     1.692
gendstat:                  Ami                 aACA    14.140
gendstat:                 Mixe         Ganj_Dareh_N     4.196
gendstat:                 Mixe                 Onge     1.671
gendstat:                 Mixe           Villabruna     3.622
gendstat:                 Mixe           DevilsGate    -1.385
gendstat:                 Mixe                 aACA     7.669
gendstat:         Ganj_Dareh_N                 Onge    -2.875
gendstat:         Ganj_Dareh_N           Villabruna     0.333
gendstat:         Ganj_Dareh_N           DevilsGate    -5.002
gendstat:         Ganj_Dareh_N                 aACA     1.671
gendstat:                 Onge           Villabruna     2.452
gendstat:                 Onge           DevilsGate    -2.729
gendstat:                 Onge                 aACA     5.295
gendstat:           Villabruna           DevilsGate    -4.318
gendstat:           Villabruna                 aACA     0.902
gendstat:           DevilsGate                 aACA     8.412

## end of run
