/home/cliu7/utils/AdmixTools/bin/qpWave: parameter file: temp/param/qpAdm_Naga.UpperMustang.LC.Pulliyar.parbim0wwe2
### THE INPUT PARAMETERS
##PARAMETER NAME: VALUE
DIR: data/intermediate
S1: HO_all_merged.qpAdm
indivname: data/intermediate/HO_all_merged.qpAdm.grouped2.ind
snpname: data/intermediate/HO_all_merged.qpAdm.snp
genotypename: data/intermediate/HO_all_merged.qpAdm.geno
popleft: temp/param/left.bim0wwe2
popright: temp/param/right.bim0wwe2
details: YES
## qpWave version: 410
packed geno read OK
end of inpack

left pops:
Naga
UpperMustang.LC
Pulliyar

right pops:
Mbuti
Anatolia_N
Ami
Mixe
Ganj_Dareh_N
Onge
Villabruna
DevilsGate
aACA

  0                 Naga    6
  1      UpperMustang.LC   11
  2             Pulliyar   35
  3                Mbuti   10
  4           Anatolia_N   25
  5                  Ami   10
  6                 Mixe   10
  7         Ganj_Dareh_N    7
  8                 Onge   12
  9           Villabruna    1
 10           DevilsGate    4
 11                 aACA   32
jackknife block size:     0.050
snps: 498990  indivs: 163
number of blocks for block jackknife: 710
dof (jackknife):   584.996
numsnps used: 389397
f4info: 
f4rank: 0 dof:     16 chisq:  6120.385 tail:                    0 dofdiff:      0 chisqdiff:     0.000 taildiff:                    1

f4info: 
f4rank: 1 dof:      7 chisq:   250.139 tail:       2.58823799e-50 dofdiff:      9 chisqdiff:  5870.246 taildiff:                    0
B:
          scale     1.000 
     Anatolia_N    -0.199 
            Ami     1.383 
           Mixe     0.996 
   Ganj_Dareh_N    -0.341 
           Onge     0.256 
     Villabruna    -0.099 
     DevilsGate     1.512 
           aACA     1.605 
A:
          scale   181.092 
UpperMustang.LC    -0.003 
       Pulliyar    -1.414 

f4info: 
f4rank: 2 dof:      0 chisq:     0.000 tail:                    1 dofdiff:      7 chisqdiff:   250.139 taildiff:       2.58823799e-50
B:
          scale     1.000     1.000 
     Anatolia_N    -0.200    -0.023 
            Ami     1.444     1.243 
           Mixe     1.022     0.594 
   Ganj_Dareh_N    -0.324     0.368 
           Onge     0.285     0.785 
     Villabruna    -0.083    -0.056 
     DevilsGate     1.533     0.568 
           aACA     1.511    -2.241 
A:
          scale   172.171  2812.506 
UpperMustang.LC    -0.099    -1.411 
       Pulliyar    -1.411     0.099 

## end of run
