/home/cliu7/utils/AdmixTools/bin/qpAdm: parameter file: temp/param/qpAdm_Naxi.UpperMustang.LC.Pulliyar.parxgq90_t3
### THE INPUT PARAMETERS
##PARAMETER NAME: VALUE
DIR: data/intermediate
S1: HO_all_merged.qpAdm
indivname: data/intermediate/HO_all_merged.qpAdm.grouped2.ind
snpname: data/intermediate/HO_all_merged.qpAdm.snp
genotypename: data/intermediate/HO_all_merged.qpAdm.geno
popleft: temp/param/left.xgq90_t3
popright: temp/param/right.xgq90_t3
details: YES
## qpAdm version: 810
seed: 35932706
packed geno read OK
end of inpack

left pops:
Naxi
UpperMustang.LC
Pulliyar

right pops:
Mbuti
Anatolia_N
Ami
Mixe
Ganj_Dareh_N
Onge
Villabruna
DevilsGate
aACA

  0                 Naxi    9
  1      UpperMustang.LC   11
  2             Pulliyar   35
  3                Mbuti   10
  4           Anatolia_N   25
  5                  Ami   10
  6                 Mixe   10
  7         Ganj_Dareh_N    7
  8                 Onge   12
  9           Villabruna    1
 10           DevilsGate    4
 11                 aACA   32
jackknife block size:     0.050
snps: 498990  indivs: 166
number of blocks for block jackknife: 710
## ncols: 498990
coverage:                 Naxi 498990
coverage:      UpperMustang.LC 498990
coverage:             Pulliyar 459213
coverage:                Mbuti 498990
coverage:           Anatolia_N 498137
coverage:                  Ami 498990
coverage:                 Mixe 498990
coverage:         Ganj_Dareh_N 457128
coverage:                 Onge 498990
coverage:           Villabruna 415230
coverage:           DevilsGate 498716
coverage:                 aACA 498987
dof (jackknife):   585.025
numsnps used: 389143
codimension 1
f4info: 
f4rank: 1 dof:      7 chisq:   683.616 tail:      2.34846424e-143 dofdiff:      9 chisqdiff:  -683.616 taildiff:                    1
B:
          scale     1.000 
     Anatolia_N    -0.184 
            Ami     1.446 
           Mixe     0.966 
   Ganj_Dareh_N    -0.333 
           Onge     0.274 
     Villabruna    -0.036 
     DevilsGate     1.537 
           aACA     1.546 
A:
          scale   178.563 
UpperMustang.LC    -0.001 
       Pulliyar    -1.414 


full rank
f4info: 
f4rank: 2 dof:      0 chisq:     0.000 tail:                    1 dofdiff:      7 chisqdiff:   683.616 taildiff:      2.34846424e-143
B:
          scale     1.000     1.000 
     Anatolia_N    -0.193     0.113 
            Ami     1.499     1.448 
           Mixe     1.004     0.176 
   Ganj_Dareh_N    -0.311     0.501 
           Onge     0.283     0.591 
     Villabruna    -0.098    -0.177 
     DevilsGate     1.525     0.197 
           aACA     1.482    -2.278 
A:
          scale   172.907  1973.554 
UpperMustang.LC    -0.110    -1.412 
       Pulliyar    -1.410    -0.076 


best coefficients:     1.001    -0.001 
Jackknife mean:      1.001585489    -0.001585489 
      std. errors:     0.009     0.009 

error covariance (* 1000000)
        90        -90 
       -90         90 


summ: Naxi    2      0.000000     1.002    -0.002    90   -90    90 

    fixed pat  wt  dof     chisq       tail prob
           00  0     7   683.616               0     1.001    -0.001 
           01  1     8   674.861               0     1.000    -0.000 
           10  1     8  5750.299               0     0.000     1.000 
best pat:           00     2.34846e-143              -  -
best pat:           01     1.84547e-140  chi(nested):    -8.755 p-value for nested model:            -nan

coeffs:     1.001    -0.001 

## dscore:: f_4(Base, Fit, Rbase, right2)
## genstat:: f_4(Base, Fit, right1, right2)

details: UpperMustang.LC      Anatolia_N     0.000013    0.093287
details:        Pulliyar      Anatolia_N     0.001522    6.995478
dscore:      Anatolia_N f4:     0.000012 Z:     0.086496

details: UpperMustang.LC             Ami    -0.002028  -12.590328
details:        Pulliyar             Ami    -0.012369  -48.779797
dscore:             Ami f4:    -0.002022 Z:   -12.547048

details: UpperMustang.LC            Mixe    -0.000794   -4.756954
details:        Pulliyar            Mixe    -0.008269  -31.500647
dscore:            Mixe f4:    -0.000790 Z:    -4.728051

details: UpperMustang.LC    Ganj_Dareh_N    -0.000201   -1.269452
details:        Pulliyar    Ganj_Dareh_N     0.002465    9.989888
dscore:    Ganj_Dareh_N f4:    -0.000202 Z:    -1.279445

details: UpperMustang.LC            Onge    -0.000647   -3.954381
details:        Pulliyar            Onge    -0.002400   -9.878475
dscore:            Onge f4:    -0.000646 Z:    -3.946788

details: UpperMustang.LC      Villabruna     0.000179    0.836363
details:        Pulliyar      Villabruna     0.000779    2.408258
dscore:      Villabruna f4:     0.000179 Z:     0.834367

details: UpperMustang.LC      DevilsGate    -0.001148   -6.286669
details:        Pulliyar      DevilsGate    -0.012532  -44.920688
dscore:      DevilsGate f4:    -0.001141 Z:    -6.246147

details: UpperMustang.LC            aACA     0.000650    4.397460
details:        Pulliyar            aACA    -0.012075  -51.362807
dscore:            aACA f4:     0.000658 Z:     4.448879

gendstat:                Mbuti           Anatolia_N     0.086
gendstat:                Mbuti                  Ami   -12.547
gendstat:                Mbuti                 Mixe    -4.728
gendstat:                Mbuti         Ganj_Dareh_N    -1.279
gendstat:                Mbuti                 Onge    -3.947
gendstat:                Mbuti           Villabruna     0.834
gendstat:                Mbuti           DevilsGate    -6.246
gendstat:                Mbuti                 aACA     4.449
gendstat:           Anatolia_N                  Ami   -13.099
gendstat:           Anatolia_N                 Mixe    -4.940
gendstat:           Anatolia_N         Ganj_Dareh_N    -1.714
gendstat:           Anatolia_N                 Onge    -4.368
gendstat:           Anatolia_N           Villabruna     0.923
gendstat:           Anatolia_N           DevilsGate    -6.404
gendstat:           Anatolia_N                 aACA     4.620
gendstat:                  Ami                 Mixe     8.102
gendstat:                  Ami         Ganj_Dareh_N    10.661
gendstat:                  Ami                 Onge     9.126
gendstat:                  Ami           Villabruna     9.805
gendstat:                  Ami           DevilsGate     5.570
gendstat:                  Ami                 aACA    24.810
gendstat:                 Mixe         Ganj_Dareh_N     3.264
gendstat:                 Mixe                 Onge     0.856
gendstat:                 Mixe           Villabruna     4.251
gendstat:                 Mixe           DevilsGate    -2.105
gendstat:                 Mixe                 aACA    10.558
gendstat:         Ganj_Dareh_N                 Onge    -2.587
gendstat:         Ganj_Dareh_N           Villabruna     1.846
gendstat:         Ganj_Dareh_N           DevilsGate    -4.782
gendstat:         Ganj_Dareh_N                 aACA     5.295
gendstat:                 Onge           Villabruna     3.712
gendstat:                 Onge           DevilsGate    -2.812
gendstat:                 Onge                 aACA     9.547
gendstat:           Villabruna           DevilsGate    -5.655
gendstat:           Villabruna                 aACA     2.260
gendstat:           DevilsGate                 aACA    12.131

## end of run
