/home/cliu7/utils/AdmixTools/bin/qpWave: parameter file: temp/param/qpAdm_Qiang_Daofu.Sherpa.LC.Pathan.part6phkthr
### THE INPUT PARAMETERS
##PARAMETER NAME: VALUE
DIR: data/intermediate
S1: HO_all_merged.qpAdm
indivname: data/intermediate/HO_all_merged.qpAdm.grouped2.ind
snpname: data/intermediate/HO_all_merged.qpAdm.snp
genotypename: data/intermediate/HO_all_merged.qpAdm.geno
popleft: temp/param/left.t6phkthr
popright: temp/param/right.t6phkthr
details: YES
## qpWave version: 410
packed geno read OK
end of inpack

left pops:
Qiang_Daofu
Sherpa.LC
Pathan

right pops:
Mbuti
Anatolia_N
Ami
Mixe
Ganj_Dareh_N
Onge
Villabruna
DevilsGate
aACA

  0          Qiang_Daofu    8
  1            Sherpa.LC    9
  2               Pathan   18
  3                Mbuti   10
  4           Anatolia_N   25
  5                  Ami   10
  6                 Mixe   10
  7         Ganj_Dareh_N    7
  8                 Onge   12
  9           Villabruna    1
 10           DevilsGate    4
 11                 aACA   32
jackknife block size:     0.050
snps: 498990  indivs: 146
number of blocks for block jackknife: 710
dof (jackknife):   583.321
numsnps used: 415968
f4info: 
f4rank: 0 dof:     16 chisq:  9443.959 tail:                    0 dofdiff:      0 chisqdiff:     0.000 taildiff:                    1

f4info: 
f4rank: 1 dof:      7 chisq:   197.834 tail:       3.29990156e-39 dofdiff:      9 chisqdiff:  9246.125 taildiff:                    0
B:
          scale     1.000 
     Anatolia_N    -0.575 
            Ami     1.349 
           Mixe     0.807 
   Ganj_Dareh_N    -0.608 
           Onge     0.561 
     Villabruna    -0.417 
     DevilsGate     1.444 
           aACA     1.502 
A:
          scale   139.904 
      Sherpa.LC     0.005 
         Pathan    -1.414 

f4info: 
f4rank: 2 dof:      0 chisq:     0.000 tail:                    1 dofdiff:      7 chisqdiff:   197.834 taildiff:       3.29990156e-39
B:
          scale     1.000     1.000 
     Anatolia_N    -0.558     0.799 
            Ami     1.372     1.328 
           Mixe     0.822     0.762 
   Ganj_Dareh_N    -0.588     0.678 
           Onge     0.578     0.379 
     Villabruna    -0.410     0.466 
     DevilsGate     1.461     0.783 
           aACA     1.466    -1.894 
A:
          scale   137.394  3114.213 
      Sherpa.LC    -0.046    -1.413 
         Pathan    -1.413     0.046 

## end of run
