/home/cliu7/utils/AdmixTools/bin/qpAdm: parameter file: temp/param/qpAdm_Qiang_Daofu.UpperMustang.LC.Mala.pari75vg32r
### THE INPUT PARAMETERS
##PARAMETER NAME: VALUE
DIR: data/intermediate
S1: HO_all_merged.qpAdm
indivname: data/intermediate/HO_all_merged.qpAdm.grouped2.ind
snpname: data/intermediate/HO_all_merged.qpAdm.snp
genotypename: data/intermediate/HO_all_merged.qpAdm.geno
popleft: temp/param/left.i75vg32r
popright: temp/param/right.i75vg32r
details: YES
## qpAdm version: 810
seed: 1136235226
packed geno read OK
end of inpack

left pops:
Qiang_Daofu
UpperMustang.LC
Mala

right pops:
Mbuti
Anatolia_N
Ami
Mixe
Ganj_Dareh_N
Onge
Villabruna
DevilsGate
aACA

  0          Qiang_Daofu    8
  1      UpperMustang.LC   11
  2                 Mala   11
  3                Mbuti   10
  4           Anatolia_N   25
  5                  Ami   10
  6                 Mixe   10
  7         Ganj_Dareh_N    7
  8                 Onge   12
  9           Villabruna    1
 10           DevilsGate    4
 11                 aACA   32
jackknife block size:     0.050
snps: 498990  indivs: 141
number of blocks for block jackknife: 710
## ncols: 498990
coverage:          Qiang_Daofu 498036
coverage:      UpperMustang.LC 498990
coverage:                 Mala 498990
coverage:                Mbuti 498990
coverage:           Anatolia_N 498137
coverage:                  Ami 498990
coverage:                 Mixe 498990
coverage:         Ganj_Dareh_N 457128
coverage:                 Onge 498990
coverage:           Villabruna 415230
coverage:           DevilsGate 498716
coverage:                 aACA 498987
dof (jackknife):   583.304
numsnps used: 418301
codimension 1
f4info: 
f4rank: 1 dof:      7 chisq:   213.804 tail:       1.36156202e-42 dofdiff:      9 chisqdiff:  -213.804 taildiff:                    1
B:
          scale     1.000 
     Anatolia_N    -0.242 
            Ami     1.378 
           Mixe     0.952 
   Ganj_Dareh_N    -0.393 
           Onge     0.325 
     Villabruna    -0.098 
     DevilsGate     1.516 
           aACA     1.602 
A:
          scale   176.206 
UpperMustang.LC    -0.002 
           Mala    -1.414 


full rank
f4info: 
f4rank: 2 dof:      0 chisq:     0.000 tail:                    1 dofdiff:      7 chisqdiff:   213.804 taildiff:       1.36156202e-42
B:
          scale     1.000     1.000 
     Anatolia_N    -0.254     0.596 
            Ami     1.391     0.585 
           Mixe     0.959     0.447 
   Ganj_Dareh_N    -0.397     0.940 
           Onge     0.329     0.464 
     Villabruna    -0.111     0.035 
     DevilsGate     1.524     0.732 
           aACA     1.575    -2.338 
A:
          scale   170.506  2951.823 
UpperMustang.LC    -0.095    -1.358 
           Mala    -1.411    -0.395 


best coefficients:     1.002    -0.002 
Jackknife mean:      1.002258195    -0.002258195 
      std. errors:     0.008     0.008 

error covariance (* 1000000)
        60        -60 
       -60         60 


summ: Qiang_Daofu    2      0.000000     1.002    -0.002    60   -60    60 

    fixed pat  wt  dof     chisq       tail prob
           00  0     7   213.804               0     1.002    -0.002  infeasible
           01  1     8   211.358               0     1.000    -0.000 
           10  1     8  5870.114               0     0.000     1.000 
best pat:           00                0              -  -
best pat:           01      2.57216e-41  chi(nested):    -2.446 p-value for nested model:            -nan

coeffs:     1.002    -0.002 

## dscore:: f_4(Base, Fit, Rbase, right2)
## genstat:: f_4(Base, Fit, right1, right2)

details: UpperMustang.LC      Anatolia_N    -0.000239   -1.818983
details:            Mala      Anatolia_N     0.001960    9.441400
dscore:      Anatolia_N f4:    -0.000243 Z:    -1.846838

details: UpperMustang.LC             Ami    -0.001126   -7.689428
details:            Mala             Ami    -0.011671  -48.331062
dscore:             Ami f4:    -0.001108 Z:    -7.556439

details: UpperMustang.LC            Mixe    -0.000850   -5.135124
details:            Mala            Mixe    -0.008081  -31.881557
dscore:            Mixe f4:    -0.000837 Z:    -5.054018

details: UpperMustang.LC    Ganj_Dareh_N    -0.000362   -2.272598
details:            Mala    Ganj_Dareh_N     0.003066   12.832030
dscore:    Ganj_Dareh_N f4:    -0.000368 Z:    -2.308596

details: UpperMustang.LC            Onge    -0.000492   -3.169568
details:            Mala            Onge    -0.002870  -12.065905
dscore:            Onge f4:    -0.000487 Z:    -3.140431

details: UpperMustang.LC      Villabruna    -0.000087   -0.424781
details:            Mala      Villabruna     0.000834    2.516281
dscore:      Villabruna f4:    -0.000088 Z:    -0.432354

details: UpperMustang.LC      DevilsGate    -0.001320   -7.281722
details:            Mala      DevilsGate    -0.012817  -47.264778
dscore:      DevilsGate f4:    -0.001300 Z:    -7.163249

details: UpperMustang.LC            aACA     0.000100    0.731289
details:            Mala            aACA    -0.012812  -57.623466
dscore:            aACA f4:     0.000123 Z:     0.896538

gendstat:                Mbuti           Anatolia_N    -1.847
gendstat:                Mbuti                  Ami    -7.556
gendstat:                Mbuti                 Mixe    -5.054
gendstat:                Mbuti         Ganj_Dareh_N    -2.309
gendstat:                Mbuti                 Onge    -3.140
gendstat:                Mbuti           Villabruna    -0.432
gendstat:                Mbuti           DevilsGate    -7.163
gendstat:                Mbuti                 aACA     0.897
gendstat:           Anatolia_N                  Ami    -6.267
gendstat:           Anatolia_N                 Mixe    -3.969
gendstat:           Anatolia_N         Ganj_Dareh_N    -1.003
gendstat:           Anatolia_N                 Onge    -1.645
gendstat:           Anatolia_N           Villabruna     0.898
gendstat:           Anatolia_N           DevilsGate    -6.055
gendstat:           Anatolia_N                 aACA     2.851
gendstat:                  Ami                 Mixe     1.942
gendstat:                  Ami         Ganj_Dareh_N     4.616
gendstat:                  Ami                 Onge     4.231
gendstat:                  Ami           Villabruna     4.868
gendstat:                  Ami           DevilsGate    -1.313
gendstat:                  Ami                 aACA    12.550
gendstat:                 Mixe         Ganj_Dareh_N     2.623
gendstat:                 Mixe                 Onge     2.104
gendstat:                 Mixe           Villabruna     3.514
gendstat:                 Mixe           DevilsGate    -2.807
gendstat:                 Mixe                 aACA     7.194
gendstat:         Ganj_Dareh_N                 Onge    -0.714
gendstat:         Ganj_Dareh_N           Villabruna     1.435
gendstat:         Ganj_Dareh_N           DevilsGate    -4.883
gendstat:         Ganj_Dareh_N                 aACA     3.107
gendstat:                 Onge           Villabruna     1.859
gendstat:                 Onge           DevilsGate    -4.462
gendstat:                 Onge                 aACA     4.514
gendstat:           Villabruna           DevilsGate    -5.333
gendstat:           Villabruna                 aACA     1.045
gendstat:           DevilsGate                 aACA     9.701

## end of run
