/home/cliu7/utils/AdmixTools/bin/qpWave: parameter file: temp/param/qpAdm_Sherpa.LC.UpperMustang.LC.Mala.parvb3yl0nu
### THE INPUT PARAMETERS
##PARAMETER NAME: VALUE
DIR: data/intermediate
S1: HO_all_merged.qpAdm
indivname: data/intermediate/HO_all_merged.qpAdm.grouped2.ind
snpname: data/intermediate/HO_all_merged.qpAdm.snp
genotypename: data/intermediate/HO_all_merged.qpAdm.geno
popleft: temp/param/left.vb3yl0nu
popright: temp/param/right.vb3yl0nu
details: YES
## qpWave version: 410
packed geno read OK
end of inpack

left pops:
Sherpa.LC
UpperMustang.LC
Mala

right pops:
Mbuti
Anatolia_N
Ami
Mixe
Ganj_Dareh_N
Onge
Villabruna
DevilsGate
aACA

  0            Sherpa.LC    9
  1      UpperMustang.LC   11
  2                 Mala   11
  3                Mbuti   10
  4           Anatolia_N   25
  5                  Ami   10
  6                 Mixe   10
  7         Ganj_Dareh_N    7
  8                 Onge   12
  9           Villabruna    1
 10           DevilsGate    4
 11                 aACA   32
jackknife block size:     0.050
snps: 498990  indivs: 142
number of blocks for block jackknife: 710
dof (jackknife):   583.347
numsnps used: 419622
f4info: 
f4rank: 0 dof:     16 chisq:  6800.241 tail:                    0 dofdiff:      0 chisqdiff:     0.000 taildiff:                    1

f4info: 
f4rank: 1 dof:      7 chisq:    10.321 tail:          0.171083509 dofdiff:      9 chisqdiff:  6789.919 taildiff:                    0
B:
          scale     1.000 
     Anatolia_N    -0.276 
            Ami     1.347 
           Mixe     0.935 
   Ganj_Dareh_N    -0.416 
           Onge     0.309 
     Villabruna    -0.109 
     DevilsGate     1.489 
           aACA     1.655 
A:
          scale   178.629 
UpperMustang.LC    -0.018 
           Mala    -1.414 

f4info: 
f4rank: 2 dof:      0 chisq:     0.000 tail:                    1 dofdiff:      7 chisqdiff:    10.321 taildiff:          0.171083509
B:
          scale     1.000     1.000 
     Anatolia_N    -0.268     0.709 
            Ami     1.333    -1.027 
           Mixe     0.937     0.421 
   Ganj_Dareh_N    -0.398     2.011 
           Onge     0.315     0.461 
     Villabruna    -0.114     0.238 
     DevilsGate     1.505     1.389 
           aACA     1.655    -0.146 
A:
          scale   177.964  9018.165 
UpperMustang.LC    -0.031    -1.414 
           Mala    -1.414     0.031 

## end of run
