/home/cliu7/utils/AdmixTools/bin/qpAdm: parameter file: temp/param/qpAdm_Sherpa.LC.UpperMustang.LC.Pulliyar.par_0798ssn
### THE INPUT PARAMETERS
##PARAMETER NAME: VALUE
DIR: data/intermediate
S1: HO_all_merged.qpAdm
indivname: data/intermediate/HO_all_merged.qpAdm.grouped2.ind
snpname: data/intermediate/HO_all_merged.qpAdm.snp
genotypename: data/intermediate/HO_all_merged.qpAdm.geno
popleft: temp/param/left._0798ssn
popright: temp/param/right._0798ssn
details: YES
## qpAdm version: 810
seed: 23103312
packed geno read OK
end of inpack

left pops:
Sherpa.LC
UpperMustang.LC
Pulliyar

right pops:
Mbuti
Anatolia_N
Ami
Mixe
Ganj_Dareh_N
Onge
Villabruna
DevilsGate
aACA

  0            Sherpa.LC    9
  1      UpperMustang.LC   11
  2             Pulliyar   35
  3                Mbuti   10
  4           Anatolia_N   25
  5                  Ami   10
  6                 Mixe   10
  7         Ganj_Dareh_N    7
  8                 Onge   12
  9           Villabruna    1
 10           DevilsGate    4
 11                 aACA   32
jackknife block size:     0.050
snps: 498990  indivs: 166
number of blocks for block jackknife: 710
## ncols: 498990
coverage:            Sherpa.LC 498990
coverage:      UpperMustang.LC 498990
coverage:             Pulliyar 459213
coverage:                Mbuti 498990
coverage:           Anatolia_N 498137
coverage:                  Ami 498990
coverage:                 Mixe 498990
coverage:         Ganj_Dareh_N 457128
coverage:                 Onge 498990
coverage:           Villabruna 415230
coverage:           DevilsGate 498716
coverage:                 aACA 498987
dof (jackknife):   584.949
numsnps used: 389679
codimension 1
f4info: 
f4rank: 1 dof:      7 chisq:     9.213 tail:           0.23771489 dofdiff:      9 chisqdiff:    -9.213 taildiff:                    1
B:
          scale     1.000 
     Anatolia_N    -0.196 
            Ami     1.346 
           Mixe     0.983 
   Ganj_Dareh_N    -0.336 
           Onge     0.228 
     Villabruna    -0.076 
     DevilsGate     1.500 
           aACA     1.662 
A:
          scale   182.521 
UpperMustang.LC    -0.017 
       Pulliyar    -1.414 


full rank
f4info: 
f4rank: 2 dof:      0 chisq:     0.000 tail:                    1 dofdiff:      7 chisqdiff:     9.213 taildiff:           0.23771489
B:
          scale     1.000     1.000 
     Anatolia_N    -0.197    -0.190 
            Ami     1.346    -1.908 
           Mixe     0.982     0.279 
   Ganj_Dareh_N    -0.337     1.329 
           Onge     0.229     0.226 
     Villabruna    -0.078    -0.461 
     DevilsGate     1.500     1.466 
           aACA     1.663     0.254 
A:
          scale   182.879 11715.151 
UpperMustang.LC    -0.018    -1.187 
       Pulliyar    -1.414    -0.769 


best coefficients:     1.012    -0.012 
Jackknife mean:      1.012394955    -0.012394955 
      std. errors:     0.009     0.009 

error covariance (* 1000000)
        89        -89 
       -89         89 


summ: Sherpa.LC    2      0.237715     1.012    -0.012    89   -89    89 

    fixed pat  wt  dof     chisq       tail prob
           00  0     7     9.213        0.237715     1.012    -0.012  infeasible
           01  1     8    10.893        0.207864     1.000    -0.000 
           10  1     8  5066.538               0     0.000     1.000 
best pat:           00         0.237715              -  -
best pat:           01         0.207864  chi(nested):     1.679 p-value for nested model:        0.195004

coeffs:     1.012    -0.012 

## dscore:: f_4(Base, Fit, Rbase, right2)
## genstat:: f_4(Base, Fit, right1, right2)

details: UpperMustang.LC      Anatolia_N    -0.000059   -0.390314
details:        Pulliyar      Anatolia_N     0.001449    6.445185
dscore:      Anatolia_N f4:    -0.000077 Z:    -0.512737

details: UpperMustang.LC             Ami    -0.000068   -0.404376
details:        Pulliyar             Ami    -0.010395  -40.102092
dscore:             Ami f4:     0.000060 Z:     0.353266

details: UpperMustang.LC            Mixe    -0.000244   -1.348171
details:        Pulliyar            Mixe    -0.007708  -28.176861
dscore:            Mixe f4:    -0.000152 Z:    -0.831457

details: UpperMustang.LC    Ganj_Dareh_N    -0.000234   -1.310165
details:        Pulliyar    Ganj_Dareh_N     0.002429    9.513048
dscore:    Ganj_Dareh_N f4:    -0.000267 Z:    -1.488541

details: UpperMustang.LC            Onge    -0.000146   -0.832716
details:        Pulliyar            Onge    -0.001896   -7.283788
dscore:            Onge f4:    -0.000124 Z:    -0.705864

details: UpperMustang.LC      Villabruna     0.000019    0.078150
details:        Pulliyar      Villabruna     0.000618    1.799068
dscore:      Villabruna f4:     0.000011 Z:     0.047033

details: UpperMustang.LC      DevilsGate    -0.000467   -2.233078
details:        Pulliyar      DevilsGate    -0.011835  -39.786713
dscore:      DevilsGate f4:    -0.000325 Z:    -1.547449

details: UpperMustang.LC            aACA    -0.000254   -1.606056
details:        Pulliyar            aACA    -0.012962  -53.406831
dscore:            aACA f4:    -0.000095 Z:    -0.600906

gendstat:                Mbuti           Anatolia_N    -0.513
gendstat:                Mbuti                  Ami     0.353
gendstat:                Mbuti                 Mixe    -0.831
gendstat:                Mbuti         Ganj_Dareh_N    -1.489
gendstat:                Mbuti                 Onge    -0.706
gendstat:                Mbuti           Villabruna     0.047
gendstat:                Mbuti           DevilsGate    -1.547
gendstat:                Mbuti                 aACA    -0.601
gendstat:           Anatolia_N                  Ami     0.828
gendstat:           Anatolia_N                 Mixe    -0.433
gendstat:           Anatolia_N         Ganj_Dareh_N    -1.301
gendstat:           Anatolia_N                 Onge    -0.289
gendstat:           Anatolia_N           Villabruna     0.444
gendstat:           Anatolia_N           DevilsGate    -1.204
gendstat:           Anatolia_N                 aACA    -0.116
gendstat:                  Ami                 Mixe    -1.360
gendstat:                  Ami         Ganj_Dareh_N    -1.722
gendstat:                  Ami                 Onge    -1.121
gendstat:                  Ami           Villabruna    -0.202
gendstat:                  Ami           DevilsGate    -2.342
gendstat:                  Ami                 aACA    -1.367
gendstat:                 Mixe         Ganj_Dareh_N    -0.601
gendstat:                 Mixe                 Onge     0.148
gendstat:                 Mixe           Villabruna     0.661
gendstat:                 Mixe           DevilsGate    -0.939
gendstat:                 Mixe                 aACA     0.383
gendstat:         Ganj_Dareh_N                 Onge     0.765
gendstat:         Ganj_Dareh_N           Villabruna     1.201
gendstat:         Ganj_Dareh_N           DevilsGate    -0.258
gendstat:         Ganj_Dareh_N                 aACA     0.926
gendstat:                 Onge           Villabruna     0.553
gendstat:                 Onge           DevilsGate    -0.990
gendstat:                 Onge                 aACA     0.183
gendstat:           Villabruna           DevilsGate    -1.272
gendstat:           Villabruna                 aACA    -0.457
gendstat:           DevilsGate                 aACA     1.400

## end of run
