/home/cliu7/utils/AdmixTools/bin/qpAdm: parameter file: temp/param/qpAdm_Sherpa.LC.UpperMustang.LC.Mala.parvb3yl0nu
### THE INPUT PARAMETERS
##PARAMETER NAME: VALUE
DIR: data/intermediate
S1: HO_all_merged.qpAdm
indivname: data/intermediate/HO_all_merged.qpAdm.grouped2.ind
snpname: data/intermediate/HO_all_merged.qpAdm.snp
genotypename: data/intermediate/HO_all_merged.qpAdm.geno
popleft: temp/param/left.vb3yl0nu
popright: temp/param/right.vb3yl0nu
details: YES
## qpAdm version: 810
seed: -2132603383
packed geno read OK
end of inpack

left pops:
Sherpa.LC
UpperMustang.LC
Mala

right pops:
Mbuti
Anatolia_N
Ami
Mixe
Ganj_Dareh_N
Onge
Villabruna
DevilsGate
aACA

  0            Sherpa.LC    9
  1      UpperMustang.LC   11
  2                 Mala   11
  3                Mbuti   10
  4           Anatolia_N   25
  5                  Ami   10
  6                 Mixe   10
  7         Ganj_Dareh_N    7
  8                 Onge   12
  9           Villabruna    1
 10           DevilsGate    4
 11                 aACA   32
jackknife block size:     0.050
snps: 498990  indivs: 142
number of blocks for block jackknife: 710
## ncols: 498990
coverage:            Sherpa.LC 498990
coverage:      UpperMustang.LC 498990
coverage:                 Mala 498990
coverage:                Mbuti 498990
coverage:           Anatolia_N 498137
coverage:                  Ami 498990
coverage:                 Mixe 498990
coverage:         Ganj_Dareh_N 457128
coverage:                 Onge 498990
coverage:           Villabruna 415230
coverage:           DevilsGate 498716
coverage:                 aACA 498987
dof (jackknife):   583.347
numsnps used: 419622
codimension 1
f4info: 
f4rank: 1 dof:      7 chisq:    10.233 tail:          0.175759549 dofdiff:      9 chisqdiff:   -10.233 taildiff:                    1
B:
          scale     1.000 
     Anatolia_N    -0.281 
            Ami     1.346 
           Mixe     0.933 
   Ganj_Dareh_N    -0.422 
           Onge     0.304 
     Villabruna    -0.114 
     DevilsGate     1.488 
           aACA     1.656 
A:
          scale   179.232 
UpperMustang.LC    -0.018 
           Mala    -1.414 


full rank
f4info: 
f4rank: 2 dof:      0 chisq:     0.000 tail:                    1 dofdiff:      7 chisqdiff:    10.233 taildiff:          0.175759549
B:
          scale     1.000     1.000 
     Anatolia_N    -0.281    -0.247 
            Ami     1.345    -1.853 
           Mixe     0.932     0.127 
   Ganj_Dareh_N    -0.423     1.308 
           Onge     0.305    -0.056 
     Villabruna    -0.115    -0.358 
     DevilsGate     1.488     1.511 
           aACA     1.657     0.604 
A:
          scale   179.861 12560.722 
UpperMustang.LC    -0.014    -1.218 
           Mala    -1.414    -0.718 


best coefficients:     1.013    -0.013 
Jackknife mean:      1.012514154    -0.012514154 
      std. errors:     0.009     0.009 

error covariance (* 1000000)
        80        -80 
       -80         80 


summ: Sherpa.LC    2      0.175760     1.013    -0.013    80   -80    80 

    fixed pat  wt  dof     chisq       tail prob
           00  0     7    10.233         0.17576     1.013    -0.013  infeasible
           01  1     8    12.137        0.145192     1.000    -0.000 
           10  1     8  5634.258               0     0.000     1.000 
best pat:           00          0.17576              -  -
best pat:           01         0.145192  chi(nested):     1.904 p-value for nested model:        0.167603

coeffs:     1.013    -0.013 

## dscore:: f_4(Base, Fit, Rbase, right2)
## genstat:: f_4(Base, Fit, right1, right2)

details: UpperMustang.LC      Anatolia_N    -0.000064   -0.437688
details:            Mala      Anatolia_N     0.002128   10.035013
dscore:      Anatolia_N f4:    -0.000092 Z:    -0.622104

details: UpperMustang.LC             Ami    -0.000072   -0.438430
details:            Mala             Ami    -0.010591  -42.726801
dscore:             Ami f4:     0.000060 Z:     0.360236

details: UpperMustang.LC            Mixe    -0.000230   -1.300577
details:            Mala            Mixe    -0.007445  -28.813619
dscore:            Mixe f4:    -0.000140 Z:    -0.783568

details: UpperMustang.LC    Ganj_Dareh_N    -0.000246   -1.398219
details:            Mala    Ganj_Dareh_N     0.003173   13.016147
dscore:    Ganj_Dareh_N f4:    -0.000289 Z:    -1.634262

details: UpperMustang.LC            Onge    -0.000127   -0.746572
details:            Mala            Onge    -0.002501  -10.047057
dscore:            Onge f4:    -0.000098 Z:    -0.569368

details: UpperMustang.LC      Villabruna    -0.000017   -0.074556
details:            Mala      Villabruna     0.000905    2.756038
dscore:      Villabruna f4:    -0.000029 Z:    -0.123413

details: UpperMustang.LC      DevilsGate    -0.000481   -2.367391
details:            Mala      DevilsGate    -0.011949  -42.174864
dscore:      DevilsGate f4:    -0.000337 Z:    -1.648399

details: UpperMustang.LC            aACA    -0.000267   -1.730834
details:            Mala            aACA    -0.013149  -57.068186
dscore:            aACA f4:    -0.000105 Z:    -0.677289

gendstat:                Mbuti           Anatolia_N    -0.622
gendstat:                Mbuti                  Ami     0.360
gendstat:                Mbuti                 Mixe    -0.784
gendstat:                Mbuti         Ganj_Dareh_N    -1.634
gendstat:                Mbuti                 Onge    -0.569
gendstat:                Mbuti           Villabruna    -0.123
gendstat:                Mbuti           DevilsGate    -1.648
gendstat:                Mbuti                 aACA    -0.677
gendstat:           Anatolia_N                  Ami     0.930
gendstat:           Anatolia_N                 Mixe    -0.284
gendstat:           Anatolia_N         Ganj_Dareh_N    -1.386
gendstat:           Anatolia_N                 Onge    -0.037
gendstat:           Anatolia_N           Villabruna     0.324
gendstat:           Anatolia_N           DevilsGate    -1.216
gendstat:           Anatolia_N                 aACA    -0.087
gendstat:                  Ami                 Mixe    -1.306
gendstat:                  Ami         Ganj_Dareh_N    -1.867
gendstat:                  Ami                 Onge    -0.970
gendstat:                  Ami           Villabruna    -0.379
gendstat:                  Ami           DevilsGate    -2.462
gendstat:                  Ami                 aACA    -1.482
gendstat:                 Mixe         Ganj_Dareh_N    -0.791
gendstat:                 Mixe                 Onge     0.232
gendstat:                 Mixe           Villabruna     0.460
gendstat:                 Mixe           DevilsGate    -1.096
gendstat:                 Mixe                 aACA     0.239
gendstat:         Ganj_Dareh_N                 Onge     1.049
gendstat:         Ganj_Dareh_N           Villabruna     1.159
gendstat:         Ganj_Dareh_N           DevilsGate    -0.218
gendstat:         Ganj_Dareh_N                 aACA     1.004
gendstat:                 Onge           Villabruna     0.291
gendstat:                 Onge           DevilsGate    -1.203
gendstat:                 Onge                 aACA    -0.049
gendstat:           Villabruna           DevilsGate    -1.198
gendstat:           Villabruna                 aACA    -0.335
gendstat:           DevilsGate                 aACA     1.438

## end of run
