/home/cliu7/utils/AdmixTools/bin/qpWave: parameter file: temp/param/qpAdm_Tamang.UpperMustang.LC.Pathan.par77d22h7v
### THE INPUT PARAMETERS
##PARAMETER NAME: VALUE
DIR: data/intermediate
S1: HO_all_merged.qpAdm
indivname: data/intermediate/HO_all_merged.qpAdm.grouped2.ind
snpname: data/intermediate/HO_all_merged.qpAdm.snp
genotypename: data/intermediate/HO_all_merged.qpAdm.geno
popleft: temp/param/left.77d22h7v
popright: temp/param/right.77d22h7v
details: YES
## qpWave version: 410
packed geno read OK
end of inpack

left pops:
Tamang
UpperMustang.LC
Pathan

right pops:
Mbuti
Anatolia_N
Ami
Mixe
Ganj_Dareh_N
Onge
Villabruna
DevilsGate
aACA

  0               Tamang    7
  1      UpperMustang.LC   11
  2               Pathan   18
  3                Mbuti   10
  4           Anatolia_N   25
  5                  Ami   10
  6                 Mixe   10
  7         Ganj_Dareh_N    7
  8                 Onge   12
  9           Villabruna    1
 10           DevilsGate    4
 11                 aACA   32
jackknife block size:     0.050
snps: 498990  indivs: 147
number of blocks for block jackknife: 710
dof (jackknife):   583.383
numsnps used: 415936
f4info: 
f4rank: 0 dof:     16 chisq:  9859.698 tail:                    0 dofdiff:      0 chisqdiff:     0.000 taildiff:                    1

f4info: 
f4rank: 1 dof:      7 chisq:    76.193 tail:       8.20912528e-14 dofdiff:      9 chisqdiff:  9783.506 taildiff:                    0
B:
          scale     1.000 
     Anatolia_N    -0.618 
            Ami     1.325 
           Mixe     0.772 
   Ganj_Dareh_N    -0.660 
           Onge     0.578 
     Villabruna    -0.455 
     DevilsGate     1.390 
           aACA     1.536 
A:
          scale   165.402 
UpperMustang.LC     0.217 
         Pathan    -1.397 

f4info: 
f4rank: 2 dof:      0 chisq:     0.000 tail:                    1 dofdiff:      7 chisqdiff:    76.193 taildiff:       8.20912528e-14
B:
          scale     1.000     1.000 
     Anatolia_N    -0.646     1.127 
            Ami     1.331    -0.293 
           Mixe     0.755     0.648 
   Ganj_Dareh_N    -0.665     0.347 
           Onge     0.610    -1.769 
     Villabruna    -0.475     1.142 
     DevilsGate     1.382     0.482 
           aACA     1.514     1.199 
A:
          scale   164.667  3884.400 
UpperMustang.LC     0.217     1.397 
         Pathan    -1.397     0.217 

## end of run
