/home/cliu7/utils/AdmixTools/bin/qpWave: parameter file: temp/param/qpAdm_Tibetan_Xinlong.UpperMustang.LC.Pulliyar.parczcv57lv
### THE INPUT PARAMETERS
##PARAMETER NAME: VALUE
DIR: data/intermediate
S1: HO_all_merged.qpAdm
indivname: data/intermediate/HO_all_merged.qpAdm.grouped2.ind
snpname: data/intermediate/HO_all_merged.qpAdm.snp
genotypename: data/intermediate/HO_all_merged.qpAdm.geno
popleft: temp/param/left.czcv57lv
popright: temp/param/right.czcv57lv
details: YES
## qpWave version: 410
packed geno read OK
end of inpack

left pops:
Tibetan_Xinlong
UpperMustang.LC
Pulliyar

right pops:
Mbuti
Anatolia_N
Ami
Mixe
Ganj_Dareh_N
Onge
Villabruna
DevilsGate
aACA

  0      Tibetan_Xinlong   10
  1      UpperMustang.LC   11
  2             Pulliyar   35
  3                Mbuti   10
  4           Anatolia_N   25
  5                  Ami   10
  6                 Mixe   10
  7         Ganj_Dareh_N    7
  8                 Onge   12
  9           Villabruna    1
 10           DevilsGate    4
 11                 aACA   32
jackknife block size:     0.050
snps: 498990  indivs: 167
number of blocks for block jackknife: 710
dof (jackknife):   584.983
numsnps used: 388545
f4info: 
f4rank: 0 dof:     16 chisq:  6809.094 tail:                    0 dofdiff:      0 chisqdiff:     0.000 taildiff:                    1

f4info: 
f4rank: 1 dof:      7 chisq:   871.225 tail:      7.84423887e-184 dofdiff:      9 chisqdiff:  5937.869 taildiff:                    0
B:
          scale     1.000 
     Anatolia_N    -0.150 
            Ami     1.457 
           Mixe     0.994 
   Ganj_Dareh_N    -0.318 
           Onge     0.301 
     Villabruna    -0.056 
     DevilsGate     1.501 
           aACA     1.555 
A:
          scale   176.667 
UpperMustang.LC    -0.006 
       Pulliyar    -1.414 

f4info: 
f4rank: 2 dof:      0 chisq:     0.000 tail:                    1 dofdiff:      7 chisqdiff:   871.225 taildiff:      7.84423887e-184
B:
          scale     1.000     1.000 
     Anatolia_N    -0.176     0.213 
            Ami     1.530     1.588 
           Mixe     1.022     0.368 
   Ganj_Dareh_N    -0.307     0.413 
           Onge     0.282     0.478 
     Villabruna    -0.083    -0.030 
     DevilsGate     1.525     0.255 
           aACA     1.441    -2.198 
A:
          scale   170.105  1886.452 
UpperMustang.LC    -0.116    -1.409 
       Pulliyar    -1.409     0.116 

## end of run
