/home/cliu7/utils/AdmixTools/bin/qpAdm: parameter file: temp/param/qpAdm_Tibetan_Shigatse.Sherpa.LC.Mala.parycr9qvo_
### THE INPUT PARAMETERS
##PARAMETER NAME: VALUE
DIR: data/intermediate
S1: HO_all_merged.qpAdm
indivname: data/intermediate/HO_all_merged.qpAdm.grouped2.ind
snpname: data/intermediate/HO_all_merged.qpAdm.snp
genotypename: data/intermediate/HO_all_merged.qpAdm.geno
popleft: temp/param/left.ycr9qvo_
popright: temp/param/right.ycr9qvo_
details: YES
## qpAdm version: 810
seed: 713138657
packed geno read OK
end of inpack

left pops:
Tibetan_Shigatse
Sherpa.LC
Mala

right pops:
Mbuti
Anatolia_N
Ami
Mixe
Ganj_Dareh_N
Onge
Villabruna
DevilsGate
aACA

  0     Tibetan_Shigatse   10
  1            Sherpa.LC    9
  2                 Mala   11
  3                Mbuti   10
  4           Anatolia_N   25
  5                  Ami   10
  6                 Mixe   10
  7         Ganj_Dareh_N    7
  8                 Onge   12
  9           Villabruna    1
 10           DevilsGate    4
 11                 aACA   32
jackknife block size:     0.050
snps: 498990  indivs: 141
number of blocks for block jackknife: 710
## ncols: 498990
coverage:     Tibetan_Shigatse 498036
coverage:            Sherpa.LC 498990
coverage:                 Mala 498990
coverage:                Mbuti 498990
coverage:           Anatolia_N 498137
coverage:                  Ami 498990
coverage:                 Mixe 498990
coverage:         Ganj_Dareh_N 457128
coverage:                 Onge 498990
coverage:           Villabruna 415230
coverage:           DevilsGate 498716
coverage:                 aACA 498987
dof (jackknife):   583.298
numsnps used: 418310
codimension 1
f4info: 
f4rank: 1 dof:      7 chisq:    11.992 tail:          0.100832006 dofdiff:      9 chisqdiff:   -11.992 taildiff:                    1
B:
          scale     1.000 
     Anatolia_N    -0.269 
            Ami     1.352 
           Mixe     0.946 
   Ganj_Dareh_N    -0.396 
           Onge     0.317 
     Villabruna    -0.120 
     DevilsGate     1.488 
           aACA     1.648 
A:
          scale   176.321 
      Sherpa.LC    -0.004 
           Mala    -1.414 


full rank
f4info: 
f4rank: 2 dof:      0 chisq:     0.000 tail:                    1 dofdiff:      7 chisqdiff:    11.992 taildiff:          0.100832006
B:
          scale     1.000     1.000 
     Anatolia_N    -0.268     0.323 
            Ami     1.352     1.539 
           Mixe     0.948     0.894 
   Ganj_Dareh_N    -0.396    -0.082 
           Onge     0.319     0.604 
     Villabruna    -0.123    -0.363 
     DevilsGate     1.487    -1.020 
           aACA     1.648    -1.784 
A:
          scale   176.238 13245.379 
      Sherpa.LC    -0.020    -1.360 
           Mala    -1.414    -0.387 


best coefficients:     1.003    -0.003 
Jackknife mean:      1.002673973    -0.002673973 
      std. errors:     0.008     0.008 

error covariance (* 1000000)
        68        -68 
       -68         68 


summ: Tibetan_Shigatse    2      0.100832     1.003    -0.003    68   -68    68 

    fixed pat  wt  dof     chisq       tail prob
           00  0     7    11.992        0.100832     1.003    -0.003  infeasible
           01  1     8    12.013         0.15063     1.000    -0.000 
           10  1     8  6695.930               0     0.000     1.000 
best pat:           00         0.100832              -  -
best pat:           01          0.15063  chi(nested):     0.021 p-value for nested model:        0.884292

coeffs:     1.003    -0.003 

## dscore:: f_4(Base, Fit, Rbase, right2)
## genstat:: f_4(Base, Fit, right1, right2)

details:       Sherpa.LC      Anatolia_N    -0.000025   -0.174646
details:            Mala      Anatolia_N     0.002110   10.625098
dscore:      Anatolia_N f4:    -0.000031 Z:    -0.213666

details:       Sherpa.LC             Ami    -0.000329   -2.029244
details:            Mala             Ami    -0.010944  -48.212442
dscore:             Ami f4:    -0.000301 Z:    -1.851530

details:       Sherpa.LC            Mixe    -0.000266   -1.502614
details:            Mala            Mixe    -0.007730  -31.912967
dscore:            Mixe f4:    -0.000246 Z:    -1.387993

details:       Sherpa.LC    Ganj_Dareh_N     0.000002    0.009864
details:            Mala    Ganj_Dareh_N     0.003178   13.879986
dscore:    Ganj_Dareh_N f4:    -0.000007 Z:    -0.041572

details:       Sherpa.LC            Onge    -0.000167   -0.984968
details:            Mala            Onge    -0.002673  -11.686473
dscore:            Onge f4:    -0.000160 Z:    -0.943830

details:       Sherpa.LC      Villabruna     0.000079    0.365994
details:            Mala      Villabruna     0.000987    3.196901
dscore:      Villabruna f4:     0.000076 Z:     0.354119

details:       Sherpa.LC      DevilsGate     0.000032    0.165036
details:            Mala      DevilsGate    -0.011946  -44.998512
dscore:      DevilsGate f4:     0.000064 Z:     0.329614

details:       Sherpa.LC            aACA    -0.000047   -0.318623
details:            Mala            aACA    -0.013225  -61.868045
dscore:            aACA f4:    -0.000012 Z:    -0.079119

gendstat:                Mbuti           Anatolia_N    -0.214
gendstat:                Mbuti                  Ami    -1.852
gendstat:                Mbuti                 Mixe    -1.388
gendstat:                Mbuti         Ganj_Dareh_N    -0.042
gendstat:                Mbuti                 Onge    -0.944
gendstat:                Mbuti           Villabruna     0.354
gendstat:                Mbuti           DevilsGate     0.330
gendstat:                Mbuti                 aACA    -0.079
gendstat:           Anatolia_N                  Ami    -1.719
gendstat:           Anatolia_N                 Mixe    -1.281
gendstat:           Anatolia_N         Ganj_Dareh_N     0.178
gendstat:           Anatolia_N                 Onge    -0.819
gendstat:           Anatolia_N           Villabruna     0.606
gendstat:           Anatolia_N           DevilsGate     0.496
gendstat:           Anatolia_N                 aACA     0.133
gendstat:                  Ami                 Mixe     0.367
gendstat:                  Ami         Ganj_Dareh_N     1.651
gendstat:                  Ami                 Onge     0.906
gendstat:                  Ami           Villabruna     1.678
gendstat:                  Ami           DevilsGate     2.315
gendstat:                  Ami                 aACA     2.637
gendstat:                 Mixe         Ganj_Dareh_N     1.317
gendstat:                 Mixe                 Onge     0.470
gendstat:                 Mixe           Villabruna     1.411
gendstat:                 Mixe           DevilsGate     1.701
gendstat:                 Mixe                 aACA     1.689
gendstat:         Ganj_Dareh_N                 Onge    -0.862
gendstat:         Ganj_Dareh_N           Villabruna     0.389
gendstat:         Ganj_Dareh_N           DevilsGate     0.333
gendstat:         Ganj_Dareh_N                 aACA    -0.029
gendstat:                 Onge           Villabruna     1.055
gendstat:                 Onge           DevilsGate     1.174
gendstat:                 Onge                 aACA     0.993
gendstat:           Villabruna           DevilsGate    -0.050
gendstat:           Villabruna                 aACA    -0.405
gendstat:           DevilsGate                 aACA    -0.507

## end of run
