/home/cliu7/utils/AdmixTools/bin/qpWave: parameter file: temp/param/qpAdm_Tibetan_Xinlong.UpperMustang.LC.Mala.parwhrv_jnf
### THE INPUT PARAMETERS
##PARAMETER NAME: VALUE
DIR: data/intermediate
S1: HO_all_merged.qpAdm
indivname: data/intermediate/HO_all_merged.qpAdm.grouped2.ind
snpname: data/intermediate/HO_all_merged.qpAdm.snp
genotypename: data/intermediate/HO_all_merged.qpAdm.geno
popleft: temp/param/left.whrv_jnf
popright: temp/param/right.whrv_jnf
details: YES
## qpWave version: 410
packed geno read OK
end of inpack

left pops:
Tibetan_Xinlong
UpperMustang.LC
Mala

right pops:
Mbuti
Anatolia_N
Ami
Mixe
Ganj_Dareh_N
Onge
Villabruna
DevilsGate
aACA

  0      Tibetan_Xinlong   10
  1      UpperMustang.LC   11
  2                 Mala   11
  3                Mbuti   10
  4           Anatolia_N   25
  5                  Ami   10
  6                 Mixe   10
  7         Ganj_Dareh_N    7
  8                 Onge   12
  9           Villabruna    1
 10           DevilsGate    4
 11                 aACA   32
jackknife block size:     0.050
snps: 498990  indivs: 143
number of blocks for block jackknife: 710
dof (jackknife):   583.395
numsnps used: 417917
f4info: 
f4rank: 0 dof:     16 chisq:  7513.870 tail:                    0 dofdiff:      0 chisqdiff:     0.000 taildiff:                    1

f4info: 
f4rank: 1 dof:      7 chisq:   890.025 tail:      6.84493497e-188 dofdiff:      9 chisqdiff:  6623.846 taildiff:                    0
B:
          scale     1.000 
     Anatolia_N    -0.176 
            Ami     1.461 
           Mixe     0.953 
   Ganj_Dareh_N    -0.389 
           Onge     0.389 
     Villabruna    -0.028 
     DevilsGate     1.483 
           aACA     1.557 
A:
          scale   171.206 
UpperMustang.LC    -0.002 
           Mala    -1.414 

f4info: 
f4rank: 2 dof:      0 chisq:     0.000 tail:                    1 dofdiff:      7 chisqdiff:   890.025 taildiff:      6.84493497e-188
B:
          scale     1.000     1.000 
     Anatolia_N    -0.260     0.235 
            Ami     1.525     1.607 
           Mixe     0.970     0.363 
   Ganj_Dareh_N    -0.397     0.442 
           Onge     0.348     0.400 
     Villabruna    -0.124    -0.050 
     DevilsGate     1.514     0.292 
           aACA     1.442    -2.188 
A:
          scale   167.834  1911.061 
UpperMustang.LC    -0.108    -1.410 
           Mala    -1.410     0.108 

## end of run
