/home/cliu7/utils/AdmixTools/bin/qpAdm: parameter file: temp/param/qpAdm_Tibetan_Nagqu.Sherpa.LC.Mala.parjnlyd7ur
### THE INPUT PARAMETERS
##PARAMETER NAME: VALUE
DIR: data/intermediate
S1: HO_all_merged.qpAdm
indivname: data/intermediate/HO_all_merged.qpAdm.grouped2.ind
snpname: data/intermediate/HO_all_merged.qpAdm.snp
genotypename: data/intermediate/HO_all_merged.qpAdm.geno
popleft: temp/param/left.jnlyd7ur
popright: temp/param/right.jnlyd7ur
details: YES
## qpAdm version: 810
seed: -1521435937
packed geno read OK
end of inpack

left pops:
Tibetan_Nagqu
Sherpa.LC
Mala

right pops:
Mbuti
Anatolia_N
Ami
Mixe
Ganj_Dareh_N
Onge
Villabruna
DevilsGate
aACA

  0        Tibetan_Nagqu    8
  1            Sherpa.LC    9
  2                 Mala   11
  3                Mbuti   10
  4           Anatolia_N   25
  5                  Ami   10
  6                 Mixe   10
  7         Ganj_Dareh_N    7
  8                 Onge   12
  9           Villabruna    1
 10           DevilsGate    4
 11                 aACA   32
jackknife block size:     0.050
snps: 498990  indivs: 139
number of blocks for block jackknife: 710
## ncols: 498990
coverage:        Tibetan_Nagqu 498036
coverage:            Sherpa.LC 498990
coverage:                 Mala 498990
coverage:                Mbuti 498990
coverage:           Anatolia_N 498137
coverage:                  Ami 498990
coverage:                 Mixe 498990
coverage:         Ganj_Dareh_N 457128
coverage:                 Onge 498990
coverage:           Villabruna 415230
coverage:           DevilsGate 498716
coverage:                 aACA 498987
dof (jackknife):   583.352
numsnps used: 418555
codimension 1
f4info: 
f4rank: 1 dof:      7 chisq:    69.332 tail:       2.01610347e-12 dofdiff:      9 chisqdiff:   -69.332 taildiff:                    1
B:
          scale     1.000 
     Anatolia_N    -0.257 
            Ami     1.361 
           Mixe     0.943 
   Ganj_Dareh_N    -0.390 
           Onge     0.327 
     Villabruna    -0.090 
     DevilsGate     1.521 
           aACA     1.617 
A:
          scale   177.083 
      Sherpa.LC     0.024 
           Mala    -1.414 


full rank
f4info: 
f4rank: 2 dof:      0 chisq:     0.000 tail:                    1 dofdiff:      7 chisqdiff:    69.332 taildiff:       2.01610347e-12
B:
          scale     1.000     1.000 
     Anatolia_N    -0.268     0.094 
            Ami     1.366     1.375 
           Mixe     0.947     0.404 
   Ganj_Dareh_N    -0.400     0.065 
           Onge     0.322     0.403 
     Villabruna    -0.113    -0.049 
     DevilsGate     1.513     0.131 
           aACA     1.612    -2.398 
A:
          scale   175.615  5512.319 
      Sherpa.LC    -0.027    -1.344 
           Mala    -1.414    -0.440 


best coefficients:     0.983     0.017 
Jackknife mean:      0.983357252     0.016642748 
      std. errors:     0.008     0.008 

error covariance (* 1000000)
        69        -69 
       -69         69 


summ: Tibetan_Nagqu    2      0.000000     0.983     0.017    69   -69    69 

    fixed pat  wt  dof     chisq       tail prob
           00  0     7    69.332      2.0161e-12     0.983     0.017 
           01  1     8    72.454     1.59275e-12     1.000    -0.000 
           10  1     8  5774.057               0     0.000     1.000 
best pat:           00       2.0161e-12              -  -
best pat:           01      1.59275e-12  chi(nested):     3.123 p-value for nested model:        0.077217

coeffs:     0.983     0.017 

## dscore:: f_4(Base, Fit, Rbase, right2)
## genstat:: f_4(Base, Fit, right1, right2)

details:       Sherpa.LC      Anatolia_N     0.000002    0.012605
details:            Mala      Anatolia_N     0.002136   10.662337
dscore:      Anatolia_N f4:     0.000038 Z:     0.262469

details:       Sherpa.LC             Ami    -0.000572   -3.283363
details:            Mala             Ami    -0.011181  -47.487768
dscore:             Ami f4:    -0.000751 Z:    -4.357219

details:       Sherpa.LC            Mixe    -0.000265   -1.447694
details:            Mala            Mixe    -0.007724  -30.416591
dscore:            Mixe f4:    -0.000391 Z:    -2.156882

details:       Sherpa.LC    Ganj_Dareh_N     0.000025    0.146048
details:            Mala    Ganj_Dareh_N     0.003199   13.711488
dscore:    Ganj_Dareh_N f4:     0.000079 Z:     0.465407

details:       Sherpa.LC            Onge    -0.000179   -1.021675
details:            Mala            Onge    -0.002684  -11.735124
dscore:            Onge f4:    -0.000221 Z:    -1.278022

details:       Sherpa.LC      Villabruna     0.000017    0.079454
details:            Mala      Villabruna     0.000925    2.925449
dscore:      Villabruna f4:     0.000033 Z:     0.151498

details:       Sherpa.LC      DevilsGate    -0.000274   -1.384752
details:            Mala      DevilsGate    -0.012245  -47.175024
dscore:      DevilsGate f4:    -0.000476 Z:    -2.434713

details:       Sherpa.LC            aACA     0.000316    2.033064
details:            Mala            aACA    -0.012855  -57.726558
dscore:            aACA f4:     0.000093 Z:     0.604832

gendstat:                Mbuti           Anatolia_N     0.262
gendstat:                Mbuti                  Ami    -4.357
gendstat:                Mbuti                 Mixe    -2.157
gendstat:                Mbuti         Ganj_Dareh_N     0.465
gendstat:                Mbuti                 Onge    -1.278
gendstat:                Mbuti           Villabruna     0.151
gendstat:                Mbuti           DevilsGate    -2.435
gendstat:                Mbuti                 aACA     0.605
gendstat:           Anatolia_N                  Ami    -4.917
gendstat:           Anatolia_N                 Mixe    -2.502
gendstat:           Anatolia_N         Ganj_Dareh_N     0.287
gendstat:           Anatolia_N                 Onge    -1.651
gendstat:           Anatolia_N           Villabruna    -0.029
gendstat:           Anatolia_N           DevilsGate    -2.702
gendstat:           Anatolia_N                 aACA     0.387
gendstat:                  Ami                 Mixe     2.381
gendstat:                  Ami         Ganj_Dareh_N     4.449
gendstat:                  Ami                 Onge     3.307
gendstat:                  Ami           Villabruna     3.563
gendstat:                  Ami           DevilsGate     1.696
gendstat:                  Ami                 aACA     7.663
gendstat:                 Mixe         Ganj_Dareh_N     2.462
gendstat:                 Mixe                 Onge     0.906
gendstat:                 Mixe           Villabruna     1.856
gendstat:                 Mixe           DevilsGate    -0.482
gendstat:                 Mixe                 aACA     3.581
gendstat:         Ganj_Dareh_N                 Onge    -1.624
gendstat:         Ganj_Dareh_N           Villabruna    -0.207
gendstat:         Ganj_Dareh_N           DevilsGate    -2.599
gendstat:         Ganj_Dareh_N                 aACA     0.085
gendstat:                 Onge           Villabruna     1.153
gendstat:                 Onge           DevilsGate    -1.292
gendstat:                 Onge                 aACA     2.153
gendstat:           Villabruna           DevilsGate    -2.104
gendstat:           Villabruna                 aACA     0.290
gendstat:           DevilsGate                 aACA     3.760

## end of run
