/home/cliu7/utils/AdmixTools/bin/qpWave: parameter file: temp/param/qpAdm_Tibetan_Shigatse.Sherpa.LC.Pathan.part46k_ms9
### THE INPUT PARAMETERS
##PARAMETER NAME: VALUE
DIR: data/intermediate
S1: HO_all_merged.qpAdm
indivname: data/intermediate/HO_all_merged.qpAdm.grouped2.ind
snpname: data/intermediate/HO_all_merged.qpAdm.snp
genotypename: data/intermediate/HO_all_merged.qpAdm.geno
popleft: temp/param/left.t46k_ms9
popright: temp/param/right.t46k_ms9
details: YES
## qpWave version: 410
packed geno read OK
end of inpack

left pops:
Tibetan_Shigatse
Sherpa.LC
Pathan

right pops:
Mbuti
Anatolia_N
Ami
Mixe
Ganj_Dareh_N
Onge
Villabruna
DevilsGate
aACA

  0     Tibetan_Shigatse   10
  1            Sherpa.LC    9
  2               Pathan   18
  3                Mbuti   10
  4           Anatolia_N   25
  5                  Ami   10
  6                 Mixe   10
  7         Ganj_Dareh_N    7
  8                 Onge   12
  9           Villabruna    1
 10           DevilsGate    4
 11                 aACA   32
jackknife block size:     0.050
snps: 498990  indivs: 148
number of blocks for block jackknife: 710
dof (jackknife):   583.298
numsnps used: 415862
f4info: 
f4rank: 0 dof:     16 chisq: 10202.359 tail:                    0 dofdiff:      0 chisqdiff:     0.000 taildiff:                    1

f4info: 
f4rank: 1 dof:      7 chisq:    11.933 tail:           0.10278195 dofdiff:      9 chisqdiff: 10190.426 taildiff:                    0
B:
          scale     1.000 
     Anatolia_N    -0.590 
            Ami     1.323 
           Mixe     0.796 
   Ganj_Dareh_N    -0.612 
           Onge     0.563 
     Villabruna    -0.434 
     DevilsGate     1.410 
           aACA     1.548 
A:
          scale   140.897 
      Sherpa.LC    -0.005 
         Pathan    -1.414 

f4info: 
f4rank: 2 dof:      0 chisq:     0.000 tail:                    1 dofdiff:      7 chisqdiff:    11.933 taildiff:           0.10278195
B:
          scale     1.000     1.000 
     Anatolia_N    -0.586     0.635 
            Ami     1.328     1.502 
           Mixe     0.805     1.417 
   Ganj_Dareh_N    -0.613     0.451 
           Onge     0.570     0.838 
     Villabruna    -0.435    -0.269 
     DevilsGate     1.405    -1.304 
           aACA     1.542    -0.810 
A:
          scale   140.494 10692.538 
      Sherpa.LC    -0.014    -1.414 
         Pathan    -1.414     0.014 

## end of run
