/home/cliu7/utils/AdmixTools/bin/qpWave: parameter file: temp/param/qpAdm_Tibetan_Yajiang.UpperMustang.LC.Mala.parnyeo4vv0
### THE INPUT PARAMETERS
##PARAMETER NAME: VALUE
DIR: data/intermediate
S1: HO_all_merged.qpAdm
indivname: data/intermediate/HO_all_merged.qpAdm.grouped2.ind
snpname: data/intermediate/HO_all_merged.qpAdm.snp
genotypename: data/intermediate/HO_all_merged.qpAdm.geno
popleft: temp/param/left.nyeo4vv0
popright: temp/param/right.nyeo4vv0
details: YES
## qpWave version: 410
packed geno read OK
end of inpack

left pops:
Tibetan_Yajiang
UpperMustang.LC
Mala

right pops:
Mbuti
Anatolia_N
Ami
Mixe
Ganj_Dareh_N
Onge
Villabruna
DevilsGate
aACA

  0      Tibetan_Yajiang   10
  1      UpperMustang.LC   11
  2                 Mala   11
  3                Mbuti   10
  4           Anatolia_N   25
  5                  Ami   10
  6                 Mixe   10
  7         Ganj_Dareh_N    7
  8                 Onge   12
  9           Villabruna    1
 10           DevilsGate    4
 11                 aACA   32
jackknife block size:     0.050
snps: 498990  indivs: 143
number of blocks for block jackknife: 710
dof (jackknife):   583.373
numsnps used: 417676
f4info: 
f4rank: 0 dof:     16 chisq:  7011.271 tail:                    0 dofdiff:      0 chisqdiff:     0.000 taildiff:                    1

f4info: 
f4rank: 1 dof:      7 chisq:   386.723 tail:       1.67533768e-79 dofdiff:      9 chisqdiff:  6624.547 taildiff:                    0
B:
          scale     1.000 
     Anatolia_N    -0.225 
            Ami     1.387 
           Mixe     0.963 
   Ganj_Dareh_N    -0.427 
           Onge     0.354 
     Villabruna    -0.044 
     DevilsGate     1.519 
           aACA     1.575 
A:
          scale   177.945 
UpperMustang.LC     0.035 
           Mala    -1.414 

f4info: 
f4rank: 2 dof:      0 chisq:     0.000 tail:                    1 dofdiff:      7 chisqdiff:   386.723 taildiff:       1.67533768e-79
B:
          scale     1.000     1.000 
     Anatolia_N    -0.259     0.365 
            Ami     1.442     1.290 
           Mixe     0.974     0.661 
   Ganj_Dareh_N    -0.400     0.612 
           Onge     0.319     0.192 
     Villabruna    -0.130    -0.170 
     DevilsGate     1.526     0.708 
           aACA     1.515    -2.196 
A:
          scale   175.065  2832.750 
UpperMustang.LC    -0.051    -1.413 
           Mala    -1.413     0.051 

## end of run
