/home/cliu7/utils/AdmixTools/bin/qpWave: parameter file: temp/param/qpAdm_Tibetan_Xinlong.UpperMustang.LC.Southeast_China.parafaaita8
### THE INPUT PARAMETERS
##PARAMETER NAME: VALUE
DIR: data/intermediate
S1: HO_all_merged.qpAdm
indivname: data/intermediate/HO_all_merged.qpAdm.grouped2.ind
snpname: data/intermediate/HO_all_merged.qpAdm.snp
genotypename: data/intermediate/HO_all_merged.qpAdm.geno
popleft: temp/param/left.afaaita8
popright: temp/param/right.afaaita8
details: YES
## qpWave version: 410
packed geno read OK
end of inpack

left pops:
Tibetan_Xinlong
UpperMustang.LC
Southeast_China

right pops:
Mbuti
Anatolia_N
Ami
Mixe
Ganj_Dareh_N
Onge
Villabruna
DevilsGate
aACA

  0      Tibetan_Xinlong   10
  1      UpperMustang.LC   11
  2      Southeast_China   97
  3                Mbuti   10
  4           Anatolia_N   25
  5                  Ami   10
  6                 Mixe   10
  7         Ganj_Dareh_N    7
  8                 Onge   12
  9           Villabruna    1
 10           DevilsGate    4
 11                 aACA   32
jackknife block size:     0.050
snps: 498990  indivs: 229
number of blocks for block jackknife: 710
dof (jackknife):   583.467
numsnps used: 418530
f4info: 
f4rank: 0 dof:     16 chisq:  3513.122 tail:                    0 dofdiff:      0 chisqdiff:     0.000 taildiff:                    1

f4info: 
f4rank: 1 dof:      7 chisq:    79.216 tail:       1.98998876e-14 dofdiff:      9 chisqdiff:  3433.905 taildiff:                    0
B:
          scale     1.000 
     Anatolia_N    -0.071 
            Ami     2.528 
           Mixe     0.180 
   Ganj_Dareh_N     0.052 
           Onge     0.440 
     Villabruna    -0.288 
     DevilsGate     0.211 
           aACA    -1.117 
A:
          scale  1203.868 
UpperMustang.LC    -0.936 
Southeast_China     1.060 

f4info: 
f4rank: 2 dof:      0 chisq:     0.000 tail:                    1 dofdiff:      7 chisqdiff:    79.216 taildiff:       1.98998876e-14
B:
          scale     1.000     1.000 
     Anatolia_N    -0.068     0.198 
            Ami     2.490    -0.332 
           Mixe     0.393     1.545 
   Ganj_Dareh_N     0.080    -0.011 
           Onge     0.485     0.217 
     Villabruna    -0.253     0.333 
     DevilsGate     0.487     2.159 
           aACA    -1.047     0.801 
A:
          scale  1171.729  2673.180 
UpperMustang.LC    -1.073    -0.921 
Southeast_China     0.921    -1.073 

## end of run
