/home/cliu7/utils/AdmixTools/bin/qpAdm: parameter file: temp/param/qpAdm_Tibetan_Chamdo.Sherpa.LC.Pathan.parn1zh2x4p
### THE INPUT PARAMETERS
##PARAMETER NAME: VALUE
DIR: data/intermediate
S1: HO_all_merged.qpAdm
indivname: data/intermediate/HO_all_merged.qpAdm.grouped2.ind
snpname: data/intermediate/HO_all_merged.qpAdm.snp
genotypename: data/intermediate/HO_all_merged.qpAdm.geno
popleft: temp/param/left.n1zh2x4p
popright: temp/param/right.n1zh2x4p
details: YES
## qpAdm version: 810
seed: 1724393746
packed geno read OK
end of inpack

left pops:
Tibetan_Chamdo
Sherpa.LC
Pathan

right pops:
Mbuti
Anatolia_N
Ami
Mixe
Ganj_Dareh_N
Onge
Villabruna
DevilsGate
aACA

  0       Tibetan_Chamdo   12
  1            Sherpa.LC    9
  2               Pathan   18
  3                Mbuti   10
  4           Anatolia_N   25
  5                  Ami   10
  6                 Mixe   10
  7         Ganj_Dareh_N    7
  8                 Onge   12
  9           Villabruna    1
 10           DevilsGate    4
 11                 aACA   32
jackknife block size:     0.050
snps: 498990  indivs: 150
number of blocks for block jackknife: 710
## ncols: 498990
coverage:       Tibetan_Chamdo 498036
coverage:            Sherpa.LC 498990
coverage:               Pathan 498990
coverage:                Mbuti 498990
coverage:           Anatolia_N 498137
coverage:                  Ami 498990
coverage:                 Mixe 498990
coverage:         Ganj_Dareh_N 457128
coverage:                 Onge 498990
coverage:           Villabruna 415230
coverage:           DevilsGate 498716
coverage:                 aACA 498987
dof (jackknife):   583.390
numsnps used: 415727
codimension 1
f4info: 
f4rank: 1 dof:      7 chisq:   124.715 tail:        7.9710244e-24 dofdiff:      9 chisqdiff:  -124.715 taildiff:                    1
B:
          scale     1.000 
     Anatolia_N    -0.610 
            Ami     1.336 
           Mixe     0.793 
   Ganj_Dareh_N    -0.648 
           Onge     0.543 
     Villabruna    -0.424 
     DevilsGate     1.438 
           aACA     1.502 
A:
          scale   142.015 
      Sherpa.LC     0.004 
         Pathan    -1.414 


full rank
f4info: 
f4rank: 2 dof:      0 chisq:     0.000 tail:                    1 dofdiff:      7 chisqdiff:   124.715 taildiff:        7.9710244e-24
B:
          scale     1.000     1.000 
     Anatolia_N    -0.601    -0.144 
            Ami     1.339    -1.232 
           Mixe     0.800    -0.539 
   Ganj_Dareh_N    -0.634     0.172 
           Onge     0.552     0.033 
     Villabruna    -0.432    -0.040 
     DevilsGate     1.439    -0.473 
           aACA     1.497     2.432 
A:
          scale   140.619  4801.548 
      Sherpa.LC    -0.024     1.395 
         Pathan    -1.414     0.232 


best coefficients:     0.997     0.003 
Jackknife mean:      0.997536023     0.002463977 
      std. errors:     0.006     0.006 

error covariance (* 1000000)
        38        -38 
       -38         38 


summ: Tibetan_Chamdo    2      0.000000     0.998     0.002    38   -38    38 

    fixed pat  wt  dof     chisq       tail prob
           00  0     7   124.715     7.97102e-24     0.997     0.003 
           01  1     8   123.112     7.54391e-23     1.000    -0.000 
           10  1     8  9039.126               0     0.000     1.000 
best pat:           00      7.97102e-24              -  -
best pat:           01      7.54391e-23  chi(nested):    -1.604 p-value for nested model:            -nan

coeffs:     0.997     0.003 

## dscore:: f_4(Base, Fit, Rbase, right2)
## genstat:: f_4(Base, Fit, right1, right2)

details:       Sherpa.LC      Anatolia_N     0.000078    0.575170
details:          Pathan      Anatolia_N     0.006007   29.188895
dscore:      Anatolia_N f4:     0.000094 Z:     0.692065

details:       Sherpa.LC             Ami    -0.000568   -3.519011
details:          Pathan             Ami    -0.013608  -55.088463
dscore:             Ami f4:    -0.000603 Z:    -3.738052

details:       Sherpa.LC            Mixe    -0.000310   -1.780265
details:          Pathan            Mixe    -0.008144  -29.937384
dscore:            Mixe f4:    -0.000331 Z:    -1.901634

details:       Sherpa.LC    Ganj_Dareh_N     0.000191    1.201293
details:          Pathan    Ganj_Dareh_N     0.006361   27.059934
dscore:    Ganj_Dareh_N f4:     0.000207 Z:     1.306314

details:       Sherpa.LC            Onge    -0.000032   -0.198498
details:          Pathan            Onge    -0.005606  -23.619562
dscore:            Onge f4:    -0.000046 Z:    -0.291884

details:       Sherpa.LC      Villabruna     0.000057    0.261319
details:          Pathan      Villabruna     0.004360   14.083875
dscore:      Villabruna f4:     0.000068 Z:     0.314312

details:       Sherpa.LC      DevilsGate    -0.000439   -2.293878
details:          Pathan      DevilsGate    -0.014622  -53.004923
dscore:      DevilsGate f4:    -0.000476 Z:    -2.494096

details:       Sherpa.LC            aACA     0.000462    3.083915
details:          Pathan            aACA    -0.015023  -66.289824
dscore:            aACA f4:     0.000421 Z:     2.814736

gendstat:                Mbuti           Anatolia_N     0.692
gendstat:                Mbuti                  Ami    -3.738
gendstat:                Mbuti                 Mixe    -1.902
gendstat:                Mbuti         Ganj_Dareh_N     1.306
gendstat:                Mbuti                 Onge    -0.292
gendstat:                Mbuti           Villabruna     0.314
gendstat:                Mbuti           DevilsGate    -2.494
gendstat:                Mbuti                 aACA     2.815
gendstat:           Anatolia_N                  Ami    -4.679
gendstat:           Anatolia_N                 Mixe    -2.699
gendstat:           Anatolia_N         Ganj_Dareh_N     0.848
gendstat:           Anatolia_N                 Onge    -0.977
gendstat:           Anatolia_N           Villabruna    -0.141
gendstat:           Anatolia_N           DevilsGate    -3.021
gendstat:           Anatolia_N                 aACA     2.373
gendstat:                  Ami                 Mixe     1.816
gendstat:                  Ami         Ganj_Dareh_N     4.827
gendstat:                  Ami                 Onge     3.630
gendstat:                  Ami           Villabruna     3.064
gendstat:                  Ami           DevilsGate     0.786
gendstat:                  Ami                 aACA    10.033
gendstat:                 Mixe         Ganj_Dareh_N     3.062
gendstat:                 Mixe                 Onge     1.619
gendstat:                 Mixe           Villabruna     1.797
gendstat:                 Mixe           DevilsGate    -0.780
gendstat:                 Mixe                 aACA     5.468
gendstat:         Ganj_Dareh_N                 Onge    -1.499
gendstat:         Ganj_Dareh_N           Villabruna    -0.663
gendstat:         Ganj_Dareh_N           DevilsGate    -3.280
gendstat:         Ganj_Dareh_N                 aACA     1.337
gendstat:                 Onge           Villabruna     0.524
gendstat:                 Onge           DevilsGate    -2.197
gendstat:                 Onge                 aACA     3.375
gendstat:           Villabruna           DevilsGate    -2.236
gendstat:           Villabruna                 aACA     1.666
gendstat:           DevilsGate                 aACA     5.757

## end of run
