/home/cliu7/utils/AdmixTools/bin/qpWave: parameter file: temp/param/qpAdm_Tibetan_Shannan.Sherpa.LC.Pulliyar.parkg159ar8
### THE INPUT PARAMETERS
##PARAMETER NAME: VALUE
DIR: data/intermediate
S1: HO_all_merged.qpAdm
indivname: data/intermediate/HO_all_merged.qpAdm.grouped2.ind
snpname: data/intermediate/HO_all_merged.qpAdm.snp
genotypename: data/intermediate/HO_all_merged.qpAdm.geno
popleft: temp/param/left.kg159ar8
popright: temp/param/right.kg159ar8
details: YES
## qpWave version: 410
packed geno read OK
end of inpack

left pops:
Tibetan_Shannan
Sherpa.LC
Pulliyar

right pops:
Mbuti
Anatolia_N
Ami
Mixe
Ganj_Dareh_N
Onge
Villabruna
DevilsGate
aACA

  0      Tibetan_Shannan    9
  1            Sherpa.LC    9
  2             Pulliyar   35
  3                Mbuti   10
  4           Anatolia_N   25
  5                  Ami   10
  6                 Mixe   10
  7         Ganj_Dareh_N    7
  8                 Onge   12
  9           Villabruna    1
 10           DevilsGate    4
 11                 aACA   32
jackknife block size:     0.050
snps: 498990  indivs: 164
number of blocks for block jackknife: 710
dof (jackknife):   584.930
numsnps used: 388885
f4info: 
f4rank: 0 dof:     16 chisq:  6301.085 tail:                    0 dofdiff:      0 chisqdiff:     0.000 taildiff:                    1

f4info: 
f4rank: 1 dof:      7 chisq:     4.530 tail:          0.717107679 dofdiff:      9 chisqdiff:  6296.555 taildiff:                    0
B:
          scale     1.000 
     Anatolia_N    -0.184 
            Ami     1.345 
           Mixe     0.985 
   Ganj_Dareh_N    -0.313 
           Onge     0.242 
     Villabruna    -0.085 
     DevilsGate     1.506 
           aACA     1.660 
A:
          scale   180.900 
      Sherpa.LC    -0.002 
       Pulliyar    -1.414 

f4info: 
f4rank: 2 dof:      0 chisq:     0.000 tail:                    1 dofdiff:      7 chisqdiff:     4.530 taildiff:          0.717107679
B:
          scale     1.000     1.000 
     Anatolia_N    -0.179     0.700 
            Ami     1.352     1.989 
           Mixe     0.989     0.116 
   Ganj_Dareh_N    -0.310     0.120 
           Onge     0.244     0.060 
     Villabruna    -0.089    -0.904 
     DevilsGate     1.499    -1.636 
           aACA     1.659    -0.171 
A:
          scale   180.147 17676.725 
      Sherpa.LC    -0.006    -1.414 
       Pulliyar    -1.414     0.006 

## end of run
