/home/cliu7/utils/AdmixTools/bin/qpWave: parameter file: temp/param/qpAdm_Tibetan_Shigatse.UpperMustang.LC.Pathan.par83ze1eg2
### THE INPUT PARAMETERS
##PARAMETER NAME: VALUE
DIR: data/intermediate
S1: HO_all_merged.qpAdm
indivname: data/intermediate/HO_all_merged.qpAdm.grouped2.ind
snpname: data/intermediate/HO_all_merged.qpAdm.snp
genotypename: data/intermediate/HO_all_merged.qpAdm.geno
popleft: temp/param/left.83ze1eg2
popright: temp/param/right.83ze1eg2
details: YES
## qpWave version: 410
packed geno read OK
end of inpack

left pops:
Tibetan_Shigatse
UpperMustang.LC
Pathan

right pops:
Mbuti
Anatolia_N
Ami
Mixe
Ganj_Dareh_N
Onge
Villabruna
DevilsGate
aACA

  0     Tibetan_Shigatse   10
  1      UpperMustang.LC   11
  2               Pathan   18
  3                Mbuti   10
  4           Anatolia_N   25
  5                  Ami   10
  6                 Mixe   10
  7         Ganj_Dareh_N    7
  8                 Onge   12
  9           Villabruna    1
 10           DevilsGate    4
 11                 aACA   32
jackknife block size:     0.050
snps: 498990  indivs: 150
number of blocks for block jackknife: 710
dof (jackknife):   583.315
numsnps used: 415722
f4info: 
f4rank: 0 dof:     16 chisq: 10461.550 tail:                    0 dofdiff:      0 chisqdiff:     0.000 taildiff:                    1

f4info: 
f4rank: 1 dof:      7 chisq:    12.104 tail:         0.0971768019 dofdiff:      9 chisqdiff: 10449.445 taildiff:                    0
B:
          scale     1.000 
     Anatolia_N    -0.597 
            Ami     1.324 
           Mixe     0.792 
   Ganj_Dareh_N    -0.630 
           Onge     0.564 
     Villabruna    -0.438 
     DevilsGate     1.401 
           aACA     1.547 
A:
          scale   141.189 
UpperMustang.LC    -0.015 
         Pathan    -1.414 

f4info: 
f4rank: 2 dof:      0 chisq:     0.000 tail:                    1 dofdiff:      7 chisqdiff:    12.104 taildiff:         0.0971768019
B:
          scale     1.000     1.000 
     Anatolia_N    -0.586     1.140 
            Ami     1.328     0.292 
           Mixe     0.805     1.402 
   Ganj_Dareh_N    -0.612     1.939 
           Onge     0.571     0.716 
     Villabruna    -0.435     0.216 
     DevilsGate     1.406     0.432 
           aACA     1.542    -0.380 
A:
          scale   140.408  6711.967 
UpperMustang.LC    -0.036    -1.414 
         Pathan    -1.414     0.036 

## end of run
