/home/cliu7/utils/AdmixTools/bin/qpWave: parameter file: temp/param/qpAdm_Tibetan_Xinlong.Sherpa.LC.Pulliyar.parksiipylt
### THE INPUT PARAMETERS
##PARAMETER NAME: VALUE
DIR: data/intermediate
S1: HO_all_merged.qpAdm
indivname: data/intermediate/HO_all_merged.qpAdm.grouped2.ind
snpname: data/intermediate/HO_all_merged.qpAdm.snp
genotypename: data/intermediate/HO_all_merged.qpAdm.geno
popleft: temp/param/left.ksiipylt
popright: temp/param/right.ksiipylt
details: YES
## qpWave version: 410
packed geno read OK
end of inpack

left pops:
Tibetan_Xinlong
Sherpa.LC
Pulliyar

right pops:
Mbuti
Anatolia_N
Ami
Mixe
Ganj_Dareh_N
Onge
Villabruna
DevilsGate
aACA

  0      Tibetan_Xinlong   10
  1            Sherpa.LC    9
  2             Pulliyar   35
  3                Mbuti   10
  4           Anatolia_N   25
  5                  Ami   10
  6                 Mixe   10
  7         Ganj_Dareh_N    7
  8                 Onge   12
  9           Villabruna    1
 10           DevilsGate    4
 11                 aACA   32
jackknife block size:     0.050
snps: 498990  indivs: 165
number of blocks for block jackknife: 710
dof (jackknife):   584.969
numsnps used: 388609
f4info: 
f4rank: 0 dof:     16 chisq:  6634.126 tail:                    0 dofdiff:      0 chisqdiff:     0.000 taildiff:                    1

f4info: 
f4rank: 1 dof:      7 chisq:   768.439 tail:      1.19782245e-161 dofdiff:      9 chisqdiff:  5865.688 taildiff:                    0
B:
          scale     1.000 
     Anatolia_N    -0.146 
            Ami     1.472 
           Mixe     1.018 
   Ganj_Dareh_N    -0.272 
           Onge     0.278 
     Villabruna    -0.035 
     DevilsGate     1.505 
           aACA     1.536 
A:
          scale   175.480 
      Sherpa.LC     0.022 
       Pulliyar    -1.414 

f4info: 
f4rank: 2 dof:      0 chisq:     0.000 tail:                    1 dofdiff:      7 chisqdiff:   768.439 taildiff:      1.19782245e-161
B:
          scale     1.000     1.000 
     Anatolia_N    -0.177     0.093 
            Ami     1.528     1.802 
           Mixe     1.021     0.270 
   Ganj_Dareh_N    -0.310     0.026 
           Onge     0.280     0.339 
     Villabruna    -0.082    -0.021 
     DevilsGate     1.523    -0.010 
           aACA     1.445    -2.135 
A:
          scale   170.387  1832.333 
      Sherpa.LC    -0.086    -1.412 
       Pulliyar    -1.412     0.086 

## end of run
