/home/cliu7/utils/AdmixTools/bin/qpWave: parameter file: temp/param/qpAdm_Tibetan_Shigatse.Sherpa.LC.Mala.parycr9qvo_
### THE INPUT PARAMETERS
##PARAMETER NAME: VALUE
DIR: data/intermediate
S1: HO_all_merged.qpAdm
indivname: data/intermediate/HO_all_merged.qpAdm.grouped2.ind
snpname: data/intermediate/HO_all_merged.qpAdm.snp
genotypename: data/intermediate/HO_all_merged.qpAdm.geno
popleft: temp/param/left.ycr9qvo_
popright: temp/param/right.ycr9qvo_
details: YES
## qpWave version: 410
packed geno read OK
end of inpack

left pops:
Tibetan_Shigatse
Sherpa.LC
Mala

right pops:
Mbuti
Anatolia_N
Ami
Mixe
Ganj_Dareh_N
Onge
Villabruna
DevilsGate
aACA

  0     Tibetan_Shigatse   10
  1            Sherpa.LC    9
  2                 Mala   11
  3                Mbuti   10
  4           Anatolia_N   25
  5                  Ami   10
  6                 Mixe   10
  7         Ganj_Dareh_N    7
  8                 Onge   12
  9           Villabruna    1
 10           DevilsGate    4
 11                 aACA   32
jackknife block size:     0.050
snps: 498990  indivs: 141
number of blocks for block jackknife: 710
dof (jackknife):   583.298
numsnps used: 418310
f4info: 
f4rank: 0 dof:     16 chisq:  7133.084 tail:                    0 dofdiff:      0 chisqdiff:     0.000 taildiff:                    1

f4info: 
f4rank: 1 dof:      7 chisq:    12.128 tail:         0.0964163122 dofdiff:      9 chisqdiff:  7120.956 taildiff:                    0
B:
          scale     1.000 
     Anatolia_N    -0.264 
            Ami     1.353 
           Mixe     0.948 
   Ganj_Dareh_N    -0.390 
           Onge     0.321 
     Villabruna    -0.116 
     DevilsGate     1.489 
           aACA     1.647 
A:
          scale   175.785 
      Sherpa.LC    -0.004 
           Mala    -1.414 

f4info: 
f4rank: 2 dof:      0 chisq:     0.000 tail:                    1 dofdiff:      7 chisqdiff:    12.128 taildiff:         0.0964163122
B:
          scale     1.000     1.000 
     Anatolia_N    -0.262     0.388 
            Ami     1.358     1.480 
           Mixe     0.959     1.300 
   Ganj_Dareh_N    -0.394     0.283 
           Onge     0.332     1.017 
     Villabruna    -0.122    -0.504 
     DevilsGate     1.482    -1.354 
           aACA     1.640    -0.876 
A:
          scale   175.433 10728.418 
      Sherpa.LC    -0.017    -1.414 
           Mala    -1.414     0.017 

## end of run
