/home/cliu7/utils/AdmixTools/bin/qpAdm: parameter file: temp/param/qpAdm_Tibetan_Chamdo.UpperMustang.LC.Han.parghbi76jh
### THE INPUT PARAMETERS
##PARAMETER NAME: VALUE
DIR: data/intermediate
S1: HO_all_merged.qpAdm
indivname: data/intermediate/HO_all_merged.qpAdm.grouped2.ind
snpname: data/intermediate/HO_all_merged.qpAdm.snp
genotypename: data/intermediate/HO_all_merged.qpAdm.geno
popleft: temp/param/left.ghbi76jh
popright: temp/param/right.ghbi76jh
details: YES
## qpAdm version: 810
seed: 1356492493
packed geno read OK
end of inpack

left pops:
Tibetan_Chamdo
UpperMustang.LC
Han

right pops:
Mbuti
Anatolia_N
Ami
Mixe
Ganj_Dareh_N
Onge
Villabruna
DevilsGate
aACA

  0       Tibetan_Chamdo   12
  1      UpperMustang.LC   11
  2                  Han   33
  3                Mbuti   10
  4           Anatolia_N   25
  5                  Ami   10
  6                 Mixe   10
  7         Ganj_Dareh_N    7
  8                 Onge   12
  9           Villabruna    1
 10           DevilsGate    4
 11                 aACA   32
jackknife block size:     0.050
snps: 498990  indivs: 167
number of blocks for block jackknife: 710
## ncols: 498990
coverage:       Tibetan_Chamdo 498036
coverage:      UpperMustang.LC 498990
coverage:                  Han 498990
coverage:                Mbuti 498990
coverage:           Anatolia_N 498137
coverage:                  Ami 498990
coverage:                 Mixe 498990
coverage:         Ganj_Dareh_N 457128
coverage:                 Onge 498990
coverage:           Villabruna 415230
coverage:           DevilsGate 498716
coverage:                 aACA 498987
dof (jackknife):   583.459
numsnps used: 420430
codimension 1
f4info: 
f4rank: 1 dof:      7 chisq:    41.244 tail:       7.26936373e-07 dofdiff:      9 chisqdiff:   -41.244 taildiff:                    1
B:
          scale     1.000 
     Anatolia_N    -0.017 
            Ami     2.492 
           Mixe     0.609 
   Ganj_Dareh_N     0.125 
           Onge     0.431 
     Villabruna    -0.231 
     DevilsGate     0.849 
           aACA    -0.665 
A:
          scale  1079.313 
UpperMustang.LC    -0.309 
            Han     1.380 


full rank
f4info: 
f4rank: 2 dof:      0 chisq:     0.000 tail:                    1 dofdiff:      7 chisqdiff:    41.244 taildiff:       7.26936373e-07
B:
          scale     1.000     1.000 
     Anatolia_N    -0.026    -0.060 
            Ami     2.504    -1.663 
           Mixe     0.589     1.007 
   Ganj_Dareh_N     0.111     0.005 
           Onge     0.434    -0.140 
     Villabruna    -0.203     0.097 
     DevilsGate     0.819     2.025 
           aACA    -0.685     0.296 
A:
          scale  1109.500  4819.307 
UpperMustang.LC    -0.470    -1.299 
            Han     1.334    -0.559 


best coefficients:     0.817     0.183 
Jackknife mean:      0.817197818     0.182802182 
      std. errors:     0.015     0.015 

error covariance (* 1000000)
       236       -236 
      -236        236 


summ: Tibetan_Chamdo    2      0.000001     0.817     0.183   236  -236   236 

    fixed pat  wt  dof     chisq       tail prob
           00  0     7    41.244     7.26936e-07     0.817     0.183 
           01  1     8   155.504     1.39197e-29     1.000     0.000 
           10  1     8  2071.459               0     0.000     1.000 
best pat:           00      7.26936e-07              -  -
best pat:           01      1.39197e-29  chi(nested):   114.260 p-value for nested model:     1.14282e-26

coeffs:     0.817     0.183 

## dscore:: f_4(Base, Fit, Rbase, right2)
## genstat:: f_4(Base, Fit, right1, right2)

details: UpperMustang.LC      Anatolia_N     0.000013    0.108355
details:             Han      Anatolia_N    -0.000030   -0.297924
dscore:      Anatolia_N f4:     0.000005 Z:     0.049646

details: UpperMustang.LC             Ami    -0.000632   -4.567319
details:             Han             Ami     0.003199   26.138975
dscore:             Ami f4:     0.000068 Z:     0.547056

details: UpperMustang.LC            Mixe    -0.000538   -3.522817
details:             Han            Mixe     0.000587    4.466202
dscore:            Mixe f4:    -0.000332 Z:    -2.425892

details: UpperMustang.LC    Ganj_Dareh_N    -0.000061   -0.423842
details:             Han    Ganj_Dareh_N     0.000129    1.078847
dscore:    Ganj_Dareh_N f4:    -0.000027 Z:    -0.206442

details: UpperMustang.LC            Onge    -0.000159   -1.105387
details:             Han            Onge     0.000536    4.736572
dscore:            Onge f4:    -0.000032 Z:    -0.250947

details: UpperMustang.LC      Villabruna     0.000043    0.227356
details:             Han      Villabruna    -0.000260   -1.658809
dscore:      Villabruna f4:    -0.000012 Z:    -0.071688

details: UpperMustang.LC      DevilsGate    -0.000912   -5.573518
details:             Han      DevilsGate     0.000744    5.205179
dscore:      DevilsGate f4:    -0.000609 Z:    -4.142209

details: UpperMustang.LC            aACA     0.000191    1.492907
details:             Han            aACA    -0.000864   -8.075296
dscore:            aACA f4:    -0.000002 Z:    -0.015911

gendstat:                Mbuti           Anatolia_N     0.050
gendstat:                Mbuti                  Ami     0.547
gendstat:                Mbuti                 Mixe    -2.426
gendstat:                Mbuti         Ganj_Dareh_N    -0.206
gendstat:                Mbuti                 Onge    -0.251
gendstat:                Mbuti           Villabruna    -0.072
gendstat:                Mbuti           DevilsGate    -4.142
gendstat:                Mbuti                 aACA    -0.016
gendstat:           Anatolia_N                  Ami     0.528
gendstat:           Anatolia_N                 Mixe    -2.647
gendstat:           Anatolia_N         Ganj_Dareh_N    -0.317
gendstat:           Anatolia_N                 Onge    -0.288
gendstat:           Anatolia_N           Villabruna    -0.126
gendstat:           Anatolia_N           DevilsGate    -4.317
gendstat:           Anatolia_N                 aACA    -0.066
gendstat:                  Ami                 Mixe    -3.376
gendstat:                  Ami         Ganj_Dareh_N    -0.734
gendstat:                  Ami                 Onge    -0.854
gendstat:                  Ami           Villabruna    -0.469
gendstat:                  Ami           DevilsGate    -5.609
gendstat:                  Ami                 aACA    -0.919
gendstat:                 Mixe         Ganj_Dareh_N     2.243
gendstat:                 Mixe                 Onge     2.206
gendstat:                 Mixe           Villabruna     1.800
gendstat:                 Mixe           DevilsGate    -2.007
gendstat:                 Mixe                 aACA     2.925
gendstat:         Ganj_Dareh_N                 Onge    -0.038
gendstat:         Ganj_Dareh_N           Villabruna     0.092
gendstat:         Ganj_Dareh_N           DevilsGate    -3.738
gendstat:         Ganj_Dareh_N                 aACA     0.198
gendstat:                 Onge           Villabruna     0.112
gendstat:                 Onge           DevilsGate    -3.964
gendstat:                 Onge                 aACA     0.276
gendstat:           Villabruna           DevilsGate    -3.192
gendstat:           Villabruna                 aACA     0.063
gendstat:           DevilsGate                 aACA     5.529

## end of run
