/home/cliu7/utils/AdmixTools/bin/qpWave: parameter file: temp/param/qpAdm_Tibetan_Yunnan.UpperMustang.LC.Han.par0ih5zsaj
### THE INPUT PARAMETERS
##PARAMETER NAME: VALUE
DIR: data/intermediate
S1: HO_all_merged.qpAdm
indivname: data/intermediate/HO_all_merged.qpAdm.grouped2.ind
snpname: data/intermediate/HO_all_merged.qpAdm.snp
genotypename: data/intermediate/HO_all_merged.qpAdm.geno
popleft: temp/param/left.0ih5zsaj
popright: temp/param/right.0ih5zsaj
details: YES
## qpWave version: 410
packed geno read OK
end of inpack

left pops:
Tibetan_Yunnan
UpperMustang.LC
Han

right pops:
Mbuti
Anatolia_N
Ami
Mixe
Ganj_Dareh_N
Onge
Villabruna
DevilsGate
aACA

  0       Tibetan_Yunnan    4
  1      UpperMustang.LC   11
  2                  Han   33
  3                Mbuti   10
  4           Anatolia_N   25
  5                  Ami   10
  6                 Mixe   10
  7         Ganj_Dareh_N    7
  8                 Onge   12
  9           Villabruna    1
 10           DevilsGate    4
 11                 aACA   32
jackknife block size:     0.050
snps: 498990  indivs: 159
number of blocks for block jackknife: 710
dof (jackknife):   583.384
numsnps used: 421117
f4info: 
f4rank: 0 dof:     16 chisq:  2626.333 tail:                    0 dofdiff:      0 chisqdiff:     0.000 taildiff:                    1

f4info: 
f4rank: 1 dof:      7 chisq:     7.775 tail:          0.352863033 dofdiff:      9 chisqdiff:  2618.559 taildiff:                    0
B:
          scale     1.000 
     Anatolia_N    -0.044 
            Ami     2.412 
           Mixe     0.676 
   Ganj_Dareh_N     0.090 
           Onge     0.417 
     Villabruna    -0.194 
     DevilsGate     1.010 
           aACA    -0.694 
A:
          scale  1234.237 
UpperMustang.LC    -0.744 
            Han     1.202 

f4info: 
f4rank: 2 dof:      0 chisq:     0.000 tail:                    1 dofdiff:      7 chisqdiff:     7.775 taildiff:          0.352863033
B:
          scale     1.000     1.000 
     Anatolia_N    -0.038     0.368 
            Ami     2.422    -0.785 
           Mixe     0.679     0.888 
   Ganj_Dareh_N     0.071     1.651 
           Onge     0.408     0.960 
     Villabruna    -0.161    -0.992 
     DevilsGate     1.004     1.138 
           aACA    -0.682     0.731 
A:
          scale  1242.122  6104.051 
UpperMustang.LC    -0.848    -1.131 
            Han     1.131    -0.848 

## end of run
