/home/cliu7/utils/AdmixTools/bin/qpAdm: parameter file: temp/param/qpAdm_Tibetan_Lhasa.Sherpa.LC.Mala.parxwy6f0zh
### THE INPUT PARAMETERS
##PARAMETER NAME: VALUE
DIR: data/intermediate
S1: HO_all_merged.qpAdm
indivname: data/intermediate/HO_all_merged.qpAdm.grouped2.ind
snpname: data/intermediate/HO_all_merged.qpAdm.snp
genotypename: data/intermediate/HO_all_merged.qpAdm.geno
popleft: temp/param/left.xwy6f0zh
popright: temp/param/right.xwy6f0zh
details: YES
## qpAdm version: 810
seed: -1388503073
packed geno read OK
end of inpack

left pops:
Tibetan_Lhasa
Sherpa.LC
Mala

right pops:
Mbuti
Anatolia_N
Ami
Mixe
Ganj_Dareh_N
Onge
Villabruna
DevilsGate
aACA

  0        Tibetan_Lhasa    9
  1            Sherpa.LC    9
  2                 Mala   11
  3                Mbuti   10
  4           Anatolia_N   25
  5                  Ami   10
  6                 Mixe   10
  7         Ganj_Dareh_N    7
  8                 Onge   12
  9           Villabruna    1
 10           DevilsGate    4
 11                 aACA   32
jackknife block size:     0.050
snps: 498990  indivs: 140
number of blocks for block jackknife: 710
## ncols: 498990
coverage:        Tibetan_Lhasa 498036
coverage:            Sherpa.LC 498990
coverage:                 Mala 498990
coverage:                Mbuti 498990
coverage:           Anatolia_N 498137
coverage:                  Ami 498990
coverage:                 Mixe 498990
coverage:         Ganj_Dareh_N 457128
coverage:                 Onge 498990
coverage:           Villabruna 415230
coverage:           DevilsGate 498716
coverage:                 aACA 498987
dof (jackknife):   583.348
numsnps used: 418434
codimension 1
f4info: 
f4rank: 1 dof:      7 chisq:    18.037 tail:         0.0118029661 dofdiff:      9 chisqdiff:   -18.037 taildiff:                    1
B:
          scale     1.000 
     Anatolia_N    -0.259 
            Ami     1.361 
           Mixe     0.933 
   Ganj_Dareh_N    -0.387 
           Onge     0.324 
     Villabruna    -0.099 
     DevilsGate     1.497 
           aACA     1.645 
A:
          scale   176.588 
      Sherpa.LC    -0.001 
           Mala    -1.414 


full rank
f4info: 
f4rank: 2 dof:      0 chisq:     0.000 tail:                    1 dofdiff:      7 chisqdiff:    18.037 taildiff:         0.0118029661
B:
          scale     1.000     1.000 
     Anatolia_N    -0.259     0.302 
            Ami     1.361     2.061 
           Mixe     0.935    -0.235 
   Ganj_Dareh_N    -0.388     0.291 
           Onge     0.324     0.506 
     Villabruna    -0.101     0.128 
     DevilsGate     1.496    -0.502 
           aACA     1.644    -1.732 
A:
          scale   176.161 10985.203 
      Sherpa.LC    -0.018    -1.352 
           Mala    -1.414    -0.414 


best coefficients:     1.001    -0.001 
Jackknife mean:      1.000946323    -0.000946323 
      std. errors:     0.008     0.008 

error covariance (* 1000000)
        71        -71 
       -71         71 


summ: Tibetan_Lhasa    2      0.011803     1.001    -0.001    71   -71    71 

    fixed pat  wt  dof     chisq       tail prob
           00  0     7    18.037        0.011803     1.001    -0.001 
           01  1     8    17.893       0.0220425     1.000    -0.000 
           10  1     8  6797.293               0     0.000     1.000 
best pat:           00         0.011803              -  -
best pat:           01        0.0220425  chi(nested):    -0.144 p-value for nested model:            -nan

coeffs:     1.001    -0.001 

## dscore:: f_4(Base, Fit, Rbase, right2)
## genstat:: f_4(Base, Fit, right1, right2)

details:       Sherpa.LC      Anatolia_N    -0.000130   -0.918711
details:            Mala      Anatolia_N     0.002004    9.821668
dscore:      Anatolia_N f4:    -0.000132 Z:    -0.932181

details:       Sherpa.LC             Ami    -0.000477   -3.065475
details:            Mala             Ami    -0.011089  -48.151396
dscore:             Ami f4:    -0.000467 Z:    -3.000313

details:       Sherpa.LC            Mixe    -0.000106   -0.624159
details:            Mala            Mixe    -0.007567  -30.380173
dscore:            Mixe f4:    -0.000099 Z:    -0.582994

details:       Sherpa.LC    Ganj_Dareh_N    -0.000130   -0.787215
details:            Mala    Ganj_Dareh_N     0.003046   13.240635
dscore:    Ganj_Dareh_N f4:    -0.000133 Z:    -0.804644

details:       Sherpa.LC            Onge    -0.000217   -1.374640
details:            Mala            Onge    -0.002723  -11.772410
dscore:            Onge f4:    -0.000214 Z:    -1.359034

details:       Sherpa.LC      Villabruna    -0.000157   -0.726946
details:            Mala      Villabruna     0.000751    2.424495
dscore:      Villabruna f4:    -0.000158 Z:    -0.730423

details:       Sherpa.LC      DevilsGate    -0.000086   -0.441932
details:            Mala      DevilsGate    -0.012060  -45.134466
dscore:      DevilsGate f4:    -0.000075 Z:    -0.384352

details:       Sherpa.LC            aACA    -0.000049   -0.336904
details:            Mala            aACA    -0.013223  -62.194446
dscore:            aACA f4:    -0.000036 Z:    -0.251884

gendstat:                Mbuti           Anatolia_N    -0.932
gendstat:                Mbuti                  Ami    -3.000
gendstat:                Mbuti                 Mixe    -0.583
gendstat:                Mbuti         Ganj_Dareh_N    -0.805
gendstat:                Mbuti                 Onge    -1.359
gendstat:                Mbuti           Villabruna    -0.730
gendstat:                Mbuti           DevilsGate    -0.384
gendstat:                Mbuti                 aACA    -0.252
gendstat:           Anatolia_N                  Ami    -2.098
gendstat:           Anatolia_N                 Mixe     0.202
gendstat:           Anatolia_N         Ganj_Dareh_N    -0.003
gendstat:           Anatolia_N                 Onge    -0.546
gendstat:           Anatolia_N           Villabruna    -0.139
gendstat:           Anatolia_N           DevilsGate     0.288
gendstat:           Anatolia_N                 aACA     0.647
gendstat:                  Ami                 Mixe     2.358
gendstat:                  Ami         Ganj_Dareh_N     1.836
gendstat:                  Ami                 Onge     1.607
gendstat:                  Ami           Villabruna     1.354
gendstat:                  Ami           DevilsGate     2.395
gendstat:                  Ami                 aACA     3.832
gendstat:                 Mixe         Ganj_Dareh_N    -0.184
gendstat:                 Mixe                 Onge    -0.631
gendstat:                 Mixe           Villabruna    -0.257
gendstat:                 Mixe           DevilsGate     0.133
gendstat:                 Mixe                 aACA     0.436
gendstat:         Ganj_Dareh_N                 Onge    -0.468
gendstat:         Ganj_Dareh_N           Villabruna    -0.112
gendstat:         Ganj_Dareh_N           DevilsGate     0.265
gendstat:         Ganj_Dareh_N                 aACA     0.558
gendstat:                 Onge           Villabruna     0.256
gendstat:                 Onge           DevilsGate     0.708
gendstat:                 Onge                 aACA     1.234
gendstat:           Villabruna           DevilsGate     0.321
gendstat:           Villabruna                 aACA     0.551
gendstat:           DevilsGate                 aACA     0.243

## end of run
