/home/cliu7/utils/AdmixTools/bin/qpWave: parameter file: temp/param/qpAdm_Tsum.LC.Sherpa.LC.Pulliyar.parxsr44m6c
### THE INPUT PARAMETERS
##PARAMETER NAME: VALUE
DIR: data/intermediate
S1: HO_all_merged.qpAdm
indivname: data/intermediate/HO_all_merged.qpAdm.grouped2.ind
snpname: data/intermediate/HO_all_merged.qpAdm.snp
genotypename: data/intermediate/HO_all_merged.qpAdm.geno
popleft: temp/param/left.xsr44m6c
popright: temp/param/right.xsr44m6c
details: YES
## qpWave version: 410
packed geno read OK
end of inpack

left pops:
Tsum.LC
Sherpa.LC
Pulliyar

right pops:
Mbuti
Anatolia_N
Ami
Mixe
Ganj_Dareh_N
Onge
Villabruna
DevilsGate
aACA

  0              Tsum.LC   10
  1            Sherpa.LC    9
  2             Pulliyar   35
  3                Mbuti   10
  4           Anatolia_N   25
  5                  Ami   10
  6                 Mixe   10
  7         Ganj_Dareh_N    7
  8                 Onge   12
  9           Villabruna    1
 10           DevilsGate    4
 11                 aACA   32
jackknife block size:     0.050
snps: 498990  indivs: 165
number of blocks for block jackknife: 710
dof (jackknife):   584.992
numsnps used: 389813
f4info: 
f4rank: 0 dof:     16 chisq:  5804.913 tail:                    0 dofdiff:      0 chisqdiff:     0.000 taildiff:                    1

f4info: 
f4rank: 1 dof:      7 chisq:    14.559 tail:         0.0420824303 dofdiff:      9 chisqdiff:  5790.353 taildiff:                    0
B:
          scale     1.000 
     Anatolia_N    -0.187 
            Ami     1.343 
           Mixe     0.973 
   Ganj_Dareh_N    -0.319 
           Onge     0.248 
     Villabruna    -0.078 
     DevilsGate     1.491 
           aACA     1.679 
A:
          scale   184.148 
      Sherpa.LC     0.008 
       Pulliyar    -1.414 

f4info: 
f4rank: 2 dof:      0 chisq:     0.000 tail:                    1 dofdiff:      7 chisqdiff:    14.559 taildiff:         0.0420824303
B:
          scale     1.000     1.000 
     Anatolia_N    -0.190     0.193 
            Ami     1.348    -0.716 
           Mixe     0.968     0.917 
   Ganj_Dareh_N    -0.328     0.769 
           Onge     0.240     0.144 
     Villabruna    -0.084     0.227 
     DevilsGate     1.474     1.938 
           aACA     1.693    -1.480 
A:
          scale   185.500  8128.914 
      Sherpa.LC     0.033     1.414 
       Pulliyar    -1.414     0.033 

## end of run
