/home/cliu7/utils/AdmixTools/bin/qpWave: parameter file: temp/param/qpAdm_Tsum.LC.Sherpa.LC.Mala.paro55gkwat
### THE INPUT PARAMETERS
##PARAMETER NAME: VALUE
DIR: data/intermediate
S1: HO_all_merged.qpAdm
indivname: data/intermediate/HO_all_merged.qpAdm.grouped2.ind
snpname: data/intermediate/HO_all_merged.qpAdm.snp
genotypename: data/intermediate/HO_all_merged.qpAdm.geno
popleft: temp/param/left.o55gkwat
popright: temp/param/right.o55gkwat
details: YES
## qpWave version: 410
packed geno read OK
end of inpack

left pops:
Tsum.LC
Sherpa.LC
Mala

right pops:
Mbuti
Anatolia_N
Ami
Mixe
Ganj_Dareh_N
Onge
Villabruna
DevilsGate
aACA

  0              Tsum.LC   10
  1            Sherpa.LC    9
  2                 Mala   11
  3                Mbuti   10
  4           Anatolia_N   25
  5                  Ami   10
  6                 Mixe   10
  7         Ganj_Dareh_N    7
  8                 Onge   12
  9           Villabruna    1
 10           DevilsGate    4
 11                 aACA   32
jackknife block size:     0.050
snps: 498990  indivs: 141
number of blocks for block jackknife: 710
dof (jackknife):   583.298
numsnps used: 419830
f4info: 
f4rank: 0 dof:     16 chisq:  6375.006 tail:                    0 dofdiff:      0 chisqdiff:     0.000 taildiff:                    1

f4info: 
f4rank: 1 dof:      7 chisq:    15.731 tail:         0.0276859178 dofdiff:      9 chisqdiff:  6359.275 taildiff:                    0
B:
          scale     1.000 
     Anatolia_N    -0.266 
            Ami     1.346 
           Mixe     0.924 
   Ganj_Dareh_N    -0.399 
           Onge     0.325 
     Villabruna    -0.107 
     DevilsGate     1.480 
           aACA     1.672 
A:
          scale   180.620 
      Sherpa.LC     0.009 
           Mala    -1.414 

f4info: 
f4rank: 2 dof:      0 chisq:     0.000 tail:                    1 dofdiff:      7 chisqdiff:    15.731 taildiff:         0.0276859178
B:
          scale     1.000     1.000 
     Anatolia_N    -0.272     0.184 
            Ami     1.349    -0.734 
           Mixe     0.916     0.969 
   Ganj_Dareh_N    -0.413     0.606 
           Onge     0.320    -0.217 
     Villabruna    -0.120     0.301 
     DevilsGate     1.461     1.990 
           aACA     1.686    -1.423 
A:
          scale   182.127  7999.480 
      Sherpa.LC     0.032     1.414 
           Mala    -1.414     0.032 

## end of run
