/home/cliu7/utils/AdmixTools/bin/qpWave: parameter file: temp/param/qpAdm_UpperMustang.LC.Sherpa.LC.Pulliyar.parywcj9arp
### THE INPUT PARAMETERS
##PARAMETER NAME: VALUE
DIR: data/intermediate
S1: HO_all_merged.qpAdm
indivname: data/intermediate/HO_all_merged.qpAdm.grouped2.ind
snpname: data/intermediate/HO_all_merged.qpAdm.snp
genotypename: data/intermediate/HO_all_merged.qpAdm.geno
popleft: temp/param/left.ywcj9arp
popright: temp/param/right.ywcj9arp
details: YES
## qpWave version: 410
packed geno read OK
end of inpack

left pops:
UpperMustang.LC
Sherpa.LC
Pulliyar

right pops:
Mbuti
Anatolia_N
Ami
Mixe
Ganj_Dareh_N
Onge
Villabruna
DevilsGate
aACA

  0      UpperMustang.LC   11
  1            Sherpa.LC    9
  2             Pulliyar   35
  3                Mbuti   10
  4           Anatolia_N   25
  5                  Ami   10
  6                 Mixe   10
  7         Ganj_Dareh_N    7
  8                 Onge   12
  9           Villabruna    1
 10           DevilsGate    4
 11                 aACA   32
jackknife block size:     0.050
snps: 498990  indivs: 166
number of blocks for block jackknife: 710
dof (jackknife):   584.949
numsnps used: 389679
f4info: 
f4rank: 0 dof:     16 chisq:  6031.178 tail:                    0 dofdiff:      0 chisqdiff:     0.000 taildiff:                    1

f4info: 
f4rank: 1 dof:      7 chisq:     9.296 tail:          0.232119149 dofdiff:      9 chisqdiff:  6021.882 taildiff:                    0
B:
          scale     1.000 
     Anatolia_N    -0.191 
            Ami     1.347 
           Mixe     0.985 
   Ganj_Dareh_N    -0.330 
           Onge     0.233 
     Villabruna    -0.071 
     DevilsGate     1.501 
           aACA     1.661 
A:
          scale   184.160 
      Sherpa.LC     0.018 
       Pulliyar    -1.414 

f4info: 
f4rank: 2 dof:      0 chisq:     0.000 tail:                    1 dofdiff:      7 chisqdiff:     9.296 taildiff:          0.232119149
B:
          scale     1.000     1.000 
     Anatolia_N    -0.197     0.613 
            Ami     1.353    -1.100 
           Mixe     0.978     0.489 
   Ganj_Dareh_N    -0.348     1.939 
           Onge     0.230     0.699 
     Villabruna    -0.079    -0.034 
     DevilsGate     1.490     1.368 
           aACA     1.665    -0.238 
A:
          scale   185.275  9316.122 
      Sherpa.LC     0.032     1.414 
       Pulliyar    -1.414     0.032 

## end of run
