/home/cliu7/utils/AdmixTools/bin/qpWave: parameter file: temp/param/qpAdm_UpperMustang.LC.Sherpa.LC.Mala.parp6y0xpf_
### THE INPUT PARAMETERS
##PARAMETER NAME: VALUE
DIR: data/intermediate
S1: HO_all_merged.qpAdm
indivname: data/intermediate/HO_all_merged.qpAdm.grouped2.ind
snpname: data/intermediate/HO_all_merged.qpAdm.snp
genotypename: data/intermediate/HO_all_merged.qpAdm.geno
popleft: temp/param/left.p6y0xpf_
popright: temp/param/right.p6y0xpf_
details: YES
## qpWave version: 410
packed geno read OK
end of inpack

left pops:
UpperMustang.LC
Sherpa.LC
Mala

right pops:
Mbuti
Anatolia_N
Ami
Mixe
Ganj_Dareh_N
Onge
Villabruna
DevilsGate
aACA

  0      UpperMustang.LC   11
  1            Sherpa.LC    9
  2                 Mala   11
  3                Mbuti   10
  4           Anatolia_N   25
  5                  Ami   10
  6                 Mixe   10
  7         Ganj_Dareh_N    7
  8                 Onge   12
  9           Villabruna    1
 10           DevilsGate    4
 11                 aACA   32
jackknife block size:     0.050
snps: 498990  indivs: 142
number of blocks for block jackknife: 710
dof (jackknife):   583.347
numsnps used: 419622
f4info: 
f4rank: 0 dof:     16 chisq:  6800.241 tail:                    0 dofdiff:      0 chisqdiff:     0.000 taildiff:                    1

f4info: 
f4rank: 1 dof:      7 chisq:    10.321 tail:          0.171083509 dofdiff:      9 chisqdiff:  6789.919 taildiff:                    0
B:
          scale     1.000 
     Anatolia_N    -0.276 
            Ami     1.347 
           Mixe     0.935 
   Ganj_Dareh_N    -0.416 
           Onge     0.309 
     Villabruna    -0.109 
     DevilsGate     1.489 
           aACA     1.655 
A:
          scale   180.890 
      Sherpa.LC     0.018 
           Mala    -1.414 

f4info: 
f4rank: 2 dof:      0 chisq:     0.000 tail:                    1 dofdiff:      7 chisqdiff:    10.321 taildiff:          0.171083509
B:
          scale     1.000     1.000 
     Anatolia_N    -0.282     0.703 
            Ami     1.353    -1.000 
           Mixe     0.929     0.440 
   Ganj_Dareh_N    -0.439     2.003 
           Onge     0.306     0.467 
     Villabruna    -0.119     0.236 
     DevilsGate     1.476     1.419 
           aACA     1.658    -0.113 
A:
          scale   181.938  8821.166 
      Sherpa.LC     0.031     1.414 
           Mala    -1.414     0.031 

## end of run
