/home/cliu7/utils/AdmixTools/bin/qpWave: parameter file: temp/param/qpAdm_UpperMustang.LC.Sherpa.LC.Southeast_China.para49e5l0u
### THE INPUT PARAMETERS
##PARAMETER NAME: VALUE
DIR: data/intermediate
S1: HO_all_merged.qpAdm
indivname: data/intermediate/HO_all_merged.qpAdm.grouped2.ind
snpname: data/intermediate/HO_all_merged.qpAdm.snp
genotypename: data/intermediate/HO_all_merged.qpAdm.geno
popleft: temp/param/left.a49e5l0u
popright: temp/param/right.a49e5l0u
details: YES
## qpWave version: 410
packed geno read OK
end of inpack

left pops:
UpperMustang.LC
Sherpa.LC
Southeast_China

right pops:
Mbuti
Anatolia_N
Ami
Mixe
Ganj_Dareh_N
Onge
Villabruna
DevilsGate
aACA

  0      UpperMustang.LC   11
  1            Sherpa.LC    9
  2      Southeast_China   97
  3                Mbuti   10
  4           Anatolia_N   25
  5                  Ami   10
  6                 Mixe   10
  7         Ganj_Dareh_N    7
  8                 Onge   12
  9           Villabruna    1
 10           DevilsGate    4
 11                 aACA   32
jackknife block size:     0.050
snps: 498990  indivs: 228
number of blocks for block jackknife: 710
dof (jackknife):   583.471
numsnps used: 419308
f4info: 
f4rank: 0 dof:     16 chisq:  3760.771 tail:                    0 dofdiff:      0 chisqdiff:     0.000 taildiff:                    1

f4info: 
f4rank: 1 dof:      7 chisq:     8.574 tail:           0.28470382 dofdiff:      9 chisqdiff:  3752.197 taildiff:                    0
B:
          scale     1.000 
     Anatolia_N    -0.091 
            Ami     2.498 
           Mixe     0.291 
   Ganj_Dareh_N     0.021 
           Onge     0.461 
     Villabruna    -0.273 
     DevilsGate     0.298 
           aACA    -1.136 
A:
          scale   846.537 
      Sherpa.LC    -0.049 
Southeast_China     1.413 

f4info: 
f4rank: 2 dof:      0 chisq:     0.000 tail:                    1 dofdiff:      7 chisqdiff:     8.574 taildiff:           0.28470382
B:
          scale     1.000     1.000 
     Anatolia_N    -0.074     0.286 
            Ami     2.500    -0.024 
           Mixe     0.343     0.942 
   Ganj_Dareh_N     0.082     1.043 
           Onge     0.480     0.483 
     Villabruna    -0.259     0.109 
     DevilsGate     0.421     2.009 
           aACA    -1.069     1.289 
A:
          scale   830.597  6062.933 
      Sherpa.LC     0.026     1.414 
Southeast_China     1.414    -0.026 

## end of run
