/home/cliu7/utils/AdmixTools/bin/qpWave: parameter file: temp/param/qpAdm_Naga.YR_MN.Han.parilce3npy
### THE INPUT PARAMETERS
##PARAMETER NAME: VALUE
DIR: data/intermediate
S1: HO_all_merged.qpAdm
indivname: data/intermediate/HO_all_merged.qpAdm.grouped.ind
snpname: data/intermediate/HO_all_merged.qpAdm.snp
genotypename: data/intermediate/HO_all_merged.qpAdm.geno
popleft: temp/param/left.ilce3npy
popright: temp/param/right.ilce3npy
details: YES
## qpWave version: 410
packed geno read OK
end of inpack

left pops:
Naga
YR_MN
Han

right pops:
Mbuti
Anatolia_N
Ami
Mixe
Ganj_Dareh_N
Onge
Villabruna
DevilsGate

  0                 Naga    6
  1                YR_MN    8
  2                  Han   33
  3                Mbuti   10
  4           Anatolia_N   25
  5                  Ami   10
  6                 Mixe   10
  7         Ganj_Dareh_N    7
  8                 Onge   12
  9           Villabruna    1
 10           DevilsGate    4
jackknife block size:     0.050
snps: 498990  indivs: 126
number of blocks for block jackknife: 710
dof (jackknife):   583.347
numsnps used: 420798
f4info: 
f4rank: 0 dof:     14 chisq:   546.148 tail:      1.49740678e-107 dofdiff:      0 chisqdiff:     0.000 taildiff:                    1

f4info: 
f4rank: 1 dof:      6 chisq:     6.782 tail:           0.34151072 dofdiff:      8 chisqdiff:   539.367 taildiff:      2.49602447e-111
B:
          scale     1.000 
     Anatolia_N     0.097 
            Ami     2.532 
           Mixe     0.353 
   Ganj_Dareh_N     0.149 
           Onge     0.226 
     Villabruna    -0.255 
     DevilsGate     0.561 
A:
          scale  1446.350 
          YR_MN     0.310 
            Han     1.380 

f4info: 
f4rank: 2 dof:      0 chisq:     0.000 tail:                    1 dofdiff:      6 chisqdiff:     6.782 taildiff:           0.34151072
B:
          scale     1.000     1.000 
     Anatolia_N     0.097     0.154 
            Ami     2.551    -0.156 
           Mixe     0.280     1.166 
   Ganj_Dareh_N     0.216    -0.970 
           Onge     0.086     1.959 
     Villabruna    -0.182    -0.895 
     DevilsGate     0.564    -0.116 
A:
          scale  1481.287  8375.891 
          YR_MN     0.239    -1.394 
            Han     1.394     0.239 

## end of run
