/home/cliu7/utils/AdmixTools/bin/qpAdm: parameter file: temp/param/qpAdm_Naxi.Upper_YR_LN.Han.parhi_5jnfw
### THE INPUT PARAMETERS
##PARAMETER NAME: VALUE
DIR: data/intermediate
S1: HO_all_merged.qpAdm
indivname: data/intermediate/HO_all_merged.qpAdm.grouped.ind
snpname: data/intermediate/HO_all_merged.qpAdm.snp
genotypename: data/intermediate/HO_all_merged.qpAdm.geno
popleft: temp/param/left.hi_5jnfw
popright: temp/param/right.hi_5jnfw
details: YES
## qpAdm version: 810
seed: 577705363
packed geno read OK
end of inpack

left pops:
Naxi
Upper_YR_LN
Han

right pops:
Mbuti
Anatolia_N
Ami
Mixe
Ganj_Dareh_N
Onge
Villabruna
DevilsGate

  0                 Naxi    9
  1          Upper_YR_LN    7
  2                  Han   33
  3                Mbuti   10
  4           Anatolia_N   25
  5                  Ami   10
  6                 Mixe   10
  7         Ganj_Dareh_N    7
  8                 Onge   12
  9           Villabruna    1
 10           DevilsGate    4
jackknife block size:     0.050
snps: 498990  indivs: 128
number of blocks for block jackknife: 710
## ncols: 498990
coverage:                 Naxi 498990
coverage:          Upper_YR_LN 496840
coverage:                  Han 498990
coverage:                Mbuti 498990
coverage:           Anatolia_N 498137
coverage:                  Ami 498990
coverage:                 Mixe 498990
coverage:         Ganj_Dareh_N 457128
coverage:                 Onge 498990
coverage:           Villabruna 415230
coverage:           DevilsGate 498716
dof (jackknife):   583.300
numsnps used: 420352
codimension 1
f4info: 
f4rank: 1 dof:      6 chisq:    37.584 tail:       1.35455153e-06 dofdiff:      8 chisqdiff:   -37.584 taildiff:                    1
B:
          scale     1.000 
     Anatolia_N     0.010 
            Ami     2.604 
           Mixe     0.299 
   Ganj_Dareh_N    -0.063 
           Onge     0.127 
     Villabruna    -0.172 
     DevilsGate     0.287 
A:
          scale  1985.605 
    Upper_YR_LN    -0.475 
            Han     1.332 


full rank
f4info: 
f4rank: 2 dof:      0 chisq:     0.000 tail:                    1 dofdiff:      6 chisqdiff:    37.584 taildiff:       1.35455153e-06
B:
          scale     1.000     1.000 
     Anatolia_N    -0.015     0.068 
            Ami     2.436    -1.305 
           Mixe     0.559     0.810 
   Ganj_Dareh_N     0.052     0.577 
           Onge     0.089    -0.052 
     Villabruna    -0.095     0.343 
     DevilsGate     0.857     2.045 
A:
          scale  1887.679  2865.302 
    Upper_YR_LN     0.289     1.409 
            Han     1.384    -0.127 


best coefficients:     0.737     0.263 
Jackknife mean:      0.735333979     0.264666021 
      std. errors:     0.054     0.054 

error covariance (* 1000000)
      2904      -2904 
     -2904       2904 


summ: Naxi    2      0.000001     0.735     0.265  2904 -2904  2904 

    fixed pat  wt  dof     chisq       tail prob
           00  0     6    37.584     1.35455e-06     0.737     0.263 
           01  1     7    55.933     9.73745e-10     1.000     0.000 
           10  1     7   381.127               0     0.000     1.000 
best pat:           00      1.35455e-06              -  -
best pat:           01      9.73745e-10  chi(nested):    18.349 p-value for nested model:     1.83914e-05

coeffs:     0.737     0.263 

## dscore:: f_4(Base, Fit, Rbase, right2)
## genstat:: f_4(Base, Fit, right1, right2)

details:     Upper_YR_LN      Anatolia_N     0.000038    0.226731
details:             Han      Anatolia_N    -0.000011   -0.108535
dscore:      Anatolia_N f4:     0.000025 Z:     0.181425

details:     Upper_YR_LN             Ami    -0.000262   -1.375479
details:             Han             Ami     0.001847   15.608808
dscore:             Ami f4:     0.000292 Z:     1.885663

details:     Upper_YR_LN            Mixe     0.000491    2.388645
details:             Han            Mixe     0.000377    2.902937
dscore:            Mixe f4:     0.000461 Z:     2.749547

details:     Upper_YR_LN    Ganj_Dareh_N     0.000298    1.435364
details:             Han    Ganj_Dareh_N     0.000015    0.126400
dscore:    Ganj_Dareh_N f4:     0.000223 Z:     1.331848

details:     Upper_YR_LN            Onge    -0.000005   -0.022768
details:             Han            Onge     0.000071    0.555231
dscore:            Onge f4:     0.000015 Z:     0.092147

details:     Upper_YR_LN      Villabruna     0.000163    0.604230
details:             Han      Villabruna    -0.000081   -0.502525
dscore:      Villabruna f4:     0.000098 Z:     0.449057

details:     Upper_YR_LN      DevilsGate     0.001144    4.823417
details:             Han      DevilsGate     0.000541    3.965996
dscore:      DevilsGate f4:     0.000986 Z:     5.170613

gendstat:                Mbuti           Anatolia_N     0.181
gendstat:                Mbuti                  Ami     1.886
gendstat:                Mbuti                 Mixe     2.750
gendstat:                Mbuti         Ganj_Dareh_N     1.332
gendstat:                Mbuti                 Onge     0.092
gendstat:                Mbuti           Villabruna     0.449
gendstat:                Mbuti           DevilsGate     5.171
gendstat:           Anatolia_N                  Ami     1.778
gendstat:           Anatolia_N                 Mixe     2.774
gendstat:           Anatolia_N         Ganj_Dareh_N     1.480
gendstat:           Anatolia_N                 Onge    -0.064
gendstat:           Anatolia_N           Villabruna     0.385
gendstat:           Anatolia_N           DevilsGate     5.374
gendstat:                  Ami                 Mixe     1.159
gendstat:                  Ami         Ganj_Dareh_N    -0.389
gendstat:                  Ami                 Onge    -1.823
gendstat:                  Ami           Villabruna    -0.885
gendstat:                  Ami           DevilsGate     4.225
gendstat:                 Mixe         Ganj_Dareh_N    -1.255
gendstat:                 Mixe                 Onge    -2.609
gendstat:                 Mixe           Villabruna    -1.629
gendstat:                 Mixe           DevilsGate     3.053
gendstat:         Ganj_Dareh_N                 Onge    -1.178
gendstat:         Ganj_Dareh_N           Villabruna    -0.563
gendstat:         Ganj_Dareh_N           DevilsGate     3.769
gendstat:                 Onge           Villabruna     0.368
gendstat:                 Onge           DevilsGate     5.141
gendstat:           Villabruna           DevilsGate     3.665

## end of run
