/home/cliu7/utils/AdmixTools/bin/qpWave: parameter file: temp/param/qpAdm_Qiang_Daofu.Upper_YR_LN.Han.par98fg5znm
### THE INPUT PARAMETERS
##PARAMETER NAME: VALUE
DIR: data/intermediate
S1: HO_all_merged.qpAdm
indivname: data/intermediate/HO_all_merged.qpAdm.grouped.ind
snpname: data/intermediate/HO_all_merged.qpAdm.snp
genotypename: data/intermediate/HO_all_merged.qpAdm.geno
popleft: temp/param/left.98fg5znm
popright: temp/param/right.98fg5znm
details: YES
## qpWave version: 410
packed geno read OK
end of inpack

left pops:
Qiang_Daofu
Upper_YR_LN
Han

right pops:
Mbuti
Anatolia_N
Ami
Mixe
Ganj_Dareh_N
Onge
Villabruna
DevilsGate

  0          Qiang_Daofu    8
  1          Upper_YR_LN    7
  2                  Han   33
  3                Mbuti   10
  4           Anatolia_N   25
  5                  Ami   10
  6                 Mixe   10
  7         Ganj_Dareh_N    7
  8                 Onge   12
  9           Villabruna    1
 10           DevilsGate    4
jackknife block size:     0.050
snps: 498990  indivs: 127
number of blocks for block jackknife: 710
dof (jackknife):   583.267
numsnps used: 419531
f4info: 
f4rank: 0 dof:     14 chisq:   922.434 tail:      6.72685096e-188 dofdiff:      0 chisqdiff:     0.000 taildiff:                    1

f4info: 
f4rank: 1 dof:      6 chisq:    26.773 tail:       0.000159690198 dofdiff:      8 chisqdiff:   895.661 taildiff:      4.87346536e-188
B:
          scale     1.000 
     Anatolia_N    -0.234 
            Ami     2.586 
           Mixe     0.171 
   Ganj_Dareh_N    -0.197 
           Onge     0.186 
     Villabruna    -0.386 
     DevilsGate     0.093 
A:
          scale  1373.215 
    Upper_YR_LN     0.184 
            Han     1.402 

f4info: 
f4rank: 2 dof:      0 chisq:     0.000 tail:                    1 dofdiff:      6 chisqdiff:    26.773 taildiff:       0.000159690198
B:
          scale     1.000     1.000 
     Anatolia_N    -0.305    -0.393 
            Ami     2.507    -0.675 
           Mixe     0.346     0.858 
   Ganj_Dareh_N    -0.119     0.465 
           Onge     0.216     0.196 
     Villabruna    -0.374    -0.045 
     DevilsGate     0.548     2.323 
A:
          scale  1284.842  4102.880 
    Upper_YR_LN     0.419     1.351 
            Han     1.351    -0.419 

## end of run
