/home/cliu7/utils/AdmixTools/bin/qpWave: parameter file: temp/param/qpAdm_Tamang.Upper_YR_LN.Southeast_China.par6mo6p_qx
### THE INPUT PARAMETERS
##PARAMETER NAME: VALUE
DIR: data/intermediate
S1: HO_all_merged.qpAdm
indivname: data/intermediate/HO_all_merged.qpAdm.grouped.ind
snpname: data/intermediate/HO_all_merged.qpAdm.snp
genotypename: data/intermediate/HO_all_merged.qpAdm.geno
popleft: temp/param/left.6mo6p_qx
popright: temp/param/right.6mo6p_qx
details: YES
## qpWave version: 410
packed geno read OK
end of inpack

left pops:
Tamang
Upper_YR_LN
Southeast_China

right pops:
Mbuti
Anatolia_N
Ami
Mixe
Ganj_Dareh_N
Onge
Villabruna
DevilsGate

  0               Tamang    7
  1          Upper_YR_LN    7
  2      Southeast_China   97
  3                Mbuti   10
  4           Anatolia_N   25
  5                  Ami   10
  6                 Mixe   10
  7         Ganj_Dareh_N    7
  8                 Onge   12
  9           Villabruna    1
 10           DevilsGate    4
jackknife block size:     0.050
snps: 498990  indivs: 190
number of blocks for block jackknife: 710
dof (jackknife):   583.426
numsnps used: 416613
f4info: 
f4rank: 0 dof:     14 chisq:  2440.585 tail:                    0 dofdiff:      0 chisqdiff:     0.000 taildiff:                    1

f4info: 
f4rank: 1 dof:      6 chisq:   275.661 tail:       1.33358108e-56 dofdiff:      8 chisqdiff:  2164.925 taildiff:                    0
B:
          scale     1.000 
     Anatolia_N    -0.162 
            Ami     2.330 
           Mixe     0.671 
   Ganj_Dareh_N    -0.200 
           Onge     0.396 
     Villabruna    -0.195 
     DevilsGate     0.926 
A:
          scale   508.456 
    Upper_YR_LN     0.642 
Southeast_China     1.260 

f4info: 
f4rank: 2 dof:      0 chisq:     0.000 tail:                    1 dofdiff:      6 chisqdiff:   275.661 taildiff:       1.33358108e-56
B:
          scale     1.000     1.000 
     Anatolia_N    -0.210     0.055 
            Ami     1.979    -1.647 
           Mixe     0.884     0.869 
   Ganj_Dareh_N    -0.189     0.246 
           Onge     0.376    -0.052 
     Villabruna    -0.199     0.295 
     DevilsGate     1.429     1.838 
A:
          scale   419.752  1777.477 
    Upper_YR_LN     0.924     1.070 
Southeast_China     1.070    -0.924 

## end of run
