/home/cliu7/utils/AdmixTools/bin/qpAdm: parameter file: temp/param/qpAdm_Tibetan_Yajiang.Upper_YR_LN.Southeast_China.par56nj76b7
### THE INPUT PARAMETERS
##PARAMETER NAME: VALUE
DIR: data/intermediate
S1: HO_all_merged.qpAdm
indivname: data/intermediate/HO_all_merged.qpAdm.grouped.ind
snpname: data/intermediate/HO_all_merged.qpAdm.snp
genotypename: data/intermediate/HO_all_merged.qpAdm.geno
popleft: temp/param/left.56nj76b7
popright: temp/param/right.56nj76b7
details: YES
## qpAdm version: 810
seed: 931488681
packed geno read OK
end of inpack

left pops:
Tibetan_Yajiang
Upper_YR_LN
Southeast_China

right pops:
Mbuti
Anatolia_N
Ami
Mixe
Ganj_Dareh_N
Onge
Villabruna
DevilsGate

  0      Tibetan_Yajiang   10
  1          Upper_YR_LN    7
  2      Southeast_China   97
  3                Mbuti   10
  4           Anatolia_N   25
  5                  Ami   10
  6                 Mixe   10
  7         Ganj_Dareh_N    7
  8                 Onge   12
  9           Villabruna    1
 10           DevilsGate    4
jackknife block size:     0.050
snps: 498990  indivs: 193
number of blocks for block jackknife: 710
## ncols: 498990
coverage:      Tibetan_Yajiang 498036
coverage:          Upper_YR_LN 496840
coverage:      Southeast_China 498990
coverage:                Mbuti 498990
coverage:           Anatolia_N 498137
coverage:                  Ami 498990
coverage:                 Mixe 498990
coverage:         Ganj_Dareh_N 457128
coverage:                 Onge 498990
coverage:           Villabruna 415230
coverage:           DevilsGate 498716
dof (jackknife):   583.432
numsnps used: 416860
codimension 1
f4info: 
f4rank: 1 dof:      6 chisq:    59.974 tail:        4.5551563e-11 dofdiff:      8 chisqdiff:   -59.974 taildiff:                    1
B:
          scale     1.000 
     Anatolia_N    -0.144 
            Ami     2.572 
           Mixe    -0.128 
   Ganj_Dareh_N    -0.066 
           Onge     0.446 
     Villabruna    -0.210 
     DevilsGate    -0.317 
A:
          scale  1177.675 
    Upper_YR_LN     0.040 
Southeast_China     1.414 


full rank
f4info: 
f4rank: 2 dof:      0 chisq:     0.000 tail:                    1 dofdiff:      6 chisqdiff:    59.974 taildiff:        4.5551563e-11
B:
          scale     1.000     1.000 
     Anatolia_N    -0.195    -0.051 
            Ami     2.566    -0.635 
           Mixe     0.064     0.979 
   Ganj_Dareh_N    -0.007     0.450 
           Onge     0.541     0.337 
     Villabruna    -0.252     0.249 
     DevilsGate     0.130     2.293 
A:
          scale  1099.537  2264.275 
    Upper_YR_LN     0.448     1.393 
Southeast_China     1.341    -0.246 


best coefficients:     1.029    -0.029 
Jackknife mean:      1.027712315    -0.027712315 
      std. errors:     0.046     0.046 

error covariance (* 1000000)
      2090      -2090 
     -2090       2090 


summ: Tibetan_Yajiang    2      0.000000     1.028    -0.028  2090 -2090  2090 

    fixed pat  wt  dof     chisq       tail prob
           00  0     6    59.974     4.55516e-11     1.029    -0.029  infeasible
           01  1     7    60.341     1.29063e-10     1.000     0.000 
           10  1     7  1298.337               0     0.000     1.000 
best pat:           00      4.55516e-11              -  -
best pat:           01      1.29063e-10  chi(nested):     0.366 p-value for nested model:        0.545034

coeffs:     1.029    -0.029 

## dscore:: f_4(Base, Fit, Rbase, right2)
## genstat:: f_4(Base, Fit, right1, right2)

details:     Upper_YR_LN      Anatolia_N    -0.000096   -0.593103
details: Southeast_China      Anatolia_N    -0.000230   -2.245244
dscore:      Anatolia_N f4:    -0.000092 Z:    -0.555862

details:     Upper_YR_LN             Ami     0.000667    3.598253
details: Southeast_China             Ami     0.003203   25.875815
dscore:             Ami f4:     0.000593 Z:     3.122706

details:     Upper_YR_LN            Mixe     0.000643    3.148826
details: Southeast_China            Mixe    -0.000025   -0.186699
dscore:            Mixe f4:     0.000662 Z:     3.170880

details:     Upper_YR_LN    Ganj_Dareh_N     0.000287    1.435309
details: Southeast_China    Ganj_Dareh_N    -0.000055   -0.430286
dscore:    Ganj_Dareh_N f4:     0.000297 Z:     1.450650

details:     Upper_YR_LN            Onge     0.000438    2.315309
details: Southeast_China            Onge     0.000627    5.180727
dscore:            Onge f4:     0.000433 Z:     2.233233

details:     Upper_YR_LN      Villabruna     0.000067    0.247031
details: Southeast_China      Villabruna    -0.000333   -1.981576
dscore:      Villabruna f4:     0.000079 Z:     0.284066

details:     Upper_YR_LN      DevilsGate     0.001478    6.386797
details: Southeast_China      DevilsGate    -0.000087   -0.585065
dscore:      DevilsGate f4:     0.001524 Z:     6.431539

gendstat:                Mbuti           Anatolia_N    -0.556
gendstat:                Mbuti                  Ami     3.123
gendstat:                Mbuti                 Mixe     3.171
gendstat:                Mbuti         Ganj_Dareh_N     1.451
gendstat:                Mbuti                 Onge     2.233
gendstat:                Mbuti           Villabruna     0.284
gendstat:                Mbuti           DevilsGate     6.432
gendstat:           Anatolia_N                  Ami     3.927
gendstat:           Anatolia_N                 Mixe     3.984
gendstat:           Anatolia_N         Ganj_Dareh_N     2.238
gendstat:           Anatolia_N                 Onge     2.861
gendstat:           Anatolia_N           Villabruna     0.728
gendstat:           Anatolia_N           DevilsGate     7.399
gendstat:                  Ami                 Mixe     0.372
gendstat:                  Ami         Ganj_Dareh_N    -1.399
gendstat:                  Ami                 Onge    -0.876
gendstat:                  Ami           Villabruna    -1.862
gendstat:                  Ami           DevilsGate     4.568
gendstat:                 Mixe         Ganj_Dareh_N    -1.632
gendstat:                 Mixe                 Onge    -1.057
gendstat:                 Mixe           Villabruna    -2.068
gendstat:                 Mixe           DevilsGate     3.900
gendstat:         Ganj_Dareh_N                 Onge     0.635
gendstat:         Ganj_Dareh_N           Villabruna    -0.797
gendstat:         Ganj_Dareh_N           DevilsGate     4.996
gendstat:                 Onge           Villabruna    -1.248
gendstat:                 Onge           DevilsGate     4.560
gendstat:           Villabruna           DevilsGate     4.750

## end of run
