/home/cliu7/utils/AdmixTools/bin/qpAdm: parameter file: temp/param/qpAdm_Gurung.Samdzong.Southeast_China.parjogsouph
### THE INPUT PARAMETERS
##PARAMETER NAME: VALUE
DIR: data/intermediate
S1: HO_all_merged.qpAdm
indivname: data/intermediate/HO_all_merged.qpAdm.grouped.ind
snpname: data/intermediate/HO_all_merged.qpAdm.snp
genotypename: data/intermediate/HO_all_merged.qpAdm.geno
popleft: temp/param/left.jogsouph
popright: temp/param/right.jogsouph
details: YES
## qpAdm version: 810
seed: 1618403859
packed geno read OK
end of inpack

left pops:
Gurung
Samdzong
Southeast_China

right pops:
Mbuti
Anatolia_N
Ami
Mixe
Ganj_Dareh_N
Onge
Villabruna
DevilsGate

  0               Gurung    5
  1             Samdzong    9
  2      Southeast_China   97
  3                Mbuti   10
  4           Anatolia_N   25
  5                  Ami   10
  6                 Mixe   10
  7         Ganj_Dareh_N    7
  8                 Onge   12
  9           Villabruna    1
 10           DevilsGate    4
jackknife block size:     0.050
snps: 498990  indivs: 190
number of blocks for block jackknife: 710
## ncols: 498990
coverage:               Gurung 498036
coverage:             Samdzong 498985
coverage:      Southeast_China 498990
coverage:                Mbuti 498990
coverage:           Anatolia_N 498137
coverage:                  Ami 498990
coverage:                 Mixe 498990
coverage:         Ganj_Dareh_N 457128
coverage:                 Onge 498990
coverage:           Villabruna 415230
coverage:           DevilsGate 498716
dof (jackknife):   583.499
numsnps used: 418173
codimension 1
f4info: 
f4rank: 1 dof:      6 chisq:    25.771 tail:       0.000245594705 dofdiff:      8 chisqdiff:   -25.771 taildiff:                    1
B:
          scale     1.000 
     Anatolia_N    -0.160 
            Ami     2.485 
           Mixe     0.455 
   Ganj_Dareh_N    -0.112 
           Onge     0.416 
     Villabruna    -0.133 
     DevilsGate     0.621 
A:
          scale   762.093 
       Samdzong     0.018 
Southeast_China     1.414 


full rank
f4info: 
f4rank: 2 dof:      0 chisq:     0.000 tail:                    1 dofdiff:      6 chisqdiff:    25.771 taildiff:       0.000245594705
B:
          scale     1.000     1.000 
     Anatolia_N    -0.164    -0.068 
            Ami     2.470     1.260 
           Mixe     0.479    -0.168 
   Ganj_Dareh_N    -0.164     1.390 
           Onge     0.360     0.938 
     Villabruna    -0.119    -0.408 
     DevilsGate     0.687    -1.550 
A:
          scale   728.567  4103.802 
       Samdzong     0.163    -1.379 
Southeast_China     1.405    -0.314 


best coefficients:     1.013    -0.013 
Jackknife mean:      1.012302253    -0.012302253 
      std. errors:     0.033     0.033 

error covariance (* 1000000)
      1118      -1118 
     -1118       1118 


summ: Gurung    2      0.000246     1.012    -0.012  1118 -1118  1118 

    fixed pat  wt  dof     chisq       tail prob
           00  0     6    25.771     0.000245595     1.013    -0.013  infeasible
           01  1     7    25.886     0.000527737     1.000     0.000 
           10  1     7  1318.455               0     0.000     1.000 
best pat:           00      0.000245595              -  -
best pat:           01      0.000527737  chi(nested):     0.115 p-value for nested model:        0.734092

coeffs:     1.013    -0.013 

## dscore:: f_4(Base, Fit, Rbase, right2)
## genstat:: f_4(Base, Fit, right1, right2)

details:        Samdzong      Anatolia_N    -0.000027   -0.162053
details: Southeast_China      Anatolia_N    -0.000314   -2.327899
dscore:      Anatolia_N f4:    -0.000023 Z:    -0.138726

details:        Samdzong             Ami     0.000121    0.621190
details: Southeast_China             Ami     0.004667   27.747633
dscore:             Ami f4:     0.000063 Z:     0.318829

details:        Samdzong            Mixe     0.000152    0.741540
details: Southeast_China            Mixe     0.000936    5.215009
dscore:            Mixe f4:     0.000142 Z:     0.687854

details:        Samdzong    Ganj_Dareh_N    -0.000513   -2.721708
details: Southeast_China    Ganj_Dareh_N    -0.000423   -2.537459
dscore:    Ganj_Dareh_N f4:    -0.000514 Z:    -2.710419

details:        Samdzong            Onge    -0.000248   -1.233531
details: Southeast_China            Onge     0.000618    3.758919
dscore:            Onge f4:    -0.000259 Z:    -1.280322

details:        Samdzong      Villabruna     0.000106    0.387984
details: Southeast_China      Villabruna    -0.000198   -0.923343
dscore:      Villabruna f4:     0.000110 Z:     0.399615

details:        Samdzong      DevilsGate     0.000667    2.953562
details: Southeast_China      DevilsGate     0.001444    7.410990
dscore:      DevilsGate f4:     0.000657 Z:     2.889187

gendstat:                Mbuti           Anatolia_N    -0.139
gendstat:                Mbuti                  Ami     0.319
gendstat:                Mbuti                 Mixe     0.688
gendstat:                Mbuti         Ganj_Dareh_N    -2.710
gendstat:                Mbuti                 Onge    -1.280
gendstat:                Mbuti           Villabruna     0.400
gendstat:                Mbuti           DevilsGate     2.889
gendstat:           Anatolia_N                  Ami     0.470
gendstat:           Anatolia_N                 Mixe     0.842
gendstat:           Anatolia_N         Ganj_Dareh_N    -3.000
gendstat:           Anatolia_N                 Onge    -1.233
gendstat:           Anatolia_N           Villabruna     0.561
gendstat:           Anatolia_N           DevilsGate     3.052
gendstat:                  Ami                 Mixe     0.441
gendstat:                  Ami         Ganj_Dareh_N    -2.732
gendstat:                  Ami                 Onge    -1.695
gendstat:                  Ami           Villabruna     0.165
gendstat:                  Ami           DevilsGate     3.123
gendstat:                 Mixe         Ganj_Dareh_N    -2.918
gendstat:                 Mixe                 Onge    -1.867
gendstat:                 Mixe           Villabruna    -0.114
gendstat:                 Mixe           DevilsGate     2.300
gendstat:         Ganj_Dareh_N                 Onge     1.171
gendstat:         Ganj_Dareh_N           Villabruna     2.283
gendstat:         Ganj_Dareh_N           DevilsGate     4.599
gendstat:                 Onge           Villabruna     1.291
gendstat:                 Onge           DevilsGate     3.843
gendstat:           Villabruna           DevilsGate     1.795

## end of run
