/home/cliu7/utils/AdmixTools/bin/qpWave: parameter file: temp/param/qpAdm_Gurung.UpperMustang.LC.Mala.parlaukri_5
### THE INPUT PARAMETERS
##PARAMETER NAME: VALUE
DIR: data/intermediate
S1: HO_all_merged.qpAdm
indivname: data/intermediate/HO_all_merged.qpAdm.grouped.ind
snpname: data/intermediate/HO_all_merged.qpAdm.snp
genotypename: data/intermediate/HO_all_merged.qpAdm.geno
popleft: temp/param/left.laukri_5
popright: temp/param/right.laukri_5
details: YES
## qpWave version: 410
packed geno read OK
end of inpack

left pops:
Gurung
UpperMustang.LC
Mala

right pops:
Mbuti
Anatolia_N
Ami
Mixe
Ganj_Dareh_N
Onge
Villabruna
DevilsGate

  0               Gurung    5
  1      UpperMustang.LC   11
  2                 Mala   11
  3                Mbuti   10
  4           Anatolia_N   25
  5                  Ami   10
  6                 Mixe   10
  7         Ganj_Dareh_N    7
  8                 Onge   12
  9           Villabruna    1
 10           DevilsGate    4
jackknife block size:     0.050
snps: 498990  indivs: 106
number of blocks for block jackknife: 710
dof (jackknife):   583.398
numsnps used: 418737
f4info: 
f4rank: 0 dof:     14 chisq:  4664.779 tail:                    0 dofdiff:      0 chisqdiff:     0.000 taildiff:                    1

f4info: 
f4rank: 1 dof:      6 chisq:    14.813 tail:         0.0217589475 dofdiff:      8 chisqdiff:  4649.966 taildiff:                    0
B:
          scale     1.000 
     Anatolia_N    -0.329 
            Ami     1.571 
           Mixe     1.071 
   Ganj_Dareh_N    -0.493 
           Onge     0.366 
     Villabruna    -0.166 
     DevilsGate     1.695 
A:
          scale   223.143 
UpperMustang.LC     0.090 
           Mala    -1.411 

f4info: 
f4rank: 2 dof:      0 chisq:     0.000 tail:                    1 dofdiff:      6 chisqdiff:    14.813 taildiff:         0.0217589475
B:
          scale     1.000     1.000 
     Anatolia_N    -0.315     0.312 
            Ami     1.585     0.609 
           Mixe     1.075     0.095 
   Ganj_Dareh_N    -0.452     1.633 
           Onge     0.400     1.365 
     Villabruna    -0.181    -1.278 
     DevilsGate     1.684    -0.598 
A:
          scale   221.099  5744.942 
UpperMustang.LC     0.077    -1.412 
           Mala    -1.412    -0.077 

## end of run
