/home/cliu7/utils/AdmixTools/bin/qpAdm: parameter file: temp/param/qpAdm_Gurung.Chokhopani.Pulliyar.par0tv_g4d4
### THE INPUT PARAMETERS
##PARAMETER NAME: VALUE
DIR: data/intermediate
S1: HO_all_merged.qpAdm
indivname: data/intermediate/HO_all_merged.qpAdm.grouped.ind
snpname: data/intermediate/HO_all_merged.qpAdm.snp
genotypename: data/intermediate/HO_all_merged.qpAdm.geno
popleft: temp/param/left.0tv_g4d4
popright: temp/param/right.0tv_g4d4
details: YES
## qpAdm version: 810
seed: -909651306
packed geno read OK
end of inpack

left pops:
Gurung
Chokhopani
Pulliyar

right pops:
Mbuti
Anatolia_N
Ami
Mixe
Ganj_Dareh_N
Onge
Villabruna
DevilsGate

  0               Gurung    5
  1           Chokhopani    2
  2             Pulliyar   35
  3                Mbuti   10
  4           Anatolia_N   25
  5                  Ami   10
  6                 Mixe   10
  7         Ganj_Dareh_N    7
  8                 Onge   12
  9           Villabruna    1
 10           DevilsGate    4
jackknife block size:     0.050
snps: 498990  indivs: 121
number of blocks for block jackknife: 710
## ncols: 498990
coverage:               Gurung 498036
coverage:           Chokhopani 498917
coverage:             Pulliyar 459213
coverage:                Mbuti 498990
coverage:           Anatolia_N 498137
coverage:                  Ami 498990
coverage:                 Mixe 498990
coverage:         Ganj_Dareh_N 457128
coverage:                 Onge 498990
coverage:           Villabruna 415230
coverage:           DevilsGate 498716
dof (jackknife):   584.927
numsnps used: 390231
codimension 1
f4info: 
f4rank: 1 dof:      6 chisq:    14.423 tail:         0.0252511867 dofdiff:      8 chisqdiff:   -14.423 taildiff:                    1
B:
          scale     1.000 
     Anatolia_N    -0.232 
            Ami     1.581 
           Mixe     1.124 
   Ganj_Dareh_N    -0.369 
           Onge     0.311 
     Villabruna    -0.139 
     DevilsGate     1.713 
A:
          scale   228.792 
     Chokhopani     0.099 
       Pulliyar    -1.411 


full rank
f4info: 
f4rank: 2 dof:      0 chisq:     0.000 tail:                    1 dofdiff:      6 chisqdiff:    14.423 taildiff:         0.0252511867
B:
          scale     1.000     1.000 
     Anatolia_N    -0.229     0.458 
            Ami     1.580     1.040 
           Mixe     1.125     1.283 
   Ganj_Dareh_N    -0.364     1.237 
           Onge     0.315    -1.174 
     Villabruna    -0.145     0.257 
     DevilsGate     1.713    -1.044 
A:
          scale   228.161  5265.784 
     Chokhopani     0.107    -1.359 
       Pulliyar    -1.410    -0.391 


best coefficients:     0.934     0.066 
Jackknife mean:      0.933937484     0.066062516 
      std. errors:     0.016     0.016 

error covariance (* 1000000)
       262       -262 
      -262        262 


summ: Gurung    2      0.025251     0.934     0.066   262  -262   262 

    fixed pat  wt  dof     chisq       tail prob
           00  0     6    14.423       0.0252512     0.934     0.066 
           01  1     7    29.464     0.000119019     1.000    -0.000 
           10  1     7  3088.496               0     0.000     1.000 
best pat:           00        0.0252512              -  -
best pat:           01      0.000119019  chi(nested):    15.041 p-value for nested model:     0.000105179

coeffs:     0.934     0.066 

## dscore:: f_4(Base, Fit, Rbase, right2)
## genstat:: f_4(Base, Fit, right1, right2)

details:      Chokhopani      Anatolia_N    -0.000393   -1.709274
details:        Pulliyar      Anatolia_N     0.001310    5.967858
dscore:      Anatolia_N f4:    -0.000281 Z:    -1.281348

details:      Chokhopani             Ami     0.000343    1.336844
details:        Pulliyar             Ami    -0.009905  -37.701422
dscore:             Ami f4:    -0.000332 Z:    -1.350674

details:      Chokhopani            Mixe     0.000033    0.119827
details:        Pulliyar            Mixe    -0.007121  -26.447151
dscore:            Mixe f4:    -0.000439 Z:    -1.700638

details:      Chokhopani    Ganj_Dareh_N    -0.000682   -2.436157
details:        Pulliyar    Ganj_Dareh_N     0.002093    8.510924
dscore:    Ganj_Dareh_N f4:    -0.000499 Z:    -1.880377

details:      Chokhopani            Onge     0.000267    1.009439
details:        Pulliyar            Onge    -0.001940   -8.061125
dscore:            Onge f4:     0.000122 Z:     0.485199

details:      Chokhopani      Villabruna    -0.000346   -0.970873
details:        Pulliyar      Villabruna     0.000815    2.528369
dscore:      Villabruna f4:    -0.000270 Z:    -0.793957

details:      Chokhopani      DevilsGate     0.000930    3.048846
details:        Pulliyar      DevilsGate    -0.010587  -36.437388
dscore:      DevilsGate f4:     0.000171 Z:     0.590343

gendstat:                Mbuti           Anatolia_N    -1.281
gendstat:                Mbuti                  Ami    -1.351
gendstat:                Mbuti                 Mixe    -1.701
gendstat:                Mbuti         Ganj_Dareh_N    -1.880
gendstat:                Mbuti                 Onge     0.485
gendstat:                Mbuti           Villabruna    -0.794
gendstat:                Mbuti           DevilsGate     0.590
gendstat:           Anatolia_N                  Ami    -0.224
gendstat:           Anatolia_N                 Mixe    -0.637
gendstat:           Anatolia_N         Ganj_Dareh_N    -1.037
gendstat:           Anatolia_N                 Onge     1.777
gendstat:           Anatolia_N           Villabruna     0.038
gendstat:           Anatolia_N           DevilsGate     1.624
gendstat:                  Ami                 Mixe    -0.480
gendstat:                  Ami         Ganj_Dareh_N    -0.595
gendstat:                  Ami                 Onge     1.935
gendstat:                  Ami           Villabruna     0.180
gendstat:                  Ami           DevilsGate     2.073
gendstat:                 Mixe         Ganj_Dareh_N    -0.207
gendstat:                 Mixe                 Onge     2.214
gendstat:                 Mixe           Villabruna     0.474
gendstat:                 Mixe           DevilsGate     2.154
gendstat:         Ganj_Dareh_N                 Onge     2.282
gendstat:         Ganj_Dareh_N           Villabruna     0.668
gendstat:         Ganj_Dareh_N           DevilsGate     2.084
gendstat:                 Onge           Villabruna    -1.153
gendstat:                 Onge           DevilsGate     0.163
gendstat:           Villabruna           DevilsGate     1.163

## end of run
