/home/cliu7/utils/AdmixTools/bin/qpAdm: parameter file: temp/param/qpAdm_Naga.Sherpa.LC.Southeast_China.parbyvstd0p
### THE INPUT PARAMETERS
##PARAMETER NAME: VALUE
DIR: data/intermediate
S1: HO_all_merged.qpAdm
indivname: data/intermediate/HO_all_merged.qpAdm.grouped.ind
snpname: data/intermediate/HO_all_merged.qpAdm.snp
genotypename: data/intermediate/HO_all_merged.qpAdm.geno
popleft: temp/param/left.byvstd0p
popright: temp/param/right.byvstd0p
details: YES
## qpAdm version: 810
seed: -1286535344
packed geno read OK
end of inpack

left pops:
Naga
Sherpa.LC
Southeast_China

right pops:
Mbuti
Anatolia_N
Ami
Mixe
Ganj_Dareh_N
Onge
Villabruna
DevilsGate

  0                 Naga    6
  1            Sherpa.LC    9
  2      Southeast_China   97
  3                Mbuti   10
  4           Anatolia_N   25
  5                  Ami   10
  6                 Mixe   10
  7         Ganj_Dareh_N    7
  8                 Onge   12
  9           Villabruna    1
 10           DevilsGate    4
jackknife block size:     0.050
snps: 498990  indivs: 191
number of blocks for block jackknife: 710
## ncols: 498990
coverage:                 Naga 498990
coverage:            Sherpa.LC 498990
coverage:      Southeast_China 498990
coverage:                Mbuti 498990
coverage:           Anatolia_N 498137
coverage:                  Ami 498990
coverage:                 Mixe 498990
coverage:         Ganj_Dareh_N 457128
coverage:                 Onge 498990
coverage:           Villabruna 415230
coverage:           DevilsGate 498716
dof (jackknife):   583.472
numsnps used: 419415
codimension 1
f4info: 
f4rank: 1 dof:      6 chisq:    28.289 tail:       8.28852969e-05 dofdiff:      8 chisqdiff:   -28.289 taildiff:                    1
B:
          scale     1.000 
     Anatolia_N    -0.059 
            Ami     2.607 
           Mixe     0.056 
   Ganj_Dareh_N     0.024 
           Onge     0.349 
     Villabruna    -0.263 
     DevilsGate    -0.068 
A:
          scale  1163.464 
      Sherpa.LC    -0.444 
Southeast_China     1.343 


full rank
f4info: 
f4rank: 2 dof:      0 chisq:     0.000 tail:                    1 dofdiff:      6 chisqdiff:    28.289 taildiff:       8.28852969e-05
B:
          scale     1.000     1.000 
     Anatolia_N    -0.067    -0.485 
            Ami     2.603    -0.698 
           Mixe     0.045     1.502 
   Ganj_Dareh_N     0.003    -0.675 
           Onge     0.353     0.543 
     Villabruna    -0.296     0.144 
     DevilsGate    -0.062     1.803 
A:
          scale  1173.170  3397.261 
      Sherpa.LC    -0.723    -1.257 
Southeast_China     1.216    -0.649 


best coefficients:     0.752     0.248 
Jackknife mean:      0.751184040     0.248815960 
      std. errors:     0.030     0.030 

error covariance (* 1000000)
       882       -882 
      -882        882 


summ: Naga    2      0.000083     0.751     0.249   882  -882   882 

    fixed pat  wt  dof     chisq       tail prob
           00  0     6    28.289     8.28853e-05     0.752     0.248 
           01  1     7    85.488      1.0413e-15     1.000     0.000 
           10  1     7   704.196               0     0.000     1.000 
best pat:           00      8.28853e-05              -  -
best pat:           01       1.0413e-15  chi(nested):    57.199 p-value for nested model:     3.93798e-14

coeffs:     0.752     0.248 

## dscore:: f_4(Base, Fit, Rbase, right2)
## genstat:: f_4(Base, Fit, right1, right2)

details:       Sherpa.LC      Anatolia_N     0.000204    1.225052
details: Southeast_China      Anatolia_N     0.000013    0.096548
dscore:      Anatolia_N f4:     0.000157 Z:     1.072742

details:       Sherpa.LC             Ami    -0.001359   -7.178443
details: Southeast_China             Ami     0.002824   18.379117
dscore:             Ami f4:    -0.000320 Z:    -1.932225

details:       Sherpa.LC            Mixe    -0.000597   -2.984519
details: Southeast_China            Mixe    -0.000248   -1.500841
dscore:            Mixe f4:    -0.000510 Z:    -2.926966

details:       Sherpa.LC    Ganj_Dareh_N     0.000234    1.218908
details: Southeast_China    Ganj_Dareh_N     0.000124    0.806533
dscore:    Ganj_Dareh_N f4:     0.000207 Z:     1.226950

details:       Sherpa.LC            Onge    -0.000430   -2.231451
details: Southeast_China            Onge     0.000257    1.675778
dscore:            Onge f4:    -0.000260 Z:    -1.552390

details:       Sherpa.LC      Villabruna     0.000115    0.451549
details: Southeast_China      Villabruna    -0.000344   -1.675936
dscore:      Villabruna f4:     0.000001 Z:     0.003186

details:       Sherpa.LC      DevilsGate    -0.000647   -2.882009
details: Southeast_China      DevilsGate    -0.000420   -2.195899
dscore:      DevilsGate f4:    -0.000591 Z:    -2.978009

gendstat:                Mbuti           Anatolia_N     1.073
gendstat:                Mbuti                  Ami    -1.932
gendstat:                Mbuti                 Mixe    -2.927
gendstat:                Mbuti         Ganj_Dareh_N     1.227
gendstat:                Mbuti                 Onge    -1.552
gendstat:                Mbuti           Villabruna     0.003
gendstat:                Mbuti           DevilsGate    -2.978
gendstat:           Anatolia_N                  Ami    -2.983
gendstat:           Anatolia_N                 Mixe    -4.174
gendstat:           Anatolia_N         Ganj_Dareh_N     0.365
gendstat:           Anatolia_N                 Onge    -2.709
gendstat:           Anatolia_N           Villabruna    -0.827
gendstat:           Anatolia_N           DevilsGate    -4.111
gendstat:                  Ami                 Mixe    -1.258
gendstat:                  Ami         Ganj_Dareh_N     2.941
gendstat:                  Ami                 Onge     0.366
gendstat:                  Ami           Villabruna     1.400
gendstat:                  Ami           DevilsGate    -1.689
gendstat:                 Mixe         Ganj_Dareh_N     3.991
gendstat:                 Mixe                 Onge     1.474
gendstat:                 Mixe           Villabruna     2.255
gendstat:                 Mixe           DevilsGate    -0.443
gendstat:         Ganj_Dareh_N                 Onge    -2.608
gendstat:         Ganj_Dareh_N           Villabruna    -0.953
gendstat:         Ganj_Dareh_N           DevilsGate    -3.807
gendstat:                 Onge           Villabruna     1.167
gendstat:                 Onge           DevilsGate    -1.683
gendstat:           Villabruna           DevilsGate    -2.372

## end of run
