/home/cliu7/utils/AdmixTools/bin/qpWave: parameter file: temp/param/qpAdm_Naga.Kyang.Mala.par3ceme5kk
### THE INPUT PARAMETERS
##PARAMETER NAME: VALUE
DIR: data/intermediate
S1: HO_all_merged.qpAdm
indivname: data/intermediate/HO_all_merged.qpAdm.grouped.ind
snpname: data/intermediate/HO_all_merged.qpAdm.snp
genotypename: data/intermediate/HO_all_merged.qpAdm.geno
popleft: temp/param/left.3ceme5kk
popright: temp/param/right.3ceme5kk
details: YES
## qpWave version: 410
packed geno read OK
end of inpack

left pops:
Naga
Kyang
Mala

right pops:
Mbuti
Anatolia_N
Ami
Mixe
Ganj_Dareh_N
Onge
Villabruna
DevilsGate

  0                 Naga    6
  1                Kyang    7
  2                 Mala   11
  3                Mbuti   10
  4           Anatolia_N   25
  5                  Ami   10
  6                 Mixe   10
  7         Ganj_Dareh_N    7
  8                 Onge   12
  9           Villabruna    1
 10           DevilsGate    4
jackknife block size:     0.050
snps: 498990  indivs: 103
number of blocks for block jackknife: 710
dof (jackknife):   583.295
numsnps used: 419372
f4info: 
f4rank: 0 dof:     14 chisq:  4898.586 tail:                    0 dofdiff:      0 chisqdiff:     0.000 taildiff:                    1

f4info: 
f4rank: 1 dof:      6 chisq:    26.154 tail:        0.00020839908 dofdiff:      8 chisqdiff:  4872.432 taildiff:                    0
B:
          scale     1.000 
     Anatolia_N    -0.311 
            Ami     1.569 
           Mixe     1.081 
   Ganj_Dareh_N    -0.475 
           Onge     0.383 
     Villabruna    -0.131 
     DevilsGate     1.699 
A:
          scale   187.697 
          Kyang    -0.153 
           Mala    -1.406 

f4info: 
f4rank: 2 dof:      0 chisq:     0.000 tail:                    1 dofdiff:      6 chisqdiff:    26.154 taildiff:        0.00020839908
B:
          scale     1.000     1.000 
     Anatolia_N    -0.311     0.107 
            Ami     1.601     1.531 
           Mixe     1.075     0.375 
   Ganj_Dareh_N    -0.449     1.388 
           Onge     0.393     0.423 
     Villabruna    -0.138    -0.530 
     DevilsGate     1.676    -1.455 
A:
          scale   187.577  5069.683 
          Kyang    -0.153    -1.406 
           Mala    -1.406     0.153 

## end of run
