/home/cliu7/utils/AdmixTools/bin/qpAdm: parameter file: temp/param/qpAdm_Naga.UpperMustang.LC.Han.par2eehmkhp
### THE INPUT PARAMETERS
##PARAMETER NAME: VALUE
DIR: data/intermediate
S1: HO_all_merged.qpAdm
indivname: data/intermediate/HO_all_merged.qpAdm.grouped.ind
snpname: data/intermediate/HO_all_merged.qpAdm.snp
genotypename: data/intermediate/HO_all_merged.qpAdm.geno
popleft: temp/param/left.2eehmkhp
popright: temp/param/right.2eehmkhp
details: YES
## qpAdm version: 810
seed: 329378110
packed geno read OK
end of inpack

left pops:
Naga
UpperMustang.LC
Han

right pops:
Mbuti
Anatolia_N
Ami
Mixe
Ganj_Dareh_N
Onge
Villabruna
DevilsGate

  0                 Naga    6
  1      UpperMustang.LC   11
  2                  Han   33
  3                Mbuti   10
  4           Anatolia_N   25
  5                  Ami   10
  6                 Mixe   10
  7         Ganj_Dareh_N    7
  8                 Onge   12
  9           Villabruna    1
 10           DevilsGate    4
jackknife block size:     0.050
snps: 498990  indivs: 129
number of blocks for block jackknife: 710
## ncols: 498990
coverage:                 Naga 498990
coverage:      UpperMustang.LC 498990
coverage:                  Han 498990
coverage:                Mbuti 498990
coverage:           Anatolia_N 498137
coverage:                  Ami 498990
coverage:                 Mixe 498990
coverage:         Ganj_Dareh_N 457128
coverage:                 Onge 498990
coverage:           Villabruna 415230
coverage:           DevilsGate 498716
dof (jackknife):   583.391
numsnps used: 421438
codimension 1
f4info: 
f4rank: 1 dof:      6 chisq:    27.781 tail:       0.000103330963 dofdiff:      8 chisqdiff:   -27.781 taildiff:                    1
B:
          scale     1.000 
     Anatolia_N     0.012 
            Ami     2.372 
           Mixe     0.593 
   Ganj_Dareh_N     0.143 
           Onge     0.373 
     Villabruna    -0.166 
     DevilsGate     0.915 
A:
          scale  1195.742 
UpperMustang.LC    -0.626 
            Han     1.268 


full rank
f4info: 
f4rank: 2 dof:      0 chisq:     0.000 tail:                    1 dofdiff:      6 chisqdiff:    27.781 taildiff:       0.000103330963
B:
          scale     1.000     1.000 
     Anatolia_N    -0.007    -0.493 
            Ami     2.353    -1.879 
           Mixe     0.625     1.029 
   Ganj_Dareh_N     0.124    -0.338 
           Onge     0.379     0.818 
     Villabruna    -0.182     0.170 
     DevilsGate     0.938     1.163 
A:
          scale  1191.019  3918.805 
UpperMustang.LC    -0.991    -1.124 
            Han     1.009    -0.859 


best coefficients:     0.669     0.331 
Jackknife mean:      0.668796532     0.331203468 
      std. errors:     0.034     0.034 

error covariance (* 1000000)
      1169      -1169 
     -1169       1169 


summ: Naga    2      0.000103     0.669     0.331  1169 -1169  1169 

    fixed pat  wt  dof     chisq       tail prob
           00  0     6    27.781     0.000103331     0.669     0.331 
           01  1     7   102.934     2.67018e-19     1.000     0.000 
           10  1     7   438.741               0     0.000     1.000 
best pat:           00      0.000103331              -  -
best pat:           01      2.67018e-19  chi(nested):    75.154 p-value for nested model:     4.35484e-18

coeffs:     0.669     0.331 

## dscore:: f_4(Base, Fit, Rbase, right2)
## genstat:: f_4(Base, Fit, right1, right2)

details: UpperMustang.LC      Anatolia_N     0.000140    0.927416
details:             Han      Anatolia_N     0.000098    0.764255
dscore:      Anatolia_N f4:     0.000126 Z:     0.950776

details: UpperMustang.LC             Ami    -0.001425   -8.400565
details:             Han             Ami     0.002404   16.665683
dscore:             Ami f4:    -0.000158 Z:    -1.075337

details: UpperMustang.LC            Mixe    -0.000823   -4.468653
details:             Han            Mixe     0.000301    1.899408
dscore:            Mixe f4:    -0.000451 Z:    -2.803789

details: UpperMustang.LC    Ganj_Dareh_N    -0.000011   -0.062396
details:             Han    Ganj_Dareh_N     0.000179    1.175297
dscore:    Ganj_Dareh_N f4:     0.000052 Z:     0.331315

details: UpperMustang.LC            Onge    -0.000555   -3.273752
details:             Han            Onge     0.000141    0.952350
dscore:            Onge f4:    -0.000325 Z:    -2.193430

details: UpperMustang.LC      Villabruna     0.000097    0.420093
details:             Han      Villabruna    -0.000195   -0.969856
dscore:      Villabruna f4:     0.000000 Z:     0.001033

details: UpperMustang.LC      DevilsGate    -0.001124   -5.338512
details:             Han      DevilsGate     0.000536    2.912583
dscore:      DevilsGate f4:    -0.000575 Z:    -3.074647

gendstat:                Mbuti           Anatolia_N     0.951
gendstat:                Mbuti                  Ami    -1.075
gendstat:                Mbuti                 Mixe    -2.804
gendstat:                Mbuti         Ganj_Dareh_N     0.331
gendstat:                Mbuti                 Onge    -2.193
gendstat:                Mbuti           Villabruna     0.001
gendstat:                Mbuti           DevilsGate    -3.075
gendstat:           Anatolia_N                  Ami    -1.975
gendstat:           Anatolia_N                 Mixe    -3.781
gendstat:           Anatolia_N         Ganj_Dareh_N    -0.596
gendstat:           Anatolia_N                 Onge    -3.127
gendstat:           Anatolia_N           Villabruna    -0.719
gendstat:           Anatolia_N           DevilsGate    -4.173
gendstat:                  Ami                 Mixe    -2.068
gendstat:                  Ami         Ganj_Dareh_N     1.269
gendstat:                  Ami                 Onge    -1.127
gendstat:                  Ami           Villabruna     0.735
gendstat:                  Ami           DevilsGate    -2.798
gendstat:                 Mixe         Ganj_Dareh_N     2.942
gendstat:                 Mixe                 Onge     0.797
gendstat:                 Mixe           Villabruna     2.062
gendstat:                 Mixe           DevilsGate    -0.741
gendstat:         Ganj_Dareh_N                 Onge    -2.353
gendstat:         Ganj_Dareh_N           Villabruna    -0.252
gendstat:         Ganj_Dareh_N           DevilsGate    -3.256
gendstat:                 Onge           Villabruna     1.518
gendstat:                 Onge           DevilsGate    -1.350
gendstat:           Villabruna           DevilsGate    -2.424

## end of run
