/home/cliu7/utils/AdmixTools/bin/qpWave: parameter file: temp/param/qpAdm_Naga.Rhirhi.Mala.parvu2o7aj9
### THE INPUT PARAMETERS
##PARAMETER NAME: VALUE
DIR: data/intermediate
S1: HO_all_merged.qpAdm
indivname: data/intermediate/HO_all_merged.qpAdm.grouped.ind
snpname: data/intermediate/HO_all_merged.qpAdm.snp
genotypename: data/intermediate/HO_all_merged.qpAdm.geno
popleft: temp/param/left.vu2o7aj9
popright: temp/param/right.vu2o7aj9
details: YES
## qpWave version: 410
packed geno read OK
end of inpack

left pops:
Naga
Rhirhi
Mala

right pops:
Mbuti
Anatolia_N
Ami
Mixe
Ganj_Dareh_N
Onge
Villabruna
DevilsGate

  0                 Naga    6
  1               Rhirhi    4
  2                 Mala   11
  3                Mbuti   10
  4           Anatolia_N   25
  5                  Ami   10
  6                 Mixe   10
  7         Ganj_Dareh_N    7
  8                 Onge   12
  9           Villabruna    1
 10           DevilsGate    4
jackknife block size:     0.050
snps: 498990  indivs: 100
number of blocks for block jackknife: 710
dof (jackknife):   583.379
numsnps used: 416631
f4info: 
f4rank: 0 dof:     14 chisq:  4802.589 tail:                    0 dofdiff:      0 chisqdiff:     0.000 taildiff:                    1

f4info: 
f4rank: 1 dof:      6 chisq:    30.478 tail:       3.18831863e-05 dofdiff:      8 chisqdiff:  4772.111 taildiff:                    0
B:
          scale     1.000 
     Anatolia_N    -0.306 
            Ami     1.583 
           Mixe     1.070 
   Ganj_Dareh_N    -0.463 
           Onge     0.383 
     Villabruna    -0.124 
     DevilsGate     1.696 
A:
          scale   186.136 
         Rhirhi    -0.187 
           Mala    -1.402 

f4info: 
f4rank: 2 dof:      0 chisq:     0.000 tail:                    1 dofdiff:      6 chisqdiff:    30.478 taildiff:       3.18831863e-05
B:
          scale     1.000     1.000 
     Anatolia_N    -0.306     0.536 
            Ami     1.605     1.152 
           Mixe     1.078     0.651 
   Ganj_Dareh_N    -0.447     1.010 
           Onge     0.401     1.095 
     Villabruna    -0.141    -0.737 
     DevilsGate     1.670    -1.483 
A:
          scale   186.283  3364.584 
         Rhirhi    -0.192    -1.401 
           Mala    -1.401     0.192 

## end of run
