/home/cliu7/utils/AdmixTools/bin/qpAdm: parameter file: temp/param/qpAdm_Naga.Lubrak.Pathan.parx2foeuol
### THE INPUT PARAMETERS
##PARAMETER NAME: VALUE
DIR: data/intermediate
S1: HO_all_merged.qpAdm
indivname: data/intermediate/HO_all_merged.qpAdm.grouped.ind
snpname: data/intermediate/HO_all_merged.qpAdm.snp
genotypename: data/intermediate/HO_all_merged.qpAdm.geno
popleft: temp/param/left.x2foeuol
popright: temp/param/right.x2foeuol
details: YES
## qpAdm version: 810
seed: -1358506951
packed geno read OK
end of inpack

left pops:
Naga
Lubrak
Pathan

right pops:
Mbuti
Anatolia_N
Ami
Mixe
Ganj_Dareh_N
Onge
Villabruna
DevilsGate

  0                 Naga    6
  1               Lubrak    2
  2               Pathan   18
  3                Mbuti   10
  4           Anatolia_N   25
  5                  Ami   10
  6                 Mixe   10
  7         Ganj_Dareh_N    7
  8                 Onge   12
  9           Villabruna    1
 10           DevilsGate    4
jackknife block size:     0.050
snps: 498990  indivs: 105
number of blocks for block jackknife: 710
## ncols: 498990
coverage:                 Naga 498990
coverage:               Lubrak 327444
coverage:               Pathan 498990
coverage:                Mbuti 498990
coverage:           Anatolia_N 498137
coverage:                  Ami 498990
coverage:                 Mixe 498990
coverage:         Ganj_Dareh_N 457128
coverage:                 Onge 498990
coverage:           Villabruna 415230
coverage:           DevilsGate 498716
dof (jackknife):   583.067
numsnps used: 305252
codimension 1
f4info: 
f4rank: 1 dof:      6 chisq:    11.666 tail:         0.0698398905 dofdiff:      8 chisqdiff:   -11.666 taildiff:                    1
B:
          scale     1.000 
     Anatolia_N    -0.635 
            Ami     1.513 
           Mixe     0.890 
   Ganj_Dareh_N    -0.663 
           Onge     0.634 
     Villabruna    -0.446 
     DevilsGate     1.573 
A:
          scale   150.970 
         Lubrak    -0.079 
         Pathan    -1.412 


full rank
f4info: 
f4rank: 2 dof:      0 chisq:     0.000 tail:                    1 dofdiff:      6 chisqdiff:    11.666 taildiff:         0.0698398905
B:
          scale     1.000     1.000 
     Anatolia_N    -0.640    -0.293 
            Ami     1.511     1.846 
           Mixe     0.886     0.870 
   Ganj_Dareh_N    -0.668    -0.407 
           Onge     0.630     0.238 
     Villabruna    -0.452    -0.807 
     DevilsGate     1.573    -1.370 
A:
          scale   151.617  4414.801 
         Lubrak    -0.048    -1.393 
         Pathan    -1.413    -0.245 


best coefficients:     1.059    -0.059 
Jackknife mean:      1.058805729    -0.058805729 
      std. errors:     0.014     0.014 

error covariance (* 1000000)
       187       -187 
      -187        187 


summ: Naga    2      0.069840     1.059    -0.059   187  -187   187 

    fixed pat  wt  dof     chisq       tail prob
           00  0     6    11.666       0.0698399     1.059    -0.059  infeasible
           01  1     7    31.778     4.46437e-05     1.000    -0.000 
           10  1     7  6396.732               0     0.000     1.000 
best pat:           00        0.0698399              -  -
best pat:           01      4.46437e-05  chi(nested):    20.112 p-value for nested model:      7.3036e-06

coeffs:     1.059    -0.059 

## dscore:: f_4(Base, Fit, Rbase, right2)
## genstat:: f_4(Base, Fit, right1, right2)

details:          Lubrak      Anatolia_N     0.000322    1.158862
details:          Pathan      Anatolia_N     0.006003   25.656134
dscore:      Anatolia_N f4:    -0.000013 Z:    -0.043578

details:          Lubrak             Ami    -0.001019   -3.323766
details:          Pathan             Ami    -0.014179  -51.252202
dscore:             Ami f4:    -0.000243 Z:    -0.752329

details:          Lubrak            Mixe    -0.000636   -1.906187
details:          Pathan            Mixe    -0.008322  -27.914508
dscore:            Mixe f4:    -0.000182 Z:    -0.522549

details:          Lubrak    Ganj_Dareh_N     0.000379    1.113679
details:          Pathan    Ganj_Dareh_N     0.006268   22.884052
dscore:    Ganj_Dareh_N f4:     0.000031 Z:     0.088081

details:          Lubrak            Onge    -0.000318   -0.971533
details:          Pathan            Onge    -0.005880  -22.566250
dscore:            Onge f4:     0.000010 Z:     0.028859

details:          Lubrak      Villabruna     0.000604    1.401474
details:          Pathan      Villabruna     0.004313   12.132724
dscore:      Villabruna f4:     0.000385 Z:     0.850059

details:          Lubrak      DevilsGate    -0.000054   -0.139593
details:          Pathan      DevilsGate    -0.014600  -46.386010
dscore:      DevilsGate f4:     0.000804 Z:     1.990552

gendstat:                Mbuti           Anatolia_N    -0.044
gendstat:                Mbuti                  Ami    -0.752
gendstat:                Mbuti                 Mixe    -0.523
gendstat:                Mbuti         Ganj_Dareh_N     0.088
gendstat:                Mbuti                 Onge     0.029
gendstat:                Mbuti           Villabruna     0.850
gendstat:                Mbuti           DevilsGate     1.991
gendstat:           Anatolia_N                  Ami    -0.805
gendstat:           Anatolia_N                 Mixe    -0.524
gendstat:           Anatolia_N         Ganj_Dareh_N     0.151
gendstat:           Anatolia_N                 Onge     0.075
gendstat:           Anatolia_N           Villabruna     1.021
gendstat:           Anatolia_N           DevilsGate     2.184
gendstat:                  Ami                 Mixe     0.217
gendstat:                  Ami         Ganj_Dareh_N     0.770
gendstat:                  Ami                 Onge     0.818
gendstat:                  Ami           Villabruna     1.413
gendstat:                  Ami           DevilsGate     3.119
gendstat:                 Mixe         Ganj_Dareh_N     0.547
gendstat:                 Mixe                 Onge     0.567
gendstat:                 Mixe           Villabruna     1.213
gendstat:                 Mixe           DevilsGate     2.679
gendstat:         Ganj_Dareh_N                 Onge    -0.058
gendstat:         Ganj_Dareh_N           Villabruna     0.758
gendstat:         Ganj_Dareh_N           DevilsGate     1.765
gendstat:                 Onge           Villabruna     0.820
gendstat:                 Onge           DevilsGate     2.016
gendstat:           Villabruna           DevilsGate     0.820

## end of run
