/home/cliu7/utils/AdmixTools/bin/qpWave: parameter file: temp/param/qpAdm_Naga.Sherpa.LC.Pathan.pariagiiye5
### THE INPUT PARAMETERS
##PARAMETER NAME: VALUE
DIR: data/intermediate
S1: HO_all_merged.qpAdm
indivname: data/intermediate/HO_all_merged.qpAdm.grouped.ind
snpname: data/intermediate/HO_all_merged.qpAdm.snp
genotypename: data/intermediate/HO_all_merged.qpAdm.geno
popleft: temp/param/left.iagiiye5
popright: temp/param/right.iagiiye5
details: YES
## qpWave version: 410
packed geno read OK
end of inpack

left pops:
Naga
Sherpa.LC
Pathan

right pops:
Mbuti
Anatolia_N
Ami
Mixe
Ganj_Dareh_N
Onge
Villabruna
DevilsGate

  0                 Naga    6
  1            Sherpa.LC    9
  2               Pathan   18
  3                Mbuti   10
  4           Anatolia_N   25
  5                  Ami   10
  6                 Mixe   10
  7         Ganj_Dareh_N    7
  8                 Onge   12
  9           Villabruna    1
 10           DevilsGate    4
jackknife block size:     0.050
snps: 498990  indivs: 112
number of blocks for block jackknife: 710
dof (jackknife):   583.309
numsnps used: 416910
f4info: 
f4rank: 0 dof:     14 chisq:  7372.824 tail:                    0 dofdiff:      0 chisqdiff:     0.000 taildiff:                    1

f4info: 
f4rank: 1 dof:      6 chisq:    21.442 tail:        0.00152722519 dofdiff:      8 chisqdiff:  7351.381 taildiff:                    0
B:
          scale     1.000 
     Anatolia_N    -0.646 
            Ami     1.494 
           Mixe     0.891 
   Ganj_Dareh_N    -0.682 
           Onge     0.629 
     Villabruna    -0.472 
     DevilsGate     1.572 
A:
          scale   148.679 
      Sherpa.LC    -0.090 
         Pathan    -1.411 

f4info: 
f4rank: 2 dof:      0 chisq:     0.000 tail:                    1 dofdiff:      6 chisqdiff:    21.442 taildiff:        0.00152722519
B:
          scale     1.000     1.000 
     Anatolia_N    -0.643     0.788 
            Ami     1.518     1.913 
           Mixe     0.887     0.268 
   Ganj_Dareh_N    -0.672     0.734 
           Onge     0.632     0.213 
     Villabruna    -0.463     0.707 
     DevilsGate     1.558    -1.251 
A:
          scale   148.681  6035.957 
      Sherpa.LC    -0.090    -1.411 
         Pathan    -1.411     0.090 

## end of run
