/home/cliu7/utils/AdmixTools/bin/qpAdm: parameter file: temp/param/qpAdm_Naxi.UpperMustang.LC.Southeast_China.par78ttgiai
### THE INPUT PARAMETERS
##PARAMETER NAME: VALUE
DIR: data/intermediate
S1: HO_all_merged.qpAdm
indivname: data/intermediate/HO_all_merged.qpAdm.grouped.ind
snpname: data/intermediate/HO_all_merged.qpAdm.snp
genotypename: data/intermediate/HO_all_merged.qpAdm.geno
popleft: temp/param/left.78ttgiai
popright: temp/param/right.78ttgiai
details: YES
## qpAdm version: 810
seed: -564786516
packed geno read OK
end of inpack

left pops:
Naxi
UpperMustang.LC
Southeast_China

right pops:
Mbuti
Anatolia_N
Ami
Mixe
Ganj_Dareh_N
Onge
Villabruna
DevilsGate

  0                 Naxi    9
  1      UpperMustang.LC   11
  2      Southeast_China   97
  3                Mbuti   10
  4           Anatolia_N   25
  5                  Ami   10
  6                 Mixe   10
  7         Ganj_Dareh_N    7
  8                 Onge   12
  9           Villabruna    1
 10           DevilsGate    4
jackknife block size:     0.050
snps: 498990  indivs: 196
number of blocks for block jackknife: 710
## ncols: 498990
coverage:                 Naxi 498990
coverage:      UpperMustang.LC 498990
coverage:      Southeast_China 498990
coverage:                Mbuti 498990
coverage:           Anatolia_N 498137
coverage:                  Ami 498990
coverage:                 Mixe 498990
coverage:         Ganj_Dareh_N 457128
coverage:                 Onge 498990
coverage:           Villabruna 415230
coverage:           DevilsGate 498716
dof (jackknife):   583.460
numsnps used: 419287
codimension 1
f4info: 
f4rank: 1 dof:      6 chisq:    48.000 tail:       1.18178323e-08 dofdiff:      8 chisqdiff:   -48.000 taildiff:                    1
B:
          scale     1.000 
     Anatolia_N    -0.072 
            Ami     2.581 
           Mixe     0.219 
   Ganj_Dareh_N     0.043 
           Onge     0.431 
     Villabruna    -0.258 
     DevilsGate     0.181 
A:
          scale  1228.069 
UpperMustang.LC    -0.748 
Southeast_China     1.200 


full rank
f4info: 
f4rank: 2 dof:      0 chisq:     0.000 tail:                    1 dofdiff:      6 chisqdiff:    48.000 taildiff:       1.18178323e-08
B:
          scale     1.000     1.000 
     Anatolia_N    -0.079     0.095 
            Ami     2.536    -1.285 
           Mixe     0.326     1.131 
   Ganj_Dareh_N     0.075     0.238 
           Onge     0.475     0.421 
     Villabruna    -0.265     0.105 
     DevilsGate     0.392     1.953 
A:
          scale  1172.122  2749.421 
UpperMustang.LC    -1.136    -1.030 
Southeast_China     0.842    -0.969 


best coefficients:     0.616     0.384 
Jackknife mean:      0.615741120     0.384258880 
      std. errors:     0.024     0.024 

error covariance (* 1000000)
       598       -598 
      -598        598 


summ: Naxi    2      0.000000     0.616     0.384   598  -598   598 

    fixed pat  wt  dof     chisq       tail prob
           00  0     6    48.000     1.18178e-08     0.616     0.384 
           01  1     7   216.996               0     1.000     0.000 
           10  1     7   756.063               0     0.000     1.000 
best pat:           00      1.18178e-08              -  -
best pat:           01      2.86393e-43  chi(nested):   168.996 p-value for nested model:     1.22582e-38

coeffs:     0.616     0.384 

## dscore:: f_4(Base, Fit, Rbase, right2)
## genstat:: f_4(Base, Fit, right1, right2)

details: UpperMustang.LC      Anatolia_N     0.000030    0.227142
details: Southeast_China      Anatolia_N    -0.000097   -0.886533
dscore:      Anatolia_N f4:    -0.000019 Z:    -0.170242

details: UpperMustang.LC             Ami    -0.001987  -12.674977
details: Southeast_China             Ami     0.002270   18.820750
dscore:             Ami f4:    -0.000353 Z:    -2.841234

details: UpperMustang.LC            Mixe    -0.000750   -4.627766
details: Southeast_China            Mixe    -0.000170   -1.250404
dscore:            Mixe f4:    -0.000527 Z:    -4.018025

details: UpperMustang.LC    Ganj_Dareh_N    -0.000171   -1.102945
details: Southeast_China    Ganj_Dareh_N    -0.000035   -0.287299
dscore:    Ganj_Dareh_N f4:    -0.000119 Z:    -0.950227

details: UpperMustang.LC            Onge    -0.000628   -3.975100
details: Southeast_China            Onge     0.000187    1.466838
dscore:            Onge f4:    -0.000315 Z:    -2.456809

details: UpperMustang.LC      Villabruna     0.000204    0.985039
details: Southeast_China      Villabruna    -0.000237   -1.431352
dscore:      Villabruna f4:     0.000035 Z:     0.209066

details: UpperMustang.LC      DevilsGate    -0.001121   -6.313391
details: Southeast_China      DevilsGate    -0.000412   -2.879164
dscore:      DevilsGate f4:    -0.000849 Z:    -6.064464

gendstat:                Mbuti           Anatolia_N    -0.170
gendstat:                Mbuti                  Ami    -2.841
gendstat:                Mbuti                 Mixe    -4.018
gendstat:                Mbuti         Ganj_Dareh_N    -0.950
gendstat:                Mbuti                 Onge    -2.457
gendstat:                Mbuti           Villabruna     0.209
gendstat:                Mbuti           DevilsGate    -6.064
gendstat:           Anatolia_N                  Ami    -2.733
gendstat:           Anatolia_N                 Mixe    -4.004
gendstat:           Anatolia_N         Ganj_Dareh_N    -1.030
gendstat:           Anatolia_N                 Onge    -2.483
gendstat:           Anatolia_N           Villabruna     0.387
gendstat:           Anatolia_N           DevilsGate    -5.997
gendstat:                  Ami                 Mixe    -1.481
gendstat:                  Ami         Ganj_Dareh_N     1.752
gendstat:                  Ami                 Onge     0.320
gendstat:                  Ami           Villabruna     2.256
gendstat:                  Ami           DevilsGate    -4.036
gendstat:                 Mixe         Ganj_Dareh_N     2.882
gendstat:                 Mixe                 Onge     1.636
gendstat:                 Mixe           Villabruna     3.203
gendstat:                 Mixe           DevilsGate    -2.492
gendstat:         Ganj_Dareh_N                 Onge    -1.464
gendstat:         Ganj_Dareh_N           Villabruna     0.960
gendstat:         Ganj_Dareh_N           DevilsGate    -4.804
gendstat:                 Onge           Villabruna     2.025
gendstat:                 Onge           DevilsGate    -3.911
gendstat:           Villabruna           DevilsGate    -4.904

## end of run
