/home/cliu7/utils/AdmixTools/bin/qpWave: parameter file: temp/param/qpAdm_Naxi.Rhirhi.Pathan.par60skylyq
### THE INPUT PARAMETERS
##PARAMETER NAME: VALUE
DIR: data/intermediate
S1: HO_all_merged.qpAdm
indivname: data/intermediate/HO_all_merged.qpAdm.grouped.ind
snpname: data/intermediate/HO_all_merged.qpAdm.snp
genotypename: data/intermediate/HO_all_merged.qpAdm.geno
popleft: temp/param/left.60skylyq
popright: temp/param/right.60skylyq
details: YES
## qpWave version: 410
packed geno read OK
end of inpack

left pops:
Naxi
Rhirhi
Pathan

right pops:
Mbuti
Anatolia_N
Ami
Mixe
Ganj_Dareh_N
Onge
Villabruna
DevilsGate

  0                 Naxi    9
  1               Rhirhi    4
  2               Pathan   18
  3                Mbuti   10
  4           Anatolia_N   25
  5                  Ami   10
  6                 Mixe   10
  7         Ganj_Dareh_N    7
  8                 Onge   12
  9           Villabruna    1
 10           DevilsGate    4
jackknife block size:     0.050
snps: 498990  indivs: 110
number of blocks for block jackknife: 710
dof (jackknife):   583.405
numsnps used: 413602
f4info: 
f4rank: 0 dof:     14 chisq:  7992.155 tail:                    0 dofdiff:      0 chisqdiff:     0.000 taildiff:                    1

f4info: 
f4rank: 1 dof:      6 chisq:    69.796 tail:       4.50288119e-13 dofdiff:      8 chisqdiff:  7922.359 taildiff:                    0
B:
          scale     1.000 
     Anatolia_N    -0.643 
            Ami     1.543 
           Mixe     0.864 
   Ganj_Dareh_N    -0.659 
           Onge     0.630 
     Villabruna    -0.470 
     DevilsGate     1.551 
A:
          scale   145.806 
         Rhirhi    -0.152 
         Pathan    -1.406 

f4info: 
f4rank: 2 dof:      0 chisq:     0.000 tail:                    1 dofdiff:      6 chisqdiff:    69.796 taildiff:       4.50288119e-13
B:
          scale     1.000     1.000 
     Anatolia_N    -0.618     1.148 
            Ami     1.570     1.535 
           Mixe     0.873     0.537 
   Ganj_Dareh_N    -0.639     1.369 
           Onge     0.636     0.372 
     Villabruna    -0.471    -0.046 
     DevilsGate     1.535    -1.011 
A:
          scale   145.816  2279.632 
         Rhirhi    -0.163    -1.405 
         Pathan    -1.405     0.163 

## end of run
