/home/cliu7/utils/AdmixTools/bin/qpAdm: parameter file: temp/param/qpAdm_Naxi.Kyang.Pulliyar.pare0y48ndm
### THE INPUT PARAMETERS
##PARAMETER NAME: VALUE
DIR: data/intermediate
S1: HO_all_merged.qpAdm
indivname: data/intermediate/HO_all_merged.qpAdm.grouped.ind
snpname: data/intermediate/HO_all_merged.qpAdm.snp
genotypename: data/intermediate/HO_all_merged.qpAdm.geno
popleft: temp/param/left.e0y48ndm
popright: temp/param/right.e0y48ndm
details: YES
## qpAdm version: 810
seed: -1145951261
packed geno read OK
end of inpack

left pops:
Naxi
Kyang
Pulliyar

right pops:
Mbuti
Anatolia_N
Ami
Mixe
Ganj_Dareh_N
Onge
Villabruna
DevilsGate

  0                 Naxi    9
  1                Kyang    7
  2             Pulliyar   35
  3                Mbuti   10
  4           Anatolia_N   25
  5                  Ami   10
  6                 Mixe   10
  7         Ganj_Dareh_N    7
  8                 Onge   12
  9           Villabruna    1
 10           DevilsGate    4
jackknife block size:     0.050
snps: 498990  indivs: 130
number of blocks for block jackknife: 710
## ncols: 498990
coverage:                 Naxi 498990
coverage:                Kyang 498984
coverage:             Pulliyar 459213
coverage:                Mbuti 498990
coverage:           Anatolia_N 498137
coverage:                  Ami 498990
coverage:                 Mixe 498990
coverage:         Ganj_Dareh_N 457128
coverage:                 Onge 498990
coverage:           Villabruna 415230
coverage:           DevilsGate 498716
dof (jackknife):   584.935
numsnps used: 389693
codimension 1
f4info: 
f4rank: 1 dof:      6 chisq:    71.113 tail:       2.41704199e-13 dofdiff:      8 chisqdiff:   -71.113 taildiff:                    1
B:
          scale     1.000 
     Anatolia_N    -0.207 
            Ami     1.629 
           Mixe     1.122 
   Ganj_Dareh_N    -0.344 
           Onge     0.312 
     Villabruna    -0.085 
     DevilsGate     1.679 
A:
          scale   187.380 
          Kyang    -0.190 
       Pulliyar    -1.401 


full rank
f4info: 
f4rank: 2 dof:      0 chisq:     0.000 tail:                    1 dofdiff:      6 chisqdiff:    71.113 taildiff:       2.41704199e-13
B:
          scale     1.000     1.000 
     Anatolia_N    -0.209     0.045 
            Ami     1.630     2.025 
           Mixe     1.108    -0.256 
   Ganj_Dareh_N    -0.347     0.987 
           Onge     0.312     0.390 
     Villabruna    -0.099    -0.588 
     DevilsGate     1.687    -1.166 
A:
          scale   188.642  3155.150 
          Kyang    -0.163    -1.387 
       Pulliyar    -1.405    -0.278 


best coefficients:     1.156    -0.156 
Jackknife mean:      1.156175772    -0.156175772 
      std. errors:     0.015     0.015 

error covariance (* 1000000)
       231       -231 
      -231        231 


summ: Naxi    2      0.000000     1.156    -0.156   231  -231   231 

    fixed pat  wt  dof     chisq       tail prob
           00  0     6    71.113     2.41704e-13     1.156    -0.156  infeasible
           01  1     7   208.154               0     1.000    -0.000 
           10  1     7  5203.276               0     0.000     1.000 
best pat:           00      2.41704e-13              -  -
best pat:           01      2.14928e-41  chi(nested):   137.041 p-value for nested model:     1.18132e-31

coeffs:     1.156    -0.156 

## dscore:: f_4(Base, Fit, Rbase, right2)
## genstat:: f_4(Base, Fit, right1, right2)

details:           Kyang      Anatolia_N     0.000114    0.718920
details:        Pulliyar      Anatolia_N     0.001520    6.994733
dscore:      Anatolia_N f4:    -0.000106 Z:    -0.598802

details:           Kyang             Ami    -0.002341  -12.178659
details:        Pulliyar             Ami    -0.012352  -48.782436
dscore:             Ami f4:    -0.000774 Z:    -3.603597

details:           Kyang            Mixe    -0.000907   -4.358989
details:        Pulliyar            Mixe    -0.008257  -31.502383
dscore:            Mixe f4:     0.000243 Z:     1.044769

details:           Kyang    Ganj_Dareh_N    -0.000197   -1.001248
details:        Pulliyar    Ganj_Dareh_N     0.002462    9.989086
dscore:    Ganj_Dareh_N f4:    -0.000613 Z:    -2.786371

details:           Kyang            Onge    -0.000519   -2.669166
details:        Pulliyar            Onge    -0.002397   -9.878616
dscore:            Onge f4:    -0.000225 Z:    -1.036499

details:           Kyang      Villabruna     0.000331    1.337020
details:        Pulliyar      Villabruna     0.000778    2.408115
dscore:      Villabruna f4:     0.000261 Z:     0.932394

details:           Kyang      DevilsGate    -0.001000   -4.460415
details:        Pulliyar      DevilsGate    -0.012514  -44.931372
dscore:      DevilsGate f4:     0.000801 Z:     3.175633

gendstat:                Mbuti           Anatolia_N    -0.599
gendstat:                Mbuti                  Ami    -3.604
gendstat:                Mbuti                 Mixe     1.045
gendstat:                Mbuti         Ganj_Dareh_N    -2.786
gendstat:                Mbuti                 Onge    -1.036
gendstat:                Mbuti           Villabruna     0.932
gendstat:                Mbuti           DevilsGate     3.176
gendstat:           Anatolia_N                  Ami    -3.220
gendstat:           Anatolia_N                 Mixe     1.668
gendstat:           Anatolia_N         Ganj_Dareh_N    -2.694
gendstat:           Anatolia_N                 Onge    -0.576
gendstat:           Anatolia_N           Villabruna     1.532
gendstat:           Anatolia_N           DevilsGate     3.737
gendstat:                  Ami                 Mixe     5.108
gendstat:                  Ami         Ganj_Dareh_N     0.658
gendstat:                  Ami                 Onge     2.612
gendstat:                  Ami           Villabruna     3.501
gendstat:                  Ami           DevilsGate     7.314
gendstat:                 Mixe         Ganj_Dareh_N    -3.342
gendstat:                 Mixe                 Onge    -1.982
gendstat:                 Mixe           Villabruna     0.064
gendstat:                 Mixe           DevilsGate     2.416
gendstat:         Ganj_Dareh_N                 Onge     1.603
gendstat:         Ganj_Dareh_N           Villabruna     3.026
gendstat:         Ganj_Dareh_N           DevilsGate     5.087
gendstat:                 Onge           Villabruna     1.626
gendstat:                 Onge           DevilsGate     3.985
gendstat:           Villabruna           DevilsGate     1.663

## end of run
