/home/cliu7/utils/AdmixTools/bin/qpAdm: parameter file: temp/param/qpAdm_Nubri.LC.Mebrak.Pulliyar.par7h1ytrm1
### THE INPUT PARAMETERS
##PARAMETER NAME: VALUE
DIR: data/intermediate
S1: HO_all_merged.qpAdm
indivname: data/intermediate/HO_all_merged.qpAdm.grouped.ind
snpname: data/intermediate/HO_all_merged.qpAdm.snp
genotypename: data/intermediate/HO_all_merged.qpAdm.geno
popleft: temp/param/left.7h1ytrm1
popright: temp/param/right.7h1ytrm1
details: YES
## qpAdm version: 810
seed: 1504716220
packed geno read OK
end of inpack

left pops:
Nubri.LC
Mebrak
Pulliyar

right pops:
Mbuti
Anatolia_N
Ami
Mixe
Ganj_Dareh_N
Onge
Villabruna
DevilsGate

  0             Nubri.LC    6
  1               Mebrak    8
  2             Pulliyar   35
  3                Mbuti   10
  4           Anatolia_N   25
  5                  Ami   10
  6                 Mixe   10
  7         Ganj_Dareh_N    7
  8                 Onge   12
  9           Villabruna    1
 10           DevilsGate    4
jackknife block size:     0.050
snps: 498990  indivs: 128
number of blocks for block jackknife: 710
## ncols: 498990
coverage:             Nubri.LC 498990
coverage:               Mebrak 498978
coverage:             Pulliyar 459213
coverage:                Mbuti 498990
coverage:           Anatolia_N 498137
coverage:                  Ami 498990
coverage:                 Mixe 498990
coverage:         Ganj_Dareh_N 457128
coverage:                 Onge 498990
coverage:           Villabruna 415230
coverage:           DevilsGate 498716
dof (jackknife):   584.827
numsnps used: 390567
codimension 1
f4info: 
f4rank: 1 dof:      6 chisq:    15.731 tail:         0.0152741712 dofdiff:      8 chisqdiff:   -15.731 taildiff:                    1
B:
          scale     1.000 
     Anatolia_N    -0.227 
            Ami     1.554 
           Mixe     1.130 
   Ganj_Dareh_N    -0.383 
           Onge     0.244 
     Villabruna    -0.077 
     DevilsGate     1.745 
A:
          scale   219.893 
         Mebrak     0.025 
       Pulliyar    -1.414 


full rank
f4info: 
f4rank: 2 dof:      0 chisq:     0.000 tail:                    1 dofdiff:      6 chisqdiff:    15.731 taildiff:         0.0152741712
B:
          scale     1.000     1.000 
     Anatolia_N    -0.226     1.205 
            Ami     1.554     0.723 
           Mixe     1.130     0.944 
   Ganj_Dareh_N    -0.382    -0.144 
           Onge     0.247     0.816 
     Villabruna    -0.085     0.033 
     DevilsGate     1.744    -1.857 
A:
          scale   217.992  5614.044 
         Mebrak     0.003    -1.301 
       Pulliyar    -1.414    -0.554 


best coefficients:     0.983     0.017 
Jackknife mean:      0.982682121     0.017317879 
      std. errors:     0.014     0.014 

error covariance (* 1000000)
       204       -204 
      -204        204 


summ: Nubri.LC    2      0.015274     0.983     0.017   204  -204   204 

    fixed pat  wt  dof     chisq       tail prob
           00  0     6    15.731       0.0152742     0.983     0.017 
           01  1     7    17.089       0.0168326     1.000    -0.000 
           10  1     7  3331.508               0     0.000     1.000 
best pat:           00        0.0152742              -  -
best pat:           01        0.0168326  chi(nested):     1.358 p-value for nested model:        0.243888

coeffs:     0.983     0.017 

## dscore:: f_4(Base, Fit, Rbase, right2)
## genstat:: f_4(Base, Fit, right1, right2)

details:          Mebrak      Anatolia_N    -0.000329   -1.832370
details:        Pulliyar      Anatolia_N     0.001309    5.981587
dscore:      Anatolia_N f4:    -0.000301 Z:    -1.693667

details:          Mebrak             Ami    -0.000209   -0.974992
details:        Pulliyar             Ami    -0.010212  -39.832123
dscore:             Ami f4:    -0.000381 Z:    -1.798724

details:          Mebrak            Mixe    -0.000289   -1.275917
details:        Pulliyar            Mixe    -0.007472  -27.307723
dscore:            Mixe f4:    -0.000413 Z:    -1.840460

details:          Mebrak    Ganj_Dareh_N    -0.000079   -0.372775
details:        Pulliyar    Ganj_Dareh_N     0.002411    9.244382
dscore:    Ganj_Dareh_N f4:    -0.000036 Z:    -0.172740

details:          Mebrak            Onge    -0.000269   -1.298560
details:        Pulliyar            Onge    -0.001746   -6.878968
dscore:            Onge f4:    -0.000294 Z:    -1.434519

details:          Mebrak      Villabruna    -0.000124   -0.462357
details:        Pulliyar      Villabruna     0.000501    1.425670
dscore:      Villabruna f4:    -0.000113 Z:    -0.425837

details:          Mebrak      DevilsGate     0.000404    1.594374
details:        Pulliyar      DevilsGate    -0.011187  -38.657150
dscore:      DevilsGate f4:     0.000204 Z:     0.815050

gendstat:                Mbuti           Anatolia_N    -1.694
gendstat:                Mbuti                  Ami    -1.799
gendstat:                Mbuti                 Mixe    -1.840
gendstat:                Mbuti         Ganj_Dareh_N    -0.173
gendstat:                Mbuti                 Onge    -1.435
gendstat:                Mbuti           Villabruna    -0.426
gendstat:                Mbuti           DevilsGate     0.815
gendstat:           Anatolia_N                  Ami    -0.399
gendstat:           Anatolia_N                 Mixe    -0.513
gendstat:           Anatolia_N         Ganj_Dareh_N     1.417
gendstat:           Anatolia_N                 Onge     0.032
gendstat:           Anatolia_N           Villabruna     0.821
gendstat:           Anatolia_N           DevilsGate     2.124
gendstat:                  Ami                 Mixe    -0.160
gendstat:                  Ami         Ganj_Dareh_N     1.421
gendstat:                  Ami                 Onge     0.440
gendstat:                  Ami           Villabruna     0.934
gendstat:                  Ami           DevilsGate     2.841
gendstat:                 Mixe         Ganj_Dareh_N     1.560
gendstat:                 Mixe                 Onge     0.545
gendstat:                 Mixe           Villabruna     1.051
gendstat:                 Mixe           DevilsGate     2.636
gendstat:         Ganj_Dareh_N                 Onge    -1.121
gendstat:         Ganj_Dareh_N           Villabruna    -0.279
gendstat:         Ganj_Dareh_N           DevilsGate     0.867
gendstat:                 Onge           Villabruna     0.661
gendstat:                 Onge           DevilsGate     2.096
gendstat:           Villabruna           DevilsGate     1.030

## end of run
