/home/cliu7/utils/AdmixTools/bin/qpAdm: parameter file: temp/param/qpAdm_Nubri.LC.Samdzong.Southeast_China.parwc5asjdk
### THE INPUT PARAMETERS
##PARAMETER NAME: VALUE
DIR: data/intermediate
S1: HO_all_merged.qpAdm
indivname: data/intermediate/HO_all_merged.qpAdm.grouped.ind
snpname: data/intermediate/HO_all_merged.qpAdm.snp
genotypename: data/intermediate/HO_all_merged.qpAdm.geno
popleft: temp/param/left.wc5asjdk
popright: temp/param/right.wc5asjdk
details: YES
## qpAdm version: 810
seed: -1781972132
packed geno read OK
end of inpack

left pops:
Nubri.LC
Samdzong
Southeast_China

right pops:
Mbuti
Anatolia_N
Ami
Mixe
Ganj_Dareh_N
Onge
Villabruna
DevilsGate

  0             Nubri.LC    6
  1             Samdzong    9
  2      Southeast_China   97
  3                Mbuti   10
  4           Anatolia_N   25
  5                  Ami   10
  6                 Mixe   10
  7         Ganj_Dareh_N    7
  8                 Onge   12
  9           Villabruna    1
 10           DevilsGate    4
jackknife block size:     0.050
snps: 498990  indivs: 191
number of blocks for block jackknife: 710
## ncols: 498990
coverage:             Nubri.LC 498990
coverage:             Samdzong 498985
coverage:      Southeast_China 498990
coverage:                Mbuti 498990
coverage:           Anatolia_N 498137
coverage:                  Ami 498990
coverage:                 Mixe 498990
coverage:         Ganj_Dareh_N 457128
coverage:                 Onge 498990
coverage:           Villabruna 415230
coverage:           DevilsGate 498716
dof (jackknife):   583.401
numsnps used: 419141
codimension 1
f4info: 
f4rank: 1 dof:      6 chisq:     3.734 tail:          0.712663336 dofdiff:      8 chisqdiff:    -3.734 taildiff:                    1
B:
          scale     1.000 
     Anatolia_N    -0.172 
            Ami     2.514 
           Mixe     0.384 
   Ganj_Dareh_N     0.003 
           Onge     0.483 
     Villabruna    -0.238 
     DevilsGate     0.461 
A:
          scale   820.317 
       Samdzong    -0.060 
Southeast_China     1.413 


full rank
f4info: 
f4rank: 2 dof:      0 chisq:     0.000 tail:                    1 dofdiff:      6 chisqdiff:     3.734 taildiff:          0.712663336
B:
          scale     1.000     1.000 
     Anatolia_N    -0.174    -0.198 
            Ami     2.515     1.151 
           Mixe     0.380     1.287 
   Ganj_Dareh_N    -0.005     1.105 
           Onge     0.477    -0.096 
     Villabruna    -0.242     1.274 
     DevilsGate     0.460    -1.062 
A:
          scale   803.765  9362.599 
       Samdzong    -0.004    -1.260 
Southeast_China     1.414    -0.643 


best coefficients:     0.959     0.041 
Jackknife mean:      0.958655326     0.041344674 
      std. errors:     0.031     0.031 

error covariance (* 1000000)
       963       -963 
      -963        963 


summ: Nubri.LC    2      0.712663     0.959     0.041   963  -963   963 

    fixed pat  wt  dof     chisq       tail prob
           00  0     6     3.734        0.712663     0.959     0.041 
           01  1     7     5.367        0.615233     1.000     0.000 
           10  1     7  1044.283               0     0.000     1.000 
best pat:           00         0.712663              -  -
best pat:           01         0.615233  chi(nested):     1.634 p-value for nested model:        0.201202

coeffs:     0.959     0.041 

## dscore:: f_4(Base, Fit, Rbase, right2)
## genstat:: f_4(Base, Fit, right1, right2)

details:        Samdzong      Anatolia_N    -0.000041   -0.250369
details: Southeast_China      Anatolia_N    -0.000326   -2.297307
dscore:      Anatolia_N f4:    -0.000053 Z:    -0.327915

details:        Samdzong             Ami    -0.000225   -1.172707
details: Southeast_China             Ami     0.004319   24.838255
dscore:             Ami f4:    -0.000040 Z:    -0.209895

details:        Samdzong            Mixe    -0.000233   -1.153956
details: Southeast_China            Mixe     0.000553    3.022143
dscore:            Mixe f4:    -0.000201 Z:    -1.013533

details:        Samdzong    Ganj_Dareh_N    -0.000207   -1.039461
details: Southeast_China    Ganj_Dareh_N    -0.000115   -0.681492
dscore:    Ganj_Dareh_N f4:    -0.000203 Z:    -1.040894

details:        Samdzong            Onge    -0.000056   -0.285533
details: Southeast_China            Onge     0.000812    4.677962
dscore:            Onge f4:    -0.000021 Z:    -0.107897

details:        Samdzong      Villabruna    -0.000259   -1.007696
details: Southeast_China      Villabruna    -0.000558   -2.585209
dscore:      Villabruna f4:    -0.000272 Z:    -1.078073

details:        Samdzong      DevilsGate     0.000066    0.287708
details: Southeast_China      DevilsGate     0.000849    4.135654
dscore:      DevilsGate f4:     0.000098 Z:     0.434952

gendstat:                Mbuti           Anatolia_N    -0.328
gendstat:                Mbuti                  Ami    -0.210
gendstat:                Mbuti                 Mixe    -1.014
gendstat:                Mbuti         Ganj_Dareh_N    -1.041
gendstat:                Mbuti                 Onge    -0.108
gendstat:                Mbuti           Villabruna    -1.078
gendstat:                Mbuti           DevilsGate     0.435
gendstat:           Anatolia_N                  Ami     0.072
gendstat:           Anatolia_N                 Mixe    -0.766
gendstat:           Anatolia_N         Ganj_Dareh_N    -0.889
gendstat:           Anatolia_N                 Onge     0.164
gendstat:           Anatolia_N           Villabruna    -0.994
gendstat:           Anatolia_N           DevilsGate     0.712
gendstat:                  Ami                 Mixe    -0.915
gendstat:                  Ami         Ganj_Dareh_N    -0.747
gendstat:                  Ami                 Onge     0.103
gendstat:                  Ami           Villabruna    -0.877
gendstat:                  Ami           DevilsGate     0.772
gendstat:                 Mixe         Ganj_Dareh_N    -0.011
gendstat:                 Mixe                 Onge     0.877
gendstat:                 Mixe           Villabruna    -0.269
gendstat:                 Mixe           DevilsGate     1.394
gendstat:         Ganj_Dareh_N                 Onge     0.817
gendstat:         Ganj_Dareh_N           Villabruna    -0.266
gendstat:         Ganj_Dareh_N           DevilsGate     1.158
gendstat:                 Onge           Villabruna    -0.969
gendstat:                 Onge           DevilsGate     0.543
gendstat:           Villabruna           DevilsGate     1.295

## end of run
