/home/cliu7/utils/AdmixTools/bin/qpWave: parameter file: temp/param/qpAdm_Nubri.LC.Lubrak.Mala.parx_61th5l
### THE INPUT PARAMETERS
##PARAMETER NAME: VALUE
DIR: data/intermediate
S1: HO_all_merged.qpAdm
indivname: data/intermediate/HO_all_merged.qpAdm.grouped.ind
snpname: data/intermediate/HO_all_merged.qpAdm.snp
genotypename: data/intermediate/HO_all_merged.qpAdm.geno
popleft: temp/param/left.x_61th5l
popright: temp/param/right.x_61th5l
details: YES
## qpWave version: 410
packed geno read OK
end of inpack

left pops:
Nubri.LC
Lubrak
Mala

right pops:
Mbuti
Anatolia_N
Ami
Mixe
Ganj_Dareh_N
Onge
Villabruna
DevilsGate

  0             Nubri.LC    6
  1               Lubrak    2
  2                 Mala   11
  3                Mbuti   10
  4           Anatolia_N   25
  5                  Ami   10
  6                 Mixe   10
  7         Ganj_Dareh_N    7
  8                 Onge   12
  9           Villabruna    1
 10           DevilsGate    4
jackknife block size:     0.050
snps: 498990  indivs: 98
number of blocks for block jackknife: 710
dof (jackknife):   583.069
numsnps used: 306804
f4info: 
f4rank: 0 dof:     14 chisq:  3577.634 tail:                    0 dofdiff:      0 chisqdiff:     0.000 taildiff:                    1

f4info: 
f4rank: 1 dof:      6 chisq:     6.839 tail:          0.335976394 dofdiff:      8 chisqdiff:  3570.795 taildiff:                    0
B:
          scale     1.000 
     Anatolia_N    -0.301 
            Ami     1.559 
           Mixe     1.073 
   Ganj_Dareh_N    -0.472 
           Onge     0.344 
     Villabruna    -0.093 
     DevilsGate     1.726 
A:
          scale   215.766 
         Lubrak     0.077 
           Mala    -1.412 

f4info: 
f4rank: 2 dof:      0 chisq:     0.000 tail:                    1 dofdiff:      6 chisqdiff:     6.839 taildiff:          0.335976394
B:
          scale     1.000     1.000 
     Anatolia_N    -0.305     0.479 
            Ami     1.563    -0.619 
           Mixe     1.079    -0.957 
   Ganj_Dareh_N    -0.479     1.192 
           Onge     0.340     0.416 
     Villabruna    -0.105     1.184 
     DevilsGate     1.715     1.574 
A:
          scale   216.142  4978.185 
         Lubrak     0.100     1.411 
           Mala    -1.411     0.100 

## end of run
