/home/cliu7/utils/AdmixTools/bin/qpAdm: parameter file: temp/param/qpAdm_Nubri.LC.Samdzong.Mala.parjhqo9hal
### THE INPUT PARAMETERS
##PARAMETER NAME: VALUE
DIR: data/intermediate
S1: HO_all_merged.qpAdm
indivname: data/intermediate/HO_all_merged.qpAdm.grouped.ind
snpname: data/intermediate/HO_all_merged.qpAdm.snp
genotypename: data/intermediate/HO_all_merged.qpAdm.geno
popleft: temp/param/left.jhqo9hal
popright: temp/param/right.jhqo9hal
details: YES
## qpAdm version: 810
seed: 1580274065
packed geno read OK
end of inpack

left pops:
Nubri.LC
Samdzong
Mala

right pops:
Mbuti
Anatolia_N
Ami
Mixe
Ganj_Dareh_N
Onge
Villabruna
DevilsGate

  0             Nubri.LC    6
  1             Samdzong    9
  2                 Mala   11
  3                Mbuti   10
  4           Anatolia_N   25
  5                  Ami   10
  6                 Mixe   10
  7         Ganj_Dareh_N    7
  8                 Onge   12
  9           Villabruna    1
 10           DevilsGate    4
jackknife block size:     0.050
snps: 498990  indivs: 105
number of blocks for block jackknife: 710
## ncols: 498990
coverage:             Nubri.LC 498990
coverage:             Samdzong 498985
coverage:                 Mala 498990
coverage:                Mbuti 498990
coverage:           Anatolia_N 498137
coverage:                  Ami 498990
coverage:                 Mixe 498990
coverage:         Ganj_Dareh_N 457128
coverage:                 Onge 498990
coverage:           Villabruna 415230
coverage:           DevilsGate 498716
dof (jackknife):   583.236
numsnps used: 420033
codimension 1
f4info: 
f4rank: 1 dof:      6 chisq:     5.132 tail:          0.526971999 dofdiff:      8 chisqdiff:    -5.132 taildiff:                    1
B:
          scale     1.000 
     Anatolia_N    -0.310 
            Ami     1.561 
           Mixe     1.070 
   Ganj_Dareh_N    -0.499 
           Onge     0.347 
     Villabruna    -0.144 
     DevilsGate     1.713 
A:
          scale   213.679 
       Samdzong    -0.009 
           Mala    -1.414 


full rank
f4info: 
f4rank: 2 dof:      0 chisq:     0.000 tail:                    1 dofdiff:      6 chisqdiff:     5.132 taildiff:          0.526971999
B:
          scale     1.000     1.000 
     Anatolia_N    -0.309    -0.940 
            Ami     1.561     1.716 
           Mixe     1.071     1.009 
   Ganj_Dareh_N    -0.497     0.599 
           Onge     0.348    -0.470 
     Villabruna    -0.144     0.705 
     DevilsGate     1.713    -1.038 
A:
          scale   214.661 12243.007 
       Samdzong     0.008    -1.286 
           Mala    -1.414    -0.589 


best coefficients:     1.006    -0.006 
Jackknife mean:      1.005978644    -0.005978644 
      std. errors:     0.013     0.013 

error covariance (* 1000000)
       162       -162 
      -162        162 


summ: Nubri.LC    2      0.526972     1.006    -0.006   162  -162   162 

    fixed pat  wt  dof     chisq       tail prob
           00  0     6     5.132        0.526972     1.006    -0.006  infeasible
           01  1     7     5.350        0.617314     1.000    -0.000 
           10  1     7  3713.418               0     0.000     1.000 
best pat:           00         0.526972              -  -
best pat:           01         0.617314  chi(nested):     0.218 p-value for nested model:         0.64061

coeffs:     1.006    -0.006 

## dscore:: f_4(Base, Fit, Rbase, right2)
## genstat:: f_4(Base, Fit, right1, right2)

details:        Samdzong      Anatolia_N    -0.000041   -0.250160
details:            Mala      Anatolia_N     0.001993    9.611668
dscore:      Anatolia_N f4:    -0.000053 Z:    -0.324890

details:        Samdzong             Ami    -0.000224   -1.171333
details:            Mala             Ami    -0.010447  -42.580754
dscore:             Ami f4:    -0.000162 Z:    -0.843266

details:        Samdzong            Mixe    -0.000232   -1.153055
details:            Mala            Mixe    -0.007235  -27.259324
dscore:            Mixe f4:    -0.000190 Z:    -0.938663

details:        Samdzong    Ganj_Dareh_N    -0.000206   -1.038715
details:            Mala    Ganj_Dareh_N     0.003165   12.808909
dscore:    Ganj_Dareh_N f4:    -0.000227 Z:    -1.138380

details:        Samdzong            Onge    -0.000056   -0.285226
details:            Mala            Onge    -0.002374   -9.677547
dscore:            Onge f4:    -0.000042 Z:    -0.212815

details:        Samdzong      Villabruna    -0.000259   -1.007405
details:            Mala      Villabruna     0.000805    2.412433
dscore:      Villabruna f4:    -0.000265 Z:    -1.029128

details:        Samdzong      DevilsGate     0.000066    0.287475
details:            Mala      DevilsGate    -0.011317  -40.967404
dscore:      DevilsGate f4:     0.000135 Z:     0.587142

gendstat:                Mbuti           Anatolia_N    -0.325
gendstat:                Mbuti                  Ami    -0.843
gendstat:                Mbuti                 Mixe    -0.939
gendstat:                Mbuti         Ganj_Dareh_N    -1.138
gendstat:                Mbuti                 Onge    -0.213
gendstat:                Mbuti           Villabruna    -1.029
gendstat:                Mbuti           DevilsGate     0.587
gendstat:           Anatolia_N                  Ami    -0.586
gendstat:           Anatolia_N                 Mixe    -0.690
gendstat:           Anatolia_N         Ganj_Dareh_N    -1.003
gendstat:           Anatolia_N                 Onge     0.057
gendstat:           Anatolia_N           Villabruna    -0.939
gendstat:           Anatolia_N           DevilsGate     0.872
gendstat:                  Ami                 Mixe    -0.152
gendstat:                  Ami         Ganj_Dareh_N    -0.290
gendstat:                  Ami                 Onge     0.646
gendstat:                  Ami           Villabruna    -0.381
gendstat:                  Ami           DevilsGate     1.627
gendstat:                 Mixe         Ganj_Dareh_N    -0.167
gendstat:                 Mixe                 Onge     0.703
gendstat:                 Mixe           Villabruna    -0.281
gendstat:                 Mixe           DevilsGate     1.482
gendstat:         Ganj_Dareh_N                 Onge     0.811
gendstat:         Ganj_Dareh_N           Villabruna    -0.146
gendstat:         Ganj_Dareh_N           DevilsGate     1.365
gendstat:                 Onge           Villabruna    -0.843
gendstat:                 Onge           DevilsGate     0.791
gendstat:           Villabruna           DevilsGate     1.373

## end of run
