/home/cliu7/utils/AdmixTools/bin/qpWave: parameter file: temp/param/qpAdm_Nubri.LC.Rhirhi.Mala.paruvkkzdu_
### THE INPUT PARAMETERS
##PARAMETER NAME: VALUE
DIR: data/intermediate
S1: HO_all_merged.qpAdm
indivname: data/intermediate/HO_all_merged.qpAdm.grouped.ind
snpname: data/intermediate/HO_all_merged.qpAdm.snp
genotypename: data/intermediate/HO_all_merged.qpAdm.geno
popleft: temp/param/left.uvkkzdu_
popright: temp/param/right.uvkkzdu_
details: YES
## qpWave version: 410
packed geno read OK
end of inpack

left pops:
Nubri.LC
Rhirhi
Mala

right pops:
Mbuti
Anatolia_N
Ami
Mixe
Ganj_Dareh_N
Onge
Villabruna
DevilsGate

  0             Nubri.LC    6
  1               Rhirhi    4
  2                 Mala   11
  3                Mbuti   10
  4           Anatolia_N   25
  5                  Ami   10
  6                 Mixe   10
  7         Ganj_Dareh_N    7
  8                 Onge   12
  9           Villabruna    1
 10           DevilsGate    4
jackknife block size:     0.050
snps: 498990  indivs: 100
number of blocks for block jackknife: 710
dof (jackknife):   583.308
numsnps used: 417511
f4info: 
f4rank: 0 dof:     14 chisq:  4205.851 tail:                    0 dofdiff:      0 chisqdiff:     0.000 taildiff:                    1

f4info: 
f4rank: 1 dof:      6 chisq:    18.749 tail:        0.00460854544 dofdiff:      8 chisqdiff:  4187.101 taildiff:                    0
B:
          scale     1.000 
     Anatolia_N    -0.309 
            Ami     1.559 
           Mixe     1.069 
   Ganj_Dareh_N    -0.483 
           Onge     0.349 
     Villabruna    -0.106 
     DevilsGate     1.722 
A:
          scale   212.113 
         Rhirhi    -0.024 
           Mala    -1.414 

f4info: 
f4rank: 2 dof:      0 chisq:     0.000 tail:                    1 dofdiff:      6 chisqdiff:    18.749 taildiff:        0.00460854544
B:
          scale     1.000     1.000 
     Anatolia_N    -0.298     0.888 
            Ami     1.572     1.016 
           Mixe     1.089     1.144 
   Ganj_Dareh_N    -0.475     0.851 
           Onge     0.359     0.731 
     Villabruna    -0.121    -0.648 
     DevilsGate     1.698    -1.481 
A:
          scale   211.817  4278.124 
         Rhirhi    -0.039    -1.414 
           Mala    -1.414     0.039 

## end of run
