/home/cliu7/utils/AdmixTools/bin/qpWave: parameter file: temp/param/qpAdm_Nubri.LC.Kyang.Southeast_China.parc4artzyz
### THE INPUT PARAMETERS
##PARAMETER NAME: VALUE
DIR: data/intermediate
S1: HO_all_merged.qpAdm
indivname: data/intermediate/HO_all_merged.qpAdm.grouped.ind
snpname: data/intermediate/HO_all_merged.qpAdm.snp
genotypename: data/intermediate/HO_all_merged.qpAdm.geno
popleft: temp/param/left.c4artzyz
popright: temp/param/right.c4artzyz
details: YES
## qpWave version: 410
packed geno read OK
end of inpack

left pops:
Nubri.LC
Kyang
Southeast_China

right pops:
Mbuti
Anatolia_N
Ami
Mixe
Ganj_Dareh_N
Onge
Villabruna
DevilsGate

  0             Nubri.LC    6
  1                Kyang    7
  2      Southeast_China   97
  3                Mbuti   10
  4           Anatolia_N   25
  5                  Ami   10
  6                 Mixe   10
  7         Ganj_Dareh_N    7
  8                 Onge   12
  9           Villabruna    1
 10           DevilsGate    4
jackknife block size:     0.050
snps: 498990  indivs: 189
number of blocks for block jackknife: 710
dof (jackknife):   583.373
numsnps used: 419240
f4info: 
f4rank: 0 dof:     14 chisq:  1434.677 tail:       5.5533766e-298 dofdiff:      0 chisqdiff:     0.000 taildiff:                    1

f4info: 
f4rank: 1 dof:      6 chisq:     8.975 tail:          0.175007618 dofdiff:      8 chisqdiff:  1425.702 taildiff:      1.56820027e-302
B:
          scale     1.000 
     Anatolia_N    -0.149 
            Ami     2.530 
           Mixe     0.369 
   Ganj_Dareh_N     0.022 
           Onge     0.422 
     Villabruna    -0.328 
     DevilsGate     0.392 
A:
          scale   836.071 
          Kyang    -0.095 
Southeast_China     1.411 

f4info: 
f4rank: 2 dof:      0 chisq:     0.000 tail:                    1 dofdiff:      6 chisqdiff:     8.975 taildiff:          0.175007618
B:
          scale     1.000     1.000 
     Anatolia_N    -0.186     0.662 
            Ami     2.509     0.442 
           Mixe     0.324     0.846 
   Ganj_Dareh_N    -0.062     1.381 
           Onge     0.468    -0.770 
     Villabruna    -0.324    -0.139 
     DevilsGate     0.486    -1.769 
A:
          scale   820.634  7446.003 
          Kyang    -0.050    -1.413 
Southeast_China     1.413    -0.050 

## end of run
