/home/cliu7/utils/AdmixTools/bin/qpAdm: parameter file: temp/param/qpAdm_Nubri.LC.Samdzong.Han.parh_wgn7f8
### THE INPUT PARAMETERS
##PARAMETER NAME: VALUE
DIR: data/intermediate
S1: HO_all_merged.qpAdm
indivname: data/intermediate/HO_all_merged.qpAdm.grouped.ind
snpname: data/intermediate/HO_all_merged.qpAdm.snp
genotypename: data/intermediate/HO_all_merged.qpAdm.geno
popleft: temp/param/left.h_wgn7f8
popright: temp/param/right.h_wgn7f8
details: YES
## qpAdm version: 810
seed: 1281038566
packed geno read OK
end of inpack

left pops:
Nubri.LC
Samdzong
Han

right pops:
Mbuti
Anatolia_N
Ami
Mixe
Ganj_Dareh_N
Onge
Villabruna
DevilsGate

  0             Nubri.LC    6
  1             Samdzong    9
  2                  Han   33
  3                Mbuti   10
  4           Anatolia_N   25
  5                  Ami   10
  6                 Mixe   10
  7         Ganj_Dareh_N    7
  8                 Onge   12
  9           Villabruna    1
 10           DevilsGate    4
jackknife block size:     0.050
snps: 498990  indivs: 127
number of blocks for block jackknife: 710
## ncols: 498990
coverage:             Nubri.LC 498990
coverage:             Samdzong 498985
coverage:                  Han 498990
coverage:                Mbuti 498990
coverage:           Anatolia_N 498137
coverage:                  Ami 498990
coverage:                 Mixe 498990
coverage:         Ganj_Dareh_N 457128
coverage:                 Onge 498990
coverage:           Villabruna 415230
coverage:           DevilsGate 498716
dof (jackknife):   583.321
numsnps used: 421631
codimension 1
f4info: 
f4rank: 1 dof:      6 chisq:     3.921 tail:          0.687421392 dofdiff:      8 chisqdiff:    -3.921 taildiff:                    1
B:
          scale     1.000 
     Anatolia_N    -0.129 
            Ami     2.296 
           Mixe     0.696 
   Ganj_Dareh_N     0.031 
           Onge     0.416 
     Villabruna    -0.156 
     DevilsGate     1.014 
A:
          scale   834.695 
       Samdzong    -0.068 
            Han     1.413 


full rank
f4info: 
f4rank: 2 dof:      0 chisq:     0.000 tail:                    1 dofdiff:      6 chisqdiff:     3.921 taildiff:          0.687421392
B:
          scale     1.000     1.000 
     Anatolia_N    -0.127    -0.251 
            Ami     2.297     1.537 
           Mixe     0.693     1.237 
   Ganj_Dareh_N     0.023     0.994 
           Onge     0.413    -0.056 
     Villabruna    -0.164     1.115 
     DevilsGate     1.015    -0.898 
A:
          scale   808.926  9143.864 
       Samdzong     0.017    -1.277 
            Han     1.414    -0.607 


best coefficients:     0.954     0.046 
Jackknife mean:      0.953247953     0.046752047 
      std. errors:     0.037     0.037 

error covariance (* 1000000)
      1375      -1375 
     -1375       1375 


summ: Nubri.LC    2      0.687421     0.953     0.047  1375 -1375  1375 

    fixed pat  wt  dof     chisq       tail prob
           00  0     6     3.921        0.687421     0.954     0.046 
           01  1     7     5.368        0.615172     1.000     0.000 
           10  1     7   802.281               0     0.000     1.000 
best pat:           00         0.687421              -  -
best pat:           01         0.615172  chi(nested):     1.447 p-value for nested model:        0.228975

coeffs:     0.954     0.046 

## dscore:: f_4(Base, Fit, Rbase, right2)
## genstat:: f_4(Base, Fit, right1, right2)

details:        Samdzong      Anatolia_N    -0.000041   -0.250377
details:             Han      Anatolia_N    -0.000239   -1.715745
dscore:      Anatolia_N f4:    -0.000050 Z:    -0.313352

details:        Samdzong             Ami    -0.000224   -1.172719
details:             Han             Ami     0.003888   23.777256
dscore:             Ami f4:    -0.000035 Z:    -0.185560

details:        Samdzong            Mixe    -0.000231   -1.154197
details:             Han            Mixe     0.001097    6.456271
dscore:            Mixe f4:    -0.000170 Z:    -0.868858

details:        Samdzong    Ganj_Dareh_N    -0.000206   -1.039346
details:             Han    Ganj_Dareh_N    -0.000060   -0.355961
dscore:    Ganj_Dareh_N f4:    -0.000199 Z:    -1.027933

details:        Samdzong            Onge    -0.000056   -0.285477
details:             Han            Onge     0.000693    4.214816
dscore:            Onge f4:    -0.000022 Z:    -0.112513

details:        Samdzong      Villabruna    -0.000258   -1.007700
details:             Han      Villabruna    -0.000407   -1.907930
dscore:      Villabruna f4:    -0.000265 Z:    -1.059913

details:        Samdzong      DevilsGate     0.000066    0.287742
details:             Han      DevilsGate     0.001797    9.313621
dscore:      DevilsGate f4:     0.000145 Z:     0.650220

gendstat:                Mbuti           Anatolia_N    -0.313
gendstat:                Mbuti                  Ami    -0.186
gendstat:                Mbuti                 Mixe    -0.869
gendstat:                Mbuti         Ganj_Dareh_N    -1.028
gendstat:                Mbuti                 Onge    -0.113
gendstat:                Mbuti           Villabruna    -1.060
gendstat:                Mbuti           DevilsGate     0.650
gendstat:           Anatolia_N                  Ami     0.085
gendstat:           Anatolia_N                 Mixe    -0.629
gendstat:           Anatolia_N         Ganj_Dareh_N    -0.889
gendstat:           Anatolia_N                 Onge     0.148
gendstat:           Anatolia_N           Villabruna    -0.983
gendstat:           Anatolia_N           DevilsGate     0.932
gendstat:                  Ami                 Mixe    -0.777
gendstat:                  Ami         Ganj_Dareh_N    -0.757
gendstat:                  Ami                 Onge     0.072
gendstat:                  Ami           Villabruna    -0.877
gendstat:                  Ami           DevilsGate     1.019
gendstat:                 Mixe         Ganj_Dareh_N    -0.132
gendstat:                 Mixe                 Onge     0.732
gendstat:                 Mixe           Villabruna    -0.362
gendstat:                 Mixe           DevilsGate     1.486
gendstat:         Ganj_Dareh_N                 Onge     0.801
gendstat:         Ganj_Dareh_N           Villabruna    -0.258
gendstat:         Ganj_Dareh_N           DevilsGate     1.336
gendstat:                 Onge           Villabruna    -0.948
gendstat:                 Onge           DevilsGate     0.769
gendstat:           Villabruna           DevilsGate     1.449

## end of run
