/home/cliu7/utils/AdmixTools/bin/qpWave: parameter file: temp/param/qpAdm_Qiang_Daofu.UpperMustang.LC.Mala.parbpsufj7n
### THE INPUT PARAMETERS
##PARAMETER NAME: VALUE
DIR: data/intermediate
S1: HO_all_merged.qpAdm
indivname: data/intermediate/HO_all_merged.qpAdm.grouped.ind
snpname: data/intermediate/HO_all_merged.qpAdm.snp
genotypename: data/intermediate/HO_all_merged.qpAdm.geno
popleft: temp/param/left.bpsufj7n
popright: temp/param/right.bpsufj7n
details: YES
## qpWave version: 410
packed geno read OK
end of inpack

left pops:
Qiang_Daofu
UpperMustang.LC
Mala

right pops:
Mbuti
Anatolia_N
Ami
Mixe
Ganj_Dareh_N
Onge
Villabruna
DevilsGate

  0          Qiang_Daofu    8
  1      UpperMustang.LC   11
  2                 Mala   11
  3                Mbuti   10
  4           Anatolia_N   25
  5                  Ami   10
  6                 Mixe   10
  7         Ganj_Dareh_N    7
  8                 Onge   12
  9           Villabruna    1
 10           DevilsGate    4
jackknife block size:     0.050
snps: 498990  indivs: 109
number of blocks for block jackknife: 710
dof (jackknife):   583.309
numsnps used: 418328
f4info: 
f4rank: 0 dof:     14 chisq:  5082.530 tail:                    0 dofdiff:      0 chisqdiff:     0.000 taildiff:                    1

f4info: 
f4rank: 1 dof:      6 chisq:    17.744 tail:        0.00690378516 dofdiff:      8 chisqdiff:  5064.786 taildiff:                    0
B:
          scale     1.000 
     Anatolia_N    -0.281 
            Ami     1.567 
           Mixe     1.081 
   Ganj_Dareh_N    -0.446 
           Onge     0.374 
     Villabruna    -0.123 
     DevilsGate     1.716 
A:
          scale   190.560 
UpperMustang.LC    -0.097 
           Mala    -1.411 

f4info: 
f4rank: 2 dof:      0 chisq:     0.000 tail:                    1 dofdiff:      6 chisqdiff:    17.744 taildiff:        0.00690378516
B:
          scale     1.000     1.000 
     Anatolia_N    -0.258     1.343 
            Ami     1.568     0.065 
           Mixe     1.087     0.266 
   Ganj_Dareh_N    -0.404     2.062 
           Onge     0.388     0.694 
     Villabruna    -0.110     0.524 
     DevilsGate     1.723     0.335 
A:
          scale   189.124  4490.872 
UpperMustang.LC    -0.133    -1.408 
           Mala    -1.408     0.133 

## end of run
