/home/cliu7/utils/AdmixTools/bin/qpAdm: parameter file: temp/param/qpAdm_Qiang_Daofu.Samdzong.Southeast_China.parz43zmtrt
### THE INPUT PARAMETERS
##PARAMETER NAME: VALUE
DIR: data/intermediate
S1: HO_all_merged.qpAdm
indivname: data/intermediate/HO_all_merged.qpAdm.grouped.ind
snpname: data/intermediate/HO_all_merged.qpAdm.snp
genotypename: data/intermediate/HO_all_merged.qpAdm.geno
popleft: temp/param/left.z43zmtrt
popright: temp/param/right.z43zmtrt
details: YES
## qpAdm version: 810
seed: -1591602896
packed geno read OK
end of inpack

left pops:
Qiang_Daofu
Samdzong
Southeast_China

right pops:
Mbuti
Anatolia_N
Ami
Mixe
Ganj_Dareh_N
Onge
Villabruna
DevilsGate

  0          Qiang_Daofu    8
  1             Samdzong    9
  2      Southeast_China   97
  3                Mbuti   10
  4           Anatolia_N   25
  5                  Ami   10
  6                 Mixe   10
  7         Ganj_Dareh_N    7
  8                 Onge   12
  9           Villabruna    1
 10           DevilsGate    4
jackknife block size:     0.050
snps: 498990  indivs: 193
number of blocks for block jackknife: 710
## ncols: 498990
coverage:          Qiang_Daofu 498036
coverage:             Samdzong 498985
coverage:      Southeast_China 498990
coverage:                Mbuti 498990
coverage:           Anatolia_N 498137
coverage:                  Ami 498990
coverage:                 Mixe 498990
coverage:         Ganj_Dareh_N 457128
coverage:                 Onge 498990
coverage:           Villabruna 415230
coverage:           DevilsGate 498716
dof (jackknife):   583.393
numsnps used: 418286
codimension 1
f4info: 
f4rank: 1 dof:      6 chisq:    60.052 tail:       4.39350361e-11 dofdiff:      8 chisqdiff:   -60.052 taildiff:                    1
B:
          scale     1.000 
     Anatolia_N    -0.202 
            Ami     2.589 
           Mixe     0.190 
   Ganj_Dareh_N     0.002 
           Onge     0.371 
     Villabruna    -0.282 
     DevilsGate    -0.011 
A:
          scale  1044.150 
       Samdzong    -0.285 
Southeast_China     1.385 


full rank
f4info: 
f4rank: 2 dof:      0 chisq:     0.000 tail:                    1 dofdiff:      6 chisqdiff:    60.052 taildiff:       4.39350361e-11
B:
          scale     1.000     1.000 
     Anatolia_N    -0.222     0.313 
            Ami     2.585    -0.513 
           Mixe     0.164     1.374 
   Ganj_Dareh_N    -0.048     0.493 
           Onge     0.396     0.390 
     Villabruna    -0.286     0.602 
     DevilsGate     0.039     1.998 
A:
          scale  1060.835  1878.548 
       Samdzong    -0.717    -1.273 
Southeast_China     1.219    -0.616 


best coefficients:     0.829     0.171 
Jackknife mean:      0.828707518     0.171292482 
      std. errors:     0.029     0.029 

error covariance (* 1000000)
       867       -867 
      -867        867 


summ: Qiang_Daofu    2      0.000000     0.829     0.171   867  -867   867 

    fixed pat  wt  dof     chisq       tail prob
           00  0     6    60.052      4.3935e-11     0.829     0.171 
           01  1     7    89.809     1.35425e-16     1.000     0.000 
           10  1     7  1121.740               0     0.000     1.000 
best pat:           00       4.3935e-11              -  -
best pat:           01      1.35425e-16  chi(nested):    29.757 p-value for nested model:     4.89686e-08

coeffs:     0.829     0.171 

## dscore:: f_4(Base, Fit, Rbase, right2)
## genstat:: f_4(Base, Fit, right1, right2)

details:        Samdzong      Anatolia_N    -0.000079   -0.492504
details: Southeast_China      Anatolia_N    -0.000366   -3.200029
dscore:      Anatolia_N f4:    -0.000128 Z:    -0.891848

details:        Samdzong             Ami    -0.001411   -7.893653
details: Southeast_China             Ami     0.003133   22.911772
dscore:             Ami f4:    -0.000636 Z:    -3.964311

details:        Samdzong            Mixe    -0.001052   -5.763087
details: Southeast_China            Mixe    -0.000268   -1.764422
dscore:            Mixe f4:    -0.000918 Z:    -5.554009

details:        Samdzong    Ganj_Dareh_N    -0.000314   -1.696963
details: Southeast_China    Ganj_Dareh_N    -0.000224   -1.604615
dscore:    Ganj_Dareh_N f4:    -0.000299 Z:    -1.789578

details:        Samdzong            Onge    -0.000544   -2.969376
details: Southeast_China            Onge     0.000322    2.319371
dscore:            Onge f4:    -0.000396 Z:    -2.411360

details:        Samdzong      Villabruna    -0.000232   -0.960830
details: Southeast_China      Villabruna    -0.000536   -3.006814
dscore:      Villabruna f4:    -0.000284 Z:    -1.315464

details:        Samdzong      DevilsGate    -0.001391   -6.579298
details: Southeast_China      DevilsGate    -0.000614   -3.727340
dscore:      DevilsGate f4:    -0.001258 Z:    -6.646749

gendstat:                Mbuti           Anatolia_N    -0.892
gendstat:                Mbuti                  Ami    -3.964
gendstat:                Mbuti                 Mixe    -5.554
gendstat:                Mbuti         Ganj_Dareh_N    -1.790
gendstat:                Mbuti                 Onge    -2.411
gendstat:                Mbuti           Villabruna    -1.315
gendstat:                Mbuti           DevilsGate    -6.647
gendstat:           Anatolia_N                  Ami    -3.312
gendstat:           Anatolia_N                 Mixe    -4.935
gendstat:           Anatolia_N         Ganj_Dareh_N    -1.229
gendstat:           Anatolia_N                 Onge    -1.735
gendstat:           Anatolia_N           Villabruna    -0.827
gendstat:           Anatolia_N           DevilsGate    -6.145
gendstat:                  Ami                 Mixe    -1.929
gendstat:                  Ami         Ganj_Dareh_N     1.907
gendstat:                  Ami                 Onge     1.534
gendstat:                  Ami           Villabruna     1.543
gendstat:                  Ami           DevilsGate    -3.833
gendstat:                 Mixe         Ganj_Dareh_N     3.435
gendstat:                 Mixe                 Onge     2.908
gendstat:                 Mixe           Villabruna     2.762
gendstat:                 Mixe           DevilsGate    -1.951
gendstat:         Ganj_Dareh_N                 Onge    -0.532
gendstat:         Ganj_Dareh_N           Villabruna     0.069
gendstat:         Ganj_Dareh_N           DevilsGate    -4.464
gendstat:                 Onge           Villabruna     0.496
gendstat:                 Onge           DevilsGate    -4.331
gendstat:           Villabruna           DevilsGate    -3.896

## end of run
