/home/cliu7/utils/AdmixTools/bin/qpAdm: parameter file: temp/param/qpAdm_Qiang_Daofu.Chokhopani.Pathan.parxyvs8h23
### THE INPUT PARAMETERS
##PARAMETER NAME: VALUE
DIR: data/intermediate
S1: HO_all_merged.qpAdm
indivname: data/intermediate/HO_all_merged.qpAdm.grouped.ind
snpname: data/intermediate/HO_all_merged.qpAdm.snp
genotypename: data/intermediate/HO_all_merged.qpAdm.geno
popleft: temp/param/left.xyvs8h23
popright: temp/param/right.xyvs8h23
details: YES
## qpAdm version: 810
seed: -534180717
packed geno read OK
end of inpack

left pops:
Qiang_Daofu
Chokhopani
Pathan

right pops:
Mbuti
Anatolia_N
Ami
Mixe
Ganj_Dareh_N
Onge
Villabruna
DevilsGate

  0          Qiang_Daofu    8
  1           Chokhopani    2
  2               Pathan   18
  3                Mbuti   10
  4           Anatolia_N   25
  5                  Ami   10
  6                 Mixe   10
  7         Ganj_Dareh_N    7
  8                 Onge   12
  9           Villabruna    1
 10           DevilsGate    4
jackknife block size:     0.050
snps: 498990  indivs: 107
number of blocks for block jackknife: 710
## ncols: 498990
coverage:          Qiang_Daofu 498036
coverage:           Chokhopani 498917
coverage:               Pathan 498990
coverage:                Mbuti 498990
coverage:           Anatolia_N 498137
coverage:                  Ami 498990
coverage:                 Mixe 498990
coverage:         Ganj_Dareh_N 457128
coverage:                 Onge 498990
coverage:           Villabruna 415230
coverage:           DevilsGate 498716
dof (jackknife):   583.301
numsnps used: 416158
codimension 1
f4info: 
f4rank: 1 dof:      6 chisq:    27.390 tail:       0.000122344182 dofdiff:      8 chisqdiff:   -27.390 taildiff:                    1
B:
          scale     1.000 
     Anatolia_N    -0.626 
            Ami     1.496 
           Mixe     0.883 
   Ganj_Dareh_N    -0.661 
           Onge     0.637 
     Villabruna    -0.460 
     DevilsGate     1.592 
A:
          scale   150.859 
     Chokhopani    -0.051 
         Pathan    -1.413 


full rank
f4info: 
f4rank: 2 dof:      0 chisq:     0.000 tail:                    1 dofdiff:      6 chisqdiff:    27.390 taildiff:       0.000122344182
B:
          scale     1.000     1.000 
     Anatolia_N    -0.623     1.315 
            Ami     1.496    -0.317 
           Mixe     0.890     0.559 
   Ganj_Dareh_N    -0.656     1.270 
           Onge     0.635    -1.274 
     Villabruna    -0.465     1.185 
     DevilsGate     1.592    -0.466 
A:
          scale   149.848  2485.061 
     Chokhopani    -0.119    -1.406 
         Pathan    -1.409    -0.152 


best coefficients:     1.037    -0.037 
Jackknife mean:      1.037329420    -0.037329420 
      std. errors:     0.011     0.011 

error covariance (* 1000000)
       131       -131 
      -131        131 


summ: Qiang_Daofu    2      0.000122     1.037    -0.037   131  -131   131 

    fixed pat  wt  dof     chisq       tail prob
           00  0     6    27.390     0.000122344     1.037    -0.037  infeasible
           01  1     7    38.713      2.2172e-06     1.000    -0.000 
           10  1     7  6914.743               0     0.000     1.000 
best pat:           00      0.000122344              -  -
best pat:           01       2.2172e-06  chi(nested):    11.322 p-value for nested model:     0.000765796

coeffs:     1.037    -0.037 

## dscore:: f_4(Base, Fit, Rbase, right2)
## genstat:: f_4(Base, Fit, right1, right2)

details:      Chokhopani      Anatolia_N    -0.000411   -1.827672
details:          Pathan      Anatolia_N     0.005746   26.924504
dscore:      Anatolia_N f4:    -0.000642 Z:    -2.773446

details:      Chokhopani             Ami    -0.001164   -4.641089
details:          Pathan             Ami    -0.014088  -56.554312
dscore:             Ami f4:    -0.000680 Z:    -2.635668

details:      Chokhopani            Mixe    -0.001169   -4.294697
details:          Pathan            Mixe    -0.008448  -31.676123
dscore:            Mixe f4:    -0.000897 Z:    -3.196723

details:      Chokhopani    Ganj_Dareh_N    -0.000442   -1.616290
details:          Pathan    Ganj_Dareh_N     0.006052   24.266842
dscore:    Ganj_Dareh_N f4:    -0.000685 Z:    -2.430700

details:      Chokhopani            Onge    -0.000015   -0.059188
details:          Pathan            Onge    -0.005934  -24.100297
dscore:            Onge f4:     0.000206 Z:     0.783439

details:      Chokhopani      Villabruna    -0.000698   -2.035481
details:          Pathan      Villabruna     0.004225   12.935584
dscore:      Villabruna f4:    -0.000882 Z:    -2.501551

details:      Chokhopani      DevilsGate    -0.001153   -3.892977
details:          Pathan      DevilsGate    -0.015012  -52.708500
dscore:      DevilsGate f4:    -0.000634 Z:    -2.076451

gendstat:                Mbuti           Anatolia_N    -2.773
gendstat:                Mbuti                  Ami    -2.636
gendstat:                Mbuti                 Mixe    -3.197
gendstat:                Mbuti         Ganj_Dareh_N    -2.431
gendstat:                Mbuti                 Onge     0.783
gendstat:                Mbuti           Villabruna    -2.502
gendstat:                Mbuti           DevilsGate    -2.076
gendstat:           Anatolia_N                  Ami    -0.158
gendstat:           Anatolia_N                 Mixe    -0.968
gendstat:           Anatolia_N         Ganj_Dareh_N    -0.205
gendstat:           Anatolia_N                 Onge     3.437
gendstat:           Anatolia_N           Villabruna    -0.776
gendstat:           Anatolia_N           DevilsGate     0.027
gendstat:                  Ami                 Mixe    -0.901
gendstat:                  Ami         Ganj_Dareh_N    -0.019
gendstat:                  Ami                 Onge     3.587
gendstat:                  Ami           Villabruna    -0.542
gendstat:                  Ami           DevilsGate     0.186
gendstat:                 Mixe         Ganj_Dareh_N     0.702
gendstat:                 Mixe                 Onge     3.872
gendstat:                 Mixe           Villabruna     0.040
gendstat:                 Mixe           DevilsGate     0.935
gendstat:         Ganj_Dareh_N                 Onge     3.124
gendstat:         Ganj_Dareh_N           Villabruna    -0.557
gendstat:         Ganj_Dareh_N           DevilsGate     0.151
gendstat:                 Onge           Villabruna    -2.931
gendstat:                 Onge           DevilsGate    -2.649
gendstat:           Villabruna           DevilsGate     0.616

## end of run
