/home/cliu7/utils/AdmixTools/bin/qpWave: parameter file: temp/param/qpAdm_Qiang_Daofu.Kyang.Southeast_China.parqoy6uk4m
### THE INPUT PARAMETERS
##PARAMETER NAME: VALUE
DIR: data/intermediate
S1: HO_all_merged.qpAdm
indivname: data/intermediate/HO_all_merged.qpAdm.grouped.ind
snpname: data/intermediate/HO_all_merged.qpAdm.snp
genotypename: data/intermediate/HO_all_merged.qpAdm.geno
popleft: temp/param/left.qoy6uk4m
popright: temp/param/right.qoy6uk4m
details: YES
## qpWave version: 410
packed geno read OK
end of inpack

left pops:
Qiang_Daofu
Kyang
Southeast_China

right pops:
Mbuti
Anatolia_N
Ami
Mixe
Ganj_Dareh_N
Onge
Villabruna
DevilsGate

  0          Qiang_Daofu    8
  1                Kyang    7
  2      Southeast_China   97
  3                Mbuti   10
  4           Anatolia_N   25
  5                  Ami   10
  6                 Mixe   10
  7         Ganj_Dareh_N    7
  8                 Onge   12
  9           Villabruna    1
 10           DevilsGate    4
jackknife block size:     0.050
snps: 498990  indivs: 191
number of blocks for block jackknife: 710
dof (jackknife):   583.384
numsnps used: 418387
f4info: 
f4rank: 0 dof:     14 chisq:  1571.647 tail:                    0 dofdiff:      0 chisqdiff:     0.000 taildiff:                    1

f4info: 
f4rank: 1 dof:      6 chisq:    39.652 tail:       5.33126221e-07 dofdiff:      8 chisqdiff:  1531.994 taildiff:                    0
B:
          scale     1.000 
     Anatolia_N    -0.200 
            Ami     2.587 
           Mixe     0.127 
   Ganj_Dareh_N    -0.043 
           Onge     0.327 
     Villabruna    -0.358 
     DevilsGate    -0.124 
A:
          scale  1047.248 
          Kyang    -0.293 
Southeast_China     1.383 

f4info: 
f4rank: 2 dof:      0 chisq:     0.000 tail:                    1 dofdiff:      6 chisqdiff:    39.652 taildiff:       5.33126221e-07
B:
          scale     1.000     1.000 
     Anatolia_N    -0.202     0.440 
            Ami     2.583     0.007 
           Mixe     0.129     1.541 
   Ganj_Dareh_N    -0.039     0.643 
           Onge     0.335     0.306 
     Villabruna    -0.389     0.234 
     DevilsGate    -0.059     1.967 
A:
          scale  1061.013  2123.628 
          Kyang    -0.586    -1.287 
Southeast_China     1.287    -0.586 

## end of run
