/home/cliu7/utils/AdmixTools/bin/qpAdm: parameter file: temp/param/qpAdm_Tamang.Rhirhi.Mala.par41jazvy5
### THE INPUT PARAMETERS
##PARAMETER NAME: VALUE
DIR: data/intermediate
S1: HO_all_merged.qpAdm
indivname: data/intermediate/HO_all_merged.qpAdm.grouped.ind
snpname: data/intermediate/HO_all_merged.qpAdm.snp
genotypename: data/intermediate/HO_all_merged.qpAdm.geno
popleft: temp/param/left.41jazvy5
popright: temp/param/right.41jazvy5
details: YES
## qpAdm version: 810
seed: 1231967000
packed geno read OK
end of inpack

left pops:
Tamang
Rhirhi
Mala

right pops:
Mbuti
Anatolia_N
Ami
Mixe
Ganj_Dareh_N
Onge
Villabruna
DevilsGate

  0               Tamang    7
  1               Rhirhi    4
  2                 Mala   11
  3                Mbuti   10
  4           Anatolia_N   25
  5                  Ami   10
  6                 Mixe   10
  7         Ganj_Dareh_N    7
  8                 Onge   12
  9           Villabruna    1
 10           DevilsGate    4
jackknife block size:     0.050
snps: 498990  indivs: 101
number of blocks for block jackknife: 710
## ncols: 498990
coverage:               Tamang 498036
coverage:               Rhirhi 489694
coverage:                 Mala 498990
coverage:                Mbuti 498990
coverage:           Anatolia_N 498137
coverage:                  Ami 498990
coverage:                 Mixe 498990
coverage:         Ganj_Dareh_N 457128
coverage:                 Onge 498990
coverage:           Villabruna 415230
coverage:           DevilsGate 498716
dof (jackknife):   583.317
numsnps used: 415650
codimension 1
f4info: 
f4rank: 1 dof:      6 chisq:    23.053 tail:       0.000778818203 dofdiff:      8 chisqdiff:   -23.053 taildiff:                    1
B:
          scale     1.000 
     Anatolia_N    -0.315 
            Ami     1.570 
           Mixe     1.058 
   Ganj_Dareh_N    -0.484 
           Onge     0.373 
     Villabruna    -0.113 
     DevilsGate     1.712 
A:
          scale   248.852 
         Rhirhi     0.229 
           Mala    -1.396 


full rank
f4info: 
f4rank: 2 dof:      0 chisq:     0.000 tail:                    1 dofdiff:      6 chisqdiff:    23.053 taildiff:       0.000778818203
B:
          scale     1.000     1.000 
     Anatolia_N    -0.321     0.481 
            Ami     1.569     1.183 
           Mixe     1.057     0.532 
   Ganj_Dareh_N    -0.487     0.567 
           Onge     0.375     1.161 
     Villabruna    -0.117    -0.738 
     DevilsGate     1.711    -1.695 
A:
          scale   247.982  4106.543 
         Rhirhi     0.219    -1.385 
           Mala    -1.397    -0.285 


best coefficients:     0.859     0.141 
Jackknife mean:      0.858879230     0.141120770 
      std. errors:     0.015     0.015 

error covariance (* 1000000)
       216       -216 
      -216        216 


summ: Tamang    2      0.000779     0.859     0.141   216  -216   216 

    fixed pat  wt  dof     chisq       tail prob
           00  0     6    23.053     0.000778818     0.859     0.141 
           01  1     7    97.587     3.39497e-18     1.000    -0.000 
           10  1     7  3473.849               0     0.000     1.000 
best pat:           00      0.000778818              -  -
best pat:           01      3.39497e-18  chi(nested):    74.534 p-value for nested model:     5.95973e-18

coeffs:     0.859     0.141 

## dscore:: f_4(Base, Fit, Rbase, right2)
## genstat:: f_4(Base, Fit, right1, right2)

details:          Rhirhi      Anatolia_N    -0.000487   -2.438922
details:            Mala      Anatolia_N     0.001759    9.453488
dscore:      Anatolia_N f4:    -0.000171 Z:    -0.951789

details:          Rhirhi             Ami     0.000955    3.976346
details:            Mala             Ami    -0.008938  -40.439947
dscore:             Ami f4:    -0.000440 Z:    -2.043477

details:          Rhirhi            Mixe     0.000682    2.620812
details:            Mala            Mixe    -0.006022  -25.887188
dscore:            Mixe f4:    -0.000263 Z:    -1.141441

details:          Rhirhi    Ganj_Dareh_N    -0.000702   -2.701186
details:            Mala    Ganj_Dareh_N     0.002679   12.693717
dscore:    Ganj_Dareh_N f4:    -0.000226 Z:    -0.980761

details:          Rhirhi            Onge    -0.000139   -0.577087
details:            Mala            Onge    -0.002224  -10.797786
dscore:            Onge f4:    -0.000433 Z:    -2.041803

details:          Rhirhi      Villabruna     0.000128    0.402569
details:            Mala      Villabruna     0.000701    2.440357
dscore:      Villabruna f4:     0.000209 Z:     0.735726

details:          Rhirhi      DevilsGate     0.002009    6.825674
details:            Mala      DevilsGate    -0.009549  -38.737419
dscore:      DevilsGate f4:     0.000380 Z:     1.455783

gendstat:                Mbuti           Anatolia_N    -0.952
gendstat:                Mbuti                  Ami    -2.043
gendstat:                Mbuti                 Mixe    -1.141
gendstat:                Mbuti         Ganj_Dareh_N    -0.981
gendstat:                Mbuti                 Onge    -2.042
gendstat:                Mbuti           Villabruna     0.736
gendstat:                Mbuti           DevilsGate     1.456
gendstat:           Anatolia_N                  Ami    -1.287
gendstat:           Anatolia_N                 Mixe    -0.430
gendstat:           Anatolia_N         Ganj_Dareh_N    -0.287
gendstat:           Anatolia_N                 Onge    -1.254
gendstat:           Anatolia_N           Villabruna     1.570
gendstat:           Anatolia_N           DevilsGate     2.217
gendstat:                  Ami                 Mixe     0.913
gendstat:                  Ami         Ganj_Dareh_N     0.884
gendstat:                  Ami                 Onge     0.032
gendstat:                  Ami           Villabruna     2.134
gendstat:                  Ami           DevilsGate     3.998
gendstat:                 Mixe         Ganj_Dareh_N     0.150
gendstat:                 Mixe                 Onge    -0.723
gendstat:                 Mixe           Villabruna     1.568
gendstat:                 Mixe           DevilsGate     2.765
gendstat:         Ganj_Dareh_N                 Onge    -0.819
gendstat:         Ganj_Dareh_N           Villabruna     1.499
gendstat:         Ganj_Dareh_N           DevilsGate     2.163
gendstat:                 Onge           Villabruna     2.092
gendstat:                 Onge           DevilsGate     3.086
gendstat:           Villabruna           DevilsGate     0.514

## end of run
