/home/cliu7/utils/AdmixTools/bin/qpWave: parameter file: temp/param/qpAdm_Tamang.Sherpa.LC.Pulliyar.par7z036iz8
### THE INPUT PARAMETERS
##PARAMETER NAME: VALUE
DIR: data/intermediate
S1: HO_all_merged.qpAdm
indivname: data/intermediate/HO_all_merged.qpAdm.grouped.ind
snpname: data/intermediate/HO_all_merged.qpAdm.snp
genotypename: data/intermediate/HO_all_merged.qpAdm.geno
popleft: temp/param/left.7z036iz8
popright: temp/param/right.7z036iz8
details: YES
## qpWave version: 410
packed geno read OK
end of inpack

left pops:
Tamang
Sherpa.LC
Pulliyar

right pops:
Mbuti
Anatolia_N
Ami
Mixe
Ganj_Dareh_N
Onge
Villabruna
DevilsGate

  0               Tamang    7
  1            Sherpa.LC    9
  2             Pulliyar   35
  3                Mbuti   10
  4           Anatolia_N   25
  5                  Ami   10
  6                 Mixe   10
  7         Ganj_Dareh_N    7
  8                 Onge   12
  9           Villabruna    1
 10           DevilsGate    4
jackknife block size:     0.050
snps: 498990  indivs: 130
number of blocks for block jackknife: 710
dof (jackknife):   584.831
numsnps used: 389549
f4info: 
f4rank: 0 dof:     14 chisq:  3968.452 tail:                    0 dofdiff:      0 chisqdiff:     0.000 taildiff:                    1

f4info: 
f4rank: 1 dof:      6 chisq:    11.182 tail:         0.0829250868 dofdiff:      8 chisqdiff:  3957.271 taildiff:                    0
B:
          scale     1.000 
     Anatolia_N    -0.209 
            Ami     1.559 
           Mixe     1.143 
   Ganj_Dareh_N    -0.356 
           Onge     0.277 
     Villabruna    -0.082 
     DevilsGate     1.735 
A:
          scale   252.516 
      Sherpa.LC     0.322 
       Pulliyar    -1.377 

f4info: 
f4rank: 2 dof:      0 chisq:     0.000 tail:                    1 dofdiff:      6 chisqdiff:    11.182 taildiff:         0.0829250868
B:
          scale     1.000     1.000 
     Anatolia_N    -0.202     0.668 
            Ami     1.574     1.773 
           Mixe     1.143     0.071 
   Ganj_Dareh_N    -0.353     0.354 
           Onge     0.285     0.211 
     Villabruna    -0.073     0.980 
     DevilsGate     1.722    -1.509 
A:
          scale   252.372  7878.843 
      Sherpa.LC     0.329    -1.375 
       Pulliyar    -1.375    -0.329 

## end of run
