/home/cliu7/utils/AdmixTools/bin/qpAdm: parameter file: temp/param/qpAdm_Tamang.Mebrak.Southeast_China.parxmfw3fji
### THE INPUT PARAMETERS
##PARAMETER NAME: VALUE
DIR: data/intermediate
S1: HO_all_merged.qpAdm
indivname: data/intermediate/HO_all_merged.qpAdm.grouped.ind
snpname: data/intermediate/HO_all_merged.qpAdm.snp
genotypename: data/intermediate/HO_all_merged.qpAdm.geno
popleft: temp/param/left.xmfw3fji
popright: temp/param/right.xmfw3fji
details: YES
## qpAdm version: 810
seed: -1151163092
packed geno read OK
end of inpack

left pops:
Tamang
Mebrak
Southeast_China

right pops:
Mbuti
Anatolia_N
Ami
Mixe
Ganj_Dareh_N
Onge
Villabruna
DevilsGate

  0               Tamang    7
  1               Mebrak    8
  2      Southeast_China   97
  3                Mbuti   10
  4           Anatolia_N   25
  5                  Ami   10
  6                 Mixe   10
  7         Ganj_Dareh_N    7
  8                 Onge   12
  9           Villabruna    1
 10           DevilsGate    4
jackknife block size:     0.050
snps: 498990  indivs: 191
number of blocks for block jackknife: 710
## ncols: 498990
coverage:               Tamang 498036
coverage:               Mebrak 498978
coverage:      Southeast_China 498990
coverage:                Mbuti 498990
coverage:           Anatolia_N 498137
coverage:                  Ami 498990
coverage:                 Mixe 498990
coverage:         Ganj_Dareh_N 457128
coverage:                 Onge 498990
coverage:           Villabruna 415230
coverage:           DevilsGate 498716
dof (jackknife):   583.478
numsnps used: 417713
codimension 1
f4info: 
f4rank: 1 dof:      6 chisq:   118.972 tail:       2.67941361e-23 dofdiff:      8 chisqdiff:  -118.972 taildiff:                    1
B:
          scale     1.000 
     Anatolia_N    -0.181 
            Ami     2.326 
           Mixe     0.669 
   Ganj_Dareh_N    -0.179 
           Onge     0.427 
     Villabruna    -0.225 
     DevilsGate     0.919 
A:
          scale   543.289 
         Mebrak     0.325 
Southeast_China     1.376 


full rank
f4info: 
f4rank: 2 dof:      0 chisq:     0.000 tail:                    1 dofdiff:      6 chisqdiff:   118.972 taildiff:       2.67941361e-23
B:
          scale     1.000     1.000 
     Anatolia_N    -0.244     0.474 
            Ami     2.219     1.594 
           Mixe     0.715    -0.398 
   Ganj_Dareh_N    -0.257     0.437 
           Onge     0.347     0.726 
     Villabruna    -0.252    -0.150 
     DevilsGate     1.121    -1.826 
A:
          scale   508.210  2358.150 
         Mebrak     0.532    -1.389 
Southeast_China     1.310     0.265 


best coefficients:     1.309    -0.309 
Jackknife mean:      1.307864355    -0.307864355 
      std. errors:     0.049     0.049 

error covariance (* 1000000)
      2401      -2401 
     -2401       2401 


summ: Tamang    2      0.000000     1.308    -0.308  2401 -2401  2401 

    fixed pat  wt  dof     chisq       tail prob
           00  0     6   118.972     2.67941e-23     1.309    -0.309  infeasible
           01  1     7   186.638               0     1.000     0.000 
           10  1     7  2166.121               0     0.000     1.000 
best pat:           00      2.67941e-23              -  -
best pat:           01      7.71074e-37  chi(nested):    67.666 p-value for nested model:      1.9364e-16

coeffs:     1.309    -0.309 

## dscore:: f_4(Base, Fit, Rbase, right2)
## genstat:: f_4(Base, Fit, right1, right2)

details:          Mebrak      Anatolia_N    -0.000536   -3.189816
details: Southeast_China      Anatolia_N    -0.000571   -4.497817
dscore:      Anatolia_N f4:    -0.000524 Z:    -2.540973

details:          Mebrak             Ami     0.001387    6.872147
details: Southeast_China             Ami     0.005908   37.507890
dscore:             Ami f4:    -0.000009 Z:    -0.038743

details:          Mebrak            Mixe     0.000984    4.683803
details: Southeast_China            Mixe     0.001806   10.908656
dscore:            Mixe f4:     0.000730 Z:     2.850277

details:          Mebrak    Ganj_Dareh_N    -0.000528   -2.832515
details: Southeast_China    Ganj_Dareh_N    -0.000612   -4.079487
dscore:    Ganj_Dareh_N f4:    -0.000502 Z:    -2.213454

details:          Mebrak            Onge    -0.000064   -0.336027
details: Southeast_China            Onge     0.000982    6.481046
dscore:            Onge f4:    -0.000388 Z:    -1.680326

details:          Mebrak      Villabruna    -0.000176   -0.691739
details: Southeast_China      Villabruna    -0.000665   -3.419427
dscore:      Villabruna f4:    -0.000025 Z:    -0.079318

details:          Mebrak      DevilsGate     0.002254    9.729804
details: Southeast_China      DevilsGate     0.002694   14.092751
dscore:      DevilsGate f4:     0.002118 Z:     7.538805

gendstat:                Mbuti           Anatolia_N    -2.541
gendstat:                Mbuti                  Ami    -0.039
gendstat:                Mbuti                 Mixe     2.850
gendstat:                Mbuti         Ganj_Dareh_N    -2.213
gendstat:                Mbuti                 Onge    -1.680
gendstat:                Mbuti           Villabruna    -0.079
gendstat:                Mbuti           DevilsGate     7.539
gendstat:           Anatolia_N                  Ami     2.209
gendstat:           Anatolia_N                 Mixe     5.002
gendstat:           Anatolia_N         Ganj_Dareh_N     0.110
gendstat:           Anatolia_N                 Onge     0.620
gendstat:           Anatolia_N           Villabruna     1.871
gendstat:           Anatolia_N           DevilsGate     9.400
gendstat:                  Ami                 Mixe     3.226
gendstat:                  Ami         Ganj_Dareh_N    -1.900
gendstat:                  Ami                 Onge    -1.634
gendstat:                  Ami           Villabruna    -0.046
gendstat:                  Ami           DevilsGate     8.850
gendstat:                 Mixe         Ganj_Dareh_N    -4.522
gendstat:                 Mixe                 Onge    -4.485
gendstat:                 Mixe           Villabruna    -2.329
gendstat:                 Mixe           DevilsGate     5.321
gendstat:         Ganj_Dareh_N                 Onge     0.454
gendstat:         Ganj_Dareh_N           Villabruna     1.489
gendstat:         Ganj_Dareh_N           DevilsGate     8.810
gendstat:                 Onge           Villabruna     1.126
gendstat:                 Onge           DevilsGate     9.072
gendstat:           Villabruna           DevilsGate     5.923

## end of run
