/home/cliu7/utils/AdmixTools/bin/qpAdm: parameter file: temp/param/qpAdm_Tamang.Chokhopani.Han.par5mjun4zi
### THE INPUT PARAMETERS
##PARAMETER NAME: VALUE
DIR: data/intermediate
S1: HO_all_merged.qpAdm
indivname: data/intermediate/HO_all_merged.qpAdm.grouped.ind
snpname: data/intermediate/HO_all_merged.qpAdm.snp
genotypename: data/intermediate/HO_all_merged.qpAdm.geno
popleft: temp/param/left.5mjun4zi
popright: temp/param/right.5mjun4zi
details: YES
## qpAdm version: 810
seed: -809289129
packed geno read OK
end of inpack

left pops:
Tamang
Chokhopani
Han

right pops:
Mbuti
Anatolia_N
Ami
Mixe
Ganj_Dareh_N
Onge
Villabruna
DevilsGate

  0               Tamang    7
  1           Chokhopani    2
  2                  Han   33
  3                Mbuti   10
  4           Anatolia_N   25
  5                  Ami   10
  6                 Mixe   10
  7         Ganj_Dareh_N    7
  8                 Onge   12
  9           Villabruna    1
 10           DevilsGate    4
jackknife block size:     0.050
snps: 498990  indivs: 121
number of blocks for block jackknife: 710
## ncols: 498990
coverage:               Tamang 498036
coverage:           Chokhopani 498917
coverage:                  Han 498990
coverage:                Mbuti 498990
coverage:           Anatolia_N 498137
coverage:                  Ami 498990
coverage:                 Mixe 498990
coverage:         Ganj_Dareh_N 457128
coverage:                 Onge 498990
coverage:           Villabruna 415230
coverage:           DevilsGate 498716
dof (jackknife):   583.451
numsnps used: 420213
codimension 1
f4info: 
f4rank: 1 dof:      6 chisq:    47.256 tail:         1.663904e-08 dofdiff:      8 chisqdiff:   -47.256 taildiff:                    1
B:
          scale     1.000 
     Anatolia_N    -0.148 
            Ami     2.074 
           Mixe     0.860 
   Ganj_Dareh_N    -0.181 
           Onge     0.308 
     Villabruna    -0.157 
     DevilsGate     1.336 
A:
          scale   508.534 
     Chokhopani     0.436 
            Han     1.345 


full rank
f4info: 
f4rank: 2 dof:      0 chisq:     0.000 tail:                    1 dofdiff:      6 chisqdiff:    47.256 taildiff:         1.663904e-08
B:
          scale     1.000     1.000 
     Anatolia_N    -0.192     0.623 
            Ami     2.023     1.867 
           Mixe     0.873     0.284 
   Ganj_Dareh_N    -0.225     0.962 
           Onge     0.332    -0.585 
     Villabruna    -0.208     0.937 
     DevilsGate     1.380    -0.950 
A:
          scale   480.484  2901.666 
     Chokhopani     0.606    -1.408 
            Han     1.278     0.128 


best coefficients:     1.479    -0.479 
Jackknife mean:      1.475061158    -0.475061158 
      std. errors:     0.078     0.078 

error covariance (* 1000000)
      6042      -6042 
     -6042       6042 


summ: Tamang    2      0.000000     1.475    -0.475  6042 -6042  6042 

    fixed pat  wt  dof     chisq       tail prob
           00  0     6    47.256      1.6639e-08     1.479    -0.479  infeasible
           01  1     7   123.030     1.79039e-23     1.000     0.000 
           10  1     7  1822.137               0     0.000     1.000 
best pat:           00       1.6639e-08              -  -
best pat:           01      1.79039e-23  chi(nested):    75.775 p-value for nested model:     3.17969e-18

coeffs:     1.479    -0.479 

## dscore:: f_4(Base, Fit, Rbase, right2)
## genstat:: f_4(Base, Fit, right1, right2)

details:      Chokhopani      Anatolia_N    -0.000611   -2.775430
details:             Han      Anatolia_N    -0.000485   -4.023920
dscore:      Anatolia_N f4:    -0.000671 Z:    -2.171359

details:      Chokhopani             Ami     0.001602    6.423937
details:             Han             Ami     0.005465   35.281975
dscore:             Ami f4:    -0.000247 Z:    -0.713317

details:      Chokhopani            Mixe     0.000904    3.313288
details:             Han            Mixe     0.002341   14.498492
dscore:            Mixe f4:     0.000217 Z:     0.571929

details:      Chokhopani    Ganj_Dareh_N    -0.000823   -3.009014
details:             Han    Ganj_Dareh_N    -0.000555   -3.897750
dscore:    Ganj_Dareh_N f4:    -0.000951 Z:    -2.478131

details:      Chokhopani            Onge     0.000641    2.538083
details:             Han            Onge     0.000861    5.811332
dscore:            Onge f4:     0.000535 Z:     1.492838

details:      Chokhopani      Villabruna    -0.000819   -2.390609
details:             Han      Villabruna    -0.000518   -2.704740
dscore:      Villabruna f4:    -0.000963 Z:    -2.021436

details:      Chokhopani      DevilsGate     0.002148    7.200021
details:             Han      DevilsGate     0.003632   20.087779
dscore:      DevilsGate f4:     0.001437 Z:     3.444610

gendstat:                Mbuti           Anatolia_N    -2.171
gendstat:                Mbuti                  Ami    -0.713
gendstat:                Mbuti                 Mixe     0.572
gendstat:                Mbuti         Ganj_Dareh_N    -2.478
gendstat:                Mbuti                 Onge     1.493
gendstat:                Mbuti           Villabruna    -2.021
gendstat:                Mbuti           DevilsGate     3.445
gendstat:           Anatolia_N                  Ami     1.286
gendstat:           Anatolia_N                 Mixe     2.481
gendstat:           Anatolia_N         Ganj_Dareh_N    -0.924
gendstat:           Anatolia_N                 Onge     3.609
gendstat:           Anatolia_N           Villabruna    -0.704
gendstat:           Anatolia_N           DevilsGate     5.134
gendstat:                  Ami                 Mixe     1.434
gendstat:                  Ami         Ganj_Dareh_N    -1.743
gendstat:                  Ami                 Onge     2.303
gendstat:                  Ami           Villabruna    -1.442
gendstat:                  Ami           DevilsGate     5.039
gendstat:                 Mixe         Ganj_Dareh_N    -2.800
gendstat:                 Mixe                 Onge     0.832
gendstat:                 Mixe           Villabruna    -2.307
gendstat:                 Mixe           DevilsGate     3.179
gendstat:         Ganj_Dareh_N                 Onge     3.809
gendstat:         Ganj_Dareh_N           Villabruna    -0.023
gendstat:         Ganj_Dareh_N           DevilsGate     5.051
gendstat:                 Onge           Villabruna    -2.994
gendstat:                 Onge           DevilsGate     2.071
gendstat:           Villabruna           DevilsGate     4.282

## end of run
