/home/cliu7/utils/AdmixTools/bin/qpWave: parameter file: temp/param/qpAdm_Tamang.Chokhopani.Mala.pare_90ohhq
### THE INPUT PARAMETERS
##PARAMETER NAME: VALUE
DIR: data/intermediate
S1: HO_all_merged.qpAdm
indivname: data/intermediate/HO_all_merged.qpAdm.grouped.ind
snpname: data/intermediate/HO_all_merged.qpAdm.snp
genotypename: data/intermediate/HO_all_merged.qpAdm.geno
popleft: temp/param/left.e_90ohhq
popright: temp/param/right.e_90ohhq
details: YES
## qpWave version: 410
packed geno read OK
end of inpack

left pops:
Tamang
Chokhopani
Mala

right pops:
Mbuti
Anatolia_N
Ami
Mixe
Ganj_Dareh_N
Onge
Villabruna
DevilsGate

  0               Tamang    7
  1           Chokhopani    2
  2                 Mala   11
  3                Mbuti   10
  4           Anatolia_N   25
  5                  Ami   10
  6                 Mixe   10
  7         Ganj_Dareh_N    7
  8                 Onge   12
  9           Villabruna    1
 10           DevilsGate    4
jackknife block size:     0.050
snps: 498990  indivs: 99
number of blocks for block jackknife: 710
dof (jackknife):   583.253
numsnps used: 419105
f4info: 
f4rank: 0 dof:     14 chisq:  4000.618 tail:                    0 dofdiff:      0 chisqdiff:     0.000 taildiff:                    1

f4info: 
f4rank: 1 dof:      6 chisq:    10.743 tail:         0.0966376334 dofdiff:      8 chisqdiff:  3989.875 taildiff:                    0
B:
          scale     1.000 
     Anatolia_N    -0.325 
            Ami     1.571 
           Mixe     1.051 
   Ganj_Dareh_N    -0.489 
           Onge     0.401 
     Villabruna    -0.162 
     DevilsGate     1.701 
A:
          scale   246.859 
     Chokhopani     0.295 
           Mala    -1.383 

f4info: 
f4rank: 2 dof:      0 chisq:     0.000 tail:                    1 dofdiff:      6 chisqdiff:    10.743 taildiff:         0.0966376334
B:
          scale     1.000     1.000 
     Anatolia_N    -0.321     0.727 
            Ami     1.575     0.669 
           Mixe     1.057     0.967 
   Ganj_Dareh_N    -0.486     0.793 
           Onge     0.400    -0.542 
     Villabruna    -0.149     1.963 
     DevilsGate     1.698    -0.558 
A:
          scale   246.660  4198.566 
     Chokhopani     0.286    -1.385 
           Mala    -1.385    -0.286 

## end of run
