/home/cliu7/utils/AdmixTools/bin/qpWave: parameter file: temp/param/qpAdm_Tamang.Rhirhi.Han.paro5zzrn0n
### THE INPUT PARAMETERS
##PARAMETER NAME: VALUE
DIR: data/intermediate
S1: HO_all_merged.qpAdm
indivname: data/intermediate/HO_all_merged.qpAdm.grouped.ind
snpname: data/intermediate/HO_all_merged.qpAdm.snp
genotypename: data/intermediate/HO_all_merged.qpAdm.geno
popleft: temp/param/left.o5zzrn0n
popright: temp/param/right.o5zzrn0n
details: YES
## qpWave version: 410
packed geno read OK
end of inpack

left pops:
Tamang
Rhirhi
Han

right pops:
Mbuti
Anatolia_N
Ami
Mixe
Ganj_Dareh_N
Onge
Villabruna
DevilsGate

  0               Tamang    7
  1               Rhirhi    4
  2                  Han   33
  3                Mbuti   10
  4           Anatolia_N   25
  5                  Ami   10
  6                 Mixe   10
  7         Ganj_Dareh_N    7
  8                 Onge   12
  9           Villabruna    1
 10           DevilsGate    4
jackknife block size:     0.050
snps: 498990  indivs: 123
number of blocks for block jackknife: 710
dof (jackknife):   583.525
numsnps used: 416702
f4info: 
f4rank: 0 dof:     14 chisq:  2108.011 tail:                    0 dofdiff:      0 chisqdiff:     0.000 taildiff:                    1

f4info: 
f4rank: 1 dof:      6 chisq:    60.684 tail:       3.26810958e-11 dofdiff:      8 chisqdiff:  2047.327 taildiff:                    0
B:
          scale     1.000 
     Anatolia_N    -0.181 
            Ami     2.078 
           Mixe     0.870 
   Ganj_Dareh_N    -0.204 
           Onge     0.335 
     Villabruna    -0.236 
     DevilsGate     1.297 
A:
          scale   523.696 
         Rhirhi     0.308 
            Han     1.380 

f4info: 
f4rank: 2 dof:      0 chisq:     0.000 tail:                    1 dofdiff:      6 chisqdiff:    60.684 taildiff:       3.26810958e-11
B:
          scale     1.000     1.000 
     Anatolia_N    -0.216     0.645 
            Ami     1.977     1.305 
           Mixe     0.876     0.046 
   Ganj_Dareh_N    -0.263     1.009 
           Onge     0.283     0.753 
     Villabruna    -0.164    -0.535 
     DevilsGate     1.450    -1.735 
A:
          scale   505.047  2794.322 
         Rhirhi     0.405    -1.355 
            Han     1.355     0.405 

## end of run
