/home/cliu7/utils/AdmixTools/bin/qpWave: parameter file: temp/param/qpAdm_Tamang.Lubrak.Southeast_China.paraw0u_ylm
### THE INPUT PARAMETERS
##PARAMETER NAME: VALUE
DIR: data/intermediate
S1: HO_all_merged.qpAdm
indivname: data/intermediate/HO_all_merged.qpAdm.grouped.ind
snpname: data/intermediate/HO_all_merged.qpAdm.snp
genotypename: data/intermediate/HO_all_merged.qpAdm.geno
popleft: temp/param/left.aw0u_ylm
popright: temp/param/right.aw0u_ylm
details: YES
## qpWave version: 410
packed geno read OK
end of inpack

left pops:
Tamang
Lubrak
Southeast_China

right pops:
Mbuti
Anatolia_N
Ami
Mixe
Ganj_Dareh_N
Onge
Villabruna
DevilsGate

  0               Tamang    7
  1               Lubrak    2
  2      Southeast_China   97
  3                Mbuti   10
  4           Anatolia_N   25
  5                  Ami   10
  6                 Mixe   10
  7         Ganj_Dareh_N    7
  8                 Onge   12
  9           Villabruna    1
 10           DevilsGate    4
jackknife block size:     0.050
snps: 498990  indivs: 185
number of blocks for block jackknife: 710
dof (jackknife):   583.125
numsnps used: 305445
f4info: 
f4rank: 0 dof:     14 chisq:  2228.226 tail:                    0 dofdiff:      0 chisqdiff:     0.000 taildiff:                    1

f4info: 
f4rank: 1 dof:      6 chisq:    62.447 tail:       1.43073682e-11 dofdiff:      8 chisqdiff:  2165.780 taildiff:                    0
B:
          scale     1.000 
     Anatolia_N    -0.232 
            Ami     2.316 
           Mixe     0.645 
   Ganj_Dareh_N    -0.260 
           Onge     0.380 
     Villabruna    -0.283 
     DevilsGate     0.936 
A:
          scale   543.548 
         Lubrak     0.407 
Southeast_China     1.354 

f4info: 
f4rank: 2 dof:      0 chisq:     0.000 tail:                    1 dofdiff:      6 chisqdiff:    62.447 taildiff:       1.43073682e-11
B:
          scale     1.000     1.000 
     Anatolia_N    -0.210     0.105 
            Ami     2.107    -1.376 
           Mixe     0.773     0.584 
   Ganj_Dareh_N    -0.244     0.014 
           Onge     0.368    -0.121 
     Villabruna    -0.156     0.796 
     DevilsGate     1.304     2.026 
A:
          scale   482.941  1971.446 
         Lubrak     0.673     1.244 
Southeast_China     1.244    -0.673 

## end of run
