/home/cliu7/utils/AdmixTools/bin/qpAdm: parameter file: temp/param/qpAdm_Tamang.UpperMustang.LC.Pulliyar.paraxv25cti
### THE INPUT PARAMETERS
##PARAMETER NAME: VALUE
DIR: data/intermediate
S1: HO_all_merged.qpAdm
indivname: data/intermediate/HO_all_merged.qpAdm.grouped.ind
snpname: data/intermediate/HO_all_merged.qpAdm.snp
genotypename: data/intermediate/HO_all_merged.qpAdm.geno
popleft: temp/param/left.axv25cti
popright: temp/param/right.axv25cti
details: YES
## qpAdm version: 810
seed: 1261274544
packed geno read OK
end of inpack

left pops:
Tamang
UpperMustang.LC
Pulliyar

right pops:
Mbuti
Anatolia_N
Ami
Mixe
Ganj_Dareh_N
Onge
Villabruna
DevilsGate

  0               Tamang    7
  1      UpperMustang.LC   11
  2             Pulliyar   35
  3                Mbuti   10
  4           Anatolia_N   25
  5                  Ami   10
  6                 Mixe   10
  7         Ganj_Dareh_N    7
  8                 Onge   12
  9           Villabruna    1
 10           DevilsGate    4
jackknife block size:     0.050
snps: 498990  indivs: 132
number of blocks for block jackknife: 710
## ncols: 498990
coverage:               Tamang 498036
coverage:      UpperMustang.LC 498990
coverage:             Pulliyar 459213
coverage:                Mbuti 498990
coverage:           Anatolia_N 498137
coverage:                  Ami 498990
coverage:                 Mixe 498990
coverage:         Ganj_Dareh_N 457128
coverage:                 Onge 498990
coverage:           Villabruna 415230
coverage:           DevilsGate 498716
dof (jackknife):   584.889
numsnps used: 389338
codimension 1
f4info: 
f4rank: 1 dof:      6 chisq:     4.736 tail:          0.578119432 dofdiff:      8 chisqdiff:    -4.736 taildiff:                    1
B:
          scale     1.000 
     Anatolia_N    -0.227 
            Ami     1.572 
           Mixe     1.132 
   Ganj_Dareh_N    -0.396 
           Onge     0.265 
     Villabruna    -0.094 
     DevilsGate     1.720 
A:
          scale   256.355 
UpperMustang.LC     0.312 
       Pulliyar    -1.379 


full rank
f4info: 
f4rank: 2 dof:      0 chisq:     0.000 tail:                    1 dofdiff:      6 chisqdiff:     4.736 taildiff:          0.578119432
B:
          scale     1.000     1.000 
     Anatolia_N    -0.226     0.523 
            Ami     1.572     1.334 
           Mixe     1.133     0.096 
   Ganj_Dareh_N    -0.394     1.885 
           Onge     0.266     0.095 
     Villabruna    -0.092    -0.015 
     DevilsGate     1.720    -1.172 
A:
          scale   255.887 12993.333 
UpperMustang.LC     0.306    -1.188 
       Pulliyar    -1.381    -0.767 


best coefficients:     0.815     0.185 
Jackknife mean:      0.815356909     0.184643091 
      std. errors:     0.011     0.011 

error covariance (* 1000000)
       113       -113 
      -113        113 


summ: Tamang    2      0.578119     0.815     0.185   113  -113   113 

    fixed pat  wt  dof     chisq       tail prob
           00  0     6     4.736        0.578119     0.815     0.185 
           01  1     7   256.795               0     1.000    -0.000 
           10  1     7  2944.386               0     0.000     1.000 
best pat:           00         0.578119              -  -
best pat:           01      9.90572e-52  chi(nested):   252.060 p-value for nested model:     9.23511e-57

coeffs:     0.815     0.185 

## dscore:: f_4(Base, Fit, Rbase, right2)
## genstat:: f_4(Base, Fit, right1, right2)

details: UpperMustang.LC      Anatolia_N    -0.000437   -3.049864
details:        Pulliyar      Anatolia_N     0.001074    5.385774
dscore:      Anatolia_N f4:    -0.000158 Z:    -1.201139

details: UpperMustang.LC             Ami     0.001675    9.459574
details:        Pulliyar             Ami    -0.008655  -36.419934
dscore:             Ami f4:    -0.000232 Z:    -1.428246

details: UpperMustang.LC            Mixe     0.001231    6.522973
details:        Pulliyar            Mixe    -0.006234  -25.722170
dscore:            Mixe f4:    -0.000147 Z:    -0.854978

details: UpperMustang.LC    Ganj_Dareh_N    -0.000758   -4.575395
details:        Pulliyar    Ganj_Dareh_N     0.001909    8.395236
dscore:    Ganj_Dareh_N f4:    -0.000266 Z:    -1.746352

details: UpperMustang.LC            Onge     0.000189    1.099947
details:        Pulliyar            Onge    -0.001562   -6.966307
dscore:            Onge f4:    -0.000134 Z:    -0.848807

details: UpperMustang.LC      Villabruna    -0.000245   -1.097751
details:        Pulliyar      Villabruna     0.000357    1.168994
dscore:      Villabruna f4:    -0.000134 Z:    -0.657254

details: UpperMustang.LC      DevilsGate     0.002044   10.048568
details:        Pulliyar      DevilsGate    -0.009329  -35.257771
dscore:      DevilsGate f4:    -0.000056 Z:    -0.302083

gendstat:                Mbuti           Anatolia_N    -1.201
gendstat:                Mbuti                  Ami    -1.428
gendstat:                Mbuti                 Mixe    -0.855
gendstat:                Mbuti         Ganj_Dareh_N    -1.746
gendstat:                Mbuti                 Onge    -0.849
gendstat:                Mbuti           Villabruna    -0.657
gendstat:                Mbuti           DevilsGate    -0.302
gendstat:           Anatolia_N                  Ami    -0.476
gendstat:           Anatolia_N                 Mixe     0.067
gendstat:           Anatolia_N         Ganj_Dareh_N    -0.847
gendstat:           Anatolia_N                 Onge     0.166
gendstat:           Anatolia_N           Villabruna     0.138
gendstat:           Anatolia_N           DevilsGate     0.574
gendstat:                  Ami                 Mixe     0.576
gendstat:                  Ami         Ganj_Dareh_N    -0.198
gendstat:                  Ami                 Onge     0.665
gendstat:                  Ami           Villabruna     0.458
gendstat:                  Ami           DevilsGate     1.213
gendstat:                 Mixe         Ganj_Dareh_N    -0.653
gendstat:                 Mixe                 Onge     0.081
gendstat:                 Mixe           Villabruna     0.059
gendstat:                 Mixe           DevilsGate     0.548
gendstat:         Ganj_Dareh_N                 Onge     0.785
gendstat:         Ganj_Dareh_N           Villabruna     0.650
gendstat:         Ganj_Dareh_N           DevilsGate     1.089
gendstat:                 Onge           Villabruna     0.002
gendstat:                 Onge           DevilsGate     0.466
gendstat:           Villabruna           DevilsGate     0.337

## end of run
