/home/cliu7/utils/AdmixTools/bin/qpWave: parameter file: temp/param/qpAdm_Tibetan_Yunnan.Sherpa.LC.Southeast_China.paruhjr_6e_
### THE INPUT PARAMETERS
##PARAMETER NAME: VALUE
DIR: data/intermediate
S1: HO_all_merged.qpAdm
indivname: data/intermediate/HO_all_merged.qpAdm.grouped.ind
snpname: data/intermediate/HO_all_merged.qpAdm.snp
genotypename: data/intermediate/HO_all_merged.qpAdm.geno
popleft: temp/param/left.uhjr_6e_
popright: temp/param/right.uhjr_6e_
details: YES
## qpWave version: 410
packed geno read OK
end of inpack

left pops:
Tibetan_Yunnan
Sherpa.LC
Southeast_China

right pops:
Mbuti
Anatolia_N
Ami
Mixe
Ganj_Dareh_N
Onge
Villabruna
DevilsGate

  0       Tibetan_Yunnan    4
  1            Sherpa.LC    9
  2      Southeast_China   97
  3                Mbuti   10
  4           Anatolia_N   25
  5                  Ami   10
  6                 Mixe   10
  7         Ganj_Dareh_N    7
  8                 Onge   12
  9           Villabruna    1
 10           DevilsGate    4
jackknife block size:     0.050
snps: 498990  indivs: 189
number of blocks for block jackknife: 710
dof (jackknife):   583.487
numsnps used: 418966
f4info: 
f4rank: 0 dof:     14 chisq:  1336.908 tail:      6.18054978e-277 dofdiff:      0 chisqdiff:     0.000 taildiff:                    1

f4info: 
f4rank: 1 dof:      6 chisq:     5.247 tail:          0.512550178 dofdiff:      8 chisqdiff:  1331.661 taildiff:      3.36730758e-282
B:
          scale     1.000 
     Anatolia_N    -0.123 
            Ami     2.591 
           Mixe     0.163 
   Ganj_Dareh_N    -0.103 
           Onge     0.409 
     Villabruna    -0.250 
     DevilsGate     0.076 
A:
          scale  1168.517 
      Sherpa.LC    -0.566 
Southeast_China     1.296 

f4info: 
f4rank: 2 dof:      0 chisq:     0.000 tail:                    1 dofdiff:      6 chisqdiff:     5.247 taildiff:          0.512550178
B:
          scale     1.000     1.000 
     Anatolia_N    -0.133     0.247 
            Ami     2.596    -0.182 
           Mixe     0.124     1.471 
   Ganj_Dareh_N    -0.119     0.776 
           Onge     0.393     0.470 
     Villabruna    -0.237    -0.772 
     DevilsGate     0.025     1.823 
A:
          scale  1186.585  5553.734 
      Sherpa.LC    -0.680    -1.240 
Southeast_China     1.240    -0.680 

## end of run
