/home/cliu7/utils/AdmixTools/bin/qpWave: parameter file: temp/param/qpAdm_Tibetan_Nagqu.Sherpa.LC.Pathan.pardorc05p1
### THE INPUT PARAMETERS
##PARAMETER NAME: VALUE
DIR: data/intermediate
S1: HO_all_merged.qpAdm
indivname: data/intermediate/HO_all_merged.qpAdm.grouped.ind
snpname: data/intermediate/HO_all_merged.qpAdm.snp
genotypename: data/intermediate/HO_all_merged.qpAdm.geno
popleft: temp/param/left.dorc05p1
popright: temp/param/right.dorc05p1
details: YES
## qpWave version: 410
packed geno read OK
end of inpack

left pops:
Tibetan_Nagqu
Sherpa.LC
Pathan

right pops:
Mbuti
Anatolia_N
Ami
Mixe
Ganj_Dareh_N
Onge
Villabruna
DevilsGate

  0        Tibetan_Nagqu    8
  1            Sherpa.LC    9
  2               Pathan   18
  3                Mbuti   10
  4           Anatolia_N   25
  5                  Ami   10
  6                 Mixe   10
  7         Ganj_Dareh_N    7
  8                 Onge   12
  9           Villabruna    1
 10           DevilsGate    4
jackknife block size:     0.050
snps: 498990  indivs: 114
number of blocks for block jackknife: 710
dof (jackknife):   583.338
numsnps used: 416071
f4info: 
f4rank: 0 dof:     14 chisq:  7470.002 tail:                    0 dofdiff:      0 chisqdiff:     0.000 taildiff:                    1

f4info: 
f4rank: 1 dof:      6 chisq:     5.585 tail:          0.471227771 dofdiff:      8 chisqdiff:  7464.417 taildiff:                    0
B:
          scale     1.000 
     Anatolia_N    -0.656 
            Ami     1.481 
           Mixe     0.883 
   Ganj_Dareh_N    -0.682 
           Onge     0.627 
     Villabruna    -0.481 
     DevilsGate     1.583 
A:
          scale   154.917 
      Sherpa.LC    -0.034 
         Pathan    -1.414 

f4info: 
f4rank: 2 dof:      0 chisq:     0.000 tail:                    1 dofdiff:      6 chisqdiff:     5.585 taildiff:          0.471227771
B:
          scale     1.000     1.000 
     Anatolia_N    -0.648     1.198 
            Ami     1.490     1.729 
           Mixe     0.886     0.433 
   Ganj_Dareh_N    -0.677     1.070 
           Onge     0.629     0.234 
     Villabruna    -0.472     0.747 
     DevilsGate     1.581    -0.793 
A:
          scale   154.720 11102.250 
      Sherpa.LC    -0.037    -1.414 
         Pathan    -1.414     0.037 

## end of run
