/home/cliu7/utils/AdmixTools/bin/qpAdm: parameter file: temp/param/qpAdm_Tibetan_Chamdo.Samdzong.Han.par3v2dg67u
### THE INPUT PARAMETERS
##PARAMETER NAME: VALUE
DIR: data/intermediate
S1: HO_all_merged.qpAdm
indivname: data/intermediate/HO_all_merged.qpAdm.grouped.ind
snpname: data/intermediate/HO_all_merged.qpAdm.snp
genotypename: data/intermediate/HO_all_merged.qpAdm.geno
popleft: temp/param/left.3v2dg67u
popright: temp/param/right.3v2dg67u
details: YES
## qpAdm version: 810
seed: -1796345190
packed geno read OK
end of inpack

left pops:
Tibetan_Chamdo
Samdzong
Han

right pops:
Mbuti
Anatolia_N
Ami
Mixe
Ganj_Dareh_N
Onge
Villabruna
DevilsGate

  0       Tibetan_Chamdo   12
  1             Samdzong    9
  2                  Han   33
  3                Mbuti   10
  4           Anatolia_N   25
  5                  Ami   10
  6                 Mixe   10
  7         Ganj_Dareh_N    7
  8                 Onge   12
  9           Villabruna    1
 10           DevilsGate    4
jackknife block size:     0.050
snps: 498990  indivs: 133
number of blocks for block jackknife: 710
## ncols: 498990
coverage:       Tibetan_Chamdo 498036
coverage:             Samdzong 498985
coverage:                  Han 498990
coverage:                Mbuti 498990
coverage:           Anatolia_N 498137
coverage:                  Ami 498990
coverage:                 Mixe 498990
coverage:         Ganj_Dareh_N 457128
coverage:                 Onge 498990
coverage:           Villabruna 415230
coverage:           DevilsGate 498716
dof (jackknife):   583.405
numsnps used: 420295
codimension 1
f4info: 
f4rank: 1 dof:      6 chisq:    32.219 tail:       1.48157643e-05 dofdiff:      8 chisqdiff:   -32.219 taildiff:                    1
B:
          scale     1.000 
     Anatolia_N    -0.025 
            Ami     2.411 
           Mixe     0.616 
   Ganj_Dareh_N     0.140 
           Onge     0.419 
     Villabruna    -0.139 
     DevilsGate     0.769 
A:
          scale  1005.065 
       Samdzong    -0.300 
            Han     1.382 


full rank
f4info: 
f4rank: 2 dof:      0 chisq:     0.000 tail:                    1 dofdiff:      6 chisqdiff:    32.219 taildiff:       1.48157643e-05
B:
          scale     1.000     1.000 
     Anatolia_N    -0.068    -0.426 
            Ami     2.415    -1.702 
           Mixe     0.600     1.118 
   Ganj_Dareh_N     0.091    -0.135 
           Onge     0.419    -0.144 
     Villabruna    -0.149     0.539 
     DevilsGate     0.773     1.531 
A:
          scale  1030.249  3980.442 
       Samdzong    -0.627    -1.310 
            Han     1.268    -0.534 


best coefficients:     0.822     0.178 
Jackknife mean:      0.820899636     0.179100364 
      std. errors:     0.030     0.030 

error covariance (* 1000000)
       914       -914 
      -914        914 


summ: Tibetan_Chamdo    2      0.000015     0.821     0.179   914  -914   914 

    fixed pat  wt  dof     chisq       tail prob
           00  0     6    32.219     1.48158e-05     0.822     0.178 
           01  1     7    60.249     1.34632e-10     1.000     0.000 
           10  1     7  1038.715               0     0.000     1.000 
best pat:           00      1.48158e-05              -  -
best pat:           01      1.34632e-10  chi(nested):    28.030 p-value for nested model:     1.19436e-07

coeffs:     0.822     0.178 

## dscore:: f_4(Base, Fit, Rbase, right2)
## genstat:: f_4(Base, Fit, right1, right2)

details:        Samdzong      Anatolia_N     0.000173    1.197117
details:             Han      Anatolia_N    -0.000030   -0.297816
dscore:      Anatolia_N f4:     0.000137 Z:     1.079592

details:        Samdzong             Ami    -0.000916   -5.393182
details:             Han             Ami     0.003200   26.134836
dscore:             Ami f4:    -0.000182 Z:    -1.211221

details:        Samdzong            Mixe    -0.000739   -4.089601
details:             Han            Mixe     0.000587    4.463832
dscore:            Mixe f4:    -0.000503 Z:    -3.129183

details:        Samdzong    Ganj_Dareh_N    -0.000014   -0.084483
details:             Han    Ganj_Dareh_N     0.000129    1.078542
dscore:    Ganj_Dareh_N f4:     0.000011 Z:     0.075392

details:        Samdzong            Onge    -0.000211   -1.264746
details:             Han            Onge     0.000536    4.734995
dscore:            Onge f4:    -0.000078 Z:    -0.535185

details:        Samdzong      Villabruna    -0.000101   -0.433137
details:             Han      Villabruna    -0.000260   -1.658641
dscore:      Villabruna f4:    -0.000130 Z:    -0.631833

details:        Samdzong      DevilsGate    -0.000983   -4.928754
details:             Han      DevilsGate     0.000745    5.203861
dscore:      DevilsGate f4:    -0.000675 Z:    -3.839897

gendstat:                Mbuti           Anatolia_N     1.080
gendstat:                Mbuti                  Ami    -1.211
gendstat:                Mbuti                 Mixe    -3.129
gendstat:                Mbuti         Ganj_Dareh_N     0.075
gendstat:                Mbuti                 Onge    -0.535
gendstat:                Mbuti           Villabruna    -0.632
gendstat:                Mbuti           DevilsGate    -3.840
gendstat:           Anatolia_N                  Ami    -2.265
gendstat:           Anatolia_N                 Mixe    -4.176
gendstat:           Anatolia_N         Ganj_Dareh_N    -1.018
gendstat:           Anatolia_N                 Onge    -1.521
gendstat:           Anatolia_N           Villabruna    -1.566
gendstat:           Anatolia_N           DevilsGate    -4.760
gendstat:                  Ami                 Mixe    -2.272
gendstat:                  Ami         Ganj_Dareh_N     1.224
gendstat:                  Ami                 Onge     0.736
gendstat:                  Ami           Villabruna     0.249
gendstat:                  Ami           DevilsGate    -3.417
gendstat:                 Mixe         Ganj_Dareh_N     3.074
gendstat:                 Mixe                 Onge     2.549
gendstat:                 Mixe           Villabruna     1.758
gendstat:                 Mixe           DevilsGate    -0.999
gendstat:         Ganj_Dareh_N                 Onge    -0.539
gendstat:         Ganj_Dareh_N           Villabruna    -0.711
gendstat:         Ganj_Dareh_N           DevilsGate    -3.524
gendstat:                 Onge           Villabruna    -0.251
gendstat:                 Onge           DevilsGate    -3.357
gendstat:           Villabruna           DevilsGate    -2.420

## end of run
