/home/cliu7/utils/AdmixTools/bin/qpWave: parameter file: temp/param/qpAdm_Tibetan_Yunnan.Mebrak.Pathan.par2r91udlt
### THE INPUT PARAMETERS
##PARAMETER NAME: VALUE
DIR: data/intermediate
S1: HO_all_merged.qpAdm
indivname: data/intermediate/HO_all_merged.qpAdm.grouped.ind
snpname: data/intermediate/HO_all_merged.qpAdm.snp
genotypename: data/intermediate/HO_all_merged.qpAdm.geno
popleft: temp/param/left.2r91udlt
popright: temp/param/right.2r91udlt
details: YES
## qpWave version: 410
packed geno read OK
end of inpack

left pops:
Tibetan_Yunnan
Mebrak
Pathan

right pops:
Mbuti
Anatolia_N
Ami
Mixe
Ganj_Dareh_N
Onge
Villabruna
DevilsGate

  0       Tibetan_Yunnan    4
  1               Mebrak    8
  2               Pathan   18
  3                Mbuti   10
  4           Anatolia_N   25
  5                  Ami   10
  6                 Mixe   10
  7         Ganj_Dareh_N    7
  8                 Onge   12
  9           Villabruna    1
 10           DevilsGate    4
jackknife block size:     0.050
snps: 498990  indivs: 109
number of blocks for block jackknife: 710
dof (jackknife):   583.281
numsnps used: 416355
f4info: 
f4rank: 0 dof:     14 chisq:  7317.237 tail:                    0 dofdiff:      0 chisqdiff:     0.000 taildiff:                    1

f4info: 
f4rank: 1 dof:      6 chisq:    37.929 tail:       1.16002601e-06 dofdiff:      8 chisqdiff:  7279.309 taildiff:                    0
B:
          scale     1.000 
     Anatolia_N    -0.655 
            Ami     1.507 
           Mixe     0.866 
   Ganj_Dareh_N    -0.674 
           Onge     0.620 
     Villabruna    -0.486 
     DevilsGate     1.573 
A:
          scale   150.434 
         Mebrak    -0.090 
         Pathan    -1.411 

f4info: 
f4rank: 2 dof:      0 chisq:     0.000 tail:                    1 dofdiff:      6 chisqdiff:    37.929 taildiff:       1.16002601e-06
B:
          scale     1.000     1.000 
     Anatolia_N    -0.628     1.253 
            Ami     1.546     1.496 
           Mixe     0.877     0.553 
   Ganj_Dareh_N    -0.640     1.274 
           Onge     0.630     0.539 
     Villabruna    -0.490     0.021 
     DevilsGate     1.549    -0.986 
A:
          scale   150.098  3055.662 
         Mebrak    -0.106    -1.410 
         Pathan    -1.410     0.106 

## end of run
