/home/cliu7/utils/AdmixTools/bin/qpWave: parameter file: temp/param/qpAdm_Tibetan_Shigatse.Rhirhi.Han.parl_zeqve2
### THE INPUT PARAMETERS
##PARAMETER NAME: VALUE
DIR: data/intermediate
S1: HO_all_merged.qpAdm
indivname: data/intermediate/HO_all_merged.qpAdm.grouped.ind
snpname: data/intermediate/HO_all_merged.qpAdm.snp
genotypename: data/intermediate/HO_all_merged.qpAdm.geno
popleft: temp/param/left.l_zeqve2
popright: temp/param/right.l_zeqve2
details: YES
## qpWave version: 410
packed geno read OK
end of inpack

left pops:
Tibetan_Shigatse
Rhirhi
Han

right pops:
Mbuti
Anatolia_N
Ami
Mixe
Ganj_Dareh_N
Onge
Villabruna
DevilsGate

  0     Tibetan_Shigatse   10
  1               Rhirhi    4
  2                  Han   33
  3                Mbuti   10
  4           Anatolia_N   25
  5                  Ami   10
  6                 Mixe   10
  7         Ganj_Dareh_N    7
  8                 Onge   12
  9           Villabruna    1
 10           DevilsGate    4
jackknife block size:     0.050
snps: 498990  indivs: 126
number of blocks for block jackknife: 710
dof (jackknife):   583.467
numsnps used: 417180
f4info: 
f4rank: 0 dof:     14 chisq:  1327.011 tail:      8.33590028e-275 dofdiff:      0 chisqdiff:     0.000 taildiff:                    1

f4info: 
f4rank: 1 dof:      6 chisq:    23.387 tail:       0.000676640573 dofdiff:      8 chisqdiff:  1303.624 taildiff:      3.87225585e-276
B:
          scale     1.000 
     Anatolia_N    -0.037 
            Ami     2.395 
           Mixe     0.584 
   Ganj_Dareh_N     0.020 
           Onge     0.354 
     Villabruna    -0.193 
     DevilsGate     0.870 
A:
          scale   930.088 
         Rhirhi    -0.296 
            Han     1.383 

f4info: 
f4rank: 2 dof:      0 chisq:     0.000 tail:                    1 dofdiff:      6 chisqdiff:    23.387 taildiff:       0.000676640573
B:
          scale     1.000     1.000 
     Anatolia_N    -0.047     0.455 
            Ami     2.378    -0.747 
           Mixe     0.643     2.006 
   Ganj_Dareh_N     0.014     0.554 
           Onge     0.395     1.110 
     Villabruna    -0.244    -0.804 
     DevilsGate     0.845    -0.158 
A:
          scale   932.766  3866.619 
         Rhirhi    -0.526    -1.313 
            Han     1.313    -0.526 

## end of run
