/home/cliu7/utils/AdmixTools/bin/qpAdm: parameter file: temp/param/qpAdm_Tibetan_Yajiang.Kyang.Pulliyar.parvrz9lya1
### THE INPUT PARAMETERS
##PARAMETER NAME: VALUE
DIR: data/intermediate
S1: HO_all_merged.qpAdm
indivname: data/intermediate/HO_all_merged.qpAdm.grouped.ind
snpname: data/intermediate/HO_all_merged.qpAdm.snp
genotypename: data/intermediate/HO_all_merged.qpAdm.geno
popleft: temp/param/left.vrz9lya1
popright: temp/param/right.vrz9lya1
details: YES
## qpAdm version: 810
seed: 1186329771
packed geno read OK
end of inpack

left pops:
Tibetan_Yajiang
Kyang
Pulliyar

right pops:
Mbuti
Anatolia_N
Ami
Mixe
Ganj_Dareh_N
Onge
Villabruna
DevilsGate

  0      Tibetan_Yajiang   10
  1                Kyang    7
  2             Pulliyar   35
  3                Mbuti   10
  4           Anatolia_N   25
  5                  Ami   10
  6                 Mixe   10
  7         Ganj_Dareh_N    7
  8                 Onge   12
  9           Villabruna    1
 10           DevilsGate    4
jackknife block size:     0.050
snps: 498990  indivs: 131
number of blocks for block jackknife: 710
## ncols: 498990
coverage:      Tibetan_Yajiang 498036
coverage:                Kyang 498984
coverage:             Pulliyar 459213
coverage:                Mbuti 498990
coverage:           Anatolia_N 498137
coverage:                  Ami 498990
coverage:                 Mixe 498990
coverage:         Ganj_Dareh_N 457128
coverage:                 Onge 498990
coverage:           Villabruna 415230
coverage:           DevilsGate 498716
dof (jackknife):   584.899
numsnps used: 388941
codimension 1
f4info: 
f4rank: 1 dof:      6 chisq:    32.798 tail:        1.1469334e-05 dofdiff:      8 chisqdiff:   -32.798 taildiff:                    1
B:
          scale     1.000 
     Anatolia_N    -0.195 
            Ami     1.584 
           Mixe     1.143 
   Ganj_Dareh_N    -0.350 
           Onge     0.276 
     Villabruna    -0.087 
     DevilsGate     1.715 
A:
          scale   196.493 
          Kyang    -0.119 
       Pulliyar    -1.409 


full rank
f4info: 
f4rank: 2 dof:      0 chisq:     0.000 tail:                    1 dofdiff:      6 chisqdiff:    32.798 taildiff:        1.1469334e-05
B:
          scale     1.000     1.000 
     Anatolia_N    -0.199     0.330 
            Ami     1.585     1.760 
           Mixe     1.136     0.267 
   Ganj_Dareh_N    -0.357     1.231 
           Onge     0.276    -0.531 
     Villabruna    -0.093    -0.728 
     DevilsGate     1.717    -1.182 
A:
          scale   197.800  5038.302 
          Kyang    -0.109    -1.385 
       Pulliyar    -1.410    -0.286 


best coefficients:     1.092    -0.092 
Jackknife mean:      1.091645381    -0.091645381 
      std. errors:     0.013     0.013 

error covariance (* 1000000)
       180       -180 
      -180        180 


summ: Tibetan_Yajiang    2      0.000011     1.092    -0.092   180  -180   180 

    fixed pat  wt  dof     chisq       tail prob
           00  0     6    32.798     1.14693e-05     1.092    -0.092  infeasible
           01  1     7    86.948     5.23081e-16     1.000    -0.000 
           10  1     7  4502.047               0     0.000     1.000 
best pat:           00      1.14693e-05              -  -
best pat:           01      5.23081e-16  chi(nested):    54.151 p-value for nested model:     1.85705e-13

coeffs:     1.092    -0.092 

## dscore:: f_4(Base, Fit, Rbase, right2)
## genstat:: f_4(Base, Fit, right1, right2)

details:           Kyang      Anatolia_N    -0.000027   -0.177373
details:        Pulliyar      Anatolia_N     0.001382    6.581063
dscore:      Anatolia_N f4:    -0.000157 Z:    -0.947395

details:           Kyang             Ami    -0.001399   -7.447286
details:        Pulliyar             Ami    -0.011422  -46.393602
dscore:             Ami f4:    -0.000478 Z:    -2.379466

details:           Kyang            Mixe    -0.000768   -3.888578
details:        Pulliyar            Mixe    -0.008127  -32.214922
dscore:            Mixe f4:    -0.000092 Z:    -0.434633

details:           Kyang    Ganj_Dareh_N    -0.000212   -1.126292
details:        Pulliyar    Ganj_Dareh_N     0.002453   10.127556
dscore:    Ganj_Dareh_N f4:    -0.000457 Z:    -2.268993

details:           Kyang            Onge    -0.000077   -0.414672
details:        Pulliyar            Onge    -0.001961   -8.289713
dscore:            Onge f4:     0.000096 Z:     0.478637

details:           Kyang      Villabruna     0.000252    1.071404
details:        Pulliyar      Villabruna     0.000702    2.189576
dscore:      Villabruna f4:     0.000211 Z:     0.831381

details:           Kyang      DevilsGate    -0.000681   -3.116649
details:        Pulliyar      DevilsGate    -0.012210  -44.774037
dscore:      DevilsGate f4:     0.000378 Z:     1.608103

gendstat:                Mbuti           Anatolia_N    -0.947
gendstat:                Mbuti                  Ami    -2.379
gendstat:                Mbuti                 Mixe    -0.435
gendstat:                Mbuti         Ganj_Dareh_N    -2.269
gendstat:                Mbuti                 Onge     0.479
gendstat:                Mbuti           Villabruna     0.831
gendstat:                Mbuti           DevilsGate     1.608
gendstat:           Anatolia_N                  Ami    -1.730
gendstat:           Anatolia_N                 Mixe     0.348
gendstat:           Anatolia_N         Ganj_Dareh_N    -1.768
gendstat:           Anatolia_N                 Onge     1.386
gendstat:           Anatolia_N           Villabruna     1.675
gendstat:           Anatolia_N           DevilsGate     2.448
gendstat:                  Ami                 Mixe     2.188
gendstat:                  Ami         Ganj_Dareh_N     0.098
gendstat:                  Ami                 Onge     3.042
gendstat:                  Ami           Villabruna     2.540
gendstat:                  Ami           DevilsGate     4.417
gendstat:                 Mixe         Ganj_Dareh_N    -1.611
gendstat:                 Mixe                 Onge     0.897
gendstat:                 Mixe           Villabruna     1.145
gendstat:                 Mixe           DevilsGate     2.269
gendstat:         Ganj_Dareh_N                 Onge     2.503
gendstat:         Ganj_Dareh_N           Villabruna     2.536
gendstat:         Ganj_Dareh_N           DevilsGate     3.400
gendstat:                 Onge           Villabruna     0.430
gendstat:                 Onge           DevilsGate     1.207
gendstat:           Villabruna           DevilsGate     0.569

## end of run
