/home/cliu7/utils/AdmixTools/bin/qpWave: parameter file: temp/param/qpAdm_Tibetan_Lhasa.UpperMustang.LC.Pulliyar.parintuoy15
### THE INPUT PARAMETERS
##PARAMETER NAME: VALUE
DIR: data/intermediate
S1: HO_all_merged.qpAdm
indivname: data/intermediate/HO_all_merged.qpAdm.grouped.ind
snpname: data/intermediate/HO_all_merged.qpAdm.snp
genotypename: data/intermediate/HO_all_merged.qpAdm.geno
popleft: temp/param/left.intuoy15
popright: temp/param/right.intuoy15
details: YES
## qpWave version: 410
packed geno read OK
end of inpack

left pops:
Tibetan_Lhasa
UpperMustang.LC
Pulliyar

right pops:
Mbuti
Anatolia_N
Ami
Mixe
Ganj_Dareh_N
Onge
Villabruna
DevilsGate

  0        Tibetan_Lhasa    9
  1      UpperMustang.LC   11
  2             Pulliyar   35
  3                Mbuti   10
  4           Anatolia_N   25
  5                  Ami   10
  6                 Mixe   10
  7         Ganj_Dareh_N    7
  8                 Onge   12
  9           Villabruna    1
 10           DevilsGate    4
jackknife block size:     0.050
snps: 498990  indivs: 134
number of blocks for block jackknife: 710
dof (jackknife):   584.921
numsnps used: 389375
f4info: 
f4rank: 0 dof:     14 chisq:  4628.169 tail:                    0 dofdiff:      0 chisqdiff:     0.000 taildiff:                    1

f4info: 
f4rank: 1 dof:      6 chisq:    11.936 tail:         0.0634122674 dofdiff:      8 chisqdiff:  4616.233 taildiff:                    0
B:
          scale     1.000 
     Anatolia_N    -0.206 
            Ami     1.573 
           Mixe     1.135 
   Ganj_Dareh_N    -0.362 
           Onge     0.286 
     Villabruna    -0.074 
     DevilsGate     1.725 
A:
          scale   206.460 
UpperMustang.LC    -0.034 
       Pulliyar    -1.414 

f4info: 
f4rank: 2 dof:      0 chisq:     0.000 tail:                    1 dofdiff:      6 chisqdiff:    11.936 taildiff:         0.0634122674
B:
          scale     1.000     1.000 
     Anatolia_N    -0.187     1.083 
            Ami     1.579     0.288 
           Mixe     1.134     0.052 
   Ganj_Dareh_N    -0.326     2.006 
           Onge     0.305     1.003 
     Villabruna    -0.058     0.841 
     DevilsGate     1.727     0.049 
A:
          scale   204.844  5707.161 
UpperMustang.LC    -0.063    -1.413 
       Pulliyar    -1.413     0.063 

## end of run
