/home/cliu7/utils/AdmixTools/bin/qpAdm: parameter file: temp/param/qpAdm_Tibetan_Shigatse.UpperMustang.LC.Mala.paruzv0ve_6
### THE INPUT PARAMETERS
##PARAMETER NAME: VALUE
DIR: data/intermediate
S1: HO_all_merged.qpAdm
indivname: data/intermediate/HO_all_merged.qpAdm.grouped.ind
snpname: data/intermediate/HO_all_merged.qpAdm.snp
genotypename: data/intermediate/HO_all_merged.qpAdm.geno
popleft: temp/param/left.uzv0ve_6
popright: temp/param/right.uzv0ve_6
details: YES
## qpAdm version: 810
seed: -1084595077
packed geno read OK
end of inpack

left pops:
Tibetan_Shigatse
UpperMustang.LC
Mala

right pops:
Mbuti
Anatolia_N
Ami
Mixe
Ganj_Dareh_N
Onge
Villabruna
DevilsGate

  0     Tibetan_Shigatse   10
  1      UpperMustang.LC   11
  2                 Mala   11
  3                Mbuti   10
  4           Anatolia_N   25
  5                  Ami   10
  6                 Mixe   10
  7         Ganj_Dareh_N    7
  8                 Onge   12
  9           Villabruna    1
 10           DevilsGate    4
jackknife block size:     0.050
snps: 498990  indivs: 111
number of blocks for block jackknife: 710
## ncols: 498990
coverage:     Tibetan_Shigatse 498036
coverage:      UpperMustang.LC 498990
coverage:                 Mala 498990
coverage:                Mbuti 498990
coverage:           Anatolia_N 498137
coverage:                  Ami 498990
coverage:                 Mixe 498990
coverage:         Ganj_Dareh_N 457128
coverage:                 Onge 498990
coverage:           Villabruna 415230
coverage:           DevilsGate 498716
dof (jackknife):   583.335
numsnps used: 418171
codimension 1
f4info: 
f4rank: 1 dof:      6 chisq:     9.523 tail:          0.146239203 dofdiff:      8 chisqdiff:    -9.523 taildiff:                    1
B:
          scale     1.000 
     Anatolia_N    -0.313 
            Ami     1.560 
           Mixe     1.089 
   Ganj_Dareh_N    -0.476 
           Onge     0.367 
     Villabruna    -0.147 
     DevilsGate     1.703 
A:
          scale   202.974 
UpperMustang.LC    -0.031 
           Mala    -1.414 


full rank
f4info: 
f4rank: 2 dof:      0 chisq:     0.000 tail:                    1 dofdiff:      6 chisqdiff:     9.523 taildiff:          0.146239203
B:
          scale     1.000     1.000 
     Anatolia_N    -0.311     0.720 
            Ami     1.559    -1.127 
           Mixe     1.094     0.511 
   Ganj_Dareh_N    -0.470     1.872 
           Onge     0.371     0.712 
     Villabruna    -0.147    -0.455 
     DevilsGate     1.702    -0.857 
A:
          scale   201.537  7817.462 
UpperMustang.LC    -0.068    -1.392 
           Mala    -1.413    -0.251 


best coefficients:     1.022    -0.022 
Jackknife mean:      1.022226005    -0.022226005 
      std. errors:     0.009     0.009 

error covariance (* 1000000)
        81        -81 
       -81         81 


summ: Tibetan_Shigatse    2      0.146239     1.022    -0.022    81   -81    81 

    fixed pat  wt  dof     chisq       tail prob
           00  0     6     9.523        0.146239     1.022    -0.022  infeasible
           01  1     7    15.786       0.0271465     1.000    -0.000 
           10  1     7  4979.264               0     0.000     1.000 
best pat:           00         0.146239              -  -
best pat:           01        0.0271465  chi(nested):     6.263 p-value for nested model:       0.0123283

coeffs:     1.022    -0.022 

## dscore:: f_4(Base, Fit, Rbase, right2)
## genstat:: f_4(Base, Fit, right1, right2)

details: UpperMustang.LC      Anatolia_N    -0.000089   -0.743163
details:            Mala      Anatolia_N     0.002111   10.627334
dscore:      Anatolia_N f4:    -0.000138 Z:    -1.134602

details: UpperMustang.LC             Ami    -0.000400   -2.816170
details:            Mala             Ami    -0.010948  -48.229843
dscore:             Ami f4:    -0.000165 Z:    -1.145489

details: UpperMustang.LC            Mixe    -0.000499   -3.133248
details:            Mala            Mixe    -0.007732  -31.920233
dscore:            Mixe f4:    -0.000338 Z:    -2.093161

details: UpperMustang.LC    Ganj_Dareh_N    -0.000250   -1.697807
details:            Mala    Ganj_Dareh_N     0.003179   13.882943
dscore:    Ganj_Dareh_N f4:    -0.000326 Z:    -2.188220

details: UpperMustang.LC            Onge    -0.000295   -2.053139
details:            Mala            Onge    -0.002674  -11.689604
dscore:            Onge f4:    -0.000242 Z:    -1.666324

details: UpperMustang.LC      Villabruna     0.000066    0.352863
details:            Mala      Villabruna     0.000987    3.197037
dscore:      Villabruna f4:     0.000045 Z:     0.239290

details: UpperMustang.LC      DevilsGate    -0.000449   -2.698755
details:            Mala      DevilsGate    -0.011950  -45.016627
dscore:      DevilsGate f4:    -0.000193 Z:    -1.143525

gendstat:                Mbuti           Anatolia_N    -1.135
gendstat:                Mbuti                  Ami    -1.145
gendstat:                Mbuti                 Mixe    -2.093
gendstat:                Mbuti         Ganj_Dareh_N    -2.188
gendstat:                Mbuti                 Onge    -1.666
gendstat:                Mbuti           Villabruna     0.239
gendstat:                Mbuti           DevilsGate    -1.144
gendstat:           Anatolia_N                  Ami    -0.201
gendstat:           Anatolia_N                 Mixe    -1.337
gendstat:           Anatolia_N         Ganj_Dareh_N    -1.669
gendstat:           Anatolia_N                 Onge    -0.767
gendstat:           Anatolia_N           Villabruna     1.092
gendstat:           Anatolia_N           DevilsGate    -0.334
gendstat:                  Ami                 Mixe    -1.330
gendstat:                  Ami         Ganj_Dareh_N    -1.067
gendstat:                  Ami                 Onge    -0.581
gendstat:                  Ami           Villabruna     1.070
gendstat:                  Ami           DevilsGate    -0.209
gendstat:                 Mixe         Ganj_Dareh_N     0.071
gendstat:                 Mixe                 Onge     0.632
gendstat:                 Mixe           Villabruna     1.895
gendstat:                 Mixe           DevilsGate     0.968
gendstat:         Ganj_Dareh_N                 Onge     0.547
gendstat:         Ganj_Dareh_N           Villabruna     1.962
gendstat:         Ganj_Dareh_N           DevilsGate     0.746
gendstat:                 Onge           Villabruna     1.524
gendstat:                 Onge           DevilsGate     0.311
gendstat:           Villabruna           DevilsGate    -1.102

## end of run
