/home/cliu7/utils/AdmixTools/bin/qpWave: parameter file: temp/param/qpAdm_Tibetan_Shannan.Chokhopani.Pulliyar.par2c8usdnc
### THE INPUT PARAMETERS
##PARAMETER NAME: VALUE
DIR: data/intermediate
S1: HO_all_merged.qpAdm
indivname: data/intermediate/HO_all_merged.qpAdm.grouped.ind
snpname: data/intermediate/HO_all_merged.qpAdm.snp
genotypename: data/intermediate/HO_all_merged.qpAdm.geno
popleft: temp/param/left.2c8usdnc
popright: temp/param/right.2c8usdnc
details: YES
## qpWave version: 410
packed geno read OK
end of inpack

left pops:
Tibetan_Shannan
Chokhopani
Pulliyar

right pops:
Mbuti
Anatolia_N
Ami
Mixe
Ganj_Dareh_N
Onge
Villabruna
DevilsGate

  0      Tibetan_Shannan    9
  1           Chokhopani    2
  2             Pulliyar   35
  3                Mbuti   10
  4           Anatolia_N   25
  5                  Ami   10
  6                 Mixe   10
  7         Ganj_Dareh_N    7
  8                 Onge   12
  9           Villabruna    1
 10           DevilsGate    4
jackknife block size:     0.050
snps: 498990  indivs: 125
number of blocks for block jackknife: 710
dof (jackknife):   584.835
numsnps used: 389626
f4info: 
f4rank: 0 dof:     14 chisq:  4377.727 tail:                    0 dofdiff:      0 chisqdiff:     0.000 taildiff:                    1

f4info: 
f4rank: 1 dof:      6 chisq:    13.641 tail:         0.0339189905 dofdiff:      8 chisqdiff:  4364.086 taildiff:                    0
B:
          scale     1.000 
     Anatolia_N    -0.214 
            Ami     1.562 
           Mixe     1.128 
   Ganj_Dareh_N    -0.368 
           Onge     0.286 
     Villabruna    -0.105 
     DevilsGate     1.736 
A:
          scale   209.072 
     Chokhopani    -0.022 
       Pulliyar    -1.414 

f4info: 
f4rank: 2 dof:      0 chisq:     0.000 tail:                    1 dofdiff:      6 chisqdiff:    13.641 taildiff:         0.0339189905
B:
          scale     1.000     1.000 
     Anatolia_N    -0.205     1.004 
            Ami     1.561     0.161 
           Mixe     1.143     1.130 
   Ganj_Dareh_N    -0.356     1.224 
           Onge     0.280    -1.034 
     Villabruna    -0.101     1.431 
     DevilsGate     1.731    -0.271 
A:
          scale   208.342  4180.315 
     Chokhopani    -0.037    -1.414 
       Pulliyar    -1.414     0.037 

## end of run
