/home/cliu7/utils/AdmixTools/bin/qpWave: parameter file: temp/param/qpAdm_Tibetan_Shannan.Kyang.Southeast_China.parj18dv7hb
### THE INPUT PARAMETERS
##PARAMETER NAME: VALUE
DIR: data/intermediate
S1: HO_all_merged.qpAdm
indivname: data/intermediate/HO_all_merged.qpAdm.grouped.ind
snpname: data/intermediate/HO_all_merged.qpAdm.snp
genotypename: data/intermediate/HO_all_merged.qpAdm.geno
popleft: temp/param/left.j18dv7hb
popright: temp/param/right.j18dv7hb
details: YES
## qpWave version: 410
packed geno read OK
end of inpack

left pops:
Tibetan_Shannan
Kyang
Southeast_China

right pops:
Mbuti
Anatolia_N
Ami
Mixe
Ganj_Dareh_N
Onge
Villabruna
DevilsGate

  0      Tibetan_Shannan    9
  1                Kyang    7
  2      Southeast_China   97
  3                Mbuti   10
  4           Anatolia_N   25
  5                  Ami   10
  6                 Mixe   10
  7         Ganj_Dareh_N    7
  8                 Onge   12
  9           Villabruna    1
 10           DevilsGate    4
jackknife block size:     0.050
snps: 498990  indivs: 192
number of blocks for block jackknife: 710
dof (jackknife):   583.377
numsnps used: 418219
f4info: 
f4rank: 0 dof:     14 chisq:  1624.471 tail:                    0 dofdiff:      0 chisqdiff:     0.000 taildiff:                    1

f4info: 
f4rank: 1 dof:      6 chisq:    11.071 tail:         0.0861918662 dofdiff:      8 chisqdiff:  1613.400 taildiff:                    0
B:
          scale     1.000 
     Anatolia_N    -0.137 
            Ami     2.568 
           Mixe     0.297 
   Ganj_Dareh_N    -0.012 
           Onge     0.413 
     Villabruna    -0.265 
     DevilsGate     0.243 
A:
          scale   889.036 
          Kyang    -0.145 
Southeast_China     1.407 

f4info: 
f4rank: 2 dof:      0 chisq:     0.000 tail:                    1 dofdiff:      6 chisqdiff:    11.071 taildiff:         0.0861918662
B:
          scale     1.000     1.000 
     Anatolia_N    -0.149     0.328 
            Ami     2.575    -0.246 
           Mixe     0.242     1.808 
   Ganj_Dareh_N    -0.047     1.351 
           Onge     0.415    -0.295 
     Villabruna    -0.247    -0.992 
     DevilsGate     0.228     0.817 
A:
          scale   904.845  6969.174 
          Kyang    -0.222    -1.397 
Southeast_China     1.397    -0.222 

## end of run
