/home/cliu7/utils/AdmixTools/bin/qpWave: parameter file: temp/param/qpAdm_Tibetan_Nagqu.Mebrak.Mala.part0d0hxt2
### THE INPUT PARAMETERS
##PARAMETER NAME: VALUE
DIR: data/intermediate
S1: HO_all_merged.qpAdm
indivname: data/intermediate/HO_all_merged.qpAdm.grouped.ind
snpname: data/intermediate/HO_all_merged.qpAdm.snp
genotypename: data/intermediate/HO_all_merged.qpAdm.geno
popleft: temp/param/left.t0d0hxt2
popright: temp/param/right.t0d0hxt2
details: YES
## qpWave version: 410
packed geno read OK
end of inpack

left pops:
Tibetan_Nagqu
Mebrak
Mala

right pops:
Mbuti
Anatolia_N
Ami
Mixe
Ganj_Dareh_N
Onge
Villabruna
DevilsGate

  0        Tibetan_Nagqu    8
  1               Mebrak    8
  2                 Mala   11
  3                Mbuti   10
  4           Anatolia_N   25
  5                  Ami   10
  6                 Mixe   10
  7         Ganj_Dareh_N    7
  8                 Onge   12
  9           Villabruna    1
 10           DevilsGate    4
jackknife block size:     0.050
snps: 498990  indivs: 106
number of blocks for block jackknife: 710
dof (jackknife):   583.362
numsnps used: 418298
f4info: 
f4rank: 0 dof:     14 chisq:  4890.550 tail:                    0 dofdiff:      0 chisqdiff:     0.000 taildiff:                    1

f4info: 
f4rank: 1 dof:      6 chisq:    13.618 tail:         0.0342041917 dofdiff:      8 chisqdiff:  4876.932 taildiff:                    0
B:
          scale     1.000 
     Anatolia_N    -0.312 
            Ami     1.558 
           Mixe     1.074 
   Ganj_Dareh_N    -0.458 
           Onge     0.360 
     Villabruna    -0.129 
     DevilsGate     1.722 
A:
          scale   198.649 
         Mebrak    -0.072 
           Mala    -1.412 

f4info: 
f4rank: 2 dof:      0 chisq:     0.000 tail:                    1 dofdiff:      6 chisqdiff:    13.618 taildiff:         0.0342041917
B:
          scale     1.000     1.000 
     Anatolia_N    -0.296     1.155 
            Ami     1.566     0.727 
           Mixe     1.083     0.962 
   Ganj_Dareh_N    -0.446     0.835 
           Onge     0.379     1.460 
     Villabruna    -0.129     0.062 
     DevilsGate     1.711    -1.175 
A:
          scale   197.383  5639.859 
         Mebrak    -0.090    -1.411 
           Mala    -1.411     0.090 

## end of run
