/home/cliu7/utils/AdmixTools/bin/qpAdm: parameter file: temp/param/qpAdm_Tibetan_Yunnan.Samdzong.Han.parq3qkhvl_
### THE INPUT PARAMETERS
##PARAMETER NAME: VALUE
DIR: data/intermediate
S1: HO_all_merged.qpAdm
indivname: data/intermediate/HO_all_merged.qpAdm.grouped.ind
snpname: data/intermediate/HO_all_merged.qpAdm.snp
genotypename: data/intermediate/HO_all_merged.qpAdm.geno
popleft: temp/param/left.q3qkhvl_
popright: temp/param/right.q3qkhvl_
details: YES
## qpAdm version: 810
seed: -2011338117
packed geno read OK
end of inpack

left pops:
Tibetan_Yunnan
Samdzong
Han

right pops:
Mbuti
Anatolia_N
Ami
Mixe
Ganj_Dareh_N
Onge
Villabruna
DevilsGate

  0       Tibetan_Yunnan    4
  1             Samdzong    9
  2                  Han   33
  3                Mbuti   10
  4           Anatolia_N   25
  5                  Ami   10
  6                 Mixe   10
  7         Ganj_Dareh_N    7
  8                 Onge   12
  9           Villabruna    1
 10           DevilsGate    4
jackknife block size:     0.050
snps: 498990  indivs: 125
number of blocks for block jackknife: 710
## ncols: 498990
coverage:       Tibetan_Yunnan 498036
coverage:             Samdzong 498985
coverage:                  Han 498990
coverage:                Mbuti 498990
coverage:           Anatolia_N 498137
coverage:                  Ami 498990
coverage:                 Mixe 498990
coverage:         Ganj_Dareh_N 457128
coverage:                 Onge 498990
coverage:           Villabruna 415230
coverage:           DevilsGate 498716
dof (jackknife):   583.340
numsnps used: 421010
codimension 1
f4info: 
f4rank: 1 dof:      6 chisq:     7.434 tail:          0.282533166 dofdiff:      8 chisqdiff:    -7.434 taildiff:                    1
B:
          scale     1.000 
     Anatolia_N    -0.105 
            Ami     2.326 
           Mixe     0.713 
   Ganj_Dareh_N     0.036 
           Onge     0.399 
     Villabruna    -0.085 
     DevilsGate     0.950 
A:
          scale  1125.522 
       Samdzong    -0.827 
            Han     1.147 


full rank
f4info: 
f4rank: 2 dof:      0 chisq:     0.000 tail:                    1 dofdiff:      6 chisqdiff:     7.434 taildiff:          0.282533166
B:
          scale     1.000     1.000 
     Anatolia_N    -0.113    -0.116 
            Ami     2.324    -1.994 
           Mixe     0.718     0.795 
   Ganj_Dareh_N     0.050     1.277 
           Onge     0.400     0.657 
     Villabruna    -0.083    -0.383 
     DevilsGate     0.949     0.411 
A:
          scale  1112.802  5693.363 
       Samdzong    -1.038    -1.097 
            Han     0.960    -0.892 


best coefficients:     0.581     0.419 
Jackknife mean:      0.580501772     0.419498228 
      std. errors:     0.037     0.037 

error covariance (* 1000000)
      1353      -1353 
     -1353       1353 


summ: Tibetan_Yunnan    2      0.282533     0.581     0.419  1353 -1353  1353 

    fixed pat  wt  dof     chisq       tail prob
           00  0     6     7.434        0.282533     0.581     0.419 
           01  1     7    98.585     2.11384e-18     1.000     0.000 
           10  1     7   287.402               0     0.000     1.000 
best pat:           00         0.282533              -  -
best pat:           01      2.11384e-18  chi(nested):    91.150 p-value for nested model:     1.33152e-21

coeffs:     0.581     0.419 

## dscore:: f_4(Base, Fit, Rbase, right2)
## genstat:: f_4(Base, Fit, right1, right2)

details:        Samdzong      Anatolia_N     0.000117    0.615733
details:             Han      Anatolia_N    -0.000085   -0.559824
dscore:      Anatolia_N f4:     0.000032 Z:     0.199593

details:        Samdzong             Ami    -0.001792   -8.402836
details:             Han             Ami     0.002316   13.499343
dscore:             Ami f4:    -0.000071 Z:    -0.396811

details:        Samdzong            Mixe    -0.000829   -3.813515
details:             Han            Mixe     0.000495    2.720721
dscore:            Mixe f4:    -0.000275 Z:    -1.478214

details:        Samdzong    Ganj_Dareh_N    -0.000308   -1.408513
details:             Han    Ganj_Dareh_N    -0.000165   -0.940715
dscore:    Ganj_Dareh_N f4:    -0.000248 Z:    -1.344305

details:        Samdzong            Onge    -0.000508   -2.352794
details:             Han            Onge     0.000238    1.385047
dscore:            Onge f4:    -0.000196 Z:    -1.081509

details:        Samdzong      Villabruna     0.000149    0.512012
details:             Han      Villabruna    -0.000009   -0.039215
dscore:      Villabruna f4:     0.000083 Z:     0.340946

details:        Samdzong      DevilsGate    -0.000967   -3.930040
details:             Han      DevilsGate     0.000757    3.687780
dscore:      DevilsGate f4:    -0.000245 Z:    -1.170854

gendstat:                Mbuti           Anatolia_N     0.200
gendstat:                Mbuti                  Ami    -0.397
gendstat:                Mbuti                 Mixe    -1.478
gendstat:                Mbuti         Ganj_Dareh_N    -1.344
gendstat:                Mbuti                 Onge    -1.082
gendstat:                Mbuti           Villabruna     0.341
gendstat:                Mbuti           DevilsGate    -1.171
gendstat:           Anatolia_N                  Ami    -0.598
gendstat:           Anatolia_N                 Mixe    -1.672
gendstat:           Anatolia_N         Ganj_Dareh_N    -1.807
gendstat:           Anatolia_N                 Onge    -1.321
gendstat:           Anatolia_N           Villabruna     0.251
gendstat:           Anatolia_N           DevilsGate    -1.341
gendstat:                  Ami                 Mixe    -1.173
gendstat:                  Ami         Ganj_Dareh_N    -0.874
gendstat:                  Ami                 Onge    -0.700
gendstat:                  Ami           Villabruna     0.591
gendstat:                  Ami           DevilsGate    -0.962
gendstat:                 Mixe         Ganj_Dareh_N     0.126
gendstat:                 Mixe                 Onge     0.402
gendstat:                 Mixe           Villabruna     1.366
gendstat:                 Mixe           DevilsGate     0.149
gendstat:         Ganj_Dareh_N                 Onge     0.272
gendstat:         Ganj_Dareh_N           Villabruna     1.298
gendstat:         Ganj_Dareh_N           DevilsGate     0.011
gendstat:                 Onge           Villabruna     1.091
gendstat:                 Onge           DevilsGate    -0.226
gendstat:           Villabruna           DevilsGate    -1.163

## end of run
