/home/cliu7/utils/AdmixTools/bin/qpWave: parameter file: temp/param/qpAdm_Tibetan_Yunnan.Lubrak.Pathan.par24l6vg35
### THE INPUT PARAMETERS
##PARAMETER NAME: VALUE
DIR: data/intermediate
S1: HO_all_merged.qpAdm
indivname: data/intermediate/HO_all_merged.qpAdm.grouped.ind
snpname: data/intermediate/HO_all_merged.qpAdm.snp
genotypename: data/intermediate/HO_all_merged.qpAdm.geno
popleft: temp/param/left.24l6vg35
popright: temp/param/right.24l6vg35
details: YES
## qpWave version: 410
packed geno read OK
end of inpack

left pops:
Tibetan_Yunnan
Lubrak
Pathan

right pops:
Mbuti
Anatolia_N
Ami
Mixe
Ganj_Dareh_N
Onge
Villabruna
DevilsGate

  0       Tibetan_Yunnan    4
  1               Lubrak    2
  2               Pathan   18
  3                Mbuti   10
  4           Anatolia_N   25
  5                  Ami   10
  6                 Mixe   10
  7         Ganj_Dareh_N    7
  8                 Onge   12
  9           Villabruna    1
 10           DevilsGate    4
jackknife block size:     0.050
snps: 498990  indivs: 103
number of blocks for block jackknife: 710
dof (jackknife):   583.052
numsnps used: 305018
f4info: 
f4rank: 0 dof:     14 chisq:  6395.718 tail:                    0 dofdiff:      0 chisqdiff:     0.000 taildiff:                    1

f4info: 
f4rank: 1 dof:      6 chisq:    21.866 tail:        0.00128023172 dofdiff:      8 chisqdiff:  6373.852 taildiff:                    0
B:
          scale     1.000 
     Anatolia_N    -0.629 
            Ami     1.535 
           Mixe     0.874 
   Ganj_Dareh_N    -0.640 
           Onge     0.627 
     Villabruna    -0.465 
     DevilsGate     1.570 
A:
          scale   152.494 
         Lubrak    -0.067 
         Pathan    -1.413 

f4info: 
f4rank: 2 dof:      0 chisq:     0.000 tail:                    1 dofdiff:      6 chisqdiff:    21.866 taildiff:        0.00128023172
B:
          scale     1.000     1.000 
     Anatolia_N    -0.635    -0.081 
            Ami     1.547    -1.334 
           Mixe     0.871    -0.131 
   Ganj_Dareh_N    -0.647    -0.319 
           Onge     0.621     0.067 
     Villabruna    -0.494     1.493 
     DevilsGate     1.548     1.691 
A:
          scale   153.105  3221.655 
         Lubrak    -0.052     1.413 
         Pathan    -1.413    -0.052 

## end of run
