/home/cliu7/utils/AdmixTools/bin/qpAdm: parameter file: temp/param/qpAdm_Tibetan_Lhasa.Rhirhi.Pulliyar.parmie3x_b3
### THE INPUT PARAMETERS
##PARAMETER NAME: VALUE
DIR: data/intermediate
S1: HO_all_merged.qpAdm
indivname: data/intermediate/HO_all_merged.qpAdm.grouped.ind
snpname: data/intermediate/HO_all_merged.qpAdm.snp
genotypename: data/intermediate/HO_all_merged.qpAdm.geno
popleft: temp/param/left.mie3x_b3
popright: temp/param/right.mie3x_b3
details: YES
## qpAdm version: 810
seed: -1723918163
packed geno read OK
end of inpack

left pops:
Tibetan_Lhasa
Rhirhi
Pulliyar

right pops:
Mbuti
Anatolia_N
Ami
Mixe
Ganj_Dareh_N
Onge
Villabruna
DevilsGate

  0        Tibetan_Lhasa    9
  1               Rhirhi    4
  2             Pulliyar   35
  3                Mbuti   10
  4           Anatolia_N   25
  5                  Ami   10
  6                 Mixe   10
  7         Ganj_Dareh_N    7
  8                 Onge   12
  9           Villabruna    1
 10           DevilsGate    4
jackknife block size:     0.050
snps: 498990  indivs: 127
number of blocks for block jackknife: 710
## ncols: 498990
coverage:        Tibetan_Lhasa 498036
coverage:               Rhirhi 489694
coverage:             Pulliyar 459213
coverage:                Mbuti 498990
coverage:           Anatolia_N 498137
coverage:                  Ami 498990
coverage:                 Mixe 498990
coverage:         Ganj_Dareh_N 457128
coverage:                 Onge 498990
coverage:           Villabruna 415230
coverage:           DevilsGate 498716
dof (jackknife):   584.933
numsnps used: 387250
codimension 1
f4info: 
f4rank: 1 dof:      6 chisq:    22.070 tail:        0.00117604043 dofdiff:      8 chisqdiff:   -22.070 taildiff:                    1
B:
          scale     1.000 
     Anatolia_N    -0.201 
            Ami     1.572 
           Mixe     1.128 
   Ganj_Dareh_N    -0.347 
           Onge     0.289 
     Villabruna    -0.060 
     DevilsGate     1.735 
A:
          scale   205.356 
         Rhirhi    -0.089 
       Pulliyar    -1.411 


full rank
f4info: 
f4rank: 2 dof:      0 chisq:     0.000 tail:                    1 dofdiff:      6 chisqdiff:    22.070 taildiff:        0.00117604043
B:
          scale     1.000     1.000 
     Anatolia_N    -0.199     0.909 
            Ami     1.572     0.606 
           Mixe     1.129     0.288 
   Ganj_Dareh_N    -0.341     1.283 
           Onge     0.292     1.082 
     Villabruna    -0.061    -0.445 
     DevilsGate     1.735    -1.646 
A:
          scale   203.958  3663.431 
         Rhirhi    -0.128    -1.404 
       Pulliyar    -1.408    -0.168 


best coefficients:     1.067    -0.067 
Jackknife mean:      1.067167180    -0.067167180 
      std. errors:     0.017     0.017 

error covariance (* 1000000)
       285       -285 
      -285        285 


summ: Tibetan_Lhasa    2      0.001176     1.067    -0.067   285  -285   285 

    fixed pat  wt  dof     chisq       tail prob
           00  0     6    22.070      0.00117604     1.067    -0.067  infeasible
           01  1     7    40.039      1.2372e-06     1.000    -0.000 
           10  1     7  4256.916               0     0.000     1.000 
best pat:           00       0.00117604              -  -
best pat:           01       1.2372e-06  chi(nested):    17.969 p-value for nested model:     2.24495e-05

coeffs:     1.067    -0.067 

## dscore:: f_4(Base, Fit, Rbase, right2)
## genstat:: f_4(Base, Fit, right1, right2)

details:          Rhirhi      Anatolia_N    -0.000289   -1.473565
details:        Pulliyar      Anatolia_N     0.001303    6.070216
dscore:      Anatolia_N f4:    -0.000397 Z:    -1.916104

details:          Rhirhi             Ami    -0.001267   -5.616854
details:        Pulliyar             Ami    -0.010912  -43.989692
dscore:             Ami f4:    -0.000616 Z:    -2.587271

details:          Rhirhi            Mixe    -0.000909   -3.633627
details:        Pulliyar            Mixe    -0.007841  -30.622770
dscore:            Mixe f4:    -0.000442 Z:    -1.668654

details:          Rhirhi    Ganj_Dareh_N    -0.000394   -1.559801
details:        Pulliyar    Ganj_Dareh_N     0.002258    9.405538
dscore:    Ganj_Dareh_N f4:    -0.000572 Z:    -2.148082

details:          Rhirhi            Onge    -0.000679   -2.818633
details:        Pulliyar            Onge    -0.002103   -8.713147
dscore:            Onge f4:    -0.000583 Z:    -2.298942

details:          Rhirhi      Villabruna     0.000095    0.309824
details:        Pulliyar      Villabruna     0.000411    1.292199
dscore:      Villabruna f4:     0.000074 Z:     0.227609

details:          Rhirhi      DevilsGate    -0.000545   -1.948221
details:        Pulliyar      DevilsGate    -0.011942  -42.471282
dscore:      DevilsGate f4:     0.000223 Z:     0.754560

gendstat:                Mbuti           Anatolia_N    -1.916
gendstat:                Mbuti                  Ami    -2.587
gendstat:                Mbuti                 Mixe    -1.669
gendstat:                Mbuti         Ganj_Dareh_N    -2.148
gendstat:                Mbuti                 Onge    -2.299
gendstat:                Mbuti           Villabruna     0.228
gendstat:                Mbuti           DevilsGate     0.755
gendstat:           Anatolia_N                  Ami    -0.945
gendstat:           Anatolia_N                 Mixe    -0.190
gendstat:           Anatolia_N         Ganj_Dareh_N    -0.842
gendstat:           Anatolia_N                 Onge    -0.744
gendstat:           Anatolia_N           Villabruna     1.676
gendstat:           Anatolia_N           DevilsGate     2.168
gendstat:                  Ami                 Mixe     0.805
gendstat:                  Ami         Ganj_Dareh_N     0.164
gendstat:                  Ami                 Onge     0.135
gendstat:                  Ami           Villabruna     2.026
gendstat:                  Ami           DevilsGate     3.449
gendstat:                 Mixe         Ganj_Dareh_N    -0.473
gendstat:                 Mixe                 Onge    -0.529
gendstat:                 Mixe           Villabruna     1.508
gendstat:                 Mixe           DevilsGate     2.491
gendstat:         Ganj_Dareh_N                 Onge    -0.035
gendstat:         Ganj_Dareh_N           Villabruna     1.968
gendstat:         Ganj_Dareh_N           DevilsGate     2.448
gendstat:                 Onge           Villabruna     1.864
gendstat:                 Onge           DevilsGate     2.638
gendstat:           Villabruna           DevilsGate     0.391

## end of run
