/home/cliu7/utils/AdmixTools/bin/qpAdm: parameter file: temp/param/qpAdm_Tibetan_Shannan.Mebrak.Mala.parhdgskrjg
### THE INPUT PARAMETERS
##PARAMETER NAME: VALUE
DIR: data/intermediate
S1: HO_all_merged.qpAdm
indivname: data/intermediate/HO_all_merged.qpAdm.grouped.ind
snpname: data/intermediate/HO_all_merged.qpAdm.snp
genotypename: data/intermediate/HO_all_merged.qpAdm.geno
popleft: temp/param/left.hdgskrjg
popright: temp/param/right.hdgskrjg
details: YES
## qpAdm version: 810
seed: -26478791
packed geno read OK
end of inpack

left pops:
Tibetan_Shannan
Mebrak
Mala

right pops:
Mbuti
Anatolia_N
Ami
Mixe
Ganj_Dareh_N
Onge
Villabruna
DevilsGate

  0      Tibetan_Shannan    9
  1               Mebrak    8
  2                 Mala   11
  3                Mbuti   10
  4           Anatolia_N   25
  5                  Ami   10
  6                 Mixe   10
  7         Ganj_Dareh_N    7
  8                 Onge   12
  9           Villabruna    1
 10           DevilsGate    4
jackknife block size:     0.050
snps: 498990  indivs: 107
number of blocks for block jackknife: 710
## ncols: 498990
coverage:      Tibetan_Shannan 498036
coverage:               Mebrak 498978
coverage:                 Mala 498990
coverage:                Mbuti 498990
coverage:           Anatolia_N 498137
coverage:                  Ami 498990
coverage:                 Mixe 498990
coverage:         Ganj_Dareh_N 457128
coverage:                 Onge 498990
coverage:           Villabruna 415230
coverage:           DevilsGate 498716
dof (jackknife):   583.283
numsnps used: 418194
codimension 1
f4info: 
f4rank: 1 dof:      6 chisq:    16.361 tail:         0.0119404835 dofdiff:      8 chisqdiff:   -16.361 taildiff:                    1
B:
          scale     1.000 
     Anatolia_N    -0.314 
            Ami     1.557 
           Mixe     1.071 
   Ganj_Dareh_N    -0.471 
           Onge     0.352 
     Villabruna    -0.142 
     DevilsGate     1.721 
A:
          scale   204.823 
         Mebrak    -0.034 
           Mala    -1.414 


full rank
f4info: 
f4rank: 2 dof:      0 chisq:     0.000 tail:                    1 dofdiff:      6 chisqdiff:    16.361 taildiff:         0.0119404835
B:
          scale     1.000     1.000 
     Anatolia_N    -0.313     1.129 
            Ami     1.557     0.491 
           Mixe     1.072     0.910 
   Ganj_Dareh_N    -0.467     0.195 
           Onge     0.355     1.197 
     Villabruna    -0.145    -0.765 
     DevilsGate     1.722    -1.613 
A:
          scale   204.181  6502.133 
         Mebrak    -0.049    -1.380 
           Mala    -1.413    -0.310 


best coefficients:     1.025    -0.025 
Jackknife mean:      1.024758477    -0.024758477 
      std. errors:     0.012     0.012 

error covariance (* 1000000)
       148       -148 
      -148        148 


summ: Tibetan_Shannan    2      0.011940     1.025    -0.025   148  -148   148 

    fixed pat  wt  dof     chisq       tail prob
           00  0     6    16.361       0.0119405     1.025    -0.025  infeasible
           01  1     7    20.668      0.00429466     1.000    -0.000 
           10  1     7  4508.736               0     0.000     1.000 
best pat:           00        0.0119405              -  -
best pat:           01       0.00429466  chi(nested):     4.306 p-value for nested model:       0.0379735

coeffs:     1.025    -0.025 

## dscore:: f_4(Base, Fit, Rbase, right2)
## genstat:: f_4(Base, Fit, right1, right2)

details:          Mebrak      Anatolia_N    -0.000204   -1.273433
details:            Mala      Anatolia_N     0.002087   10.435460
dscore:      Anatolia_N f4:    -0.000261 Z:    -1.598776

details:          Mebrak             Ami    -0.000533   -2.873331
details:            Mala             Ami    -0.010825  -46.799613
dscore:             Ami f4:    -0.000277 Z:    -1.467542

details:          Mebrak            Mixe    -0.000505   -2.668986
details:            Mala            Mixe    -0.007499  -30.690596
dscore:            Mixe f4:    -0.000331 Z:    -1.715763

details:          Mebrak    Ganj_Dareh_N    -0.000031   -0.169122
details:            Mala    Ganj_Dareh_N     0.003176   13.984309
dscore:    Ganj_Dareh_N f4:    -0.000111 Z:    -0.587348

details:          Mebrak            Onge    -0.000395   -2.345897
details:            Mala            Onge    -0.002542  -11.230581
dscore:            Onge f4:    -0.000341 Z:    -1.994560

details:          Mebrak      Villabruna     0.000139    0.597830
details:            Mala      Villabruna     0.001021    3.348702
dscore:      Villabruna f4:     0.000117 Z:     0.494865

details:          Mebrak      DevilsGate    -0.000113   -0.519938
details:            Mala      DevilsGate    -0.011880  -45.201938
dscore:      DevilsGate f4:     0.000180 Z:     0.812927

gendstat:                Mbuti           Anatolia_N    -1.599
gendstat:                Mbuti                  Ami    -1.468
gendstat:                Mbuti                 Mixe    -1.716
gendstat:                Mbuti         Ganj_Dareh_N    -0.587
gendstat:                Mbuti                 Onge    -1.995
gendstat:                Mbuti           Villabruna     0.495
gendstat:                Mbuti           DevilsGate     0.813
gendstat:           Anatolia_N                  Ami    -0.088
gendstat:           Anatolia_N                 Mixe    -0.363
gendstat:           Anatolia_N         Ganj_Dareh_N     0.942
gendstat:           Anatolia_N                 Onge    -0.474
gendstat:           Anatolia_N           Villabruna     1.854
gendstat:           Anatolia_N           DevilsGate     1.994
gendstat:                  Ami                 Mixe    -0.302
gendstat:                  Ami         Ganj_Dareh_N     0.809
gendstat:                  Ami                 Onge    -0.367
gendstat:                  Ami           Villabruna     1.557
gendstat:                  Ami           DevilsGate     2.480
gendstat:                 Mixe         Ganj_Dareh_N     1.034
gendstat:                 Mixe                 Onge    -0.056
gendstat:                 Mixe           Villabruna     1.804
gendstat:                 Mixe           DevilsGate     2.481
gendstat:         Ganj_Dareh_N                 Onge    -1.173
gendstat:         Ganj_Dareh_N           Villabruna     0.931
gendstat:         Ganj_Dareh_N           DevilsGate     1.201
gendstat:                 Onge           Villabruna     1.915
gendstat:                 Onge           DevilsGate     2.441
gendstat:           Villabruna           DevilsGate     0.222

## end of run
