/home/cliu7/utils/AdmixTools/bin/qpWave: parameter file: temp/param/qpAdm_Tibetan_Shannan.Kyang.Mala.par3mzb2liu
### THE INPUT PARAMETERS
##PARAMETER NAME: VALUE
DIR: data/intermediate
S1: HO_all_merged.qpAdm
indivname: data/intermediate/HO_all_merged.qpAdm.grouped.ind
snpname: data/intermediate/HO_all_merged.qpAdm.snp
genotypename: data/intermediate/HO_all_merged.qpAdm.geno
popleft: temp/param/left.3mzb2liu
popright: temp/param/right.3mzb2liu
details: YES
## qpWave version: 410
packed geno read OK
end of inpack

left pops:
Tibetan_Shannan
Kyang
Mala

right pops:
Mbuti
Anatolia_N
Ami
Mixe
Ganj_Dareh_N
Onge
Villabruna
DevilsGate

  0      Tibetan_Shannan    9
  1                Kyang    7
  2                 Mala   11
  3                Mbuti   10
  4           Anatolia_N   25
  5                  Ami   10
  6                 Mixe   10
  7         Ganj_Dareh_N    7
  8                 Onge   12
  9           Villabruna    1
 10           DevilsGate    4
jackknife block size:     0.050
snps: 498990  indivs: 106
number of blocks for block jackknife: 710
dof (jackknife):   583.281
numsnps used: 418246
f4info: 
f4rank: 0 dof:     14 chisq:  4830.496 tail:                    0 dofdiff:      0 chisqdiff:     0.000 taildiff:                    1

f4info: 
f4rank: 1 dof:      6 chisq:    16.252 tail:         0.0124642359 dofdiff:      8 chisqdiff:  4814.244 taildiff:                    0
B:
          scale     1.000 
     Anatolia_N    -0.305 
            Ami     1.551 
           Mixe     1.082 
   Ganj_Dareh_N    -0.465 
           Onge     0.370 
     Villabruna    -0.141 
     DevilsGate     1.720 
A:
          scale   204.030 
          Kyang    -0.040 
           Mala    -1.414 

f4info: 
f4rank: 2 dof:      0 chisq:     0.000 tail:                    1 dofdiff:      6 chisqdiff:    16.252 taildiff:         0.0124642359
B:
          scale     1.000     1.000 
     Anatolia_N    -0.301     0.485 
            Ami     1.562     1.005 
           Mixe     1.082     0.786 
   Ganj_Dareh_N    -0.456     1.766 
           Onge     0.366    -0.215 
     Villabruna    -0.148    -1.075 
     DevilsGate     1.713    -0.905 
A:
          scale   203.880  6783.855 
          Kyang    -0.049    -1.413 
           Mala    -1.413     0.049 

## end of run
