/home/cliu7/utils/AdmixTools/bin/qpAdm: parameter file: temp/param/qpAdm_Tibetan_Nagqu.Chokhopani.Mala.par42e9mp7j
### THE INPUT PARAMETERS
##PARAMETER NAME: VALUE
DIR: data/intermediate
S1: HO_all_merged.qpAdm
indivname: data/intermediate/HO_all_merged.qpAdm.grouped.ind
snpname: data/intermediate/HO_all_merged.qpAdm.snp
genotypename: data/intermediate/HO_all_merged.qpAdm.geno
popleft: temp/param/left.42e9mp7j
popright: temp/param/right.42e9mp7j
details: YES
## qpAdm version: 810
seed: -626998930
packed geno read OK
end of inpack

left pops:
Tibetan_Nagqu
Chokhopani
Mala

right pops:
Mbuti
Anatolia_N
Ami
Mixe
Ganj_Dareh_N
Onge
Villabruna
DevilsGate

  0        Tibetan_Nagqu    8
  1           Chokhopani    2
  2                 Mala   11
  3                Mbuti   10
  4           Anatolia_N   25
  5                  Ami   10
  6                 Mixe   10
  7         Ganj_Dareh_N    7
  8                 Onge   12
  9           Villabruna    1
 10           DevilsGate    4
jackknife block size:     0.050
snps: 498990  indivs: 100
number of blocks for block jackknife: 710
## ncols: 498990
coverage:        Tibetan_Nagqu 498036
coverage:           Chokhopani 498917
coverage:                 Mala 498990
coverage:                Mbuti 498990
coverage:           Anatolia_N 498137
coverage:                  Ami 498990
coverage:                 Mixe 498990
coverage:         Ganj_Dareh_N 457128
coverage:                 Onge 498990
coverage:           Villabruna 415230
coverage:           DevilsGate 498716
dof (jackknife):   583.339
numsnps used: 418965
codimension 1
f4info: 
f4rank: 1 dof:      6 chisq:    14.962 tail:         0.0205578609 dofdiff:      8 chisqdiff:   -14.962 taildiff:                    1
B:
          scale     1.000 
     Anatolia_N    -0.312 
            Ami     1.561 
           Mixe     1.067 
   Ganj_Dareh_N    -0.464 
           Onge     0.383 
     Villabruna    -0.144 
     DevilsGate     1.716 
A:
          scale   198.714 
     Chokhopani    -0.053 
           Mala    -1.413 


full rank
f4info: 
f4rank: 2 dof:      0 chisq:     0.000 tail:                    1 dofdiff:      6 chisqdiff:    14.962 taildiff:         0.0205578609
B:
          scale     1.000     1.000 
     Anatolia_N    -0.312     0.596 
            Ami     1.561     0.117 
           Mixe     1.068     1.162 
   Ganj_Dareh_N    -0.462     1.009 
           Onge     0.383    -1.665 
     Villabruna    -0.148     1.152 
     DevilsGate     1.715    -0.403 
A:
          scale   198.574  4794.682 
     Chokhopani    -0.065    -1.384 
           Mala    -1.413    -0.290 


best coefficients:     1.039    -0.039 
Jackknife mean:      1.038506964    -0.038506964 
      std. errors:     0.016     0.016 

error covariance (* 1000000)
       270       -270 
      -270        270 


summ: Tibetan_Nagqu    2      0.020558     1.039    -0.039   270  -270   270 

    fixed pat  wt  dof     chisq       tail prob
           00  0     6    14.962       0.0205579     1.039    -0.039  infeasible
           01  1     7    20.844      0.00400786     1.000    -0.000 
           10  1     7  4557.795               0     0.000     1.000 
best pat:           00        0.0205579              -  -
best pat:           01       0.00400786  chi(nested):     5.883 p-value for nested model:       0.0152916

coeffs:     1.039    -0.039 

## dscore:: f_4(Base, Fit, Rbase, right2)
## genstat:: f_4(Base, Fit, right1, right2)

details:      Chokhopani      Anatolia_N    -0.000232   -1.065412
details:            Mala      Anatolia_N     0.002133   10.654563
dscore:      Anatolia_N f4:    -0.000324 Z:    -1.441659

details:      Chokhopani             Ami    -0.000672   -2.777448
details:            Mala             Ami    -0.011170  -47.481703
dscore:             Ami f4:    -0.000265 Z:    -1.063657

details:      Chokhopani            Mixe    -0.000809   -3.062256
details:            Mala            Mixe    -0.007717  -30.420017
dscore:            Mixe f4:    -0.000541 Z:    -1.984857

details:      Chokhopani    Ganj_Dareh_N    -0.000304   -1.175618
details:            Mala    Ganj_Dareh_N     0.003196   13.708398
dscore:    Ganj_Dareh_N f4:    -0.000440 Z:    -1.646447

details:      Chokhopani            Onge     0.000170    0.676725
details:            Mala            Onge    -0.002681  -11.731716
dscore:            Onge f4:     0.000280 Z:     1.083692

details:      Chokhopani      Villabruna    -0.000601   -1.803217
details:            Mala      Villabruna     0.000924    2.926265
dscore:      Villabruna f4:    -0.000660 Z:    -1.923322

details:      Chokhopani      DevilsGate    -0.000580   -1.993960
details:            Mala      DevilsGate    -0.012232  -47.157853
dscore:      DevilsGate f4:    -0.000129 Z:    -0.428695

gendstat:                Mbuti           Anatolia_N    -1.442
gendstat:                Mbuti                  Ami    -1.064
gendstat:                Mbuti                 Mixe    -1.985
gendstat:                Mbuti         Ganj_Dareh_N    -1.646
gendstat:                Mbuti                 Onge     1.084
gendstat:                Mbuti           Villabruna    -1.923
gendstat:                Mbuti           DevilsGate    -0.429
gendstat:           Anatolia_N                  Ami     0.242
gendstat:           Anatolia_N                 Mixe    -0.829
gendstat:           Anatolia_N         Ganj_Dareh_N    -0.538
gendstat:           Anatolia_N                 Onge     2.508
gendstat:           Anatolia_N           Villabruna    -1.110
gendstat:           Anatolia_N           DevilsGate     0.651
gendstat:                  Ami                 Mixe    -1.177
gendstat:                  Ami         Ganj_Dareh_N    -0.608
gendstat:                  Ami                 Onge     2.201
gendstat:                  Ami           Villabruna    -1.115
gendstat:                  Ami           DevilsGate     0.553
gendstat:                 Mixe         Ganj_Dareh_N     0.331
gendstat:                 Mixe                 Onge     2.915
gendstat:                 Mixe           Villabruna    -0.323
gendstat:                 Mixe           DevilsGate     1.464
gendstat:         Ganj_Dareh_N                 Onge     2.569
gendstat:         Ganj_Dareh_N           Villabruna    -0.632
gendstat:         Ganj_Dareh_N           DevilsGate     0.911
gendstat:                 Onge           Villabruna    -2.633
gendstat:                 Onge           DevilsGate    -1.300
gendstat:           Villabruna           DevilsGate     1.323

## end of run
