/home/cliu7/utils/AdmixTools/bin/qpAdm: parameter file: temp/param/qpAdm_Tibetan_Yunnan.Samdzong.Pulliyar.parix13vqdp
### THE INPUT PARAMETERS
##PARAMETER NAME: VALUE
DIR: data/intermediate
S1: HO_all_merged.qpAdm
indivname: data/intermediate/HO_all_merged.qpAdm.grouped.ind
snpname: data/intermediate/HO_all_merged.qpAdm.snp
genotypename: data/intermediate/HO_all_merged.qpAdm.geno
popleft: temp/param/left.ix13vqdp
popright: temp/param/right.ix13vqdp
details: YES
## qpAdm version: 810
seed: -1029244047
packed geno read OK
end of inpack

left pops:
Tibetan_Yunnan
Samdzong
Pulliyar

right pops:
Mbuti
Anatolia_N
Ami
Mixe
Ganj_Dareh_N
Onge
Villabruna
DevilsGate

  0       Tibetan_Yunnan    4
  1             Samdzong    9
  2             Pulliyar   35
  3                Mbuti   10
  4           Anatolia_N   25
  5                  Ami   10
  6                 Mixe   10
  7         Ganj_Dareh_N    7
  8                 Onge   12
  9           Villabruna    1
 10           DevilsGate    4
jackknife block size:     0.050
snps: 498990  indivs: 127
number of blocks for block jackknife: 710
## ncols: 498990
coverage:       Tibetan_Yunnan 498036
coverage:             Samdzong 498985
coverage:             Pulliyar 459213
coverage:                Mbuti 498990
coverage:           Anatolia_N 498137
coverage:                  Ami 498990
coverage:                 Mixe 498990
coverage:         Ganj_Dareh_N 457128
coverage:                 Onge 498990
coverage:           Villabruna 415230
coverage:           DevilsGate 498716
dof (jackknife):   584.906
numsnps used: 389902
codimension 1
f4info: 
f4rank: 1 dof:      6 chisq:    26.799 tail:       0.000157943975 dofdiff:      8 chisqdiff:   -26.799 taildiff:                    1
B:
          scale     1.000 
     Anatolia_N    -0.212 
            Ami     1.598 
           Mixe     1.117 
   Ganj_Dareh_N    -0.370 
           Onge     0.279 
     Villabruna    -0.143 
     DevilsGate     1.709 
A:
          scale   194.807 
       Samdzong    -0.154 
       Pulliyar    -1.406 


full rank
f4info: 
f4rank: 2 dof:      0 chisq:     0.000 tail:                    1 dofdiff:      6 chisqdiff:    26.799 taildiff:       0.000157943975
B:
          scale     1.000     1.000 
     Anatolia_N    -0.211    -0.239 
            Ami     1.598     1.906 
           Mixe     1.117    -0.152 
   Ganj_Dareh_N    -0.364     1.362 
           Onge     0.283     0.513 
     Villabruna    -0.131    -0.297 
     DevilsGate     1.710    -1.040 
A:
          scale   195.596  4126.573 
       Samdzong    -0.139    -1.284 
       Pulliyar    -1.407    -0.592 


best coefficients:     1.123    -0.123 
Jackknife mean:      1.123105932    -0.123105932 
      std. errors:     0.016     0.016 

error covariance (* 1000000)
       245       -245 
      -245        245 


summ: Tibetan_Yunnan    2      0.000158     1.123    -0.123   245  -245   245 

    fixed pat  wt  dof     chisq       tail prob
           00  0     6    26.799     0.000157944     1.123    -0.123  infeasible
           01  1     7    95.377     9.69201e-18     1.000    -0.000 
           10  1     7  3506.451               0     0.000     1.000 
best pat:           00      0.000157944              -  -
best pat:           01      9.69201e-18  chi(nested):    68.579 p-value for nested model:     1.21911e-16

coeffs:     1.123    -0.123 

## dscore:: f_4(Base, Fit, Rbase, right2)
## genstat:: f_4(Base, Fit, right1, right2)

details:        Samdzong      Anatolia_N     0.000095    0.485273
details:        Pulliyar      Anatolia_N     0.001461    6.020591
dscore:      Anatolia_N f4:    -0.000073 Z:    -0.354359

details:        Samdzong             Ami    -0.001824   -8.285014
details:        Pulliyar             Ami    -0.011848  -40.590983
dscore:             Ami f4:    -0.000588 Z:    -2.534599

details:        Samdzong            Mixe    -0.000863   -3.842088
details:        Pulliyar            Mixe    -0.008113  -27.143739
dscore:            Mixe f4:     0.000031 Z:     0.133736

details:        Samdzong    Ganj_Dareh_N    -0.000296   -1.323772
details:        Pulliyar    Ganj_Dareh_N     0.002340    8.497389
dscore:    Ganj_Dareh_N f4:    -0.000621 Z:    -2.621405

details:        Samdzong            Onge    -0.000498   -2.262970
details:        Pulliyar            Onge    -0.002212   -8.243564
dscore:            Onge f4:    -0.000287 Z:    -1.227225

details:        Samdzong      Villabruna     0.000117    0.388912
details:        Pulliyar      Villabruna     0.000911    2.501114
dscore:      Villabruna f4:     0.000019 Z:     0.058942

details:        Samdzong      DevilsGate    -0.000995   -3.932746
details:        Pulliyar      DevilsGate    -0.012246  -38.196224
dscore:      DevilsGate f4:     0.000392 Z:     1.463411

gendstat:                Mbuti           Anatolia_N    -0.354
gendstat:                Mbuti                  Ami    -2.535
gendstat:                Mbuti                 Mixe     0.134
gendstat:                Mbuti         Ganj_Dareh_N    -2.621
gendstat:                Mbuti                 Onge    -1.227
gendstat:                Mbuti           Villabruna     0.059
gendstat:                Mbuti           DevilsGate     1.463
gendstat:           Anatolia_N                  Ami    -2.269
gendstat:           Anatolia_N                 Mixe     0.447
gendstat:           Anatolia_N         Ganj_Dareh_N    -2.691
gendstat:           Anatolia_N                 Onge    -0.956
gendstat:           Anatolia_N           Villabruna     0.347
gendstat:           Anatolia_N           DevilsGate     1.735
gendstat:                  Ami                 Mixe     2.794
gendstat:                  Ami         Ganj_Dareh_N    -0.127
gendstat:                  Ami                 Onge     1.332
gendstat:                  Ami           Villabruna     1.801
gendstat:                  Ami           DevilsGate     4.169
gendstat:                 Mixe         Ganj_Dareh_N    -2.414
gendstat:                 Mixe                 Onge    -1.257
gendstat:                 Mixe           Villabruna    -0.038
gendstat:                 Mixe           DevilsGate     1.395
gendstat:         Ganj_Dareh_N                 Onge     1.335
gendstat:         Ganj_Dareh_N           Villabruna     1.920
gendstat:         Ganj_Dareh_N           DevilsGate     3.335
gendstat:                 Onge           Villabruna     0.935
gendstat:                 Onge           DevilsGate     2.456
gendstat:           Villabruna           DevilsGate     1.038

## end of run
