/home/cliu7/utils/AdmixTools/bin/qpAdm: parameter file: temp/param/qpAdm_Tibetan_Xinlong.Lubrak.Pathan.pars27ytjab
### THE INPUT PARAMETERS
##PARAMETER NAME: VALUE
DIR: data/intermediate
S1: HO_all_merged.qpAdm
indivname: data/intermediate/HO_all_merged.qpAdm.grouped.ind
snpname: data/intermediate/HO_all_merged.qpAdm.snp
genotypename: data/intermediate/HO_all_merged.qpAdm.geno
popleft: temp/param/left.s27ytjab
popright: temp/param/right.s27ytjab
details: YES
## qpAdm version: 810
seed: -486788338
packed geno read OK
end of inpack

left pops:
Tibetan_Xinlong
Lubrak
Pathan

right pops:
Mbuti
Anatolia_N
Ami
Mixe
Ganj_Dareh_N
Onge
Villabruna
DevilsGate

  0      Tibetan_Xinlong   10
  1               Lubrak    2
  2               Pathan   18
  3                Mbuti   10
  4           Anatolia_N   25
  5                  Ami   10
  6                 Mixe   10
  7         Ganj_Dareh_N    7
  8                 Onge   12
  9           Villabruna    1
 10           DevilsGate    4
jackknife block size:     0.050
snps: 498990  indivs: 109
number of blocks for block jackknife: 710
## ncols: 498990
coverage:      Tibetan_Xinlong 498036
coverage:               Lubrak 327444
coverage:               Pathan 498990
coverage:                Mbuti 498990
coverage:           Anatolia_N 498137
coverage:                  Ami 498990
coverage:                 Mixe 498990
coverage:         Ganj_Dareh_N 457128
coverage:                 Onge 498990
coverage:           Villabruna 415230
coverage:           DevilsGate 498716
dof (jackknife):   583.088
numsnps used: 304515
codimension 1
f4info: 
f4rank: 1 dof:      6 chisq:    36.674 tail:       2.03840723e-06 dofdiff:      8 chisqdiff:   -36.674 taildiff:                    1
B:
          scale     1.000 
     Anatolia_N    -0.611 
            Ami     1.568 
           Mixe     0.887 
   Ganj_Dareh_N    -0.651 
           Onge     0.624 
     Villabruna    -0.437 
     DevilsGate     1.542 
A:
          scale   147.864 
         Lubrak    -0.106 
         Pathan    -1.410 


full rank
f4info: 
f4rank: 2 dof:      0 chisq:     0.000 tail:                    1 dofdiff:      6 chisqdiff:    36.674 taildiff:       2.03840723e-06
B:
          scale     1.000     1.000 
     Anatolia_N    -0.618     0.167 
            Ami     1.563     2.136 
           Mixe     0.882     0.384 
   Ganj_Dareh_N    -0.658    -0.236 
           Onge     0.618    -0.151 
     Villabruna    -0.450    -0.629 
     DevilsGate     1.543    -1.337 
A:
          scale   148.837  2985.748 
         Lubrak    -0.066    -1.411 
         Pathan    -1.413    -0.091 


best coefficients:     1.081    -0.081 
Jackknife mean:      1.080820431    -0.080820431 
      std. errors:     0.013     0.013 

error covariance (* 1000000)
       167       -167 
      -167        167 


summ: Tibetan_Xinlong    2      0.000002     1.081    -0.081   167  -167   167 

    fixed pat  wt  dof     chisq       tail prob
           00  0     6    36.674     2.03841e-06     1.081    -0.081  infeasible
           01  1     7    81.466     6.91945e-15     1.000    -0.000 
           10  1     7  7542.509               0     0.000     1.000 
best pat:           00      2.03841e-06              -  -
best pat:           01      6.91945e-15  chi(nested):    44.792 p-value for nested model:     2.19145e-11

coeffs:     1.081    -0.081 

## dscore:: f_4(Base, Fit, Rbase, right2)
## genstat:: f_4(Base, Fit, right1, right2)

details:          Lubrak      Anatolia_N     0.000179    0.665792
details:          Pathan      Anatolia_N     0.005870   27.101668
dscore:      Anatolia_N f4:    -0.000283 Z:    -0.981888

details:          Lubrak             Ami    -0.001732   -5.841060
details:          Pathan             Ami    -0.014910  -60.812434
dscore:             Ami f4:    -0.000665 Z:    -2.072374

details:          Lubrak            Mixe    -0.000695   -2.196006
details:          Pathan            Mixe    -0.008397  -30.517948
dscore:            Mixe f4:    -0.000071 Z:    -0.209791

details:          Lubrak    Ganj_Dareh_N     0.000365    1.112407
details:          Pathan    Ganj_Dareh_N     0.006271   26.116199
dscore:    Ganj_Dareh_N f4:    -0.000113 Z:    -0.321053

details:          Lubrak            Onge    -0.000287   -0.925386
details:          Pathan            Onge    -0.005851  -24.689688
dscore:            Onge f4:     0.000164 Z:     0.490806

details:          Lubrak      Villabruna     0.000615    1.492173
details:          Pathan      Villabruna     0.004336   13.242256
dscore:      Villabruna f4:     0.000314 Z:     0.705670

details:          Lubrak      DevilsGate    -0.000055   -0.151980
details:          Pathan      DevilsGate    -0.014614  -51.996845
dscore:      DevilsGate f4:     0.001125 Z:     2.889770

gendstat:                Mbuti           Anatolia_N    -0.982
gendstat:                Mbuti                  Ami    -2.072
gendstat:                Mbuti                 Mixe    -0.210
gendstat:                Mbuti         Ganj_Dareh_N    -0.321
gendstat:                Mbuti                 Onge     0.491
gendstat:                Mbuti           Villabruna     0.706
gendstat:                Mbuti           DevilsGate     2.890
gendstat:           Anatolia_N                  Ami    -1.416
gendstat:           Anatolia_N                 Mixe     0.681
gendstat:           Anatolia_N         Ganj_Dareh_N     0.585
gendstat:           Anatolia_N                 Onge     1.523
gendstat:           Anatolia_N           Villabruna     1.595
gendstat:           Anatolia_N           DevilsGate     3.955
gendstat:                  Ami                 Mixe     2.182
gendstat:                  Ami         Ganj_Dareh_N     1.601
gendstat:                  Ami                 Onge     2.746
gendstat:                  Ami           Villabruna     2.241
gendstat:                  Ami           DevilsGate     5.543
gendstat:                 Mixe         Ganj_Dareh_N    -0.111
gendstat:                 Mixe                 Onge     0.693
gendstat:                 Mixe           Villabruna     0.837
gendstat:                 Mixe           DevilsGate     3.421
gendstat:         Ganj_Dareh_N                 Onge     0.744
gendstat:         Ganj_Dareh_N           Villabruna     0.937
gendstat:         Ganj_Dareh_N           DevilsGate     2.925
gendstat:                 Onge           Villabruna     0.340
gendstat:                 Onge           DevilsGate     2.462
gendstat:           Villabruna           DevilsGate     1.631

## end of run
