/home/cliu7/utils/AdmixTools/bin/qpWave: parameter file: temp/param/qpAdm_Tibetan_Xinlong.Kyang.Mala.par0wy_bxn1
### THE INPUT PARAMETERS
##PARAMETER NAME: VALUE
DIR: data/intermediate
S1: HO_all_merged.qpAdm
indivname: data/intermediate/HO_all_merged.qpAdm.grouped.ind
snpname: data/intermediate/HO_all_merged.qpAdm.snp
genotypename: data/intermediate/HO_all_merged.qpAdm.geno
popleft: temp/param/left.0wy_bxn1
popright: temp/param/right.0wy_bxn1
details: YES
## qpWave version: 410
packed geno read OK
end of inpack

left pops:
Tibetan_Xinlong
Kyang
Mala

right pops:
Mbuti
Anatolia_N
Ami
Mixe
Ganj_Dareh_N
Onge
Villabruna
DevilsGate

  0      Tibetan_Xinlong   10
  1                Kyang    7
  2                 Mala   11
  3                Mbuti   10
  4           Anatolia_N   25
  5                  Ami   10
  6                 Mixe   10
  7         Ganj_Dareh_N    7
  8                 Onge   12
  9           Villabruna    1
 10           DevilsGate    4
jackknife block size:     0.050
snps: 498990  indivs: 107
number of blocks for block jackknife: 710
dof (jackknife):   583.350
numsnps used: 417866
f4info: 
f4rank: 0 dof:     14 chisq:  5785.149 tail:                    0 dofdiff:      0 chisqdiff:     0.000 taildiff:                    1

f4info: 
f4rank: 1 dof:      6 chisq:    91.203 tail:       1.70382651e-17 dofdiff:      8 chisqdiff:  5693.946 taildiff:                    0
B:
          scale     1.000 
     Anatolia_N    -0.281 
            Ami     1.635 
           Mixe     1.073 
   Ganj_Dareh_N    -0.434 
           Onge     0.377 
     Villabruna    -0.129 
     DevilsGate     1.658 
A:
          scale   180.499 
          Kyang    -0.192 
           Mala    -1.401 

f4info: 
f4rank: 2 dof:      0 chisq:     0.000 tail:                    1 dofdiff:      6 chisqdiff:    91.203 taildiff:       1.70382651e-17
B:
          scale     1.000     1.000 
     Anatolia_N    -0.282     0.476 
            Ami     1.666     1.796 
           Mixe     1.056    -0.048 
   Ganj_Dareh_N    -0.428     1.168 
           Onge     0.377     0.038 
     Villabruna    -0.137    -0.314 
     DevilsGate     1.639    -1.443 
A:
          scale   182.100  3208.738 
          Kyang    -0.185    -1.402 
           Mala    -1.402     0.185 

## end of run
