/home/cliu7/utils/AdmixTools/bin/qpWave: parameter file: temp/param/qpAdm_Tibetan_Shannan.Kyang.Pulliyar.paruk19y9_f
### THE INPUT PARAMETERS
##PARAMETER NAME: VALUE
DIR: data/intermediate
S1: HO_all_merged.qpAdm
indivname: data/intermediate/HO_all_merged.qpAdm.grouped.ind
snpname: data/intermediate/HO_all_merged.qpAdm.snp
genotypename: data/intermediate/HO_all_merged.qpAdm.geno
popleft: temp/param/left.uk19y9_f
popright: temp/param/right.uk19y9_f
details: YES
## qpWave version: 410
packed geno read OK
end of inpack

left pops:
Tibetan_Shannan
Kyang
Pulliyar

right pops:
Mbuti
Anatolia_N
Ami
Mixe
Ganj_Dareh_N
Onge
Villabruna
DevilsGate

  0      Tibetan_Shannan    9
  1                Kyang    7
  2             Pulliyar   35
  3                Mbuti   10
  4           Anatolia_N   25
  5                  Ami   10
  6                 Mixe   10
  7         Ganj_Dareh_N    7
  8                 Onge   12
  9           Villabruna    1
 10           DevilsGate    4
jackknife block size:     0.050
snps: 498990  indivs: 130
number of blocks for block jackknife: 710
dof (jackknife):   584.823
numsnps used: 389287
f4info: 
f4rank: 0 dof:     14 chisq:  4505.043 tail:                    0 dofdiff:      0 chisqdiff:     0.000 taildiff:                    1

f4info: 
f4rank: 1 dof:      6 chisq:    13.320 tail:         0.0382250024 dofdiff:      8 chisqdiff:  4491.723 taildiff:                    0
B:
          scale     1.000 
     Anatolia_N    -0.212 
            Ami     1.554 
           Mixe     1.141 
   Ganj_Dareh_N    -0.367 
           Onge     0.286 
     Villabruna    -0.097 
     DevilsGate     1.735 
A:
          scale   208.315 
          Kyang    -0.048 
       Pulliyar    -1.413 

f4info: 
f4rank: 2 dof:      0 chisq:     0.000 tail:                    1 dofdiff:      6 chisqdiff:    13.320 taildiff:         0.0382250024
B:
          scale     1.000     1.000 
     Anatolia_N    -0.206     0.297 
            Ami     1.562     1.059 
           Mixe     1.142     0.621 
   Ganj_Dareh_N    -0.356     1.705 
           Onge     0.281    -0.224 
     Villabruna    -0.104    -1.191 
     DevilsGate     1.730    -1.015 
A:
          scale   208.109  7517.263 
          Kyang    -0.052    -1.413 
       Pulliyar    -1.413     0.052 

## end of run
