/home/cliu7/utils/AdmixTools/bin/qpAdm: parameter file: temp/param/qpAdm_Tibetan_Chamdo.UpperMustang.LC.Mala.parm_5ghgm3
### THE INPUT PARAMETERS
##PARAMETER NAME: VALUE
DIR: data/intermediate
S1: HO_all_merged.qpAdm
indivname: data/intermediate/HO_all_merged.qpAdm.grouped.ind
snpname: data/intermediate/HO_all_merged.qpAdm.snp
genotypename: data/intermediate/HO_all_merged.qpAdm.geno
popleft: temp/param/left.m_5ghgm3
popright: temp/param/right.m_5ghgm3
details: YES
## qpAdm version: 810
seed: 1377680616
packed geno read OK
end of inpack

left pops:
Tibetan_Chamdo
UpperMustang.LC
Mala

right pops:
Mbuti
Anatolia_N
Ami
Mixe
Ganj_Dareh_N
Onge
Villabruna
DevilsGate

  0       Tibetan_Chamdo   12
  1      UpperMustang.LC   11
  2                 Mala   11
  3                Mbuti   10
  4           Anatolia_N   25
  5                  Ami   10
  6                 Mixe   10
  7         Ganj_Dareh_N    7
  8                 Onge   12
  9           Villabruna    1
 10           DevilsGate    4
jackknife block size:     0.050
snps: 498990  indivs: 113
number of blocks for block jackknife: 710
## ncols: 498990
coverage:       Tibetan_Chamdo 498036
coverage:      UpperMustang.LC 498990
coverage:                 Mala 498990
coverage:                Mbuti 498990
coverage:           Anatolia_N 498137
coverage:                  Ami 498990
coverage:                 Mixe 498990
coverage:         Ganj_Dareh_N 457128
coverage:                 Onge 498990
coverage:           Villabruna 415230
coverage:           DevilsGate 498716
dof (jackknife):   583.404
numsnps used: 418031
codimension 1
f4info: 
f4rank: 1 dof:      6 chisq:     6.815 tail:          0.338275603 dofdiff:      8 chisqdiff:    -6.815 taildiff:                    1
B:
          scale     1.000 
     Anatolia_N    -0.311 
            Ami     1.557 
           Mixe     1.076 
   Ganj_Dareh_N    -0.478 
           Onge     0.354 
     Villabruna    -0.137 
     DevilsGate     1.717 
A:
          scale   196.297 
UpperMustang.LC    -0.075 
           Mala    -1.412 


full rank
f4info: 
f4rank: 2 dof:      0 chisq:     0.000 tail:                    1 dofdiff:      6 chisqdiff:     6.815 taildiff:          0.338275603
B:
          scale     1.000     1.000 
     Anatolia_N    -0.312     0.622 
            Ami     1.556    -1.470 
           Mixe     1.077    -0.138 
   Ganj_Dareh_N    -0.478     1.917 
           Onge     0.350    -0.294 
     Villabruna    -0.137    -0.410 
     DevilsGate     1.718     0.709 
A:
          scale   196.150 12565.484 
UpperMustang.LC    -0.092    -1.380 
           Mala    -1.411    -0.311 


best coefficients:     1.056    -0.056 
Jackknife mean:      1.055697601    -0.055697601 
      std. errors:     0.009     0.009 

error covariance (* 1000000)
        78        -78 
       -78         78 


summ: Tibetan_Chamdo    2      0.338276     1.056    -0.056    78   -78    78 

    fixed pat  wt  dof     chisq       tail prob
           00  0     6     6.815        0.338276     1.056    -0.056  infeasible
           01  1     7    49.566     1.75781e-08     1.000    -0.000 
           10  1     7  5081.771               0     0.000     1.000 
best pat:           00         0.338276              -  -
best pat:           01      1.75781e-08  chi(nested):    42.750 p-value for nested model:     6.21923e-11

coeffs:     1.056    -0.056 

## dscore:: f_4(Base, Fit, Rbase, right2)
## genstat:: f_4(Base, Fit, right1, right2)

details: UpperMustang.LC      Anatolia_N     0.000013    0.108163
details:            Mala      Anatolia_N     0.002214   11.293932
dscore:      Anatolia_N f4:    -0.000109 Z:    -0.853428

details: UpperMustang.LC             Ami    -0.000636   -4.560837
details:            Mala             Ami    -0.011187  -47.797202
dscore:             Ami f4:    -0.000047 Z:    -0.328709

details: UpperMustang.LC            Mixe    -0.000541   -3.518592
details:            Mala            Mixe    -0.007777  -31.175297
dscore:            Mixe f4:    -0.000138 Z:    -0.866916

details: UpperMustang.LC    Ganj_Dareh_N    -0.000062   -0.423339
details:            Mala    Ganj_Dareh_N     0.003368   14.810105
dscore:    Ganj_Dareh_N f4:    -0.000253 Z:    -1.673879

details: UpperMustang.LC            Onge    -0.000160   -1.103920
details:            Mala            Onge    -0.002540  -11.303723
dscore:            Onge f4:    -0.000027 Z:    -0.182123

details: UpperMustang.LC      Villabruna     0.000044    0.227206
details:            Mala      Villabruna     0.000965    3.103997
dscore:      Villabruna f4:    -0.000008 Z:    -0.039277

details: UpperMustang.LC      DevilsGate    -0.000917   -5.567498
details:            Mala      DevilsGate    -0.012422  -47.460356
dscore:      DevilsGate f4:    -0.000276 Z:    -1.609969

gendstat:                Mbuti           Anatolia_N    -0.853
gendstat:                Mbuti                  Ami    -0.329
gendstat:                Mbuti                 Mixe    -0.867
gendstat:                Mbuti         Ganj_Dareh_N    -1.674
gendstat:                Mbuti                 Onge    -0.182
gendstat:                Mbuti           Villabruna    -0.039
gendstat:                Mbuti           DevilsGate    -1.610
gendstat:           Anatolia_N                  Ami     0.446
gendstat:           Anatolia_N                 Mixe    -0.191
gendstat:           Anatolia_N         Ganj_Dareh_N    -1.221
gendstat:           Anatolia_N                 Onge     0.547
gendstat:           Anatolia_N           Villabruna     0.621
gendstat:           Anatolia_N           DevilsGate    -0.998
gendstat:                  Ami                 Mixe    -0.657
gendstat:                  Ami         Ganj_Dareh_N    -1.355
gendstat:                  Ami                 Onge     0.150
gendstat:                  Ami           Villabruna     0.197
gendstat:                  Ami           DevilsGate    -1.625
gendstat:                 Mixe         Ganj_Dareh_N    -0.725
gendstat:                 Mixe                 Onge     0.707
gendstat:                 Mixe           Villabruna     0.623
gendstat:                 Mixe           DevilsGate    -0.870
gendstat:         Ganj_Dareh_N                 Onge     1.398
gendstat:         Ganj_Dareh_N           Villabruna     1.306
gendstat:         Ganj_Dareh_N           DevilsGate    -0.126
gendstat:                 Onge           Villabruna     0.094
gendstat:                 Onge           DevilsGate    -1.489
gendstat:           Villabruna           DevilsGate    -1.222

## end of run
