/home/cliu7/utils/AdmixTools/bin/qpAdm: parameter file: temp/param/qpAdm_Tibetan_Chamdo.Lubrak.Pathan.pare0yfqdfq
### THE INPUT PARAMETERS
##PARAMETER NAME: VALUE
DIR: data/intermediate
S1: HO_all_merged.qpAdm
indivname: data/intermediate/HO_all_merged.qpAdm.grouped.ind
snpname: data/intermediate/HO_all_merged.qpAdm.snp
genotypename: data/intermediate/HO_all_merged.qpAdm.geno
popleft: temp/param/left.e0yfqdfq
popright: temp/param/right.e0yfqdfq
details: YES
## qpAdm version: 810
seed: 759103536
packed geno read OK
end of inpack

left pops:
Tibetan_Chamdo
Lubrak
Pathan

right pops:
Mbuti
Anatolia_N
Ami
Mixe
Ganj_Dareh_N
Onge
Villabruna
DevilsGate

  0       Tibetan_Chamdo   12
  1               Lubrak    2
  2               Pathan   18
  3                Mbuti   10
  4           Anatolia_N   25
  5                  Ami   10
  6                 Mixe   10
  7         Ganj_Dareh_N    7
  8                 Onge   12
  9           Villabruna    1
 10           DevilsGate    4
jackknife block size:     0.050
snps: 498990  indivs: 111
number of blocks for block jackknife: 710
## ncols: 498990
coverage:       Tibetan_Chamdo 498036
coverage:               Lubrak 327444
coverage:               Pathan 498990
coverage:                Mbuti 498990
coverage:           Anatolia_N 498137
coverage:                  Ami 498990
coverage:                 Mixe 498990
coverage:         Ganj_Dareh_N 457128
coverage:                 Onge 498990
coverage:           Villabruna 415230
coverage:           DevilsGate 498716
dof (jackknife):   583.117
numsnps used: 304519
codimension 1
f4info: 
f4rank: 1 dof:      6 chisq:     6.758 tail:          0.343826237 dofdiff:      8 chisqdiff:    -6.758 taildiff:                    1
B:
          scale     1.000 
     Anatolia_N    -0.660 
            Ami     1.477 
           Mixe     0.885 
   Ganj_Dareh_N    -0.693 
           Onge     0.605 
     Villabruna    -0.482 
     DevilsGate     1.588 
A:
          scale   156.756 
         Lubrak    -0.025 
         Pathan    -1.414 


full rank
f4info: 
f4rank: 2 dof:      0 chisq:     0.000 tail:                    1 dofdiff:      6 chisqdiff:     6.758 taildiff:          0.343826237
B:
          scale     1.000     1.000 
     Anatolia_N    -0.660    -1.043 
            Ami     1.477     0.311 
           Mixe     0.886    -1.318 
   Ganj_Dareh_N    -0.693     0.025 
           Onge     0.605     0.494 
     Villabruna    -0.482     0.896 
     DevilsGate     1.587     1.740 
A:
          scale   156.449  6854.116 
         Lubrak    -0.047     1.409 
         Pathan    -1.413     0.123 


best coefficients:     1.018    -0.018 
Jackknife mean:      1.018201728    -0.018201728 
      std. errors:     0.012     0.012 

error covariance (* 1000000)
       144       -144 
      -144        144 


summ: Tibetan_Chamdo    2      0.343826     1.018    -0.018   144  -144   144 

    fixed pat  wt  dof     chisq       tail prob
           00  0     6     6.758        0.343826     1.018    -0.018  infeasible
           01  1     7     9.126         0.24371     1.000    -0.000 
           10  1     7  7006.997               0     0.000     1.000 
best pat:           00         0.343826              -  -
best pat:           01          0.24371  chi(nested):     2.369 p-value for nested model:        0.123802

coeffs:     1.018    -0.018 

## dscore:: f_4(Base, Fit, Rbase, right2)
## genstat:: f_4(Base, Fit, right1, right2)

details:          Lubrak      Anatolia_N     0.000239    0.893442
details:          Pathan      Anatolia_N     0.005930   27.808837
dscore:      Anatolia_N f4:     0.000135 Z:     0.495328

details:          Lubrak             Ami    -0.000185   -0.622841
details:          Pathan             Ami    -0.013362  -53.200391
dscore:             Ami f4:     0.000057 Z:     0.187545

details:          Lubrak            Mixe    -0.000307   -0.946398
details:          Pathan            Mixe    -0.008009  -28.639461
dscore:            Mixe f4:    -0.000166 Z:    -0.503453

details:          Lubrak    Ganj_Dareh_N     0.000363    1.123836
details:          Pathan    Ganj_Dareh_N     0.006269   25.627857
dscore:    Ganj_Dareh_N f4:     0.000255 Z:     0.775192

details:          Lubrak            Onge     0.000075    0.245495
details:          Pathan            Onge    -0.005489  -22.475974
dscore:            Onge f4:     0.000177 Z:     0.571582

details:          Lubrak      Villabruna     0.000656    1.617778
details:          Pathan      Villabruna     0.004377   13.539184
dscore:      Villabruna f4:     0.000588 Z:     1.424215

details:          Lubrak      DevilsGate     0.000211    0.588190
details:          Pathan      DevilsGate    -0.014347  -50.465779
dscore:      DevilsGate f4:     0.000478 Z:     1.308288

gendstat:                Mbuti           Anatolia_N     0.495
gendstat:                Mbuti                  Ami     0.188
gendstat:                Mbuti                 Mixe    -0.503
gendstat:                Mbuti         Ganj_Dareh_N     0.775
gendstat:                Mbuti                 Onge     0.572
gendstat:                Mbuti           Villabruna     1.424
gendstat:                Mbuti           DevilsGate     1.308
gendstat:           Anatolia_N                  Ami    -0.312
gendstat:           Anatolia_N                 Mixe    -1.041
gendstat:           Anatolia_N         Ganj_Dareh_N     0.442
gendstat:           Anatolia_N                 Onge     0.154
gendstat:           Anatolia_N           Villabruna     1.315
gendstat:           Anatolia_N           DevilsGate     1.025
gendstat:                  Ami                 Mixe    -0.885
gendstat:                  Ami         Ganj_Dareh_N     0.614
gendstat:                  Ami                 Onge     0.437
gendstat:                  Ami           Villabruna     1.333
gendstat:                  Ami           DevilsGate     1.401
gendstat:                 Mixe         Ganj_Dareh_N     1.162
gendstat:                 Mixe                 Onge     1.067
gendstat:                 Mixe           Villabruna     1.823
gendstat:                 Mixe           DevilsGate     1.969
gendstat:         Ganj_Dareh_N                 Onge    -0.230
gendstat:         Ganj_Dareh_N           Villabruna     0.801
gendstat:         Ganj_Dareh_N           DevilsGate     0.566
gendstat:                 Onge           Villabruna     1.007
gendstat:                 Onge           DevilsGate     0.809
gendstat:           Villabruna           DevilsGate    -0.242

## end of run
