/home/cliu7/utils/AdmixTools/bin/qpWave: parameter file: temp/param/qpAdm_Tibetan_Yajiang.Lubrak.Pulliyar.pardjm7ro_l
### THE INPUT PARAMETERS
##PARAMETER NAME: VALUE
DIR: data/intermediate
S1: HO_all_merged.qpAdm
indivname: data/intermediate/HO_all_merged.qpAdm.grouped.ind
snpname: data/intermediate/HO_all_merged.qpAdm.snp
genotypename: data/intermediate/HO_all_merged.qpAdm.geno
popleft: temp/param/left.djm7ro_l
popright: temp/param/right.djm7ro_l
details: YES
## qpWave version: 410
packed geno read OK
end of inpack

left pops:
Tibetan_Yajiang
Lubrak
Pulliyar

right pops:
Mbuti
Anatolia_N
Ami
Mixe
Ganj_Dareh_N
Onge
Villabruna
DevilsGate

  0      Tibetan_Yajiang   10
  1               Lubrak    2
  2             Pulliyar   35
  3                Mbuti   10
  4           Anatolia_N   25
  5                  Ami   10
  6                 Mixe   10
  7         Ganj_Dareh_N    7
  8                 Onge   12
  9           Villabruna    1
 10           DevilsGate    4
jackknife block size:     0.050
snps: 498990  indivs: 126
number of blocks for block jackknife: 710
dof (jackknife):   583.473
numsnps used: 288335
f4info: 
f4rank: 0 dof:     14 chisq:  4327.992 tail:                    0 dofdiff:      0 chisqdiff:     0.000 taildiff:                    1

f4info: 
f4rank: 1 dof:      6 chisq:    13.957 tail:         0.0301180756 dofdiff:      8 chisqdiff:  4314.035 taildiff:                    0
B:
          scale     1.000 
     Anatolia_N    -0.182 
            Ami     1.593 
           Mixe     1.136 
   Ganj_Dareh_N    -0.330 
           Onge     0.273 
     Villabruna    -0.088 
     DevilsGate     1.718 
A:
          scale   201.478 
         Lubrak    -0.055 
       Pulliyar    -1.413 

f4info: 
f4rank: 2 dof:      0 chisq:     0.000 tail:                    1 dofdiff:      6 chisqdiff:    13.957 taildiff:         0.0301180756
B:
          scale     1.000     1.000 
     Anatolia_N    -0.189     0.278 
            Ami     1.597    -1.041 
           Mixe     1.133    -0.638 
   Ganj_Dareh_N    -0.340     0.408 
           Onge     0.271     0.182 
     Villabruna    -0.101     1.659 
     DevilsGate     1.712     1.574 
A:
          scale   202.263  3852.275 
         Lubrak    -0.025     1.414 
       Pulliyar    -1.414    -0.025 

## end of run
