/home/cliu7/utils/AdmixTools/bin/qpWave: parameter file: temp/param/qpAdm_Tibetan_Shigatse.Mebrak.Han.par79bbs89t
### THE INPUT PARAMETERS
##PARAMETER NAME: VALUE
DIR: data/intermediate
S1: HO_all_merged.qpAdm
indivname: data/intermediate/HO_all_merged.qpAdm.grouped.ind
snpname: data/intermediate/HO_all_merged.qpAdm.snp
genotypename: data/intermediate/HO_all_merged.qpAdm.geno
popleft: temp/param/left.79bbs89t
popright: temp/param/right.79bbs89t
details: YES
## qpWave version: 410
packed geno read OK
end of inpack

left pops:
Tibetan_Shigatse
Mebrak
Han

right pops:
Mbuti
Anatolia_N
Ami
Mixe
Ganj_Dareh_N
Onge
Villabruna
DevilsGate

  0     Tibetan_Shigatse   10
  1               Mebrak    8
  2                  Han   33
  3                Mbuti   10
  4           Anatolia_N   25
  5                  Ami   10
  6                 Mixe   10
  7         Ganj_Dareh_N    7
  8                 Onge   12
  9           Villabruna    1
 10           DevilsGate    4
jackknife block size:     0.050
snps: 498990  indivs: 130
number of blocks for block jackknife: 710
dof (jackknife):   583.388
numsnps used: 420227
f4info: 
f4rank: 0 dof:     14 chisq:  1352.197 tail:      3.16755566e-280 dofdiff:      0 chisqdiff:     0.000 taildiff:                    1

f4info: 
f4rank: 1 dof:      6 chisq:    23.104 tail:       0.000762289497 dofdiff:      8 chisqdiff:  1329.093 taildiff:       1.2093493e-281
B:
          scale     1.000 
     Anatolia_N    -0.046 
            Ami     2.404 
           Mixe     0.559 
   Ganj_Dareh_N    -0.023 
           Onge     0.383 
     Villabruna    -0.167 
     DevilsGate     0.854 
A:
          scale   955.380 
         Mebrak    -0.152 
            Han     1.406 

f4info: 
f4rank: 2 dof:      0 chisq:     0.000 tail:                    1 dofdiff:      6 chisqdiff:    23.104 taildiff:       0.000762289497
B:
          scale     1.000     1.000 
     Anatolia_N    -0.060     0.713 
            Ami     2.416    -0.526 
           Mixe     0.540     1.982 
   Ganj_Dareh_N    -0.035     0.143 
           Onge     0.353     1.454 
     Villabruna    -0.177    -0.164 
     DevilsGate     0.844    -0.350 
A:
          scale   978.204  4916.319 
         Mebrak    -0.324    -1.377 
            Han     1.377    -0.324 

## end of run
