/home/cliu7/utils/AdmixTools/bin/qpWave: parameter file: temp/param/qpAdm_Tibetan_Xinlong.Rhirhi.Pulliyar.parlcag0iyi
### THE INPUT PARAMETERS
##PARAMETER NAME: VALUE
DIR: data/intermediate
S1: HO_all_merged.qpAdm
indivname: data/intermediate/HO_all_merged.qpAdm.grouped.ind
snpname: data/intermediate/HO_all_merged.qpAdm.snp
genotypename: data/intermediate/HO_all_merged.qpAdm.geno
popleft: temp/param/left.lcag0iyi
popright: temp/param/right.lcag0iyi
details: YES
## qpWave version: 410
packed geno read OK
end of inpack

left pops:
Tibetan_Xinlong
Rhirhi
Pulliyar

right pops:
Mbuti
Anatolia_N
Ami
Mixe
Ganj_Dareh_N
Onge
Villabruna
DevilsGate

  0      Tibetan_Xinlong   10
  1               Rhirhi    4
  2             Pulliyar   35
  3                Mbuti   10
  4           Anatolia_N   25
  5                  Ami   10
  6                 Mixe   10
  7         Ganj_Dareh_N    7
  8                 Onge   12
  9           Villabruna    1
 10           DevilsGate    4
jackknife block size:     0.050
snps: 498990  indivs: 128
number of blocks for block jackknife: 710
dof (jackknife):   584.923
numsnps used: 386959
f4info: 
f4rank: 0 dof:     14 chisq:  5156.750 tail:                    0 dofdiff:      0 chisqdiff:     0.000 taildiff:                    1

f4info: 
f4rank: 1 dof:      6 chisq:    70.028 tail:       4.03580053e-13 dofdiff:      8 chisqdiff:  5086.722 taildiff:                    0
B:
          scale     1.000 
     Anatolia_N    -0.199 
            Ami     1.657 
           Mixe     1.115 
   Ganj_Dareh_N    -0.349 
           Onge     0.303 
     Villabruna    -0.092 
     DevilsGate     1.658 
A:
          scale   184.590 
         Rhirhi    -0.239 
       Pulliyar    -1.394 

f4info: 
f4rank: 2 dof:      0 chisq:     0.000 tail:                    1 dofdiff:      6 chisqdiff:    70.028 taildiff:       4.03580053e-13
B:
          scale     1.000     1.000 
     Anatolia_N    -0.186     0.652 
            Ami     1.675     1.482 
           Mixe     1.115     0.188 
   Ganj_Dareh_N    -0.325     0.932 
           Onge     0.315     0.891 
     Villabruna    -0.094    -0.442 
     DevilsGate     1.644    -1.576 
A:
          scale   183.529  2550.912 
         Rhirhi    -0.234    -1.395 
       Pulliyar    -1.395     0.234 

## end of run
