/home/cliu7/utils/AdmixTools/bin/qpWave: parameter file: temp/param/qpAdm_Tibetan_Shigatse.Samdzong.Pulliyar.parobkpsg5h
### THE INPUT PARAMETERS
##PARAMETER NAME: VALUE
DIR: data/intermediate
S1: HO_all_merged.qpAdm
indivname: data/intermediate/HO_all_merged.qpAdm.grouped.ind
snpname: data/intermediate/HO_all_merged.qpAdm.snp
genotypename: data/intermediate/HO_all_merged.qpAdm.geno
popleft: temp/param/left.obkpsg5h
popright: temp/param/right.obkpsg5h
details: YES
## qpWave version: 410
packed geno read OK
end of inpack

left pops:
Tibetan_Shigatse
Samdzong
Pulliyar

right pops:
Mbuti
Anatolia_N
Ami
Mixe
Ganj_Dareh_N
Onge
Villabruna
DevilsGate

  0     Tibetan_Shigatse   10
  1             Samdzong    9
  2             Pulliyar   35
  3                Mbuti   10
  4           Anatolia_N   25
  5                  Ami   10
  6                 Mixe   10
  7         Ganj_Dareh_N    7
  8                 Onge   12
  9           Villabruna    1
 10           DevilsGate    4
jackknife block size:     0.050
snps: 498990  indivs: 133
number of blocks for block jackknife: 710
dof (jackknife):   584.858
numsnps used: 389125
f4info: 
f4rank: 0 dof:     14 chisq:  4553.351 tail:                    0 dofdiff:      0 chisqdiff:     0.000 taildiff:                    1

f4info: 
f4rank: 1 dof:      6 chisq:    12.450 tail:         0.0526509928 dofdiff:      8 chisqdiff:  4540.902 taildiff:                    0
B:
          scale     1.000 
     Anatolia_N    -0.210 
            Ami     1.557 
           Mixe     1.151 
   Ganj_Dareh_N    -0.360 
           Onge     0.283 
     Villabruna    -0.109 
     DevilsGate     1.727 
A:
          scale   206.261 
       Samdzong    -0.070 
       Pulliyar    -1.412 

f4info: 
f4rank: 2 dof:      0 chisq:     0.000 tail:                    1 dofdiff:      6 chisqdiff:    12.450 taildiff:         0.0526509928
B:
          scale     1.000     1.000 
     Anatolia_N    -0.204     0.213 
            Ami     1.560     0.202 
           Mixe     1.166     1.192 
   Ganj_Dareh_N    -0.344     1.807 
           Onge     0.301     0.989 
     Villabruna    -0.093     0.845 
     DevilsGate     1.717    -0.732 
A:
          scale   205.003  6527.022 
       Samdzong    -0.086    -1.412 
       Pulliyar    -1.412     0.086 

## end of run
