/home/cliu7/utils/AdmixTools/bin/qpAdm: parameter file: temp/param/qpAdm_Tibetan_Yajiang.Sherpa.LC.Han.parqeh2t55_
### THE INPUT PARAMETERS
##PARAMETER NAME: VALUE
DIR: data/intermediate
S1: HO_all_merged.qpAdm
indivname: data/intermediate/HO_all_merged.qpAdm.grouped.ind
snpname: data/intermediate/HO_all_merged.qpAdm.snp
genotypename: data/intermediate/HO_all_merged.qpAdm.geno
popleft: temp/param/left.qeh2t55_
popright: temp/param/right.qeh2t55_
details: YES
## qpAdm version: 810
seed: -972549144
packed geno read OK
end of inpack

left pops:
Tibetan_Yajiang
Sherpa.LC
Han

right pops:
Mbuti
Anatolia_N
Ami
Mixe
Ganj_Dareh_N
Onge
Villabruna
DevilsGate

  0      Tibetan_Yajiang   10
  1            Sherpa.LC    9
  2                  Han   33
  3                Mbuti   10
  4           Anatolia_N   25
  5                  Ami   10
  6                 Mixe   10
  7         Ganj_Dareh_N    7
  8                 Onge   12
  9           Villabruna    1
 10           DevilsGate    4
jackknife block size:     0.050
snps: 498990  indivs: 131
number of blocks for block jackknife: 710
## ncols: 498990
coverage:      Tibetan_Yajiang 498036
coverage:            Sherpa.LC 498990
coverage:                  Han 498990
coverage:                Mbuti 498990
coverage:           Anatolia_N 498137
coverage:                  Ami 498990
coverage:                 Mixe 498990
coverage:         Ganj_Dareh_N 457128
coverage:                 Onge 498990
coverage:           Villabruna 415230
coverage:           DevilsGate 498716
dof (jackknife):   583.452
numsnps used: 420186
codimension 1
f4info: 
f4rank: 1 dof:      6 chisq:     4.385 tail:          0.624774408 dofdiff:      8 chisqdiff:    -4.385 taildiff:                    1
B:
          scale     1.000 
     Anatolia_N    -0.098 
            Ami     2.440 
           Mixe     0.520 
   Ganj_Dareh_N    -0.015 
           Onge     0.401 
     Villabruna    -0.186 
     DevilsGate     0.755 
A:
          scale  1169.132 
      Sherpa.LC    -0.453 
            Han     1.340 


full rank
f4info: 
f4rank: 2 dof:      0 chisq:     0.000 tail:                    1 dofdiff:      6 chisqdiff:     4.385 taildiff:          0.624774408
B:
          scale     1.000     1.000 
     Anatolia_N    -0.096    -1.138 
            Ami     2.438     1.097 
           Mixe     0.524    -1.619 
   Ganj_Dareh_N    -0.021     0.481 
           Onge     0.402     1.182 
     Villabruna    -0.186     0.457 
     DevilsGate     0.760     0.209 
A:
          scale  1175.182 14137.422 
      Sherpa.LC    -0.526     1.270 
            Han     1.313     0.621 


best coefficients:     0.747     0.253 
Jackknife mean:      0.746680137     0.253319863 
      std. errors:     0.029     0.029 

error covariance (* 1000000)
       812       -812 
      -812        812 


summ: Tibetan_Yajiang    2      0.624774     0.747     0.253   812  -812   812 

    fixed pat  wt  dof     chisq       tail prob
           00  0     6     4.385        0.624774     0.747     0.253 
           01  1     7    58.831     2.58306e-10     1.000     0.000 
           10  1     7   842.747               0     0.000     1.000 
best pat:           00         0.624774              -  -
best pat:           01      2.58306e-10  chi(nested):    54.446 p-value for nested model:     1.59779e-13

coeffs:     0.747     0.253 

## dscore:: f_4(Base, Fit, Rbase, right2)
## genstat:: f_4(Base, Fit, right1, right2)

details:       Sherpa.LC      Anatolia_N    -0.000043   -0.295662
details:             Han      Anatolia_N    -0.000150   -1.534150
dscore:      Anatolia_N f4:    -0.000070 Z:    -0.580146

details:       Sherpa.LC             Ami    -0.000984   -5.958037
details:             Han             Ami     0.002779   23.626496
dscore:             Ami f4:    -0.000033 Z:    -0.237681

details:       Sherpa.LC            Mixe    -0.000376   -2.066479
details:             Han            Mixe     0.000519    4.133986
dscore:            Mixe f4:    -0.000150 Z:    -0.994104

details:       Sherpa.LC    Ganj_Dareh_N     0.000062    0.366497
details:             Han    Ganj_Dareh_N     0.000001    0.012686
dscore:    Ganj_Dareh_N f4:     0.000046 Z:     0.331631

details:       Sherpa.LC            Onge    -0.000059   -0.354691
details:             Han            Onge     0.000509    4.564368
dscore:            Onge f4:     0.000085 Z:     0.623521

details:       Sherpa.LC      Villabruna     0.000134    0.601011
details:             Han      Villabruna    -0.000182   -1.142083
dscore:      Villabruna f4:     0.000054 Z:     0.289633

details:       Sherpa.LC      DevilsGate    -0.000310   -1.619391
details:             Han      DevilsGate     0.000869    6.312850
dscore:      DevilsGate f4:    -0.000012 Z:    -0.077103

gendstat:                Mbuti           Anatolia_N    -0.580
gendstat:                Mbuti                  Ami    -0.238
gendstat:                Mbuti                 Mixe    -0.994
gendstat:                Mbuti         Ganj_Dareh_N     0.332
gendstat:                Mbuti                 Onge     0.624
gendstat:                Mbuti           Villabruna     0.290
gendstat:                Mbuti           DevilsGate    -0.077
gendstat:           Anatolia_N                  Ami     0.292
gendstat:           Anatolia_N                 Mixe    -0.596
gendstat:           Anatolia_N         Ganj_Dareh_N     0.981
gendstat:           Anatolia_N                 Onge     1.239
gendstat:           Anatolia_N           Villabruna     0.807
gendstat:           Anatolia_N           DevilsGate     0.381
gendstat:                  Ami                 Mixe    -0.924
gendstat:                  Ami         Ganj_Dareh_N     0.530
gendstat:                  Ami                 Onge     0.904
gendstat:                  Ami           Villabruna     0.448
gendstat:                  Ami           DevilsGate     0.160
gendstat:                 Mixe         Ganj_Dareh_N     1.293
gendstat:                 Mixe                 Onge     1.631
gendstat:                 Mixe           Villabruna     1.074
gendstat:                 Mixe           DevilsGate     0.946
gendstat:         Ganj_Dareh_N                 Onge     0.274
gendstat:         Ganj_Dareh_N           Villabruna     0.042
gendstat:         Ganj_Dareh_N           DevilsGate    -0.337
gendstat:                 Onge           Villabruna    -0.159
gendstat:                 Onge           DevilsGate    -0.630
gendstat:           Villabruna           DevilsGate    -0.316

## end of run
