/home/cliu7/utils/AdmixTools/bin/qpWave: parameter file: temp/param/qpAdm_Tibetan_Lhasa.Rhirhi.Southeast_China.par64r0saem
### THE INPUT PARAMETERS
##PARAMETER NAME: VALUE
DIR: data/intermediate
S1: HO_all_merged.qpAdm
indivname: data/intermediate/HO_all_merged.qpAdm.grouped.ind
snpname: data/intermediate/HO_all_merged.qpAdm.snp
genotypename: data/intermediate/HO_all_merged.qpAdm.geno
popleft: temp/param/left.64r0saem
popright: temp/param/right.64r0saem
details: YES
## qpWave version: 410
packed geno read OK
end of inpack

left pops:
Tibetan_Lhasa
Rhirhi
Southeast_China

right pops:
Mbuti
Anatolia_N
Ami
Mixe
Ganj_Dareh_N
Onge
Villabruna
DevilsGate

  0        Tibetan_Lhasa    9
  1               Rhirhi    4
  2      Southeast_China   97
  3                Mbuti   10
  4           Anatolia_N   25
  5                  Ami   10
  6                 Mixe   10
  7         Ganj_Dareh_N    7
  8                 Onge   12
  9           Villabruna    1
 10           DevilsGate    4
jackknife block size:     0.050
snps: 498990  indivs: 189
number of blocks for block jackknife: 710
dof (jackknife):   583.565
numsnps used: 415275
f4info: 
f4rank: 0 dof:     14 chisq:  1543.361 tail:      2.15906687e-321 dofdiff:      0 chisqdiff:     0.000 taildiff:                    1

f4info: 
f4rank: 1 dof:      6 chisq:    13.182 tail:         0.0402369741 dofdiff:      8 chisqdiff:  1530.179 taildiff:                    0
B:
          scale     1.000 
     Anatolia_N    -0.152 
            Ami     2.550 
           Mixe     0.313 
   Ganj_Dareh_N    -0.099 
           Onge     0.409 
     Villabruna    -0.413 
     DevilsGate     0.176 
A:
          scale   919.861 
         Rhirhi    -0.303 
Southeast_China     1.381 

f4info: 
f4rank: 2 dof:      0 chisq:     0.000 tail:                    1 dofdiff:      6 chisqdiff:    13.182 taildiff:         0.0402369741
B:
          scale     1.000     1.000 
     Anatolia_N    -0.140     0.796 
            Ami     2.538    -0.416 
           Mixe     0.353     1.745 
   Ganj_Dareh_N    -0.072     0.942 
           Onge     0.435     1.042 
     Villabruna    -0.416     0.148 
     DevilsGate     0.210     1.076 
A:
          scale   914.833  3330.330 
         Rhirhi    -0.507    -1.320 
Southeast_China     1.320    -0.507 

## end of run
