/home/cliu7/utils/AdmixTools/bin/qpWave: parameter file: temp/param/qpAdm_Tibetan_Chamdo.Rhirhi.Mala.parl8oo16gw
### THE INPUT PARAMETERS
##PARAMETER NAME: VALUE
DIR: data/intermediate
S1: HO_all_merged.qpAdm
indivname: data/intermediate/HO_all_merged.qpAdm.grouped.ind
snpname: data/intermediate/HO_all_merged.qpAdm.snp
genotypename: data/intermediate/HO_all_merged.qpAdm.geno
popleft: temp/param/left.l8oo16gw
popright: temp/param/right.l8oo16gw
details: YES
## qpWave version: 410
packed geno read OK
end of inpack

left pops:
Tibetan_Chamdo
Rhirhi
Mala

right pops:
Mbuti
Anatolia_N
Ami
Mixe
Ganj_Dareh_N
Onge
Villabruna
DevilsGate

  0       Tibetan_Chamdo   12
  1               Rhirhi    4
  2                 Mala   11
  3                Mbuti   10
  4           Anatolia_N   25
  5                  Ami   10
  6                 Mixe   10
  7         Ganj_Dareh_N    7
  8                 Onge   12
  9           Villabruna    1
 10           DevilsGate    4
jackknife block size:     0.050
snps: 498990  indivs: 106
number of blocks for block jackknife: 710
dof (jackknife):   583.432
numsnps used: 414988
f4info: 
f4rank: 0 dof:     14 chisq:  5210.447 tail:                    0 dofdiff:      0 chisqdiff:     0.000 taildiff:                    1

f4info: 
f4rank: 1 dof:      6 chisq:    13.884 tail:         0.0309599149 dofdiff:      8 chisqdiff:  5196.563 taildiff:                    0
B:
          scale     1.000 
     Anatolia_N    -0.307 
            Ami     1.550 
           Mixe     1.076 
   Ganj_Dareh_N    -0.470 
           Onge     0.350 
     Villabruna    -0.120 
     DevilsGate     1.728 
A:
          scale   194.399 
         Rhirhi    -0.122 
           Mala    -1.409 

f4info: 
f4rank: 2 dof:      0 chisq:     0.000 tail:                    1 dofdiff:      6 chisqdiff:    13.884 taildiff:         0.0309599149
B:
          scale     1.000     1.000 
     Anatolia_N    -0.303     0.879 
            Ami     1.555     0.761 
           Mixe     1.083     1.127 
   Ganj_Dareh_N    -0.462     1.198 
           Onge     0.357     0.765 
     Villabruna    -0.136    -1.008 
     DevilsGate     1.719    -1.160 
A:
          scale   194.415  4972.352 
         Rhirhi    -0.139    -1.407 
           Mala    -1.407     0.139 

## end of run
