/home/cliu7/utils/AdmixTools/bin/qpWave: parameter file: temp/param/qpAdm_Tibetan_Xinlong.Sherpa.LC.Mala.parwphhqz9p
### THE INPUT PARAMETERS
##PARAMETER NAME: VALUE
DIR: data/intermediate
S1: HO_all_merged.qpAdm
indivname: data/intermediate/HO_all_merged.qpAdm.grouped.ind
snpname: data/intermediate/HO_all_merged.qpAdm.snp
genotypename: data/intermediate/HO_all_merged.qpAdm.geno
popleft: temp/param/left.wphhqz9p
popright: temp/param/right.wphhqz9p
details: YES
## qpWave version: 410
packed geno read OK
end of inpack

left pops:
Tibetan_Xinlong
Sherpa.LC
Mala

right pops:
Mbuti
Anatolia_N
Ami
Mixe
Ganj_Dareh_N
Onge
Villabruna
DevilsGate

  0      Tibetan_Xinlong   10
  1            Sherpa.LC    9
  2                 Mala   11
  3                Mbuti   10
  4           Anatolia_N   25
  5                  Ami   10
  6                 Mixe   10
  7         Ganj_Dareh_N    7
  8                 Onge   12
  9           Villabruna    1
 10           DevilsGate    4
jackknife block size:     0.050
snps: 498990  indivs: 109
number of blocks for block jackknife: 710
dof (jackknife):   583.372
numsnps used: 418036
f4info: 
f4rank: 0 dof:     14 chisq:  5901.393 tail:                    0 dofdiff:      0 chisqdiff:     0.000 taildiff:                    1

f4info: 
f4rank: 1 dof:      6 chisq:    89.711 tail:       3.47945741e-17 dofdiff:      8 chisqdiff:  5811.682 taildiff:                    0
B:
          scale     1.000 
     Anatolia_N    -0.289 
            Ami     1.642 
           Mixe     1.058 
   Ganj_Dareh_N    -0.437 
           Onge     0.371 
     Villabruna    -0.126 
     DevilsGate     1.661 
A:
          scale   181.209 
      Sherpa.LC    -0.171 
           Mala    -1.404 

f4info: 
f4rank: 2 dof:      0 chisq:     0.000 tail:                    1 dofdiff:      6 chisqdiff:    89.711 taildiff:       3.47945741e-17
B:
          scale     1.000     1.000 
     Anatolia_N    -0.283     0.435 
            Ami     1.663     1.975 
           Mixe     1.054    -0.475 
   Ganj_Dareh_N    -0.434     0.430 
           Onge     0.378     0.227 
     Villabruna    -0.135    -0.055 
     DevilsGate     1.641    -1.564 
A:
          scale   182.756  3631.150 
      Sherpa.LC    -0.147    -1.407 
           Mala    -1.407     0.147 

## end of run
