/home/cliu7/utils/AdmixTools/bin/qpWave: parameter file: temp/param/qpAdm_Tibetan_Yajiang.UpperMustang.LC.Pathan.part4njadj9
### THE INPUT PARAMETERS
##PARAMETER NAME: VALUE
DIR: data/intermediate
S1: HO_all_merged.qpAdm
indivname: data/intermediate/HO_all_merged.qpAdm.grouped.ind
snpname: data/intermediate/HO_all_merged.qpAdm.snp
genotypename: data/intermediate/HO_all_merged.qpAdm.geno
popleft: temp/param/left.t4njadj9
popright: temp/param/right.t4njadj9
details: YES
## qpWave version: 410
packed geno read OK
end of inpack

left pops:
Tibetan_Yajiang
UpperMustang.LC
Pathan

right pops:
Mbuti
Anatolia_N
Ami
Mixe
Ganj_Dareh_N
Onge
Villabruna
DevilsGate

  0      Tibetan_Yajiang   10
  1      UpperMustang.LC   11
  2               Pathan   18
  3                Mbuti   10
  4           Anatolia_N   25
  5                  Ami   10
  6                 Mixe   10
  7         Ganj_Dareh_N    7
  8                 Onge   12
  9           Villabruna    1
 10           DevilsGate    4
jackknife block size:     0.050
snps: 498990  indivs: 118
number of blocks for block jackknife: 710
dof (jackknife):   583.399
numsnps used: 415369
f4info: 
f4rank: 0 dof:     14 chisq:  7685.728 tail:                    0 dofdiff:      0 chisqdiff:     0.000 taildiff:                    1

f4info: 
f4rank: 1 dof:      6 chisq:    31.518 tail:       2.01780585e-05 dofdiff:      8 chisqdiff:  7654.210 taildiff:                    0
B:
          scale     1.000 
     Anatolia_N    -0.644 
            Ami     1.505 
           Mixe     0.880 
   Ganj_Dareh_N    -0.691 
           Onge     0.621 
     Villabruna    -0.480 
     DevilsGate     1.567 
A:
          scale   152.465 
UpperMustang.LC    -0.059 
         Pathan    -1.413 

f4info: 
f4rank: 2 dof:      0 chisq:     0.000 tail:                    1 dofdiff:      6 chisqdiff:    31.518 taildiff:       2.01780585e-05
B:
          scale     1.000     1.000 
     Anatolia_N    -0.634     1.411 
            Ami     1.518     1.122 
           Mixe     0.889     0.625 
   Ganj_Dareh_N    -0.670     1.753 
           Onge     0.608    -0.360 
     Villabruna    -0.479     0.371 
     DevilsGate     1.567     0.132 
A:
          scale   152.475  4800.470 
UpperMustang.LC    -0.074    -1.412 
         Pathan    -1.412     0.074 

## end of run
