/home/cliu7/utils/AdmixTools/bin/qpWave: parameter file: temp/param/qpAdm_Tibetan_Shannan.Chokhopani.Southeast_China.pare42uedxc
### THE INPUT PARAMETERS
##PARAMETER NAME: VALUE
DIR: data/intermediate
S1: HO_all_merged.qpAdm
indivname: data/intermediate/HO_all_merged.qpAdm.grouped.ind
snpname: data/intermediate/HO_all_merged.qpAdm.snp
genotypename: data/intermediate/HO_all_merged.qpAdm.geno
popleft: temp/param/left.e42uedxc
popright: temp/param/right.e42uedxc
details: YES
## qpWave version: 410
packed geno read OK
end of inpack

left pops:
Tibetan_Shannan
Chokhopani
Southeast_China

right pops:
Mbuti
Anatolia_N
Ami
Mixe
Ganj_Dareh_N
Onge
Villabruna
DevilsGate

  0      Tibetan_Shannan    9
  1           Chokhopani    2
  2      Southeast_China   97
  3                Mbuti   10
  4           Anatolia_N   25
  5                  Ami   10
  6                 Mixe   10
  7         Ganj_Dareh_N    7
  8                 Onge   12
  9           Villabruna    1
 10           DevilsGate    4
jackknife block size:     0.050
snps: 498990  indivs: 187
number of blocks for block jackknife: 710
dof (jackknife):   583.399
numsnps used: 418491
f4info: 
f4rank: 0 dof:     14 chisq:  1590.607 tail:                    0 dofdiff:      0 chisqdiff:     0.000 taildiff:                    1

f4info: 
f4rank: 1 dof:      6 chisq:    15.047 tail:         0.0198969538 dofdiff:      8 chisqdiff:  1575.561 taildiff:                    0
B:
          scale     1.000 
     Anatolia_N    -0.111 
            Ami     2.582 
           Mixe     0.279 
   Ganj_Dareh_N    -0.007 
           Onge     0.394 
     Villabruna    -0.156 
     DevilsGate     0.249 
A:
          scale   896.231 
     Chokhopani    -0.036 
Southeast_China     1.414 

f4info: 
f4rank: 2 dof:      0 chisq:     0.000 tail:                    1 dofdiff:      6 chisqdiff:    15.047 taildiff:         0.0198969538
B:
          scale     1.000     1.000 
     Anatolia_N    -0.143     0.805 
            Ami     2.582     0.155 
           Mixe     0.227     1.510 
   Ganj_Dareh_N    -0.061     0.915 
           Onge     0.407    -0.955 
     Villabruna    -0.205     1.430 
     DevilsGate     0.219     0.502 
A:
          scale   915.018  3827.024 
     Chokhopani    -0.089    -1.411 
Southeast_China     1.411    -0.089 

## end of run
