/home/cliu7/utils/AdmixTools/bin/qpAdm: parameter file: temp/param/qpAdm_Tibetan_Shigatse.Lubrak.Pathan.parp8lcb4q5
### THE INPUT PARAMETERS
##PARAMETER NAME: VALUE
DIR: data/intermediate
S1: HO_all_merged.qpAdm
indivname: data/intermediate/HO_all_merged.qpAdm.grouped.ind
snpname: data/intermediate/HO_all_merged.qpAdm.snp
genotypename: data/intermediate/HO_all_merged.qpAdm.geno
popleft: temp/param/left.p8lcb4q5
popright: temp/param/right.p8lcb4q5
details: YES
## qpAdm version: 810
seed: -1636088177
packed geno read OK
end of inpack

left pops:
Tibetan_Shigatse
Lubrak
Pathan

right pops:
Mbuti
Anatolia_N
Ami
Mixe
Ganj_Dareh_N
Onge
Villabruna
DevilsGate

  0     Tibetan_Shigatse   10
  1               Lubrak    2
  2               Pathan   18
  3                Mbuti   10
  4           Anatolia_N   25
  5                  Ami   10
  6                 Mixe   10
  7         Ganj_Dareh_N    7
  8                 Onge   12
  9           Villabruna    1
 10           DevilsGate    4
jackknife block size:     0.050
snps: 498990  indivs: 109
number of blocks for block jackknife: 710
## ncols: 498990
coverage:     Tibetan_Shigatse 498036
coverage:               Lubrak 327444
coverage:               Pathan 498990
coverage:                Mbuti 498990
coverage:           Anatolia_N 498137
coverage:                  Ami 498990
coverage:                 Mixe 498990
coverage:         Ganj_Dareh_N 457128
coverage:                 Onge 498990
coverage:           Villabruna 415230
coverage:           DevilsGate 498716
dof (jackknife):   583.044
numsnps used: 304607
codimension 1
f4info: 
f4rank: 1 dof:      6 chisq:    10.976 tail:         0.0891316835 dofdiff:      8 chisqdiff:   -10.976 taildiff:                    1
B:
          scale     1.000 
     Anatolia_N    -0.660 
            Ami     1.482 
           Mixe     0.894 
   Ganj_Dareh_N    -0.684 
           Onge     0.636 
     Villabruna    -0.481 
     DevilsGate     1.570 
A:
          scale   159.933 
         Lubrak    -0.001 
         Pathan    -1.414 


full rank
f4info: 
f4rank: 2 dof:      0 chisq:     0.000 tail:                    1 dofdiff:      6 chisqdiff:    10.976 taildiff:         0.0891316835
B:
          scale     1.000     1.000 
     Anatolia_N    -0.658     0.484 
            Ami     1.483    -0.932 
           Mixe     0.893    -1.420 
   Ganj_Dareh_N    -0.685     0.545 
           Onge     0.634    -0.644 
     Villabruna    -0.482     1.209 
     DevilsGate     1.571     1.307 
A:
          scale   159.926  4459.009 
         Lubrak     0.022     1.409 
         Pathan    -1.414     0.124 


best coefficients:     1.001    -0.001 
Jackknife mean:      1.000776975    -0.000776975 
      std. errors:     0.012     0.012 

error covariance (* 1000000)
       141       -141 
      -141        141 


summ: Tibetan_Shigatse    2      0.089132     1.001    -0.001   141  -141   141 

    fixed pat  wt  dof     chisq       tail prob
           00  0     6    10.976       0.0891317     1.001    -0.001 
           01  1     7    10.959        0.140396     1.000    -0.000 
           10  1     7  7097.729               0     0.000     1.000 
best pat:           00        0.0891317              -  -
best pat:           01         0.140396  chi(nested):    -0.016 p-value for nested model:            -nan

coeffs:     1.001    -0.001 

## dscore:: f_4(Base, Fit, Rbase, right2)
## genstat:: f_4(Base, Fit, right1, right2)

details:          Lubrak      Anatolia_N     0.000111    0.432675
details:          Pathan      Anatolia_N     0.005801   27.797780
dscore:      Anatolia_N f4:     0.000106 Z:     0.412116

details:          Lubrak             Ami     0.000004    0.012350
details:          Pathan             Ami    -0.013170  -53.894127
dscore:             Ami f4:     0.000016 Z:     0.053821

details:          Lubrak            Mixe    -0.000252   -0.809205
details:          Pathan            Mixe    -0.007952  -30.131842
dscore:            Mixe f4:    -0.000245 Z:    -0.785979

details:          Lubrak    Ganj_Dareh_N     0.000167    0.521357
details:          Pathan    Ganj_Dareh_N     0.006071   25.135170
dscore:    Ganj_Dareh_N f4:     0.000161 Z:     0.504013

details:          Lubrak            Onge    -0.000082   -0.269188
details:          Pathan            Onge    -0.005644  -23.279246
dscore:            Onge f4:    -0.000076 Z:    -0.252166

details:          Lubrak      Villabruna     0.000577    1.452520
details:          Pathan      Villabruna     0.004297   13.608211
dscore:      Villabruna f4:     0.000573 Z:     1.442629

details:          Lubrak      DevilsGate     0.000651    1.849543
details:          Pathan      DevilsGate    -0.013904  -49.217277
dscore:      DevilsGate f4:     0.000664 Z:     1.885719

gendstat:                Mbuti           Anatolia_N     0.412
gendstat:                Mbuti                  Ami     0.054
gendstat:                Mbuti                 Mixe    -0.786
gendstat:                Mbuti         Ganj_Dareh_N     0.504
gendstat:                Mbuti                 Onge    -0.252
gendstat:                Mbuti           Villabruna     1.443
gendstat:                Mbuti           DevilsGate     1.886
gendstat:           Anatolia_N                  Ami    -0.371
gendstat:           Anatolia_N                 Mixe    -1.258
gendstat:           Anatolia_N         Ganj_Dareh_N     0.207
gendstat:           Anatolia_N                 Onge    -0.671
gendstat:           Anatolia_N           Villabruna     1.348
gendstat:           Anatolia_N           DevilsGate     1.680
gendstat:                  Ami                 Mixe    -1.022
gendstat:                  Ami         Ganj_Dareh_N     0.449
gendstat:                  Ami                 Onge    -0.341
gendstat:                  Ami           Villabruna     1.421
gendstat:                  Ami           DevilsGate     2.149
gendstat:                 Mixe         Ganj_Dareh_N     1.129
gendstat:                 Mixe                 Onge     0.543
gendstat:                 Mixe           Villabruna     1.987
gendstat:                 Mixe           DevilsGate     2.795
gendstat:         Ganj_Dareh_N                 Onge    -0.704
gendstat:         Ganj_Dareh_N           Villabruna     0.978
gendstat:         Ganj_Dareh_N           DevilsGate     1.265
gendstat:                 Onge           Villabruna     1.604
gendstat:                 Onge           DevilsGate     2.041
gendstat:           Villabruna           DevilsGate     0.201

## end of run
