/home/cliu7/utils/AdmixTools/bin/qpWave: parameter file: temp/param/qpAdm_Tibetan_Xinlong.Kyang.Pulliyar.parblls566q
### THE INPUT PARAMETERS
##PARAMETER NAME: VALUE
DIR: data/intermediate
S1: HO_all_merged.qpAdm
indivname: data/intermediate/HO_all_merged.qpAdm.grouped.ind
snpname: data/intermediate/HO_all_merged.qpAdm.snp
genotypename: data/intermediate/HO_all_merged.qpAdm.geno
popleft: temp/param/left.blls566q
popright: temp/param/right.blls566q
details: YES
## qpWave version: 410
packed geno read OK
end of inpack

left pops:
Tibetan_Xinlong
Kyang
Pulliyar

right pops:
Mbuti
Anatolia_N
Ami
Mixe
Ganj_Dareh_N
Onge
Villabruna
DevilsGate

  0      Tibetan_Xinlong   10
  1                Kyang    7
  2             Pulliyar   35
  3                Mbuti   10
  4           Anatolia_N   25
  5                  Ami   10
  6                 Mixe   10
  7         Ganj_Dareh_N    7
  8                 Onge   12
  9           Villabruna    1
 10           DevilsGate    4
jackknife block size:     0.050
snps: 498990  indivs: 131
number of blocks for block jackknife: 710
dof (jackknife):   584.903
numsnps used: 389031
f4info: 
f4rank: 0 dof:     14 chisq:  5292.882 tail:                    0 dofdiff:      0 chisqdiff:     0.000 taildiff:                    1

f4info: 
f4rank: 1 dof:      6 chisq:    85.987 tail:       2.06148801e-16 dofdiff:      8 chisqdiff:  5206.895 taildiff:                    0
B:
          scale     1.000 
     Anatolia_N    -0.187 
            Ami     1.643 
           Mixe     1.134 
   Ganj_Dareh_N    -0.339 
           Onge     0.305 
     Villabruna    -0.077 
     DevilsGate     1.662 
A:
          scale   183.857 
          Kyang    -0.208 
       Pulliyar    -1.399 

f4info: 
f4rank: 2 dof:      0 chisq:     0.000 tail:                    1 dofdiff:      6 chisqdiff:    85.987 taildiff:       2.06148801e-16
B:
          scale     1.000     1.000 
     Anatolia_N    -0.192     0.322 
            Ami     1.671     1.823 
           Mixe     1.111    -0.203 
   Ganj_Dareh_N    -0.331     1.032 
           Onge     0.305     0.224 
     Villabruna    -0.092    -0.314 
     DevilsGate     1.651    -1.523 
A:
          scale   184.742  3257.496 
          Kyang    -0.194    -1.401 
       Pulliyar    -1.401     0.194 

## end of run
