/home/cliu7/utils/AdmixTools/bin/qpWave: parameter file: temp/param/qpAdm_Tibetan_Xinlong.Lubrak.Pathan.pars27ytjab
### THE INPUT PARAMETERS
##PARAMETER NAME: VALUE
DIR: data/intermediate
S1: HO_all_merged.qpAdm
indivname: data/intermediate/HO_all_merged.qpAdm.grouped.ind
snpname: data/intermediate/HO_all_merged.qpAdm.snp
genotypename: data/intermediate/HO_all_merged.qpAdm.geno
popleft: temp/param/left.s27ytjab
popright: temp/param/right.s27ytjab
details: YES
## qpWave version: 410
packed geno read OK
end of inpack

left pops:
Tibetan_Xinlong
Lubrak
Pathan

right pops:
Mbuti
Anatolia_N
Ami
Mixe
Ganj_Dareh_N
Onge
Villabruna
DevilsGate

  0      Tibetan_Xinlong   10
  1               Lubrak    2
  2               Pathan   18
  3                Mbuti   10
  4           Anatolia_N   25
  5                  Ami   10
  6                 Mixe   10
  7         Ganj_Dareh_N    7
  8                 Onge   12
  9           Villabruna    1
 10           DevilsGate    4
jackknife block size:     0.050
snps: 498990  indivs: 109
number of blocks for block jackknife: 710
dof (jackknife):   583.088
numsnps used: 304515
f4info: 
f4rank: 0 dof:     14 chisq:  7745.477 tail:                    0 dofdiff:      0 chisqdiff:     0.000 taildiff:                    1

f4info: 
f4rank: 1 dof:      6 chisq:    36.906 tail:       1.83678996e-06 dofdiff:      8 chisqdiff:  7708.571 taildiff:                    0
B:
          scale     1.000 
     Anatolia_N    -0.609 
            Ami     1.568 
           Mixe     0.888 
   Ganj_Dareh_N    -0.649 
           Onge     0.626 
     Villabruna    -0.435 
     DevilsGate     1.543 
A:
          scale   147.712 
         Lubrak    -0.106 
         Pathan    -1.410 

f4info: 
f4rank: 2 dof:      0 chisq:     0.000 tail:                    1 dofdiff:      6 chisqdiff:    36.906 taildiff:       1.83678996e-06
B:
          scale     1.000     1.000 
     Anatolia_N    -0.616    -0.411 
            Ami     1.573    -1.658 
           Mixe     0.884    -0.341 
   Ganj_Dareh_N    -0.659    -0.071 
           Onge     0.615     0.180 
     Villabruna    -0.458     0.717 
     DevilsGate     1.531     1.847 
A:
          scale   148.396  2995.221 
         Lubrak    -0.090     1.411 
         Pathan    -1.411    -0.090 

## end of run
