/home/cliu7/utils/AdmixTools/bin/qpWave: parameter file: temp/param/qpAdm_Tibetan_Nagqu.Mebrak.Pulliyar.par8eph35ce
### THE INPUT PARAMETERS
##PARAMETER NAME: VALUE
DIR: data/intermediate
S1: HO_all_merged.qpAdm
indivname: data/intermediate/HO_all_merged.qpAdm.grouped.ind
snpname: data/intermediate/HO_all_merged.qpAdm.snp
genotypename: data/intermediate/HO_all_merged.qpAdm.geno
popleft: temp/param/left.8eph35ce
popright: temp/param/right.8eph35ce
details: YES
## qpWave version: 410
packed geno read OK
end of inpack

left pops:
Tibetan_Nagqu
Mebrak
Pulliyar

right pops:
Mbuti
Anatolia_N
Ami
Mixe
Ganj_Dareh_N
Onge
Villabruna
DevilsGate

  0        Tibetan_Nagqu    8
  1               Mebrak    8
  2             Pulliyar   35
  3                Mbuti   10
  4           Anatolia_N   25
  5                  Ami   10
  6                 Mixe   10
  7         Ganj_Dareh_N    7
  8                 Onge   12
  9           Villabruna    1
 10           DevilsGate    4
jackknife block size:     0.050
snps: 498990  indivs: 130
number of blocks for block jackknife: 710
dof (jackknife):   584.891
numsnps used: 389328
f4info: 
f4rank: 0 dof:     14 chisq:  4445.946 tail:                    0 dofdiff:      0 chisqdiff:     0.000 taildiff:                    1

f4info: 
f4rank: 1 dof:      6 chisq:    14.461 tail:         0.0248907513 dofdiff:      8 chisqdiff:  4431.485 taildiff:                    0
B:
          scale     1.000 
     Anatolia_N    -0.226 
            Ami     1.559 
           Mixe     1.134 
   Ganj_Dareh_N    -0.367 
           Onge     0.274 
     Villabruna    -0.085 
     DevilsGate     1.737 
A:
          scale   203.113 
         Mebrak    -0.074 
       Pulliyar    -1.412 

f4info: 
f4rank: 2 dof:      0 chisq:     0.000 tail:                    1 dofdiff:      6 chisqdiff:    14.461 taildiff:         0.0248907513
B:
          scale     1.000     1.000 
     Anatolia_N    -0.203     1.089 
            Ami     1.566     0.682 
           Mixe     1.143     0.890 
   Ganj_Dareh_N    -0.345     0.825 
           Onge     0.297     1.553 
     Villabruna    -0.082     0.322 
     DevilsGate     1.728    -1.167 
A:
          scale   201.252  5144.554 
         Mebrak    -0.096    -1.411 
       Pulliyar    -1.411     0.096 

## end of run
