/home/cliu7/utils/AdmixTools/bin/qpWave: parameter file: temp/param/qpAdm_Tibetan_Lhasa.Samdzong.Southeast_China.parvyx9y3xe
### THE INPUT PARAMETERS
##PARAMETER NAME: VALUE
DIR: data/intermediate
S1: HO_all_merged.qpAdm
indivname: data/intermediate/HO_all_merged.qpAdm.grouped.ind
snpname: data/intermediate/HO_all_merged.qpAdm.snp
genotypename: data/intermediate/HO_all_merged.qpAdm.geno
popleft: temp/param/left.vyx9y3xe
popright: temp/param/right.vyx9y3xe
details: YES
## qpWave version: 410
packed geno read OK
end of inpack

left pops:
Tibetan_Lhasa
Samdzong
Southeast_China

right pops:
Mbuti
Anatolia_N
Ami
Mixe
Ganj_Dareh_N
Onge
Villabruna
DevilsGate

  0        Tibetan_Lhasa    9
  1             Samdzong    9
  2      Southeast_China   97
  3                Mbuti   10
  4           Anatolia_N   25
  5                  Ami   10
  6                 Mixe   10
  7         Ganj_Dareh_N    7
  8                 Onge   12
  9           Villabruna    1
 10           DevilsGate    4
jackknife block size:     0.050
snps: 498990  indivs: 194
number of blocks for block jackknife: 710
dof (jackknife):   583.460
numsnps used: 418183
f4info: 
f4rank: 0 dof:     14 chisq:  1694.534 tail:                    0 dofdiff:      0 chisqdiff:     0.000 taildiff:                    1

f4info: 
f4rank: 1 dof:      6 chisq:    16.646 tail:         0.0106746878 dofdiff:      8 chisqdiff:  1677.888 taildiff:                    0
B:
          scale     1.000 
     Anatolia_N    -0.185 
            Ami     2.555 
           Mixe     0.310 
   Ganj_Dareh_N    -0.053 
           Onge     0.407 
     Villabruna    -0.326 
     DevilsGate     0.255 
A:
          scale   932.837 
       Samdzong    -0.178 
Southeast_China     1.403 

f4info: 
f4rank: 2 dof:      0 chisq:     0.000 tail:                    1 dofdiff:      6 chisqdiff:    16.646 taildiff:         0.0106746878
B:
          scale     1.000     1.000 
     Anatolia_N    -0.206     0.282 
            Ami     2.566    -0.109 
           Mixe     0.244     1.241 
   Ganj_Dareh_N    -0.108     1.006 
           Onge     0.369     0.738 
     Villabruna    -0.358     1.185 
     DevilsGate     0.190     1.552 
A:
          scale   953.904  3732.857 
       Samdzong    -0.324    -1.376 
Southeast_China     1.376    -0.324 

## end of run
