/home/cliu7/utils/AdmixTools/bin/qpAdm: parameter file: temp/param/qpAdm_Tibetan_Nagqu.Kyang.Mala.par0nnv0gnu
### THE INPUT PARAMETERS
##PARAMETER NAME: VALUE
DIR: data/intermediate
S1: HO_all_merged.qpAdm
indivname: data/intermediate/HO_all_merged.qpAdm.grouped.ind
snpname: data/intermediate/HO_all_merged.qpAdm.snp
genotypename: data/intermediate/HO_all_merged.qpAdm.geno
popleft: temp/param/left.0nnv0gnu
popright: temp/param/right.0nnv0gnu
details: YES
## qpAdm version: 810
seed: 1888743307
packed geno read OK
end of inpack

left pops:
Tibetan_Nagqu
Kyang
Mala

right pops:
Mbuti
Anatolia_N
Ami
Mixe
Ganj_Dareh_N
Onge
Villabruna
DevilsGate

  0        Tibetan_Nagqu    8
  1                Kyang    7
  2                 Mala   11
  3                Mbuti   10
  4           Anatolia_N   25
  5                  Ami   10
  6                 Mixe   10
  7         Ganj_Dareh_N    7
  8                 Onge   12
  9           Villabruna    1
 10           DevilsGate    4
jackknife block size:     0.050
snps: 498990  indivs: 105
number of blocks for block jackknife: 710
## ncols: 498990
coverage:        Tibetan_Nagqu 498036
coverage:                Kyang 498984
coverage:                 Mala 498990
coverage:                Mbuti 498990
coverage:           Anatolia_N 498137
coverage:                  Ami 498990
coverage:                 Mixe 498990
coverage:         Ganj_Dareh_N 457128
coverage:                 Onge 498990
coverage:           Villabruna 415230
coverage:           DevilsGate 498716
dof (jackknife):   583.352
numsnps used: 418400
codimension 1
f4info: 
f4rank: 1 dof:      6 chisq:    15.063 tail:         0.0197748784 dofdiff:      8 chisqdiff:   -15.063 taildiff:                    1
B:
          scale     1.000 
     Anatolia_N    -0.308 
            Ami     1.553 
           Mixe     1.080 
   Ganj_Dareh_N    -0.465 
           Onge     0.376 
     Villabruna    -0.128 
     DevilsGate     1.719 
A:
          scale   197.985 
          Kyang    -0.078 
           Mala    -1.412 


full rank
f4info: 
f4rank: 2 dof:      0 chisq:     0.000 tail:                    1 dofdiff:      6 chisqdiff:    15.063 taildiff:         0.0197748784
B:
          scale     1.000     1.000 
     Anatolia_N    -0.307     0.152 
            Ami     1.555     1.158 
           Mixe     1.077     0.600 
   Ganj_Dareh_N    -0.466     1.821 
           Onge     0.374    -0.375 
     Villabruna    -0.128    -0.739 
     DevilsGate     1.719    -1.129 
A:
          scale   197.943  7074.371 
          Kyang    -0.084    -1.371 
           Mala    -1.412    -0.348 


best coefficients:     1.059    -0.059 
Jackknife mean:      1.058598700    -0.058598700 
      std. errors:     0.012     0.012 

error covariance (* 1000000)
       147       -147 
      -147        147 


summ: Tibetan_Nagqu    2      0.019775     1.059    -0.059   147  -147   147 

    fixed pat  wt  dof     chisq       tail prob
           00  0     6    15.063       0.0197749     1.059    -0.059  infeasible
           01  1     7    40.446     1.03411e-06     1.000    -0.000 
           10  1     7  4572.557               0     0.000     1.000 
best pat:           00        0.0197749              -  -
best pat:           01      1.03411e-06  chi(nested):    25.383 p-value for nested model:     4.70001e-07

coeffs:     1.059    -0.059 

## dscore:: f_4(Base, Fit, Rbase, right2)
## genstat:: f_4(Base, Fit, right1, right2)

details:           Kyang      Anatolia_N     0.000021    0.142075
details:            Mala      Anatolia_N     0.002137   10.663249
dscore:      Anatolia_N f4:    -0.000103 Z:    -0.661540

details:           Kyang             Ami    -0.000946   -5.241621
details:            Mala             Ami    -0.011185  -47.506484
dscore:             Ami f4:    -0.000345 Z:    -1.834388

details:           Kyang            Mixe    -0.000653   -3.404210
details:            Mala            Mixe    -0.007726  -30.422504
dscore:            Mixe f4:    -0.000237 Z:    -1.188253

details:           Kyang    Ganj_Dareh_N    -0.000233   -1.319812
details:            Mala    Ganj_Dareh_N     0.003200   13.712665
dscore:    Ganj_Dareh_N f4:    -0.000435 Z:    -2.363010

details:           Kyang            Onge    -0.000186   -1.030370
details:            Mala            Onge    -0.002685  -11.737226
dscore:            Onge f4:    -0.000040 Z:    -0.210438

details:           Kyang      Villabruna     0.000164    0.717753
details:            Mala      Villabruna     0.000925    2.925383
dscore:      Villabruna f4:     0.000119 Z:     0.497587

details:           Kyang      DevilsGate    -0.000595   -2.834029
details:            Mala      DevilsGate    -0.012249  -47.197169
dscore:      DevilsGate f4:     0.000090 Z:     0.407807

gendstat:                Mbuti           Anatolia_N    -0.662
gendstat:                Mbuti                  Ami    -1.834
gendstat:                Mbuti                 Mixe    -1.188
gendstat:                Mbuti         Ganj_Dareh_N    -2.363
gendstat:                Mbuti                 Onge    -0.210
gendstat:                Mbuti           Villabruna     0.498
gendstat:                Mbuti           DevilsGate     0.408
gendstat:           Anatolia_N                  Ami    -1.326
gendstat:           Anatolia_N                 Mixe    -0.716
gendstat:           Anatolia_N         Ganj_Dareh_N    -2.073
gendstat:           Anatolia_N                 Onge     0.358
gendstat:           Anatolia_N           Villabruna     1.039
gendstat:           Anatolia_N           DevilsGate     0.901
gendstat:                  Ami                 Mixe     0.646
gendstat:                  Ami         Ganj_Dareh_N    -0.432
gendstat:                  Ami                 Onge     1.691
gendstat:                  Ami           Villabruna     1.793
gendstat:                  Ami           DevilsGate     2.285
gendstat:                 Mixe         Ganj_Dareh_N    -0.906
gendstat:                 Mixe                 Onge     0.988
gendstat:                 Mixe           Villabruna     1.427
gendstat:                 Mixe           DevilsGate     1.610
gendstat:         Ganj_Dareh_N                 Onge     1.911
gendstat:         Ganj_Dareh_N           Villabruna     2.236
gendstat:         Ganj_Dareh_N           DevilsGate     2.241
gendstat:                 Onge           Villabruna     0.616
gendstat:                 Onge           DevilsGate     0.563
gendstat:           Villabruna           DevilsGate    -0.101

## end of run
