/home/cliu7/utils/AdmixTools/bin/qpAdm: parameter file: temp/param/qpAdm_Tibetan_Nagqu.Mebrak.Pathan.par5ei9zgo5
### THE INPUT PARAMETERS
##PARAMETER NAME: VALUE
DIR: data/intermediate
S1: HO_all_merged.qpAdm
indivname: data/intermediate/HO_all_merged.qpAdm.grouped.ind
snpname: data/intermediate/HO_all_merged.qpAdm.snp
genotypename: data/intermediate/HO_all_merged.qpAdm.geno
popleft: temp/param/left.5ei9zgo5
popright: temp/param/right.5ei9zgo5
details: YES
## qpAdm version: 810
seed: -1281639183
packed geno read OK
end of inpack

left pops:
Tibetan_Nagqu
Mebrak
Pathan

right pops:
Mbuti
Anatolia_N
Ami
Mixe
Ganj_Dareh_N
Onge
Villabruna
DevilsGate

  0        Tibetan_Nagqu    8
  1               Mebrak    8
  2               Pathan   18
  3                Mbuti   10
  4           Anatolia_N   25
  5                  Ami   10
  6                 Mixe   10
  7         Ganj_Dareh_N    7
  8                 Onge   12
  9           Villabruna    1
 10           DevilsGate    4
jackknife block size:     0.050
snps: 498990  indivs: 113
number of blocks for block jackknife: 710
## ncols: 498990
coverage:        Tibetan_Nagqu 498036
coverage:               Mebrak 498978
coverage:               Pathan 498990
coverage:                Mbuti 498990
coverage:           Anatolia_N 498137
coverage:                  Ami 498990
coverage:                 Mixe 498990
coverage:         Ganj_Dareh_N 457128
coverage:                 Onge 498990
coverage:           Villabruna 415230
coverage:           DevilsGate 498716
dof (jackknife):   583.339
numsnps used: 415748
codimension 1
f4info: 
f4rank: 1 dof:      6 chisq:    13.764 tail:         0.0323919042 dofdiff:      8 chisqdiff:   -13.764 taildiff:                    1
B:
          scale     1.000 
     Anatolia_N    -0.666 
            Ami     1.481 
           Mixe     0.876 
   Ganj_Dareh_N    -0.690 
           Onge     0.621 
     Villabruna    -0.484 
     DevilsGate     1.581 
A:
          scale   155.109 
         Mebrak    -0.051 
         Pathan    -1.413 


full rank
f4info: 
f4rank: 2 dof:      0 chisq:     0.000 tail:                    1 dofdiff:      6 chisqdiff:    13.764 taildiff:         0.0323919042
B:
          scale     1.000     1.000 
     Anatolia_N    -0.660     1.686 
            Ami     1.483     0.235 
           Mixe     0.878     0.858 
   Ganj_Dareh_N    -0.688     0.687 
           Onge     0.623     0.344 
     Villabruna    -0.481    -0.088 
     DevilsGate     1.581    -1.664 
A:
          scale   154.557  6388.903 
         Mebrak    -0.076    -1.400 
         Pathan    -1.412    -0.200 


best coefficients:     1.037    -0.037 
Jackknife mean:      1.037338086    -0.037338086 
      std. errors:     0.008     0.008 

error covariance (* 1000000)
        70        -70 
       -70         70 


summ: Tibetan_Nagqu    2      0.032392     1.037    -0.037    70   -70    70 

    fixed pat  wt  dof     chisq       tail prob
           00  0     6    13.764       0.0323919     1.037    -0.037  infeasible
           01  1     7    34.600     1.32978e-05     1.000    -0.000 
           10  1     7  6947.773               0     0.000     1.000 
best pat:           00        0.0323919              -  -
best pat:           01      1.32978e-05  chi(nested):    20.836 p-value for nested model:     5.00297e-06

coeffs:     1.037    -0.037 

## dscore:: f_4(Base, Fit, Rbase, right2)
## genstat:: f_4(Base, Fit, right1, right2)

details:          Mebrak      Anatolia_N    -0.000154   -0.939516
details:          Pathan      Anatolia_N     0.005930   28.210881
dscore:      Anatolia_N f4:    -0.000382 Z:    -2.261452

details:          Mebrak             Ami    -0.000903   -4.967681
details:          Pathan             Ami    -0.013615  -54.687882
dscore:             Ami f4:    -0.000428 Z:    -2.293190

details:          Mebrak            Mixe    -0.000740   -3.715134
details:          Pathan            Mixe    -0.008100  -29.780634
dscore:            Mixe f4:    -0.000465 Z:    -2.274001

details:          Mebrak    Ganj_Dareh_N    -0.000005   -0.028569
details:          Pathan    Ganj_Dareh_N     0.006194   25.608166
dscore:    Ganj_Dareh_N f4:    -0.000237 Z:    -1.238271

details:          Mebrak            Onge    -0.000542   -2.988109
details:          Pathan            Onge    -0.005754  -23.826937
dscore:            Onge f4:    -0.000347 Z:    -1.867390

details:          Mebrak      Villabruna     0.000044    0.185900
details:          Pathan      Villabruna     0.004321   13.394097
dscore:      Villabruna f4:    -0.000116 Z:    -0.479916

details:          Mebrak      DevilsGate    -0.000491   -2.286131
details:          Pathan      DevilsGate    -0.014459  -51.471284
dscore:      DevilsGate f4:     0.000031 Z:     0.139962

gendstat:                Mbuti           Anatolia_N    -2.261
gendstat:                Mbuti                  Ami    -2.293
gendstat:                Mbuti                 Mixe    -2.274
gendstat:                Mbuti         Ganj_Dareh_N    -1.238
gendstat:                Mbuti                 Onge    -1.867
gendstat:                Mbuti           Villabruna    -0.480
gendstat:                Mbuti           DevilsGate     0.140
gendstat:           Anatolia_N                  Ami    -0.261
gendstat:           Anatolia_N                 Mixe    -0.429
gendstat:           Anatolia_N         Ganj_Dareh_N     0.883
gendstat:           Anatolia_N                 Onge     0.195
gendstat:           Anatolia_N           Villabruna     1.259
gendstat:           Anatolia_N           DevilsGate     1.880
gendstat:                  Ami                 Mixe    -0.209
gendstat:                  Ami         Ganj_Dareh_N     0.892
gendstat:                  Ami                 Onge     0.434
gendstat:                  Ami           Villabruna     1.200
gendstat:                  Ami           DevilsGate     2.344
gendstat:                 Mixe         Ganj_Dareh_N     1.019
gendstat:                 Mixe                 Onge     0.574
gendstat:                 Mixe           Villabruna     1.371
gendstat:                 Mixe           DevilsGate     2.401
gendstat:         Ganj_Dareh_N                 Onge    -0.523
gendstat:         Ganj_Dareh_N           Villabruna     0.480
gendstat:         Ganj_Dareh_N           DevilsGate     1.082
gendstat:                 Onge           Villabruna     0.907
gendstat:                 Onge           DevilsGate     1.624
gendstat:           Villabruna           DevilsGate     0.516

## end of run
