/home/cliu7/utils/AdmixTools/bin/qpWave: parameter file: temp/param/qpAdm_Tibetan_Yunnan.Chokhopani.Mala.parfyhfga4s
### THE INPUT PARAMETERS
##PARAMETER NAME: VALUE
DIR: data/intermediate
S1: HO_all_merged.qpAdm
indivname: data/intermediate/HO_all_merged.qpAdm.grouped.ind
snpname: data/intermediate/HO_all_merged.qpAdm.snp
genotypename: data/intermediate/HO_all_merged.qpAdm.geno
popleft: temp/param/left.fyhfga4s
popright: temp/param/right.fyhfga4s
details: YES
## qpWave version: 410
packed geno read OK
end of inpack

left pops:
Tibetan_Yunnan
Chokhopani
Mala

right pops:
Mbuti
Anatolia_N
Ami
Mixe
Ganj_Dareh_N
Onge
Villabruna
DevilsGate

  0       Tibetan_Yunnan    4
  1           Chokhopani    2
  2                 Mala   11
  3                Mbuti   10
  4           Anatolia_N   25
  5                  Ami   10
  6                 Mixe   10
  7         Ganj_Dareh_N    7
  8                 Onge   12
  9           Villabruna    1
 10           DevilsGate    4
jackknife block size:     0.050
snps: 498990  indivs: 96
number of blocks for block jackknife: 710
dof (jackknife):   583.217
numsnps used: 420134
f4info: 
f4rank: 0 dof:     14 chisq:  4239.214 tail:                    0 dofdiff:      0 chisqdiff:     0.000 taildiff:                    1

f4info: 
f4rank: 1 dof:      6 chisq:    25.687 tail:        0.00025462759 dofdiff:      8 chisqdiff:  4213.527 taildiff:                    0
B:
          scale     1.000 
     Anatolia_N    -0.307 
            Ami     1.606 
           Mixe     1.047 
   Ganj_Dareh_N    -0.454 
           Onge     0.393 
     Villabruna    -0.172 
     DevilsGate     1.686 
A:
          scale   191.606 
     Chokhopani    -0.112 
           Mala    -1.410 

f4info: 
f4rank: 2 dof:      0 chisq:     0.000 tail:                    1 dofdiff:      6 chisqdiff:    25.687 taildiff:        0.00025462759
B:
          scale     1.000     1.000 
     Anatolia_N    -0.286     0.910 
            Ami     1.633     1.175 
           Mixe     1.064     0.616 
   Ganj_Dareh_N    -0.406     1.599 
           Onge     0.380    -0.597 
     Villabruna    -0.159     0.952 
     DevilsGate     1.669    -0.770 
A:
          scale   190.898  3262.819 
     Chokhopani    -0.121    -1.409 
           Mala    -1.409     0.121 

## end of run
