/home/cliu7/utils/AdmixTools/bin/qpAdm: parameter file: temp/param/qpAdm_Tibetan_Shannan.Rhirhi.Pathan.parvclhzwyv
### THE INPUT PARAMETERS
##PARAMETER NAME: VALUE
DIR: data/intermediate
S1: HO_all_merged.qpAdm
indivname: data/intermediate/HO_all_merged.qpAdm.grouped.ind
snpname: data/intermediate/HO_all_merged.qpAdm.snp
genotypename: data/intermediate/HO_all_merged.qpAdm.geno
popleft: temp/param/left.vclhzwyv
popright: temp/param/right.vclhzwyv
details: YES
## qpAdm version: 810
seed: 289461779
packed geno read OK
end of inpack

left pops:
Tibetan_Shannan
Rhirhi
Pathan

right pops:
Mbuti
Anatolia_N
Ami
Mixe
Ganj_Dareh_N
Onge
Villabruna
DevilsGate

  0      Tibetan_Shannan    9
  1               Rhirhi    4
  2               Pathan   18
  3                Mbuti   10
  4           Anatolia_N   25
  5                  Ami   10
  6                 Mixe   10
  7         Ganj_Dareh_N    7
  8                 Onge   12
  9           Villabruna    1
 10           DevilsGate    4
jackknife block size:     0.050
snps: 498990  indivs: 110
number of blocks for block jackknife: 710
## ncols: 498990
coverage:      Tibetan_Shannan 498036
coverage:               Rhirhi 489694
coverage:               Pathan 498990
coverage:                Mbuti 498990
coverage:           Anatolia_N 498137
coverage:                  Ami 498990
coverage:                 Mixe 498990
coverage:         Ganj_Dareh_N 457128
coverage:                 Onge 498990
coverage:           Villabruna 415230
coverage:           DevilsGate 498716
dof (jackknife):   583.396
numsnps used: 413012
codimension 1
f4info: 
f4rank: 1 dof:      6 chisq:    20.163 tail:        0.00259031255 dofdiff:      8 chisqdiff:   -20.163 taildiff:                    1
B:
          scale     1.000 
     Anatolia_N    -0.667 
            Ami     1.477 
           Mixe     0.871 
   Ganj_Dareh_N    -0.695 
           Onge     0.627 
     Villabruna    -0.493 
     DevilsGate     1.579 
A:
          scale   157.668 
         Rhirhi    -0.050 
         Pathan    -1.413 


full rank
f4info: 
f4rank: 2 dof:      0 chisq:     0.000 tail:                    1 dofdiff:      6 chisqdiff:    20.163 taildiff:        0.00259031255
B:
          scale     1.000     1.000 
     Anatolia_N    -0.666     1.356 
            Ami     1.478     0.350 
           Mixe     0.873     0.857 
   Ganj_Dareh_N    -0.697     1.122 
           Onge     0.625     0.129 
     Villabruna    -0.492    -0.794 
     DevilsGate     1.579    -1.549 
A:
          scale   157.315  4110.206 
         Rhirhi    -0.083    -1.404 
         Pathan    -1.412    -0.169 


best coefficients:     1.036    -0.036 
Jackknife mean:      1.036408095    -0.036408095 
      std. errors:     0.011     0.011 

error covariance (* 1000000)
       120       -120 
      -120        120 


summ: Tibetan_Shannan    2      0.002590     1.036    -0.036   120  -120   120 

    fixed pat  wt  dof     chisq       tail prob
           00  0     6    20.163      0.00259031     1.036    -0.036  infeasible
           01  1     7    31.844     4.34089e-05     1.000    -0.000 
           10  1     7  6953.697               0     0.000     1.000 
best pat:           00       0.00259031              -  -
best pat:           01      4.34089e-05  chi(nested):    11.681 p-value for nested model:     0.000631364

coeffs:     1.036    -0.036 

## dscore:: f_4(Base, Fit, Rbase, right2)
## genstat:: f_4(Base, Fit, right1, right2)

details:          Rhirhi      Anatolia_N    -0.000156   -0.814664
details:          Pathan      Anatolia_N     0.005899   27.993062
dscore:      Anatolia_N f4:    -0.000377 Z:    -1.916961

details:          Rhirhi             Ami    -0.000976   -4.274514
details:          Pathan             Ami    -0.013294  -54.855661
dscore:             Ami f4:    -0.000527 Z:    -2.240273

details:          Rhirhi            Mixe    -0.000820   -3.375885
details:          Pathan            Mixe    -0.007889  -30.237501
dscore:            Mixe f4:    -0.000562 Z:    -2.239170

details:          Rhirhi    Ganj_Dareh_N    -0.000200   -0.800875
details:          Pathan    Ganj_Dareh_N     0.006188   26.321489
dscore:    Ganj_Dareh_N f4:    -0.000433 Z:    -1.683080

details:          Rhirhi            Onge    -0.000477   -2.013299
details:          Pathan            Onge    -0.005631  -24.037044
dscore:            Onge f4:    -0.000289 Z:    -1.184704

details:          Rhirhi      Villabruna     0.000447    1.473627
details:          Pathan      Villabruna     0.004429   14.358365
dscore:      Villabruna f4:     0.000302 Z:     0.966892

details:          Rhirhi      DevilsGate    -0.000363   -1.301812
details:          Pathan      DevilsGate    -0.014132  -51.600882
dscore:      DevilsGate f4:     0.000140 Z:     0.486395

gendstat:                Mbuti           Anatolia_N    -1.917
gendstat:                Mbuti                  Ami    -2.240
gendstat:                Mbuti                 Mixe    -2.239
gendstat:                Mbuti         Ganj_Dareh_N    -1.683
gendstat:                Mbuti                 Onge    -1.185
gendstat:                Mbuti           Villabruna     0.967
gendstat:                Mbuti           DevilsGate     0.486
gendstat:           Anatolia_N                  Ami    -0.674
gendstat:           Anatolia_N                 Mixe    -0.806
gendstat:           Anatolia_N         Ganj_Dareh_N    -0.273
gendstat:           Anatolia_N                 Onge     0.372
gendstat:           Anatolia_N           Villabruna     2.504
gendstat:           Anatolia_N           DevilsGate     1.856
gendstat:                  Ami                 Mixe    -0.174
gendstat:                  Ami         Ganj_Dareh_N     0.358
gendstat:                  Ami                 Onge     0.992
gendstat:                  Ami           Villabruna     2.485
gendstat:                  Ami           DevilsGate     2.828
gendstat:                 Mixe         Ganj_Dareh_N     0.471
gendstat:                 Mixe                 Onge     1.077
gendstat:                 Mixe           Villabruna     2.617
gendstat:                 Mixe           DevilsGate     2.798
gendstat:         Ganj_Dareh_N                 Onge     0.506
gendstat:         Ganj_Dareh_N           Villabruna     2.272
gendstat:         Ganj_Dareh_N           DevilsGate     1.788
gendstat:                 Onge           Villabruna     1.759
gendstat:                 Onge           DevilsGate     1.473
gendstat:           Villabruna           DevilsGate    -0.441

## end of run
