/home/cliu7/utils/AdmixTools/bin/qpWave: parameter file: temp/param/qpAdm_Tibetan_Shigatse.Sherpa.LC.Han.par2g8g2t4r
### THE INPUT PARAMETERS
##PARAMETER NAME: VALUE
DIR: data/intermediate
S1: HO_all_merged.qpAdm
indivname: data/intermediate/HO_all_merged.qpAdm.grouped.ind
snpname: data/intermediate/HO_all_merged.qpAdm.snp
genotypename: data/intermediate/HO_all_merged.qpAdm.geno
popleft: temp/param/left.2g8g2t4r
popright: temp/param/right.2g8g2t4r
details: YES
## qpWave version: 410
packed geno read OK
end of inpack

left pops:
Tibetan_Shigatse
Sherpa.LC
Han

right pops:
Mbuti
Anatolia_N
Ami
Mixe
Ganj_Dareh_N
Onge
Villabruna
DevilsGate

  0     Tibetan_Shigatse   10
  1            Sherpa.LC    9
  2                  Han   33
  3                Mbuti   10
  4           Anatolia_N   25
  5                  Ami   10
  6                 Mixe   10
  7         Ganj_Dareh_N    7
  8                 Onge   12
  9           Villabruna    1
 10           DevilsGate    4
jackknife block size:     0.050
snps: 498990  indivs: 131
number of blocks for block jackknife: 710
dof (jackknife):   583.427
numsnps used: 420537
f4info: 
f4rank: 0 dof:     14 chisq:  1340.086 tail:      1.27971353e-277 dofdiff:      0 chisqdiff:     0.000 taildiff:                    1

f4info: 
f4rank: 1 dof:      6 chisq:     5.023 tail:          0.540927538 dofdiff:      8 chisqdiff:  1335.064 taildiff:      6.19117593e-283
B:
          scale     1.000 
     Anatolia_N    -0.090 
            Ami     2.438 
           Mixe     0.493 
   Ganj_Dareh_N    -0.037 
           Onge     0.312 
     Villabruna    -0.185 
     DevilsGate     0.821 
A:
          scale   995.087 
      Sherpa.LC    -0.111 
            Han     1.410 

f4info: 
f4rank: 2 dof:      0 chisq:     0.000 tail:                    1 dofdiff:      6 chisqdiff:     5.023 taildiff:          0.540927538
B:
          scale     1.000     1.000 
     Anatolia_N    -0.091     0.345 
            Ami     2.437    -0.041 
           Mixe     0.461     1.857 
   Ganj_Dareh_N    -0.041     0.037 
           Onge     0.294     1.158 
     Villabruna    -0.173    -0.502 
     DevilsGate     0.849    -1.355 
A:
          scale   999.870 12938.752 
      Sherpa.LC    -0.136    -1.408 
            Han     1.408    -0.136 

## end of run
