/home/cliu7/utils/AdmixTools/bin/qpAdm: parameter file: temp/param/qpAdm_Tibetan_Chamdo.Samdzong.Pathan.parph35ebfs
### THE INPUT PARAMETERS
##PARAMETER NAME: VALUE
DIR: data/intermediate
S1: HO_all_merged.qpAdm
indivname: data/intermediate/HO_all_merged.qpAdm.grouped.ind
snpname: data/intermediate/HO_all_merged.qpAdm.snp
genotypename: data/intermediate/HO_all_merged.qpAdm.geno
popleft: temp/param/left.ph35ebfs
popright: temp/param/right.ph35ebfs
details: YES
## qpAdm version: 810
seed: 479736088
packed geno read OK
end of inpack

left pops:
Tibetan_Chamdo
Samdzong
Pathan

right pops:
Mbuti
Anatolia_N
Ami
Mixe
Ganj_Dareh_N
Onge
Villabruna
DevilsGate

  0       Tibetan_Chamdo   12
  1             Samdzong    9
  2               Pathan   18
  3                Mbuti   10
  4           Anatolia_N   25
  5                  Ami   10
  6                 Mixe   10
  7         Ganj_Dareh_N    7
  8                 Onge   12
  9           Villabruna    1
 10           DevilsGate    4
jackknife block size:     0.050
snps: 498990  indivs: 118
number of blocks for block jackknife: 710
## ncols: 498990
coverage:       Tibetan_Chamdo 498036
coverage:             Samdzong 498985
coverage:               Pathan 498990
coverage:                Mbuti 498990
coverage:           Anatolia_N 498137
coverage:                  Ami 498990
coverage:                 Mixe 498990
coverage:         Ganj_Dareh_N 457128
coverage:                 Onge 498990
coverage:           Villabruna 415230
coverage:           DevilsGate 498716
dof (jackknife):   583.378
numsnps used: 415438
codimension 1
f4info: 
f4rank: 1 dof:      6 chisq:     9.743 tail:          0.135884632 dofdiff:      8 chisqdiff:    -9.743 taildiff:                    1
B:
          scale     1.000 
     Anatolia_N    -0.661 
            Ami     1.476 
           Mixe     0.873 
   Ganj_Dareh_N    -0.703 
           Onge     0.615 
     Villabruna    -0.490 
     DevilsGate     1.584 
A:
          scale   153.701 
       Samdzong    -0.074 
         Pathan    -1.412 


full rank
f4info: 
f4rank: 2 dof:      0 chisq:     0.000 tail:                    1 dofdiff:      6 chisqdiff:     9.743 taildiff:          0.135884632
B:
          scale     1.000     1.000 
     Anatolia_N    -0.661    -0.427 
            Ami     1.475     0.495 
           Mixe     0.874     1.059 
   Ganj_Dareh_N    -0.704     1.451 
           Onge     0.614    -1.649 
     Villabruna    -0.489     0.632 
     DevilsGate     1.585     0.475 
A:
          scale   153.893 10126.800 
       Samdzong    -0.072    -1.368 
         Pathan    -1.412    -0.357 


best coefficients:     1.055    -0.055 
Jackknife mean:      1.055375861    -0.055375861 
      std. errors:     0.008     0.008 

error covariance (* 1000000)
        66        -66 
       -66         66 


summ: Tibetan_Chamdo    2      0.135885     1.055    -0.055    66   -66    66 

    fixed pat  wt  dof     chisq       tail prob
           00  0     6     9.743        0.135885     1.055    -0.055  infeasible
           01  1     7    59.989     1.51731e-10     1.000    -0.000 
           10  1     7  7328.314               0     0.000     1.000 
best pat:           00         0.135885              -  -
best pat:           01      1.51731e-10  chi(nested):    50.246 p-value for nested model:     1.35665e-12

coeffs:     1.055    -0.055 

## dscore:: f_4(Base, Fit, Rbase, right2)
## genstat:: f_4(Base, Fit, right1, right2)

details:        Samdzong      Anatolia_N     0.000175    1.195279
details:          Pathan      Anatolia_N     0.006011   29.192626
dscore:      Anatolia_N f4:    -0.000149 Z:    -0.976175

details:        Samdzong             Ami    -0.000926   -5.386014
details:          Pathan             Ami    -0.013618  -55.104337
dscore:             Ami f4:    -0.000223 Z:    -1.245748

details:        Samdzong            Mixe    -0.000748   -4.082794
details:          Pathan            Mixe    -0.008150  -29.940463
dscore:            Mixe f4:    -0.000338 Z:    -1.784046

details:        Samdzong    Ganj_Dareh_N    -0.000014   -0.084378
details:          Pathan    Ganj_Dareh_N     0.006365   27.064662
dscore:    Ganj_Dareh_N f4:    -0.000368 Z:    -2.057947

details:        Samdzong            Onge    -0.000214   -1.263420
details:          Pathan            Onge    -0.005610  -23.623239
dscore:            Onge f4:     0.000086 Z:     0.487901

details:        Samdzong      Villabruna    -0.000103   -0.432831
details:          Pathan      Villabruna     0.004363   14.084543
dscore:      Villabruna f4:    -0.000350 Z:    -1.420854

details:        Samdzong      DevilsGate    -0.000994   -4.925037
details:          Pathan      DevilsGate    -0.014632  -53.025149
dscore:      DevilsGate f4:    -0.000238 Z:    -1.130913

gendstat:                Mbuti           Anatolia_N    -0.976
gendstat:                Mbuti                  Ami    -1.246
gendstat:                Mbuti                 Mixe    -1.784
gendstat:                Mbuti         Ganj_Dareh_N    -2.058
gendstat:                Mbuti                 Onge     0.488
gendstat:                Mbuti           Villabruna    -1.421
gendstat:                Mbuti           DevilsGate    -1.131
gendstat:           Anatolia_N                  Ami    -0.438
gendstat:           Anatolia_N                 Mixe    -1.033
gendstat:           Anatolia_N         Ganj_Dareh_N    -1.463
gendstat:           Anatolia_N                 Onge     1.386
gendstat:           Anatolia_N           Villabruna    -0.981
gendstat:           Anatolia_N           DevilsGate    -0.436
gendstat:                  Ami                 Mixe    -0.684
gendstat:                  Ami         Ganj_Dareh_N    -0.764
gendstat:                  Ami                 Onge     1.828
gendstat:                  Ami           Villabruna    -0.508
gendstat:                  Ami           DevilsGate    -0.088
gendstat:                 Mixe         Ganj_Dareh_N    -0.152
gendstat:                 Mixe                 Onge     2.139
gendstat:                 Mixe           Villabruna    -0.050
gendstat:                 Mixe           DevilsGate     0.484
gendstat:         Ganj_Dareh_N                 Onge     2.283
gendstat:         Ganj_Dareh_N           Villabruna     0.075
gendstat:         Ganj_Dareh_N           DevilsGate     0.553
gendstat:                 Onge           Villabruna    -1.756
gendstat:                 Onge           DevilsGate    -1.531
gendstat:           Villabruna           DevilsGate     0.414

## end of run
