/home/cliu7/utils/AdmixTools/bin/qpAdm: parameter file: temp/param/qpAdm_Tibetan_Yunnan.Sherpa.LC.Han.parnc346lls
### THE INPUT PARAMETERS
##PARAMETER NAME: VALUE
DIR: data/intermediate
S1: HO_all_merged.qpAdm
indivname: data/intermediate/HO_all_merged.qpAdm.grouped.ind
snpname: data/intermediate/HO_all_merged.qpAdm.snp
genotypename: data/intermediate/HO_all_merged.qpAdm.geno
popleft: temp/param/left.nc346lls
popright: temp/param/right.nc346lls
details: YES
## qpAdm version: 810
seed: 1064151047
packed geno read OK
end of inpack

left pops:
Tibetan_Yunnan
Sherpa.LC
Han

right pops:
Mbuti
Anatolia_N
Ami
Mixe
Ganj_Dareh_N
Onge
Villabruna
DevilsGate

  0       Tibetan_Yunnan    4
  1            Sherpa.LC    9
  2                  Han   33
  3                Mbuti   10
  4           Anatolia_N   25
  5                  Ami   10
  6                 Mixe   10
  7         Ganj_Dareh_N    7
  8                 Onge   12
  9           Villabruna    1
 10           DevilsGate    4
jackknife block size:     0.050
snps: 498990  indivs: 125
number of blocks for block jackknife: 710
## ncols: 498990
coverage:       Tibetan_Yunnan 498036
coverage:            Sherpa.LC 498990
coverage:                  Han 498990
coverage:                Mbuti 498990
coverage:           Anatolia_N 498137
coverage:                  Ami 498990
coverage:                 Mixe 498990
coverage:         Ganj_Dareh_N 457128
coverage:                 Onge 498990
coverage:           Villabruna 415230
coverage:           DevilsGate 498716
dof (jackknife):   583.413
numsnps used: 421330
codimension 1
f4info: 
f4rank: 1 dof:      6 chisq:     2.126 tail:          0.907765707 dofdiff:      8 chisqdiff:    -2.126 taildiff:                    1
B:
          scale     1.000 
     Anatolia_N    -0.076 
            Ami     2.435 
           Mixe     0.568 
   Ganj_Dareh_N    -0.063 
           Onge     0.344 
     Villabruna    -0.172 
     DevilsGate     0.770 
A:
          scale  1259.391 
      Sherpa.LC    -0.732 
            Han     1.210 


full rank
f4info: 
f4rank: 2 dof:      0 chisq:     0.000 tail:                    1 dofdiff:      6 chisqdiff:     2.126 taildiff:          0.907765707
B:
          scale     1.000     1.000 
     Anatolia_N    -0.074    -0.354 
            Ami     2.435     1.966 
           Mixe     0.569    -0.120 
   Ganj_Dareh_N    -0.059    -1.076 
           Onge     0.349    -0.663 
     Villabruna    -0.177     0.995 
     DevilsGate     0.766     0.640 
A:
          scale  1271.246  7496.531 
      Sherpa.LC    -0.914     1.111 
            Han     1.079     0.875 


best coefficients:     0.623     0.377 
Jackknife mean:      0.622607053     0.377392947 
      std. errors:     0.038     0.038 

error covariance (* 1000000)
      1443      -1443 
     -1443       1443 


summ: Tibetan_Yunnan    2      0.907766     0.623     0.377  1443 -1443  1443 

    fixed pat  wt  dof     chisq       tail prob
           00  0     6     2.126        0.907766     0.623     0.377 
           01  1     7    74.261     2.02576e-13     1.000     0.000 
           10  1     7   287.376               0     0.000     1.000 
best pat:           00         0.907766              -  -
best pat:           01      2.02576e-13  chi(nested):    72.135 p-value for nested model:      2.0095e-17

coeffs:     0.623     0.377 

## dscore:: f_4(Base, Fit, Rbase, right2)
## genstat:: f_4(Base, Fit, right1, right2)

details:       Sherpa.LC      Anatolia_N     0.000021    0.118955
details:             Han      Anatolia_N    -0.000085   -0.559851
dscore:      Anatolia_N f4:    -0.000019 Z:    -0.123306

details:       Sherpa.LC             Ami    -0.001438   -6.870363
details:             Han             Ami     0.002314   13.497467
dscore:             Ami f4:    -0.000024 Z:    -0.133316

details:       Sherpa.LC            Mixe    -0.000397   -1.734143
details:             Han            Mixe     0.000495    2.721241
dscore:            Mixe f4:    -0.000061 Z:    -0.314088

details:       Sherpa.LC    Ganj_Dareh_N    -0.000105   -0.515678
details:             Han    Ganj_Dareh_N    -0.000165   -0.940787
dscore:    Ganj_Dareh_N f4:    -0.000127 Z:    -0.722560

details:       Sherpa.LC            Onge    -0.000328   -1.536915
details:             Han            Onge     0.000238    1.384982
dscore:            Onge f4:    -0.000115 Z:    -0.632157

details:       Sherpa.LC      Villabruna     0.000306    1.084635
details:             Han      Villabruna    -0.000009   -0.039216
dscore:      Villabruna f4:     0.000188 Z:     0.773317

details:       Sherpa.LC      DevilsGate    -0.000419   -1.728371
details:             Han      DevilsGate     0.000756    3.687685
dscore:      DevilsGate f4:     0.000024 Z:     0.113578

gendstat:                Mbuti           Anatolia_N    -0.123
gendstat:                Mbuti                  Ami    -0.133
gendstat:                Mbuti                 Mixe    -0.314
gendstat:                Mbuti         Ganj_Dareh_N    -0.723
gendstat:                Mbuti                 Onge    -0.632
gendstat:                Mbuti           Villabruna     0.773
gendstat:                Mbuti           DevilsGate     0.114
gendstat:           Anatolia_N                  Ami    -0.030
gendstat:           Anatolia_N                 Mixe    -0.226
gendstat:           Anatolia_N         Ganj_Dareh_N    -0.730
gendstat:           Anatolia_N                 Onge    -0.557
gendstat:           Anatolia_N           Villabruna     0.984
gendstat:           Anatolia_N           DevilsGate     0.212
gendstat:                  Ami                 Mixe    -0.212
gendstat:                  Ami         Ganj_Dareh_N    -0.519
gendstat:                  Ami                 Onge    -0.511
gendstat:                  Ami           Villabruna     0.830
gendstat:                  Ami           DevilsGate     0.272
gendstat:                 Mixe         Ganj_Dareh_N    -0.311
gendstat:                 Mixe                 Onge    -0.274
gendstat:                 Mixe           Villabruna     0.940
gendstat:                 Mixe           DevilsGate     0.434
gendstat:         Ganj_Dareh_N                 Onge     0.065
gendstat:         Ganj_Dareh_N           Villabruna     1.251
gendstat:         Ganj_Dareh_N           DevilsGate     0.647
gendstat:                 Onge           Villabruna     1.188
gendstat:                 Onge           DevilsGate     0.647
gendstat:           Villabruna           DevilsGate    -0.586

## end of run
