/home/cliu7/utils/AdmixTools/bin/qpAdm: parameter file: temp/param/qpAdm_Tibetan_Nagqu.Kyang.Southeast_China.pargc14mfhe
### THE INPUT PARAMETERS
##PARAMETER NAME: VALUE
DIR: data/intermediate
S1: HO_all_merged.qpAdm
indivname: data/intermediate/HO_all_merged.qpAdm.grouped.ind
snpname: data/intermediate/HO_all_merged.qpAdm.snp
genotypename: data/intermediate/HO_all_merged.qpAdm.geno
popleft: temp/param/left.gc14mfhe
popright: temp/param/right.gc14mfhe
details: YES
## qpAdm version: 810
seed: 1869479919
packed geno read OK
end of inpack

left pops:
Tibetan_Nagqu
Kyang
Southeast_China

right pops:
Mbuti
Anatolia_N
Ami
Mixe
Ganj_Dareh_N
Onge
Villabruna
DevilsGate

  0        Tibetan_Nagqu    8
  1                Kyang    7
  2      Southeast_China   97
  3                Mbuti   10
  4           Anatolia_N   25
  5                  Ami   10
  6                 Mixe   10
  7         Ganj_Dareh_N    7
  8                 Onge   12
  9           Villabruna    1
 10           DevilsGate    4
jackknife block size:     0.050
snps: 498990  indivs: 191
number of blocks for block jackknife: 710
## ncols: 498990
coverage:        Tibetan_Nagqu 498036
coverage:                Kyang 498984
coverage:      Southeast_China 498990
coverage:                Mbuti 498990
coverage:           Anatolia_N 498137
coverage:                  Ami 498990
coverage:                 Mixe 498990
coverage:         Ganj_Dareh_N 457128
coverage:                 Onge 498990
coverage:           Villabruna 415230
coverage:           DevilsGate 498716
dof (jackknife):   583.448
numsnps used: 418314
codimension 1
f4info: 
f4rank: 1 dof:      6 chisq:    17.681 tail:         0.0070814445 dofdiff:      8 chisqdiff:   -17.681 taildiff:                    1
B:
          scale     1.000 
     Anatolia_N    -0.124 
            Ami     2.583 
           Mixe     0.232 
   Ganj_Dareh_N     0.011 
           Onge     0.381 
     Villabruna    -0.322 
     DevilsGate     0.110 
A:
          scale   962.640 
          Kyang    -0.237 
Southeast_China     1.394 


full rank
f4info: 
f4rank: 2 dof:      0 chisq:     0.000 tail:                    1 dofdiff:      6 chisqdiff:    17.681 taildiff:         0.0070814445
B:
          scale     1.000     1.000 
     Anatolia_N    -0.128     0.105 
            Ami     2.582    -1.479 
           Mixe     0.226     1.491 
   Ganj_Dareh_N     0.005     0.635 
           Onge     0.375    -0.099 
     Villabruna    -0.329     0.013 
     DevilsGate     0.124     1.471 
A:
          scale   985.926  3778.539 
          Kyang    -0.553    -1.309 
Southeast_China     1.302    -0.536 


best coefficients:     0.855     0.145 
Jackknife mean:      0.854151794     0.145848206 
      std. errors:     0.028     0.028 

error covariance (* 1000000)
       771       -771 
      -771        771 


summ: Tibetan_Nagqu    2      0.007081     0.854     0.146   771  -771   771 

    fixed pat  wt  dof     chisq       tail prob
           00  0     6    17.681      0.00708144     0.855     0.145 
           01  1     7    40.586     9.72042e-07     1.000     0.000 
           10  1     7  1196.812               0     0.000     1.000 
best pat:           00       0.00708144              -  -
best pat:           01      9.72042e-07  chi(nested):    22.905 p-value for nested model:     1.70184e-06

coeffs:     0.855     0.145 

## dscore:: f_4(Base, Fit, Rbase, right2)
## genstat:: f_4(Base, Fit, right1, right2)

details:           Kyang      Anatolia_N     0.000021    0.142316
details: Southeast_China      Anatolia_N    -0.000189   -1.596954
dscore:      Anatolia_N f4:    -0.000009 Z:    -0.069164

details:           Kyang             Ami    -0.000947   -5.246559
details: Southeast_China             Ami     0.003617   26.303134
dscore:             Ami f4:    -0.000284 Z:    -1.752857

details:           Kyang            Mixe    -0.000653   -3.408051
details: Southeast_China            Mixe     0.000085    0.561704
dscore:            Mixe f4:    -0.000546 Z:    -3.154426

details:           Kyang    Ganj_Dareh_N    -0.000233   -1.321533
details: Southeast_China    Ganj_Dareh_N    -0.000089   -0.614708
dscore:    Ganj_Dareh_N f4:    -0.000212 Z:    -1.328955

details:           Kyang            Onge    -0.000186   -1.031286
details: Southeast_China            Onge     0.000506    3.736742
dscore:            Onge f4:    -0.000086 Z:    -0.529251

details:           Kyang      Villabruna     0.000164    0.718070
details: Southeast_China      Villabruna    -0.000445   -2.419860
dscore:      Villabruna f4:     0.000075 Z:     0.364972

details:           Kyang      DevilsGate    -0.000595   -2.836789
details: Southeast_China      DevilsGate    -0.000049   -0.289083
dscore:      DevilsGate f4:    -0.000515 Z:    -2.729189

gendstat:                Mbuti           Anatolia_N    -0.069
gendstat:                Mbuti                  Ami    -1.753
gendstat:                Mbuti                 Mixe    -3.154
gendstat:                Mbuti         Ganj_Dareh_N    -1.329
gendstat:                Mbuti                 Onge    -0.529
gendstat:                Mbuti           Villabruna     0.365
gendstat:                Mbuti           DevilsGate    -2.729
gendstat:           Anatolia_N                  Ami    -1.729
gendstat:           Anatolia_N                 Mixe    -3.275
gendstat:           Anatolia_N         Ganj_Dareh_N    -1.465
gendstat:           Anatolia_N                 Onge    -0.497
gendstat:           Anatolia_N           Villabruna     0.458
gendstat:           Anatolia_N           DevilsGate    -2.742
gendstat:                  Ami                 Mixe    -1.805
gendstat:                  Ami         Ganj_Dareh_N     0.400
gendstat:                  Ami                 Onge     1.270
gendstat:                  Ami           Villabruna     1.611
gendstat:                  Ami           DevilsGate    -1.400
gendstat:                 Mixe         Ganj_Dareh_N     1.763
gendstat:                 Mixe                 Onge     2.633
gendstat:                 Mixe           Villabruna     2.879
gendstat:                 Mixe           DevilsGate     0.173
gendstat:         Ganj_Dareh_N                 Onge     0.709
gendstat:         Ganj_Dareh_N           Villabruna     1.340
gendstat:         Ganj_Dareh_N           DevilsGate    -1.502
gendstat:                 Onge           Villabruna     0.726
gendstat:                 Onge           DevilsGate    -2.164
gendstat:           Villabruna           DevilsGate    -2.397

## end of run
