/home/cliu7/utils/AdmixTools/bin/qpWave: parameter file: temp/param/qpAdm_Tibetan_Shigatse.Mebrak.Southeast_China.partwdkbg9a
### THE INPUT PARAMETERS
##PARAMETER NAME: VALUE
DIR: data/intermediate
S1: HO_all_merged.qpAdm
indivname: data/intermediate/HO_all_merged.qpAdm.grouped.ind
snpname: data/intermediate/HO_all_merged.qpAdm.snp
genotypename: data/intermediate/HO_all_merged.qpAdm.geno
popleft: temp/param/left.twdkbg9a
popright: temp/param/right.twdkbg9a
details: YES
## qpWave version: 410
packed geno read OK
end of inpack

left pops:
Tibetan_Shigatse
Mebrak
Southeast_China

right pops:
Mbuti
Anatolia_N
Ami
Mixe
Ganj_Dareh_N
Onge
Villabruna
DevilsGate

  0     Tibetan_Shigatse   10
  1               Mebrak    8
  2      Southeast_China   97
  3                Mbuti   10
  4           Anatolia_N   25
  5                  Ami   10
  6                 Mixe   10
  7         Ganj_Dareh_N    7
  8                 Onge   12
  9           Villabruna    1
 10           DevilsGate    4
jackknife block size:     0.050
snps: 498990  indivs: 194
number of blocks for block jackknife: 710
dof (jackknife):   583.466
numsnps used: 418157
f4info: 
f4rank: 0 dof:     14 chisq:  1842.059 tail:                    0 dofdiff:      0 chisqdiff:     0.000 taildiff:                    1

f4info: 
f4rank: 1 dof:      6 chisq:    23.718 tail:        0.00058839821 dofdiff:      8 chisqdiff:  1818.341 taildiff:                    0
B:
          scale     1.000 
     Anatolia_N    -0.102 
            Ami     2.580 
           Mixe     0.186 
   Ganj_Dareh_N    -0.062 
           Onge     0.435 
     Villabruna    -0.245 
     DevilsGate     0.217 
A:
          scale   913.159 
         Mebrak    -0.119 
Southeast_China     1.409 

f4info: 
f4rank: 2 dof:      0 chisq:     0.000 tail:                    1 dofdiff:      6 chisqdiff:    23.718 taildiff:        0.00058839821
B:
          scale     1.000     1.000 
     Anatolia_N    -0.117     0.669 
            Ami     2.587    -0.325 
           Mixe     0.149     2.157 
   Ganj_Dareh_N    -0.069     0.152 
           Onge     0.404     1.269 
     Villabruna    -0.262    -0.087 
     DevilsGate     0.190     0.392 
A:
          scale   934.497  4313.438 
         Mebrak    -0.275    -1.387 
Southeast_China     1.387    -0.275 

## end of run
