/home/cliu7/utils/AdmixTools/bin/qpAdm: parameter file: temp/param/qpAdm_Tibetan_Nagqu.Kyang.Pulliyar.parx9s3u1tk
### THE INPUT PARAMETERS
##PARAMETER NAME: VALUE
DIR: data/intermediate
S1: HO_all_merged.qpAdm
indivname: data/intermediate/HO_all_merged.qpAdm.grouped.ind
snpname: data/intermediate/HO_all_merged.qpAdm.snp
genotypename: data/intermediate/HO_all_merged.qpAdm.geno
popleft: temp/param/left.x9s3u1tk
popright: temp/param/right.x9s3u1tk
details: YES
## qpAdm version: 810
seed: -1522015896
packed geno read OK
end of inpack

left pops:
Tibetan_Nagqu
Kyang
Pulliyar

right pops:
Mbuti
Anatolia_N
Ami
Mixe
Ganj_Dareh_N
Onge
Villabruna
DevilsGate

  0        Tibetan_Nagqu    8
  1                Kyang    7
  2             Pulliyar   35
  3                Mbuti   10
  4           Anatolia_N   25
  5                  Ami   10
  6                 Mixe   10
  7         Ganj_Dareh_N    7
  8                 Onge   12
  9           Villabruna    1
 10           DevilsGate    4
jackknife block size:     0.050
snps: 498990  indivs: 129
number of blocks for block jackknife: 710
## ncols: 498990
coverage:        Tibetan_Nagqu 498036
coverage:                Kyang 498984
coverage:             Pulliyar 459213
coverage:                Mbuti 498990
coverage:           Anatolia_N 498137
coverage:                  Ami 498990
coverage:                 Mixe 498990
coverage:         Ganj_Dareh_N 457128
coverage:                 Onge 498990
coverage:           Villabruna 415230
coverage:           DevilsGate 498716
dof (jackknife):   584.878
numsnps used: 389397
codimension 1
f4info: 
f4rank: 1 dof:      6 chisq:    12.404 tail:         0.0535432335 dofdiff:      8 chisqdiff:   -12.404 taildiff:                    1
B:
          scale     1.000 
     Anatolia_N    -0.209 
            Ami     1.556 
           Mixe     1.140 
   Ganj_Dareh_N    -0.362 
           Onge     0.292 
     Villabruna    -0.080 
     DevilsGate     1.736 
A:
          scale   201.794 
          Kyang    -0.087 
       Pulliyar    -1.412 


full rank
f4info: 
f4rank: 2 dof:      0 chisq:     0.000 tail:                    1 dofdiff:      6 chisqdiff:    12.404 taildiff:         0.0535432335
B:
          scale     1.000     1.000 
     Anatolia_N    -0.210    -0.151 
            Ami     1.557     1.399 
           Mixe     1.138     0.499 
   Ganj_Dareh_N    -0.364     1.734 
           Onge     0.291    -0.282 
     Villabruna    -0.082    -0.689 
     DevilsGate     1.736    -1.100 
A:
          scale   202.022  7954.775 
          Kyang    -0.085    -1.376 
       Pulliyar    -1.412    -0.328 


best coefficients:     1.066    -0.066 
Jackknife mean:      1.065565710    -0.065565710 
      std. errors:     0.013     0.013 

error covariance (* 1000000)
       171       -171 
      -171        171 


summ: Tibetan_Nagqu    2      0.053543     1.066    -0.066   171  -171   171 

    fixed pat  wt  dof     chisq       tail prob
           00  0     6    12.404       0.0535432     1.066    -0.066  infeasible
           01  1     7    40.046     1.23371e-06     1.000    -0.000 
           10  1     7  4221.862               0     0.000     1.000 
best pat:           00        0.0535432              -  -
best pat:           01      1.23371e-06  chi(nested):    27.642 p-value for nested model:     1.45985e-07

coeffs:     1.066    -0.066 

## dscore:: f_4(Base, Fit, Rbase, right2)
## genstat:: f_4(Base, Fit, right1, right2)

details:           Kyang      Anatolia_N     0.000032    0.212437
details:        Pulliyar      Anatolia_N     0.001440    6.715300
dscore:      Anatolia_N f4:    -0.000060 Z:    -0.376704

details:           Kyang             Ami    -0.000956   -5.179131
details:        Pulliyar             Ami    -0.010967  -44.104318
dscore:             Ami f4:    -0.000298 Z:    -1.538561

details:           Kyang            Mixe    -0.000644   -3.281395
details:        Pulliyar            Mixe    -0.007995  -30.247682
dscore:            Mixe f4:    -0.000161 Z:    -0.785277

details:           Kyang    Ganj_Dareh_N    -0.000226   -1.250431
details:        Pulliyar    Ganj_Dareh_N     0.002437    9.794989
dscore:    Ganj_Dareh_N f4:    -0.000401 Z:    -2.120468

details:           Kyang            Onge    -0.000170   -0.915798
details:        Pulliyar            Onge    -0.002052   -8.567265
dscore:            Onge f4:    -0.000046 Z:    -0.238082

details:           Kyang      Villabruna     0.000130    0.559733
details:        Pulliyar      Villabruna     0.000580    1.749844
dscore:      Villabruna f4:     0.000101 Z:     0.412297

details:           Kyang      DevilsGate    -0.000617   -2.885160
details:        Pulliyar      DevilsGate    -0.012132  -44.102189
dscore:      DevilsGate f4:     0.000140 Z:     0.623059

gendstat:                Mbuti           Anatolia_N    -0.377
gendstat:                Mbuti                  Ami    -1.539
gendstat:                Mbuti                 Mixe    -0.785
gendstat:                Mbuti         Ganj_Dareh_N    -2.120
gendstat:                Mbuti                 Onge    -0.238
gendstat:                Mbuti           Villabruna     0.412
gendstat:                Mbuti           DevilsGate     0.623
gendstat:           Anatolia_N                  Ami    -1.271
gendstat:           Anatolia_N                 Mixe    -0.525
gendstat:           Anatolia_N         Ganj_Dareh_N    -2.068
gendstat:           Anatolia_N                 Onge     0.077
gendstat:           Anatolia_N           Villabruna     0.737
gendstat:           Anatolia_N           DevilsGate     0.918
gendstat:                  Ami                 Mixe     0.793
gendstat:                  Ami         Ganj_Dareh_N    -0.483
gendstat:                  Ami                 Onge     1.370
gendstat:                  Ami           Villabruna     1.509
gendstat:                  Ami           DevilsGate     2.238
gendstat:                 Mixe         Ganj_Dareh_N    -1.064
gendstat:                 Mixe                 Onge     0.563
gendstat:                 Mixe           Villabruna     1.026
gendstat:                 Mixe           DevilsGate     1.452
gendstat:         Ganj_Dareh_N                 Onge     1.658
gendstat:         Ganj_Dareh_N           Villabruna     1.958
gendstat:         Ganj_Dareh_N           DevilsGate     2.251
gendstat:                 Onge           Villabruna     0.558
gendstat:                 Onge           DevilsGate     0.799
gendstat:           Villabruna           DevilsGate     0.133

## end of run
