/home/cliu7/utils/AdmixTools/bin/qpAdm: parameter file: temp/param/qpAdm_Tibetan_Shannan.Rhirhi.Mala.parcpiay2q2
### THE INPUT PARAMETERS
##PARAMETER NAME: VALUE
DIR: data/intermediate
S1: HO_all_merged.qpAdm
indivname: data/intermediate/HO_all_merged.qpAdm.grouped.ind
snpname: data/intermediate/HO_all_merged.qpAdm.snp
genotypename: data/intermediate/HO_all_merged.qpAdm.geno
popleft: temp/param/left.cpiay2q2
popright: temp/param/right.cpiay2q2
details: YES
## qpAdm version: 810
seed: 559112997
packed geno read OK
end of inpack

left pops:
Tibetan_Shannan
Rhirhi
Mala

right pops:
Mbuti
Anatolia_N
Ami
Mixe
Ganj_Dareh_N
Onge
Villabruna
DevilsGate

  0      Tibetan_Shannan    9
  1               Rhirhi    4
  2                 Mala   11
  3                Mbuti   10
  4           Anatolia_N   25
  5                  Ami   10
  6                 Mixe   10
  7         Ganj_Dareh_N    7
  8                 Onge   12
  9           Villabruna    1
 10           DevilsGate    4
jackknife block size:     0.050
snps: 498990  indivs: 103
number of blocks for block jackknife: 710
## ncols: 498990
coverage:      Tibetan_Shannan 498036
coverage:               Rhirhi 489694
coverage:                 Mala 498990
coverage:                Mbuti 498990
coverage:           Anatolia_N 498137
coverage:                  Ami 498990
coverage:                 Mixe 498990
coverage:         Ganj_Dareh_N 457128
coverage:                 Onge 498990
coverage:           Villabruna 415230
coverage:           DevilsGate 498716
dof (jackknife):   583.350
numsnps used: 415389
codimension 1
f4info: 
f4rank: 1 dof:      6 chisq:    19.599 tail:        0.00326349342 dofdiff:      8 chisqdiff:   -19.599 taildiff:                    1
B:
          scale     1.000 
     Anatolia_N    -0.307 
            Ami     1.557 
           Mixe     1.074 
   Ganj_Dareh_N    -0.466 
           Onge     0.364 
     Villabruna    -0.136 
     DevilsGate     1.720 
A:
          scale   203.188 
         Rhirhi    -0.071 
           Mala    -1.412 


full rank
f4info: 
f4rank: 2 dof:      0 chisq:     0.000 tail:                    1 dofdiff:      6 chisqdiff:    19.599 taildiff:        0.00326349342
B:
          scale     1.000     1.000 
     Anatolia_N    -0.308     0.883 
            Ami     1.557     0.416 
           Mixe     1.075     0.723 
   Ganj_Dareh_N    -0.466     1.056 
           Onge     0.362     0.711 
     Villabruna    -0.142    -1.105 
     DevilsGate     1.720    -1.638 
A:
          scale   202.612  4082.024 
         Rhirhi    -0.104    -1.405 
           Mala    -1.410    -0.162 


best coefficients:     1.053    -0.053 
Jackknife mean:      1.053113696    -0.053113696 
      std. errors:     0.016     0.016 

error covariance (* 1000000)
       253       -253 
      -253        253 


summ: Tibetan_Shannan    2      0.003263     1.053    -0.053   253  -253   253 

    fixed pat  wt  dof     chisq       tail prob
           00  0     6    19.599      0.00326349     1.053    -0.053  infeasible
           01  1     7    31.831     4.36587e-05     1.000    -0.000 
           10  1     7  4519.715               0     0.000     1.000 
best pat:           00       0.00326349              -  -
best pat:           01      4.36587e-05  chi(nested):    12.232 p-value for nested model:     0.000469753

coeffs:     1.053    -0.053 

## dscore:: f_4(Base, Fit, Rbase, right2)
## genstat:: f_4(Base, Fit, right1, right2)

details:          Rhirhi      Anatolia_N    -0.000155   -0.814715
details:            Mala      Anatolia_N     0.002092   10.446370
dscore:      Anatolia_N f4:    -0.000275 Z:    -1.387075

details:          Rhirhi             Ami    -0.000970   -4.273621
details:            Mala             Ami    -0.010869  -46.840637
dscore:             Ami f4:    -0.000443 Z:    -1.869043

details:          Rhirhi            Mixe    -0.000815   -3.375480
details:            Mala            Mixe    -0.007523  -30.650195
dscore:            Mixe f4:    -0.000458 Z:    -1.808218

details:          Rhirhi    Ganj_Dareh_N    -0.000198   -0.800828
details:            Mala    Ganj_Dareh_N     0.003185   13.996374
dscore:    Ganj_Dareh_N f4:    -0.000379 Z:    -1.461004

details:          Rhirhi            Onge    -0.000475   -2.013405
details:            Mala            Onge    -0.002562  -11.292803
dscore:            Onge f4:    -0.000363 Z:    -1.474117

details:          Rhirhi      Villabruna     0.000445    1.473548
details:            Mala      Villabruna     0.001018    3.328971
dscore:      Villabruna f4:     0.000414 Z:     1.313987

details:          Rhirhi      DevilsGate    -0.000361   -1.301619
details:            Mala      DevilsGate    -0.011925  -45.236032
dscore:      DevilsGate f4:     0.000256 Z:     0.882647

gendstat:                Mbuti           Anatolia_N    -1.387
gendstat:                Mbuti                  Ami    -1.869
gendstat:                Mbuti                 Mixe    -1.808
gendstat:                Mbuti         Ganj_Dareh_N    -1.461
gendstat:                Mbuti                 Onge    -1.474
gendstat:                Mbuti           Villabruna     1.314
gendstat:                Mbuti           DevilsGate     0.883
gendstat:           Anatolia_N                  Ami    -0.750
gendstat:           Anatolia_N                 Mixe    -0.791
gendstat:           Anatolia_N         Ganj_Dareh_N    -0.505
gendstat:           Anatolia_N                 Onge    -0.373
gendstat:           Anatolia_N           Villabruna     2.521
gendstat:           Anatolia_N           DevilsGate     1.889
gendstat:                  Ami                 Mixe    -0.072
gendstat:                  Ami         Ganj_Dareh_N     0.242
gendstat:                  Ami                 Onge     0.329
gendstat:                  Ami           Villabruna     2.554
gendstat:                  Ami           DevilsGate     2.936
gendstat:                 Mixe         Ganj_Dareh_N     0.286
gendstat:                 Mixe                 Onge     0.369
gendstat:                 Mixe           Villabruna     2.624
gendstat:                 Mixe           DevilsGate     2.823
gendstat:         Ganj_Dareh_N                 Onge     0.054
gendstat:         Ganj_Dareh_N           Villabruna     2.433
gendstat:         Ganj_Dareh_N           DevilsGate     1.968
gendstat:                 Onge           Villabruna     2.295
gendstat:                 Onge           DevilsGate     2.106
gendstat:           Villabruna           DevilsGate    -0.426

## end of run
