/home/cliu7/utils/AdmixTools/bin/qpWave: parameter file: temp/param/qpAdm_Tibetan_Lhasa.Rhirhi.Pulliyar.parmie3x_b3
### THE INPUT PARAMETERS
##PARAMETER NAME: VALUE
DIR: data/intermediate
S1: HO_all_merged.qpAdm
indivname: data/intermediate/HO_all_merged.qpAdm.grouped.ind
snpname: data/intermediate/HO_all_merged.qpAdm.snp
genotypename: data/intermediate/HO_all_merged.qpAdm.geno
popleft: temp/param/left.mie3x_b3
popright: temp/param/right.mie3x_b3
details: YES
## qpWave version: 410
packed geno read OK
end of inpack

left pops:
Tibetan_Lhasa
Rhirhi
Pulliyar

right pops:
Mbuti
Anatolia_N
Ami
Mixe
Ganj_Dareh_N
Onge
Villabruna
DevilsGate

  0        Tibetan_Lhasa    9
  1               Rhirhi    4
  2             Pulliyar   35
  3                Mbuti   10
  4           Anatolia_N   25
  5                  Ami   10
  6                 Mixe   10
  7         Ganj_Dareh_N    7
  8                 Onge   12
  9           Villabruna    1
 10           DevilsGate    4
jackknife block size:     0.050
snps: 498990  indivs: 127
number of blocks for block jackknife: 710
dof (jackknife):   584.933
numsnps used: 387250
f4info: 
f4rank: 0 dof:     14 chisq:  4351.525 tail:                    0 dofdiff:      0 chisqdiff:     0.000 taildiff:                    1

f4info: 
f4rank: 1 dof:      6 chisq:    22.175 tail:        0.00112546229 dofdiff:      8 chisqdiff:  4329.350 taildiff:                    0
B:
          scale     1.000 
     Anatolia_N    -0.198 
            Ami     1.572 
           Mixe     1.129 
   Ganj_Dareh_N    -0.344 
           Onge     0.291 
     Villabruna    -0.057 
     DevilsGate     1.735 
A:
          scale   205.017 
         Rhirhi    -0.089 
       Pulliyar    -1.411 

f4info: 
f4rank: 2 dof:      0 chisq:     0.000 tail:                    1 dofdiff:      6 chisqdiff:    22.175 taildiff:        0.00112546229
B:
          scale     1.000     1.000 
     Anatolia_N    -0.184     0.980 
            Ami     1.583     0.892 
           Mixe     1.137     0.638 
   Ganj_Dareh_N    -0.320     1.434 
           Onge     0.310     1.245 
     Villabruna    -0.060    -0.151 
     DevilsGate     1.722    -1.100 
A:
          scale   203.874  3501.765 
         Rhirhi    -0.117    -1.409 
       Pulliyar    -1.409     0.117 

## end of run
