/home/cliu7/utils/AdmixTools/bin/qpWave: parameter file: temp/param/qpAdm_Tibetan_Lhasa.Sherpa.LC.Southeast_China.parj347vei8
### THE INPUT PARAMETERS
##PARAMETER NAME: VALUE
DIR: data/intermediate
S1: HO_all_merged.qpAdm
indivname: data/intermediate/HO_all_merged.qpAdm.grouped.ind
snpname: data/intermediate/HO_all_merged.qpAdm.snp
genotypename: data/intermediate/HO_all_merged.qpAdm.geno
popleft: temp/param/left.j347vei8
popright: temp/param/right.j347vei8
details: YES
## qpWave version: 410
packed geno read OK
end of inpack

left pops:
Tibetan_Lhasa
Sherpa.LC
Southeast_China

right pops:
Mbuti
Anatolia_N
Ami
Mixe
Ganj_Dareh_N
Onge
Villabruna
DevilsGate

  0        Tibetan_Lhasa    9
  1            Sherpa.LC    9
  2      Southeast_China   97
  3                Mbuti   10
  4           Anatolia_N   25
  5                  Ami   10
  6                 Mixe   10
  7         Ganj_Dareh_N    7
  8                 Onge   12
  9           Villabruna    1
 10           DevilsGate    4
jackknife block size:     0.050
snps: 498990  indivs: 194
number of blocks for block jackknife: 710
dof (jackknife):   583.497
numsnps used: 418568
f4info: 
f4rank: 0 dof:     14 chisq:  1651.807 tail:                    0 dofdiff:      0 chisqdiff:     0.000 taildiff:                    1

f4info: 
f4rank: 1 dof:      6 chisq:     1.829 tail:          0.934753261 dofdiff:      8 chisqdiff:  1649.978 taildiff:                    0
B:
          scale     1.000 
     Anatolia_N    -0.183 
            Ami     2.575 
           Mixe     0.181 
   Ganj_Dareh_N    -0.130 
           Onge     0.362 
     Villabruna    -0.375 
     DevilsGate     0.112 
A:
          scale   971.159 
      Sherpa.LC    -0.145 
Southeast_China     1.407 

f4info: 
f4rank: 2 dof:      0 chisq:     0.000 tail:                    1 dofdiff:      6 chisqdiff:     1.829 taildiff:          0.934753261
B:
          scale     1.000     1.000 
     Anatolia_N    -0.208     1.175 
            Ami     2.571     0.217 
           Mixe     0.175     0.533 
   Ganj_Dareh_N    -0.156     1.106 
           Onge     0.337     1.117 
     Villabruna    -0.409     1.609 
     DevilsGate     0.102     0.479 
A:
          scale   972.241  9917.112 
      Sherpa.LC    -0.169    -1.404 
Southeast_China     1.404    -0.169 

## end of run
