/home/cliu7/utils/AdmixTools/bin/qpWave: parameter file: temp/param/qpAdm_Tibetan_Chamdo.Sherpa.LC.Mala.parlfilkho8
### THE INPUT PARAMETERS
##PARAMETER NAME: VALUE
DIR: data/intermediate
S1: HO_all_merged.qpAdm
indivname: data/intermediate/HO_all_merged.qpAdm.grouped.ind
snpname: data/intermediate/HO_all_merged.qpAdm.snp
genotypename: data/intermediate/HO_all_merged.qpAdm.geno
popleft: temp/param/left.lfilkho8
popright: temp/param/right.lfilkho8
details: YES
## qpWave version: 410
packed geno read OK
end of inpack

left pops:
Tibetan_Chamdo
Sherpa.LC
Mala

right pops:
Mbuti
Anatolia_N
Ami
Mixe
Ganj_Dareh_N
Onge
Villabruna
DevilsGate

  0       Tibetan_Chamdo   12
  1            Sherpa.LC    9
  2                 Mala   11
  3                Mbuti   10
  4           Anatolia_N   25
  5                  Ami   10
  6                 Mixe   10
  7         Ganj_Dareh_N    7
  8                 Onge   12
  9           Villabruna    1
 10           DevilsGate    4
jackknife block size:     0.050
snps: 498990  indivs: 111
number of blocks for block jackknife: 710
dof (jackknife):   583.339
numsnps used: 418175
f4info: 
f4rank: 0 dof:     14 chisq:  5284.554 tail:                    0 dofdiff:      0 chisqdiff:     0.000 taildiff:                    1

f4info: 
f4rank: 1 dof:      6 chisq:     2.443 tail:          0.874810918 dofdiff:      8 chisqdiff:  5282.111 taildiff:                    0
B:
          scale     1.000 
     Anatolia_N    -0.310 
            Ami     1.549 
           Mixe     1.079 
   Ganj_Dareh_N    -0.466 
           Onge     0.354 
     Villabruna    -0.130 
     DevilsGate     1.726 
A:
          scale   195.941 
      Sherpa.LC    -0.064 
           Mala    -1.413 

f4info: 
f4rank: 2 dof:      0 chisq:     0.000 tail:                    1 dofdiff:      6 chisqdiff:     2.443 taildiff:          0.874810918
B:
          scale     1.000     1.000 
     Anatolia_N    -0.307    -0.240 
            Ami     1.553    -1.684 
           Mixe     1.079     0.239 
   Ganj_Dareh_N    -0.468     0.837 
           Onge     0.352     1.236 
     Villabruna    -0.134     0.272 
     DevilsGate     1.723     1.322 
A:
          scale   196.133 23628.201 
      Sherpa.LC    -0.059     1.413 
           Mala    -1.413    -0.059 

## end of run
