/home/cliu7/utils/AdmixTools/bin/qpAdm: parameter file: temp/param/qpAdm_Tsum.LC.Lubrak.Southeast_China.partmyp_njg
### THE INPUT PARAMETERS
##PARAMETER NAME: VALUE
DIR: data/intermediate
S1: HO_all_merged.qpAdm
indivname: data/intermediate/HO_all_merged.qpAdm.grouped.ind
snpname: data/intermediate/HO_all_merged.qpAdm.snp
genotypename: data/intermediate/HO_all_merged.qpAdm.geno
popleft: temp/param/left.tmyp_njg
popright: temp/param/right.tmyp_njg
details: YES
## qpAdm version: 810
seed: -1240620932
packed geno read OK
end of inpack

left pops:
Tsum.LC
Lubrak
Southeast_China

right pops:
Mbuti
Anatolia_N
Ami
Mixe
Ganj_Dareh_N
Onge
Villabruna
DevilsGate

  0              Tsum.LC   10
  1               Lubrak    2
  2      Southeast_China   97
  3                Mbuti   10
  4           Anatolia_N   25
  5                  Ami   10
  6                 Mixe   10
  7         Ganj_Dareh_N    7
  8                 Onge   12
  9           Villabruna    1
 10           DevilsGate    4
jackknife block size:     0.050
snps: 498990  indivs: 188
number of blocks for block jackknife: 710
## ncols: 498990
coverage:              Tsum.LC 498990
coverage:               Lubrak 327444
coverage:      Southeast_China 498990
coverage:                Mbuti 498990
coverage:           Anatolia_N 498137
coverage:                  Ami 498990
coverage:                 Mixe 498990
coverage:         Ganj_Dareh_N 457128
coverage:                 Onge 498990
coverage:           Villabruna 415230
coverage:           DevilsGate 498716
dof (jackknife):   583.108
numsnps used: 306140
codimension 1
f4info: 
f4rank: 1 dof:      6 chisq:    14.778 tail:         0.0220541053 dofdiff:      8 chisqdiff:   -14.778 taildiff:                    1
B:
          scale     1.000 
     Anatolia_N    -0.114 
            Ami     2.541 
           Mixe     0.389 
   Ganj_Dareh_N    -0.085 
           Onge     0.439 
     Villabruna    -0.241 
     DevilsGate     0.351 
A:
          scale   852.557 
         Lubrak     0.024 
Southeast_China     1.414 


full rank
f4info: 
f4rank: 2 dof:      0 chisq:     0.000 tail:                    1 dofdiff:      6 chisqdiff:    14.778 taildiff:         0.0220541053
B:
          scale     1.000     1.000 
     Anatolia_N    -0.109     0.351 
            Ami     2.520    -1.586 
           Mixe     0.414     0.194 
   Ganj_Dareh_N    -0.045     0.401 
           Onge     0.438    -0.100 
     Villabruna    -0.201     1.180 
     DevilsGate     0.482     1.662 
A:
          scale   785.684  2405.774 
         Lubrak     0.441     1.414 
Southeast_China     1.344    -0.012 


best coefficients:     1.017    -0.017 
Jackknife mean:      1.014888619    -0.014888619 
      std. errors:     0.049     0.049 

error covariance (* 1000000)
      2414      -2414 
     -2414       2414 


summ: Tsum.LC    2      0.022054     1.015    -0.015  2414 -2414  2414 

    fixed pat  wt  dof     chisq       tail prob
           00  0     6    14.778       0.0220541     1.017    -0.017  infeasible
           01  1     7    14.892       0.0374118     1.000     0.000 
           10  1     7  1123.080               0     0.000     1.000 
best pat:           00        0.0220541              -  -
best pat:           01        0.0374118  chi(nested):     0.114 p-value for nested model:         0.73605

coeffs:     1.017    -0.017 

## dscore:: f_4(Base, Fit, Rbase, right2)
## genstat:: f_4(Base, Fit, right1, right2)

details:          Lubrak      Anatolia_N     0.000165    0.616515
details: Southeast_China      Anatolia_N    -0.000185   -1.259270
dscore:      Anatolia_N f4:     0.000171 Z:     0.629971

details:          Lubrak             Ami     0.000500    1.702188
details: Southeast_China             Ami     0.004323   25.909998
dscore:             Ami f4:     0.000435 Z:     1.458760

details:          Lubrak            Mixe     0.000363    1.156466
details: Southeast_China            Mixe     0.000713    4.146874
dscore:            Mixe f4:     0.000357 Z:     1.121169

details:          Lubrak    Ganj_Dareh_N     0.000230    0.704735
details: Southeast_China    Ganj_Dareh_N    -0.000074   -0.438314
dscore:    Ganj_Dareh_N f4:     0.000235 Z:     0.710376

details:          Lubrak            Onge     0.000202    0.653999
details: Southeast_China            Onge     0.000753    4.592346
dscore:            Onge f4:     0.000193 Z:     0.614463

details:          Lubrak      Villabruna     0.000613    1.495213
details: Southeast_China      Villabruna    -0.000346   -1.486339
dscore:      Villabruna f4:     0.000630 Z:     1.513564

details:          Lubrak      DevilsGate     0.001262    3.491685
details: Southeast_China      DevilsGate     0.000824    4.083800
dscore:      DevilsGate f4:     0.001269 Z:     3.464335

gendstat:                Mbuti           Anatolia_N     0.630
gendstat:                Mbuti                  Ami     1.459
gendstat:                Mbuti                 Mixe     1.121
gendstat:                Mbuti         Ganj_Dareh_N     0.710
gendstat:                Mbuti                 Onge     0.614
gendstat:                Mbuti           Villabruna     1.514
gendstat:                Mbuti           DevilsGate     3.464
gendstat:           Anatolia_N                  Ami     1.035
gendstat:           Anatolia_N                 Mixe     0.645
gendstat:           Anatolia_N         Ganj_Dareh_N     0.234
gendstat:           Anatolia_N                 Onge     0.077
gendstat:           Anatolia_N           Villabruna     1.234
gendstat:           Anatolia_N           DevilsGate     3.142
gendstat:                  Ami                 Mixe    -0.309
gendstat:                  Ami         Ganj_Dareh_N    -0.603
gendstat:                  Ami                 Onge    -0.864
gendstat:                  Ami           Villabruna     0.476
gendstat:                  Ami           DevilsGate     2.767
gendstat:                 Mixe         Ganj_Dareh_N    -0.335
gendstat:                 Mixe                 Onge    -0.515
gendstat:                 Mixe           Villabruna     0.622
gendstat:                 Mixe           DevilsGate     2.786
gendstat:         Ganj_Dareh_N                 Onge    -0.122
gendstat:         Ganj_Dareh_N           Villabruna     0.899
gendstat:         Ganj_Dareh_N           DevilsGate     2.560
gendstat:                 Onge           Villabruna     1.004
gendstat:                 Onge           DevilsGate     2.870
gendstat:           Villabruna           DevilsGate     1.347

## end of run
