/home/cliu7/utils/AdmixTools/bin/qpAdm: parameter file: temp/param/qpAdm_Tsum.LC.Chokhopani.Mala.parfqv8rvao
### THE INPUT PARAMETERS
##PARAMETER NAME: VALUE
DIR: data/intermediate
S1: HO_all_merged.qpAdm
indivname: data/intermediate/HO_all_merged.qpAdm.grouped.ind
snpname: data/intermediate/HO_all_merged.qpAdm.snp
genotypename: data/intermediate/HO_all_merged.qpAdm.geno
popleft: temp/param/left.fqv8rvao
popright: temp/param/right.fqv8rvao
details: YES
## qpAdm version: 810
seed: -1106721064
packed geno read OK
end of inpack

left pops:
Tsum.LC
Chokhopani
Mala

right pops:
Mbuti
Anatolia_N
Ami
Mixe
Ganj_Dareh_N
Onge
Villabruna
DevilsGate

  0              Tsum.LC   10
  1           Chokhopani    2
  2                 Mala   11
  3                Mbuti   10
  4           Anatolia_N   25
  5                  Ami   10
  6                 Mixe   10
  7         Ganj_Dareh_N    7
  8                 Onge   12
  9           Villabruna    1
 10           DevilsGate    4
jackknife block size:     0.050
snps: 498990  indivs: 102
number of blocks for block jackknife: 710
## ncols: 498990
coverage:              Tsum.LC 498990
coverage:           Chokhopani 498917
coverage:                 Mala 498990
coverage:                Mbuti 498990
coverage:           Anatolia_N 498137
coverage:                  Ami 498990
coverage:                 Mixe 498990
coverage:         Ganj_Dareh_N 457128
coverage:                 Onge 498990
coverage:           Villabruna 415230
coverage:           DevilsGate 498716
dof (jackknife):   583.261
numsnps used: 420421
codimension 1
f4info: 
f4rank: 1 dof:      6 chisq:    11.960 tail:          0.062871054 dofdiff:      8 chisqdiff:   -11.960 taildiff:                    1
B:
          scale     1.000 
     Anatolia_N    -0.325 
            Ami     1.567 
           Mixe     1.049 
   Ganj_Dareh_N    -0.491 
           Onge     0.384 
     Villabruna    -0.163 
     DevilsGate     1.710 
A:
          scale   212.403 
     Chokhopani     0.025 
           Mala    -1.414 


full rank
f4info: 
f4rank: 2 dof:      0 chisq:     0.000 tail:                    1 dofdiff:      6 chisqdiff:    11.960 taildiff:          0.062871054
B:
          scale     1.000     1.000 
     Anatolia_N    -0.328     0.209 
            Ami     1.566     0.972 
           Mixe     1.051     1.237 
   Ganj_Dareh_N    -0.493     0.213 
           Onge     0.385    -1.730 
     Villabruna    -0.168     1.149 
     DevilsGate     1.708    -0.347 
A:
          scale   213.807  5534.977 
     Chokhopani     0.045    -1.353 
           Mala    -1.413    -0.412 


best coefficients:     0.982     0.018 
Jackknife mean:      0.982171204     0.017828796 
      std. errors:     0.016     0.016 

error covariance (* 1000000)
       245       -245 
      -245        245 


summ: Tsum.LC    2      0.062871     0.982     0.018   245  -245   245 

    fixed pat  wt  dof     chisq       tail prob
           00  0     6    11.960       0.0628711     0.982     0.018 
           01  1     7    13.138       0.0688092     1.000    -0.000 
           10  1     7  4025.204               0     0.000     1.000 
best pat:           00        0.0628711              -  -
best pat:           01        0.0688092  chi(nested):     1.178 p-value for nested model:        0.277664

coeffs:     0.982     0.018 

## dscore:: f_4(Base, Fit, Rbase, right2)
## genstat:: f_4(Base, Fit, right1, right2)

details:      Chokhopani      Anatolia_N    -0.000250   -1.150207
details:            Mala      Anatolia_N     0.002110   10.687184
dscore:      Anatolia_N f4:    -0.000208 Z:    -0.972306

details:      Chokhopani             Ami     0.000012    0.048031
details:            Mala             Ami    -0.010463  -43.389258
dscore:             Ami f4:    -0.000173 Z:    -0.731189

details:      Chokhopani            Mixe    -0.000207   -0.781860
details:            Mala            Mixe    -0.007097  -28.216785
dscore:            Mixe f4:    -0.000328 Z:    -1.258571

details:      Chokhopani    Ganj_Dareh_N    -0.000285   -1.056462
details:            Mala    Ganj_Dareh_N     0.003201   13.499883
dscore:    Ganj_Dareh_N f4:    -0.000224 Z:    -0.840708

details:      Chokhopani            Onge     0.000370    1.435768
details:            Mala            Onge    -0.002479  -10.651532
dscore:            Onge f4:     0.000319 Z:     1.257562

details:      Chokhopani      Villabruna    -0.000590   -1.765105
details:            Mala      Villabruna     0.000935    2.905751
dscore:      Villabruna f4:    -0.000564 Z:    -1.706522

details:      Chokhopani      DevilsGate     0.000305    1.001903
details:            Mala      DevilsGate    -0.011317  -40.188148
dscore:      DevilsGate f4:     0.000101 Z:     0.334488

gendstat:                Mbuti           Anatolia_N    -0.972
gendstat:                Mbuti                  Ami    -0.731
gendstat:                Mbuti                 Mixe    -1.259
gendstat:                Mbuti         Ganj_Dareh_N    -0.841
gendstat:                Mbuti                 Onge     1.258
gendstat:                Mbuti           Villabruna    -1.707
gendstat:                Mbuti           DevilsGate     0.334
gendstat:           Anatolia_N                  Ami     0.152
gendstat:           Anatolia_N                 Mixe    -0.477
gendstat:           Anatolia_N         Ganj_Dareh_N    -0.074
gendstat:           Anatolia_N                 Onge     2.247
gendstat:           Anatolia_N           Villabruna    -1.196
gendstat:           Anatolia_N           DevilsGate     1.060
gendstat:                  Ami                 Mixe    -0.708
gendstat:                  Ami         Ganj_Dareh_N    -0.186
gendstat:                  Ami                 Onge     2.100
gendstat:                  Ami           Villabruna    -1.092
gendstat:                  Ami           DevilsGate     1.107
gendstat:                 Mixe         Ganj_Dareh_N     0.358
gendstat:                 Mixe                 Onge     2.454
gendstat:                 Mixe           Villabruna    -0.640
gendstat:                 Mixe           DevilsGate     1.554
gendstat:         Ganj_Dareh_N                 Onge     1.994
gendstat:         Ganj_Dareh_N           Villabruna    -0.970
gendstat:         Ganj_Dareh_N           DevilsGate     0.970
gendstat:                 Onge           Villabruna    -2.480
gendstat:                 Onge           DevilsGate    -0.711
gendstat:           Villabruna           DevilsGate     1.619

## end of run
