/home/cliu7/utils/AdmixTools/bin/qpAdm: parameter file: temp/param/qpAdm_Tsum.LC.Samdzong.Han.parylqj3_en
### THE INPUT PARAMETERS
##PARAMETER NAME: VALUE
DIR: data/intermediate
S1: HO_all_merged.qpAdm
indivname: data/intermediate/HO_all_merged.qpAdm.grouped.ind
snpname: data/intermediate/HO_all_merged.qpAdm.snp
genotypename: data/intermediate/HO_all_merged.qpAdm.geno
popleft: temp/param/left.ylqj3_en
popright: temp/param/right.ylqj3_en
details: YES
## qpAdm version: 810
seed: 1247805612
packed geno read OK
end of inpack

left pops:
Tsum.LC
Samdzong
Han

right pops:
Mbuti
Anatolia_N
Ami
Mixe
Ganj_Dareh_N
Onge
Villabruna
DevilsGate

  0              Tsum.LC   10
  1             Samdzong    9
  2                  Han   33
  3                Mbuti   10
  4           Anatolia_N   25
  5                  Ami   10
  6                 Mixe   10
  7         Ganj_Dareh_N    7
  8                 Onge   12
  9           Villabruna    1
 10           DevilsGate    4
jackknife block size:     0.050
snps: 498990  indivs: 131
number of blocks for block jackknife: 710
## ncols: 498990
coverage:              Tsum.LC 498990
coverage:             Samdzong 498985
coverage:                  Han 498990
coverage:                Mbuti 498990
coverage:           Anatolia_N 498137
coverage:                  Ami 498990
coverage:                 Mixe 498990
coverage:         Ganj_Dareh_N 457128
coverage:                 Onge 498990
coverage:           Villabruna 415230
coverage:           DevilsGate 498716
dof (jackknife):   583.395
numsnps used: 421298
codimension 1
f4info: 
f4rank: 1 dof:      6 chisq:     4.958 tail:          0.549163113 dofdiff:      8 chisqdiff:    -4.958 taildiff:                    1
B:
          scale     1.000 
     Anatolia_N    -0.096 
            Ami     2.296 
           Mixe     0.727 
   Ganj_Dareh_N     0.021 
           Onge     0.377 
     Villabruna    -0.135 
     DevilsGate     1.016 
A:
          scale   843.382 
       Samdzong    -0.084 
            Han     1.412 


full rank
f4info: 
f4rank: 2 dof:      0 chisq:     0.000 tail:                    1 dofdiff:      6 chisqdiff:     4.958 taildiff:          0.549163113
B:
          scale     1.000     1.000 
     Anatolia_N    -0.089    -1.260 
            Ami     2.293     0.892 
           Mixe     0.732     0.227 
   Ganj_Dareh_N     0.027     1.236 
           Onge     0.378     1.003 
     Villabruna    -0.129     0.657 
     DevilsGate     1.018    -1.265 
A:
          scale   829.003 13157.718 
       Samdzong    -0.046    -1.306 
            Han     1.413    -0.543 


best coefficients:     0.944     0.056 
Jackknife mean:      0.943219484     0.056780516 
      std. errors:     0.034     0.034 

error covariance (* 1000000)
      1166      -1166 
     -1166       1166 


summ: Tsum.LC    2      0.549163     0.943     0.057  1166 -1166  1166 

    fixed pat  wt  dof     chisq       tail prob
           00  0     6     4.958        0.549163     0.944     0.056 
           01  1     7     7.444        0.384186     1.000     0.000 
           10  1     7   912.794               0     0.000     1.000 
best pat:           00         0.549163              -  -
best pat:           01         0.384186  chi(nested):     2.485 p-value for nested model:        0.114912

coeffs:     0.944     0.056 

## dscore:: f_4(Base, Fit, Rbase, right2)
## genstat:: f_4(Base, Fit, right1, right2)

details:        Samdzong      Anatolia_N     0.000077    0.490876
details:             Han      Anatolia_N    -0.000121   -0.882185
dscore:      Anatolia_N f4:     0.000066 Z:     0.432069

details:        Samdzong             Ami    -0.000249   -1.389108
details:             Han             Ami     0.003865   25.242147
dscore:             Ami f4:    -0.000018 Z:    -0.105997

details:        Samdzong            Mixe    -0.000103   -0.553606
details:             Han            Mixe     0.001226    7.765862
dscore:            Mixe f4:    -0.000028 Z:    -0.155749

details:        Samdzong    Ganj_Dareh_N    -0.000166   -0.930090
details:             Han    Ganj_Dareh_N    -0.000020   -0.128510
dscore:    Ganj_Dareh_N f4:    -0.000158 Z:    -0.910992

details:        Samdzong            Onge    -0.000162   -0.872124
details:             Han            Onge     0.000587    3.847432
dscore:            Onge f4:    -0.000120 Z:    -0.666455

details:        Samdzong      Villabruna    -0.000128   -0.489362
details:             Han      Villabruna    -0.000278   -1.302890
dscore:      Villabruna f4:    -0.000136 Z:    -0.537136

details:        Samdzong      DevilsGate     0.000054    0.253450
details:             Han      DevilsGate     0.001787    9.684388
dscore:      DevilsGate f4:     0.000151 Z:     0.729332

gendstat:                Mbuti           Anatolia_N     0.432
gendstat:                Mbuti                  Ami    -0.106
gendstat:                Mbuti                 Mixe    -0.156
gendstat:                Mbuti         Ganj_Dareh_N    -0.911
gendstat:                Mbuti                 Onge    -0.666
gendstat:                Mbuti           Villabruna    -0.537
gendstat:                Mbuti           DevilsGate     0.729
gendstat:           Anatolia_N                  Ami    -0.502
gendstat:           Anatolia_N                 Mixe    -0.520
gendstat:           Anatolia_N         Ganj_Dareh_N    -1.524
gendstat:           Anatolia_N                 Onge    -1.111
gendstat:           Anatolia_N           Villabruna    -0.941
gendstat:           Anatolia_N           DevilsGate     0.421
gendstat:                  Ami                 Mixe    -0.062
gendstat:                  Ami         Ganj_Dareh_N    -0.747
gendstat:                  Ami                 Onge    -0.612
gendstat:                  Ami           Villabruna    -0.453
gendstat:                  Ami           DevilsGate     0.985
gendstat:                 Mixe         Ganj_Dareh_N    -0.662
gendstat:                 Mixe                 Onge    -0.490
gendstat:                 Mixe           Villabruna    -0.414
gendstat:                 Mixe           DevilsGate     0.913
gendstat:         Ganj_Dareh_N                 Onge     0.192
gendstat:         Ganj_Dareh_N           Villabruna     0.089
gendstat:         Ganj_Dareh_N           DevilsGate     1.380
gendstat:                 Onge           Villabruna    -0.062
gendstat:                 Onge           DevilsGate     1.329
gendstat:           Villabruna           DevilsGate     1.021

## end of run
