/home/cliu7/utils/AdmixTools/bin/qpWave: parameter file: temp/param/qpAdm_Tsum.LC.Lubrak.Han.paru63mszqj
### THE INPUT PARAMETERS
##PARAMETER NAME: VALUE
DIR: data/intermediate
S1: HO_all_merged.qpAdm
indivname: data/intermediate/HO_all_merged.qpAdm.grouped.ind
snpname: data/intermediate/HO_all_merged.qpAdm.snp
genotypename: data/intermediate/HO_all_merged.qpAdm.geno
popleft: temp/param/left.u63mszqj
popright: temp/param/right.u63mszqj
details: YES
## qpWave version: 410
packed geno read OK
end of inpack

left pops:
Tsum.LC
Lubrak
Han

right pops:
Mbuti
Anatolia_N
Ami
Mixe
Ganj_Dareh_N
Onge
Villabruna
DevilsGate

  0              Tsum.LC   10
  1               Lubrak    2
  2                  Han   33
  3                Mbuti   10
  4           Anatolia_N   25
  5                  Ami   10
  6                 Mixe   10
  7         Ganj_Dareh_N    7
  8                 Onge   12
  9           Villabruna    1
 10           DevilsGate    4
jackknife block size:     0.050
snps: 498990  indivs: 124
number of blocks for block jackknife: 710
dof (jackknife):   583.241
numsnps used: 307050
f4info: 
f4rank: 0 dof:     14 chisq:   956.796 tail:      2.89261609e-195 dofdiff:      0 chisqdiff:     0.000 taildiff:                    1

f4info: 
f4rank: 1 dof:      6 chisq:    13.981 tail:         0.0298475683 dofdiff:      8 chisqdiff:   942.815 taildiff:      3.27482483e-198
B:
          scale     1.000 
     Anatolia_N    -0.060 
            Ami     2.307 
           Mixe     0.743 
   Ganj_Dareh_N    -0.037 
           Onge     0.393 
     Villabruna    -0.169 
     DevilsGate     0.969 
A:
          scale   853.781 
         Lubrak     0.078 
            Han     1.412 

f4info: 
f4rank: 2 dof:      0 chisq:     0.000 tail:                    1 dofdiff:      6 chisqdiff:    13.981 taildiff:         0.0298475683
B:
          scale     1.000     1.000 
     Anatolia_N    -0.030     0.417 
            Ami     2.221    -0.992 
           Mixe     0.752     0.120 
   Ganj_Dareh_N     0.029     0.513 
           Onge     0.389     0.096 
     Villabruna    -0.038     1.480 
     DevilsGate     1.161     1.834 
A:
          scale   805.991  3241.547 
         Lubrak     0.333     1.374 
            Han     1.374    -0.333 

## end of run
