/home/cliu7/utils/AdmixTools/bin/qpAdm: parameter file: temp/param/qpAdm_Tsum.LC.Sherpa.LC.Pulliyar.par6xfl_uwg
### THE INPUT PARAMETERS
##PARAMETER NAME: VALUE
DIR: data/intermediate
S1: HO_all_merged.qpAdm
indivname: data/intermediate/HO_all_merged.qpAdm.grouped.ind
snpname: data/intermediate/HO_all_merged.qpAdm.snp
genotypename: data/intermediate/HO_all_merged.qpAdm.geno
popleft: temp/param/left.6xfl_uwg
popright: temp/param/right.6xfl_uwg
details: YES
## qpAdm version: 810
seed: -2039115383
packed geno read OK
end of inpack

left pops:
Tsum.LC
Sherpa.LC
Pulliyar

right pops:
Mbuti
Anatolia_N
Ami
Mixe
Ganj_Dareh_N
Onge
Villabruna
DevilsGate

  0              Tsum.LC   10
  1            Sherpa.LC    9
  2             Pulliyar   35
  3                Mbuti   10
  4           Anatolia_N   25
  5                  Ami   10
  6                 Mixe   10
  7         Ganj_Dareh_N    7
  8                 Onge   12
  9           Villabruna    1
 10           DevilsGate    4
jackknife block size:     0.050
snps: 498990  indivs: 133
number of blocks for block jackknife: 710
## ncols: 498990
coverage:              Tsum.LC 498990
coverage:            Sherpa.LC 498990
coverage:             Pulliyar 459213
coverage:                Mbuti 498990
coverage:           Anatolia_N 498137
coverage:                  Ami 498990
coverage:                 Mixe 498990
coverage:         Ganj_Dareh_N 457128
coverage:                 Onge 498990
coverage:           Villabruna 415230
coverage:           DevilsGate 498716
dof (jackknife):   584.921
numsnps used: 390408
codimension 1
f4info: 
f4rank: 1 dof:      6 chisq:     8.469 tail:          0.205742574 dofdiff:      8 chisqdiff:    -8.469 taildiff:                    1
B:
          scale     1.000 
     Anatolia_N    -0.222 
            Ami     1.559 
           Mixe     1.132 
   Ganj_Dareh_N    -0.377 
           Onge     0.279 
     Villabruna    -0.095 
     DevilsGate     1.734 
A:
          scale   216.288 
      Sherpa.LC     0.033 
       Pulliyar    -1.414 


full rank
f4info: 
f4rank: 2 dof:      0 chisq:     0.000 tail:                    1 dofdiff:      6 chisqdiff:     8.469 taildiff:          0.205742574
B:
          scale     1.000     1.000 
     Anatolia_N    -0.223     0.118 
            Ami     1.558    -2.211 
           Mixe     1.133     0.337 
   Ganj_Dareh_N    -0.377     0.929 
           Onge     0.277     0.002 
     Villabruna    -0.097     0.035 
     DevilsGate     1.735     1.058 
A:
          scale   217.915  9723.983 
      Sherpa.LC     0.054     1.289 
       Pulliyar    -1.413     0.581 


best coefficients:     0.977     0.023 
Jackknife mean:      0.977063439     0.022936561 
      std. errors:     0.011     0.011 

error covariance (* 1000000)
       127       -127 
      -127        127 


summ: Tsum.LC    2      0.205743     0.977     0.023   127  -127   127 

    fixed pat  wt  dof     chisq       tail prob
           00  0     6     8.469        0.205743     0.977     0.023 
           01  1     7    12.369       0.0890636     1.000    -0.000 
           10  1     7  3782.145               0     0.000     1.000 
best pat:           00         0.205743              -  -
best pat:           01        0.0890636  chi(nested):     3.900 p-value for nested model:       0.0482792

coeffs:     0.977     0.023 

## dscore:: f_4(Base, Fit, Rbase, right2)
## genstat:: f_4(Base, Fit, right1, right2)

details:       Sherpa.LC      Anatolia_N    -0.000001   -0.003787
details:        Pulliyar      Anatolia_N     0.001446    6.800395
dscore:      Anatolia_N f4:     0.000032 Z:     0.212262

details:       Sherpa.LC             Ami     0.000118    0.668217
details:        Pulliyar             Ami    -0.010258  -40.407895
dscore:             Ami f4:    -0.000119 Z:    -0.678614

details:       Sherpa.LC            Mixe     0.000334    1.764932
details:        Pulliyar            Mixe    -0.007361  -28.071157
dscore:            Mixe f4:     0.000158 Z:     0.846796

details:       Sherpa.LC    Ganj_Dareh_N     0.000075    0.394646
details:        Pulliyar    Ganj_Dareh_N     0.002499   10.160279
dscore:    Ganj_Dareh_N f4:     0.000130 Z:     0.696343

details:       Sherpa.LC            Onge     0.000068    0.370412
details:        Pulliyar            Onge    -0.001825   -7.488406
dscore:            Onge f4:     0.000025 Z:     0.137851

details:       Sherpa.LC      Villabruna     0.000024    0.098567
details:        Pulliyar      Villabruna     0.000641    1.903954
dscore:      Villabruna f4:     0.000038 Z:     0.157590

details:       Sherpa.LC      DevilsGate     0.000602    2.840270
details:        Pulliyar      DevilsGate    -0.011211  -39.267952
dscore:      DevilsGate f4:     0.000332 Z:     1.588498

gendstat:                Mbuti           Anatolia_N     0.212
gendstat:                Mbuti                  Ami    -0.679
gendstat:                Mbuti                 Mixe     0.847
gendstat:                Mbuti         Ganj_Dareh_N     0.696
gendstat:                Mbuti                 Onge     0.138
gendstat:                Mbuti           Villabruna     0.158
gendstat:                Mbuti           DevilsGate     1.588
gendstat:           Anatolia_N                  Ami    -0.903
gendstat:           Anatolia_N                 Mixe     0.700
gendstat:           Anatolia_N         Ganj_Dareh_N     0.636
gendstat:           Anatolia_N                 Onge    -0.045
gendstat:           Anatolia_N           Villabruna     0.029
gendstat:           Anatolia_N           DevilsGate     1.497
gendstat:                  Ami                 Mixe     1.705
gendstat:                  Ami         Ganj_Dareh_N     1.319
gendstat:                  Ami                 Onge     0.849
gendstat:                  Ami           Villabruna     0.636
gendstat:                  Ami           DevilsGate     2.596
gendstat:                 Mixe         Ganj_Dareh_N    -0.140
gendstat:                 Mixe                 Onge    -0.702
gendstat:                 Mixe           Villabruna    -0.467
gendstat:                 Mixe           DevilsGate     0.889
gendstat:         Ganj_Dareh_N                 Onge    -0.522
gendstat:         Ganj_Dareh_N           Villabruna    -0.369
gendstat:         Ganj_Dareh_N           DevilsGate     0.890
gendstat:                 Onge           Villabruna     0.052
gendstat:                 Onge           DevilsGate     1.477
gendstat:           Villabruna           DevilsGate     1.110

## end of run
