/home/cliu7/utils/AdmixTools/bin/qpWave: parameter file: temp/param/qpAdm_Tsum.LC.Samdzong.Pathan.pardszhe1t1
### THE INPUT PARAMETERS
##PARAMETER NAME: VALUE
DIR: data/intermediate
S1: HO_all_merged.qpAdm
indivname: data/intermediate/HO_all_merged.qpAdm.grouped.ind
snpname: data/intermediate/HO_all_merged.qpAdm.snp
genotypename: data/intermediate/HO_all_merged.qpAdm.geno
popleft: temp/param/left.dszhe1t1
popright: temp/param/right.dszhe1t1
details: YES
## qpWave version: 410
packed geno read OK
end of inpack

left pops:
Tsum.LC
Samdzong
Pathan

right pops:
Mbuti
Anatolia_N
Ami
Mixe
Ganj_Dareh_N
Onge
Villabruna
DevilsGate

  0              Tsum.LC   10
  1             Samdzong    9
  2               Pathan   18
  3                Mbuti   10
  4           Anatolia_N   25
  5                  Ami   10
  6                 Mixe   10
  7         Ganj_Dareh_N    7
  8                 Onge   12
  9           Villabruna    1
 10           DevilsGate    4
jackknife block size:     0.050
snps: 498990  indivs: 116
number of blocks for block jackknife: 710
dof (jackknife):   583.300
numsnps used: 416862
f4info: 
f4rank: 0 dof:     14 chisq:  7041.944 tail:                    0 dofdiff:      0 chisqdiff:     0.000 taildiff:                    1

f4info: 
f4rank: 1 dof:      6 chisq:     6.525 tail:          0.367048059 dofdiff:      8 chisqdiff:  7035.419 taildiff:                    0
B:
          scale     1.000 
     Anatolia_N    -0.679 
            Ami     1.476 
           Mixe     0.856 
   Ganj_Dareh_N    -0.723 
           Onge     0.631 
     Villabruna    -0.509 
     DevilsGate     1.564 
A:
          scale   162.601 
       Samdzong    -0.012 
         Pathan    -1.414 

f4info: 
f4rank: 2 dof:      0 chisq:     0.000 tail:                    1 dofdiff:      6 chisqdiff:     6.525 taildiff:          0.367048059
B:
          scale     1.000     1.000 
     Anatolia_N    -0.679    -0.312 
            Ami     1.485     1.266 
           Mixe     0.861     0.431 
   Ganj_Dareh_N    -0.713     1.455 
           Onge     0.639     0.940 
     Villabruna    -0.498     1.101 
     DevilsGate     1.558    -0.950 
A:
          scale   162.714 10093.560 
       Samdzong    -0.008    -1.414 
         Pathan    -1.414     0.008 

## end of run
