/home/cliu7/utils/AdmixTools/bin/qpWave: parameter file: temp/param/qpAdm_Tsum.LC.Chokhopani.Pulliyar.pary492rak5
### THE INPUT PARAMETERS
##PARAMETER NAME: VALUE
DIR: data/intermediate
S1: HO_all_merged.qpAdm
indivname: data/intermediate/HO_all_merged.qpAdm.grouped.ind
snpname: data/intermediate/HO_all_merged.qpAdm.snp
genotypename: data/intermediate/HO_all_merged.qpAdm.geno
popleft: temp/param/left.y492rak5
popright: temp/param/right.y492rak5
details: YES
## qpWave version: 410
packed geno read OK
end of inpack

left pops:
Tsum.LC
Chokhopani
Pulliyar

right pops:
Mbuti
Anatolia_N
Ami
Mixe
Ganj_Dareh_N
Onge
Villabruna
DevilsGate

  0              Tsum.LC   10
  1           Chokhopani    2
  2             Pulliyar   35
  3                Mbuti   10
  4           Anatolia_N   25
  5                  Ami   10
  6                 Mixe   10
  7         Ganj_Dareh_N    7
  8                 Onge   12
  9           Villabruna    1
 10           DevilsGate    4
jackknife block size:     0.050
snps: 498990  indivs: 126
number of blocks for block jackknife: 710
dof (jackknife):   584.920
numsnps used: 390772
f4info: 
f4rank: 0 dof:     14 chisq:  4142.963 tail:                    0 dofdiff:      0 chisqdiff:     0.000 taildiff:                    1

f4info: 
f4rank: 1 dof:      6 chisq:    11.858 tail:         0.0652088891 dofdiff:      8 chisqdiff:  4131.105 taildiff:                    0
B:
          scale     1.000 
     Anatolia_N    -0.230 
            Ami     1.569 
           Mixe     1.114 
   Ganj_Dareh_N    -0.393 
           Onge     0.287 
     Villabruna    -0.118 
     DevilsGate     1.730 
A:
          scale   217.502 
     Chokhopani     0.019 
       Pulliyar    -1.414 

f4info: 
f4rank: 2 dof:      0 chisq:     0.000 tail:                    1 dofdiff:      6 chisqdiff:    11.858 taildiff:         0.0652088891
B:
          scale     1.000     1.000 
     Anatolia_N    -0.222     0.789 
            Ami     1.574     0.475 
           Mixe     1.129     1.003 
   Ganj_Dareh_N    -0.384     0.789 
           Onge     0.281    -1.180 
     Villabruna    -0.100     1.690 
     DevilsGate     1.721    -0.524 
A:
          scale   217.256  4683.233 
     Chokhopani     0.019    -1.414 
       Pulliyar    -1.414    -0.019 

## end of run
