/home/cliu7/utils/AdmixTools/bin/qpAdm: parameter file: temp/param/qpAdm_Tsum.LC.Mebrak.Pathan.pardy5fyqm7
### THE INPUT PARAMETERS
##PARAMETER NAME: VALUE
DIR: data/intermediate
S1: HO_all_merged.qpAdm
indivname: data/intermediate/HO_all_merged.qpAdm.grouped.ind
snpname: data/intermediate/HO_all_merged.qpAdm.snp
genotypename: data/intermediate/HO_all_merged.qpAdm.geno
popleft: temp/param/left.dy5fyqm7
popright: temp/param/right.dy5fyqm7
details: YES
## qpAdm version: 810
seed: -516597323
packed geno read OK
end of inpack

left pops:
Tsum.LC
Mebrak
Pathan

right pops:
Mbuti
Anatolia_N
Ami
Mixe
Ganj_Dareh_N
Onge
Villabruna
DevilsGate

  0              Tsum.LC   10
  1               Mebrak    8
  2               Pathan   18
  3                Mbuti   10
  4           Anatolia_N   25
  5                  Ami   10
  6                 Mixe   10
  7         Ganj_Dareh_N    7
  8                 Onge   12
  9           Villabruna    1
 10           DevilsGate    4
jackknife block size:     0.050
snps: 498990  indivs: 115
number of blocks for block jackknife: 710
## ncols: 498990
coverage:              Tsum.LC 498990
coverage:               Mebrak 498978
coverage:               Pathan 498990
coverage:                Mbuti 498990
coverage:           Anatolia_N 498137
coverage:                  Ami 498990
coverage:                 Mixe 498990
coverage:         Ganj_Dareh_N 457128
coverage:                 Onge 498990
coverage:           Villabruna 415230
coverage:           DevilsGate 498716
dof (jackknife):   583.276
numsnps used: 416854
codimension 1
f4info: 
f4rank: 1 dof:      6 chisq:    15.944 tail:         0.0140589299 dofdiff:      8 chisqdiff:   -15.944 taildiff:                    1
B:
          scale     1.000 
     Anatolia_N    -0.688 
            Ami     1.477 
           Mixe     0.856 
   Ganj_Dareh_N    -0.714 
           Onge     0.623 
     Villabruna    -0.491 
     DevilsGate     1.572 
A:
          scale   163.012 
         Mebrak     0.002 
         Pathan    -1.414 


full rank
f4info: 
f4rank: 2 dof:      0 chisq:     0.000 tail:                    1 dofdiff:      6 chisqdiff:    15.944 taildiff:         0.0140589299
B:
          scale     1.000     1.000 
     Anatolia_N    -0.688     0.539 
            Ami     1.476     1.106 
           Mixe     0.855     0.548 
   Ganj_Dareh_N    -0.715    -0.410 
           Onge     0.623     1.371 
     Villabruna    -0.494    -0.410 
     DevilsGate     1.573    -1.724 
A:
          scale   163.213  5984.148 
         Mebrak     0.006    -1.333 
         Pathan    -1.414    -0.473 


best coefficients:     0.998     0.002 
Jackknife mean:      0.998440558     0.001559442 
      std. errors:     0.009     0.009 

error covariance (* 1000000)
        83        -83 
       -83         83 


summ: Tsum.LC    2      0.014059     0.998     0.002    83   -83    83 

    fixed pat  wt  dof     chisq       tail prob
           00  0     6    15.944       0.0140589     0.998     0.002 
           01  1     7    15.909       0.0259574     1.000    -0.000 
           10  1     7  6497.945               0     0.000     1.000 
best pat:           00        0.0140589              -  -
best pat:           01        0.0259574  chi(nested):    -0.034 p-value for nested model:            -nan

coeffs:     0.998     0.002 

## dscore:: f_4(Base, Fit, Rbase, right2)
## genstat:: f_4(Base, Fit, right1, right2)

details:          Mebrak      Anatolia_N    -0.000175   -1.066640
details:          Pathan      Anatolia_N     0.005900   27.791198
dscore:      Anatolia_N f4:    -0.000166 Z:    -1.011815

details:          Mebrak             Ami    -0.000223   -1.129913
details:          Pathan             Ami    -0.012910  -50.224853
dscore:             Ami f4:    -0.000242 Z:    -1.227959

details:          Mebrak            Mixe    -0.000142   -0.702532
details:          Pathan            Mixe    -0.007485  -27.664619
dscore:            Mixe f4:    -0.000154 Z:    -0.757934

details:          Mebrak    Ganj_Dareh_N     0.000008    0.041372
details:          Pathan    Ganj_Dareh_N     0.006194   24.953466
dscore:    Ganj_Dareh_N f4:     0.000017 Z:     0.089571

details:          Mebrak            Onge    -0.000345   -1.919597
details:          Pathan            Onge    -0.005550  -22.406107
dscore:            Onge f4:    -0.000353 Z:    -1.965043

details:          Mebrak      Villabruna     0.000056    0.218545
details:          Pathan      Villabruna     0.004326   12.937458
dscore:      Villabruna f4:     0.000063 Z:     0.243789

details:          Mebrak      DevilsGate     0.000391    1.745951
details:          Pathan      DevilsGate    -0.013543  -46.139369
dscore:      DevilsGate f4:     0.000370 Z:     1.653722

gendstat:                Mbuti           Anatolia_N    -1.012
gendstat:                Mbuti                  Ami    -1.228
gendstat:                Mbuti                 Mixe    -0.758
gendstat:                Mbuti         Ganj_Dareh_N     0.090
gendstat:                Mbuti                 Onge    -1.965
gendstat:                Mbuti           Villabruna     0.244
gendstat:                Mbuti           DevilsGate     1.654
gendstat:           Anatolia_N                  Ami    -0.402
gendstat:           Anatolia_N                 Mixe     0.061
gendstat:           Anatolia_N         Ganj_Dareh_N     1.096
gendstat:           Anatolia_N                 Onge    -1.016
gendstat:           Anatolia_N           Villabruna     1.000
gendstat:           Anatolia_N           DevilsGate     2.338
gendstat:                  Ami                 Mixe     0.503
gendstat:                  Ami         Ganj_Dareh_N     1.178
gendstat:                  Ami                 Onge    -0.569
gendstat:                  Ami           Villabruna     1.092
gendstat:                  Ami           DevilsGate     3.229
gendstat:                 Mixe         Ganj_Dareh_N     0.746
gendstat:                 Mixe                 Onge    -0.954
gendstat:                 Mixe           Villabruna     0.780
gendstat:                 Mixe           DevilsGate     2.567
gendstat:         Ganj_Dareh_N                 Onge    -1.701
gendstat:         Ganj_Dareh_N           Villabruna     0.168
gendstat:         Ganj_Dareh_N           DevilsGate     1.410
gendstat:                 Onge           Villabruna     1.510
gendstat:                 Onge           DevilsGate     3.123
gendstat:           Villabruna           DevilsGate     1.017

## end of run
