/home/cliu7/utils/AdmixTools/bin/qpWave: parameter file: temp/param/qpAdm_UpperMustang.LC.Samdzong.Han.parfz2h0u95
### THE INPUT PARAMETERS
##PARAMETER NAME: VALUE
DIR: data/intermediate
S1: HO_all_merged.qpAdm
indivname: data/intermediate/HO_all_merged.qpAdm.grouped.ind
snpname: data/intermediate/HO_all_merged.qpAdm.snp
genotypename: data/intermediate/HO_all_merged.qpAdm.geno
popleft: temp/param/left.fz2h0u95
popright: temp/param/right.fz2h0u95
details: YES
## qpWave version: 410
packed geno read OK
end of inpack

left pops:
UpperMustang.LC
Samdzong
Han

right pops:
Mbuti
Anatolia_N
Ami
Mixe
Ganj_Dareh_N
Onge
Villabruna
DevilsGate

  0      UpperMustang.LC   11
  1             Samdzong    9
  2                  Han   33
  3                Mbuti   10
  4           Anatolia_N   25
  5                  Ami   10
  6                 Mixe   10
  7         Ganj_Dareh_N    7
  8                 Onge   12
  9           Villabruna    1
 10           DevilsGate    4
jackknife block size:     0.050
snps: 498990  indivs: 132
number of blocks for block jackknife: 710
dof (jackknife):   583.372
numsnps used: 421208
f4info: 
f4rank: 0 dof:     14 chisq:  1334.763 tail:      1.78928909e-276 dofdiff:      0 chisqdiff:     0.000 taildiff:                    1

f4info: 
f4rank: 1 dof:      6 chisq:     4.051 tail:          0.669763361 dofdiff:      8 chisqdiff:  1330.712 taildiff:      5.40136883e-282
B:
          scale     1.000 
     Anatolia_N    -0.057 
            Ami     2.304 
           Mixe     0.707 
   Ganj_Dareh_N     0.095 
           Onge     0.409 
     Villabruna    -0.134 
     DevilsGate     0.998 
A:
          scale   854.137 
       Samdzong    -0.120 
            Han     1.409 

f4info: 
f4rank: 2 dof:      0 chisq:     0.000 tail:                    1 dofdiff:      6 chisqdiff:     4.051 taildiff:          0.669763361
B:
          scale     1.000     1.000 
     Anatolia_N    -0.032    -1.521 
            Ami     2.307    -0.012 
           Mixe     0.683     1.198 
   Ganj_Dareh_N     0.112    -0.576 
           Onge     0.419     0.011 
     Villabruna    -0.169     1.632 
     DevilsGate     0.997    -0.506 
A:
          scale   849.210 14089.670 
       Samdzong    -0.105    -1.410 
            Han     1.410    -0.105 

## end of run
