/home/cliu7/utils/AdmixTools/bin/qpAdm: parameter file: temp/param/qpAdm_UpperMustang.LC.Kyang.Pulliyar.parzed3a141
### THE INPUT PARAMETERS
##PARAMETER NAME: VALUE
DIR: data/intermediate
S1: HO_all_merged.qpAdm
indivname: data/intermediate/HO_all_merged.qpAdm.grouped.ind
snpname: data/intermediate/HO_all_merged.qpAdm.snp
genotypename: data/intermediate/HO_all_merged.qpAdm.geno
popleft: temp/param/left.zed3a141
popright: temp/param/right.zed3a141
details: YES
## qpAdm version: 810
seed: -503588547
packed geno read OK
end of inpack

left pops:
UpperMustang.LC
Kyang
Pulliyar

right pops:
Mbuti
Anatolia_N
Ami
Mixe
Ganj_Dareh_N
Onge
Villabruna
DevilsGate

  0      UpperMustang.LC   11
  1                Kyang    7
  2             Pulliyar   35
  3                Mbuti   10
  4           Anatolia_N   25
  5                  Ami   10
  6                 Mixe   10
  7         Ganj_Dareh_N    7
  8                 Onge   12
  9           Villabruna    1
 10           DevilsGate    4
jackknife block size:     0.050
snps: 498990  indivs: 132
number of blocks for block jackknife: 710
## ncols: 498990
coverage:      UpperMustang.LC 498990
coverage:                Kyang 498984
coverage:             Pulliyar 459213
coverage:                Mbuti 498990
coverage:           Anatolia_N 498137
coverage:                  Ami 498990
coverage:                 Mixe 498990
coverage:         Ganj_Dareh_N 457128
coverage:                 Onge 498990
coverage:           Villabruna 415230
coverage:           DevilsGate 498716
dof (jackknife):   584.878
numsnps used: 390095
codimension 1
f4info: 
f4rank: 1 dof:      6 chisq:    10.055 tail:          0.122356324 dofdiff:      8 chisqdiff:   -10.055 taildiff:                    1
B:
          scale     1.000 
     Anatolia_N    -0.228 
            Ami     1.557 
           Mixe     1.130 
   Ganj_Dareh_N    -0.404 
           Onge     0.270 
     Villabruna    -0.083 
     DevilsGate     1.733 
A:
          scale   213.991 
          Kyang    -0.027 
       Pulliyar    -1.414 


full rank
f4info: 
f4rank: 2 dof:      0 chisq:     0.000 tail:                    1 dofdiff:      6 chisqdiff:    10.055 taildiff:          0.122356324
B:
          scale     1.000     1.000 
     Anatolia_N    -0.229     0.538 
            Ami     1.556    -2.010 
           Mixe     1.129    -0.523 
   Ganj_Dareh_N    -0.407    -0.162 
           Onge     0.269     0.805 
     Villabruna    -0.085     0.450 
     DevilsGate     1.734     1.233 
A:
          scale   215.523  9321.470 
          Kyang    -0.005     1.361 
       Pulliyar    -1.414     0.385 


best coefficients:     1.019    -0.019 
Jackknife mean:      1.019098549    -0.019098549 
      std. errors:     0.012     0.012 

error covariance (* 1000000)
       154       -154 
      -154        154 


summ: UpperMustang.LC    2      0.122356     1.019    -0.019   154  -154   154 

    fixed pat  wt  dof     chisq       tail prob
           00  0     6    10.055        0.122356     1.019    -0.019  infeasible
           01  1     7    12.468       0.0861715     1.000    -0.000 
           10  1     7  3870.074               0     0.000     1.000 
best pat:           00         0.122356              -  -
best pat:           01        0.0861715  chi(nested):     2.413 p-value for nested model:        0.120303

coeffs:     1.019    -0.019 

## dscore:: f_4(Base, Fit, Rbase, right2)
## genstat:: f_4(Base, Fit, right1, right2)

details:           Kyang      Anatolia_N     0.000101    0.677693
details:        Pulliyar      Anatolia_N     0.001506    7.136307
dscore:      Anatolia_N f4:     0.000074 Z:     0.489220

details:           Kyang             Ami    -0.000315   -1.718313
details:        Pulliyar             Ami    -0.010316  -40.782184
dscore:             Ami f4:    -0.000122 Z:    -0.659150

details:           Kyang            Mixe    -0.000114   -0.585291
details:        Pulliyar            Mixe    -0.007456  -28.602817
dscore:            Mixe f4:     0.000028 Z:     0.139652

details:           Kyang    Ganj_Dareh_N     0.000003    0.016881
details:        Pulliyar    Ganj_Dareh_N     0.002660   11.041013
dscore:    Ganj_Dareh_N f4:    -0.000048 Z:    -0.257089

details:           Kyang            Onge     0.000128    0.690205
details:        Pulliyar            Onge    -0.001748   -7.499654
dscore:            Onge f4:     0.000164 Z:     0.873259

details:           Kyang      Villabruna     0.000152    0.627818
details:        Pulliyar      Villabruna     0.000598    1.819288
dscore:      Villabruna f4:     0.000143 Z:     0.584204

details:           Kyang      DevilsGate     0.000146    0.685140
details:        Pulliyar      DevilsGate    -0.011356  -39.359132
dscore:      DevilsGate f4:     0.000368 Z:     1.701489

gendstat:                Mbuti           Anatolia_N     0.489
gendstat:                Mbuti                  Ami    -0.659
gendstat:                Mbuti                 Mixe     0.140
gendstat:                Mbuti         Ganj_Dareh_N    -0.257
gendstat:                Mbuti                 Onge     0.873
gendstat:                Mbuti           Villabruna     0.584
gendstat:                Mbuti           DevilsGate     1.701
gendstat:           Anatolia_N                  Ami    -1.153
gendstat:           Anatolia_N                 Mixe    -0.260
gendstat:           Anatolia_N         Ganj_Dareh_N    -0.780
gendstat:           Anatolia_N                 Onge     0.508
gendstat:           Anatolia_N           Villabruna     0.346
gendstat:           Anatolia_N           DevilsGate     1.440
gendstat:                  Ami                 Mixe     0.886
gendstat:                  Ami         Ganj_Dareh_N     0.363
gendstat:                  Ami                 Onge     1.573
gendstat:                  Ami           Villabruna     1.025
gendstat:                  Ami           DevilsGate     2.838
gendstat:                 Mixe         Ganj_Dareh_N    -0.348
gendstat:                 Mixe                 Onge     0.684
gendstat:                 Mixe           Villabruna     0.452
gendstat:                 Mixe           DevilsGate     1.731
gendstat:         Ganj_Dareh_N                 Onge     0.980
gendstat:         Ganj_Dareh_N           Villabruna     0.762
gendstat:         Ganj_Dareh_N           DevilsGate     1.773
gendstat:                 Onge           Villabruna    -0.078
gendstat:                 Onge           DevilsGate     0.933
gendstat:           Villabruna           DevilsGate     0.782

## end of run
