/home/cliu7/utils/AdmixTools/bin/qpWave: parameter file: temp/param/qpAdm_UpperMustang.LC.Mebrak.Pulliyar.pargbkewxt7
### THE INPUT PARAMETERS
##PARAMETER NAME: VALUE
DIR: data/intermediate
S1: HO_all_merged.qpAdm
indivname: data/intermediate/HO_all_merged.qpAdm.grouped.ind
snpname: data/intermediate/HO_all_merged.qpAdm.snp
genotypename: data/intermediate/HO_all_merged.qpAdm.geno
popleft: temp/param/left.gbkewxt7
popright: temp/param/right.gbkewxt7
details: YES
## qpWave version: 410
packed geno read OK
end of inpack

left pops:
UpperMustang.LC
Mebrak
Pulliyar

right pops:
Mbuti
Anatolia_N
Ami
Mixe
Ganj_Dareh_N
Onge
Villabruna
DevilsGate

  0      UpperMustang.LC   11
  1               Mebrak    8
  2             Pulliyar   35
  3                Mbuti   10
  4           Anatolia_N   25
  5                  Ami   10
  6                 Mixe   10
  7         Ganj_Dareh_N    7
  8                 Onge   12
  9           Villabruna    1
 10           DevilsGate    4
jackknife block size:     0.050
snps: 498990  indivs: 133
number of blocks for block jackknife: 710
dof (jackknife):   584.879
numsnps used: 390081
f4info: 
f4rank: 0 dof:     14 chisq:  4198.895 tail:                    0 dofdiff:      0 chisqdiff:     0.000 taildiff:                    1

f4info: 
f4rank: 1 dof:      6 chisq:    17.741 tail:        0.00691374148 dofdiff:      8 chisqdiff:  4181.154 taildiff:                    0
B:
          scale     1.000 
     Anatolia_N    -0.237 
            Ami     1.559 
           Mixe     1.134 
   Ganj_Dareh_N    -0.402 
           Onge     0.253 
     Villabruna    -0.081 
     DevilsGate     1.731 
A:
          scale   215.175 
         Mebrak    -0.008 
       Pulliyar    -1.414 

f4info: 
f4rank: 2 dof:      0 chisq:     0.000 tail:                    1 dofdiff:      6 chisqdiff:    17.741 taildiff:        0.00691374148
B:
          scale     1.000     1.000 
     Anatolia_N    -0.228     0.704 
            Ami     1.566     0.948 
           Mixe     1.132     0.912 
   Ganj_Dareh_N    -0.404    -0.666 
           Onge     0.266     1.192 
     Villabruna    -0.091     0.153 
     DevilsGate     1.723    -1.699 
A:
          scale   214.678  6692.863 
         Mebrak    -0.014    -1.414 
       Pulliyar    -1.414     0.014 

## end of run
