/home/cliu7/utils/AdmixTools/bin/qpWave: parameter file: temp/param/qpAdm_UpperMustang.LC.Sherpa.LC.Han.par7tjs2xnb
### THE INPUT PARAMETERS
##PARAMETER NAME: VALUE
DIR: data/intermediate
S1: HO_all_merged.qpAdm
indivname: data/intermediate/HO_all_merged.qpAdm.grouped.ind
snpname: data/intermediate/HO_all_merged.qpAdm.snp
genotypename: data/intermediate/HO_all_merged.qpAdm.geno
popleft: temp/param/left.7tjs2xnb
popright: temp/param/right.7tjs2xnb
details: YES
## qpWave version: 410
packed geno read OK
end of inpack

left pops:
UpperMustang.LC
Sherpa.LC
Han

right pops:
Mbuti
Anatolia_N
Ami
Mixe
Ganj_Dareh_N
Onge
Villabruna
DevilsGate

  0      UpperMustang.LC   11
  1            Sherpa.LC    9
  2                  Han   33
  3                Mbuti   10
  4           Anatolia_N   25
  5                  Ami   10
  6                 Mixe   10
  7         Ganj_Dareh_N    7
  8                 Onge   12
  9           Villabruna    1
 10           DevilsGate    4
jackknife block size:     0.050
snps: 498990  indivs: 132
number of blocks for block jackknife: 710
dof (jackknife):   583.428
numsnps used: 421540
f4info: 
f4rank: 0 dof:     14 chisq:  1279.372 tail:      1.48099419e-264 dofdiff:      0 chisqdiff:     0.000 taildiff:                    1

f4info: 
f4rank: 1 dof:      6 chisq:     9.601 tail:          0.142474378 dofdiff:      8 chisqdiff:  1269.770 taildiff:      8.03337303e-269
B:
          scale     1.000 
     Anatolia_N    -0.041 
            Ami     2.356 
           Mixe     0.643 
   Ganj_Dareh_N     0.058 
           Onge     0.401 
     Villabruna    -0.193 
     DevilsGate     0.913 
A:
          scale   883.472 
      Sherpa.LC    -0.035 
            Han     1.414 

f4info: 
f4rank: 2 dof:      0 chisq:     0.000 tail:                    1 dofdiff:      6 chisqdiff:     9.601 taildiff:          0.142474378
B:
          scale     1.000     1.000 
     Anatolia_N    -0.022     0.350 
            Ami     2.297    -1.151 
           Mixe     0.684     0.746 
   Ganj_Dareh_N     0.125     1.198 
           Onge     0.423     0.384 
     Villabruna    -0.174     0.207 
     DevilsGate     1.016     1.836 
A:
          scale   849.780  7392.491 
      Sherpa.LC     0.108     1.410 
            Han     1.410    -0.108 

## end of run
