/home/cliu7/utils/AdmixTools/bin/qpWave: parameter file: temp/param/qpAdm_UpperMustang.LC.Chokhopani.Pathan.parb609ipyv
### THE INPUT PARAMETERS
##PARAMETER NAME: VALUE
DIR: data/intermediate
S1: HO_all_merged.qpAdm
indivname: data/intermediate/HO_all_merged.qpAdm.grouped.ind
snpname: data/intermediate/HO_all_merged.qpAdm.snp
genotypename: data/intermediate/HO_all_merged.qpAdm.geno
popleft: temp/param/left.b609ipyv
popright: temp/param/right.b609ipyv
details: YES
## qpWave version: 410
packed geno read OK
end of inpack

left pops:
UpperMustang.LC
Chokhopani
Pathan

right pops:
Mbuti
Anatolia_N
Ami
Mixe
Ganj_Dareh_N
Onge
Villabruna
DevilsGate

  0      UpperMustang.LC   11
  1           Chokhopani    2
  2               Pathan   18
  3                Mbuti   10
  4           Anatolia_N   25
  5                  Ami   10
  6                 Mixe   10
  7         Ganj_Dareh_N    7
  8                 Onge   12
  9           Villabruna    1
 10           DevilsGate    4
jackknife block size:     0.050
snps: 498990  indivs: 110
number of blocks for block jackknife: 710
dof (jackknife):   583.303
numsnps used: 417197
f4info: 
f4rank: 0 dof:     14 chisq:  6976.428 tail:                    0 dofdiff:      0 chisqdiff:     0.000 taildiff:                    1

f4info: 
f4rank: 1 dof:      6 chisq:    14.123 tail:         0.0282912049 dofdiff:      8 chisqdiff:  6962.305 taildiff:                    0
B:
          scale     1.000 
     Anatolia_N    -0.683 
            Ami     1.475 
           Mixe     0.856 
   Ganj_Dareh_N    -0.730 
           Onge     0.629 
     Villabruna    -0.499 
     DevilsGate     1.565 
A:
          scale   161.692 
     Chokhopani     0.018 
         Pathan    -1.414 

f4info: 
f4rank: 2 dof:      0 chisq:     0.000 tail:                    1 dofdiff:      6 chisqdiff:    14.123 taildiff:         0.0282912049
B:
          scale     1.000     1.000 
     Anatolia_N    -0.683     0.316 
            Ami     1.478     0.578 
           Mixe     0.866     1.288 
   Ganj_Dareh_N    -0.731    -0.006 
           Onge     0.622    -1.322 
     Villabruna    -0.493     1.776 
     DevilsGate     1.561    -0.039 
A:
          scale   161.585  4499.082 
     Chokhopani     0.017    -1.414 
         Pathan    -1.414    -0.017 

## end of run
