/home/cliu7/utils/AdmixTools/bin/qpAdm: parameter file: temp/param/qpAdm_UpperMustang.LC.Mebrak.Mala.parp7goydjg
### THE INPUT PARAMETERS
##PARAMETER NAME: VALUE
DIR: data/intermediate
S1: HO_all_merged.qpAdm
indivname: data/intermediate/HO_all_merged.qpAdm.grouped.ind
snpname: data/intermediate/HO_all_merged.qpAdm.snp
genotypename: data/intermediate/HO_all_merged.qpAdm.geno
popleft: temp/param/left.p7goydjg
popright: temp/param/right.p7goydjg
details: YES
## qpAdm version: 810
seed: 2025868778
packed geno read OK
end of inpack

left pops:
UpperMustang.LC
Mebrak
Mala

right pops:
Mbuti
Anatolia_N
Ami
Mixe
Ganj_Dareh_N
Onge
Villabruna
DevilsGate

  0      UpperMustang.LC   11
  1               Mebrak    8
  2                 Mala   11
  3                Mbuti   10
  4           Anatolia_N   25
  5                  Ami   10
  6                 Mixe   10
  7         Ganj_Dareh_N    7
  8                 Onge   12
  9           Villabruna    1
 10           DevilsGate    4
jackknife block size:     0.050
snps: 498990  indivs: 109
number of blocks for block jackknife: 710
## ncols: 498990
coverage:      UpperMustang.LC 498990
coverage:               Mebrak 498978
coverage:                 Mala 498990
coverage:                Mbuti 498990
coverage:           Anatolia_N 498137
coverage:                  Ami 498990
coverage:                 Mixe 498990
coverage:         Ganj_Dareh_N 457128
coverage:                 Onge 498990
coverage:           Villabruna 415230
coverage:           DevilsGate 498716
dof (jackknife):   583.374
numsnps used: 419435
codimension 1
f4info: 
f4rank: 1 dof:      6 chisq:    18.036 tail:        0.00614388084 dofdiff:      8 chisqdiff:   -18.036 taildiff:                    1
B:
          scale     1.000 
     Anatolia_N    -0.328 
            Ami     1.556 
           Mixe     1.073 
   Ganj_Dareh_N    -0.499 
           Onge     0.341 
     Villabruna    -0.133 
     DevilsGate     1.713 
A:
          scale   210.104 
         Mebrak    -0.010 
           Mala    -1.414 


full rank
f4info: 
f4rank: 2 dof:      0 chisq:     0.000 tail:                    1 dofdiff:      6 chisqdiff:    18.036 taildiff:        0.00614388084
B:
          scale     1.000     1.000 
     Anatolia_N    -0.331     0.645 
            Ami     1.557     0.856 
           Mixe     1.067     0.912 
   Ganj_Dareh_N    -0.503    -1.005 
           Onge     0.343     0.950 
     Villabruna    -0.137    -0.255 
     DevilsGate     1.714    -1.744 
A:
          scale   210.424  6981.561 
         Mebrak    -0.011    -1.383 
           Mala    -1.414    -0.296 


best coefficients:     1.007    -0.007 
Jackknife mean:      1.007263350    -0.007263350 
      std. errors:     0.012     0.012 

error covariance (* 1000000)
       141       -141 
      -141        141 


summ: UpperMustang.LC    2      0.006144     1.007    -0.007   141  -141   141 

    fixed pat  wt  dof     chisq       tail prob
           00  0     6    18.036      0.00614388     1.007    -0.007  infeasible
           01  1     7    18.354       0.0104706     1.000    -0.000 
           10  1     7  4303.714               0     0.000     1.000 
best pat:           00       0.00614388              -  -
best pat:           01        0.0104706  chi(nested):     0.319 p-value for nested model:        0.572504

coeffs:     1.007    -0.007 

## dscore:: f_4(Base, Fit, Rbase, right2)
## genstat:: f_4(Base, Fit, right1, right2)

details:          Mebrak      Anatolia_N    -0.000094   -0.594902
details:            Mala      Anatolia_N     0.002194   10.703757
dscore:      Anatolia_N f4:    -0.000111 Z:    -0.697389

details:          Mebrak             Ami    -0.000257   -1.362830
details:            Mala             Ami    -0.010523  -43.831673
dscore:             Ami f4:    -0.000182 Z:    -0.958212

details:          Mebrak            Mixe    -0.000244   -1.267350
details:            Mala            Mixe    -0.007218  -28.677538
dscore:            Mixe f4:    -0.000193 Z:    -0.995773

details:          Mebrak    Ganj_Dareh_N     0.000219    1.162960
details:            Mala    Ganj_Dareh_N     0.003420   14.706806
dscore:    Ganj_Dareh_N f4:     0.000195 Z:     1.032996

details:          Mebrak            Onge    -0.000233   -1.296271
details:            Mala            Onge    -0.002375  -10.486688
dscore:            Onge f4:    -0.000217 Z:    -1.203017

details:          Mebrak      Villabruna     0.000041    0.167752
details:            Mala      Villabruna     0.000923    2.835495
dscore:      Villabruna f4:     0.000035 Z:     0.140862

details:          Mebrak      DevilsGate     0.000261    1.191782
details:            Mala      DevilsGate    -0.011472  -41.266350
dscore:      DevilsGate f4:     0.000347 Z:     1.578134

gendstat:                Mbuti           Anatolia_N    -0.697
gendstat:                Mbuti                  Ami    -0.958
gendstat:                Mbuti                 Mixe    -0.996
gendstat:                Mbuti         Ganj_Dareh_N     1.033
gendstat:                Mbuti                 Onge    -1.203
gendstat:                Mbuti           Villabruna     0.141
gendstat:                Mbuti           DevilsGate     1.578
gendstat:           Anatolia_N                  Ami    -0.406
gendstat:           Anatolia_N                 Mixe    -0.435
gendstat:           Anatolia_N         Ganj_Dareh_N     1.970
gendstat:           Anatolia_N                 Onge    -0.627
gendstat:           Anatolia_N           Villabruna     0.697
gendstat:           Anatolia_N           DevilsGate     2.198
gendstat:                  Ami                 Mixe    -0.065
gendstat:                  Ami         Ganj_Dareh_N     1.862
gendstat:                  Ami                 Onge    -0.205
gendstat:                  Ami           Villabruna     0.848
gendstat:                  Ami           DevilsGate     2.954
gendstat:                 Mixe         Ganj_Dareh_N     1.819
gendstat:                 Mixe                 Onge    -0.127
gendstat:                 Mixe           Villabruna     0.892
gendstat:                 Mixe           DevilsGate     2.866
gendstat:         Ganj_Dareh_N                 Onge    -2.061
gendstat:         Ganj_Dareh_N           Villabruna    -0.637
gendstat:         Ganj_Dareh_N           DevilsGate     0.644
gendstat:                 Onge           Villabruna     0.986
gendstat:                 Onge           DevilsGate     2.702
gendstat:           Villabruna           DevilsGate     1.095

## end of run
