/home/cliu7/utils/AdmixTools/bin/qpAdm: parameter file: temp/param/qpAdm_UpperMustang.LC.Chokhopani.Southeast_China.par02libqlb
### THE INPUT PARAMETERS
##PARAMETER NAME: VALUE
DIR: data/intermediate
S1: HO_all_merged.qpAdm
indivname: data/intermediate/HO_all_merged.qpAdm.grouped.ind
snpname: data/intermediate/HO_all_merged.qpAdm.snp
genotypename: data/intermediate/HO_all_merged.qpAdm.geno
popleft: temp/param/left.02libqlb
popright: temp/param/right.02libqlb
details: YES
## qpAdm version: 810
seed: 289069574
packed geno read OK
end of inpack

left pops:
UpperMustang.LC
Chokhopani
Southeast_China

right pops:
Mbuti
Anatolia_N
Ami
Mixe
Ganj_Dareh_N
Onge
Villabruna
DevilsGate

  0      UpperMustang.LC   11
  1           Chokhopani    2
  2      Southeast_China   97
  3                Mbuti   10
  4           Anatolia_N   25
  5                  Ami   10
  6                 Mixe   10
  7         Ganj_Dareh_N    7
  8                 Onge   12
  9           Villabruna    1
 10           DevilsGate    4
jackknife block size:     0.050
snps: 498990  indivs: 189
number of blocks for block jackknife: 710
## ncols: 498990
coverage:      UpperMustang.LC 498990
coverage:           Chokhopani 498917
coverage:      Southeast_China 498990
coverage:                Mbuti 498990
coverage:           Anatolia_N 498137
coverage:                  Ami 498990
coverage:                 Mixe 498990
coverage:         Ganj_Dareh_N 457128
coverage:                 Onge 498990
coverage:           Villabruna 415230
coverage:           DevilsGate 498716
dof (jackknife):   583.468
numsnps used: 419333
codimension 1
f4info: 
f4rank: 1 dof:      6 chisq:    15.476 tail:         0.0168616874 dofdiff:      8 chisqdiff:   -15.476 taildiff:                    1
B:
          scale     1.000 
     Anatolia_N    -0.050 
            Ami     2.538 
           Mixe     0.383 
   Ganj_Dareh_N     0.089 
           Onge     0.444 
     Villabruna    -0.199 
     DevilsGate     0.407 
A:
          scale   833.033 
     Chokhopani     0.005 
Southeast_China     1.414 


full rank
f4info: 
f4rank: 2 dof:      0 chisq:     0.000 tail:                    1 dofdiff:      6 chisqdiff:    15.476 taildiff:         0.0168616874
B:
          scale     1.000     1.000 
     Anatolia_N    -0.063     0.401 
            Ami     2.537     0.919 
           Mixe     0.367     1.012 
   Ganj_Dareh_N     0.086     0.165 
           Onge     0.451    -1.453 
     Villabruna    -0.218     1.602 
     DevilsGate     0.410    -0.518 
A:
          scale   833.703  4368.055 
     Chokhopani     0.099    -1.404 
Southeast_China     1.411    -0.166 


best coefficients:     1.004    -0.004 
Jackknife mean:      1.002122267    -0.002122267 
      std. errors:     0.041     0.041 

error covariance (* 1000000)
      1717      -1717 
     -1717       1717 


summ: UpperMustang.LC    2      0.016862     1.002    -0.002  1717 -1717  1717 

    fixed pat  wt  dof     chisq       tail prob
           00  0     6    15.476       0.0168617     1.004    -0.004  infeasible
           01  1     7    15.456       0.0305808     1.000     0.000 
           10  1     7  1281.861               0     0.000     1.000 
best pat:           00        0.0168617              -  -
best pat:           01        0.0305808  chi(nested):    -0.020 p-value for nested model:            -nan

coeffs:     1.004    -0.004 

## dscore:: f_4(Base, Fit, Rbase, right2)
## genstat:: f_4(Base, Fit, right1, right2)

details:      Chokhopani      Anatolia_N    -0.000171   -0.778513
details: Southeast_China      Anatolia_N    -0.000127   -1.058368
dscore:      Anatolia_N f4:    -0.000171 Z:    -0.777021

details:      Chokhopani             Ami    -0.000024   -0.099164
details: Southeast_China             Ami     0.004257   28.422671
dscore:             Ami f4:    -0.000039 Z:    -0.161255

details:      Chokhopani            Mixe    -0.000311   -1.164460
details: Southeast_China            Mixe     0.000581    3.627959
dscore:            Mixe f4:    -0.000314 Z:    -1.173071

details:      Chokhopani    Ganj_Dareh_N    -0.000076   -0.283126
details: Southeast_China    Ganj_Dareh_N     0.000136    0.935431
dscore:    Ganj_Dareh_N f4:    -0.000077 Z:    -0.285100

details:      Chokhopani            Onge     0.000479    1.867566
details: Southeast_China            Onge     0.000815    5.495214
dscore:            Onge f4:     0.000478 Z:     1.857525

details:      Chokhopani      Villabruna    -0.000608   -1.826901
details: Southeast_China      Villabruna    -0.000442   -2.261650
dscore:      Villabruna f4:    -0.000608 Z:    -1.823599

details:      Chokhopani      DevilsGate     0.000178    0.596126
details: Southeast_China      DevilsGate     0.000709    3.933256
dscore:      DevilsGate f4:     0.000176 Z:     0.588198

gendstat:                Mbuti           Anatolia_N    -0.777
gendstat:                Mbuti                  Ami    -0.161
gendstat:                Mbuti                 Mixe    -1.173
gendstat:                Mbuti         Ganj_Dareh_N    -0.285
gendstat:                Mbuti                 Onge     1.858
gendstat:                Mbuti           Villabruna    -1.824
gendstat:                Mbuti           DevilsGate     0.588
gendstat:           Anatolia_N                  Ami     0.584
gendstat:           Anatolia_N                 Mixe    -0.575
gendstat:           Anatolia_N         Ganj_Dareh_N     0.449
gendstat:           Anatolia_N                 Onge     2.752
gendstat:           Anatolia_N           Villabruna    -1.529
gendstat:           Anatolia_N           DevilsGate     1.222
gendstat:                  Ami                 Mixe    -1.240
gendstat:                  Ami         Ganj_Dareh_N    -0.136
gendstat:                  Ami                 Onge     2.189
gendstat:                  Ami           Villabruna    -1.656
gendstat:                  Ami           DevilsGate     0.893
gendstat:                 Mixe         Ganj_Dareh_N     0.800
gendstat:                 Mixe                 Onge     3.043
gendstat:                 Mixe           Villabruna    -0.840
gendstat:                 Mixe           DevilsGate     1.788
gendstat:         Ganj_Dareh_N                 Onge     2.053
gendstat:         Ganj_Dareh_N           Villabruna    -1.543
gendstat:         Ganj_Dareh_N           DevilsGate     0.768
gendstat:                 Onge           Villabruna    -3.101
gendstat:                 Onge           DevilsGate    -1.009
gendstat:           Villabruna           DevilsGate     2.042

## end of run
