/home/cliu7/utils/AdmixTools/bin/qpAdm: parameter file: temp/param/qpAdm_UpperMustang.LC.Rhirhi.Pulliyar.parro156u_u
### THE INPUT PARAMETERS
##PARAMETER NAME: VALUE
DIR: data/intermediate
S1: HO_all_merged.qpAdm
indivname: data/intermediate/HO_all_merged.qpAdm.grouped.ind
snpname: data/intermediate/HO_all_merged.qpAdm.snp
genotypename: data/intermediate/HO_all_merged.qpAdm.geno
popleft: temp/param/left.ro156u_u
popright: temp/param/right.ro156u_u
details: YES
## qpAdm version: 810
seed: -63929072
packed geno read OK
end of inpack

left pops:
UpperMustang.LC
Rhirhi
Pulliyar

right pops:
Mbuti
Anatolia_N
Ami
Mixe
Ganj_Dareh_N
Onge
Villabruna
DevilsGate

  0      UpperMustang.LC   11
  1               Rhirhi    4
  2             Pulliyar   35
  3                Mbuti   10
  4           Anatolia_N   25
  5                  Ami   10
  6                 Mixe   10
  7         Ganj_Dareh_N    7
  8                 Onge   12
  9           Villabruna    1
 10           DevilsGate    4
jackknife block size:     0.050
snps: 498990  indivs: 129
number of blocks for block jackknife: 710
## ncols: 498990
coverage:      UpperMustang.LC 498990
coverage:               Rhirhi 489694
coverage:             Pulliyar 459213
coverage:                Mbuti 498990
coverage:           Anatolia_N 498137
coverage:                  Ami 498990
coverage:                 Mixe 498990
coverage:         Ganj_Dareh_N 457128
coverage:                 Onge 498990
coverage:           Villabruna 415230
coverage:           DevilsGate 498716
dof (jackknife):   584.930
numsnps used: 388106
codimension 1
f4info: 
f4rank: 1 dof:      6 chisq:    15.548 tail:         0.0163989845 dofdiff:      8 chisqdiff:   -15.548 taildiff:                    1
B:
          scale     1.000 
     Anatolia_N    -0.233 
            Ami     1.560 
           Mixe     1.129 
   Ganj_Dareh_N    -0.408 
           Onge     0.254 
     Villabruna    -0.078 
     DevilsGate     1.732 
A:
          scale   214.544 
         Rhirhi    -0.052 
       Pulliyar    -1.413 


full rank
f4info: 
f4rank: 2 dof:      0 chisq:     0.000 tail:                    1 dofdiff:      6 chisqdiff:    15.548 taildiff:         0.0163989845
B:
          scale     1.000     1.000 
     Anatolia_N    -0.233     0.452 
            Ami     1.560     1.273 
           Mixe     1.126     0.939 
   Ganj_Dareh_N    -0.407     0.063 
           Onge     0.257     0.737 
     Villabruna    -0.084    -0.903 
     DevilsGate     1.733    -1.712 
A:
          scale   214.836  5349.373 
         Rhirhi    -0.049    -1.401 
       Pulliyar    -1.413    -0.190 


best coefficients:     1.038    -0.038 
Jackknife mean:      1.037925648    -0.037925648 
      std. errors:     0.017     0.017 

error covariance (* 1000000)
       280       -280 
      -280        280 


summ: UpperMustang.LC    2      0.016399     1.038    -0.038   280  -280   280 

    fixed pat  wt  dof     chisq       tail prob
           00  0     6    15.548        0.016399     1.038    -0.038  infeasible
           01  1     7    21.105      0.00361811     1.000    -0.000 
           10  1     7  3840.247               0     0.000     1.000 
best pat:           00         0.016399              -  -
best pat:           01       0.00361811  chi(nested):     5.557 p-value for nested model:       0.0184059

coeffs:     1.038    -0.038 

## dscore:: f_4(Base, Fit, Rbase, right2)
## genstat:: f_4(Base, Fit, right1, right2)

details:          Rhirhi      Anatolia_N    -0.000086   -0.437253
details:        Pulliyar      Anatolia_N     0.001503    7.119975
dscore:      Anatolia_N f4:    -0.000147 Z:    -0.722167

details:          Rhirhi             Ami    -0.000721   -3.052649
details:        Pulliyar             Ami    -0.010346  -40.794325
dscore:             Ami f4:    -0.000353 Z:    -1.453628

details:          Rhirhi            Mixe    -0.000557   -2.181354
details:        Pulliyar            Mixe    -0.007476  -28.590161
dscore:            Mixe f4:    -0.000293 Z:    -1.112583

details:          Rhirhi    Ganj_Dareh_N     0.000004    0.015116
details:        Pulliyar    Ganj_Dareh_N     0.002650   10.966799
dscore:    Ganj_Dareh_N f4:    -0.000097 Z:    -0.364078

details:          Rhirhi            Onge    -0.000343   -1.408718
details:        Pulliyar            Onge    -0.001765   -7.552295
dscore:            Onge f4:    -0.000289 Z:    -1.151102

details:          Rhirhi      Villabruna     0.000286    0.922859
details:        Pulliyar      Villabruna     0.000593    1.797086
dscore:      Villabruna f4:     0.000274 Z:     0.859507

details:          Rhirhi      DevilsGate    -0.000004   -0.014476
details:        Pulliyar      DevilsGate    -0.011387  -39.380787
dscore:      DevilsGate f4:     0.000431 Z:     1.487136

gendstat:                Mbuti           Anatolia_N    -0.722
gendstat:                Mbuti                  Ami    -1.454
gendstat:                Mbuti                 Mixe    -1.113
gendstat:                Mbuti         Ganj_Dareh_N    -0.364
gendstat:                Mbuti                 Onge    -1.151
gendstat:                Mbuti           Villabruna     0.860
gendstat:                Mbuti           DevilsGate     1.487
gendstat:           Anatolia_N                  Ami    -0.903
gendstat:           Anatolia_N                 Mixe    -0.610
gendstat:           Anatolia_N         Ganj_Dareh_N     0.239
gendstat:           Anatolia_N                 Onge    -0.589
gendstat:           Anatolia_N           Villabruna     1.507
gendstat:           Anatolia_N           DevilsGate     2.089
gendstat:                  Ami                 Mixe     0.281
gendstat:                  Ami         Ganj_Dareh_N     0.957
gendstat:                  Ami                 Onge     0.268
gendstat:                  Ami           Villabruna     1.875
gendstat:                  Ami           DevilsGate     3.277
gendstat:                 Mixe         Ganj_Dareh_N     0.695
gendstat:                 Mixe                 Onge     0.016
gendstat:                 Mixe           Villabruna     1.698
gendstat:                 Mixe           DevilsGate     2.853
gendstat:         Ganj_Dareh_N                 Onge    -0.679
gendstat:         Ganj_Dareh_N           Villabruna     1.141
gendstat:         Ganj_Dareh_N           DevilsGate     1.660
gendstat:                 Onge           Villabruna     1.602
gendstat:                 Onge           DevilsGate     2.459
gendstat:           Villabruna           DevilsGate     0.424

## end of run
