/home/cliu7/utils/AdmixTools/bin/qpAdm: parameter file: temp/param/qpAdm_UpperMustang.LC.Sherpa.LC.Pulliyar.pargxcxiyhn
### THE INPUT PARAMETERS
##PARAMETER NAME: VALUE
DIR: data/intermediate
S1: HO_all_merged.qpAdm
indivname: data/intermediate/HO_all_merged.qpAdm.grouped.ind
snpname: data/intermediate/HO_all_merged.qpAdm.snp
genotypename: data/intermediate/HO_all_merged.qpAdm.geno
popleft: temp/param/left.gxcxiyhn
popright: temp/param/right.gxcxiyhn
details: YES
## qpAdm version: 810
seed: -510683196
packed geno read OK
end of inpack

left pops:
UpperMustang.LC
Sherpa.LC
Pulliyar

right pops:
Mbuti
Anatolia_N
Ami
Mixe
Ganj_Dareh_N
Onge
Villabruna
DevilsGate

  0      UpperMustang.LC   11
  1            Sherpa.LC    9
  2             Pulliyar   35
  3                Mbuti   10
  4           Anatolia_N   25
  5                  Ami   10
  6                 Mixe   10
  7         Ganj_Dareh_N    7
  8                 Onge   12
  9           Villabruna    1
 10           DevilsGate    4
jackknife block size:     0.050
snps: 498990  indivs: 134
number of blocks for block jackknife: 710
## ncols: 498990
coverage:      UpperMustang.LC 498990
coverage:            Sherpa.LC 498990
coverage:             Pulliyar 459213
coverage:                Mbuti 498990
coverage:           Anatolia_N 498137
coverage:                  Ami 498990
coverage:                 Mixe 498990
coverage:         Ganj_Dareh_N 457128
coverage:                 Onge 498990
coverage:           Villabruna 415230
coverage:           DevilsGate 498716
dof (jackknife):   584.879
numsnps used: 390274
codimension 1
f4info: 
f4rank: 1 dof:      6 chisq:     8.854 tail:          0.181954578 dofdiff:      8 chisqdiff:    -8.854 taildiff:                    1
B:
          scale     1.000 
     Anatolia_N    -0.224 
            Ami     1.557 
           Mixe     1.137 
   Ganj_Dareh_N    -0.386 
           Onge     0.267 
     Villabruna    -0.086 
     DevilsGate     1.734 
A:
          scale   213.254 
      Sherpa.LC     0.012 
       Pulliyar    -1.414 


full rank
f4info: 
f4rank: 2 dof:      0 chisq:     0.000 tail:                    1 dofdiff:      6 chisqdiff:     8.854 taildiff:          0.181954578
B:
          scale     1.000     1.000 
     Anatolia_N    -0.225     0.235 
            Ami     1.556    -1.894 
           Mixe     1.136     0.029 
   Ganj_Dareh_N    -0.387     1.515 
           Onge     0.267     0.352 
     Villabruna    -0.090    -0.340 
     DevilsGate     1.735     0.908 
A:
          scale   215.428  9429.684 
      Sherpa.LC     0.038     1.316 
       Pulliyar    -1.414     0.518 


best coefficients:     0.992     0.008 
Jackknife mean:      0.991409027     0.008590973 
      std. errors:     0.011     0.011 

error covariance (* 1000000)
       131       -131 
      -131        131 


summ: UpperMustang.LC    2      0.181955     0.991     0.009   131  -131   131 

    fixed pat  wt  dof     chisq       tail prob
           00  0     6     8.854        0.181955     0.992     0.008 
           01  1     7     9.342        0.229031     1.000    -0.000 
           10  1     7  3868.226               0     0.000     1.000 
best pat:           00         0.181955              -  -
best pat:           01         0.229031  chi(nested):     0.488 p-value for nested model:        0.484874

coeffs:     0.992     0.008 

## dscore:: f_4(Base, Fit, Rbase, right2)
## genstat:: f_4(Base, Fit, right1, right2)

details:       Sherpa.LC      Anatolia_N     0.000059    0.390547
details:        Pulliyar      Anatolia_N     0.001505    7.135745
dscore:      Anatolia_N f4:     0.000071 Z:     0.474608

details:       Sherpa.LC             Ami     0.000068    0.404546
details:        Pulliyar             Ami    -0.010311  -40.779656
dscore:             Ami f4:    -0.000019 Z:    -0.115490

details:       Sherpa.LC            Mixe     0.000244    1.348753
details:        Pulliyar            Mixe    -0.007453  -28.599358
dscore:            Mixe f4:     0.000179 Z:     0.994233

details:       Sherpa.LC    Ganj_Dareh_N     0.000233    1.310740
details:        Pulliyar    Ganj_Dareh_N     0.002658   11.039405
dscore:    Ganj_Dareh_N f4:     0.000254 Z:     1.433249

details:       Sherpa.LC            Onge     0.000146    0.833077
details:        Pulliyar            Onge    -0.001748   -7.499292
dscore:            Onge f4:     0.000130 Z:     0.746119

details:       Sherpa.LC      Villabruna    -0.000019   -0.078166
details:        Pulliyar      Villabruna     0.000598    1.819302
dscore:      Villabruna f4:    -0.000014 Z:    -0.056819

details:       Sherpa.LC      DevilsGate     0.000466    2.233625
details:        Pulliyar      DevilsGate    -0.011351  -39.350606
dscore:      DevilsGate f4:     0.000366 Z:     1.763225

gendstat:                Mbuti           Anatolia_N     0.475
gendstat:                Mbuti                  Ami    -0.115
gendstat:                Mbuti                 Mixe     0.994
gendstat:                Mbuti         Ganj_Dareh_N     1.433
gendstat:                Mbuti                 Onge     0.746
gendstat:                Mbuti           Villabruna    -0.057
gendstat:                Mbuti           DevilsGate     1.763
gendstat:           Anatolia_N                  Ami    -0.550
gendstat:           Anatolia_N                 Mixe     0.640
gendstat:           Anatolia_N         Ganj_Dareh_N     1.273
gendstat:           Anatolia_N                 Onge     0.369
gendstat:           Anatolia_N           Villabruna    -0.427
gendstat:           Anatolia_N           DevilsGate     1.452
gendstat:                  Ami                 Mixe     1.291
gendstat:                  Ami         Ganj_Dareh_N     1.457
gendstat:                  Ami                 Onge     0.919
gendstat:                  Ami           Villabruna     0.024
gendstat:                  Ami           DevilsGate     2.373
gendstat:                 Mixe         Ganj_Dareh_N     0.394
gendstat:                 Mixe                 Onge    -0.270
gendstat:                 Mixe           Villabruna    -0.791
gendstat:                 Mixe           DevilsGate     1.024
gendstat:         Ganj_Dareh_N                 Onge    -0.674
gendstat:         Ganj_Dareh_N           Villabruna    -1.169
gendstat:         Ganj_Dareh_N           DevilsGate     0.501
gendstat:                 Onge           Villabruna    -0.591
gendstat:                 Onge           DevilsGate     1.178
gendstat:           Villabruna           DevilsGate     1.452

## end of run
