/home/cliu7/utils/AdmixTools/bin/qpWave: parameter file: temp/param/qpAdm_Yi.Chokhopani.Southeast_China.parbiidj89m
### THE INPUT PARAMETERS
##PARAMETER NAME: VALUE
DIR: data/intermediate
S1: HO_all_merged.qpAdm
indivname: data/intermediate/HO_all_merged.qpAdm.grouped.ind
snpname: data/intermediate/HO_all_merged.qpAdm.snp
genotypename: data/intermediate/HO_all_merged.qpAdm.geno
popleft: temp/param/left.biidj89m
popright: temp/param/right.biidj89m
details: YES
## qpWave version: 410
packed geno read OK
end of inpack

left pops:
Yi
Chokhopani
Southeast_China

right pops:
Mbuti
Anatolia_N
Ami
Mixe
Ganj_Dareh_N
Onge
Villabruna
DevilsGate

  0                   Yi    8
  1           Chokhopani    2
  2      Southeast_China   97
  3                Mbuti   10
  4           Anatolia_N   25
  5                  Ami   10
  6                 Mixe   10
  7         Ganj_Dareh_N    7
  8                 Onge   12
  9           Villabruna    1
 10           DevilsGate    4
jackknife block size:     0.050
snps: 498990  indivs: 186
number of blocks for block jackknife: 710
dof (jackknife):   583.421
numsnps used: 419532
f4info: 
f4rank: 0 dof:     14 chisq:   967.044 tail:      1.83516148e-197 dofdiff:      0 chisqdiff:     0.000 taildiff:                    1

f4info: 
f4rank: 1 dof:      6 chisq:    27.656 tail:       0.000109061487 dofdiff:      8 chisqdiff:   939.388 taildiff:       1.7972345e-197
B:
          scale     1.000 
     Anatolia_N    -0.039 
            Ami     2.628 
           Mixe     0.108 
   Ganj_Dareh_N     0.040 
           Onge     0.269 
     Villabruna     0.066 
     DevilsGate    -0.058 
A:
          scale  1323.587 
     Chokhopani    -0.873 
Southeast_China     1.113 

f4info: 
f4rank: 2 dof:      0 chisq:     0.000 tail:                    1 dofdiff:      6 chisqdiff:    27.656 taildiff:       0.000109061487
B:
          scale     1.000     1.000 
     Anatolia_N     0.053     0.378 
            Ami     2.510    -0.791 
           Mixe     0.659     1.787 
   Ganj_Dareh_N     0.165     0.552 
           Onge     0.189    -0.166 
     Villabruna     0.115     0.230 
     DevilsGate     0.432     1.628 
A:
          scale  1180.122  3047.908 
     Chokhopani    -1.161    -0.807 
Southeast_China     0.807    -1.161 

## end of run
