/home/cliu7/utils/AdmixTools/bin/qpWave: parameter file: temp/param/qpAdm_Yi.Lubrak.Han.par1me9bae_
### THE INPUT PARAMETERS
##PARAMETER NAME: VALUE
DIR: data/intermediate
S1: HO_all_merged.qpAdm
indivname: data/intermediate/HO_all_merged.qpAdm.grouped.ind
snpname: data/intermediate/HO_all_merged.qpAdm.snp
genotypename: data/intermediate/HO_all_merged.qpAdm.geno
popleft: temp/param/left.1me9bae_
popright: temp/param/right.1me9bae_
details: YES
## qpWave version: 410
packed geno read OK
end of inpack

left pops:
Yi
Lubrak
Han

right pops:
Mbuti
Anatolia_N
Ami
Mixe
Ganj_Dareh_N
Onge
Villabruna
DevilsGate

  0                   Yi    8
  1               Lubrak    2
  2                  Han   33
  3                Mbuti   10
  4           Anatolia_N   25
  5                  Ami   10
  6                 Mixe   10
  7         Ganj_Dareh_N    7
  8                 Onge   12
  9           Villabruna    1
 10           DevilsGate    4
jackknife block size:     0.050
snps: 498990  indivs: 122
number of blocks for block jackknife: 710
dof (jackknife):   583.219
numsnps used: 307063
f4info: 
f4rank: 0 dof:     14 chisq:   484.065 tail:       2.20451282e-94 dofdiff:      0 chisqdiff:     0.000 taildiff:                    1

f4info: 
f4rank: 1 dof:      6 chisq:    17.299 tail:        0.00824433837 dofdiff:      8 chisqdiff:   466.766 taildiff:       9.43340679e-96
B:
          scale     1.000 
     Anatolia_N    -0.055 
            Ami     2.424 
           Mixe     0.624 
   Ganj_Dareh_N    -0.044 
           Onge     0.289 
     Villabruna    -0.091 
     DevilsGate     0.799 
A:
          scale  1367.479 
         Lubrak    -1.093 
            Han     0.898 

f4info: 
f4rank: 2 dof:      0 chisq:     0.000 tail:                    1 dofdiff:      6 chisqdiff:    17.299 taildiff:        0.00824433837
B:
          scale     1.000     1.000 
     Anatolia_N    -0.208     0.422 
            Ami     2.409     0.486 
           Mixe     0.659    -0.138 
   Ganj_Dareh_N    -0.192     0.459 
           Onge     0.338    -0.253 
     Villabruna    -0.694     1.885 
     DevilsGate     0.296     1.655 
A:
          scale  1424.128  3517.051 
         Lubrak    -1.120     0.863 
            Han     0.863     1.120 

## end of run
