/home/cliu7/utils/AdmixTools/bin/qpAdm: parameter file: temp/param/qpAdm_Yi.Lubrak.Pulliyar.parsbv_75wh
### THE INPUT PARAMETERS
##PARAMETER NAME: VALUE
DIR: data/intermediate
S1: HO_all_merged.qpAdm
indivname: data/intermediate/HO_all_merged.qpAdm.grouped.ind
snpname: data/intermediate/HO_all_merged.qpAdm.snp
genotypename: data/intermediate/HO_all_merged.qpAdm.geno
popleft: temp/param/left.sbv_75wh
popright: temp/param/right.sbv_75wh
details: YES
## qpAdm version: 810
seed: -24363865
packed geno read OK
end of inpack

left pops:
Yi
Lubrak
Pulliyar

right pops:
Mbuti
Anatolia_N
Ami
Mixe
Ganj_Dareh_N
Onge
Villabruna
DevilsGate

  0                   Yi    8
  1               Lubrak    2
  2             Pulliyar   35
  3                Mbuti   10
  4           Anatolia_N   25
  5                  Ami   10
  6                 Mixe   10
  7         Ganj_Dareh_N    7
  8                 Onge   12
  9           Villabruna    1
 10           DevilsGate    4
jackknife block size:     0.050
snps: 498990  indivs: 124
number of blocks for block jackknife: 710
## ncols: 498990
coverage:                   Yi 498990
coverage:               Lubrak 327444
coverage:             Pulliyar 459213
coverage:                Mbuti 498990
coverage:           Anatolia_N 498137
coverage:                  Ami 498990
coverage:                 Mixe 498990
coverage:         Ganj_Dareh_N 457128
coverage:                 Onge 498990
coverage:           Villabruna 415230
coverage:           DevilsGate 498716
dof (jackknife):   583.461
numsnps used: 288772
codimension 1
f4info: 
f4rank: 1 dof:      6 chisq:    47.556 tail:       1.44927199e-08 dofdiff:      8 chisqdiff:   -47.556 taildiff:                    1
B:
          scale     1.000 
     Anatolia_N    -0.202 
            Ami     1.671 
           Mixe     1.102 
   Ganj_Dareh_N    -0.333 
           Onge     0.306 
     Villabruna    -0.123 
     DevilsGate     1.653 
A:
          scale   190.714 
         Lubrak    -0.156 
       Pulliyar    -1.406 


full rank
f4info: 
f4rank: 2 dof:      0 chisq:     0.000 tail:                    1 dofdiff:      6 chisqdiff:    47.556 taildiff:       1.44927199e-08
B:
          scale     1.000     1.000 
     Anatolia_N    -0.206     0.414 
            Ami     1.666    -2.043 
           Mixe     1.099    -0.376 
   Ganj_Dareh_N    -0.337     0.305 
           Onge     0.300    -0.328 
     Villabruna    -0.137     1.209 
     DevilsGate     1.659     0.922 
A:
          scale   193.797  2073.816 
         Lubrak    -0.041     1.409 
       Pulliyar    -1.414     0.127 


best coefficients:     1.125    -0.125 
Jackknife mean:      1.124636330    -0.124636330 
      std. errors:     0.020     0.020 

error covariance (* 1000000)
       416       -416 
      -416        416 


summ: Yi    2      0.000000     1.125    -0.125   416  -416   416 

    fixed pat  wt  dof     chisq       tail prob
           00  0     6    47.556     1.44927e-08     1.125    -0.125  infeasible
           01  1     7    94.573     1.41953e-17     1.000    -0.000 
           10  1     7  4465.522               0     0.000     1.000 
best pat:           00      1.44927e-08              -  -
best pat:           01      1.41953e-17  chi(nested):    47.017 p-value for nested model:      7.0387e-12

coeffs:     1.125    -0.125 

## dscore:: f_4(Base, Fit, Rbase, right2)
## genstat:: f_4(Base, Fit, right1, right2)

details:          Lubrak      Anatolia_N     0.000330    1.235207
details:        Pulliyar      Anatolia_N     0.001519    7.039765
dscore:      Anatolia_N f4:     0.000181 Z:     0.607795

details:          Lubrak             Ami    -0.001725   -5.729418
details:        Pulliyar             Ami    -0.012291  -46.834030
dscore:             Ami f4:    -0.000402 Z:    -1.189972

details:          Lubrak            Mixe    -0.000529   -1.637674
details:        Pulliyar            Mixe    -0.008061  -30.196297
dscore:            Mixe f4:     0.000414 Z:     1.151887

details:          Lubrak    Ganj_Dareh_N     0.000292    0.886294
details:        Pulliyar    Ganj_Dareh_N     0.002468   10.056986
dscore:    Ganj_Dareh_N f4:     0.000019 Z:     0.052310

details:          Lubrak            Onge    -0.000311   -0.963355
details:        Pulliyar            Onge    -0.002237   -9.049980
dscore:            Onge f4:    -0.000070 Z:    -0.194851

details:          Lubrak      Villabruna     0.001009    2.433392
details:        Pulliyar      Villabruna     0.001075    3.393912
dscore:      Villabruna f4:     0.001001 Z:     2.148009

details:          Lubrak      DevilsGate     0.000262    0.717849
details:        Pulliyar      DevilsGate    -0.012074  -41.592446
dscore:      DevilsGate f4:     0.001806 Z:     4.423844

gendstat:                Mbuti           Anatolia_N     0.608
gendstat:                Mbuti                  Ami    -1.190
gendstat:                Mbuti                 Mixe     1.152
gendstat:                Mbuti         Ganj_Dareh_N     0.052
gendstat:                Mbuti                 Onge    -0.195
gendstat:                Mbuti           Villabruna     2.148
gendstat:                Mbuti           DevilsGate     4.424
gendstat:           Anatolia_N                  Ami    -2.091
gendstat:           Anatolia_N                 Mixe     0.737
gendstat:           Anatolia_N         Ganj_Dareh_N    -0.541
gendstat:           Anatolia_N                 Onge    -0.798
gendstat:           Anatolia_N           Villabruna     2.035
gendstat:           Anatolia_N           DevilsGate     4.334
gendstat:                  Ami                 Mixe     2.826
gendstat:                  Ami         Ganj_Dareh_N     1.164
gendstat:                  Ami                 Onge     1.035
gendstat:                  Ami           Villabruna     3.050
gendstat:                  Ami           DevilsGate     6.370
gendstat:                 Mixe         Ganj_Dareh_N    -0.995
gendstat:                 Mixe                 Onge    -1.349
gendstat:                 Mixe           Villabruna     1.236
gendstat:                 Mixe           DevilsGate     3.677
gendstat:         Ganj_Dareh_N                 Onge    -0.227
gendstat:         Ganj_Dareh_N           Villabruna     2.026
gendstat:         Ganj_Dareh_N           DevilsGate     3.925
gendstat:                 Onge           Villabruna     2.299
gendstat:                 Onge           DevilsGate     4.508
gendstat:           Villabruna           DevilsGate     1.541

## end of run
