/home/cliu7/utils/AdmixTools/bin/qpAdm: parameter file: temp/param/qpAdm_Yi.Mebrak.Han.par88qji4u4
### THE INPUT PARAMETERS
##PARAMETER NAME: VALUE
DIR: data/intermediate
S1: HO_all_merged.qpAdm
indivname: data/intermediate/HO_all_merged.qpAdm.grouped.ind
snpname: data/intermediate/HO_all_merged.qpAdm.snp
genotypename: data/intermediate/HO_all_merged.qpAdm.geno
popleft: temp/param/left.88qji4u4
popright: temp/param/right.88qji4u4
details: YES
## qpAdm version: 810
seed: -1377686973
packed geno read OK
end of inpack

left pops:
Yi
Mebrak
Han

right pops:
Mbuti
Anatolia_N
Ami
Mixe
Ganj_Dareh_N
Onge
Villabruna
DevilsGate

  0                   Yi    8
  1               Mebrak    8
  2                  Han   33
  3                Mbuti   10
  4           Anatolia_N   25
  5                  Ami   10
  6                 Mixe   10
  7         Ganj_Dareh_N    7
  8                 Onge   12
  9           Villabruna    1
 10           DevilsGate    4
jackknife block size:     0.050
snps: 498990  indivs: 128
number of blocks for block jackknife: 710
## ncols: 498990
coverage:                   Yi 498990
coverage:               Mebrak 498978
coverage:                  Han 498990
coverage:                Mbuti 498990
coverage:           Anatolia_N 498137
coverage:                  Ami 498990
coverage:                 Mixe 498990
coverage:         Ganj_Dareh_N 457128
coverage:                 Onge 498990
coverage:           Villabruna 415230
coverage:           DevilsGate 498716
dof (jackknife):   583.345
numsnps used: 421378
codimension 1
f4info: 
f4rank: 1 dof:      6 chisq:    18.006 tail:        0.00621749065 dofdiff:      8 chisqdiff:   -18.006 taildiff:                    1
B:
          scale     1.000 
     Anatolia_N     0.004 
            Ami     2.367 
           Mixe     0.711 
   Ganj_Dareh_N    -0.044 
           Onge     0.468 
     Villabruna    -0.149 
     DevilsGate     0.807 
A:
          scale  1147.579 
         Mebrak    -1.164 
            Han     0.803 


full rank
f4info: 
f4rank: 2 dof:      0 chisq:     0.000 tail:                    1 dofdiff:      6 chisqdiff:    18.006 taildiff:        0.00621749065
B:
          scale     1.000     1.000 
     Anatolia_N     0.031    -0.258 
            Ami     2.329     1.272 
           Mixe     0.784    -0.846 
   Ganj_Dareh_N    -0.016    -0.213 
           Onge     0.537    -1.371 
     Villabruna    -0.198     1.383 
     DevilsGate     0.794     0.874 
A:
          scale  1088.257  5759.788 
         Mebrak    -1.261     0.973 
            Han     0.641     1.026 


best coefficients:     0.408     0.592 
Jackknife mean:      0.407487606     0.592512394 
      std. errors:     0.026     0.026 

error covariance (* 1000000)
       690       -690 
      -690        690 


summ: Yi    2      0.006217     0.407     0.593   690  -690   690 

    fixed pat  wt  dof     chisq       tail prob
           00  0     6    18.006      0.00621749     0.408     0.592 
           01  1     7   239.928               0     1.000     0.000 
           10  1     7   278.998               0     0.000     1.000 
best pat:           00       0.00621749              -  -
best pat:           01      3.85053e-48  chi(nested):   221.922 p-value for nested model:     3.44538e-50

coeffs:     0.408     0.592 

## dscore:: f_4(Base, Fit, Rbase, right2)
## genstat:: f_4(Base, Fit, right1, right2)

details:          Mebrak      Anatolia_N    -0.000074   -0.442970
details:             Han      Anatolia_N    -0.000022   -0.222715
dscore:      Anatolia_N f4:    -0.000043 Z:    -0.405119

details:          Mebrak             Ami    -0.002482  -12.742146
details:             Han             Ami     0.001604   12.923828
dscore:             Ami f4:    -0.000063 Z:    -0.484426

details:          Mebrak            Mixe    -0.001049   -5.098135
details:             Han            Mixe     0.000319    2.538843
dscore:            Mixe f4:    -0.000239 Z:    -1.786761

details:          Mebrak    Ganj_Dareh_N    -0.000014   -0.076331
details:             Han    Ganj_Dareh_N    -0.000042   -0.344063
dscore:    Ganj_Dareh_N f4:    -0.000031 Z:    -0.242300

details:          Mebrak            Onge    -0.000851   -4.647626
details:             Han            Onge     0.000077    0.630925
dscore:            Onge f4:    -0.000302 Z:    -2.406535

details:          Mebrak      Villabruna     0.000473    1.951068
details:             Han      Villabruna     0.000140    0.913186
dscore:      Villabruna f4:     0.000276 Z:     1.742416

details:          Mebrak      DevilsGate    -0.000769   -3.316408
details:             Han      DevilsGate     0.000631    4.574239
dscore:      DevilsGate f4:     0.000060 Z:     0.401950

gendstat:                Mbuti           Anatolia_N    -0.405
gendstat:                Mbuti                  Ami    -0.484
gendstat:                Mbuti                 Mixe    -1.787
gendstat:                Mbuti         Ganj_Dareh_N    -0.242
gendstat:                Mbuti                 Onge    -2.407
gendstat:                Mbuti           Villabruna     1.742
gendstat:                Mbuti           DevilsGate     0.402
gendstat:           Anatolia_N                  Ami    -0.172
gendstat:           Anatolia_N                 Mixe    -1.576
gendstat:           Anatolia_N         Ganj_Dareh_N     0.117
gendstat:           Anatolia_N                 Onge    -2.241
gendstat:           Anatolia_N           Villabruna     2.359
gendstat:           Anatolia_N           DevilsGate     0.734
gendstat:                  Ami                 Mixe    -1.485
gendstat:                  Ami         Ganj_Dareh_N     0.244
gendstat:                  Ami                 Onge    -1.965
gendstat:                  Ami           Villabruna     2.006
gendstat:                  Ami           DevilsGate     0.924
gendstat:                 Mixe         Ganj_Dareh_N     1.471
gendstat:                 Mixe                 Onge    -0.476
gendstat:                 Mixe           Villabruna     3.046
gendstat:                 Mixe           DevilsGate     2.124
gendstat:         Ganj_Dareh_N                 Onge    -2.022
gendstat:         Ganj_Dareh_N           Villabruna     1.978
gendstat:         Ganj_Dareh_N           DevilsGate     0.556
gendstat:                 Onge           Villabruna     3.414
gendstat:                 Onge           DevilsGate     2.402
gendstat:           Villabruna           DevilsGate    -1.152

## end of run
