/home/cliu7/utils/AdmixTools/bin/qpWave: parameter file: temp/param/qpAdm_Yi.UpperMustang.LC.Han.parrxfd02_f
### THE INPUT PARAMETERS
##PARAMETER NAME: VALUE
DIR: data/intermediate
S1: HO_all_merged.qpAdm
indivname: data/intermediate/HO_all_merged.qpAdm.grouped.ind
snpname: data/intermediate/HO_all_merged.qpAdm.snp
genotypename: data/intermediate/HO_all_merged.qpAdm.geno
popleft: temp/param/left.rxfd02_f
popright: temp/param/right.rxfd02_f
details: YES
## qpWave version: 410
packed geno read OK
end of inpack

left pops:
Yi
UpperMustang.LC
Han

right pops:
Mbuti
Anatolia_N
Ami
Mixe
Ganj_Dareh_N
Onge
Villabruna
DevilsGate

  0                   Yi    8
  1      UpperMustang.LC   11
  2                  Han   33
  3                Mbuti   10
  4           Anatolia_N   25
  5                  Ami   10
  6                 Mixe   10
  7         Ganj_Dareh_N    7
  8                 Onge   12
  9           Villabruna    1
 10           DevilsGate    4
jackknife block size:     0.050
snps: 498990  indivs: 131
number of blocks for block jackknife: 710
dof (jackknife):   583.409
numsnps used: 421456
f4info: 
f4rank: 0 dof:     14 chisq:  1068.249 tail:      3.51625396e-219 dofdiff:      0 chisqdiff:     0.000 taildiff:                    1

f4info: 
f4rank: 1 dof:      6 chisq:    12.626 tail:         0.0493836491 dofdiff:      8 chisqdiff:  1055.624 taildiff:      1.46559081e-222
B:
          scale     1.000 
     Anatolia_N    -0.023 
            Ami     2.328 
           Mixe     0.659 
   Ganj_Dareh_N     0.101 
           Onge     0.396 
     Villabruna    -0.135 
     DevilsGate     0.980 
A:
          scale  1200.694 
UpperMustang.LC    -1.119 
            Han     0.864 

f4info: 
f4rank: 2 dof:      0 chisq:     0.000 tail:                    1 dofdiff:      6 chisqdiff:    12.626 taildiff:         0.0493836491
B:
          scale     1.000     1.000 
     Anatolia_N    -0.024     0.040 
            Ami     2.279    -0.816 
           Mixe     0.708     0.827 
   Ganj_Dareh_N     0.144     0.814 
           Onge     0.469     1.354 
     Villabruna    -0.241    -1.773 
     DevilsGate     1.004     0.093 
A:
          scale  1176.819  7180.329 
UpperMustang.LC    -1.194    -0.758 
            Han     0.758    -1.194 

## end of run
