/home/cliu7/utils/AdmixTools/bin/qpWave: parameter file: temp/param/qpAdm_Yi.UpperMustang.LC.Southeast_China.parz2ve1igr
### THE INPUT PARAMETERS
##PARAMETER NAME: VALUE
DIR: data/intermediate
S1: HO_all_merged.qpAdm
indivname: data/intermediate/HO_all_merged.qpAdm.grouped.ind
snpname: data/intermediate/HO_all_merged.qpAdm.snp
genotypename: data/intermediate/HO_all_merged.qpAdm.geno
popleft: temp/param/left.z2ve1igr
popright: temp/param/right.z2ve1igr
details: YES
## qpWave version: 410
packed geno read OK
end of inpack

left pops:
Yi
UpperMustang.LC
Southeast_China

right pops:
Mbuti
Anatolia_N
Ami
Mixe
Ganj_Dareh_N
Onge
Villabruna
DevilsGate

  0                   Yi    8
  1      UpperMustang.LC   11
  2      Southeast_China   97
  3                Mbuti   10
  4           Anatolia_N   25
  5                  Ami   10
  6                 Mixe   10
  7         Ganj_Dareh_N    7
  8                 Onge   12
  9           Villabruna    1
 10           DevilsGate    4
jackknife block size:     0.050
snps: 498990  indivs: 195
number of blocks for block jackknife: 710
dof (jackknife):   583.458
numsnps used: 419307
f4info: 
f4rank: 0 dof:     14 chisq:  1482.720 tail:      2.49935658e-308 dofdiff:      0 chisqdiff:     0.000 taildiff:                    1

f4info: 
f4rank: 1 dof:      6 chisq:    45.001 tail:       4.67700691e-08 dofdiff:      8 chisqdiff:  1437.718 taildiff:      3.95372653e-305
B:
          scale     1.000 
     Anatolia_N    -0.070 
            Ami     2.581 
           Mixe     0.223 
   Ganj_Dareh_N     0.054 
           Onge     0.426 
     Villabruna    -0.218 
     DevilsGate     0.225 
A:
          scale  1240.123 
UpperMustang.LC    -0.901 
Southeast_China     1.090 

f4info: 
f4rank: 2 dof:      0 chisq:     0.000 tail:                    1 dofdiff:      6 chisqdiff:    45.001 taildiff:       4.67700691e-08
B:
          scale     1.000     1.000 
     Anatolia_N    -0.064     0.169 
            Ami     2.476    -0.843 
           Mixe     0.442     1.429 
   Ganj_Dareh_N     0.113     0.469 
           Onge     0.514     0.431 
     Villabruna    -0.299    -0.529 
     DevilsGate     0.550     1.880 
A:
          scale  1171.437  3105.061 
UpperMustang.LC    -1.162    -0.806 
Southeast_China     0.806    -1.162 

## end of run
