/home/cliu7/utils/AdmixTools/bin/qpWave: parameter file: temp/param/qpAdm_Yi.UpperMustang.LC.Mala.pardegbqksn
### THE INPUT PARAMETERS
##PARAMETER NAME: VALUE
DIR: data/intermediate
S1: HO_all_merged.qpAdm
indivname: data/intermediate/HO_all_merged.qpAdm.grouped.ind
snpname: data/intermediate/HO_all_merged.qpAdm.snp
genotypename: data/intermediate/HO_all_merged.qpAdm.geno
popleft: temp/param/left.degbqksn
popright: temp/param/right.degbqksn
details: YES
## qpWave version: 410
packed geno read OK
end of inpack

left pops:
Yi
UpperMustang.LC
Mala

right pops:
Mbuti
Anatolia_N
Ami
Mixe
Ganj_Dareh_N
Onge
Villabruna
DevilsGate

  0                   Yi    8
  1      UpperMustang.LC   11
  2                 Mala   11
  3                Mbuti   10
  4           Anatolia_N   25
  5                  Ami   10
  6                 Mixe   10
  7         Ganj_Dareh_N    7
  8                 Onge   12
  9           Villabruna    1
 10           DevilsGate    4
jackknife block size:     0.050
snps: 498990  indivs: 109
number of blocks for block jackknife: 710
dof (jackknife):   583.314
numsnps used: 418884
f4info: 
f4rank: 0 dof:     14 chisq:  5440.522 tail:                    0 dofdiff:      0 chisqdiff:     0.000 taildiff:                    1

f4info: 
f4rank: 1 dof:      6 chisq:   101.931 tail:       9.92079757e-20 dofdiff:      8 chisqdiff:  5338.591 taildiff:                    0
B:
          scale     1.000 
     Anatolia_N    -0.289 
            Ami     1.633 
           Mixe     1.059 
   Ganj_Dareh_N    -0.441 
           Onge     0.392 
     Villabruna    -0.170 
     DevilsGate     1.659 
A:
          scale   182.685 
UpperMustang.LC    -0.168 
           Mala    -1.404 

f4info: 
f4rank: 2 dof:      0 chisq:     0.000 tail:                    1 dofdiff:      6 chisqdiff:   101.931 taildiff:       9.92079757e-20
B:
          scale     1.000     1.000 
     Anatolia_N    -0.285     0.575 
            Ami     1.679     1.572 
           Mixe     1.047    -0.387 
   Ganj_Dareh_N    -0.407     1.431 
           Onge     0.396     0.592 
     Villabruna    -0.182    -0.618 
     DevilsGate     1.627    -1.127 
A:
          scale   183.307  3275.902 
UpperMustang.LC    -0.171    -1.404 
           Mala    -1.404     0.171 

## end of run
