/home/cliu7/utils/AdmixTools/bin/qpWave: parameter file: temp/param/qpAdm_Naxi.YR_MN.Southeast_China.par8a1mwfuc
### THE INPUT PARAMETERS
##PARAMETER NAME: VALUE
DIR: data/intermediate
S1: HO_all_merged.qpAdm
indivname: data/intermediate/HO_all_merged.qpAdm.grouped.ind
snpname: data/intermediate/HO_all_merged.qpAdm.snp
genotypename: data/intermediate/HO_all_merged.qpAdm.geno
popleft: temp/param/left.8a1mwfuc
popright: temp/param/right.8a1mwfuc
details: YES
## qpWave version: 410
packed geno read OK
end of inpack

left pops:
Naxi
YR_MN
Southeast_China

right pops:
Mbuti
Anatolia_N
Ami
Mixe
Ganj_Dareh_N
Onge
Villabruna
DevilsGate
Sherpa.LC

  0                 Naxi    9
  1                YR_MN    8
  2      Southeast_China   97
  3                Mbuti   10
  4           Anatolia_N   25
  5                  Ami   10
  6                 Mixe   10
  7         Ganj_Dareh_N    7
  8                 Onge   12
  9           Villabruna    1
 10           DevilsGate    4
 11            Sherpa.LC    9
jackknife block size:     0.050
snps: 498990  indivs: 202
number of blocks for block jackknife: 710
dof (jackknife):   583.418
numsnps used: 418314
f4info: 
f4rank: 0 dof:     16 chisq:  1417.063 tail:      3.49198501e-292 dofdiff:      0 chisqdiff:     0.000 taildiff:                    1

f4info: 
f4rank: 1 dof:      7 chisq:    13.965 tail:         0.0518143256 dofdiff:      9 chisqdiff:  1403.098 taildiff:      1.65496368e-296
B:
          scale     1.000 
     Anatolia_N    -0.090 
            Ami     2.459 
           Mixe    -0.194 
   Ganj_Dareh_N    -0.050 
           Onge     0.263 
     Villabruna    -0.284 
     DevilsGate    -0.444 
      Sherpa.LC    -1.249 
A:
          scale  1494.941 
          YR_MN     0.085 
Southeast_China     1.412 

f4info: 
f4rank: 2 dof:      0 chisq:     0.000 tail:                    1 dofdiff:      7 chisqdiff:    13.965 taildiff:         0.0518143256
B:
          scale     1.000     1.000 
     Anatolia_N    -0.105     0.487 
            Ami     2.422     0.690 
           Mixe    -0.176     0.254 
   Ganj_Dareh_N    -0.034    -0.178 
           Onge     0.192     1.628 
     Villabruna    -0.252    -0.986 
     DevilsGate    -0.431    -0.608 
      Sherpa.LC    -1.344     1.788 
A:
          scale  1506.730  6018.389 
          YR_MN     0.036    -1.414 
Southeast_China     1.414     0.036 

## end of run
