/home/cliu7/utils/AdmixTools/bin/qpAdm: parameter file: temp/param/qpAdm_Tamang.Upper_YR_LN.Southeast_China.parlalejzsv
### THE INPUT PARAMETERS
##PARAMETER NAME: VALUE
DIR: data/intermediate
S1: HO_all_merged.qpAdm
indivname: data/intermediate/HO_all_merged.qpAdm.grouped.ind
snpname: data/intermediate/HO_all_merged.qpAdm.snp
genotypename: data/intermediate/HO_all_merged.qpAdm.geno
popleft: temp/param/left.lalejzsv
popright: temp/param/right.lalejzsv
details: YES
## qpAdm version: 810
seed: 2060316847
packed geno read OK
end of inpack

left pops:
Tamang
Upper_YR_LN
Southeast_China

right pops:
Mbuti
Anatolia_N
Ami
Mixe
Ganj_Dareh_N
Onge
Villabruna
DevilsGate
Sherpa.LC

  0               Tamang    7
  1          Upper_YR_LN    7
  2      Southeast_China   97
  3                Mbuti   10
  4           Anatolia_N   25
  5                  Ami   10
  6                 Mixe   10
  7         Ganj_Dareh_N    7
  8                 Onge   12
  9           Villabruna    1
 10           DevilsGate    4
 11            Sherpa.LC    9
jackknife block size:     0.050
snps: 498990  indivs: 199
number of blocks for block jackknife: 710
## ncols: 498990
coverage:               Tamang 498036
coverage:          Upper_YR_LN 496840
coverage:      Southeast_China 498990
coverage:                Mbuti 498990
coverage:           Anatolia_N 498137
coverage:                  Ami 498990
coverage:                 Mixe 498990
coverage:         Ganj_Dareh_N 457128
coverage:                 Onge 498990
coverage:           Villabruna 415230
coverage:           DevilsGate 498716
coverage:            Sherpa.LC 498990
dof (jackknife):   583.426
numsnps used: 416610
codimension 1
f4info: 
f4rank: 1 dof:      7 chisq:   392.179 tail:       1.13370898e-80 dofdiff:      9 chisqdiff:  -392.179 taildiff:                    1
B:
          scale     1.000 
     Anatolia_N    -0.152 
            Ami     2.536 
           Mixe     0.678 
   Ganj_Dareh_N    -0.215 
           Onge     0.439 
     Villabruna    -0.192 
     DevilsGate     0.883 
      Sherpa.LC     0.177 
A:
          scale   616.624 
    Upper_YR_LN     0.472 
Southeast_China     1.333 


full rank
f4info: 
f4rank: 2 dof:      0 chisq:     0.000 tail:                    1 dofdiff:      7 chisqdiff:   392.179 taildiff:       1.13370898e-80
B:
          scale     1.000     1.000 
     Anatolia_N    -0.223     0.090 
            Ami     2.047    -2.000 
           Mixe     0.903     0.543 
   Ganj_Dareh_N    -0.202     0.256 
           Onge     0.384    -0.152 
     Villabruna    -0.212     0.300 
     DevilsGate     1.458     1.272 
      Sherpa.LC     0.765     1.378 
A:
          scale   432.539  1597.580 
    Upper_YR_LN     0.994     1.089 
Southeast_China     1.006    -0.902 


best coefficients:     1.547    -0.547 
Jackknife mean:      1.547039927    -0.547039927 
      std. errors:     0.076     0.076 

error covariance (* 1000000)
      5821      -5821 
     -5821       5821 


summ: Tamang    2      0.000000     1.547    -0.547  5821 -5821  5821 

    fixed pat  wt  dof     chisq       tail prob
           00  0     7   392.179               0     1.547    -0.547  infeasible
           01  1     8   541.640               0     1.000     0.000 
           10  1     8  2424.225               0     0.000     1.000 
best pat:           00                0              -  -
best pat:           01     8.11306e-112  chi(nested):   149.460 p-value for nested model:     2.27455e-34

coeffs:     1.547    -0.547 

## dscore:: f_4(Base, Fit, Rbase, right2)
## genstat:: f_4(Base, Fit, right1, right2)

details:     Upper_YR_LN      Anatolia_N    -0.000430   -2.360859
details: Southeast_China      Anatolia_N    -0.000565   -4.438208
dscore:      Anatolia_N f4:    -0.000357 Z:    -1.410007

details:     Upper_YR_LN             Ami     0.003366   16.110718
details: Southeast_China             Ami     0.005903   37.483691
dscore:             Ami f4:     0.001978 Z:     6.786488

details:     Upper_YR_LN            Mixe     0.002470   11.143249
details: Southeast_China            Mixe     0.001802   10.899180
dscore:            Mixe f4:     0.002835 Z:     9.123592

details:     Upper_YR_LN    Ganj_Dareh_N    -0.000267   -1.221773
details: Southeast_China    Ganj_Dareh_N    -0.000609   -4.058579
dscore:    Ganj_Dareh_N f4:    -0.000080 Z:    -0.257141

details:     Upper_YR_LN            Onge     0.000797    3.864073
details: Southeast_China            Onge     0.000986    6.499374
dscore:            Onge f4:     0.000694 Z:     2.393234

details:     Upper_YR_LN      Villabruna    -0.000260   -0.909699
details: Southeast_China      Villabruna    -0.000660   -3.386137
dscore:      Villabruna f4:    -0.000041 Z:    -0.102482

details:     Upper_YR_LN      DevilsGate     0.004253   16.252549
details: Southeast_China      DevilsGate     0.002687   14.051927
dscore:      DevilsGate f4:     0.005110 Z:    14.027305

details:     Upper_YR_LN       Sherpa.LC     0.002723   12.905901
details: Southeast_China       Sherpa.LC     0.001013    6.542166
dscore:       Sherpa.LC f4:     0.003658 Z:    12.493398

gendstat:                Mbuti           Anatolia_N    -1.410
gendstat:                Mbuti                  Ami     6.786
gendstat:                Mbuti                 Mixe     9.124
gendstat:                Mbuti         Ganj_Dareh_N    -0.257
gendstat:                Mbuti                 Onge     2.393
gendstat:                Mbuti           Villabruna    -0.102
gendstat:                Mbuti           DevilsGate    14.027
gendstat:                Mbuti            Sherpa.LC    12.493
gendstat:           Anatolia_N                  Ami     8.530
gendstat:           Anatolia_N                 Mixe    11.294
gendstat:           Anatolia_N         Ganj_Dareh_N     1.060
gendstat:           Anatolia_N                 Onge     3.801
gendstat:           Anatolia_N           Villabruna     0.910
gendstat:           Anatolia_N           DevilsGate    16.202
gendstat:           Anatolia_N            Sherpa.LC    14.761
gendstat:                  Ami                 Mixe     3.113
gendstat:                  Ami         Ganj_Dareh_N    -6.429
gendstat:                  Ami                 Onge    -4.715
gendstat:                  Ami           Villabruna    -5.001
gendstat:                  Ami           DevilsGate    10.403
gendstat:                  Ami            Sherpa.LC     7.840
gendstat:                 Mixe         Ganj_Dareh_N    -8.756
gendstat:                 Mixe                 Onge    -6.703
gendstat:                 Mixe           Villabruna    -6.882
gendstat:                 Mixe           DevilsGate     6.955
gendstat:                 Mixe            Sherpa.LC     3.017
gendstat:         Ganj_Dareh_N                 Onge     2.390
gendstat:         Ganj_Dareh_N           Villabruna     0.097
gendstat:         Ganj_Dareh_N           DevilsGate    13.457
gendstat:         Ganj_Dareh_N            Sherpa.LC    11.942
gendstat:                 Onge           Villabruna    -1.793
gendstat:                 Onge           DevilsGate    12.038
gendstat:                 Onge            Sherpa.LC    10.367
gendstat:           Villabruna           DevilsGate    11.272
gendstat:           Villabruna            Sherpa.LC     9.272
gendstat:           DevilsGate            Sherpa.LC    -4.772

## end of run
