/home/cliu7/utils/AdmixTools/bin/qpWave: parameter file: temp/param/qpAdm_Tamang.Upper_YR_LN.Southeast_China.parlalejzsv
### THE INPUT PARAMETERS
##PARAMETER NAME: VALUE
DIR: data/intermediate
S1: HO_all_merged.qpAdm
indivname: data/intermediate/HO_all_merged.qpAdm.grouped.ind
snpname: data/intermediate/HO_all_merged.qpAdm.snp
genotypename: data/intermediate/HO_all_merged.qpAdm.geno
popleft: temp/param/left.lalejzsv
popright: temp/param/right.lalejzsv
details: YES
## qpWave version: 410
packed geno read OK
end of inpack

left pops:
Tamang
Upper_YR_LN
Southeast_China

right pops:
Mbuti
Anatolia_N
Ami
Mixe
Ganj_Dareh_N
Onge
Villabruna
DevilsGate
Sherpa.LC

  0               Tamang    7
  1          Upper_YR_LN    7
  2      Southeast_China   97
  3                Mbuti   10
  4           Anatolia_N   25
  5                  Ami   10
  6                 Mixe   10
  7         Ganj_Dareh_N    7
  8                 Onge   12
  9           Villabruna    1
 10           DevilsGate    4
 11            Sherpa.LC    9
jackknife block size:     0.050
snps: 498990  indivs: 199
number of blocks for block jackknife: 710
dof (jackknife):   583.426
numsnps used: 416610
f4info: 
f4rank: 0 dof:     16 chisq:  2875.695 tail:                    0 dofdiff:      0 chisqdiff:     0.000 taildiff:                    1

f4info: 
f4rank: 1 dof:      7 chisq:   394.488 tail:        3.6262996e-81 dofdiff:      9 chisqdiff:  2481.207 taildiff:                    0
B:
          scale     1.000 
     Anatolia_N    -0.146 
            Ami     2.536 
           Mixe     0.679 
   Ganj_Dareh_N    -0.211 
           Onge     0.442 
     Villabruna    -0.189 
     DevilsGate     0.883 
      Sherpa.LC     0.177 
A:
          scale   616.464 
    Upper_YR_LN     0.469 
Southeast_China     1.334 

f4info: 
f4rank: 2 dof:      0 chisq:     0.000 tail:                    1 dofdiff:      7 chisqdiff:   394.488 taildiff:        3.6262996e-81
B:
          scale     1.000     1.000 
     Anatolia_N    -0.215     0.085 
            Ami     2.013    -1.821 
           Mixe     0.916     0.633 
   Ganj_Dareh_N    -0.191     0.254 
           Onge     0.385    -0.111 
     Villabruna    -0.201     0.299 
     DevilsGate     1.486     1.413 
      Sherpa.LC     0.794     1.455 
A:
          scale   431.070  1602.816 
    Upper_YR_LN     0.971     1.028 
Southeast_China     1.028    -0.971 

## end of run
