/home/cliu7/utils/AdmixTools/bin/qpAdm: parameter file: temp/param/qpAdm_Tibetan_Yajiang.YR_MN.Southeast_China.par6ejscel6
### THE INPUT PARAMETERS
##PARAMETER NAME: VALUE
DIR: data/intermediate
S1: HO_all_merged.qpAdm
indivname: data/intermediate/HO_all_merged.qpAdm.grouped.ind
snpname: data/intermediate/HO_all_merged.qpAdm.snp
genotypename: data/intermediate/HO_all_merged.qpAdm.geno
popleft: temp/param/left.6ejscel6
popright: temp/param/right.6ejscel6
details: YES
## qpAdm version: 810
seed: -674885817
packed geno read OK
end of inpack

left pops:
Tibetan_Yajiang
YR_MN
Southeast_China

right pops:
Mbuti
Anatolia_N
Ami
Mixe
Ganj_Dareh_N
Onge
Villabruna
DevilsGate
Sherpa.LC

  0      Tibetan_Yajiang   10
  1                YR_MN    8
  2      Southeast_China   97
  3                Mbuti   10
  4           Anatolia_N   25
  5                  Ami   10
  6                 Mixe   10
  7         Ganj_Dareh_N    7
  8                 Onge   12
  9           Villabruna    1
 10           DevilsGate    4
 11            Sherpa.LC    9
jackknife block size:     0.050
snps: 498990  indivs: 203
number of blocks for block jackknife: 710
## ncols: 498990
coverage:      Tibetan_Yajiang 498036
coverage:                YR_MN 497089
coverage:      Southeast_China 498990
coverage:                Mbuti 498990
coverage:           Anatolia_N 498137
coverage:                  Ami 498990
coverage:                 Mixe 498990
coverage:         Ganj_Dareh_N 457128
coverage:                 Onge 498990
coverage:           Villabruna 415230
coverage:           DevilsGate 498716
coverage:            Sherpa.LC 498990
dof (jackknife):   583.486
numsnps used: 417146
codimension 1
f4info: 
f4rank: 1 dof:      7 chisq:    17.930 tail:         0.0122893674 dofdiff:      9 chisqdiff:   -17.930 taildiff:                    1
B:
          scale     1.000 
     Anatolia_N    -0.192 
            Ami     2.520 
           Mixe    -0.064 
   Ganj_Dareh_N    -0.053 
           Onge     0.478 
     Villabruna    -0.277 
     DevilsGate    -0.137 
      Sherpa.LC    -1.132 
A:
          scale  1081.527 
          YR_MN     0.391 
Southeast_China     1.359 


full rank
f4info: 
f4rank: 2 dof:      0 chisq:     0.000 tail:                    1 dofdiff:      7 chisqdiff:    17.930 taildiff:         0.0122893674
B:
          scale     1.000     1.000 
     Anatolia_N    -0.188    -0.968 
            Ami     2.527    -0.111 
           Mixe    -0.026     0.340 
   Ganj_Dareh_N    -0.040     0.168 
           Onge     0.491    -0.497 
     Villabruna    -0.263     0.895 
     DevilsGate    -0.074     2.094 
      Sherpa.LC    -1.124    -1.215 
A:
          scale  1082.915  6563.896 
          YR_MN     0.352     1.414 
Southeast_China     1.370    -0.013 


best coefficients:     1.404    -0.404 
Jackknife mean:      1.401299093    -0.401299093 
      std. errors:     0.062     0.062 

error covariance (* 1000000)
      3836      -3836 
     -3836       3836 


summ: Tibetan_Yajiang    2      0.012289     1.401    -0.401  3836 -3836  3836 

    fixed pat  wt  dof     chisq       tail prob
           00  0     7    17.930       0.0122894     1.404    -0.404  infeasible
           01  1     8    91.733     2.06769e-16     1.000     0.000 
           10  1     8  1930.694               0     0.000     1.000 
best pat:           00        0.0122894              -  -
best pat:           01      2.06769e-16  chi(nested):    73.803 p-value for nested model:     8.63232e-18

coeffs:     1.404    -0.404 

## dscore:: f_4(Base, Fit, Rbase, right2)
## genstat:: f_4(Base, Fit, right1, right2)

details:           YR_MN      Anatolia_N    -0.000247   -1.310636
details: Southeast_China      Anatolia_N    -0.000230   -2.236748
dscore:      Anatolia_N f4:    -0.000254 Z:    -1.011656

details:           YR_MN             Ami     0.000821    4.127243
details: Southeast_China             Ami     0.003205   25.797498
dscore:             Ami f4:    -0.000143 Z:    -0.540963

details:           YR_MN            Mixe     0.000081    0.368543
details: Southeast_China            Mixe    -0.000026   -0.193679
dscore:            Mixe f4:     0.000124 Z:     0.422962

details:           YR_MN    Ganj_Dareh_N     0.000037    0.167234
details: Southeast_China    Ganj_Dareh_N    -0.000048   -0.371639
dscore:    Ganj_Dareh_N f4:     0.000071 Z:     0.239165

details:           YR_MN            Onge     0.000066    0.317078
details: Southeast_China            Onge     0.000629    5.184920
dscore:            Onge f4:    -0.000161 Z:    -0.573615

details:           YR_MN      Villabruna     0.000135    0.486860
details: Southeast_China      Villabruna    -0.000329   -1.966145
dscore:      Villabruna f4:     0.000323 Z:     0.868041

details:           YR_MN      DevilsGate     0.000458    1.829983
details: Southeast_China      DevilsGate    -0.000087   -0.586749
dscore:      DevilsGate f4:     0.000678 Z:     2.063378

details:           YR_MN       Sherpa.LC    -0.000605   -2.995358
details: Southeast_China       Sherpa.LC    -0.001411  -11.544513
dscore:       Sherpa.LC f4:    -0.000279 Z:    -1.048626

gendstat:                Mbuti           Anatolia_N    -1.012
gendstat:                Mbuti                  Ami    -0.541
gendstat:                Mbuti                 Mixe     0.423
gendstat:                Mbuti         Ganj_Dareh_N     0.239
gendstat:                Mbuti                 Onge    -0.574
gendstat:                Mbuti           Villabruna     0.868
gendstat:                Mbuti           DevilsGate     2.063
gendstat:                Mbuti            Sherpa.LC    -1.049
gendstat:           Anatolia_N                  Ami     0.450
gendstat:           Anatolia_N                 Mixe     1.361
gendstat:           Anatolia_N         Ganj_Dareh_N     1.295
gendstat:           Anatolia_N                 Onge     0.360
gendstat:           Anatolia_N           Villabruna     1.813
gendstat:           Anatolia_N           DevilsGate     3.069
gendstat:           Anatolia_N            Sherpa.LC    -0.100
gendstat:                  Ami                 Mixe     1.050
gendstat:                  Ami         Ganj_Dareh_N     0.737
gendstat:                  Ami                 Onge    -0.073
gendstat:                  Ami           Villabruna     1.235
gendstat:                  Ami           DevilsGate     2.943
gendstat:                  Ami            Sherpa.LC    -0.646
gendstat:                 Mixe         Ganj_Dareh_N    -0.169
gendstat:                 Mixe                 Onge    -1.000
gendstat:                 Mixe           Villabruna     0.524
gendstat:                 Mixe           DevilsGate     1.741
gendstat:                 Mixe            Sherpa.LC    -1.579
gendstat:         Ganj_Dareh_N                 Onge    -0.762
gendstat:         Ganj_Dareh_N           Villabruna     0.680
gendstat:         Ganj_Dareh_N           DevilsGate     1.770
gendstat:         Ganj_Dareh_N            Sherpa.LC    -1.182
gendstat:                 Onge           Villabruna     1.260
gendstat:                 Onge           DevilsGate     2.594
gendstat:                 Onge            Sherpa.LC    -0.454
gendstat:           Villabruna           DevilsGate     0.866
gendstat:           Villabruna            Sherpa.LC    -1.639
gendstat:           DevilsGate            Sherpa.LC    -3.427

## end of run
