/home/cliu7/utils/AdmixTools/bin/qpWave: parameter file: temp/param/qpAdm_Tibetan_Yunnan.YR_MN.Southeast_China.par4bcreenm
### THE INPUT PARAMETERS
##PARAMETER NAME: VALUE
DIR: data/intermediate
S1: HO_all_merged.qpAdm
indivname: data/intermediate/HO_all_merged.qpAdm.grouped.ind
snpname: data/intermediate/HO_all_merged.qpAdm.snp
genotypename: data/intermediate/HO_all_merged.qpAdm.geno
popleft: temp/param/left.4bcreenm
popright: temp/param/right.4bcreenm
details: YES
## qpWave version: 410
packed geno read OK
end of inpack

left pops:
Tibetan_Yunnan
YR_MN
Southeast_China

right pops:
Mbuti
Anatolia_N
Ami
Mixe
Ganj_Dareh_N
Onge
Villabruna
DevilsGate
Sherpa.LC

  0       Tibetan_Yunnan    4
  1                YR_MN    8
  2      Southeast_China   97
  3                Mbuti   10
  4           Anatolia_N   25
  5                  Ami   10
  6                 Mixe   10
  7         Ganj_Dareh_N    7
  8                 Onge   12
  9           Villabruna    1
 10           DevilsGate    4
 11            Sherpa.LC    9
jackknife block size:     0.050
snps: 498990  indivs: 197
number of blocks for block jackknife: 710
dof (jackknife):   583.434
numsnps used: 417868
f4info: 
f4rank: 0 dof:     16 chisq:  1312.659 tail:      9.59008205e-270 dofdiff:      0 chisqdiff:     0.000 taildiff:                    1

f4info: 
f4rank: 1 dof:      7 chisq:    21.556 tail:        0.00302868349 dofdiff:      9 chisqdiff:  1291.103 taildiff:      2.58261858e-272
B:
          scale     1.000 
     Anatolia_N    -0.096 
            Ami     2.475 
           Mixe    -0.072 
   Ganj_Dareh_N    -0.160 
           Onge     0.392 
     Villabruna    -0.195 
     DevilsGate    -0.242 
      Sherpa.LC    -1.258 
A:
          scale  1183.391 
          YR_MN     0.332 
Southeast_China     1.375 

f4info: 
f4rank: 2 dof:      0 chisq:     0.000 tail:                    1 dofdiff:      7 chisqdiff:    21.556 taildiff:        0.00302868349
B:
          scale     1.000     1.000 
     Anatolia_N    -0.176     0.504 
            Ami     2.340     0.925 
           Mixe    -0.032    -0.228 
   Ganj_Dareh_N    -0.207     0.286 
           Onge     0.258     0.978 
     Villabruna    -0.066    -1.187 
     DevilsGate    -0.099    -1.335 
      Sherpa.LC    -1.539     1.616 
A:
          scale  1206.345  4951.338 
          YR_MN     0.315    -1.379 
Southeast_China     1.379     0.315 

## end of run
