/home/cliu7/utils/AdmixTools/bin/qpAdm: parameter file: temp/param/qpAdm_Bumthang.Sherpa.LC.Upper_YR_LN.pare37ngqxa
### THE INPUT PARAMETERS
##PARAMETER NAME: VALUE
DIR: data/intermediate
S1: illumina_all_merged.qpAdm
indivname: data/intermediate/illumina_all_merged.qpAdm.grouped2.ind
snpname: data/intermediate/illumina_all_merged.qpAdm.snp
genotypename: data/intermediate/illumina_all_merged.qpAdm.geno
popleft: temp/param/left.e37ngqxa
popright: temp/param/right.e37ngqxa
details: YES
## qpAdm version: 810
seed: -553390763
packed geno read OK
end of inpack

left pops:
Bumthang
Sherpa.LC
Upper_YR_LN

right pops:
Mbuti
Anatolia_N
Ami.DG
Mixe.DG
Ganj_Dareh_N
Onge.DG
Villabruna
DevilsGate
aACA

  0             Bumthang   19
  1            Sherpa.LC    9
  2          Upper_YR_LN    7
  3                Mbuti   13
  4           Anatolia_N   25
  5               Ami.DG    2
  6              Mixe.DG    3
  7         Ganj_Dareh_N    7
  8              Onge.DG    2
  9           Villabruna    1
 10           DevilsGate    4
 11                 aACA   32
jackknife block size:     0.050
snps: 234294  indivs: 124
number of blocks for block jackknife: 548
## ncols: 234294
coverage:             Bumthang 234294
coverage:            Sherpa.LC 117394
coverage:          Upper_YR_LN 232854
coverage:                Mbuti 234294
coverage:           Anatolia_N 117047
coverage:               Ami.DG 228808
coverage:              Mixe.DG 228825
coverage:         Ganj_Dareh_N 104920
coverage:              Onge.DG 228703
coverage:           Villabruna  86810
coverage:           DevilsGate 117364
coverage:                 aACA 120350
dof (jackknife):   467.185
numsnps used: 84322
codimension 1
f4info: 
f4rank: 1 dof:      7 chisq:    15.086 tail:         0.0349070699 dofdiff:      9 chisqdiff:   -15.086 taildiff:                    1
B:
          scale     1.000 
     Anatolia_N    -0.298 
         Ami.DG     1.508 
        Mixe.DG     0.716 
   Ganj_Dareh_N    -0.488 
        Onge.DG     0.096 
     Villabruna    -1.123 
     DevilsGate     1.798 
           aACA    -0.619 
A:
          scale  1559.401 
      Sherpa.LC    -0.200 
    Upper_YR_LN     1.400 


full rank
f4info: 
f4rank: 2 dof:      0 chisq:     0.000 tail:                    1 dofdiff:      7 chisqdiff:    15.086 taildiff:         0.0349070699
B:
          scale     1.000     1.000 
     Anatolia_N    -0.075     1.002 
         Ami.DG     1.478    -0.230 
        Mixe.DG     0.852     0.311 
   Ganj_Dareh_N    -0.201     1.236 
        Onge.DG     0.213     0.500 
     Villabruna    -0.988     0.784 
     DevilsGate     2.004     0.160 
           aACA    -0.087     2.104 
A:
          scale  1328.129  3720.124 
      Sherpa.LC     0.334     1.397 
    Upper_YR_LN     1.374    -0.221 


best coefficients:     0.875     0.125 
Jackknife mean:      0.872670260     0.127329740 
      std. errors:     0.093     0.093 

error covariance (* 1000000)
      8662      -8662 
     -8662       8662 


summ: Bumthang    2      0.034907     0.873     0.127  8662 -8662  8662 

    fixed pat  wt  dof     chisq       tail prob
           00  0     7    15.086       0.0349071     0.875     0.125 
           01  1     8    17.198        0.028112     1.000     0.000 
           10  1     8    92.824     1.24038e-16     0.000     1.000 
best pat:           00        0.0349071              -  -
best pat:           01         0.028112  chi(nested):     2.112 p-value for nested model:         0.14619

coeffs:     0.875     0.125 

## dscore:: f_4(Base, Fit, Rbase, right2)
## genstat:: f_4(Base, Fit, right1, right2)

details:       Sherpa.LC      Anatolia_N     0.000366    1.542001
details:     Upper_YR_LN      Anatolia_N    -0.000137   -0.421876
dscore:      Anatolia_N f4:     0.000303 Z:     1.407711

details:       Sherpa.LC          Ami.DG     0.000294    1.013557
details:     Upper_YR_LN          Ami.DG     0.001545    3.822591
dscore:          Ami.DG f4:     0.000450 Z:     1.712848

details:       Sherpa.LC         Mixe.DG     0.000340    1.116806
details:     Upper_YR_LN         Mixe.DG     0.000865    2.212792
dscore:         Mixe.DG f4:     0.000406 Z:     1.463680

details:       Sherpa.LC    Ganj_Dareh_N     0.000423    1.441873
details:     Upper_YR_LN    Ganj_Dareh_N    -0.000283   -0.708624
dscore:    Ganj_Dareh_N f4:     0.000335 Z:     1.252769

details:       Sherpa.LC         Onge.DG     0.000250    0.853447
details:     Upper_YR_LN         Onge.DG     0.000191    0.461213
dscore:         Onge.DG f4:     0.000243 Z:     0.896526

details:       Sherpa.LC      Villabruna     0.000059    0.157281
details:     Upper_YR_LN      Villabruna    -0.001071   -2.091836
dscore:      Villabruna f4:    -0.000082 Z:    -0.239072

details:       Sherpa.LC      DevilsGate     0.000572    1.825979
details:     Upper_YR_LN      DevilsGate     0.002068    4.536067
dscore:      DevilsGate f4:     0.000759 Z:     2.619272

details:       Sherpa.LC            aACA     0.000775    3.267367
details:     Upper_YR_LN            aACA    -0.000213   -0.648541
dscore:            aACA f4:     0.000651 Z:     2.990471

gendstat:                Mbuti           Anatolia_N     1.408
gendstat:                Mbuti               Ami.DG     1.713
gendstat:                Mbuti              Mixe.DG     1.464
gendstat:                Mbuti         Ganj_Dareh_N     1.253
gendstat:                Mbuti              Onge.DG     0.897
gendstat:                Mbuti           Villabruna    -0.239
gendstat:                Mbuti           DevilsGate     2.619
gendstat:                Mbuti                 aACA     2.990
gendstat:           Anatolia_N               Ami.DG     0.599
gendstat:           Anatolia_N              Mixe.DG     0.420
gendstat:           Anatolia_N         Ganj_Dareh_N     0.142
gendstat:           Anatolia_N              Onge.DG    -0.233
gendstat:           Anatolia_N           Villabruna    -1.356
gendstat:           Anatolia_N           DevilsGate     1.768
gendstat:           Anatolia_N                 aACA     1.792
gendstat:               Ami.DG              Mixe.DG    -0.175
gendstat:               Ami.DG         Ganj_Dareh_N    -0.423
gendstat:               Ami.DG              Onge.DG    -0.762
gendstat:               Ami.DG           Villabruna    -1.469
gendstat:               Ami.DG           DevilsGate     1.197
gendstat:               Ami.DG                 aACA     1.006
gendstat:              Mixe.DG         Ganj_Dareh_N    -0.237
gendstat:              Mixe.DG              Onge.DG    -0.560
gendstat:              Mixe.DG           Villabruna    -1.328
gendstat:              Mixe.DG           DevilsGate     1.273
gendstat:              Mixe.DG                 aACA     1.150
gendstat:         Ganj_Dareh_N              Onge.DG    -0.299
gendstat:         Ganj_Dareh_N           Villabruna    -1.172
gendstat:         Ganj_Dareh_N           DevilsGate     1.347
gendstat:         Ganj_Dareh_N                 aACA     1.256
gendstat:              Onge.DG           Villabruna    -0.878
gendstat:              Onge.DG           DevilsGate     1.742
gendstat:              Onge.DG                 aACA     1.775
gendstat:           Villabruna           DevilsGate     2.340
gendstat:           Villabruna                 aACA     2.287
gendstat:           DevilsGate                 aACA    -0.472

## end of run
