/home/cliu7/utils/AdmixTools/bin/qpWave: parameter file: temp/param/qpAdm_Dzala.Sherpa.LC.Upper_YR_LN.parfhptr0d8
### THE INPUT PARAMETERS
##PARAMETER NAME: VALUE
DIR: data/intermediate
S1: illumina_all_merged.qpAdm
indivname: data/intermediate/illumina_all_merged.qpAdm.grouped2.ind
snpname: data/intermediate/illumina_all_merged.qpAdm.snp
genotypename: data/intermediate/illumina_all_merged.qpAdm.geno
popleft: temp/param/left.fhptr0d8
popright: temp/param/right.fhptr0d8
details: YES
## qpWave version: 410
packed geno read OK
end of inpack

left pops:
Dzala
Sherpa.LC
Upper_YR_LN

right pops:
Mbuti
Anatolia_N
Ami.DG
Mixe.DG
Ganj_Dareh_N
Onge.DG
Villabruna
DevilsGate
aACA

  0                Dzala   14
  1            Sherpa.LC    9
  2          Upper_YR_LN    7
  3                Mbuti   13
  4           Anatolia_N   25
  5               Ami.DG    2
  6              Mixe.DG    3
  7         Ganj_Dareh_N    7
  8              Onge.DG    2
  9           Villabruna    1
 10           DevilsGate    4
 11                 aACA   32
jackknife block size:     0.050
snps: 234294  indivs: 119
number of blocks for block jackknife: 548
dof (jackknife):   467.680
numsnps used: 84751
f4info: 
f4rank: 0 dof:     16 chisq:   117.860 tail:       1.41527528e-17 dofdiff:      0 chisqdiff:     0.000 taildiff:                    1

f4info: 
f4rank: 1 dof:      7 chisq:    24.810 tail:       0.000820034506 dofdiff:      9 chisqdiff:    93.050 taildiff:       3.97090556e-16
B:
          scale     1.000 
     Anatolia_N    -0.531 
         Ami.DG     1.282 
        Mixe.DG     0.625 
   Ganj_Dareh_N    -0.748 
        Onge.DG    -0.130 
     Villabruna    -1.149 
     DevilsGate     1.668 
           aACA    -1.003 
A:
          scale  1960.982 
      Sherpa.LC    -0.522 
    Upper_YR_LN     1.315 

f4info: 
f4rank: 2 dof:      0 chisq:     0.000 tail:                    1 dofdiff:      7 chisqdiff:    24.810 taildiff:       0.000820034506
B:
          scale     1.000     1.000 
     Anatolia_N    -0.304     0.604 
         Ami.DG     1.137    -0.704 
        Mixe.DG     0.703     0.180 
   Ganj_Dareh_N    -0.492     0.709 
        Onge.DG    -0.090    -0.042 
     Villabruna    -1.130     0.422 
     DevilsGate     2.143     0.801 
           aACA    -0.016     2.405 
A:
          scale  1470.755  3886.861 
      Sherpa.LC     0.162     1.405 
    Upper_YR_LN     1.405    -0.162 

## end of run
