/home/cliu7/utils/AdmixTools/bin/qpAdm: parameter file: temp/param/qpAdm_Gurung.Upper_YR_LN.Samdzong.Pulliyar.parzm7s7fdp
### THE INPUT PARAMETERS
##PARAMETER NAME: VALUE
DIR: data/intermediate
S1: HO_all_merged.qpAdm
indivname: data/intermediate/HO_all_merged.qpAdm.grouped.ind
snpname: data/intermediate/HO_all_merged.qpAdm.snp
genotypename: data/intermediate/HO_all_merged.qpAdm.geno
popleft: temp/param/left.zm7s7fdp
popright: temp/param/right.zm7s7fdp
details: YES
## qpAdm version: 810
seed: -1608194445
packed geno read OK
end of inpack

left pops:
Gurung
Upper_YR_LN
Samdzong
Pulliyar

right pops:
Mbuti
Anatolia_N
Ami
Mixe
Ganj_Dareh_N
Onge
Villabruna
DevilsGate
Sherpa.LC

  0               Gurung    5
  1          Upper_YR_LN    7
  2             Samdzong    9
  3             Pulliyar   35
  4                Mbuti   10
  5           Anatolia_N   25
  6                  Ami   10
  7                 Mixe   10
  8         Ganj_Dareh_N    7
  9                 Onge   12
 10           Villabruna    1
 11           DevilsGate    4
 12            Sherpa.LC    9
jackknife block size:     0.050
snps: 498990  indivs: 144
number of blocks for block jackknife: 710
## ncols: 498990
coverage:               Gurung 498036
coverage:          Upper_YR_LN 496840
coverage:             Samdzong 498985
coverage:             Pulliyar 459213
coverage:                Mbuti 498990
coverage:           Anatolia_N 498137
coverage:                  Ami 498990
coverage:                 Mixe 498990
coverage:         Ganj_Dareh_N 457128
coverage:                 Onge 498990
coverage:           Villabruna 415230
coverage:           DevilsGate 498716
coverage:            Sherpa.LC 498990
dof (jackknife):   584.892
numsnps used: 387838
codimension 1
f4info: 
f4rank: 2 dof:      6 chisq:    11.699 tail:         0.0690254718 dofdiff:      8 chisqdiff:   -11.699 taildiff:                    1
B:
          scale     1.000     1.000 
     Anatolia_N    -0.187    -0.016 
            Ami     1.393     0.761 
           Mixe     1.005     0.471 
   Ganj_Dareh_N    -0.299     0.864 
           Onge     0.263     0.527 
     Villabruna    -0.105     0.122 
     DevilsGate     1.545     0.676 
      Sherpa.LC     1.569    -2.388 
A:
          scale   241.020  3460.263 
    Upper_YR_LN     0.353     1.084 
       Samdzong     0.093    -1.343 
       Pulliyar    -1.693     0.141 


full rank
f4info: 
f4rank: 3 dof:      0 chisq:     0.000 tail:                    1 dofdiff:      6 chisqdiff:    11.699 taildiff:         0.0690254718
B:
          scale     1.000     1.000     1.000 
     Anatolia_N    -0.189     0.058    -0.603 
            Ami     1.393     0.479     1.757 
           Mixe     1.004     0.313     0.757 
   Ganj_Dareh_N    -0.299     0.914     0.571 
           Onge     0.260     0.434     0.703 
     Villabruna    -0.108     0.224    -0.384 
     DevilsGate     1.546     0.668    -0.387 
      Sherpa.LC     1.568    -2.480    -1.690 
A:
          scale   243.579  2783.140  5004.570 
    Upper_YR_LN     0.402     1.559    -1.124 
       Samdzong     0.115    -0.522    -1.084 
       Pulliyar    -1.681     0.546    -0.750 


best coefficients:     0.479     0.399     0.122 
Jackknife mean:      0.478310167     0.400043021     0.121646811 
      std. errors:     0.052     0.056     0.010 

error covariance (* 1000000)
      2688      -2834        145 
     -2834       3082       -248 
       145       -248        103 


summ: Gurung    3      0.069025     0.478     0.400     0.122  2688 -2834   145  3082  -248   103 

    fixed pat  wt  dof     chisq       tail prob
          000  0     6    11.699       0.0690255     0.479     0.399     0.122 
          001  1     7   218.910               0    -1.234     2.234    -0.000  infeasible
          010  1     7    51.538     7.20024e-09     0.848    -0.000     0.152 
          100  1     7    81.981     5.42988e-15    -0.000     0.908     0.092 
          011  2     8   220.121               0     1.000    -0.000    -0.000 
          101  2     8   145.542     1.66636e-27     0.000     1.000    -0.000 
          110  2     8  3783.479               0     0.000    -0.000     1.000 
best pat:          000        0.0690255              -  -
best pat:          010      7.20024e-09  chi(nested):    39.839 p-value for nested model:     2.75833e-10
best pat:          101      1.66636e-27 not nested

coeffs:     0.479     0.399     0.122 

## dscore:: f_4(Base, Fit, Rbase, right2)
## genstat:: f_4(Base, Fit, right1, right2)

details:     Upper_YR_LN      Anatolia_N    -0.000180   -0.942150
details:        Samdzong      Anatolia_N    -0.000056   -0.333059
details:        Pulliyar      Anatolia_N     0.001312    5.961272
dscore:      Anatolia_N f4:     0.000051 Z:     0.353018

details:     Upper_YR_LN             Ami     0.002145    9.600283
details:        Samdzong             Ami     0.000107    0.534493
details:        Pulliyar             Ami    -0.009922  -37.642002
dscore:             Ami f4:    -0.000137 Z:    -0.792142

details:     Upper_YR_LN            Mixe     0.001599    6.585519
details:        Samdzong            Mixe     0.000115    0.547698
details:        Pulliyar            Mixe    -0.007136  -26.400196
dscore:            Mixe f4:    -0.000056 Z:    -0.304536

details:     Upper_YR_LN    Ganj_Dareh_N    -0.000110   -0.468058
details:        Samdzong    Ganj_Dareh_N    -0.000547   -2.845027
details:        Pulliyar    Ganj_Dareh_N     0.002092    8.456183
dscore:    Ganj_Dareh_N f4:    -0.000017 Z:    -0.099466

details:     Upper_YR_LN            Onge     0.000458    2.136167
details:        Samdzong            Onge    -0.000233   -1.132533
details:        Pulliyar            Onge    -0.001945   -8.046267
dscore:            Onge f4:    -0.000110 Z:    -0.661473

details:     Upper_YR_LN      Villabruna     0.000126    0.403942
details:        Samdzong      Villabruna     0.000006    0.021820
details:        Pulliyar      Villabruna     0.000805    2.493724
dscore:      Villabruna f4:     0.000161 Z:     0.678186

details:     Upper_YR_LN      DevilsGate     0.003014   10.835636
details:        Samdzong      DevilsGate     0.000638    2.744001
details:        Pulliyar      DevilsGate    -0.010621  -36.473920
dscore:      DevilsGate f4:     0.000406 Z:     1.969144

details:     Upper_YR_LN       Sherpa.LC     0.001555    7.115910
details:        Samdzong       Sherpa.LC     0.001479    7.507208
details:        Pulliyar       Sherpa.LC    -0.011178  -44.794926
dscore:       Sherpa.LC f4:    -0.000024 Z:    -0.145850

gendstat:                Mbuti           Anatolia_N     0.353
gendstat:                Mbuti                  Ami    -0.792
gendstat:                Mbuti                 Mixe    -0.305
gendstat:                Mbuti         Ganj_Dareh_N    -0.099
gendstat:                Mbuti                 Onge    -0.661
gendstat:                Mbuti           Villabruna     0.678
gendstat:                Mbuti           DevilsGate     1.969
gendstat:                Mbuti            Sherpa.LC    -0.146
gendstat:           Anatolia_N                  Ami    -1.223
gendstat:           Anatolia_N                 Mixe    -0.633
gendstat:           Anatolia_N         Ganj_Dareh_N    -0.471
gendstat:           Anatolia_N                 Onge    -1.017
gendstat:           Anatolia_N           Villabruna     0.527
gendstat:           Anatolia_N           DevilsGate     1.811
gendstat:           Anatolia_N            Sherpa.LC    -0.480
gendstat:                  Ami                 Mixe     0.496
gendstat:                  Ami         Ganj_Dareh_N     0.636
gendstat:                  Ami                 Onge     0.167
gendstat:                  Ami           Villabruna     1.206
gendstat:                  Ami           DevilsGate     3.194
gendstat:                  Ami            Sherpa.LC     0.904
gendstat:                 Mixe         Ganj_Dareh_N     0.194
gendstat:                 Mixe                 Onge    -0.297
gendstat:                 Mixe           Villabruna     0.871
gendstat:                 Mixe           DevilsGate     2.279
gendstat:                 Mixe            Sherpa.LC     0.200
gendstat:         Ganj_Dareh_N                 Onge    -0.495
gendstat:         Ganj_Dareh_N           Villabruna     0.752
gendstat:         Ganj_Dareh_N           DevilsGate     1.915
gendstat:         Ganj_Dareh_N            Sherpa.LC    -0.040
gendstat:                 Onge           Villabruna     1.116
gendstat:                 Onge           DevilsGate     2.460
gendstat:                 Onge            Sherpa.LC     0.535
gendstat:           Villabruna           DevilsGate     0.943
gendstat:           Villabruna            Sherpa.LC    -0.761
gendstat:           DevilsGate            Sherpa.LC    -2.562

## end of run
