/home/cliu7/utils/AdmixTools/bin/qpWave: parameter file: temp/param/qpAdm_Gurung.YR_MN.Mebrak.Southeast_China.parsa4ghs9j
### THE INPUT PARAMETERS
##PARAMETER NAME: VALUE
DIR: data/intermediate
S1: HO_all_merged.qpAdm
indivname: data/intermediate/HO_all_merged.qpAdm.grouped.ind
snpname: data/intermediate/HO_all_merged.qpAdm.snp
genotypename: data/intermediate/HO_all_merged.qpAdm.geno
popleft: temp/param/left.sa4ghs9j
popright: temp/param/right.sa4ghs9j
details: YES
## qpWave version: 410
packed geno read OK
end of inpack

left pops:
Gurung
YR_MN
Mebrak
Southeast_China

right pops:
Mbuti
Anatolia_N
Ami
Mixe
Ganj_Dareh_N
Onge
Villabruna
DevilsGate
Sherpa.LC

  0               Gurung    5
  1                YR_MN    8
  2               Mebrak    8
  3      Southeast_China   97
  4                Mbuti   10
  5           Anatolia_N   25
  6                  Ami   10
  7                 Mixe   10
  8         Ganj_Dareh_N    7
  9                 Onge   12
 10           Villabruna    1
 11           DevilsGate    4
 12            Sherpa.LC    9
jackknife block size:     0.050
snps: 498990  indivs: 206
number of blocks for block jackknife: 710
dof (jackknife):   583.553
numsnps used: 416745
f4info: 
f4rank: 0 dof:     24 chisq:  2645.173 tail:                    0 dofdiff:      0 chisqdiff:     0.000 taildiff:                    1

f4info: 
f4rank: 1 dof:     14 chisq:   157.666 tail:       2.08934437e-26 dofdiff:     10 chisqdiff:  2487.507 taildiff:                    0
B:
          scale     1.000 
     Anatolia_N    -0.094 
            Ami     2.639 
           Mixe     0.460 
   Ganj_Dareh_N    -0.140 
           Onge     0.476 
     Villabruna    -0.302 
     DevilsGate     0.385 
      Sherpa.LC    -0.574 
A:
          scale  1037.080 
          YR_MN     0.595 
         Mebrak    -0.310 
Southeast_China     1.597 

f4info: 
f4rank: 2 dof:      6 chisq:    26.154 tail:        0.00020843237 dofdiff:      8 chisqdiff:   131.513 taildiff:       1.37406896e-24
B:
          scale     1.000     1.000 
     Anatolia_N    -0.225    -0.301 
            Ami     2.494    -0.868 
           Mixe     0.603     0.270 
   Ganj_Dareh_N    -0.284    -0.341 
           Onge     0.247    -0.698 
     Villabruna    -0.006     0.584 
     DevilsGate     1.080     1.447 
      Sherpa.LC     0.237     2.011 
A:
          scale   841.216  2221.343 
          YR_MN     0.866     0.618 
         Mebrak     0.246     1.488 
Southeast_China     1.480    -0.636 

f4info: 
f4rank: 3 dof:      0 chisq:     0.000 tail:                    1 dofdiff:      6 chisqdiff:    26.154 taildiff:        0.00020843237
B:
          scale     1.000     1.000     1.000 
     Anatolia_N    -0.226    -0.324     0.184 
            Ami     2.463    -0.876    -0.899 
           Mixe     0.651     0.243     1.526 
   Ganj_Dareh_N    -0.275    -0.337     0.507 
           Onge     0.244    -0.724     0.259 
     Villabruna     0.002     0.555     0.441 
     DevilsGate     1.137     1.454     1.415 
      Sherpa.LC     0.178     2.002    -1.519 
A:
          scale   828.101  2229.223  7808.150 
          YR_MN     0.918     0.769     1.251 
         Mebrak     0.193     1.399    -1.002 
Southeast_China     1.456    -0.671    -0.656 

## end of run
