/home/cliu7/utils/AdmixTools/bin/qpAdm: parameter file: temp/param/qpAdm_Gurung.Yi.Rhirhi.Han.parsk85vzsm
### THE INPUT PARAMETERS
##PARAMETER NAME: VALUE
DIR: data/intermediate
S1: HO_all_merged.qpAdm
indivname: data/intermediate/HO_all_merged.qpAdm.grouped.ind
snpname: data/intermediate/HO_all_merged.qpAdm.snp
genotypename: data/intermediate/HO_all_merged.qpAdm.geno
popleft: temp/param/left.sk85vzsm
popright: temp/param/right.sk85vzsm
details: YES
## qpAdm version: 810
seed: 364958570
packed geno read OK
end of inpack

left pops:
Gurung
Yi
Rhirhi
Han

right pops:
Mbuti
Anatolia_N
Ami
Mixe
Ganj_Dareh_N
Onge
Villabruna
DevilsGate
Sherpa.LC

  0               Gurung    5
  1                   Yi    8
  2               Rhirhi    4
  3                  Han   33
  4                Mbuti   10
  5           Anatolia_N   25
  6                  Ami   10
  7                 Mixe   10
  8         Ganj_Dareh_N    7
  9                 Onge   12
 10           Villabruna    1
 11           DevilsGate    4
 12            Sherpa.LC    9
jackknife block size:     0.050
snps: 498990  indivs: 138
number of blocks for block jackknife: 710
## ncols: 498990
coverage:               Gurung 498036
coverage:                   Yi 498990
coverage:               Rhirhi 489694
coverage:                  Han 498990
coverage:                Mbuti 498990
coverage:           Anatolia_N 498137
coverage:                  Ami 498990
coverage:                 Mixe 498990
coverage:         Ganj_Dareh_N 457128
coverage:                 Onge 498990
coverage:           Villabruna 415230
coverage:           DevilsGate 498716
coverage:            Sherpa.LC 498990
dof (jackknife):   583.582
numsnps used: 416790
codimension 1
f4info: 
f4rank: 2 dof:      6 chisq:    26.930 tail:       0.000149265878 dofdiff:      8 chisqdiff:   -26.930 taildiff:                    1
B:
          scale     1.000     1.000 
     Anatolia_N    -0.157    -0.408 
            Ami     2.301    -1.244 
           Mixe     0.824    -0.109 
   Ganj_Dareh_N    -0.214    -0.703 
           Onge     0.267    -0.499 
     Villabruna    -0.117     0.073 
     DevilsGate     1.298     0.695 
      Sherpa.LC     0.431     2.246 
A:
          scale   800.246  3473.679 
             Yi     0.953     0.715 
         Rhirhi     0.144     1.559 
            Han     1.439    -0.243 


full rank
f4info: 
f4rank: 3 dof:      0 chisq:     0.000 tail:                    1 dofdiff:      6 chisqdiff:    26.930 taildiff:       0.000149265878
B:
          scale     1.000     1.000     1.000 
     Anatolia_N    -0.141    -0.408     0.017 
            Ami     2.270    -1.043    -1.452 
           Mixe     0.856    -0.245     0.528 
   Ganj_Dareh_N    -0.206    -0.810     0.141 
           Onge     0.311    -0.686     0.645 
     Villabruna    -0.106     0.638    -1.070 
     DevilsGate     1.306     1.028    -0.473 
      Sherpa.LC     0.489     2.024     1.951 
A:
          scale   792.346  2859.909  6892.466 
             Yi     1.013     0.319     0.859 
         Rhirhi     0.016     1.702    -1.233 
            Han     1.405    -0.037    -0.862 


best coefficients:    -6.253     3.460     3.793 
Jackknife mean:     -0.468083021     1.033326667     0.434756355 
      std. errors:     6.467     2.714     3.760 

error covariance (* 1000000)
  41826534  -17526334  -24300200 
 -17526334    7366076   10160258 
 -24300200   10160258   14139942 


summ: Gurung    3      0.000149    -0.468     1.033     0.435 41826534 -17526334 -24300200 7366076 10160258 14139942 

    fixed pat  wt  dof     chisq       tail prob
          000  0     6    26.930     0.000149266    -6.253     3.460     3.793  infeasible
          001  1     7    69.329      2.0183e-12     0.208     0.792    -0.000 
          010  1     7    75.471     1.15044e-13     2.112    -0.000    -1.112  infeasible
          100  1     7    61.577     7.30393e-11     0.000     0.851     0.149 
          011  2     8   363.164               0     1.000    -0.000     0.000 
          101  2     8    78.494     9.81821e-14     0.000     1.000     0.000 
          110  2     8  1226.488               0     0.000    -0.000     1.000 
best pat:          000      0.000149266              -  -
best pat:          100      7.30393e-11  chi(nested):    34.648 p-value for nested model:     3.95103e-09
best pat:          101      9.81821e-14  chi(nested):    16.917 p-value for nested model:     3.90505e-05

coeffs:    -6.253     3.460     3.793 

## dscore:: f_4(Base, Fit, Rbase, right2)
## genstat:: f_4(Base, Fit, right1, right2)

details:              Yi      Anatolia_N    -0.000214   -1.502542
details:          Rhirhi      Anatolia_N    -0.000236   -1.144771
details:             Han      Anatolia_N    -0.000237   -1.785506
dscore:      Anatolia_N f4:    -0.000379 Z:    -0.445239

details:              Yi             Ami     0.002638   15.102717
details:          Rhirhi             Ami    -0.000287   -1.165259
details:             Han             Ami     0.004252   26.046560
dscore:             Ami f4:    -0.001359 Z:    -1.315377

details:              Yi            Mixe     0.001160    6.389036
details:          Rhirhi            Mixe    -0.000196   -0.741848
details:             Han            Mixe     0.001482    8.512779
dscore:            Mixe f4:    -0.002312 Z:    -2.075086

details:              Yi    Ganj_Dareh_N    -0.000330   -1.899314
details:          Rhirhi    Ganj_Dareh_N    -0.000505   -1.894850
details:             Han    Ganj_Dareh_N    -0.000365   -2.259773
dscore:    Ganj_Dareh_N f4:    -0.001066 Z:    -0.969798

details:              Yi            Onge     0.000422    2.424773
details:          Rhirhi            Onge    -0.000508   -2.067823
details:             Han            Onge     0.000498    3.166558
dscore:            Onge f4:    -0.002504 Z:    -2.392702

details:              Yi      Villabruna    -0.000191   -0.833954
details:          Rhirhi      Villabruna     0.000595    1.778881
details:             Han      Villabruna    -0.000051   -0.238435
dscore:      Villabruna f4:     0.003061 Z:     2.353741

details:              Yi      DevilsGate     0.001761    8.800268
details:          Rhirhi      DevilsGate     0.000758    2.517887
details:             Han      DevilsGate     0.002392   12.622489
dscore:      DevilsGate f4:     0.000686 Z:     0.563243

details:              Yi       Sherpa.LC     0.001124    6.613645
details:          Rhirhi       Sherpa.LC     0.000894    3.597126
details:             Han       Sherpa.LC     0.000626    3.895630
dscore:       Sherpa.LC f4:    -0.001563 Z:    -1.628884

gendstat:                Mbuti           Anatolia_N    -0.445
gendstat:                Mbuti                  Ami    -1.315
gendstat:                Mbuti                 Mixe    -2.075
gendstat:                Mbuti         Ganj_Dareh_N    -0.970
gendstat:                Mbuti                 Onge    -2.393
gendstat:                Mbuti           Villabruna     2.354
gendstat:                Mbuti           DevilsGate     0.563
gendstat:                Mbuti            Sherpa.LC    -1.629
gendstat:           Anatolia_N                  Ami    -1.055
gendstat:           Anatolia_N                 Mixe    -1.900
gendstat:           Anatolia_N         Ganj_Dareh_N    -0.798
gendstat:           Anatolia_N                 Onge    -2.173
gendstat:           Anatolia_N           Villabruna     3.070
gendstat:           Anatolia_N           DevilsGate     0.922
gendstat:           Anatolia_N            Sherpa.LC    -1.346
gendstat:                  Ami                 Mixe    -1.024
gendstat:                  Ami         Ganj_Dareh_N     0.273
gendstat:                  Ami                 Onge    -1.108
gendstat:                  Ami           Villabruna     3.210
gendstat:                  Ami           DevilsGate     1.968
gendstat:                  Ami            Sherpa.LC    -0.269
gendstat:                 Mixe         Ganj_Dareh_N     1.040
gendstat:                 Mixe                 Onge    -0.169
gendstat:                 Mixe           Villabruna     3.836
gendstat:                 Mixe           DevilsGate     2.646
gendstat:                 Mixe            Sherpa.LC     0.828
gendstat:         Ganj_Dareh_N                 Onge    -1.244
gendstat:         Ganj_Dareh_N           Villabruna     3.177
gendstat:         Ganj_Dareh_N           DevilsGate     1.318
gendstat:         Ganj_Dareh_N            Sherpa.LC    -0.475
gendstat:                 Onge           Villabruna     3.885
gendstat:                 Onge           DevilsGate     2.567
gendstat:                 Onge            Sherpa.LC     0.934
gendstat:           Villabruna           DevilsGate    -1.513
gendstat:           Villabruna            Sherpa.LC    -3.488
gendstat:           DevilsGate            Sherpa.LC    -2.271

## end of run
