/home/cliu7/utils/AdmixTools/bin/qpAdm: parameter file: temp/param/qpAdm_Gurung.Upper_YR_LN.Kyang.Mala.parq5ddkxg0
### THE INPUT PARAMETERS
##PARAMETER NAME: VALUE
DIR: data/intermediate
S1: HO_all_merged.qpAdm
indivname: data/intermediate/HO_all_merged.qpAdm.grouped.ind
snpname: data/intermediate/HO_all_merged.qpAdm.snp
genotypename: data/intermediate/HO_all_merged.qpAdm.geno
popleft: temp/param/left.q5ddkxg0
popright: temp/param/right.q5ddkxg0
details: YES
## qpAdm version: 810
seed: -19336024
packed geno read OK
end of inpack

left pops:
Gurung
Upper_YR_LN
Kyang
Mala

right pops:
Mbuti
Anatolia_N
Ami
Mixe
Ganj_Dareh_N
Onge
Villabruna
DevilsGate
Sherpa.LC

  0               Gurung    5
  1          Upper_YR_LN    7
  2                Kyang    7
  3                 Mala   11
  4                Mbuti   10
  5           Anatolia_N   25
  6                  Ami   10
  7                 Mixe   10
  8         Ganj_Dareh_N    7
  9                 Onge   12
 10           Villabruna    1
 11           DevilsGate    4
 12            Sherpa.LC    9
jackknife block size:     0.050
snps: 498990  indivs: 118
number of blocks for block jackknife: 710
## ncols: 498990
coverage:               Gurung 498036
coverage:          Upper_YR_LN 496840
coverage:                Kyang 498984
coverage:                 Mala 498990
coverage:                Mbuti 498990
coverage:           Anatolia_N 498137
coverage:                  Ami 498990
coverage:                 Mixe 498990
coverage:         Ganj_Dareh_N 457128
coverage:                 Onge 498990
coverage:           Villabruna 415230
coverage:           DevilsGate 498716
coverage:            Sherpa.LC 498990
dof (jackknife):   583.283
numsnps used: 416770
codimension 1
f4info: 
f4rank: 2 dof:      6 chisq:    16.658 tail:         0.0106257007 dofdiff:      8 chisqdiff:   -16.658 taildiff:                    1
B:
          scale     1.000     1.000 
     Anatolia_N    -0.269     0.139 
            Ami     1.389     0.886 
           Mixe     0.953     0.522 
   Ganj_Dareh_N    -0.388     0.976 
           Onge     0.340     0.204 
     Villabruna    -0.131    -0.263 
     DevilsGate     1.531     0.532 
      Sherpa.LC     1.569    -2.361 
A:
          scale   235.359  3210.670 
    Upper_YR_LN     0.331     0.985 
          Kyang     0.105    -1.425 
           Mala    -1.697    -0.010 


full rank
f4info: 
f4rank: 3 dof:      0 chisq:     0.000 tail:                    1 dofdiff:      6 chisqdiff:    16.658 taildiff:         0.0106257007
B:
          scale     1.000     1.000     1.000 
     Anatolia_N    -0.273     0.294    -0.219 
            Ami     1.385     0.532     1.628 
           Mixe     0.950     0.362     0.687 
   Ganj_Dareh_N    -0.393     1.079     0.599 
           Onge     0.339     0.084     0.544 
     Villabruna    -0.134     0.014    -0.848 
     DevilsGate     1.530     0.559    -0.127 
      Sherpa.LC     1.573    -2.452    -1.855 
A:
          scale   237.758  2377.707  3029.977 
    Upper_YR_LN     0.395     1.652    -1.019 
          Kyang     0.138    -0.109    -1.222 
           Mala    -1.681     0.508    -0.684 


best coefficients:     0.519     0.358     0.123 
Jackknife mean:      0.518289997     0.358298546     0.123411457 
      std. errors:     0.048     0.051     0.009 

error covariance (* 1000000)
      2304      -2401         97 
     -2401       2584       -183 
        97       -183         86 


summ: Gurung    3      0.010626     0.518     0.358     0.123  2304 -2401    97  2584  -183    86 

    fixed pat  wt  dof     chisq       tail prob
          000  0     6    16.658       0.0106257     0.519     0.358     0.123 
          001  1     7   245.626               0    -2.155     3.155    -0.000  infeasible
          010  1     7    54.902     1.55941e-09     0.855    -0.000     0.145 
          100  1     7   109.248     1.31495e-20    -0.000     0.902     0.098 
          011  2     8   229.630               0     1.000    -0.000    -0.000 
          101  2     8   187.556               0     0.000     1.000    -0.000 
          110  2     8  4524.142               0     0.000    -0.000     1.000 
best pat:          000        0.0106257              -  -
best pat:          010      1.55941e-09  chi(nested):    38.243 p-value for nested model:     6.24451e-10
best pat:          101      2.65949e-36 not nested

coeffs:     0.519     0.358     0.123 

## dscore:: f_4(Base, Fit, Rbase, right2)
## genstat:: f_4(Base, Fit, right1, right2)

details:     Upper_YR_LN      Anatolia_N    -0.000178   -0.956671
details:           Kyang      Anatolia_N    -0.000110   -0.642645
details:            Mala      Anatolia_N     0.002009    9.845683
dscore:      Anatolia_N f4:     0.000116 Z:     0.815269

details:     Upper_YR_LN             Ami     0.002133    9.737015
details:           Kyang             Ami     0.000100    0.498496
details:            Mala             Ami    -0.010131  -41.365063
dscore:             Ami f4:    -0.000107 Z:    -0.623868

details:     Upper_YR_LN            Mixe     0.001599    6.685380
details:           Kyang            Mixe     0.000193    0.867860
details:            Mala            Mixe    -0.006876  -26.576358
dscore:            Mixe f4:     0.000050 Z:     0.269019

details:     Upper_YR_LN    Ganj_Dareh_N    -0.000081   -0.352086
details:           Kyang    Ganj_Dareh_N    -0.000573   -2.832938
details:            Mala    Ganj_Dareh_N     0.002857   12.101835
dscore:    Ganj_Dareh_N f4:     0.000105 Z:     0.609802

details:     Upper_YR_LN            Onge     0.000431    2.049389
details:           Kyang            Onge    -0.000081   -0.406178
details:            Mala            Onge    -0.002568  -11.225692
dscore:            Onge f4:    -0.000122 Z:    -0.755357

details:     Upper_YR_LN      Villabruna     0.000191    0.622250
details:           Kyang      Villabruna     0.000390    1.440283
details:            Mala      Villabruna     0.001158    3.786868
dscore:      Villabruna f4:     0.000381 Z:     1.632786

details:     Upper_YR_LN      DevilsGate     0.002997   11.114401
details:           Kyang      DevilsGate     0.000882    3.642180
details:            Mala      DevilsGate    -0.010770  -38.730285
dscore:      DevilsGate f4:     0.000542 Z:     2.639662

details:     Upper_YR_LN       Sherpa.LC     0.001547    7.220561
details:           Kyang       Sherpa.LC     0.001733    8.504221
details:            Mala       Sherpa.LC    -0.011298  -47.808536
dscore:       Sherpa.LC f4:     0.000029 Z:     0.172373

gendstat:                Mbuti           Anatolia_N     0.815
gendstat:                Mbuti                  Ami    -0.624
gendstat:                Mbuti                 Mixe     0.269
gendstat:                Mbuti         Ganj_Dareh_N     0.610
gendstat:                Mbuti                 Onge    -0.755
gendstat:                Mbuti           Villabruna     1.633
gendstat:                Mbuti           DevilsGate     2.640
gendstat:                Mbuti            Sherpa.LC     0.172
gendstat:           Anatolia_N                  Ami    -1.466
gendstat:           Anatolia_N                 Mixe    -0.402
gendstat:           Anatolia_N         Ganj_Dareh_N    -0.074
gendstat:           Anatolia_N                 Onge    -1.553
gendstat:           Anatolia_N           Villabruna     1.317
gendstat:           Anatolia_N           DevilsGate     2.206
gendstat:           Anatolia_N            Sherpa.LC    -0.570
gendstat:                  Ami                 Mixe     0.970
gendstat:                  Ami         Ganj_Dareh_N     1.120
gendstat:                  Ami                 Onge    -0.091
gendstat:                  Ami           Villabruna     2.017
gendstat:                  Ami           DevilsGate     3.708
gendstat:                  Ami            Sherpa.LC     1.101
gendstat:                 Mixe         Ganj_Dareh_N     0.270
gendstat:                 Mixe                 Onge    -0.945
gendstat:                 Mixe           Villabruna     1.345
gendstat:                 Mixe           DevilsGate     2.383
gendstat:                 Mixe            Sherpa.LC    -0.134
gendstat:         Ganj_Dareh_N                 Onge    -1.227
gendstat:         Ganj_Dareh_N           Villabruna     1.171
gendstat:         Ganj_Dareh_N           DevilsGate     2.025
gendstat:         Ganj_Dareh_N            Sherpa.LC    -0.410
gendstat:                 Onge           Villabruna     2.106
gendstat:                 Onge           DevilsGate     3.089
gendstat:                 Onge            Sherpa.LC     0.914
gendstat:           Villabruna           DevilsGate     0.643
gendstat:           Villabruna            Sherpa.LC    -1.494
gendstat:           DevilsGate            Sherpa.LC    -2.992

## end of run
