/home/cliu7/utils/AdmixTools/bin/qpAdm: parameter file: temp/param/qpAdm_Gurung.Yi.Samdzong.Pulliyar.pardnrjsc5g
### THE INPUT PARAMETERS
##PARAMETER NAME: VALUE
DIR: data/intermediate
S1: HO_all_merged.qpAdm
indivname: data/intermediate/HO_all_merged.qpAdm.grouped.ind
snpname: data/intermediate/HO_all_merged.qpAdm.snp
genotypename: data/intermediate/HO_all_merged.qpAdm.geno
popleft: temp/param/left.dnrjsc5g
popright: temp/param/right.dnrjsc5g
details: YES
## qpAdm version: 810
seed: 1409922270
packed geno read OK
end of inpack

left pops:
Gurung
Yi
Samdzong
Pulliyar

right pops:
Mbuti
Anatolia_N
Ami
Mixe
Ganj_Dareh_N
Onge
Villabruna
DevilsGate
Sherpa.LC

  0               Gurung    5
  1                   Yi    8
  2             Samdzong    9
  3             Pulliyar   35
  4                Mbuti   10
  5           Anatolia_N   25
  6                  Ami   10
  7                 Mixe   10
  8         Ganj_Dareh_N    7
  9                 Onge   12
 10           Villabruna    1
 11           DevilsGate    4
 12            Sherpa.LC    9
jackknife block size:     0.050
snps: 498990  indivs: 145
number of blocks for block jackknife: 710
## ncols: 498990
coverage:               Gurung 498036
coverage:                   Yi 498990
coverage:             Samdzong 498985
coverage:             Pulliyar 459213
coverage:                Mbuti 498990
coverage:           Anatolia_N 498137
coverage:                  Ami 498990
coverage:                 Mixe 498990
coverage:         Ganj_Dareh_N 457128
coverage:                 Onge 498990
coverage:           Villabruna 415230
coverage:           DevilsGate 498716
coverage:            Sherpa.LC 498990
dof (jackknife):   584.959
numsnps used: 388662
codimension 1
f4info: 
f4rank: 2 dof:      6 chisq:     8.080 tail:          0.232267498 dofdiff:      8 chisqdiff:    -8.080 taildiff:                    1
B:
          scale     1.000     1.000 
     Anatolia_N    -0.191     0.023 
            Ami     1.460     1.709 
           Mixe     0.989     0.200 
   Ganj_Dareh_N    -0.313     0.527 
           Onge     0.268     0.519 
     Villabruna    -0.127    -0.183 
     DevilsGate     1.501    -0.169 
      Sherpa.LC     1.554    -2.105 
A:
          scale   244.745  3044.144 
             Yi     0.325     1.268 
       Samdzong     0.123    -1.100 
       Pulliyar    -1.697     0.427 


full rank
f4info: 
f4rank: 3 dof:      0 chisq:     0.000 tail:                    1 dofdiff:      6 chisqdiff:     8.080 taildiff:          0.232267498
B:
          scale     1.000     1.000     1.000 
     Anatolia_N    -0.188    -0.054    -0.245 
            Ami     1.480    -1.412    -2.123 
           Mixe     0.998    -0.152     0.507 
   Ganj_Dareh_N    -0.304    -0.642     0.151 
           Onge     0.279    -0.502     0.002 
     Villabruna    -0.122     0.152     0.001 
     DevilsGate     1.503     0.354     0.239 
      Sherpa.LC     1.528     2.273     1.759 
A:
          scale   244.655  2771.719  4926.943 
             Yi     0.322    -0.509    -1.141 
       Samdzong     0.087     1.640    -1.046 
       Pulliyar    -1.700    -0.229    -0.778 


best coefficients:     0.393     0.496     0.111 
Jackknife mean:      0.393076812     0.495565047     0.111358141 
      std. errors:     0.039     0.041     0.009 

error covariance (* 1000000)
      1516      -1570         54 
     -1570       1710       -141 
        54       -141         87 


summ: Gurung    3      0.232267     0.393     0.496     0.111  1516 -1570    54  1710  -141    87 

    fixed pat  wt  dof     chisq       tail prob
          000  0     6     8.080        0.232267     0.393     0.496     0.111 
          001  1     7   127.143     2.48279e-24     0.229     0.771    -0.000 
          010  1     7   136.409     2.87199e-26     0.855    -0.000     0.145 
          100  1     7    82.342     4.58275e-15     0.000     0.906     0.094 
          011  2     8   362.633               0     1.000    -0.000    -0.000 
          101  2     8   145.778     1.48754e-27     0.000     1.000    -0.000 
          110  2     8  3776.533               0     0.000    -0.000     1.000 
best pat:          000         0.232267              -  -
best pat:          100      4.58275e-15  chi(nested):    74.261 p-value for nested model:     6.84314e-18
best pat:          101      1.48754e-27  chi(nested):    63.437 p-value for nested model:     1.65616e-15

coeffs:     0.393     0.496     0.111 

## dscore:: f_4(Base, Fit, Rbase, right2)
## genstat:: f_4(Base, Fit, right1, right2)

details:              Yi      Anatolia_N    -0.000206   -1.420630
details:        Samdzong      Anatolia_N    -0.000055   -0.322647
details:        Pulliyar      Anatolia_N     0.001316    5.968736
dscore:      Anatolia_N f4:     0.000039 Z:     0.285647

details:              Yi             Ami     0.002672   15.094800
details:        Samdzong             Ami     0.000112    0.558532
details:        Pulliyar             Ami    -0.009945  -37.693632
dscore:             Ami f4:    -0.000002 Z:    -0.011929

details:              Yi            Mixe     0.001182    6.355560
details:        Samdzong            Mixe     0.000124    0.594540
details:        Pulliyar            Mixe    -0.007149  -26.430217
dscore:            Mixe f4:    -0.000270 Z:    -1.570878

details:              Yi    Ganj_Dareh_N    -0.000341   -1.939247
details:        Samdzong    Ganj_Dareh_N    -0.000542   -2.814664
details:        Pulliyar    Ganj_Dareh_N     0.002103    8.509961
dscore:    Ganj_Dareh_N f4:    -0.000169 Z:    -1.080240

details:              Yi            Onge     0.000442    2.486507
details:        Samdzong            Onge    -0.000227   -1.101066
details:        Pulliyar            Onge    -0.001946   -8.048420
dscore:            Onge f4:    -0.000156 Z:    -0.944771

details:              Yi      Villabruna    -0.000213   -0.906563
details:        Samdzong      Villabruna     0.000022    0.079225
details:        Pulliyar      Villabruna     0.000819    2.530849
dscore:      Villabruna f4:     0.000018 Z:     0.082137

details:              Yi      DevilsGate     0.001822    8.858094
details:        Samdzong      DevilsGate     0.000658    2.823721
details:        Pulliyar      DevilsGate    -0.010629  -36.434982
dscore:      DevilsGate f4:    -0.000141 Z:    -0.749913

details:              Yi       Sherpa.LC     0.001156    6.666454
details:        Samdzong       Sherpa.LC     0.001485    7.530383
details:        Pulliyar       Sherpa.LC    -0.011199  -44.752909
dscore:       Sherpa.LC f4:    -0.000056 Z:    -0.351016

gendstat:                Mbuti           Anatolia_N     0.286
gendstat:                Mbuti                  Ami    -0.012
gendstat:                Mbuti                 Mixe    -1.571
gendstat:                Mbuti         Ganj_Dareh_N    -1.080
gendstat:                Mbuti                 Onge    -0.945
gendstat:                Mbuti           Villabruna     0.082
gendstat:                Mbuti           DevilsGate    -0.750
gendstat:                Mbuti            Sherpa.LC    -0.351
gendstat:           Anatolia_N                  Ami    -0.273
gendstat:           Anatolia_N                 Mixe    -1.938
gendstat:           Anatolia_N         Ganj_Dareh_N    -1.530
gendstat:           Anatolia_N                 Onge    -1.237
gendstat:           Anatolia_N           Villabruna    -0.106
gendstat:           Anatolia_N           DevilsGate    -0.981
gendstat:           Anatolia_N            Sherpa.LC    -0.622
gendstat:                  Ami                 Mixe    -1.818
gendstat:                  Ami         Ganj_Dareh_N    -0.942
gendstat:                  Ami                 Onge    -0.970
gendstat:                  Ami           Villabruna     0.087
gendstat:                  Ami           DevilsGate    -0.899
gendstat:                  Ami            Sherpa.LC    -0.453
gendstat:                 Mixe         Ganj_Dareh_N     0.537
gendstat:                 Mixe                 Onge     0.654
gendstat:                 Mixe           Villabruna     1.241
gendstat:                 Mixe           DevilsGate     0.703
gendstat:                 Mixe            Sherpa.LC     1.427
gendstat:         Ganj_Dareh_N                 Onge     0.071
gendstat:         Ganj_Dareh_N           Villabruna     0.835
gendstat:         Ganj_Dareh_N           DevilsGate     0.132
gendstat:         Ganj_Dareh_N            Sherpa.LC     0.642
gendstat:                 Onge           Villabruna     0.747
gendstat:                 Onge           DevilsGate     0.074
gendstat:                 Onge            Sherpa.LC     0.642
gendstat:           Villabruna           DevilsGate    -0.650
gendstat:           Villabruna            Sherpa.LC    -0.320
gendstat:           DevilsGate            Sherpa.LC     0.541

## end of run
