/home/cliu7/utils/AdmixTools/bin/qpAdm: parameter file: temp/param/qpAdm_Gurung.YR_MN.Mebrak.Southeast_China.parsa4ghs9j
### THE INPUT PARAMETERS
##PARAMETER NAME: VALUE
DIR: data/intermediate
S1: HO_all_merged.qpAdm
indivname: data/intermediate/HO_all_merged.qpAdm.grouped.ind
snpname: data/intermediate/HO_all_merged.qpAdm.snp
genotypename: data/intermediate/HO_all_merged.qpAdm.geno
popleft: temp/param/left.sa4ghs9j
popright: temp/param/right.sa4ghs9j
details: YES
## qpAdm version: 810
seed: -1367762635
packed geno read OK
end of inpack

left pops:
Gurung
YR_MN
Mebrak
Southeast_China

right pops:
Mbuti
Anatolia_N
Ami
Mixe
Ganj_Dareh_N
Onge
Villabruna
DevilsGate
Sherpa.LC

  0               Gurung    5
  1                YR_MN    8
  2               Mebrak    8
  3      Southeast_China   97
  4                Mbuti   10
  5           Anatolia_N   25
  6                  Ami   10
  7                 Mixe   10
  8         Ganj_Dareh_N    7
  9                 Onge   12
 10           Villabruna    1
 11           DevilsGate    4
 12            Sherpa.LC    9
jackknife block size:     0.050
snps: 498990  indivs: 206
number of blocks for block jackknife: 710
## ncols: 498990
coverage:               Gurung 498036
coverage:                YR_MN 497089
coverage:               Mebrak 498978
coverage:      Southeast_China 498990
coverage:                Mbuti 498990
coverage:           Anatolia_N 498137
coverage:                  Ami 498990
coverage:                 Mixe 498990
coverage:         Ganj_Dareh_N 457128
coverage:                 Onge 498990
coverage:           Villabruna 415230
coverage:           DevilsGate 498716
coverage:            Sherpa.LC 498990
dof (jackknife):   583.553
numsnps used: 416745
codimension 1
f4info: 
f4rank: 2 dof:      6 chisq:    25.766 tail:       0.000246128923 dofdiff:      8 chisqdiff:   -25.766 taildiff:                    1
B:
          scale     1.000     1.000 
     Anatolia_N    -0.223    -0.300 
            Ami     2.533    -1.124 
           Mixe     0.585     0.190 
   Ganj_Dareh_N    -0.280    -0.335 
           Onge     0.268    -0.742 
     Villabruna    -0.041     0.561 
     DevilsGate     1.011     1.319 
      Sherpa.LC     0.141     1.974 
A:
          scale   843.980  2211.980 
          YR_MN     0.887     0.708 
         Mebrak     0.297     1.508 
Southeast_China     1.458    -0.472 


full rank
f4info: 
f4rank: 3 dof:      0 chisq:     0.000 tail:                    1 dofdiff:      6 chisqdiff:    25.766 taildiff:       0.000246128923
B:
          scale     1.000     1.000     1.000 
     Anatolia_N    -0.228    -0.327     0.247 
            Ami     2.503    -1.071    -1.068 
           Mixe     0.620     0.241     1.321 
   Ganj_Dareh_N    -0.281    -0.328     0.564 
           Onge     0.254    -0.752     0.347 
     Villabruna    -0.031     0.550     0.233 
     DevilsGate     1.069     1.420     0.893 
      Sherpa.LC     0.122     1.922    -1.940 
A:
          scale   833.133  2249.143  7564.649 
          YR_MN     0.951     0.920     1.218 
         Mebrak     0.199     1.346    -1.151 
Southeast_China     1.434    -0.585    -0.438 


best coefficients:    -9.798     6.079     4.719 
Jackknife mean:      5.675869729    -2.181491182    -2.494378547 
      std. errors:    11.614     6.209     5.416 

error covariance (* 1000000)
 134888601  -72053474  -62835127 
 -72053474   38551361   33502113 
 -62835127   33502113   29333014 


summ: Gurung    3      0.000246     5.676    -2.181    -2.494 134888601 -72053474 -62835127 38551361 33502113 29333014 

    fixed pat  wt  dof     chisq       tail prob
          000  0     6    25.766     0.000246129    -9.798     6.079     4.719  infeasible
          001  1     7   128.875     1.07968e-24     0.366     0.634    -0.000 
          010  1     7    69.900     1.54755e-12     1.662    -0.000    -0.662  infeasible
          100  1     7   119.438     1.00285e-22     0.000     0.841     0.159 
          011  2     8   209.875               0     1.000    -0.000     0.000 
          101  2     8   160.186       1.462e-30     0.000     1.000     0.000 
          110  2     8  1656.492               0     0.000    -0.000     1.000 
best pat:          000      0.000246129              -  -
best pat:          100      1.00285e-22  chi(nested):    93.672 p-value for nested model:     3.72317e-22
best pat:          101        1.462e-30  chi(nested):    40.748 p-value for nested model:     1.73174e-10

coeffs:    -9.798     6.079     4.719 

## dscore:: f_4(Base, Fit, Rbase, right2)
## genstat:: f_4(Base, Fit, right1, right2)

details:           YR_MN      Anatolia_N    -0.000332   -1.670646
details:          Mebrak      Anatolia_N    -0.000280   -1.541084
details: Southeast_China      Anatolia_N    -0.000315   -2.321284
dscore:      Anatolia_N f4:     0.000070 Z:     0.037717

details:           YR_MN             Ami     0.002283    9.925667
details:          Mebrak             Ami     0.000141    0.665365
details: Southeast_China             Ami     0.004670   27.668791
dscore:             Ami f4:     0.000520 Z:     0.264869

details:           YR_MN            Mixe     0.001049    4.304677
details:          Mebrak            Mixe     0.000108    0.478487
details: Southeast_China            Mixe     0.000943    5.240057
dscore:            Mixe f4:    -0.005174 Z:    -2.322832

details:           YR_MN    Ganj_Dareh_N    -0.000340   -1.378438
details:          Mebrak    Ganj_Dareh_N    -0.000341   -1.677724
details: Southeast_China    Ganj_Dareh_N    -0.000425   -2.543889
dscore:    Ganj_Dareh_N f4:    -0.000746 Z:    -0.334685

details:           YR_MN            Onge     0.000062    0.268934
details:          Mebrak            Onge    -0.000431   -2.142743
details: Southeast_China            Onge     0.000625    3.794313
dscore:            Onge f4:    -0.000276 Z:    -0.129920

details:           YR_MN      Villabruna     0.000264    0.838107
details:          Mebrak      Villabruna     0.000292    1.071900
details: Southeast_China      Villabruna    -0.000201   -0.931697
dscore:      Villabruna f4:    -0.001760 Z:    -0.623431

details:           YR_MN      DevilsGate     0.001989    7.212694
details:          Mebrak      DevilsGate     0.000996    3.920359
details: Southeast_China      DevilsGate     0.001443    7.385576
dscore:      DevilsGate f4:    -0.006619 Z:    -2.715074

details:           YR_MN       Sherpa.LC     0.000645    2.878203
details:          Mebrak       Sherpa.LC     0.001493    7.174761
details: Southeast_China       Sherpa.LC    -0.000162   -0.974603
dscore:       Sherpa.LC f4:     0.001996 Z:     0.998573

gendstat:                Mbuti           Anatolia_N     0.038
gendstat:                Mbuti                  Ami     0.265
gendstat:                Mbuti                 Mixe    -2.323
gendstat:                Mbuti         Ganj_Dareh_N    -0.335
gendstat:                Mbuti                 Onge    -0.130
gendstat:                Mbuti           Villabruna    -0.623
gendstat:                Mbuti           DevilsGate    -2.715
gendstat:                Mbuti            Sherpa.LC     0.999
gendstat:           Anatolia_N                  Ami     0.237
gendstat:           Anatolia_N                 Mixe    -2.428
gendstat:           Anatolia_N         Ganj_Dareh_N    -0.443
gendstat:           Anatolia_N                 Onge    -0.174
gendstat:           Anatolia_N           Villabruna    -0.747
gendstat:           Anatolia_N           DevilsGate    -2.865
gendstat:           Anatolia_N            Sherpa.LC     1.034
gendstat:                  Ami                 Mixe    -2.948
gendstat:                  Ami         Ganj_Dareh_N    -0.577
gendstat:                  Ami                 Onge    -0.415
gendstat:                  Ami           Villabruna    -0.784
gendstat:                  Ami           DevilsGate    -3.351
gendstat:                  Ami            Sherpa.LC     0.913
gendstat:                 Mixe         Ganj_Dareh_N     1.820
gendstat:                 Mixe                 Onge     2.206
gendstat:                 Mixe           Villabruna     1.156
gendstat:                 Mixe           DevilsGate    -0.609
gendstat:                 Mixe            Sherpa.LC     3.639
gendstat:         Ganj_Dareh_N                 Onge     0.203
gendstat:         Ganj_Dareh_N           Villabruna    -0.365
gendstat:         Ganj_Dareh_N           DevilsGate    -2.232
gendstat:         Ganj_Dareh_N            Sherpa.LC     1.247
gendstat:                 Onge           Villabruna    -0.501
gendstat:                 Onge           DevilsGate    -2.548
gendstat:                 Onge            Sherpa.LC     1.138
gendstat:           Villabruna           DevilsGate    -1.525
gendstat:           Villabruna            Sherpa.LC     1.318
gendstat:           DevilsGate            Sherpa.LC     4.037

## end of run
