/home/cliu7/utils/AdmixTools/bin/qpWave: parameter file: temp/param/qpAdm_Gurung.Naxi.Chokhopani.Mala.parzto2nqtu
### THE INPUT PARAMETERS
##PARAMETER NAME: VALUE
DIR: data/intermediate
S1: HO_all_merged.qpAdm
indivname: data/intermediate/HO_all_merged.qpAdm.grouped.ind
snpname: data/intermediate/HO_all_merged.qpAdm.snp
genotypename: data/intermediate/HO_all_merged.qpAdm.geno
popleft: temp/param/left.zto2nqtu
popright: temp/param/right.zto2nqtu
details: YES
## qpWave version: 410
packed geno read OK
end of inpack

left pops:
Gurung
Naxi
Chokhopani
Mala

right pops:
Mbuti
Anatolia_N
Ami
Mixe
Ganj_Dareh_N
Onge
Villabruna
DevilsGate
Sherpa.LC

  0               Gurung    5
  1                 Naxi    9
  2           Chokhopani    2
  3                 Mala   11
  4                Mbuti   10
  5           Anatolia_N   25
  6                  Ami   10
  7                 Mixe   10
  8         Ganj_Dareh_N    7
  9                 Onge   12
 10           Villabruna    1
 11           DevilsGate    4
 12            Sherpa.LC    9
jackknife block size:     0.050
snps: 498990  indivs: 115
number of blocks for block jackknife: 710
dof (jackknife):   583.413
numsnps used: 417895
f4info: 
f4rank: 0 dof:     24 chisq:  6812.168 tail:                    0 dofdiff:      0 chisqdiff:     0.000 taildiff:                    1

f4info: 
f4rank: 1 dof:     14 chisq:   191.627 tail:       2.80429266e-33 dofdiff:     10 chisqdiff:  6620.541 taildiff:                    0
B:
          scale     1.000 
     Anatolia_N    -0.256 
            Ami     1.466 
           Mixe     0.929 
   Ganj_Dareh_N    -0.395 
           Onge     0.352 
     Villabruna    -0.119 
     DevilsGate     1.531 
      Sherpa.LC     1.511 
A:
          scale   234.692 
           Naxi     0.254 
     Chokhopani     0.158 
           Mala    -1.706 

f4info: 
f4rank: 2 dof:      6 chisq:     6.400 tail:          0.379867773 dofdiff:      8 chisqdiff:   185.226 taildiff:       8.21595279e-36
B:
          scale     1.000     1.000 
     Anatolia_N    -0.284     0.452 
            Ami     1.429     1.851 
           Mixe     0.938     0.410 
   Ganj_Dareh_N    -0.412     0.568 
           Onge     0.361    -0.083 
     Villabruna    -0.163     0.783 
     DevilsGate     1.505     0.057 
      Sherpa.LC     1.552    -1.805 
A:
          scale   237.835  3876.040 
           Naxi     0.286     1.512 
     Chokhopani     0.141    -0.804 
           Mala    -1.702     0.259 

f4info: 
f4rank: 3 dof:      0 chisq:     0.000 tail:                    1 dofdiff:      6 chisqdiff:     6.400 taildiff:          0.379867773
B:
          scale     1.000     1.000     1.000 
     Anatolia_N    -0.279     0.465     0.537 
            Ami     1.423     1.843    -0.652 
           Mixe     0.952     0.591     1.827 
   Ganj_Dareh_N    -0.401     0.693     1.484 
           Onge     0.359    -0.099    -0.393 
     Villabruna    -0.161     0.763     0.440 
     DevilsGate     1.500     0.044    -0.804 
      Sherpa.LC     1.558    -1.722     0.869 
A:
          scale   236.902  3890.055  8374.291 
           Naxi     0.275     1.395    -0.989 
     Chokhopani     0.124    -1.016    -1.397 
           Mala    -1.705     0.151    -0.262 

## end of run
