/home/cliu7/utils/AdmixTools/bin/qpWave: parameter file: temp/param/qpAdm_Gurung.YR_MN.Chokhopani.Pathan.parb_zn1e2u
### THE INPUT PARAMETERS
##PARAMETER NAME: VALUE
DIR: data/intermediate
S1: HO_all_merged.qpAdm
indivname: data/intermediate/HO_all_merged.qpAdm.grouped.ind
snpname: data/intermediate/HO_all_merged.qpAdm.snp
genotypename: data/intermediate/HO_all_merged.qpAdm.geno
popleft: temp/param/left.b_zn1e2u
popright: temp/param/right.b_zn1e2u
details: YES
## qpWave version: 410
packed geno read OK
end of inpack

left pops:
Gurung
YR_MN
Chokhopani
Pathan

right pops:
Mbuti
Anatolia_N
Ami
Mixe
Ganj_Dareh_N
Onge
Villabruna
DevilsGate
Sherpa.LC

  0               Gurung    5
  1                YR_MN    8
  2           Chokhopani    2
  3               Pathan   18
  4                Mbuti   10
  5           Anatolia_N   25
  6                  Ami   10
  7                 Mixe   10
  8         Ganj_Dareh_N    7
  9                 Onge   12
 10           Villabruna    1
 11           DevilsGate    4
 12            Sherpa.LC    9
jackknife block size:     0.050
snps: 498990  indivs: 121
number of blocks for block jackknife: 710
dof (jackknife):   583.352
numsnps used: 415001
f4info: 
f4rank: 0 dof:     24 chisq:  8298.732 tail:                    0 dofdiff:      0 chisqdiff:     0.000 taildiff:                    1

f4info: 
f4rank: 1 dof:     14 chisq:   173.465 tail:       1.36467111e-29 dofdiff:     10 chisqdiff:  8125.267 taildiff:                    0
B:
          scale     1.000 
     Anatolia_N    -0.607 
            Ami     1.383 
           Mixe     0.800 
   Ganj_Dareh_N    -0.615 
           Onge     0.589 
     Villabruna    -0.459 
     DevilsGate     1.440 
      Sherpa.LC     1.439 
A:
          scale   184.627 
          YR_MN     0.168 
     Chokhopani     0.110 
         Pathan    -1.720 

f4info: 
f4rank: 2 dof:      6 chisq:     5.582 tail:           0.47156492 dofdiff:      8 chisqdiff:   167.883 taildiff:       3.58175021e-32
B:
          scale     1.000     1.000 
     Anatolia_N    -0.623     0.428 
            Ami     1.368     1.625 
           Mixe     0.778     0.694 
   Ganj_Dareh_N    -0.637     0.670 
           Onge     0.601    -0.749 
     Villabruna    -0.486     1.143 
     DevilsGate     1.419     0.709 
      Sherpa.LC     1.456    -1.370 
A:
          scale   186.729  2770.209 
          YR_MN     0.186     1.619 
     Chokhopani     0.102    -0.605 
         Pathan    -1.719     0.111 

f4info: 
f4rank: 3 dof:      0 chisq:     0.000 tail:                    1 dofdiff:      6 chisqdiff:     5.582 taildiff:           0.47156492
B:
          scale     1.000     1.000     1.000 
     Anatolia_N    -0.627     0.455    -0.463 
            Ami     1.370     1.561     0.624 
           Mixe     0.785     0.572     1.611 
   Ganj_Dareh_N    -0.634     0.578     0.977 
           Onge     0.604    -0.823     1.002 
     Villabruna    -0.487     1.190    -0.671 
     DevilsGate     1.413     0.821    -1.487 
      Sherpa.LC     1.453    -1.389    -0.428 
A:
          scale   186.610  2741.998  9088.683 
          YR_MN     0.188     1.658    -0.466 
     Chokhopani     0.105    -0.479    -1.661 
         Pathan    -1.719     0.152    -0.153 

## end of run
