/home/cliu7/utils/AdmixTools/bin/qpAdm: parameter file: temp/param/qpAdm_Gurung.YR_MN.Kyang.Pulliyar.parie28uc2e
### THE INPUT PARAMETERS
##PARAMETER NAME: VALUE
DIR: data/intermediate
S1: HO_all_merged.qpAdm
indivname: data/intermediate/HO_all_merged.qpAdm.grouped.ind
snpname: data/intermediate/HO_all_merged.qpAdm.snp
genotypename: data/intermediate/HO_all_merged.qpAdm.geno
popleft: temp/param/left.ie28uc2e
popright: temp/param/right.ie28uc2e
details: YES
## qpAdm version: 810
seed: -946239553
packed geno read OK
end of inpack

left pops:
Gurung
YR_MN
Kyang
Pulliyar

right pops:
Mbuti
Anatolia_N
Ami
Mixe
Ganj_Dareh_N
Onge
Villabruna
DevilsGate
Sherpa.LC

  0               Gurung    5
  1                YR_MN    8
  2                Kyang    7
  3             Pulliyar   35
  4                Mbuti   10
  5           Anatolia_N   25
  6                  Ami   10
  7                 Mixe   10
  8         Ganj_Dareh_N    7
  9                 Onge   12
 10           Villabruna    1
 11           DevilsGate    4
 12            Sherpa.LC    9
jackknife block size:     0.050
snps: 498990  indivs: 143
number of blocks for block jackknife: 710
## ncols: 498990
coverage:               Gurung 498036
coverage:                YR_MN 497089
coverage:                Kyang 498984
coverage:             Pulliyar 459213
coverage:                Mbuti 498990
coverage:           Anatolia_N 498137
coverage:                  Ami 498990
coverage:                 Mixe 498990
coverage:         Ganj_Dareh_N 457128
coverage:                 Onge 498990
coverage:           Villabruna 415230
coverage:           DevilsGate 498716
coverage:            Sherpa.LC 498990
dof (jackknife):   584.965
numsnps used: 388239
codimension 1
f4info: 
f4rank: 2 dof:      6 chisq:    10.196 tail:          0.116645902 dofdiff:      8 chisqdiff:   -10.196 taildiff:                    1
B:
          scale     1.000     1.000 
     Anatolia_N    -0.203    -0.148 
            Ami     1.411     1.524 
           Mixe     0.993     0.364 
   Ganj_Dareh_N    -0.320     0.491 
           Onge     0.253     0.013 
     Villabruna    -0.090    -0.094 
     DevilsGate     1.524     0.301 
      Sherpa.LC     1.576    -2.276 
A:
          scale   244.424  2710.056 
          YR_MN     0.281     1.299 
          Kyang     0.143    -1.143 
       Pulliyar    -1.703     0.079 


full rank
f4info: 
f4rank: 3 dof:      0 chisq:     0.000 tail:                    1 dofdiff:      6 chisqdiff:    10.196 taildiff:          0.116645902
B:
          scale     1.000     1.000     1.000 
     Anatolia_N    -0.195     0.239    -0.079 
            Ami     1.411    -1.440     1.474 
           Mixe     1.006    -0.075     0.479 
   Ganj_Dareh_N    -0.309    -0.197     0.660 
           Onge     0.263     0.226     0.203 
     Villabruna    -0.104    -0.379    -0.441 
     DevilsGate     1.514    -0.493    -0.016 
      Sherpa.LC     1.578     2.321    -2.218 
A:
          scale   244.054  2330.634  2408.573 
          YR_MN     0.275    -1.610    -0.497 
          Kyang     0.128    -0.576    -1.643 
       Pulliyar    -1.705    -0.277    -0.229 


best coefficients:     0.414     0.478     0.108 
Jackknife mean:      0.413626889     0.478003895     0.108369216 
      std. errors:     0.038     0.039     0.010 

error covariance (* 1000000)
      1467      -1464         -3 
     -1464       1560        -96 
        -3        -96         99 


summ: Gurung    3      0.116646     0.414     0.478     0.108  1467 -1464    -3  1560   -96    99 

    fixed pat  wt  dof     chisq       tail prob
          000  0     6    10.196        0.116646     0.414     0.478     0.108 
          001  1     7   332.627               0    -4.253     5.253    -0.000  infeasible
          010  1     7   103.153     2.40658e-19     0.871    -0.000     0.129 
          100  1     7   106.788     4.25415e-20     0.000     0.895     0.105 
          011  2     8   207.951               0     1.000     0.000    -0.000 
          101  2     8   185.606               0     0.000     1.000    -0.000 
          110  2     8  3767.421               0     0.000    -0.000     1.000 
best pat:          000         0.116646              -  -
best pat:          010      2.40658e-19  chi(nested):    92.957 p-value for nested model:     5.34488e-22
best pat:          101      6.83585e-36 not nested

coeffs:     0.414     0.478     0.108 

## dscore:: f_4(Base, Fit, Rbase, right2)
## genstat:: f_4(Base, Fit, right1, right2)

details:           YR_MN      Anatolia_N    -0.000360   -1.788602
details:           Kyang      Anatolia_N    -0.000097   -0.557532
details:        Pulliyar      Anatolia_N     0.001312    5.962250
dscore:      Anatolia_N f4:    -0.000053 Z:    -0.365771

details:           YR_MN             Ami     0.002284    9.771024
details:           Kyang             Ami     0.000087    0.429255
details:        Pulliyar             Ami    -0.009925  -37.681936
dscore:             Ami f4:    -0.000088 Z:    -0.506376

details:           YR_MN            Mixe     0.001094    4.389173
details:           Kyang            Mixe     0.000213    0.941920
details:        Pulliyar            Mixe    -0.007131  -26.410699
dscore:            Mixe f4:    -0.000218 Z:    -1.164359

details:           YR_MN    Ganj_Dareh_N    -0.000326   -1.299361
details:           Kyang    Ganj_Dareh_N    -0.000572   -2.741556
details:        Pulliyar    Ganj_Dareh_N     0.002094    8.476662
dscore:    Ganj_Dareh_N f4:    -0.000181 Z:    -1.015820

details:           YR_MN            Onge     0.000104    0.444371
details:           Kyang            Onge    -0.000049   -0.239125
details:        Pulliyar            Onge    -0.001939   -8.023924
dscore:            Onge f4:    -0.000190 Z:    -1.132322

details:           YR_MN      Villabruna     0.000273    0.858989
details:           Kyang      Villabruna     0.000381    1.371694
details:        Pulliyar      Villabruna     0.000814    2.514486
dscore:      Villabruna f4:     0.000383 Z:     1.652027

details:           YR_MN      DevilsGate     0.002083    7.418111
details:           Kyang      DevilsGate     0.000913    3.721885
details:        Pulliyar      DevilsGate    -0.010608  -36.420371
dscore:      DevilsGate f4:     0.000149 Z:     0.719026

details:           YR_MN       Sherpa.LC     0.000636    2.803111
details:           Kyang       Sherpa.LC     0.001766    8.528447
details:        Pulliyar       Sherpa.LC    -0.011175  -44.753570
dscore:       Sherpa.LC f4:    -0.000104 Z:    -0.599628

gendstat:                Mbuti           Anatolia_N    -0.366
gendstat:                Mbuti                  Ami    -0.506
gendstat:                Mbuti                 Mixe    -1.164
gendstat:                Mbuti         Ganj_Dareh_N    -1.016
gendstat:                Mbuti                 Onge    -1.132
gendstat:                Mbuti           Villabruna     1.652
gendstat:                Mbuti           DevilsGate     0.719
gendstat:                Mbuti            Sherpa.LC    -0.600
gendstat:           Anatolia_N                  Ami    -0.221
gendstat:           Anatolia_N                 Mixe    -0.959
gendstat:           Anatolia_N         Ganj_Dareh_N    -0.830
gendstat:           Anatolia_N                 Onge    -0.837
gendstat:           Anatolia_N           Villabruna     2.170
gendstat:           Anatolia_N           DevilsGate     0.993
gendstat:           Anatolia_N            Sherpa.LC    -0.311
gendstat:                  Ami                 Mixe    -0.784
gendstat:                  Ami         Ganj_Dareh_N    -0.473
gendstat:                  Ami                 Onge    -0.609
gendstat:                  Ami           Villabruna     1.971
gendstat:                  Ami           DevilsGate     1.347
gendstat:                  Ami            Sherpa.LC    -0.119
gendstat:                 Mixe         Ganj_Dareh_N     0.175
gendstat:                 Mixe                 Onge     0.149
gendstat:                 Mixe           Villabruna     2.485
gendstat:                 Mixe           DevilsGate     1.753
gendstat:                 Mixe            Sherpa.LC     0.688
gendstat:         Ganj_Dareh_N                 Onge    -0.047
gendstat:         Ganj_Dareh_N           Villabruna     2.360
gendstat:         Ganj_Dareh_N           DevilsGate     1.419
gendstat:         Ganj_Dareh_N            Sherpa.LC     0.403
gendstat:                 Onge           Villabruna     2.395
gendstat:                 Onge           DevilsGate     1.565
gendstat:                 Onge            Sherpa.LC     0.509
gendstat:           Villabruna           DevilsGate    -0.908
gendstat:           Villabruna            Sherpa.LC    -2.039
gendstat:           DevilsGate            Sherpa.LC    -1.436

## end of run
