/home/cliu7/utils/AdmixTools/bin/qpAdm: parameter file: temp/param/qpAdm_Gurung.Upper_YR_LN.UpperMustang.LC.Southeast_China.parwmffnnem
### THE INPUT PARAMETERS
##PARAMETER NAME: VALUE
DIR: data/intermediate
S1: HO_all_merged.qpAdm
indivname: data/intermediate/HO_all_merged.qpAdm.grouped.ind
snpname: data/intermediate/HO_all_merged.qpAdm.snp
genotypename: data/intermediate/HO_all_merged.qpAdm.geno
popleft: temp/param/left.wmffnnem
popright: temp/param/right.wmffnnem
details: YES
## qpAdm version: 810
seed: -1221323308
packed geno read OK
end of inpack

left pops:
Gurung
Upper_YR_LN
UpperMustang.LC
Southeast_China

right pops:
Mbuti
Anatolia_N
Ami
Mixe
Ganj_Dareh_N
Onge
Villabruna
DevilsGate
Sherpa.LC

  0               Gurung    5
  1          Upper_YR_LN    7
  2      UpperMustang.LC   11
  3      Southeast_China   97
  4                Mbuti   10
  5           Anatolia_N   25
  6                  Ami   10
  7                 Mixe   10
  8         Ganj_Dareh_N    7
  9                 Onge   12
 10           Villabruna    1
 11           DevilsGate    4
 12            Sherpa.LC    9
jackknife block size:     0.050
snps: 498990  indivs: 208
number of blocks for block jackknife: 710
## ncols: 498990
coverage:               Gurung 498036
coverage:          Upper_YR_LN 496840
coverage:      UpperMustang.LC 498990
coverage:      Southeast_China 498990
coverage:                Mbuti 498990
coverage:           Anatolia_N 498137
coverage:                  Ami 498990
coverage:                 Mixe 498990
coverage:         Ganj_Dareh_N 457128
coverage:                 Onge 498990
coverage:           Villabruna 415230
coverage:           DevilsGate 498716
coverage:            Sherpa.LC 498990
dof (jackknife):   583.509
numsnps used: 416656
codimension 1
f4info: 
f4rank: 2 dof:      6 chisq:    81.512 tail:       1.74021993e-15 dofdiff:      8 chisqdiff:   -81.512 taildiff:                    1
B:
          scale     1.000     1.000 
     Anatolia_N    -0.203    -0.075 
            Ami     2.324    -1.631 
           Mixe     0.765     0.479 
   Ganj_Dareh_N    -0.244    -0.224 
           Onge     0.316    -0.314 
     Villabruna    -0.056     0.456 
     DevilsGate     1.296     1.118 
      Sherpa.LC     0.362     1.870 
A:
          scale   792.389  1852.713 
    Upper_YR_LN     1.050     1.072 
UpperMustang.LC     0.420     1.043 
Southeast_China     1.311    -0.873 


full rank
f4info: 
f4rank: 3 dof:      0 chisq:     0.000 tail:                    1 dofdiff:      6 chisqdiff:    81.512 taildiff:       1.74021993e-15
B:
          scale     1.000     1.000     1.000 
     Anatolia_N    -0.173    -0.012     0.384 
            Ami     2.250    -1.567    -0.721 
           Mixe     0.799     0.566     0.540 
   Ganj_Dareh_N    -0.182    -0.061     1.484 
           Onge     0.335    -0.249     0.699 
     Villabruna    -0.025     0.372    -0.310 
     DevilsGate     1.398     1.314     1.003 
      Sherpa.LC     0.413     1.815    -1.802 
A:
          scale   792.265  1822.521  4788.740 
    Upper_YR_LN     1.121     1.161     0.617 
UpperMustang.LC     0.280     0.736    -1.529 
Southeast_China     1.291    -1.054    -0.530 


best coefficients:    -1.406     1.884     0.523 
Jackknife mean:     -1.298802539     1.806680385     0.492122154 
      std. errors:     0.526     0.379     0.155 

error covariance (* 1000000)
    276699    -198253     -78446 
   -198253     143979      54274 
    -78446      54274      24172 


summ: Gurung    3      0.000000    -1.299     1.807     0.492 276699 -198253 -78446 143979 54274 24172 

    fixed pat  wt  dof     chisq       tail prob
          000  0     6    81.512     1.74022e-15    -1.406     1.884     0.523  infeasible
          001  1     7   155.387     2.99543e-30     0.183     0.817    -0.000 
          010  1     7   188.525               0     1.255    -0.000    -0.255  infeasible
          100  1     7   127.711     1.88944e-24     0.000     0.876     0.124 
          011  2     8   229.791               0     1.000    -0.000     0.000 
          101  2     8   157.287     5.90408e-30     0.000     1.000     0.000 
          110  2     8  1670.381               0     0.000    -0.000     1.000 
best pat:          000      1.74022e-15              -  -
best pat:          100      1.88944e-24  chi(nested):    46.200 p-value for nested model:     1.06802e-11
best pat:          101      5.90408e-30  chi(nested):    29.575 p-value for nested model:     5.37857e-08

coeffs:    -1.406     1.884     0.523 

## dscore:: f_4(Base, Fit, Rbase, right2)
## genstat:: f_4(Base, Fit, right1, right2)

details:     Upper_YR_LN      Anatolia_N    -0.000179   -0.957896
details: UpperMustang.LC      Anatolia_N    -0.000187   -1.283576
details: Southeast_China      Anatolia_N    -0.000313   -2.310427
dscore:      Anatolia_N f4:    -0.000265 Z:    -0.870773

details:     Upper_YR_LN             Ami     0.002134    9.746477
details: UpperMustang.LC             Ami     0.000409    2.237150
details: Southeast_China             Ami     0.004670   27.709176
dscore:             Ami f4:     0.000211 Z:     0.597952

details:     Upper_YR_LN            Mixe     0.001599    6.692094
details: UpperMustang.LC            Mixe     0.000352    1.852383
details: Southeast_China            Mixe     0.000931    5.177254
dscore:            Mixe f4:    -0.001098 Z:    -3.050519

details:     Upper_YR_LN    Ganj_Dareh_N    -0.000081   -0.352482
details: UpperMustang.LC    Ganj_Dareh_N    -0.000565   -3.216796
details: Southeast_China    Ganj_Dareh_N    -0.000423   -2.532520
dscore:    Ganj_Dareh_N f4:    -0.001171 Z:    -3.163889

details:     Upper_YR_LN            Onge     0.000432    2.051974
details: UpperMustang.LC            Onge    -0.000201   -1.145383
details: Southeast_China            Onge     0.000620    3.760269
dscore:            Onge f4:    -0.000662 Z:    -1.782435

details:     Upper_YR_LN      Villabruna     0.000191    0.622595
details: UpperMustang.LC      Villabruna     0.000247    1.024279
details: Southeast_China      Villabruna    -0.000209   -0.970514
dscore:      Villabruna f4:     0.000088 Z:     0.181445

details:     Upper_YR_LN      DevilsGate     0.002998   11.121961
details: UpperMustang.LC      DevilsGate     0.000728    3.401415
details: Southeast_China      DevilsGate     0.001433    7.347354
dscore:      DevilsGate f4:    -0.002096 Z:    -4.950839

details:     Upper_YR_LN       Sherpa.LC     0.001548    7.225910
details: UpperMustang.LC       Sherpa.LC     0.001468    8.189998
details: Southeast_China       Sherpa.LC    -0.000162   -0.974775
dscore:       Sherpa.LC f4:     0.000505 Z:     1.452799

gendstat:                Mbuti           Anatolia_N    -0.871
gendstat:                Mbuti                  Ami     0.598
gendstat:                Mbuti                 Mixe    -3.051
gendstat:                Mbuti         Ganj_Dareh_N    -3.164
gendstat:                Mbuti                 Onge    -1.782
gendstat:                Mbuti           Villabruna     0.181
gendstat:                Mbuti           DevilsGate    -4.951
gendstat:                Mbuti            Sherpa.LC     1.453
gendstat:           Anatolia_N                  Ami     1.475
gendstat:           Anatolia_N                 Mixe    -2.516
gendstat:           Anatolia_N         Ganj_Dareh_N    -2.984
gendstat:           Anatolia_N                 Onge    -1.143
gendstat:           Anatolia_N           Villabruna     0.867
gendstat:           Anatolia_N           DevilsGate    -4.655
gendstat:           Anatolia_N            Sherpa.LC     2.434
gendstat:                  Ami                 Mixe    -4.182
gendstat:                  Ami         Ganj_Dareh_N    -3.593
gendstat:                  Ami                 Onge    -2.509
gendstat:                  Ami           Villabruna    -0.263
gendstat:                  Ami           DevilsGate    -6.477
gendstat:                  Ami            Sherpa.LC     1.146
gendstat:                 Mixe         Ganj_Dareh_N    -0.183
gendstat:                 Mixe                 Onge     1.168
gendstat:                 Mixe           Villabruna     2.412
gendstat:                 Mixe           DevilsGate    -2.742
gendstat:                 Mixe            Sherpa.LC     5.185
gendstat:         Ganj_Dareh_N                 Onge     1.293
gendstat:         Ganj_Dareh_N           Villabruna     2.593
gendstat:         Ganj_Dareh_N           DevilsGate    -2.068
gendstat:         Ganj_Dareh_N            Sherpa.LC     4.479
gendstat:                 Onge           Villabruna     1.543
gendstat:                 Onge           DevilsGate    -3.368
gendstat:                 Onge            Sherpa.LC     3.394
gendstat:           Villabruna           DevilsGate    -4.188
gendstat:           Villabruna            Sherpa.LC     0.900
gendstat:           DevilsGate            Sherpa.LC     7.328

## end of run
