/home/cliu7/utils/AdmixTools/bin/qpWave: parameter file: temp/param/qpAdm_Gurung.Yi.Mebrak.Southeast_China.parptqfadid
### THE INPUT PARAMETERS
##PARAMETER NAME: VALUE
DIR: data/intermediate
S1: HO_all_merged.qpAdm
indivname: data/intermediate/HO_all_merged.qpAdm.grouped.ind
snpname: data/intermediate/HO_all_merged.qpAdm.snp
genotypename: data/intermediate/HO_all_merged.qpAdm.geno
popleft: temp/param/left.ptqfadid
popright: temp/param/right.ptqfadid
details: YES
## qpWave version: 410
packed geno read OK
end of inpack

left pops:
Gurung
Yi
Mebrak
Southeast_China

right pops:
Mbuti
Anatolia_N
Ami
Mixe
Ganj_Dareh_N
Onge
Villabruna
DevilsGate
Sherpa.LC

  0               Gurung    5
  1                   Yi    8
  2               Mebrak    8
  3      Southeast_China   97
  4                Mbuti   10
  5           Anatolia_N   25
  6                  Ami   10
  7                 Mixe   10
  8         Ganj_Dareh_N    7
  9                 Onge   12
 10           Villabruna    1
 11           DevilsGate    4
 12            Sherpa.LC    9
jackknife block size:     0.050
snps: 498990  indivs: 206
number of blocks for block jackknife: 710
dof (jackknife):   583.541
numsnps used: 417893
f4info: 
f4rank: 0 dof:     24 chisq:  2735.964 tail:                    0 dofdiff:      0 chisqdiff:     0.000 taildiff:                    1

f4info: 
f4rank: 1 dof:     14 chisq:   215.422 tail:       3.82497183e-38 dofdiff:     10 chisqdiff:  2520.543 taildiff:                    0
B:
          scale     1.000 
     Anatolia_N    -0.083 
            Ami     2.624 
           Mixe     0.359 
   Ganj_Dareh_N    -0.085 
           Onge     0.427 
     Villabruna    -0.241 
     DevilsGate     0.258 
      Sherpa.LC    -0.817 
A:
          scale  1107.538 
             Yi     0.556 
         Mebrak    -0.356 
Southeast_China     1.601 

f4info: 
f4rank: 2 dof:      6 chisq:    30.365 tail:        3.3495279e-05 dofdiff:      8 chisqdiff:   185.056 taildiff:       8.91919373e-36
B:
          scale     1.000     1.000 
     Anatolia_N    -0.180    -0.112 
            Ami     2.464    -1.038 
           Mixe     0.709     0.566 
   Ganj_Dareh_N    -0.250    -0.143 
           Onge     0.317    -0.335 
     Villabruna    -0.128     0.134 
     DevilsGate     1.054     1.281 
      Sherpa.LC     0.318     2.190 
A:
          scale   800.592  2101.648 
             Yi     0.945     0.683 
         Mebrak     0.320     1.453 
Southeast_China     1.416    -0.649 

f4info: 
f4rank: 3 dof:      0 chisq:     0.000 tail:                    1 dofdiff:      6 chisqdiff:    30.365 taildiff:        3.3495279e-05
B:
          scale     1.000     1.000     1.000 
     Anatolia_N    -0.188    -0.236     0.704 
            Ami     2.469    -0.865    -0.734 
           Mixe     0.668     0.260     1.789 
   Ganj_Dareh_N    -0.265    -0.308     0.675 
           Onge     0.323    -0.537     1.422 
     Villabruna    -0.111     0.300    -1.085 
     DevilsGate     1.066     1.244     0.333 
      Sherpa.LC     0.317     2.259    -0.022 
A:
          scale   803.020  2224.682  8420.263 
             Yi     0.988     0.733     1.219 
         Mebrak     0.198     1.399    -1.002 
Southeast_China     1.409    -0.710    -0.714 

## end of run
