/home/cliu7/utils/AdmixTools/bin/qpAdm: parameter file: temp/param/qpAdm_Gurung.Upper_YR_LN.UpperMustang.LC.Pulliyar.parhvruhqwi
### THE INPUT PARAMETERS
##PARAMETER NAME: VALUE
DIR: data/intermediate
S1: HO_all_merged.qpAdm
indivname: data/intermediate/HO_all_merged.qpAdm.grouped.ind
snpname: data/intermediate/HO_all_merged.qpAdm.snp
genotypename: data/intermediate/HO_all_merged.qpAdm.geno
popleft: temp/param/left.hvruhqwi
popright: temp/param/right.hvruhqwi
details: YES
## qpAdm version: 810
seed: -1366014319
packed geno read OK
end of inpack

left pops:
Gurung
Upper_YR_LN
UpperMustang.LC
Pulliyar

right pops:
Mbuti
Anatolia_N
Ami
Mixe
Ganj_Dareh_N
Onge
Villabruna
DevilsGate
Sherpa.LC

  0               Gurung    5
  1          Upper_YR_LN    7
  2      UpperMustang.LC   11
  3             Pulliyar   35
  4                Mbuti   10
  5           Anatolia_N   25
  6                  Ami   10
  7                 Mixe   10
  8         Ganj_Dareh_N    7
  9                 Onge   12
 10           Villabruna    1
 11           DevilsGate    4
 12            Sherpa.LC    9
jackknife block size:     0.050
snps: 498990  indivs: 146
number of blocks for block jackknife: 710
## ncols: 498990
coverage:               Gurung 498036
coverage:          Upper_YR_LN 496840
coverage:      UpperMustang.LC 498990
coverage:             Pulliyar 459213
coverage:                Mbuti 498990
coverage:           Anatolia_N 498137
coverage:                  Ami 498990
coverage:                 Mixe 498990
coverage:         Ganj_Dareh_N 457128
coverage:                 Onge 498990
coverage:           Villabruna 415230
coverage:           DevilsGate 498716
coverage:            Sherpa.LC 498990
dof (jackknife):   584.907
numsnps used: 387917
codimension 1
f4info: 
f4rank: 2 dof:      6 chisq:     8.863 tail:          0.181434645 dofdiff:      8 chisqdiff:    -8.863 taildiff:                    1
B:
          scale     1.000     1.000 
     Anatolia_N    -0.193     0.212 
            Ami     1.387     0.512 
           Mixe     1.004     0.312 
   Ganj_Dareh_N    -0.312     0.995 
           Onge     0.255     0.563 
     Villabruna    -0.094    -0.164 
     DevilsGate     1.530     0.830 
      Sherpa.LC     1.587    -2.361 
A:
          scale   240.861  3671.849 
    Upper_YR_LN     0.365     1.295 
UpperMustang.LC     0.125    -1.149 
       Pulliyar    -1.689    -0.050 


full rank
f4info: 
f4rank: 3 dof:      0 chisq:     0.000 tail:                    1 dofdiff:      6 chisqdiff:     8.863 taildiff:          0.181434645
B:
          scale     1.000     1.000     1.000 
     Anatolia_N    -0.195     0.229     0.013 
            Ami     1.384     0.320     1.221 
           Mixe     0.999     0.213     0.583 
   Ganj_Dareh_N    -0.318     0.973     0.906 
           Onge     0.251     0.436     0.804 
     Villabruna    -0.098     0.020    -0.768 
     DevilsGate     1.522     0.801     0.243 
      Sherpa.LC     1.600    -2.453    -2.014 
A:
          scale   242.175  2464.920  3679.874 
    Upper_YR_LN     0.401     1.689    -1.096 
UpperMustang.LC     0.145    -0.018    -1.104 
       Pulliyar    -1.679     0.383    -0.762 


best coefficients:     0.414     0.462     0.124 
Jackknife mean:      0.413973907     0.462349964     0.123676129 
      std. errors:     0.055     0.059     0.010 

error covariance (* 1000000)
      3064      -3198        134 
     -3198       3430       -232 
       134       -232         98 


summ: Gurung    3      0.181435     0.414     0.462     0.124  3064 -3198   134  3430  -232    98 

    fixed pat  wt  dof     chisq       tail prob
          000  0     6     8.863        0.181435     0.414     0.462     0.124 
          001  1     7   201.775               0    -1.976     2.976    -0.000  infeasible
          010  1     7    51.600     7.00138e-09     0.848    -0.000     0.152 
          100  1     7    59.530     1.87357e-10     0.000     0.895     0.105 
          011  2     8   220.378               0     1.000    -0.000    -0.000 
          101  2     8   155.331     1.51262e-29     0.000     1.000    -0.000 
          110  2     8  3781.035               0     0.000    -0.000     1.000 
best pat:          000         0.181435              -  -
best pat:          010      7.00138e-09  chi(nested):    42.737 p-value for nested model:     6.26266e-11
best pat:          101      1.51262e-29 not nested

coeffs:     0.414     0.462     0.124 

## dscore:: f_4(Base, Fit, Rbase, right2)
## genstat:: f_4(Base, Fit, right1, right2)

details:     Upper_YR_LN      Anatolia_N    -0.000180   -0.942327
details: UpperMustang.LC      Anatolia_N    -0.000198   -1.339687
details:        Pulliyar      Anatolia_N     0.001312    5.961906
dscore:      Anatolia_N f4:    -0.000004 Z:    -0.029630

details:     Upper_YR_LN             Ami     0.002144    9.601834
details: UpperMustang.LC             Ami     0.000404    2.175947
details:        Pulliyar             Ami    -0.009920  -37.643142
dscore:             Ami f4:    -0.000151 Z:    -0.891143

details:     Upper_YR_LN            Mixe     0.001599    6.585802
details: UpperMustang.LC            Mixe     0.000325    1.671383
details:        Pulliyar            Mixe    -0.007135  -26.399937
dscore:            Mixe f4:    -0.000069 Z:    -0.382064

details:     Upper_YR_LN    Ganj_Dareh_N    -0.000110   -0.468098
details: UpperMustang.LC    Ganj_Dareh_N    -0.000572   -3.219094
details:        Pulliyar    Ganj_Dareh_N     0.002091    8.456430
dscore:    Ganj_Dareh_N f4:    -0.000051 Z:    -0.309196

details:     Upper_YR_LN            Onge     0.000458    2.136600
details: UpperMustang.LC            Onge    -0.000197   -1.096990
details:        Pulliyar            Onge    -0.001945   -8.047866
dscore:            Onge f4:    -0.000142 Z:    -0.907441

details:     Upper_YR_LN      Villabruna     0.000126    0.403947
details: UpperMustang.LC      Villabruna     0.000209    0.848261
details:        Pulliyar      Villabruna     0.000804    2.493894
dscore:      Villabruna f4:     0.000248 Z:     1.100170

details:     Upper_YR_LN      DevilsGate     0.003014   10.836212
details: UpperMustang.LC      DevilsGate     0.000752    3.426046
details:        Pulliyar      DevilsGate    -0.010619  -36.477643
dscore:      DevilsGate f4:     0.000284 Z:     1.398671

details:     Upper_YR_LN       Sherpa.LC     0.001555    7.116963
details: UpperMustang.LC       Sherpa.LC     0.001490    8.172743
details:        Pulliyar       Sherpa.LC    -0.011176  -44.788177
dscore:       Sherpa.LC f4:    -0.000049 Z:    -0.295999

gendstat:                Mbuti           Anatolia_N    -0.030
gendstat:                Mbuti                  Ami    -0.891
gendstat:                Mbuti                 Mixe    -0.382
gendstat:                Mbuti         Ganj_Dareh_N    -0.309
gendstat:                Mbuti                 Onge    -0.907
gendstat:                Mbuti           Villabruna     1.100
gendstat:                Mbuti           DevilsGate     1.399
gendstat:                Mbuti            Sherpa.LC    -0.296
gendstat:           Anatolia_N                  Ami    -0.958
gendstat:           Anatolia_N                 Mixe    -0.398
gendstat:           Anatolia_N         Ganj_Dareh_N    -0.340
gendstat:           Anatolia_N                 Onge    -0.903
gendstat:           Anatolia_N           Villabruna     1.265
gendstat:           Anatolia_N           DevilsGate     1.473
gendstat:           Anatolia_N            Sherpa.LC    -0.290
gendstat:                  Ami                 Mixe     0.512
gendstat:                  Ami         Ganj_Dareh_N     0.538
gendstat:                  Ami                 Onge     0.057
gendstat:                  Ami           Villabruna     1.689
gendstat:                  Ami           DevilsGate     2.563
gendstat:                  Ami            Sherpa.LC     0.830
gendstat:                 Mixe         Ganj_Dareh_N     0.090
gendstat:                 Mixe                 Onge    -0.415
gendstat:                 Mixe           Villabruna     1.319
gendstat:                 Mixe           DevilsGate     1.748
gendstat:                 Mixe            Sherpa.LC     0.134
gendstat:         Ganj_Dareh_N                 Onge    -0.496
gendstat:         Ganj_Dareh_N           Villabruna     1.329
gendstat:         Ganj_Dareh_N           DevilsGate     1.542
gendstat:         Ganj_Dareh_N            Sherpa.LC     0.014
gendstat:                 Onge           Villabruna     1.696
gendstat:                 Onge           DevilsGate     2.032
gendstat:                 Onge            Sherpa.LC     0.579
gendstat:           Villabruna           DevilsGate     0.142
gendstat:           Villabruna            Sherpa.LC    -1.270
gendstat:           DevilsGate            Sherpa.LC    -2.004

## end of run
