/home/cliu7/utils/AdmixTools/bin/qpAdm: parameter file: temp/param/qpAdm_Gurung.Naxi.Chokhopani.Mala.parzto2nqtu
### THE INPUT PARAMETERS
##PARAMETER NAME: VALUE
DIR: data/intermediate
S1: HO_all_merged.qpAdm
indivname: data/intermediate/HO_all_merged.qpAdm.grouped.ind
snpname: data/intermediate/HO_all_merged.qpAdm.snp
genotypename: data/intermediate/HO_all_merged.qpAdm.geno
popleft: temp/param/left.zto2nqtu
popright: temp/param/right.zto2nqtu
details: YES
## qpAdm version: 810
seed: 1405701672
packed geno read OK
end of inpack

left pops:
Gurung
Naxi
Chokhopani
Mala

right pops:
Mbuti
Anatolia_N
Ami
Mixe
Ganj_Dareh_N
Onge
Villabruna
DevilsGate
Sherpa.LC

  0               Gurung    5
  1                 Naxi    9
  2           Chokhopani    2
  3                 Mala   11
  4                Mbuti   10
  5           Anatolia_N   25
  6                  Ami   10
  7                 Mixe   10
  8         Ganj_Dareh_N    7
  9                 Onge   12
 10           Villabruna    1
 11           DevilsGate    4
 12            Sherpa.LC    9
jackknife block size:     0.050
snps: 498990  indivs: 115
number of blocks for block jackknife: 710
## ncols: 498990
coverage:               Gurung 498036
coverage:                 Naxi 498990
coverage:           Chokhopani 498917
coverage:                 Mala 498990
coverage:                Mbuti 498990
coverage:           Anatolia_N 498137
coverage:                  Ami 498990
coverage:                 Mixe 498990
coverage:         Ganj_Dareh_N 457128
coverage:                 Onge 498990
coverage:           Villabruna 415230
coverage:           DevilsGate 498716
coverage:            Sherpa.LC 498990
dof (jackknife):   583.413
numsnps used: 417895
codimension 1
f4info: 
f4rank: 2 dof:      6 chisq:     6.889 tail:          0.331219553 dofdiff:      8 chisqdiff:    -6.889 taildiff:                    1
B:
          scale     1.000     1.000 
     Anatolia_N    -0.278     0.316 
            Ami     1.464     1.759 
           Mixe     0.942     0.265 
   Ganj_Dareh_N    -0.405     0.422 
           Onge     0.356    -0.216 
     Villabruna    -0.149     0.553 
     DevilsGate     1.507    -0.078 
      Sherpa.LC     1.519    -2.049 
A:
          scale   239.132  3798.624 
           Naxi     0.290     1.353 
     Chokhopani     0.139    -0.786 
           Mala    -1.702     0.744 


full rank
f4info: 
f4rank: 3 dof:      0 chisq:     0.000 tail:                    1 dofdiff:      6 chisqdiff:     6.889 taildiff:          0.331219553
B:
          scale     1.000     1.000     1.000 
     Anatolia_N    -0.279     0.412    -0.111 
            Ami     1.456     1.473    -1.819 
           Mixe     0.935     0.351     0.612 
   Ganj_Dareh_N    -0.408     0.616     0.185 
           Onge     0.359    -0.265    -0.200 
     Villabruna    -0.148     0.611    -0.211 
     DevilsGate     1.512    -0.302    -0.343 
      Sherpa.LC     1.524    -2.150     2.016 
A:
          scale   238.883  3260.800  4606.015 
           Naxi     0.292     0.660    -0.779 
     Chokhopani     0.108    -1.601    -1.283 
           Mala    -1.704    -0.030    -0.864 


best coefficients:     0.296     0.604     0.100 
Jackknife mean:      0.299291454     0.600570320     0.100138226 
      std. errors:     0.064     0.068     0.011 

error covariance (* 1000000)
      4089      -4274        185 
     -4274       4578       -304 
       185       -304        119 


summ: Gurung    3      0.331220     0.299     0.601     0.100  4089 -4274   185  4578  -304   119 

    fixed pat  wt  dof     chisq       tail prob
          000  0     6     6.889         0.33122     0.296     0.604     0.100 
          001  1     7    54.488     1.88272e-09    -0.215     1.215    -0.000  infeasible
          010  1     7   107.307     3.32118e-20     0.870    -0.000     0.130 
          100  1     7    20.908      0.00390913    -0.000     0.915     0.085 
          011  2     8   315.165               0     1.000    -0.000    -0.000 
          101  2     8    56.081     2.72028e-09     0.000     1.000    -0.000 
          110  2     8  4503.004               0     0.000    -0.000     1.000 
best pat:          000          0.33122              -  -
best pat:          100       0.00390913  chi(nested):    14.019 p-value for nested model:     0.000181013
best pat:          101      2.72028e-09  chi(nested):    35.173 p-value for nested model:     3.01644e-09

coeffs:     0.296     0.604     0.100 

## dscore:: f_4(Base, Fit, Rbase, right2)
## genstat:: f_4(Base, Fit, right1, right2)

details:            Naxi      Anatolia_N    -0.000222   -1.504464
details:      Chokhopani      Anatolia_N    -0.000358   -1.581364
details:            Mala      Anatolia_N     0.002013    9.854227
dscore:      Anatolia_N f4:    -0.000081 Z:    -0.485719

details:            Naxi             Ami     0.002392   13.905344
details:      Chokhopani             Ami     0.000375    1.490588
details:            Mala             Ami    -0.010149  -41.382710
dscore:             Ami f4:    -0.000079 Z:    -0.417316

details:            Naxi            Mixe     0.001103    6.204468
details:      Chokhopani            Mixe     0.000041    0.152854
details:            Mala            Mixe    -0.006885  -26.577279
dscore:            Mixe f4:    -0.000336 Z:    -1.700621

details:            Naxi    Ganj_Dareh_N    -0.000393   -2.214999
details:      Chokhopani    Ganj_Dareh_N    -0.000640   -2.327969
details:            Mala    Ganj_Dareh_N     0.002870   12.157179
dscore:    Ganj_Dareh_N f4:    -0.000216 Z:    -1.076423

details:            Naxi            Onge     0.000428    2.510528
details:      Chokhopani            Onge     0.000280    1.078747
details:            Mala            Onge    -0.002578  -11.276671
dscore:            Onge f4:     0.000039 Z:     0.203987

details:            Naxi      Villabruna     0.000035    0.150564
details:      Chokhopani      Villabruna    -0.000357   -1.025411
details:            Mala      Villabruna     0.001172    3.823439
dscore:      Villabruna f4:    -0.000088 Z:    -0.343530

details:            Naxi      DevilsGate     0.001855    8.934462
details:      Chokhopani      DevilsGate     0.000911    3.047896
details:            Mala      DevilsGate    -0.010771  -38.620110
dscore:      DevilsGate f4:     0.000024 Z:     0.106767

details:            Naxi       Sherpa.LC     0.001092    6.391219
details:      Chokhopani       Sherpa.LC     0.001123    4.456107
details:            Mala       Sherpa.LC    -0.011310  -47.708581
dscore:       Sherpa.LC f4:    -0.000128 Z:    -0.670268

gendstat:                Mbuti           Anatolia_N    -0.486
gendstat:                Mbuti                  Ami    -0.417
gendstat:                Mbuti                 Mixe    -1.701
gendstat:                Mbuti         Ganj_Dareh_N    -1.076
gendstat:                Mbuti                 Onge     0.204
gendstat:                Mbuti           Villabruna    -0.344
gendstat:                Mbuti           DevilsGate     0.107
gendstat:                Mbuti            Sherpa.LC    -0.670
gendstat:           Anatolia_N                  Ami     0.012
gendstat:           Anatolia_N                 Mixe    -1.346
gendstat:           Anatolia_N         Ganj_Dareh_N    -0.847
gendstat:           Anatolia_N                 Onge     0.686
gendstat:           Anatolia_N           Villabruna    -0.034
gendstat:           Anatolia_N           DevilsGate     0.493
gendstat:           Anatolia_N            Sherpa.LC    -0.265
gendstat:                  Ami                 Mixe    -1.530
gendstat:                  Ami         Ganj_Dareh_N    -0.645
gendstat:                  Ami                 Onge     0.650
gendstat:                  Ami           Villabruna    -0.037
gendstat:                  Ami           DevilsGate     0.554
gendstat:                  Ami            Sherpa.LC    -0.348
gendstat:                 Mixe         Ganj_Dareh_N     0.537
gendstat:                 Mixe                 Onge     1.951
gendstat:                 Mixe           Villabruna     0.919
gendstat:                 Mixe           DevilsGate     1.635
gendstat:                 Mixe            Sherpa.LC     1.224
gendstat:         Ganj_Dareh_N                 Onge     1.240
gendstat:         Ganj_Dareh_N           Villabruna     0.498
gendstat:         Ganj_Dareh_N           DevilsGate     0.987
gendstat:         Ganj_Dareh_N            Sherpa.LC     0.412
gendstat:                 Onge           Villabruna    -0.501
gendstat:                 Onge           DevilsGate    -0.064
gendstat:                 Onge            Sherpa.LC    -0.873
gendstat:           Villabruna           DevilsGate     0.396
gendstat:           Villabruna            Sherpa.LC    -0.149
gendstat:           DevilsGate            Sherpa.LC    -0.822

## end of run
