/home/cliu7/utils/AdmixTools/bin/qpWave: parameter file: temp/param/qpAdm_Gurung.Yi.Rhirhi.Pulliyar.pary8pu5tdt
### THE INPUT PARAMETERS
##PARAMETER NAME: VALUE
DIR: data/intermediate
S1: HO_all_merged.qpAdm
indivname: data/intermediate/HO_all_merged.qpAdm.grouped.ind
snpname: data/intermediate/HO_all_merged.qpAdm.snp
genotypename: data/intermediate/HO_all_merged.qpAdm.geno
popleft: temp/param/left.y8pu5tdt
popright: temp/param/right.y8pu5tdt
details: YES
## qpWave version: 410
packed geno read OK
end of inpack

left pops:
Gurung
Yi
Rhirhi
Pulliyar

right pops:
Mbuti
Anatolia_N
Ami
Mixe
Ganj_Dareh_N
Onge
Villabruna
DevilsGate
Sherpa.LC

  0               Gurung    5
  1                   Yi    8
  2               Rhirhi    4
  3             Pulliyar   35
  4                Mbuti   10
  5           Anatolia_N   25
  6                  Ami   10
  7                 Mixe   10
  8         Ganj_Dareh_N    7
  9                 Onge   12
 10           Villabruna    1
 11           DevilsGate    4
 12            Sherpa.LC    9
jackknife block size:     0.050
snps: 498990  indivs: 140
number of blocks for block jackknife: 710
dof (jackknife):   584.974
numsnps used: 386662
f4info: 
f4rank: 0 dof:     24 chisq:  5707.934 tail:                    0 dofdiff:      0 chisqdiff:     0.000 taildiff:                    1

f4info: 
f4rank: 1 dof:     14 chisq:   314.863 tail:       9.34047117e-59 dofdiff:     10 chisqdiff:  5393.072 taildiff:                    0
B:
          scale     1.000 
     Anatolia_N    -0.197 
            Ami     1.483 
           Mixe     0.982 
   Ganj_Dareh_N    -0.303 
           Onge     0.297 
     Villabruna    -0.100 
     DevilsGate     1.508 
      Sherpa.LC     1.528 
A:
          scale   242.808 
             Yi     0.281 
         Rhirhi     0.108 
       Pulliyar    -1.706 

f4info: 
f4rank: 2 dof:      6 chisq:    12.187 tail:         0.0579265072 dofdiff:      8 chisqdiff:   302.676 taildiff:       1.10936365e-60
B:
          scale     1.000     1.000 
     Anatolia_N    -0.191     0.228 
            Ami     1.446     1.885 
           Mixe     0.992     0.326 
   Ganj_Dareh_N    -0.308     0.450 
           Onge     0.264     0.638 
     Villabruna    -0.103    -0.673 
     DevilsGate     1.516    -0.553 
      Sherpa.LC     1.555    -1.709 
A:
          scale   242.715  2987.707 
             Yi     0.315     1.314 
         Rhirhi     0.081    -1.077 
       Pulliyar    -1.701     0.335 

f4info: 
f4rank: 3 dof:      0 chisq:     0.000 tail:                    1 dofdiff:      6 chisqdiff:    12.187 taildiff:         0.0579265072
B:
          scale     1.000     1.000     1.000 
     Anatolia_N    -0.186     0.328     0.482 
            Ami     1.428     1.807    -1.152 
           Mixe     1.009     0.533     1.207 
   Ganj_Dareh_N    -0.298     0.659     1.034 
           Onge     0.276     0.882     1.066 
     Villabruna    -0.115    -0.763    -1.004 
     DevilsGate     1.506    -0.564    -0.819 
      Sherpa.LC     1.569    -1.493     1.050 
A:
          scale   240.917  2891.042  6202.950 
             Yi     0.296     1.071    -1.329 
         Rhirhi     0.056    -1.354    -1.079 
       Pulliyar    -1.706     0.141    -0.266 

## end of run
