/home/cliu7/utils/AdmixTools/bin/qpWave: parameter file: temp/param/qpAdm_Gurung.Naga.Chokhopani.Southeast_China.par_d9kh4a0
### THE INPUT PARAMETERS
##PARAMETER NAME: VALUE
DIR: data/intermediate
S1: HO_all_merged.qpAdm
indivname: data/intermediate/HO_all_merged.qpAdm.grouped.ind
snpname: data/intermediate/HO_all_merged.qpAdm.snp
genotypename: data/intermediate/HO_all_merged.qpAdm.geno
popleft: temp/param/left._d9kh4a0
popright: temp/param/right._d9kh4a0
details: YES
## qpWave version: 410
packed geno read OK
end of inpack

left pops:
Gurung
Naga
Chokhopani
Southeast_China

right pops:
Mbuti
Anatolia_N
Ami
Mixe
Ganj_Dareh_N
Onge
Villabruna
DevilsGate
Sherpa.LC

  0               Gurung    5
  1                 Naga    6
  2           Chokhopani    2
  3      Southeast_China   97
  4                Mbuti   10
  5           Anatolia_N   25
  6                  Ami   10
  7                 Mixe   10
  8         Ganj_Dareh_N    7
  9                 Onge   12
 10           Villabruna    1
 11           DevilsGate    4
 12            Sherpa.LC    9
jackknife block size:     0.050
snps: 498990  indivs: 198
number of blocks for block jackknife: 710
dof (jackknife):   583.525
numsnps used: 418206
f4info: 
f4rank: 0 dof:     24 chisq:  2528.235 tail:                    0 dofdiff:      0 chisqdiff:     0.000 taildiff:                    1

f4info: 
f4rank: 1 dof:     14 chisq:   190.741 tail:       4.24758798e-33 dofdiff:     10 chisqdiff:  2337.494 taildiff:                    0
B:
          scale     1.000 
     Anatolia_N    -0.074 
            Ami     2.677 
           Mixe     0.302 
   Ganj_Dareh_N    -0.009 
           Onge     0.284 
     Villabruna    -0.162 
     DevilsGate     0.396 
      Sherpa.LC    -0.690 
A:
          scale  1156.191 
           Naga     0.244 
     Chokhopani    -0.178 
Southeast_China     1.705 

f4info: 
f4rank: 2 dof:      6 chisq:    15.296 tail:         0.0180737423 dofdiff:      8 chisqdiff:   175.445 taildiff:       9.30543053e-34
B:
          scale     1.000     1.000 
     Anatolia_N    -0.215    -0.220 
            Ami     2.399    -1.247 
           Mixe     0.717     0.631 
   Ganj_Dareh_N    -0.300    -0.492 
           Onge     0.376     0.024 
     Villabruna    -0.024     0.234 
     DevilsGate     1.140     1.254 
      Sherpa.LC     0.387     2.032 
A:
          scale   827.858  2123.937 
           Naga     0.860     1.110 
     Chokhopani     0.358     1.030 
Southeast_China     1.460    -0.842 

f4info: 
f4rank: 3 dof:      0 chisq:     0.000 tail:                    1 dofdiff:      6 chisqdiff:    15.296 taildiff:         0.0180737423
B:
          scale     1.000     1.000     1.000 
     Anatolia_N    -0.240    -0.320     0.621 
            Ami     2.405    -1.181    -0.263 
           Mixe     0.680     0.403     1.855 
   Ganj_Dareh_N    -0.362    -0.631     1.097 
           Onge     0.367     0.104    -0.499 
     Villabruna    -0.075    -0.005     1.591 
     DevilsGate     1.129     1.253     0.269 
      Sherpa.LC     0.387     2.088    -0.213 
A:
          scale   843.253  2165.340  6793.916 
           Naga     0.875     1.132     0.977 
     Chokhopani     0.299     0.976    -1.399 
Southeast_China     1.465    -0.875    -0.297 

## end of run
