/home/cliu7/utils/AdmixTools/bin/qpAdm: parameter file: temp/param/qpAdm_Gurung.Naga.Chokhopani.Southeast_China.par_d9kh4a0
### THE INPUT PARAMETERS
##PARAMETER NAME: VALUE
DIR: data/intermediate
S1: HO_all_merged.qpAdm
indivname: data/intermediate/HO_all_merged.qpAdm.grouped.ind
snpname: data/intermediate/HO_all_merged.qpAdm.snp
genotypename: data/intermediate/HO_all_merged.qpAdm.geno
popleft: temp/param/left._d9kh4a0
popright: temp/param/right._d9kh4a0
details: YES
## qpAdm version: 810
seed: 1157879
packed geno read OK
end of inpack

left pops:
Gurung
Naga
Chokhopani
Southeast_China

right pops:
Mbuti
Anatolia_N
Ami
Mixe
Ganj_Dareh_N
Onge
Villabruna
DevilsGate
Sherpa.LC

  0               Gurung    5
  1                 Naga    6
  2           Chokhopani    2
  3      Southeast_China   97
  4                Mbuti   10
  5           Anatolia_N   25
  6                  Ami   10
  7                 Mixe   10
  8         Ganj_Dareh_N    7
  9                 Onge   12
 10           Villabruna    1
 11           DevilsGate    4
 12            Sherpa.LC    9
jackknife block size:     0.050
snps: 498990  indivs: 198
number of blocks for block jackknife: 710
## ncols: 498990
coverage:               Gurung 498036
coverage:                 Naga 498990
coverage:           Chokhopani 498917
coverage:      Southeast_China 498990
coverage:                Mbuti 498990
coverage:           Anatolia_N 498137
coverage:                  Ami 498990
coverage:                 Mixe 498990
coverage:         Ganj_Dareh_N 457128
coverage:                 Onge 498990
coverage:           Villabruna 415230
coverage:           DevilsGate 498716
coverage:            Sherpa.LC 498990
dof (jackknife):   583.525
numsnps used: 418206
codimension 1
f4info: 
f4rank: 2 dof:      6 chisq:    15.145 tail:         0.0191576114 dofdiff:      8 chisqdiff:   -15.145 taildiff:                    1
B:
          scale     1.000     1.000 
     Anatolia_N    -0.217    -0.219 
            Ami     2.433    -1.420 
           Mixe     0.696     0.568 
   Ganj_Dareh_N    -0.296    -0.483 
           Onge     0.369    -0.010 
     Villabruna    -0.037     0.223 
     DevilsGate     1.103     1.160 
      Sherpa.LC     0.328     1.996 
A:
          scale   831.124  2116.895 
           Naga     0.888     1.160 
     Chokhopani     0.382     1.047 
Southeast_China     1.437    -0.748 


full rank
f4info: 
f4rank: 3 dof:      0 chisq:     0.000 tail:                    1 dofdiff:      6 chisqdiff:    15.145 taildiff:         0.0191576114
B:
          scale     1.000     1.000     1.000 
     Anatolia_N    -0.219    -0.226     0.573 
            Ami     2.425    -1.402    -0.897 
           Mixe     0.721     0.565     1.659 
   Ganj_Dareh_N    -0.319    -0.467     1.095 
           Onge     0.346     0.007    -0.791 
     Villabruna    -0.029     0.204     1.372 
     DevilsGate     1.105     1.169    -0.185 
      Sherpa.LC     0.329     2.009    -0.610 
A:
          scale   853.823  2168.253  6494.687 
           Naga     0.924     1.197     0.260 
     Chokhopani     0.274     0.950    -1.684 
Southeast_China     1.439    -0.814    -0.313 


best coefficients:    -1.742     2.268     0.473 
Jackknife mean:     -1.557676161     2.122751497     0.434924664 
      std. errors:     0.693     0.541     0.175 

error covariance (* 1000000)
    480066    -370792    -109274 
   -370792     292181      78611 
   -109274      78611      30662 


summ: Gurung    3      0.019158    -1.558     2.123     0.435 480066 -370792 -109274 292181 78611 30662 

    fixed pat  wt  dof     chisq       tail prob
          000  0     6    15.145       0.0191576    -1.742     2.268     0.473  infeasible
          001  1     7    39.450      1.6038e-06    -0.719     1.719    -0.000  infeasible
          010  1     7   171.787               0     1.167    -0.000    -0.167  infeasible
          100  1     7    53.180     3.41658e-09     0.000     0.952     0.048 
          011  2     8   197.715               0     1.000    -0.000     0.000 
          101  2     8    55.253     3.94231e-09     0.000     1.000     0.000 
          110  2     8  1657.595               0     0.000    -0.000     1.000 
best pat:          000        0.0191576              -  -
best pat:          100      3.41658e-09  chi(nested):    38.034 p-value for nested model:     6.95084e-10
best pat:          101      3.94231e-09  chi(nested):     2.073 p-value for nested model:        0.149883

coeffs:    -1.742     2.268     0.473 

## dscore:: f_4(Base, Fit, Rbase, right2)
## genstat:: f_4(Base, Fit, right1, right2)

details:            Naga      Anatolia_N    -0.000327   -2.045738
details:      Chokhopani      Anatolia_N    -0.000358   -1.581596
details: Southeast_China      Anatolia_N    -0.000315   -2.320834
dscore:      Anatolia_N f4:    -0.000390 Z:    -0.775530

details:            Naga             Ami     0.001839    9.816237
details:      Chokhopani             Ami     0.000375    1.491274
details: Southeast_China             Ami     0.004667   27.674448
dscore:             Ami f4:    -0.000143 Z:    -0.249106

details:            Naga            Mixe     0.001182    5.929954
details:      Chokhopani            Mixe     0.000041    0.152903
details: Southeast_China            Mixe     0.000936    5.205556
dscore:            Mixe f4:    -0.001523 Z:    -2.580408

details:            Naga    Ganj_Dareh_N    -0.000548   -2.918618
details:      Chokhopani    Ganj_Dareh_N    -0.000639   -2.328260
details: Southeast_China    Ganj_Dareh_N    -0.000423   -2.528526
dscore:    Ganj_Dareh_N f4:    -0.000695 Z:    -1.132471

details:            Naga            Onge     0.000364    1.899503
details:      Chokhopani            Onge     0.000280    1.079250
details: Southeast_China            Onge     0.000617    3.745587
dscore:            Onge f4:     0.000294 Z:     0.506699

details:            Naga      Villabruna     0.000148    0.574334
details:      Chokhopani      Villabruna    -0.000357   -1.025517
details: Southeast_China      Villabruna    -0.000199   -0.923403
dscore:      Villabruna f4:    -0.001161 Z:    -1.563811

details:            Naga      DevilsGate     0.001865    8.037581
details:      Chokhopani      DevilsGate     0.000910    3.048029
details: Southeast_China      DevilsGate     0.001443    7.392105
dscore:      DevilsGate f4:    -0.000500 Z:    -0.745839

details:            Naga       Sherpa.LC     0.001462    7.869888
details:      Chokhopani       Sherpa.LC     0.001123    4.456889
details: Southeast_China       Sherpa.LC    -0.000162   -0.977877
dscore:       Sherpa.LC f4:    -0.000077 Z:    -0.139596

gendstat:                Mbuti           Anatolia_N    -0.776
gendstat:                Mbuti                  Ami    -0.249
gendstat:                Mbuti                 Mixe    -2.580
gendstat:                Mbuti         Ganj_Dareh_N    -1.132
gendstat:                Mbuti                 Onge     0.507
gendstat:                Mbuti           Villabruna    -1.564
gendstat:                Mbuti           DevilsGate    -0.746
gendstat:                Mbuti            Sherpa.LC    -0.140
gendstat:           Anatolia_N                  Ami     0.457
gendstat:           Anatolia_N                 Mixe    -1.970
gendstat:           Anatolia_N         Ganj_Dareh_N    -0.622
gendstat:           Anatolia_N                 Onge     1.309
gendstat:           Anatolia_N           Villabruna    -1.151
gendstat:           Anatolia_N           DevilsGate    -0.171
gendstat:           Anatolia_N            Sherpa.LC     0.586
gendstat:                  Ami                 Mixe    -2.616
gendstat:                  Ami         Ganj_Dareh_N    -0.865
gendstat:                  Ami                 Onge     0.815
gendstat:                  Ami           Villabruna    -1.280
gendstat:                  Ami           DevilsGate    -0.643
gendstat:                  Ami            Sherpa.LC     0.150
gendstat:                 Mixe         Ganj_Dareh_N     1.274
gendstat:                 Mixe                 Onge     3.071
gendstat:                 Mixe           Villabruna     0.459
gendstat:                 Mixe           DevilsGate     1.599
gendstat:                 Mixe            Sherpa.LC     2.855
gendstat:         Ganj_Dareh_N                 Onge     1.608
gendstat:         Ganj_Dareh_N           Villabruna    -0.606
gendstat:         Ganj_Dareh_N           DevilsGate     0.264
gendstat:         Ganj_Dareh_N            Sherpa.LC     0.964
gendstat:                 Onge           Villabruna    -1.909
gendstat:                 Onge           DevilsGate    -1.140
gendstat:                 Onge            Sherpa.LC    -0.649
gendstat:           Villabruna           DevilsGate     0.759
gendstat:           Villabruna            Sherpa.LC     1.377
gendstat:           DevilsGate            Sherpa.LC     0.773

## end of run
