/home/cliu7/utils/AdmixTools/bin/qpWave: parameter file: temp/param/qpAdm_Gurung.YR_MN.Kyang.Pathan.par7nbtycd6
### THE INPUT PARAMETERS
##PARAMETER NAME: VALUE
DIR: data/intermediate
S1: HO_all_merged.qpAdm
indivname: data/intermediate/HO_all_merged.qpAdm.grouped.ind
snpname: data/intermediate/HO_all_merged.qpAdm.snp
genotypename: data/intermediate/HO_all_merged.qpAdm.geno
popleft: temp/param/left.7nbtycd6
popright: temp/param/right.7nbtycd6
details: YES
## qpWave version: 410
packed geno read OK
end of inpack

left pops:
Gurung
YR_MN
Kyang
Pathan

right pops:
Mbuti
Anatolia_N
Ami
Mixe
Ganj_Dareh_N
Onge
Villabruna
DevilsGate
Sherpa.LC

  0               Gurung    5
  1                YR_MN    8
  2                Kyang    7
  3               Pathan   18
  4                Mbuti   10
  5           Anatolia_N   25
  6                  Ami   10
  7                 Mixe   10
  8         Ganj_Dareh_N    7
  9                 Onge   12
 10           Villabruna    1
 11           DevilsGate    4
 12            Sherpa.LC    9
jackknife block size:     0.050
snps: 498990  indivs: 126
number of blocks for block jackknife: 710
dof (jackknife):   583.415
numsnps used: 414535
f4info: 
f4rank: 0 dof:     24 chisq:  8659.379 tail:                    0 dofdiff:      0 chisqdiff:     0.000 taildiff:                    1

f4info: 
f4rank: 1 dof:     14 chisq:   366.762 tail:       1.24668852e-69 dofdiff:     10 chisqdiff:  8292.617 taildiff:                    0
B:
          scale     1.000 
     Anatolia_N    -0.618 
            Ami     1.353 
           Mixe     0.823 
   Ganj_Dareh_N    -0.634 
           Onge     0.585 
     Villabruna    -0.460 
     DevilsGate     1.418 
      Sherpa.LC     1.463 
A:
          scale   186.731 
          YR_MN     0.154 
          Kyang     0.120 
         Pathan    -1.721 

f4info: 
f4rank: 2 dof:      6 chisq:    26.863 tail:       0.000153590775 dofdiff:      8 chisqdiff:   339.899 taildiff:       1.29543281e-68
B:
          scale     1.000     1.000 
     Anatolia_N    -0.613     0.093 
            Ami     1.360     1.701 
           Mixe     0.785     0.605 
   Ganj_Dareh_N    -0.633     0.660 
           Onge     0.581    -0.119 
     Villabruna    -0.460    -0.017 
     DevilsGate     1.424     0.422 
      Sherpa.LC     1.476    -2.027 
A:
          scale   185.916  2707.737 
          YR_MN     0.174     1.275 
          Kyang     0.088    -1.170 
         Pathan    -1.721    -0.078 

f4info: 
f4rank: 3 dof:      0 chisq:     0.000 tail:                    1 dofdiff:      6 chisqdiff:    26.863 taildiff:       0.000153590775
B:
          scale     1.000     1.000     1.000 
     Anatolia_N    -0.625     0.243     0.721 
            Ami     1.369     1.723    -0.273 
           Mixe     0.786     0.528    -0.168 
   Ganj_Dareh_N    -0.633     0.582    -0.141 
           Onge     0.602    -0.466    -1.274 
     Villabruna    -0.482     0.540     2.019 
     DevilsGate     1.413     0.685     0.840 
      Sherpa.LC     1.458    -1.838     0.976 
A:
          scale   186.429  2691.681  3634.784 
          YR_MN     0.188     1.522     0.805 
          Kyang     0.101    -0.819     1.523 
         Pathan    -1.719     0.119     0.178 

## end of run
