/home/cliu7/utils/AdmixTools/bin/qpAdm: parameter file: temp/param/qpAdm_Gurung.Upper_YR_LN.UpperMustang.LC.Han.parromnh4ef
### THE INPUT PARAMETERS
##PARAMETER NAME: VALUE
DIR: data/intermediate
S1: HO_all_merged.qpAdm
indivname: data/intermediate/HO_all_merged.qpAdm.grouped.ind
snpname: data/intermediate/HO_all_merged.qpAdm.snp
genotypename: data/intermediate/HO_all_merged.qpAdm.geno
popleft: temp/param/left.romnh4ef
popright: temp/param/right.romnh4ef
details: YES
## qpAdm version: 810
seed: -2133571994
packed geno read OK
end of inpack

left pops:
Gurung
Upper_YR_LN
UpperMustang.LC
Han

right pops:
Mbuti
Anatolia_N
Ami
Mixe
Ganj_Dareh_N
Onge
Villabruna
DevilsGate
Sherpa.LC

  0               Gurung    5
  1          Upper_YR_LN    7
  2      UpperMustang.LC   11
  3                  Han   33
  4                Mbuti   10
  5           Anatolia_N   25
  6                  Ami   10
  7                 Mixe   10
  8         Ganj_Dareh_N    7
  9                 Onge   12
 10           Villabruna    1
 11           DevilsGate    4
 12            Sherpa.LC    9
jackknife block size:     0.050
snps: 498990  indivs: 144
number of blocks for block jackknife: 710
## ncols: 498990
coverage:               Gurung 498036
coverage:          Upper_YR_LN 496840
coverage:      UpperMustang.LC 498990
coverage:                  Han 498990
coverage:                Mbuti 498990
coverage:           Anatolia_N 498137
coverage:                  Ami 498990
coverage:                 Mixe 498990
coverage:         Ganj_Dareh_N 457128
coverage:                 Onge 498990
coverage:           Villabruna 415230
coverage:           DevilsGate 498716
coverage:            Sherpa.LC 498990
dof (jackknife):   583.483
numsnps used: 418648
codimension 1
f4info: 
f4rank: 2 dof:      6 chisq:    64.762 tail:        4.8256482e-12 dofdiff:      8 chisqdiff:   -64.762 taildiff:                    1
B:
          scale     1.000     1.000 
     Anatolia_N    -0.179    -0.177 
            Ami     2.064    -1.791 
           Mixe     0.901     0.127 
   Ganj_Dareh_N    -0.263    -0.464 
           Onge     0.253    -0.380 
     Villabruna    -0.021     0.449 
     DevilsGate     1.520     0.546 
      Sherpa.LC     0.674     1.972 
A:
          scale   754.986  2595.123 
    Upper_YR_LN     1.000     0.850 
UpperMustang.LC     0.444     1.271 
            Han     1.343    -0.813 


full rank
f4info: 
f4rank: 3 dof:      0 chisq:     0.000 tail:                    1 dofdiff:      6 chisqdiff:    64.762 taildiff:        4.8256482e-12
B:
          scale     1.000     1.000     1.000 
     Anatolia_N    -0.140    -0.125     0.324 
            Ami     1.981    -1.711    -1.283 
           Mixe     0.930     0.253     0.472 
   Ganj_Dareh_N    -0.163    -0.271     1.481 
           Onge     0.273    -0.304     0.707 
     Villabruna     0.025     0.411    -0.218 
     DevilsGate     1.628     0.882     1.085 
      Sherpa.LC     0.663     1.970    -1.452 
A:
          scale   750.814  2586.961  5171.226 
    Upper_YR_LN     1.113     0.984     0.835 
UpperMustang.LC     0.285     1.063    -1.360 
            Han     1.296    -0.949    -0.673 


best coefficients:    -2.653     2.508     1.145 
Jackknife mean:     -2.241094616     2.253323686     0.987770930 
      std. errors:     1.112     0.688     0.436 

error covariance (* 1000000)
   1236289    -759820    -476469 
   -759820     473858     285961 
   -476469     285961     190508 


summ: Gurung    3      0.000000    -2.241     2.253     0.988 1236289 -759820 -476469 473858 285961 190508 

    fixed pat  wt  dof     chisq       tail prob
          000  0     6    64.762     4.82565e-12    -2.653     2.508     1.145  infeasible
          001  1     7   155.163     3.33909e-30     0.176     0.824    -0.000 
          010  1     7   144.142     6.88393e-28     1.539    -0.000    -0.539  infeasible
          100  1     7   138.663     9.68811e-27    -0.000     0.877     0.123 
          011  2     8   229.773               0     1.000    -0.000     0.000 
          101  2     8   157.270     5.95088e-30     0.000     1.000     0.000 
          110  2     8  1227.026               0     0.000    -0.000     1.000 
best pat:          000      4.82565e-12              -  -
best pat:          100      9.68811e-27  chi(nested):    73.901 p-value for nested model:     8.21295e-18
best pat:          101      5.95088e-30  chi(nested):    18.607 p-value for nested model:     1.60588e-05

coeffs:    -2.653     2.508     1.145 

## dscore:: f_4(Base, Fit, Rbase, right2)
## genstat:: f_4(Base, Fit, right1, right2)

details:     Upper_YR_LN      Anatolia_N    -0.000178   -0.957725
details: UpperMustang.LC      Anatolia_N    -0.000186   -1.283725
details:             Han      Anatolia_N    -0.000230   -1.741067
dscore:      Anatolia_N f4:    -0.000259 Z:    -0.537793

details:     Upper_YR_LN             Ami     0.002124    9.745687
details: UpperMustang.LC             Ami     0.000407    2.237139
details:             Han             Ami     0.004238   26.045256
dscore:             Ami f4:     0.000240 Z:     0.435010

details:     Upper_YR_LN            Mixe     0.001591    6.691218
details: UpperMustang.LC            Mixe     0.000351    1.852404
details:             Han            Mixe     0.001472    8.462942
dscore:            Mixe f4:    -0.001657 Z:    -2.916885

details:     Upper_YR_LN    Ganj_Dareh_N    -0.000081   -0.352444
details: UpperMustang.LC    Ganj_Dareh_N    -0.000562   -3.216425
details:             Han    Ganj_Dareh_N    -0.000368   -2.285534
dscore:    Ganj_Dareh_N f4:    -0.001617 Z:    -2.752100

details:     Upper_YR_LN            Onge     0.000430    2.052049
details: UpperMustang.LC            Onge    -0.000200   -1.145516
details:             Han            Onge     0.000502    3.198628
dscore:            Onge f4:    -0.001067 Z:    -1.831403

details:     Upper_YR_LN      Villabruna     0.000190    0.622437
details: UpperMustang.LC      Villabruna     0.000246    1.024235
details:             Han      Villabruna    -0.000062   -0.293827
dscore:      Villabruna f4:     0.000041 Z:     0.053446

details:     Upper_YR_LN      DevilsGate     0.002984   11.121188
details: UpperMustang.LC      DevilsGate     0.000725    3.400707
details:             Han      DevilsGate     0.002378   12.591800
dscore:      DevilsGate f4:    -0.003376 Z:    -4.972318

details:     Upper_YR_LN       Sherpa.LC     0.001540    7.225040
details: UpperMustang.LC       Sherpa.LC     0.001461    8.189397
details:             Han       Sherpa.LC     0.000631    3.943411
dscore:       Sherpa.LC f4:     0.000301 Z:     0.552624

gendstat:                Mbuti           Anatolia_N    -0.538
gendstat:                Mbuti                  Ami     0.435
gendstat:                Mbuti                 Mixe    -2.917
gendstat:                Mbuti         Ganj_Dareh_N    -2.752
gendstat:                Mbuti                 Onge    -1.831
gendstat:                Mbuti           Villabruna     0.053
gendstat:                Mbuti           DevilsGate    -4.972
gendstat:                Mbuti            Sherpa.LC     0.553
gendstat:           Anatolia_N                  Ami     0.995
gendstat:           Anatolia_N                 Mixe    -2.693
gendstat:           Anatolia_N         Ganj_Dareh_N    -2.784
gendstat:           Anatolia_N                 Onge    -1.498
gendstat:           Anatolia_N           Villabruna     0.463
gendstat:           Anatolia_N           DevilsGate    -5.023
gendstat:           Anatolia_N            Sherpa.LC     1.142
gendstat:                  Ami                 Mixe    -3.833
gendstat:                  Ami         Ganj_Dareh_N    -3.097
gendstat:                  Ami                 Onge    -2.419
gendstat:                  Ami           Villabruna    -0.270
gendstat:                  Ami           DevilsGate    -6.367
gendstat:                  Ami            Sherpa.LC     0.151
gendstat:                 Mixe         Ganj_Dareh_N     0.065
gendstat:                 Mixe                 Onge     1.001
gendstat:                 Mixe           Villabruna     2.169
gendstat:                 Mixe           DevilsGate    -2.972
gendstat:                 Mixe            Sherpa.LC     4.006
gendstat:         Ganj_Dareh_N                 Onge     0.886
gendstat:         Ganj_Dareh_N           Villabruna     2.149
gendstat:         Ganj_Dareh_N           DevilsGate    -2.499
gendstat:         Ganj_Dareh_N            Sherpa.LC     3.273
gendstat:                 Onge           Villabruna     1.445
gendstat:                 Onge           DevilsGate    -3.430
gendstat:                 Onge            Sherpa.LC     2.546
gendstat:           Villabruna           DevilsGate    -4.091
gendstat:           Villabruna            Sherpa.LC     0.356
gendstat:           DevilsGate            Sherpa.LC     6.466

## end of run
