/home/cliu7/utils/AdmixTools/bin/qpAdm: parameter file: temp/param/qpAdm_Gurung.Yi.UpperMustang.LC.Han.parwbke28rq
### THE INPUT PARAMETERS
##PARAMETER NAME: VALUE
DIR: data/intermediate
S1: HO_all_merged.qpAdm
indivname: data/intermediate/HO_all_merged.qpAdm.grouped.ind
snpname: data/intermediate/HO_all_merged.qpAdm.snp
genotypename: data/intermediate/HO_all_merged.qpAdm.geno
popleft: temp/param/left.wbke28rq
popright: temp/param/right.wbke28rq
details: YES
## qpAdm version: 810
seed: 1402626742
packed geno read OK
end of inpack

left pops:
Gurung
Yi
UpperMustang.LC
Han

right pops:
Mbuti
Anatolia_N
Ami
Mixe
Ganj_Dareh_N
Onge
Villabruna
DevilsGate
Sherpa.LC

  0               Gurung    5
  1                   Yi    8
  2      UpperMustang.LC   11
  3                  Han   33
  4                Mbuti   10
  5           Anatolia_N   25
  6                  Ami   10
  7                 Mixe   10
  8         Ganj_Dareh_N    7
  9                 Onge   12
 10           Villabruna    1
 11           DevilsGate    4
 12            Sherpa.LC    9
jackknife block size:     0.050
snps: 498990  indivs: 145
number of blocks for block jackknife: 710
## ncols: 498990
coverage:               Gurung 498036
coverage:                   Yi 498990
coverage:      UpperMustang.LC 498990
coverage:                  Han 498990
coverage:                Mbuti 498990
coverage:           Anatolia_N 498137
coverage:                  Ami 498990
coverage:                 Mixe 498990
coverage:         Ganj_Dareh_N 457128
coverage:                 Onge 498990
coverage:           Villabruna 415230
coverage:           DevilsGate 498716
coverage:            Sherpa.LC 498990
dof (jackknife):   583.541
numsnps used: 419959
codimension 1
f4info: 
f4rank: 2 dof:      6 chisq:    12.882 tail:         0.0449534226 dofdiff:      8 chisqdiff:   -12.882 taildiff:                    1
B:
          scale     1.000     1.000 
     Anatolia_N    -0.157    -0.262 
            Ami     2.254    -1.145 
           Mixe     0.832     0.077 
   Ganj_Dareh_N    -0.268    -0.785 
           Onge     0.249    -0.454 
     Villabruna    -0.043     0.252 
     DevilsGate     1.332     0.301 
      Sherpa.LC     0.540     2.375 
A:
          scale   791.885  3088.419 
             Yi     0.936     0.443 
UpperMustang.LC     0.340     1.604 
            Han     1.417    -0.480 


full rank
f4info: 
f4rank: 3 dof:      0 chisq:     0.000 tail:                    1 dofdiff:      6 chisqdiff:    12.882 taildiff:         0.0449534226
B:
          scale     1.000     1.000     1.000 
     Anatolia_N    -0.147    -0.260    -0.139 
            Ami     2.215    -0.878     1.977 
           Mixe     0.871     0.226    -0.222 
   Ganj_Dareh_N    -0.209    -0.732    -0.727 
           Onge     0.329    -0.313    -0.881 
     Villabruna    -0.134     0.143     1.217 
     DevilsGate     1.343     0.454     0.591 
      Sherpa.LC     0.584     2.500    -0.942 
A:
          scale   810.179  2924.859  8045.174 
             Yi     1.013     0.387    -0.241 
UpperMustang.LC     0.204     1.657     1.217 
            Han     1.390    -0.320     1.208 


best coefficients:   331.669  -146.744  -183.925 
Jackknife mean:  25461.729514397 -11527.930430958 -13932.799083440 
      std. errors: 219321.238 97684.136 121637.225 

error covariance (* 1000000)
1509406792 -455720404 -1053686436 
-455720404 1392690080 -936969688 
-1053686436 -936969688 1990656066 


summ: Gurung    3      0.044953 25461.730 -11527.930 -13932.799 1509406792 -455720404 -1053686436 1392690080 -936969688 1990656066 

    fixed pat  wt  dof     chisq       tail prob
          000  0     6    12.882       0.0449534   331.669  -146.744  -183.925  infeasible
          001  1     7   145.970     2.84789e-28     0.210     0.790    -0.000 
          010  1     7    77.021     5.56866e-14     2.102    -0.000    -1.102  infeasible
          100  1     7   138.549     1.02349e-26     0.000     0.874     0.126 
          011  2     8   365.897               0     1.000    -0.000     0.000 
          101  2     8   158.048     4.09372e-30     0.000     1.000     0.000 
          110  2     8  1234.226               0     0.000    -0.000     1.000 
best pat:          000        0.0449534              -  -
best pat:          100      1.02349e-26  chi(nested):   125.667 p-value for nested model:     3.63637e-29
best pat:          101      4.09372e-30  chi(nested):    19.499 p-value for nested model:     1.00667e-05

coeffs:   331.669  -146.744  -183.925 

## dscore:: f_4(Base, Fit, Rbase, right2)
## genstat:: f_4(Base, Fit, right1, right2)

details:              Yi      Anatolia_N    -0.000207   -1.462673
details: UpperMustang.LC      Anatolia_N    -0.000187   -1.286367
details:             Han      Anatolia_N    -0.000229   -1.741048
dscore:      Anatolia_N f4:     0.001067 Z:     0.031898

details:              Yi             Ami     0.002632   15.163601
details: UpperMustang.LC             Ami     0.000404    2.219364
details:             Han             Ami     0.004239   26.067768
dscore:             Ami f4:     0.033964 Z:     0.850491

details:              Yi            Mixe     0.001161    6.426365
details: UpperMustang.LC            Mixe     0.000352    1.860943
details:             Han            Mixe     0.001479    8.514396
dscore:            Mixe f4:     0.061201 Z:     1.479040

details:              Yi    Ganj_Dareh_N    -0.000328   -1.895763
details: UpperMustang.LC    Ganj_Dareh_N    -0.000558   -3.202420
details:             Han    Ganj_Dareh_N    -0.000368   -2.288461
dscore:    Ganj_Dareh_N f4:     0.040875 Z:     1.043650

details:              Yi            Onge     0.000425    2.456862
details: UpperMustang.LC            Onge    -0.000195   -1.116127
details:             Han            Onge     0.000501    3.198901
dscore:            Onge f4:     0.077297 Z:     1.981544

details:              Yi      Villabruna    -0.000194   -0.850604
details: UpperMustang.LC      Villabruna     0.000250    1.042828
details:             Han      Villabruna    -0.000054   -0.251967
dscore:      Villabruna f4:    -0.091095 Z:    -1.825404

details:              Yi      DevilsGate     0.001761    8.848041
details: UpperMustang.LC      DevilsGate     0.000735    3.445717
details:             Han      DevilsGate     0.002393   12.672434
dscore:      DevilsGate f4:     0.036144 Z:     0.780918

details:              Yi       Sherpa.LC     0.001126    6.664443
details: UpperMustang.LC       Sherpa.LC     0.001465    8.196775
details:             Han       Sherpa.LC     0.000629    3.933987
dscore:       Sherpa.LC f4:     0.042722 Z:     1.165421

gendstat:                Mbuti           Anatolia_N     0.032
gendstat:                Mbuti                  Ami     0.850
gendstat:                Mbuti                 Mixe     1.479
gendstat:                Mbuti         Ganj_Dareh_N     1.044
gendstat:                Mbuti                 Onge     1.982
gendstat:                Mbuti           Villabruna    -1.825
gendstat:                Mbuti           DevilsGate     0.781
gendstat:                Mbuti            Sherpa.LC     1.165
gendstat:           Anatolia_N                  Ami     0.896
gendstat:           Anatolia_N                 Mixe     1.549
gendstat:           Anatolia_N         Ganj_Dareh_N     1.251
gendstat:           Anatolia_N                 Onge     2.006
gendstat:           Anatolia_N           Villabruna    -2.152
gendstat:           Anatolia_N           DevilsGate     0.778
gendstat:           Anatolia_N            Sherpa.LC     1.198
gendstat:                  Ami                 Mixe     0.746
gendstat:                  Ami         Ganj_Dareh_N     0.171
gendstat:                  Ami                 Onge     1.145
gendstat:                  Ami           Villabruna    -2.394
gendstat:                  Ami           DevilsGate     0.053
gendstat:                  Ami            Sherpa.LC     0.295
gendstat:                 Mixe         Ganj_Dareh_N    -0.468
gendstat:                 Mixe                 Onge     0.409
gendstat:                 Mixe           Villabruna    -2.808
gendstat:                 Mixe           DevilsGate    -0.566
gendstat:                 Mixe            Sherpa.LC    -0.527
gendstat:         Ganj_Dareh_N                 Onge     0.848
gendstat:         Ganj_Dareh_N           Villabruna    -2.716
gendstat:         Ganj_Dareh_N           DevilsGate    -0.093
gendstat:         Ganj_Dareh_N            Sherpa.LC     0.047
gendstat:                 Onge           Villabruna    -3.123
gendstat:                 Onge           DevilsGate    -0.879
gendstat:                 Onge            Sherpa.LC    -0.923
gendstat:           Villabruna           DevilsGate     2.113
gendstat:           Villabruna            Sherpa.LC     2.636
gendstat:           DevilsGate            Sherpa.LC     0.163

## end of run
