/home/cliu7/utils/AdmixTools/bin/qpWave: parameter file: temp/param/qpAdm_Gurung.YR_MN.Kyang.Han.parme973pzg
### THE INPUT PARAMETERS
##PARAMETER NAME: VALUE
DIR: data/intermediate
S1: HO_all_merged.qpAdm
indivname: data/intermediate/HO_all_merged.qpAdm.grouped.ind
snpname: data/intermediate/HO_all_merged.qpAdm.snp
genotypename: data/intermediate/HO_all_merged.qpAdm.geno
popleft: temp/param/left.me973pzg
popright: temp/param/right.me973pzg
details: YES
## qpWave version: 410
packed geno read OK
end of inpack

left pops:
Gurung
YR_MN
Kyang
Han

right pops:
Mbuti
Anatolia_N
Ami
Mixe
Ganj_Dareh_N
Onge
Villabruna
DevilsGate
Sherpa.LC

  0               Gurung    5
  1                YR_MN    8
  2                Kyang    7
  3                  Han   33
  4                Mbuti   10
  5           Anatolia_N   25
  6                  Ami   10
  7                 Mixe   10
  8         Ganj_Dareh_N    7
  9                 Onge   12
 10           Villabruna    1
 11           DevilsGate    4
 12            Sherpa.LC    9
jackknife block size:     0.050
snps: 498990  indivs: 141
number of blocks for block jackknife: 710
dof (jackknife):   583.506
numsnps used: 418892
f4info: 
f4rank: 0 dof:     24 chisq:  1968.463 tail:                    0 dofdiff:      0 chisqdiff:     0.000 taildiff:                    1

f4info: 
f4rank: 1 dof:     14 chisq:   160.611 tail:       5.34699694e-27 dofdiff:     10 chisqdiff:  1807.851 taildiff:                    0
B:
          scale     1.000 
     Anatolia_N    -0.112 
            Ami     2.453 
           Mixe     0.776 
   Ganj_Dareh_N    -0.081 
           Onge     0.303 
     Villabruna    -0.221 
     DevilsGate     1.083 
      Sherpa.LC    -0.220 
A:
          scale  1022.510 
          YR_MN     0.765 
          Kyang    -0.370 
            Han     1.509 

f4info: 
f4rank: 2 dof:      6 chisq:    15.523 tail:         0.0165576164 dofdiff:      8 chisqdiff:   145.088 taildiff:       2.07100005e-27
B:
          scale     1.000     1.000 
     Anatolia_N    -0.137    -0.107 
            Ami     2.224    -1.044 
           Mixe     0.796    -0.134 
   Ganj_Dareh_N    -0.280    -0.699 
           Onge     0.247    -0.284 
     Villabruna     0.017     0.615 
     DevilsGate     1.387     0.706 
      Sherpa.LC     0.581     2.331 
A:
          scale   803.062  2551.679 
          YR_MN     0.903     0.160 
          Kyang     0.279     1.658 
            Han     1.452    -0.474 

f4info: 
f4rank: 3 dof:      0 chisq:     0.000 tail:                    1 dofdiff:      6 chisqdiff:    15.523 taildiff:         0.0165576164
B:
          scale     1.000     1.000     1.000 
     Anatolia_N    -0.177    -0.126     0.812 
            Ami     2.179    -1.077     0.989 
           Mixe     0.835    -0.108    -0.644 
   Ganj_Dareh_N    -0.266    -0.718    -0.252 
           Onge     0.204    -0.279     1.036 
     Villabruna     0.074     0.654    -0.822 
     DevilsGate     1.461     0.703    -1.606 
      Sherpa.LC     0.524     2.301     1.248 
A:
          scale   794.691  2532.157 10205.004 
          YR_MN     0.917     0.236    -1.451 
          Kyang     0.277     1.651     0.444 
            Han     1.443    -0.467     0.836 

## end of run
