/home/cliu7/utils/AdmixTools/bin/qpAdm: parameter file: temp/param/qpAdm_Gurung.Yi.Rhirhi.Pathan.parc4hjoqsc
### THE INPUT PARAMETERS
##PARAMETER NAME: VALUE
DIR: data/intermediate
S1: HO_all_merged.qpAdm
indivname: data/intermediate/HO_all_merged.qpAdm.grouped.ind
snpname: data/intermediate/HO_all_merged.qpAdm.snp
genotypename: data/intermediate/HO_all_merged.qpAdm.geno
popleft: temp/param/left.c4hjoqsc
popright: temp/param/right.c4hjoqsc
details: YES
## qpAdm version: 810
seed: -1740214122
packed geno read OK
end of inpack

left pops:
Gurung
Yi
Rhirhi
Pathan

right pops:
Mbuti
Anatolia_N
Ami
Mixe
Ganj_Dareh_N
Onge
Villabruna
DevilsGate
Sherpa.LC

  0               Gurung    5
  1                   Yi    8
  2               Rhirhi    4
  3               Pathan   18
  4                Mbuti   10
  5           Anatolia_N   25
  6                  Ami   10
  7                 Mixe   10
  8         Ganj_Dareh_N    7
  9                 Onge   12
 10           Villabruna    1
 11           DevilsGate    4
 12            Sherpa.LC    9
jackknife block size:     0.050
snps: 498990  indivs: 123
number of blocks for block jackknife: 710
## ncols: 498990
coverage:               Gurung 498036
coverage:                   Yi 498990
coverage:               Rhirhi 489694
coverage:               Pathan 498990
coverage:                Mbuti 498990
coverage:           Anatolia_N 498137
coverage:                  Ami 498990
coverage:                 Mixe 498990
coverage:         Ganj_Dareh_N 457128
coverage:                 Onge 498990
coverage:           Villabruna 415230
coverage:           DevilsGate 498716
coverage:            Sherpa.LC 498990
dof (jackknife):   583.433
numsnps used: 412482
codimension 1
f4info: 
f4rank: 2 dof:      6 chisq:    24.187 tail:       0.000482365783 dofdiff:      8 chisqdiff:   -24.187 taildiff:                    1
B:
          scale     1.000     1.000 
     Anatolia_N    -0.599     0.766 
            Ami     1.418     1.828 
           Mixe     0.796     0.525 
   Ganj_Dareh_N    -0.613     0.767 
           Onge     0.587    -0.161 
     Villabruna    -0.468    -0.230 
     DevilsGate     1.415    -0.486 
      Sherpa.LC     1.434    -1.701 
A:
          scale   186.181  2903.529 
             Yi     0.222     1.270 
         Rhirhi     0.029    -0.992 
         Pathan    -1.718     0.635 


full rank
f4info: 
f4rank: 3 dof:      0 chisq:     0.000 tail:                    1 dofdiff:      6 chisqdiff:    24.187 taildiff:       0.000482365783
B:
          scale     1.000     1.000     1.000 
     Anatolia_N    -0.597     0.685     0.821 
            Ami     1.429     1.663     1.880 
           Mixe     0.801     0.505     0.101 
   Ganj_Dareh_N    -0.609     0.794     0.479 
           Onge     0.593     0.222    -0.951 
     Villabruna    -0.469    -0.486     0.406 
     DevilsGate     1.413    -0.668    -0.012 
      Sherpa.LC     1.422    -1.774    -1.576 
A:
          scale   186.535  2212.517  2644.416 
             Yi     0.224     0.063     1.101 
         Rhirhi     0.026    -1.729     1.154 
         Pathan    -1.717     0.090     0.677 


best coefficients:     0.395     0.545     0.060 
Jackknife mean:      0.396542500     0.543030133     0.060427367 
      std. errors:     0.048     0.052     0.008 

error covariance (* 1000000)
      2337      -2468        130 
     -2468       2659       -191 
       130       -191         61 


summ: Gurung    3      0.000482     0.397     0.543     0.060  2337 -2468   130  2659  -191    61 

    fixed pat  wt  dof     chisq       tail prob
          000  0     6    24.187     0.000482366     0.395     0.545     0.060 
          001  1     7    69.546     1.82505e-12     0.182     0.818    -0.000 
          010  1     7   152.513     1.20372e-29     0.902    -0.000     0.098 
          100  1     7    66.434     7.74126e-12    -0.000     0.964     0.036 
          011  2     8   365.300               0     1.000    -0.000    -0.000 
          101  2     8    79.514     6.12285e-14     0.000     1.000    -0.000 
          110  2     8  6714.580               0     0.000    -0.000     1.000 
best pat:          000      0.000482366              -  -
best pat:          100      7.74126e-12  chi(nested):    42.246 p-value for nested model:      8.0472e-11
best pat:          101      6.12285e-14  chi(nested):    13.080 p-value for nested model:     0.000298391

coeffs:     0.395     0.545     0.060 

## dscore:: f_4(Base, Fit, Rbase, right2)
## genstat:: f_4(Base, Fit, right1, right2)

details:              Yi      Anatolia_N    -0.000216   -1.500258
details:          Rhirhi      Anatolia_N    -0.000238   -1.144139
details:          Pathan      Anatolia_N     0.005824   27.993930
dscore:      Anatolia_N f4:     0.000136 Z:     0.904569

details:              Yi             Ami     0.002665   15.087404
details:          Rhirhi             Ami    -0.000290   -1.164400
details:          Pathan             Ami    -0.012625  -49.152254
dscore:             Ami f4:     0.000133 Z:     0.731606

details:              Yi            Mixe     0.001172    6.382237
details:          Rhirhi            Mixe    -0.000198   -0.741242
details:          Pathan            Mixe    -0.007276  -25.884091
dscore:            Mixe f4:    -0.000083 Z:    -0.435674

details:              Yi    Ganj_Dareh_N    -0.000334   -1.897431
details:          Rhirhi    Ganj_Dareh_N    -0.000510   -1.894025
details:          Pathan    Ganj_Dareh_N     0.005886   23.865653
dscore:    Ganj_Dareh_N f4:    -0.000055 Z:    -0.288467

details:              Yi            Onge     0.000426    2.422431
details:          Rhirhi            Onge    -0.000513   -2.066608
details:          Pathan            Onge    -0.005673  -23.763110
dscore:            Onge f4:    -0.000453 Z:    -2.557407

details:              Yi      Villabruna    -0.000193   -0.833447
details:          Rhirhi      Villabruna     0.000601    1.778786
details:          Pathan      Villabruna     0.004588   14.673556
dscore:      Villabruna f4:     0.000528 Z:     2.137437

details:              Yi      DevilsGate     0.001779    8.794105
details:          Rhirhi      DevilsGate     0.000766    2.517259
details:          Pathan      DevilsGate    -0.013021  -44.092814
dscore:      DevilsGate f4:     0.000335 Z:     1.533955

details:              Yi       Sherpa.LC     0.001136    6.604006
details:          Rhirhi       Sherpa.LC     0.000903    3.594424
details:          Pathan       Sherpa.LC    -0.013537  -54.657747
dscore:       Sherpa.LC f4:     0.000124 Z:     0.678173

gendstat:                Mbuti           Anatolia_N     0.905
gendstat:                Mbuti                  Ami     0.732
gendstat:                Mbuti                 Mixe    -0.436
gendstat:                Mbuti         Ganj_Dareh_N    -0.288
gendstat:                Mbuti                 Onge    -2.557
gendstat:                Mbuti           Villabruna     2.137
gendstat:                Mbuti           DevilsGate     1.534
gendstat:                Mbuti            Sherpa.LC     0.678
gendstat:           Anatolia_N                  Ami    -0.016
gendstat:           Anatolia_N                 Mixe    -1.241
gendstat:           Anatolia_N         Ganj_Dareh_N    -1.212
gendstat:           Anatolia_N                 Onge    -3.382
gendstat:           Anatolia_N           Villabruna     1.866
gendstat:           Anatolia_N           DevilsGate     0.946
gendstat:           Anatolia_N            Sherpa.LC    -0.071
gendstat:                  Ami                 Mixe    -1.420
gendstat:                  Ami         Ganj_Dareh_N    -0.935
gendstat:                  Ami                 Onge    -3.141
gendstat:                  Ami           Villabruna     1.562
gendstat:                  Ami           DevilsGate     1.171
gendstat:                  Ami            Sherpa.LC    -0.069
gendstat:                 Mixe         Ganj_Dareh_N     0.132
gendstat:                 Mixe                 Onge    -1.832
gendstat:                 Mixe           Villabruna     2.384
gendstat:                 Mixe           DevilsGate     2.115
gendstat:                 Mixe            Sherpa.LC     1.325
gendstat:         Ganj_Dareh_N                 Onge    -1.879
gendstat:         Ganj_Dareh_N           Villabruna     2.323
gendstat:         Ganj_Dareh_N           DevilsGate     1.611
gendstat:         Ganj_Dareh_N            Sherpa.LC     0.911
gendstat:                 Onge           Villabruna     3.860
gendstat:                 Onge           DevilsGate     3.360
gendstat:                 Onge            Sherpa.LC     3.075
gendstat:           Villabruna           DevilsGate    -0.707
gendstat:           Villabruna            Sherpa.LC    -1.617
gendstat:           DevilsGate            Sherpa.LC    -1.187

## end of run
