/home/cliu7/utils/AdmixTools/bin/qpAdm: parameter file: temp/param/qpAdm_Gurung.YR_MN.Samdzong.Southeast_China.parxsi1teqq
### THE INPUT PARAMETERS
##PARAMETER NAME: VALUE
DIR: data/intermediate
S1: HO_all_merged.qpAdm
indivname: data/intermediate/HO_all_merged.qpAdm.grouped.ind
snpname: data/intermediate/HO_all_merged.qpAdm.snp
genotypename: data/intermediate/HO_all_merged.qpAdm.geno
popleft: temp/param/left.xsi1teqq
popright: temp/param/right.xsi1teqq
details: YES
## qpAdm version: 810
seed: 301206429
packed geno read OK
end of inpack

left pops:
Gurung
YR_MN
Samdzong
Southeast_China

right pops:
Mbuti
Anatolia_N
Ami
Mixe
Ganj_Dareh_N
Onge
Villabruna
DevilsGate
Sherpa.LC

  0               Gurung    5
  1                YR_MN    8
  2             Samdzong    9
  3      Southeast_China   97
  4                Mbuti   10
  5           Anatolia_N   25
  6                  Ami   10
  7                 Mixe   10
  8         Ganj_Dareh_N    7
  9                 Onge   12
 10           Villabruna    1
 11           DevilsGate    4
 12            Sherpa.LC    9
jackknife block size:     0.050
snps: 498990  indivs: 207
number of blocks for block jackknife: 710
## ncols: 498990
coverage:               Gurung 498036
coverage:                YR_MN 497089
coverage:             Samdzong 498985
coverage:      Southeast_China 498990
coverage:                Mbuti 498990
coverage:           Anatolia_N 498137
coverage:                  Ami 498990
coverage:                 Mixe 498990
coverage:         Ganj_Dareh_N 457128
coverage:                 Onge 498990
coverage:           Villabruna 415230
coverage:           DevilsGate 498716
coverage:            Sherpa.LC 498990
dof (jackknife):   583.520
numsnps used: 416711
codimension 1
f4info: 
f4rank: 2 dof:      6 chisq:    40.965 tail:       2.94187389e-07 dofdiff:      8 chisqdiff:   -40.965 taildiff:                    1
B:
          scale     1.000     1.000 
     Anatolia_N    -0.213    -0.074 
            Ami     2.562    -1.139 
           Mixe     0.566     0.158 
   Ganj_Dareh_N    -0.311    -0.664 
           Onge     0.277    -0.618 
     Villabruna    -0.084     0.280 
     DevilsGate     0.937     0.968 
      Sherpa.LC     0.099     2.199 
A:
          scale   860.837  2446.761 
          YR_MN     0.870     0.695 
       Samdzong     0.264     1.528 
Southeast_China     1.474    -0.426 


full rank
f4info: 
f4rank: 3 dof:      0 chisq:     0.000 tail:                    1 dofdiff:      6 chisqdiff:    40.965 taildiff:       2.94187389e-07
B:
          scale     1.000     1.000     1.000 
     Anatolia_N    -0.216    -0.091    -0.372 
            Ami     2.515    -1.070    -0.973 
           Mixe     0.621     0.300     0.929 
   Ganj_Dareh_N    -0.278    -0.573     0.923 
           Onge     0.271    -0.617    -0.109 
     Villabruna    -0.043     0.386     0.596 
     DevilsGate     1.041     1.190     1.358 
      Sherpa.LC     0.080     2.117    -1.729 
A:
          scale   834.351  2418.010  6354.975 
          YR_MN     0.952     0.984     1.263 
       Samdzong     0.172     1.324    -1.058 
Southeast_China     1.436    -0.529    -0.533 


best coefficients:   -13.588     8.012     6.576 
Jackknife mean:     53.706061687   -27.376690780   -25.329370907 
      std. errors:    28.443    14.955    13.497 

error covariance (* 1000000)
 809031684 -425256978 -383774707 
-425256978  223648273  201608705 
-383774707  201608705  182166002 


summ: Gurung    3      0.000000    53.706   -27.377   -25.329 809031684 -425256978 -383774707 223648273 201608705 182166002 

    fixed pat  wt  dof     chisq       tail prob
          000  0     6    40.965     2.94187e-07   -13.588     8.012     6.576  infeasible
          001  1     7   108.318     2.04976e-20     0.364     0.636    -0.000 
          010  1     7    69.952     1.51107e-12     1.661    -0.000    -0.661  infeasible
          100  1     7   105.010     9.93275e-20     0.000     0.841     0.159 
          011  2     8   209.987               0     1.000    -0.000     0.000 
          101  2     8   149.751     2.20968e-28     0.000     1.000     0.000 
          110  2     8  1659.011               0     0.000    -0.000     1.000 
best pat:          000      2.94187e-07              -  -
best pat:          100      9.93275e-20  chi(nested):    64.045 p-value for nested model:     1.21617e-15
best pat:          101      2.20968e-28  chi(nested):    44.741 p-value for nested model:     2.24876e-11

coeffs:   -13.588     8.012     6.576 

## dscore:: f_4(Base, Fit, Rbase, right2)
## genstat:: f_4(Base, Fit, right1, right2)

details:           YR_MN      Anatolia_N    -0.000332   -1.670749
details:        Samdzong      Anatolia_N    -0.000027   -0.161496
details: Southeast_China      Anatolia_N    -0.000315   -2.321777
dscore:      Anatolia_N f4:     0.002231 Z:     0.896414

details:           YR_MN             Ami     0.002284    9.927456
details:        Samdzong             Ami     0.000117    0.596545
details: Southeast_China             Ami     0.004670   27.679766
dscore:             Ami f4:     0.000618 Z:     0.230625

details:           YR_MN            Mixe     0.001049    4.305028
details:        Samdzong            Mixe     0.000155    0.754369
details: Southeast_China            Mixe     0.000943    5.241297
dscore:            Mixe f4:    -0.006820 Z:    -2.226655

details:           YR_MN    Ganj_Dareh_N    -0.000340   -1.378632
details:        Samdzong    Ganj_Dareh_N    -0.000522   -2.761759
details: Southeast_China    Ganj_Dareh_N    -0.000425   -2.544387
dscore:    Ganj_Dareh_N f4:    -0.002354 Z:    -0.781307

details:           YR_MN            Onge     0.000062    0.268981
details:        Samdzong            Onge    -0.000248   -1.230658
details: Southeast_China            Onge     0.000625    3.795333
dscore:            Onge f4:     0.001284 Z:     0.437360

details:           YR_MN      Villabruna     0.000264    0.838080
details:        Samdzong      Villabruna     0.000103    0.378086
details: Southeast_China      Villabruna    -0.000201   -0.931730
dscore:      Villabruna f4:    -0.004084 Z:    -1.062875

details:           YR_MN      DevilsGate     0.001989    7.213525
details:        Samdzong      DevilsGate     0.000664    2.934265
details: Southeast_China      DevilsGate     0.001443    7.387760
dscore:      DevilsGate f4:    -0.012217 Z:    -3.722459

details:           YR_MN       Sherpa.LC     0.000645    2.878435
details:        Samdzong       Sherpa.LC     0.001482    7.687671
details: Southeast_China       Sherpa.LC    -0.000162   -0.974774
dscore:       Sherpa.LC f4:     0.002047 Z:     0.781068

gendstat:                Mbuti           Anatolia_N     0.896
gendstat:                Mbuti                  Ami     0.231
gendstat:                Mbuti                 Mixe    -2.227
gendstat:                Mbuti         Ganj_Dareh_N    -0.781
gendstat:                Mbuti                 Onge     0.437
gendstat:                Mbuti           Villabruna    -1.063
gendstat:                Mbuti           DevilsGate    -3.722
gendstat:                Mbuti            Sherpa.LC     0.781
gendstat:           Anatolia_N                  Ami    -0.623
gendstat:           Anatolia_N                 Mixe    -3.123
gendstat:           Anatolia_N         Ganj_Dareh_N    -1.799
gendstat:           Anatolia_N                 Onge    -0.345
gendstat:           Anatolia_N           Villabruna    -1.933
gendstat:           Anatolia_N           DevilsGate    -4.525
gendstat:           Anatolia_N            Sherpa.LC    -0.073
gendstat:                  Ami                 Mixe    -2.909
gendstat:                  Ami         Ganj_Dareh_N    -1.015
gendstat:                  Ami                 Onge     0.253
gendstat:                  Ami           Villabruna    -1.188
gendstat:                  Ami           DevilsGate    -4.472
gendstat:                  Ami            Sherpa.LC     0.653
gendstat:                 Mixe         Ganj_Dareh_N     1.377
gendstat:                 Mixe                 Onge     2.645
gendstat:                 Mixe           Villabruna     0.680
gendstat:                 Mixe           DevilsGate    -1.695
gendstat:                 Mixe            Sherpa.LC     3.341
gendstat:         Ganj_Dareh_N                 Onge     1.141
gendstat:         Ganj_Dareh_N           Villabruna    -0.460
gendstat:         Ganj_Dareh_N           DevilsGate    -2.764
gendstat:         Ganj_Dareh_N            Sherpa.LC     1.451
gendstat:                 Onge           Villabruna    -1.316
gendstat:                 Onge           DevilsGate    -4.048
gendstat:                 Onge            Sherpa.LC     0.291
gendstat:           Villabruna           DevilsGate    -1.844
gendstat:           Villabruna            Sherpa.LC     1.577
gendstat:           DevilsGate            Sherpa.LC     5.100

## end of run
