/home/cliu7/utils/AdmixTools/bin/qpWave: parameter file: temp/param/qpAdm_Gurung.Yi.Lubrak.Southeast_China.par3l0she79
### THE INPUT PARAMETERS
##PARAMETER NAME: VALUE
DIR: data/intermediate
S1: HO_all_merged.qpAdm
indivname: data/intermediate/HO_all_merged.qpAdm.grouped.ind
snpname: data/intermediate/HO_all_merged.qpAdm.snp
genotypename: data/intermediate/HO_all_merged.qpAdm.geno
popleft: temp/param/left.3l0she79
popright: temp/param/right.3l0she79
details: YES
## qpWave version: 410
packed geno read OK
end of inpack

left pops:
Gurung
Yi
Lubrak
Southeast_China

right pops:
Mbuti
Anatolia_N
Ami
Mixe
Ganj_Dareh_N
Onge
Villabruna
DevilsGate
Sherpa.LC

  0               Gurung    5
  1                   Yi    8
  2               Lubrak    2
  3      Southeast_China   97
  4                Mbuti   10
  5           Anatolia_N   25
  6                  Ami   10
  7                 Mixe   10
  8         Ganj_Dareh_N    7
  9                 Onge   12
 10           Villabruna    1
 11           DevilsGate    4
 12            Sherpa.LC    9
jackknife block size:     0.050
snps: 498990  indivs: 200
number of blocks for block jackknife: 710
dof (jackknife):   583.165
numsnps used: 305303
f4info: 
f4rank: 0 dof:     24 chisq:  2338.659 tail:                    0 dofdiff:      0 chisqdiff:     0.000 taildiff:                    1

f4info: 
f4rank: 1 dof:     14 chisq:   195.909 tail:       3.75716449e-34 dofdiff:     10 chisqdiff:  2142.750 taildiff:                    0
B:
          scale     1.000 
     Anatolia_N    -0.214 
            Ami     2.605 
           Mixe     0.188 
   Ganj_Dareh_N    -0.198 
           Onge     0.251 
     Villabruna    -0.255 
     DevilsGate     0.212 
      Sherpa.LC    -0.959 
A:
          scale  1134.954 
             Yi     0.562 
         Lubrak    -0.356 
Southeast_China     1.599 

f4info: 
f4rank: 2 dof:      6 chisq:    20.874 tail:        0.00193271896 dofdiff:      8 chisqdiff:   175.035 taildiff:       1.13431322e-33
B:
          scale     1.000     1.000 
     Anatolia_N    -0.232     0.015 
            Ami     2.368    -1.240 
           Mixe     0.719     0.573 
   Ganj_Dareh_N    -0.305    -0.035 
           Onge     0.219    -0.209 
     Villabruna    -0.092     0.120 
     DevilsGate     1.175     1.125 
      Sherpa.LC     0.540     2.193 
A:
          scale   801.793  1684.433 
             Yi     0.939     0.302 
         Lubrak     0.595     1.461 
Southeast_China     1.328    -0.880 

f4info: 
f4rank: 3 dof:      0 chisq:     0.000 tail:                    1 dofdiff:      6 chisqdiff:    20.874 taildiff:        0.00193271896
B:
          scale     1.000     1.000     1.000 
     Anatolia_N    -0.200     0.114     0.378 
            Ami     2.371    -1.095     0.739 
           Mixe     0.673     0.200    -1.558 
   Ganj_Dareh_N    -0.291     0.020     0.475 
           Onge     0.269    -0.208    -0.184 
     Villabruna    -0.022     0.667     2.126 
     DevilsGate     1.190     1.093    -0.323 
      Sherpa.LC     0.559     2.250    -0.016 
A:
          scale   785.404  1632.025  8721.529 
             Yi     0.954     0.268    -1.420 
         Lubrak     0.577     1.490     0.669 
Southeast_China     1.325    -0.842     0.731 

## end of run
