/home/cliu7/utils/AdmixTools/bin/qpWave: parameter file: temp/param/qpAdm_Gurung.Upper_YR_LN.Mebrak.Han.par1f1ymncm
### THE INPUT PARAMETERS
##PARAMETER NAME: VALUE
DIR: data/intermediate
S1: HO_all_merged.qpAdm
indivname: data/intermediate/HO_all_merged.qpAdm.grouped.ind
snpname: data/intermediate/HO_all_merged.qpAdm.snp
genotypename: data/intermediate/HO_all_merged.qpAdm.geno
popleft: temp/param/left.1f1ymncm
popright: temp/param/right.1f1ymncm
details: YES
## qpWave version: 410
packed geno read OK
end of inpack

left pops:
Gurung
Upper_YR_LN
Mebrak
Han

right pops:
Mbuti
Anatolia_N
Ami
Mixe
Ganj_Dareh_N
Onge
Villabruna
DevilsGate
Sherpa.LC

  0               Gurung    5
  1          Upper_YR_LN    7
  2               Mebrak    8
  3                  Han   33
  4                Mbuti   10
  5           Anatolia_N   25
  6                  Ami   10
  7                 Mixe   10
  8         Ganj_Dareh_N    7
  9                 Onge   12
 10           Villabruna    1
 11           DevilsGate    4
 12            Sherpa.LC    9
jackknife block size:     0.050
snps: 498990  indivs: 141
number of blocks for block jackknife: 710
dof (jackknife):   583.463
numsnps used: 418528
f4info: 
f4rank: 0 dof:     24 chisq:  2126.301 tail:                    0 dofdiff:      0 chisqdiff:     0.000 taildiff:                    1

f4info: 
f4rank: 1 dof:     14 chisq:   232.449 tail:       1.20675712e-41 dofdiff:     10 chisqdiff:  1893.852 taildiff:                    0
B:
          scale     1.000 
     Anatolia_N    -0.046 
            Ami     2.492 
           Mixe     0.796 
   Ganj_Dareh_N    -0.123 
           Onge     0.403 
     Villabruna    -0.247 
     DevilsGate     0.944 
      Sherpa.LC    -0.144 
A:
          scale  1091.905 
    Upper_YR_LN     0.526 
         Mebrak    -0.290 
            Han     1.624 

f4info: 
f4rank: 2 dof:      6 chisq:    48.656 tail:       8.73645302e-09 dofdiff:      8 chisqdiff:   183.793 taildiff:       1.64387678e-35
B:
          scale     1.000     1.000 
     Anatolia_N    -0.166    -0.252 
            Ami     1.984    -1.834 
           Mixe     0.905     0.042 
   Ganj_Dareh_N    -0.211    -0.149 
           Onge     0.249    -0.455 
     Villabruna     0.010     0.432 
     DevilsGate     1.598     0.988 
      Sherpa.LC     0.745     1.783 
A:
          scale   746.269  2347.637 
    Upper_YR_LN     1.002     0.736 
         Mebrak     0.439     1.297 
            Han     1.343    -0.881 

f4info: 
f4rank: 3 dof:      0 chisq:     0.000 tail:                    1 dofdiff:      6 chisqdiff:    48.656 taildiff:       8.73645302e-09
B:
          scale     1.000     1.000     1.000 
     Anatolia_N    -0.142    -0.204     0.546 
            Ami     1.956    -1.615    -1.096 
           Mixe     0.913     0.039     1.255 
   Ganj_Dareh_N    -0.165    -0.102     1.066 
           Onge     0.248    -0.498     1.272 
     Villabruna     0.051     0.433    -0.182 
     DevilsGate     1.644     1.081     1.032 
      Sherpa.LC     0.725     1.932    -1.037 
A:
          scale   739.697  2350.698  5808.570 
    Upper_YR_LN     1.090     0.808     1.077 
         Mebrak     0.290     1.212    -1.203 
            Han     1.315    -0.937    -0.628 

## end of run
