/home/cliu7/utils/AdmixTools/bin/qpAdm: parameter file: temp/param/qpAdm_Gurung.YR_MN.Mebrak.Pulliyar.par23xii8pr
### THE INPUT PARAMETERS
##PARAMETER NAME: VALUE
DIR: data/intermediate
S1: HO_all_merged.qpAdm
indivname: data/intermediate/HO_all_merged.qpAdm.grouped.ind
snpname: data/intermediate/HO_all_merged.qpAdm.snp
genotypename: data/intermediate/HO_all_merged.qpAdm.geno
popleft: temp/param/left.23xii8pr
popright: temp/param/right.23xii8pr
details: YES
## qpAdm version: 810
seed: -53027750
packed geno read OK
end of inpack

left pops:
Gurung
YR_MN
Mebrak
Pulliyar

right pops:
Mbuti
Anatolia_N
Ami
Mixe
Ganj_Dareh_N
Onge
Villabruna
DevilsGate
Sherpa.LC

  0               Gurung    5
  1                YR_MN    8
  2               Mebrak    8
  3             Pulliyar   35
  4                Mbuti   10
  5           Anatolia_N   25
  6                  Ami   10
  7                 Mixe   10
  8         Ganj_Dareh_N    7
  9                 Onge   12
 10           Villabruna    1
 11           DevilsGate    4
 12            Sherpa.LC    9
jackknife block size:     0.050
snps: 498990  indivs: 144
number of blocks for block jackknife: 710
## ncols: 498990
coverage:               Gurung 498036
coverage:                YR_MN 497089
coverage:               Mebrak 498978
coverage:             Pulliyar 459213
coverage:                Mbuti 498990
coverage:           Anatolia_N 498137
coverage:                  Ami 498990
coverage:                 Mixe 498990
coverage:         Ganj_Dareh_N 457128
coverage:                 Onge 498990
coverage:           Villabruna 415230
coverage:           DevilsGate 498716
coverage:            Sherpa.LC 498990
dof (jackknife):   584.964
numsnps used: 388205
codimension 1
f4info: 
f4rank: 2 dof:      6 chisq:    17.232 tail:        0.00846732693 dofdiff:      8 chisqdiff:   -17.232 taildiff:                    1
B:
          scale     1.000     1.000 
     Anatolia_N    -0.216     0.084 
            Ami     1.419     1.561 
           Mixe     0.993     0.472 
   Ganj_Dareh_N    -0.316     0.351 
           Onge     0.235     0.434 
     Villabruna    -0.094     0.105 
     DevilsGate     1.532     0.083 
      Sherpa.LC     1.564    -2.237 
A:
          scale   246.014  2956.140 
          YR_MN     0.297     1.394 
         Mebrak     0.145    -1.009 
       Pulliyar    -1.700     0.192 


full rank
f4info: 
f4rank: 3 dof:      0 chisq:     0.000 tail:                    1 dofdiff:      6 chisqdiff:    17.232 taildiff:        0.00846732693
B:
          scale     1.000     1.000     1.000 
     Anatolia_N    -0.207    -0.021     0.537 
            Ami     1.421     1.582     0.963 
           Mixe     1.000     0.339     0.676 
   Ganj_Dareh_N    -0.311     0.208     0.595 
           Onge     0.247     0.222     1.162 
     Villabruna    -0.098     0.240    -0.517 
     DevilsGate     1.527     0.280    -0.883 
      Sherpa.LC     1.563    -2.270    -1.891 
A:
          scale   243.812  2449.436  3053.802 
          YR_MN     0.253     1.671    -0.890 
         Mebrak     0.096    -0.006    -1.403 
       Pulliyar    -1.711     0.456    -0.489 


best coefficients:     0.366     0.526     0.109 
Jackknife mean:      0.365144709     0.525996421     0.108858870 
      std. errors:     0.043     0.044     0.010 

error covariance (* 1000000)
      1874      -1857        -17 
     -1857       1937        -79 
       -17        -79         96 


summ: Gurung    3      0.008467     0.365     0.526     0.109  1874 -1857   -17  1937   -79    96 

    fixed pat  wt  dof     chisq       tail prob
          000  0     6    17.232      0.00846733     0.366     0.526     0.109 
          001  1     7   258.501               0    -2.636     3.636    -0.000  infeasible
          010  1     7   103.107     2.45892e-19     0.872    -0.000     0.128 
          100  1     7    78.366     2.96489e-14     0.000     0.893     0.107 
          011  2     8   208.574               0     1.000    -0.000    -0.000 
          101  2     8   159.769     1.78774e-30     0.000     1.000    -0.000 
          110  2     8  3763.374               0     0.000    -0.000     1.000 
best pat:          000       0.00846733              -  -
best pat:          100      2.96489e-14  chi(nested):    61.134 p-value for nested model:     5.33107e-15
best pat:          101      1.78774e-30  chi(nested):    81.402 p-value for nested model:     1.84134e-19

coeffs:     0.366     0.526     0.109 

## dscore:: f_4(Base, Fit, Rbase, right2)
## genstat:: f_4(Base, Fit, right1, right2)

details:           YR_MN      Anatolia_N    -0.000360   -1.788613
details:          Mebrak      Anatolia_N    -0.000328   -1.794607
details:        Pulliyar      Anatolia_N     0.001313    5.961734
dscore:      Anatolia_N f4:    -0.000161 Z:    -1.091055

details:           YR_MN             Ami     0.002284    9.769870
details:          Mebrak             Ami     0.000099    0.461239
details:        Pulliyar             Ami    -0.009926  -37.680374
dscore:             Ami f4:    -0.000194 Z:    -1.071212

details:           YR_MN            Mixe     0.001094    4.388800
details:          Mebrak            Mixe     0.000065    0.281037
details:        Pulliyar            Mixe    -0.007132  -26.411226
dscore:            Mixe f4:    -0.000342 Z:    -1.818122

details:           YR_MN    Ganj_Dareh_N    -0.000326   -1.299223
details:          Mebrak    Ganj_Dareh_N    -0.000400   -1.942113
details:        Pulliyar    Ganj_Dareh_N     0.002095    8.476553
dscore:    Ganj_Dareh_N f4:    -0.000102 Z:    -0.580818

details:           YR_MN            Onge     0.000104    0.444315
details:          Mebrak            Onge    -0.000459   -2.218926
details:        Pulliyar            Onge    -0.001940   -8.023168
dscore:            Onge f4:    -0.000415 Z:    -2.426729

details:           YR_MN      Villabruna     0.000273    0.858981
details:          Mebrak      Villabruna     0.000194    0.701880
details:        Pulliyar      Villabruna     0.000814    2.514306
dscore:      Villabruna f4:     0.000290 Z:     1.260809

details:           YR_MN      DevilsGate     0.002083    7.416830
details:          Mebrak      DevilsGate     0.001011    3.906976
details:        Pulliyar      DevilsGate    -0.010609  -36.410022
dscore:      DevilsGate f4:     0.000138 Z:     0.647509

details:           YR_MN       Sherpa.LC     0.000636    2.802965
details:          Mebrak       Sherpa.LC     0.001478    6.997805
details:        Pulliyar       Sherpa.LC    -0.011176  -44.748981
dscore:       Sherpa.LC f4:    -0.000207 Z:    -1.204166

gendstat:                Mbuti           Anatolia_N    -1.091
gendstat:                Mbuti                  Ami    -1.071
gendstat:                Mbuti                 Mixe    -1.818
gendstat:                Mbuti         Ganj_Dareh_N    -0.581
gendstat:                Mbuti                 Onge    -2.427
gendstat:                Mbuti           Villabruna     1.261
gendstat:                Mbuti           DevilsGate     0.648
gendstat:                Mbuti            Sherpa.LC    -1.204
gendstat:           Anatolia_N                  Ami    -0.199
gendstat:           Anatolia_N                 Mixe    -1.029
gendstat:           Anatolia_N         Ganj_Dareh_N     0.384
gendstat:           Anatolia_N                 Onge    -1.501
gendstat:           Anatolia_N           Villabruna     2.236
gendstat:           Anatolia_N           DevilsGate     1.469
gendstat:           Anatolia_N            Sherpa.LC    -0.279
gendstat:                  Ami                 Mixe    -0.874
gendstat:                  Ami         Ganj_Dareh_N     0.472
gendstat:                  Ami                 Onge    -1.299
gendstat:                  Ami           Villabruna     2.025
gendstat:                  Ami           DevilsGate     1.877
gendstat:                  Ami            Sherpa.LC    -0.105
gendstat:                 Mixe         Ganj_Dareh_N     1.146
gendstat:                 Mixe                 Onge    -0.376
gendstat:                 Mixe           Villabruna     2.568
gendstat:                 Mixe           DevilsGate     2.312
gendstat:                 Mixe            Sherpa.LC     0.820
gendstat:         Ganj_Dareh_N                 Onge    -1.619
gendstat:         Ganj_Dareh_N           Villabruna     1.655
gendstat:         Ganj_Dareh_N           DevilsGate     1.072
gendstat:         Ganj_Dareh_N            Sherpa.LC    -0.563
gendstat:                 Onge           Villabruna     2.966
gendstat:                 Onge           DevilsGate     2.588
gendstat:                 Onge            Sherpa.LC     1.240
gendstat:           Villabruna           DevilsGate    -0.583
gendstat:           Villabruna            Sherpa.LC    -2.099
gendstat:           DevilsGate            Sherpa.LC    -2.001

## end of run
