/home/cliu7/utils/AdmixTools/bin/qpAdm: parameter file: temp/param/qpAdm_Gurung.YR_MN.Lubrak.Pathan.par46azeg8f
### THE INPUT PARAMETERS
##PARAMETER NAME: VALUE
DIR: data/intermediate
S1: HO_all_merged.qpAdm
indivname: data/intermediate/HO_all_merged.qpAdm.grouped.ind
snpname: data/intermediate/HO_all_merged.qpAdm.snp
genotypename: data/intermediate/HO_all_merged.qpAdm.geno
popleft: temp/param/left.46azeg8f
popright: temp/param/right.46azeg8f
details: YES
## qpAdm version: 810
seed: -56363781
packed geno read OK
end of inpack

left pops:
Gurung
YR_MN
Lubrak
Pathan

right pops:
Mbuti
Anatolia_N
Ami
Mixe
Ganj_Dareh_N
Onge
Villabruna
DevilsGate
Sherpa.LC

  0               Gurung    5
  1                YR_MN    8
  2               Lubrak    2
  3               Pathan   18
  4                Mbuti   10
  5           Anatolia_N   25
  6                  Ami   10
  7                 Mixe   10
  8         Ganj_Dareh_N    7
  9                 Onge   12
 10           Villabruna    1
 11           DevilsGate    4
 12            Sherpa.LC    9
jackknife block size:     0.050
snps: 498990  indivs: 121
number of blocks for block jackknife: 710
## ncols: 498990
coverage:               Gurung 498036
coverage:                YR_MN 497089
coverage:               Lubrak 327444
coverage:               Pathan 498990
coverage:                Mbuti 498990
coverage:           Anatolia_N 498137
coverage:                  Ami 498990
coverage:                 Mixe 498990
coverage:         Ganj_Dareh_N 457128
coverage:                 Onge 498990
coverage:           Villabruna 415230
coverage:           DevilsGate 498716
coverage:            Sherpa.LC 498990
dof (jackknife):   583.128
numsnps used: 303933
codimension 1
f4info: 
f4rank: 2 dof:      6 chisq:    31.888 tail:        1.7145322e-05 dofdiff:      8 chisqdiff:   -31.888 taildiff:                    1
B:
          scale     1.000     1.000 
     Anatolia_N    -0.612    -0.058 
            Ami     1.387    -1.560 
           Mixe     0.800    -0.666 
   Ganj_Dareh_N    -0.613    -0.187 
           Onge     0.588     0.252 
     Villabruna    -0.458     0.134 
     DevilsGate     1.426    -0.130 
      Sherpa.LC     1.448     2.233 
A:
          scale   189.236  2820.335 
          YR_MN     0.186    -1.214 
         Lubrak     0.142     1.194 
         Pathan    -1.716    -0.316 


full rank
f4info: 
f4rank: 3 dof:      0 chisq:     0.000 tail:                    1 dofdiff:      6 chisqdiff:    31.888 taildiff:        1.7145322e-05
B:
          scale     1.000     1.000     1.000 
     Anatolia_N    -0.612     0.323     0.473 
            Ami     1.386    -1.595     1.204 
           Mixe     0.796    -0.641     0.296 
   Ganj_Dareh_N    -0.617     0.202     0.497 
           Onge     0.583    -0.438    -1.010 
     Villabruna    -0.454     0.734     0.787 
     DevilsGate     1.430     0.066     0.424 
      Sherpa.LC     1.448     2.041    -2.043 
A:
          scale   190.333  2070.648  2154.902 
          YR_MN     0.228     0.207     1.341 
         Lubrak     0.197     1.692     0.908 
         Pathan    -1.706     0.309     0.614 


best coefficients:     0.441     0.472     0.087 
Jackknife mean:      0.443061969     0.470012550     0.086925481 
      std. errors:     0.058     0.058     0.008 

error covariance (* 1000000)
      3377      -3361        -16 
     -3361       3414        -53 
       -16        -53         69 


summ: Gurung    3      0.000017     0.443     0.470     0.087  3377 -3361   -16  3414   -53    69 

    fixed pat  wt  dof     chisq       tail prob
          000  0     6    31.888     1.71453e-05     0.441     0.472     0.087 
          001  1     7   203.888               0   -17.974    18.974    -0.000  infeasible
          010  1     7    96.915     4.67166e-18     0.910    -0.000     0.090 
          100  1     7    71.577     7.08769e-13     0.000     0.916     0.084 
          011  2     8   190.831               0     1.000     0.000    -0.000 
          101  2     8   124.523     3.85344e-23     0.000     1.000    -0.000 
          110  2     8  6433.826               0     0.000    -0.000     1.000 
best pat:          000      1.71453e-05              -  -
best pat:          100      7.08769e-13  chi(nested):    39.689 p-value for nested model:     2.97735e-10
best pat:          101      3.85344e-23  chi(nested):    52.945 p-value for nested model:     3.42961e-13

coeffs:     0.441     0.472     0.087 

## dscore:: f_4(Base, Fit, Rbase, right2)
## genstat:: f_4(Base, Fit, right1, right2)

details:           YR_MN      Anatolia_N    -0.000379   -1.789890
details:          Lubrak      Anatolia_N    -0.000011   -0.041520
details:          Pathan      Anatolia_N     0.005683   26.481516
dscore:      Anatolia_N f4:     0.000321 Z:     1.807520

details:           YR_MN             Ami     0.002277    9.360962
details:          Lubrak             Ami     0.000790    2.540971
details:          Pathan             Ami    -0.012367  -47.644857
dscore:             Ami f4:     0.000304 Z:     1.432123

details:           YR_MN            Mixe     0.001143    4.407287
details:          Lubrak            Mixe     0.000551    1.678045
details:          Pathan            Mixe    -0.007131  -24.923343
dscore:            Mixe f4:     0.000145 Z:     0.661251

details:           YR_MN    Ganj_Dareh_N    -0.000350   -1.308870
details:          Lubrak    Ganj_Dareh_N    -0.000156   -0.474355
details:          Pathan    Ganj_Dareh_N     0.005749   22.567472
dscore:    Ganj_Dareh_N f4:     0.000271 Z:     1.255976

details:           YR_MN            Onge     0.000084    0.336503
details:          Lubrak            Onge     0.000001    0.003812
details:          Pathan            Onge    -0.005556  -22.999326
dscore:            Onge f4:    -0.000445 Z:    -2.153249

details:           YR_MN      Villabruna     0.000157    0.456046
details:          Lubrak      Villabruna     0.000755    1.731022
details:          Pathan      Villabruna     0.004484   13.670014
dscore:      Villabruna f4:     0.000815 Z:     2.777415

details:           YR_MN      DevilsGate     0.002049    6.872198
details:          Lubrak      DevilsGate     0.001835    5.001557
details:          Pathan      DevilsGate    -0.012694  -42.639292
dscore:      DevilsGate f4:     0.000667 Z:     2.729175

details:           YR_MN       Sherpa.LC     0.000692    2.916768
details:          Lubrak       Sherpa.LC     0.002457    7.766493
details:          Pathan       Sherpa.LC    -0.013295  -53.212870
dscore:       Sherpa.LC f4:     0.000310 Z:     1.510264

gendstat:                Mbuti           Anatolia_N     1.808
gendstat:                Mbuti                  Ami     1.432
gendstat:                Mbuti                 Mixe     0.661
gendstat:                Mbuti         Ganj_Dareh_N     1.256
gendstat:                Mbuti                 Onge    -2.153
gendstat:                Mbuti           Villabruna     2.777
gendstat:                Mbuti           DevilsGate     2.729
gendstat:                Mbuti            Sherpa.LC     1.510
gendstat:           Anatolia_N                  Ami    -0.089
gendstat:           Anatolia_N                 Mixe    -0.865
gendstat:           Anatolia_N         Ganj_Dareh_N    -0.272
gendstat:           Anatolia_N                 Onge    -3.817
gendstat:           Anatolia_N           Villabruna     1.985
gendstat:           Anatolia_N           DevilsGate     1.431
gendstat:           Anatolia_N            Sherpa.LC    -0.055
gendstat:                  Ami                 Mixe    -0.857
gendstat:                  Ami         Ganj_Dareh_N    -0.140
gendstat:                  Ami                 Onge    -3.798
gendstat:                  Ami           Villabruna     1.804
gendstat:                  Ami           DevilsGate     1.754
gendstat:                  Ami            Sherpa.LC     0.041
gendstat:                 Mixe         Ganj_Dareh_N     0.514
gendstat:                 Mixe                 Onge    -2.665
gendstat:                 Mixe           Villabruna     2.272
gendstat:                 Mixe           DevilsGate     2.237
gendstat:                 Mixe            Sherpa.LC     0.841
gendstat:         Ganj_Dareh_N                 Onge    -3.165
gendstat:         Ganj_Dareh_N           Villabruna     1.858
gendstat:         Ganj_Dareh_N           DevilsGate     1.451
gendstat:         Ganj_Dareh_N            Sherpa.LC     0.168
gendstat:                 Onge           Villabruna     4.269
gendstat:                 Onge           DevilsGate     4.424
gendstat:                 Onge            Sherpa.LC     3.803
gendstat:           Villabruna           DevilsGate    -0.464
gendstat:           Villabruna            Sherpa.LC    -1.750
gendstat:           DevilsGate            Sherpa.LC    -1.717

## end of run
