/home/cliu7/utils/AdmixTools/bin/qpAdm: parameter file: temp/param/qpAdm_Gurung.YR_MN.Mebrak.Pathan.parj82mea07
### THE INPUT PARAMETERS
##PARAMETER NAME: VALUE
DIR: data/intermediate
S1: HO_all_merged.qpAdm
indivname: data/intermediate/HO_all_merged.qpAdm.grouped.ind
snpname: data/intermediate/HO_all_merged.qpAdm.snp
genotypename: data/intermediate/HO_all_merged.qpAdm.geno
popleft: temp/param/left.j82mea07
popright: temp/param/right.j82mea07
details: YES
## qpAdm version: 810
seed: -1127910831
packed geno read OK
end of inpack

left pops:
Gurung
YR_MN
Mebrak
Pathan

right pops:
Mbuti
Anatolia_N
Ami
Mixe
Ganj_Dareh_N
Onge
Villabruna
DevilsGate
Sherpa.LC

  0               Gurung    5
  1                YR_MN    8
  2               Mebrak    8
  3               Pathan   18
  4                Mbuti   10
  5           Anatolia_N   25
  6                  Ami   10
  7                 Mixe   10
  8         Ganj_Dareh_N    7
  9                 Onge   12
 10           Villabruna    1
 11           DevilsGate    4
 12            Sherpa.LC    9
jackknife block size:     0.050
snps: 498990  indivs: 127
number of blocks for block jackknife: 710
## ncols: 498990
coverage:               Gurung 498036
coverage:                YR_MN 497089
coverage:               Mebrak 498978
coverage:               Pathan 498990
coverage:                Mbuti 498990
coverage:           Anatolia_N 498137
coverage:                  Ami 498990
coverage:                 Mixe 498990
coverage:         Ganj_Dareh_N 457128
coverage:                 Onge 498990
coverage:           Villabruna 415230
coverage:           DevilsGate 498716
coverage:            Sherpa.LC 498990
dof (jackknife):   583.384
numsnps used: 414522
codimension 1
f4info: 
f4rank: 2 dof:      6 chisq:    37.807 tail:       1.22538946e-06 dofdiff:      8 chisqdiff:   -37.807 taildiff:                    1
B:
          scale     1.000     1.000 
     Anatolia_N    -0.623     0.352 
            Ami     1.373     1.609 
           Mixe     0.787     0.608 
   Ganj_Dareh_N    -0.629     0.455 
           Onge     0.569     0.133 
     Villabruna    -0.463     0.117 
     DevilsGate     1.430     0.018 
      Sherpa.LC     1.459    -2.163 
A:
          scale   186.953  3055.524 
          YR_MN     0.190     1.345 
         Mebrak     0.079    -1.086 
         Pathan    -1.720     0.111 


full rank
f4info: 
f4rank: 3 dof:      0 chisq:     0.000 tail:                    1 dofdiff:      6 chisqdiff:    37.807 taildiff:       1.22538946e-06
B:
          scale     1.000     1.000     1.000 
     Anatolia_N    -0.627     0.313     0.210 
            Ami     1.378     1.606     1.446 
           Mixe     0.789     0.305     0.517 
   Ganj_Dareh_N    -0.632     0.273     0.306 
           Onge     0.583    -0.854     0.653 
     Villabruna    -0.470     0.660    -0.317 
     DevilsGate     1.424     0.577    -0.287 
      Sherpa.LC     1.448    -1.913    -2.213 
A:
          scale   187.659  2301.816  2497.024 
          YR_MN     0.187     1.500    -0.390 
         Mebrak     0.079     0.727    -1.661 
         Pathan    -1.720     0.470    -0.297 


best coefficients:     0.413     0.518     0.069 
Jackknife mean:      0.412260210     0.518281607     0.069458183 
      std. errors:     0.048     0.049     0.007 

error covariance (* 1000000)
      2312      -2351         39 
     -2351       2440        -88 
        39        -88         49 


summ: Gurung    3      0.000001     0.412     0.518     0.069  2312 -2351    39  2440   -88    49 

    fixed pat  wt  dof     chisq       tail prob
          000  0     6    37.807     1.22539e-06     0.413     0.518     0.069 
          001  1     7   276.356               0    -2.358     3.358    -0.000  infeasible
          010  1     7   111.999     3.53174e-21     0.913    -0.000     0.087 
          100  1     7   102.777     2.87803e-19    -0.000     0.937     0.063 
          011  2     8   210.631               0     1.000    -0.000    -0.000 
          101  2     8   162.751               0     0.000     1.000    -0.000 
          110  2     8  6662.503               0     0.000    -0.000     1.000 
best pat:          000      1.22539e-06              -  -
best pat:          100      2.87803e-19  chi(nested):    64.970 p-value for nested model:     7.60446e-16
best pat:          101      4.25165e-31  chi(nested):    59.974 p-value for nested model:     9.61249e-15

coeffs:     0.413     0.518     0.069 

## dscore:: f_4(Base, Fit, Rbase, right2)
## genstat:: f_4(Base, Fit, right1, right2)

details:           YR_MN      Anatolia_N    -0.000334   -1.669656
details:          Mebrak      Anatolia_N    -0.000281   -1.539669
details:          Pathan      Anatolia_N     0.005811   28.017579
dscore:      Anatolia_N f4:     0.000120 Z:     0.801093

details:           YR_MN             Ami     0.002296    9.921587
details:          Mebrak             Ami     0.000141    0.664792
details:          Pathan             Ami    -0.012559  -49.082009
dscore:             Ami f4:     0.000148 Z:     0.814596

details:           YR_MN            Mixe     0.001055    4.303225
details:          Mebrak            Mixe     0.000109    0.478142
details:          Pathan            Mixe    -0.007235  -25.866818
dscore:            Mixe f4:    -0.000011 Z:    -0.057081

details:           YR_MN    Ganj_Dareh_N    -0.000342   -1.377400
details:          Mebrak    Ganj_Dareh_N    -0.000343   -1.676348
details:          Pathan    Ganj_Dareh_N     0.005859   23.836177
dscore:    Ganj_Dareh_N f4:     0.000088 Z:     0.495661

details:           YR_MN            Onge     0.000062    0.268757
details:          Mebrak            Onge    -0.000433   -2.141189
details:          Pathan            Onge    -0.005634  -23.699136
dscore:            Onge f4:    -0.000590 Z:    -3.467417

details:           YR_MN      Villabruna     0.000266    0.837743
details:          Mebrak      Villabruna     0.000294    1.071522
details:          Pathan      Villabruna     0.004570   14.680097
dscore:      Villabruna f4:     0.000579 Z:     2.475305

details:           YR_MN      DevilsGate     0.002000    7.209385
details:          Mebrak      DevilsGate     0.001002    3.917926
details:          Pathan      DevilsGate    -0.012954  -44.036722
dscore:      DevilsGate f4:     0.000444 Z:     2.079192

details:           YR_MN       Sherpa.LC     0.000648    2.876427
details:          Mebrak       Sherpa.LC     0.001501    7.169057
details:          Pathan       Sherpa.LC    -0.013472  -54.642284
dscore:       Sherpa.LC f4:     0.000110 Z:     0.631343

gendstat:                Mbuti           Anatolia_N     0.801
gendstat:                Mbuti                  Ami     0.815
gendstat:                Mbuti                 Mixe    -0.057
gendstat:                Mbuti         Ganj_Dareh_N     0.496
gendstat:                Mbuti                 Onge    -3.467
gendstat:                Mbuti           Villabruna     2.475
gendstat:                Mbuti           DevilsGate     2.079
gendstat:                Mbuti            Sherpa.LC     0.631
gendstat:           Anatolia_N                  Ami     0.171
gendstat:           Anatolia_N                 Mixe    -0.742
gendstat:           Anatolia_N         Ganj_Dareh_N    -0.203
gendstat:           Anatolia_N                 Onge    -4.222
gendstat:           Anatolia_N           Villabruna     2.259
gendstat:           Anatolia_N           DevilsGate     1.587
gendstat:           Anatolia_N            Sherpa.LC    -0.064
gendstat:                  Ami                 Mixe    -0.932
gendstat:                  Ami         Ganj_Dareh_N    -0.306
gendstat:                  Ami                 Onge    -4.340
gendstat:                  Ami           Villabruna     1.805
gendstat:                  Ami           DevilsGate     1.675
gendstat:                  Ami            Sherpa.LC    -0.299
gendstat:                 Mixe         Ganj_Dareh_N     0.471
gendstat:                 Mixe                 Onge    -3.017
gendstat:                 Mixe           Villabruna     2.405
gendstat:                 Mixe           DevilsGate     2.174
gendstat:                 Mixe            Sherpa.LC     0.725
gendstat:         Ganj_Dareh_N                 Onge    -3.519
gendstat:         Ganj_Dareh_N           Villabruna     2.067
gendstat:         Ganj_Dareh_N           DevilsGate     1.583
gendstat:         Ganj_Dareh_N            Sherpa.LC     0.113
gendstat:                 Onge           Villabruna     4.898
gendstat:                 Onge           DevilsGate     4.800
gendstat:                 Onge            Sherpa.LC     4.179
gendstat:           Villabruna           DevilsGate    -0.519
gendstat:           Villabruna            Sherpa.LC    -1.977
gendstat:           DevilsGate            Sherpa.LC    -1.926

## end of run
