/home/cliu7/utils/AdmixTools/bin/qpAdm: parameter file: temp/param/qpAdm_Gurung.Naxi.Kyang.Han.parboh0qo7v
### THE INPUT PARAMETERS
##PARAMETER NAME: VALUE
DIR: data/intermediate
S1: HO_all_merged.qpAdm
indivname: data/intermediate/HO_all_merged.qpAdm.grouped.ind
snpname: data/intermediate/HO_all_merged.qpAdm.snp
genotypename: data/intermediate/HO_all_merged.qpAdm.geno
popleft: temp/param/left.boh0qo7v
popright: temp/param/right.boh0qo7v
details: YES
## qpAdm version: 810
seed: -292882381
packed geno read OK
end of inpack

left pops:
Gurung
Naxi
Kyang
Han

right pops:
Mbuti
Anatolia_N
Ami
Mixe
Ganj_Dareh_N
Onge
Villabruna
DevilsGate
Sherpa.LC

  0               Gurung    5
  1                 Naxi    9
  2                Kyang    7
  3                  Han   33
  4                Mbuti   10
  5           Anatolia_N   25
  6                  Ami   10
  7                 Mixe   10
  8         Ganj_Dareh_N    7
  9                 Onge   12
 10           Villabruna    1
 11           DevilsGate    4
 12            Sherpa.LC    9
jackknife block size:     0.050
snps: 498990  indivs: 142
number of blocks for block jackknife: 710
## ncols: 498990
coverage:               Gurung 498036
coverage:                 Naxi 498990
coverage:                Kyang 498984
coverage:                  Han 498990
coverage:                Mbuti 498990
coverage:           Anatolia_N 498137
coverage:                  Ami 498990
coverage:                 Mixe 498990
coverage:         Ganj_Dareh_N 457128
coverage:                 Onge 498990
coverage:           Villabruna 415230
coverage:           DevilsGate 498716
coverage:            Sherpa.LC 498990
dof (jackknife):   583.483
numsnps used: 419809
codimension 1
f4info: 
f4rank: 2 dof:      6 chisq:     9.443 tail:          0.150158768 dofdiff:      8 chisqdiff:    -9.443 taildiff:                    1
B:
          scale     1.000     1.000 
     Anatolia_N    -0.161    -0.165 
            Ami     2.213    -1.356 
           Mixe     0.826    -0.081 
   Ganj_Dareh_N    -0.281    -0.676 
           Onge     0.244    -0.218 
     Villabruna    -0.017     0.458 
     DevilsGate     1.391     0.576 
      Sherpa.LC     0.564     2.254 
A:
          scale   801.069  2518.540 
           Naxi     0.919     0.399 
          Kyang     0.333     1.618 
            Han     1.430    -0.471 


full rank
f4info: 
f4rank: 3 dof:      0 chisq:     0.000 tail:                    1 dofdiff:      6 chisqdiff:     9.443 taildiff:          0.150158768
B:
          scale     1.000     1.000     1.000 
     Anatolia_N    -0.163    -0.158     0.382 
            Ami     2.188    -1.187     2.199 
           Mixe     0.847    -0.003    -0.944 
   Ganj_Dareh_N    -0.270    -0.685    -0.397 
           Onge     0.292    -0.121    -1.175 
     Villabruna    -0.014     0.477     0.645 
     DevilsGate     1.404     0.675    -0.273 
      Sherpa.LC     0.583     2.324    -0.309 
A:
          scale   801.589  2449.114 14785.065 
           Naxi     0.963     0.352    -0.771 
          Kyang     0.243     1.638     1.335 
            Han     1.419    -0.440     0.788 


best coefficients:    21.807    -8.859   -11.948 
Jackknife mean:    -19.405673207     9.324387691    11.081285516 
      std. errors:    29.519    13.025    16.505 

error covariance (* 1000000)
 871392922 -384306393 -487086528 
-384306393  169642288  214664105 
-487086528  214664105  272422423 


summ: Gurung    3      0.150159   -19.406     9.324    11.081 871392922 -384306393 -487086528 169642288 214664105 272422423 

    fixed pat  wt  dof     chisq       tail prob
          000  0     6     9.443        0.150159    21.807    -8.859   -11.948  infeasible
          001  1     7   158.780               0     0.344     0.656    -0.000 
          010  1     7    77.332     4.81414e-14     1.939    -0.000    -0.939  infeasible
          100  1     7   143.757     8.29241e-28    -0.000     0.803     0.197 
          011  2     8   317.207               0     1.000    -0.000     0.000 
          101  2     8   189.915               0     0.000     1.000     0.000 
          110  2     8  1231.266               0     0.000    -0.000     1.000 
best pat:          000         0.150159              -  -
best pat:          100      8.29241e-28  chi(nested):   134.314 p-value for nested model:     4.66455e-31
best pat:          101      8.48462e-37  chi(nested):    46.159 p-value for nested model:     1.09059e-11

coeffs:    21.807    -8.859   -11.948 

## dscore:: f_4(Base, Fit, Rbase, right2)
## genstat:: f_4(Base, Fit, right1, right2)

details:            Naxi      Anatolia_N    -0.000220   -1.504636
details:           Kyang      Anatolia_N    -0.000103   -0.609463
details:             Han      Anatolia_N    -0.000230   -1.740196
dscore:      Anatolia_N f4:    -0.001144 Z:    -0.498244

details:            Naxi             Ami     0.002382   13.935434
details:           Kyang             Ami     0.000101    0.509416
details:             Han             Ami     0.004241   26.062876
dscore:             Ami f4:     0.000377 Z:     0.141881

details:            Naxi            Mixe     0.001098    6.216952
details:           Kyang            Mixe     0.000198    0.896553
details:             Han            Mixe     0.001479    8.511846
dscore:            Mixe f4:     0.004523 Z:     1.551809

details:            Naxi    Ganj_Dareh_N    -0.000391   -2.216313
details:           Kyang    Ganj_Dareh_N    -0.000565   -2.808388
details:             Han    Ganj_Dareh_N    -0.000368   -2.287714
dscore:    Ganj_Dareh_N f4:     0.000870 Z:     0.319544

details:            Naxi            Onge     0.000427    2.518513
details:           Kyang            Onge    -0.000075   -0.376962
details:             Han            Onge     0.000501    3.197871
dscore:            Onge f4:     0.003990 Z:     1.428289

details:            Naxi      Villabruna     0.000035    0.153569
details:           Kyang      Villabruna     0.000409    1.516285
details:             Han      Villabruna    -0.000054   -0.251919
dscore:      Villabruna f4:    -0.002215 Z:    -0.631569

details:            Naxi      DevilsGate     0.001848    8.952358
details:           Kyang      DevilsGate     0.000895    3.714984
details:             Han      DevilsGate     0.002394   12.669428
dscore:      DevilsGate f4:     0.003765 Z:     1.218093

details:            Naxi       Sherpa.LC     0.001087    6.405363
details:           Kyang       Sherpa.LC     0.001737    8.585077
details:             Han       Sherpa.LC     0.000629    3.932711
dscore:       Sherpa.LC f4:     0.000794 Z:     0.302456

gendstat:                Mbuti           Anatolia_N    -0.498
gendstat:                Mbuti                  Ami     0.142
gendstat:                Mbuti                 Mixe     1.552
gendstat:                Mbuti         Ganj_Dareh_N     0.320
gendstat:                Mbuti                 Onge     1.428
gendstat:                Mbuti           Villabruna    -0.632
gendstat:                Mbuti           DevilsGate     1.218
gendstat:                Mbuti            Sherpa.LC     0.302
gendstat:           Anatolia_N                  Ami     0.565
gendstat:           Anatolia_N                 Mixe     2.074
gendstat:           Anatolia_N         Ganj_Dareh_N     0.885
gendstat:           Anatolia_N                 Onge     1.956
gendstat:           Anatolia_N           Villabruna    -0.354
gendstat:           Anatolia_N           DevilsGate     1.643
gendstat:           Anatolia_N            Sherpa.LC     0.766
gendstat:                  Ami                 Mixe     1.613
gendstat:                  Ami         Ganj_Dareh_N     0.166
gendstat:                  Ami                 Onge     1.343
gendstat:                  Ami           Villabruna    -0.687
gendstat:                  Ami           DevilsGate     1.249
gendstat:                  Ami            Sherpa.LC     0.197
gendstat:                 Mixe         Ganj_Dareh_N    -1.156
gendstat:                 Mixe                 Onge    -0.177
gendstat:                 Mixe           Villabruna    -1.817
gendstat:                 Mixe           DevilsGate    -0.264
gendstat:                 Mixe            Sherpa.LC    -1.465
gendstat:         Ganj_Dareh_N                 Onge     1.062
gendstat:         Ganj_Dareh_N           Villabruna    -0.857
gendstat:         Ganj_Dareh_N           DevilsGate     0.857
gendstat:         Ganj_Dareh_N            Sherpa.LC    -0.026
gendstat:                 Onge           Villabruna    -1.645
gendstat:                 Onge           DevilsGate    -0.071
gendstat:                 Onge            Sherpa.LC    -1.203
gendstat:           Villabruna           DevilsGate     1.506
gendstat:           Villabruna            Sherpa.LC     0.833
gendstat:           DevilsGate            Sherpa.LC    -1.146

## end of run
