/home/cliu7/utils/AdmixTools/bin/qpWave: parameter file: temp/param/qpAdm_Gurung.Naga.UpperMustang.LC.Pulliyar.pard96h8g0y
### THE INPUT PARAMETERS
##PARAMETER NAME: VALUE
DIR: data/intermediate
S1: HO_all_merged.qpAdm
indivname: data/intermediate/HO_all_merged.qpAdm.grouped.ind
snpname: data/intermediate/HO_all_merged.qpAdm.snp
genotypename: data/intermediate/HO_all_merged.qpAdm.geno
popleft: temp/param/left.d96h8g0y
popright: temp/param/right.d96h8g0y
details: YES
## qpWave version: 410
packed geno read OK
end of inpack

left pops:
Gurung
Naga
UpperMustang.LC
Pulliyar

right pops:
Mbuti
Anatolia_N
Ami
Mixe
Ganj_Dareh_N
Onge
Villabruna
DevilsGate
Sherpa.LC

  0               Gurung    5
  1                 Naga    6
  2      UpperMustang.LC   11
  3             Pulliyar   35
  4                Mbuti   10
  5           Anatolia_N   25
  6                  Ami   10
  7                 Mixe   10
  8         Ganj_Dareh_N    7
  9                 Onge   12
 10           Villabruna    1
 11           DevilsGate    4
 12            Sherpa.LC    9
jackknife block size:     0.050
snps: 498990  indivs: 145
number of blocks for block jackknife: 710
dof (jackknife):   584.953
numsnps used: 389045
f4info: 
f4rank: 0 dof:     24 chisq:  5911.450 tail:                    0 dofdiff:      0 chisqdiff:     0.000 taildiff:                    1

f4info: 
f4rank: 1 dof:     14 chisq:   165.121 tail:       6.60676446e-28 dofdiff:     10 chisqdiff:  5746.329 taildiff:                    0
B:
          scale     1.000 
     Anatolia_N    -0.214 
            Ami     1.378 
           Mixe     1.001 
   Ganj_Dareh_N    -0.360 
           Onge     0.261 
     Villabruna    -0.133 
     DevilsGate     1.498 
      Sherpa.LC     1.611 
A:
          scale   246.366 
           Naga     0.271 
UpperMustang.LC     0.197 
       Pulliyar    -1.699 

f4info: 
f4rank: 2 dof:      6 chisq:     5.745 tail:           0.45233416 dofdiff:      8 chisqdiff:   159.376 taildiff:       2.15958979e-30
B:
          scale     1.000     1.000 
     Anatolia_N    -0.201     0.064 
            Ami     1.411     1.294 
           Mixe     1.005     0.656 
   Ganj_Dareh_N    -0.327     0.563 
           Onge     0.271     0.947 
     Villabruna    -0.093    -0.167 
     DevilsGate     1.512     0.537 
      Sherpa.LC     1.576    -2.088 
A:
          scale   242.517  5044.625 
           Naga     0.298     0.775 
UpperMustang.LC     0.146    -1.542 
       Pulliyar    -1.700     0.146 

f4info: 
f4rank: 3 dof:      0 chisq:     0.000 tail:                    1 dofdiff:      6 chisqdiff:     5.745 taildiff:           0.45233416
B:
          scale     1.000     1.000     1.000 
     Anatolia_N    -0.190     0.173     0.634 
            Ami     1.408     1.241    -0.460 
           Mixe     1.010     0.697     0.209 
   Ganj_Dareh_N    -0.307     0.926     1.610 
           Onge     0.273     0.987     0.249 
     Villabruna    -0.107    -0.563    -1.732 
     DevilsGate     1.508     0.375    -0.651 
      Sherpa.LC     1.583    -1.913     1.125 
A:
          scale   241.384  4919.626  9022.584 
           Naga     0.284     0.460    -1.645 
UpperMustang.LC     0.137    -1.669    -0.443 
       Pulliyar    -1.703    -0.058    -0.310 

## end of run
