/home/cliu7/utils/AdmixTools/bin/qpWave: parameter file: temp/param/qpAdm_Gurung.YR_MN.Rhirhi.Southeast_China.parz84jub2r
### THE INPUT PARAMETERS
##PARAMETER NAME: VALUE
DIR: data/intermediate
S1: HO_all_merged.qpAdm
indivname: data/intermediate/HO_all_merged.qpAdm.grouped.ind
snpname: data/intermediate/HO_all_merged.qpAdm.snp
genotypename: data/intermediate/HO_all_merged.qpAdm.geno
popleft: temp/param/left.z84jub2r
popright: temp/param/right.z84jub2r
details: YES
## qpWave version: 410
packed geno read OK
end of inpack

left pops:
Gurung
YR_MN
Rhirhi
Southeast_China

right pops:
Mbuti
Anatolia_N
Ami
Mixe
Ganj_Dareh_N
Onge
Villabruna
DevilsGate
Sherpa.LC

  0               Gurung    5
  1                YR_MN    8
  2               Rhirhi    4
  3      Southeast_China   97
  4                Mbuti   10
  5           Anatolia_N   25
  6                  Ami   10
  7                 Mixe   10
  8         Ganj_Dareh_N    7
  9                 Onge   12
 10           Villabruna    1
 11           DevilsGate    4
 12            Sherpa.LC    9
jackknife block size:     0.050
snps: 498990  indivs: 202
number of blocks for block jackknife: 710
dof (jackknife):   583.626
numsnps used: 413921
f4info: 
f4rank: 0 dof:     24 chisq:  2387.539 tail:                    0 dofdiff:      0 chisqdiff:     0.000 taildiff:                    1

f4info: 
f4rank: 1 dof:     14 chisq:   106.442 tail:       2.73141704e-16 dofdiff:     10 chisqdiff:  2281.097 taildiff:                    0
B:
          scale     1.000 
     Anatolia_N    -0.169 
            Ami     2.651 
           Mixe     0.504 
   Ganj_Dareh_N    -0.190 
           Onge     0.391 
     Villabruna    -0.352 
     DevilsGate     0.464 
      Sherpa.LC    -0.401 
A:
          scale   977.932 
          YR_MN     0.617 
         Rhirhi    -0.282 
Southeast_China     1.594 

f4info: 
f4rank: 2 dof:      6 chisq:    17.160 tail:        0.00871333464 dofdiff:      8 chisqdiff:    89.282 taildiff:       6.50363021e-16
B:
          scale     1.000     1.000 
     Anatolia_N    -0.230    -0.321 
            Ami     2.511    -0.874 
           Mixe     0.597     0.232 
   Ganj_Dareh_N    -0.288    -0.494 
           Onge     0.235    -0.805 
     Villabruna    -0.008     0.888 
     DevilsGate     1.066     1.757 
      Sherpa.LC     0.104     1.521 
A:
          scale   829.444  2345.964 
          YR_MN     0.870     0.897 
         Rhirhi     0.115     1.385 
Southeast_China     1.493    -0.527 

f4info: 
f4rank: 3 dof:      0 chisq:     0.000 tail:                    1 dofdiff:      6 chisqdiff:    17.160 taildiff:        0.00871333464
B:
          scale     1.000     1.000     1.000 
     Anatolia_N    -0.221    -0.382     0.258 
            Ami     2.490    -0.826    -0.835 
           Mixe     0.644     0.126     1.936 
   Ganj_Dareh_N    -0.263    -0.637     1.241 
           Onge     0.264    -0.818     0.482 
     Villabruna    -0.014     0.960    -0.653 
     DevilsGate     1.090     1.661     1.031 
      Sherpa.LC     0.092     1.549    -0.476 
A:
          scale   832.730  2477.509  7861.346 
          YR_MN     0.908     0.953     1.126 
         Rhirhi     0.009     1.319    -1.123 
Southeast_China     1.475    -0.594    -0.686 

## end of run
