/home/cliu7/utils/AdmixTools/bin/qpAdm: parameter file: temp/param/qpAdm_Tamang.Naga.Samdzong.Southeast_China.partu009cl5
### THE INPUT PARAMETERS
##PARAMETER NAME: VALUE
DIR: data/intermediate
S1: HO_all_merged.qpAdm
indivname: data/intermediate/HO_all_merged.qpAdm.grouped.ind
snpname: data/intermediate/HO_all_merged.qpAdm.snp
genotypename: data/intermediate/HO_all_merged.qpAdm.geno
popleft: temp/param/left.tu009cl5
popright: temp/param/right.tu009cl5
details: YES
## qpAdm version: 810
seed: -1802759131
packed geno read OK
end of inpack

left pops:
Tamang
Naga
Samdzong
Southeast_China

right pops:
Mbuti
Anatolia_N
Ami
Mixe
Ganj_Dareh_N
Onge
Villabruna
DevilsGate
Sherpa.LC

  0               Tamang    7
  1                 Naga    6
  2             Samdzong    9
  3      Southeast_China   97
  4                Mbuti   10
  5           Anatolia_N   25
  6                  Ami   10
  7                 Mixe   10
  8         Ganj_Dareh_N    7
  9                 Onge   12
 10           Villabruna    1
 11           DevilsGate    4
 12            Sherpa.LC    9
jackknife block size:     0.050
snps: 498990  indivs: 207
number of blocks for block jackknife: 710
## ncols: 498990
coverage:               Tamang 498036
coverage:                 Naga 498990
coverage:             Samdzong 498985
coverage:      Southeast_China 498990
coverage:                Mbuti 498990
coverage:           Anatolia_N 498137
coverage:                  Ami 498990
coverage:                 Mixe 498990
coverage:         Ganj_Dareh_N 457128
coverage:                 Onge 498990
coverage:           Villabruna 415230
coverage:           DevilsGate 498716
coverage:            Sherpa.LC 498990
dof (jackknife):   583.471
numsnps used: 417376
codimension 1
f4info: 
f4rank: 2 dof:      6 chisq:    33.933 tail:        6.9298632e-06 dofdiff:      8 chisqdiff:   -33.933 taildiff:                    1
B:
          scale     1.000     1.000 
     Anatolia_N    -0.266    -0.121 
            Ami     2.008    -1.807 
           Mixe     0.868     0.291 
   Ganj_Dareh_N    -0.319    -0.354 
           Onge     0.357    -0.274 
     Villabruna    -0.240     0.045 
     DevilsGate     1.372     0.718 
      Sherpa.LC     0.986     1.980 
A:
          scale   527.420  1710.889 
           Naga     1.003     0.703 
       Samdzong     0.654     1.144 
Southeast_China     1.252    -1.094 


full rank
f4info: 
f4rank: 3 dof:      0 chisq:     0.000 tail:                    1 dofdiff:      6 chisqdiff:    33.933 taildiff:        6.9298632e-06
B:
          scale     1.000     1.000     1.000 
     Anatolia_N    -0.277    -0.080    -0.516 
            Ami     1.972    -1.732    -1.176 
           Mixe     0.898     0.363     1.317 
   Ganj_Dareh_N    -0.346    -0.331     0.526 
           Onge     0.364    -0.231     0.887 
     Villabruna    -0.237     0.096     0.680 
     DevilsGate     1.386     0.769     0.794 
      Sherpa.LC     0.999     2.025    -1.568 
A:
          scale   534.670  1703.570  8663.769 
           Naga     1.036     0.675     0.782 
       Samdzong     0.600     1.057    -1.491 
Southeast_China     1.252    -1.194    -0.407 


best coefficients:    -4.146     3.819     1.327 
Jackknife mean:     -3.909467922     3.651555210     1.257912712 
      std. errors:     0.991     0.702     0.312 

error covariance (* 1000000)
    983055    -688849    -294206 
   -688849     492200     196649 
   -294206     196649      97557 


summ: Tamang    3      0.000007    -3.909     3.652     1.258 983055 -688849 -294206 492200 196649 97557 

    fixed pat  wt  dof     chisq       tail prob
          000  0     6    33.933     6.92986e-06    -4.146     3.819     1.327  infeasible
          001  1     7   160.277               0    -2.251     3.251    -0.000  infeasible
          010  1     7   467.124               0     1.483    -0.000    -0.483  infeasible
          100  1     7   365.121               0    -0.000     0.972     0.028 
          011  2     8   615.424               0     1.000    -0.000     0.000 
          101  2     8   366.310               0     0.000     1.000     0.000 
          110  2     8  2413.375               0     0.000    -0.000     1.000 
best pat:          000      6.92986e-06              -  -
best pat:          100      7.12712e-75  chi(nested):   331.188 p-value for nested model:     5.29838e-74
best pat:          101       2.9798e-74  chi(nested):     1.189 p-value for nested model:        0.275455

coeffs:    -4.146     3.819     1.327 

## dscore:: f_4(Base, Fit, Rbase, right2)
## genstat:: f_4(Base, Fit, right1, right2)

details:            Naga      Anatolia_N    -0.000585   -3.673350
details:        Samdzong      Anatolia_N    -0.000284   -1.777550
details: Southeast_China      Anatolia_N    -0.000572   -4.488228
dscore:      Anatolia_N f4:     0.000582 Z:     0.818417

details:            Naga             Ami     0.003080   16.649258
details:        Samdzong             Ami     0.001359    6.977610
details: Southeast_China             Ami     0.005913   37.464057
dscore:             Ami f4:     0.000265 Z:     0.328277

details:            Naga            Mixe     0.002054   10.692259
details:        Samdzong            Mixe     0.001021    5.022151
details: Southeast_China            Mixe     0.001807   10.896454
dscore:            Mixe f4:    -0.002217 Z:    -2.641759

details:            Naga    Ganj_Dareh_N    -0.000738   -4.023556
details:        Samdzong    Ganj_Dareh_N    -0.000703   -3.664650
details: Southeast_China    Ganj_Dareh_N    -0.000612   -4.073506
dscore:    Ganj_Dareh_N f4:    -0.000436 Z:    -0.536349

details:            Naga            Onge     0.000729    3.897498
details:        Samdzong            Onge     0.000115    0.590007
details: Southeast_China            Onge     0.000983    6.472635
dscore:            Onge f4:    -0.001278 Z:    -1.636975

details:            Naga      Villabruna    -0.000318   -1.324185
details:        Samdzong      Villabruna    -0.000361   -1.441438
details: Southeast_China      Villabruna    -0.000666   -3.416241
dscore:      Villabruna f4:    -0.000944 Z:    -0.859397

details:            Naga      DevilsGate     0.003117   14.334523
details:        Samdzong      DevilsGate     0.001917    8.759301
details: Southeast_China      DevilsGate     0.002696   14.082349
dscore:      DevilsGate f4:    -0.002024 Z:    -2.070802

details:            Naga       Sherpa.LC     0.002641   14.606812
details:        Samdzong       Sherpa.LC     0.002662   13.778014
details: Southeast_China       Sherpa.LC     0.001013    6.520121
dscore:       Sherpa.LC f4:     0.000560 Z:     0.714006

gendstat:                Mbuti           Anatolia_N     0.818
gendstat:                Mbuti                  Ami     0.328
gendstat:                Mbuti                 Mixe    -2.642
gendstat:                Mbuti         Ganj_Dareh_N    -0.536
gendstat:                Mbuti                 Onge    -1.637
gendstat:                Mbuti           Villabruna    -0.859
gendstat:                Mbuti           DevilsGate    -2.071
gendstat:                Mbuti            Sherpa.LC     0.714
gendstat:           Anatolia_N                  Ami    -0.424
gendstat:           Anatolia_N                 Mixe    -3.496
gendstat:           Anatolia_N         Ganj_Dareh_N    -1.473
gendstat:           Anatolia_N                 Onge    -2.518
gendstat:           Anatolia_N           Villabruna    -1.619
gendstat:           Anatolia_N           DevilsGate    -2.903
gendstat:           Anatolia_N            Sherpa.LC    -0.030
gendstat:                  Ami                 Mixe    -3.414
gendstat:                  Ami         Ganj_Dareh_N    -0.821
gendstat:                  Ami                 Onge    -2.015
gendstat:                  Ami           Villabruna    -1.058
gendstat:                  Ami           DevilsGate    -2.920
gendstat:                  Ami            Sherpa.LC     0.483
gendstat:                 Mixe         Ganj_Dareh_N     2.025
gendstat:                 Mixe                 Onge     1.129
gendstat:                 Mixe           Villabruna     1.129
gendstat:                 Mixe           DevilsGate     0.217
gendstat:                 Mixe            Sherpa.LC     3.898
gendstat:         Ganj_Dareh_N                 Onge    -0.978
gendstat:         Ganj_Dareh_N           Villabruna    -0.474
gendstat:         Ganj_Dareh_N           DevilsGate    -1.528
gendstat:         Ganj_Dareh_N            Sherpa.LC     1.158
gendstat:                 Onge           Villabruna     0.305
gendstat:                 Onge           DevilsGate    -0.776
gendstat:                 Onge            Sherpa.LC     2.369
gendstat:           Villabruna           DevilsGate    -0.869
gendstat:           Villabruna            Sherpa.LC     1.342
gendstat:           DevilsGate            Sherpa.LC     3.324

## end of run
