/home/cliu7/utils/AdmixTools/bin/qpWave: parameter file: temp/param/qpAdm_Tamang.Naga.Mebrak.Pulliyar.parz92ojg1m
### THE INPUT PARAMETERS
##PARAMETER NAME: VALUE
DIR: data/intermediate
S1: HO_all_merged.qpAdm
indivname: data/intermediate/HO_all_merged.qpAdm.grouped.ind
snpname: data/intermediate/HO_all_merged.qpAdm.snp
genotypename: data/intermediate/HO_all_merged.qpAdm.geno
popleft: temp/param/left.z92ojg1m
popright: temp/param/right.z92ojg1m
details: YES
## qpWave version: 410
packed geno read OK
end of inpack

left pops:
Tamang
Naga
Mebrak
Pulliyar

right pops:
Mbuti
Anatolia_N
Ami
Mixe
Ganj_Dareh_N
Onge
Villabruna
DevilsGate
Sherpa.LC

  0               Tamang    7
  1                 Naga    6
  2               Mebrak    8
  3             Pulliyar   35
  4                Mbuti   10
  5           Anatolia_N   25
  6                  Ami   10
  7                 Mixe   10
  8         Ganj_Dareh_N    7
  9                 Onge   12
 10           Villabruna    1
 11           DevilsGate    4
 12            Sherpa.LC    9
jackknife block size:     0.050
snps: 498990  indivs: 144
number of blocks for block jackknife: 710
dof (jackknife):   584.866
numsnps used: 388627
f4info: 
f4rank: 0 dof:     24 chisq:  5604.282 tail:                    0 dofdiff:      0 chisqdiff:     0.000 taildiff:                    1

f4info: 
f4rank: 1 dof:     14 chisq:   163.510 tail:       1.39506619e-27 dofdiff:     10 chisqdiff:  5440.772 taildiff:                    0
B:
          scale     1.000 
     Anatolia_N    -0.226 
            Ami     1.389 
           Mixe     1.007 
   Ganj_Dareh_N    -0.350 
           Onge     0.258 
     Villabruna    -0.086 
     DevilsGate     1.512 
      Sherpa.LC     1.589 
A:
          scale   264.881 
           Naga     0.504 
         Mebrak     0.405 
       Pulliyar    -1.607 

f4info: 
f4rank: 2 dof:      6 chisq:     6.597 tail:           0.35973425 dofdiff:      8 chisqdiff:   156.913 taildiff:       7.06527422e-30
B:
          scale     1.000     1.000 
     Anatolia_N    -0.204     0.211 
            Ami     1.394     1.490 
           Mixe     0.993     0.921 
   Ganj_Dareh_N    -0.328     0.138 
           Onge     0.248     1.208 
     Villabruna    -0.080     0.013 
     DevilsGate     1.523    -0.072 
      Sherpa.LC     1.591    -1.845 
A:
          scale   260.285  4317.032 
           Naga     0.543     1.089 
         Mebrak     0.374    -1.342 
       Pulliyar    -1.602     0.112 

f4info: 
f4rank: 3 dof:      0 chisq:     0.000 tail:                    1 dofdiff:      6 chisqdiff:     6.597 taildiff:           0.35973425
B:
          scale     1.000     1.000     1.000 
     Anatolia_N    -0.193     0.441     1.586 
            Ami     1.393     1.516     0.013 
           Mixe     0.997     0.967     0.592 
   Ganj_Dareh_N    -0.319     0.187     0.915 
           Onge     0.250     1.193     0.013 
     Villabruna    -0.073     0.154     1.252 
     DevilsGate     1.519    -0.295    -1.172 
      Sherpa.LC     1.597    -1.733     1.164 
A:
          scale   259.383  4244.383  8487.096 
           Naga     0.526     0.871    -1.401 
         Mebrak     0.356    -1.496    -0.796 
       Pulliyar    -1.611    -0.046    -0.634 

## end of run
