/home/cliu7/utils/AdmixTools/bin/qpWave: parameter file: temp/param/qpAdm_Tamang.Yi.Kyang.Han.parf2awfi3x
### THE INPUT PARAMETERS
##PARAMETER NAME: VALUE
DIR: data/intermediate
S1: HO_all_merged.qpAdm
indivname: data/intermediate/HO_all_merged.qpAdm.grouped.ind
snpname: data/intermediate/HO_all_merged.qpAdm.snp
genotypename: data/intermediate/HO_all_merged.qpAdm.geno
popleft: temp/param/left.f2awfi3x
popright: temp/param/right.f2awfi3x
details: YES
## qpWave version: 410
packed geno read OK
end of inpack

left pops:
Tamang
Yi
Kyang
Han

right pops:
Mbuti
Anatolia_N
Ami
Mixe
Ganj_Dareh_N
Onge
Villabruna
DevilsGate
Sherpa.LC

  0               Tamang    7
  1                   Yi    8
  2                Kyang    7
  3                  Han   33
  4                Mbuti   10
  5           Anatolia_N   25
  6                  Ami   10
  7                 Mixe   10
  8         Ganj_Dareh_N    7
  9                 Onge   12
 10           Villabruna    1
 11           DevilsGate    4
 12            Sherpa.LC    9
jackknife block size:     0.050
snps: 498990  indivs: 143
number of blocks for block jackknife: 710
dof (jackknife):   583.422
numsnps used: 419299
f4info: 
f4rank: 0 dof:     24 chisq:  2765.909 tail:                    0 dofdiff:      0 chisqdiff:     0.000 taildiff:                    1

f4info: 
f4rank: 1 dof:     14 chisq:   486.983 tail:       5.31352005e-95 dofdiff:     10 chisqdiff:  2278.926 taildiff:                    0
B:
          scale     1.000 
     Anatolia_N    -0.182 
            Ami     2.322 
           Mixe     0.807 
   Ganj_Dareh_N    -0.227 
           Onge     0.322 
     Villabruna    -0.264 
     DevilsGate     1.295 
      Sherpa.LC     0.144 
A:
          scale   751.684 
             Yi     0.876 
          Kyang    -0.006 
            Han     1.494 

f4info: 
f4rank: 2 dof:      6 chisq:    14.244 tail:         0.0270236287 dofdiff:      8 chisqdiff:   472.739 taildiff:       4.94615938e-97
B:
          scale     1.000     1.000 
     Anatolia_N    -0.229    -0.173 
            Ami     1.900    -1.570 
           Mixe     0.922    -0.036 
   Ganj_Dareh_N    -0.288    -0.472 
           Onge     0.337    -0.078 
     Villabruna    -0.226     0.042 
     DevilsGate     1.469     0.337 
      Sherpa.LC     1.040     2.272 
A:
          scale   488.726  2161.893 
             Yi     1.007     0.097 
          Kyang     0.634     1.513 
            Han     1.259    -0.838 

f4info: 
f4rank: 3 dof:      0 chisq:     0.000 tail:                    1 dofdiff:      6 chisqdiff:    14.244 taildiff:         0.0270236287
B:
          scale     1.000     1.000     1.000 
     Anatolia_N    -0.213    -0.135     0.136 
            Ami     1.902    -1.534     0.460 
           Mixe     0.927    -0.096    -1.027 
   Ganj_Dareh_N    -0.276    -0.529    -0.849 
           Onge     0.337    -0.147    -0.935 
     Villabruna    -0.222     0.205     2.146 
     DevilsGate     1.464     0.380     0.657 
      Sherpa.LC     1.047     2.266    -0.287 
A:
          scale   490.014  2157.164 14700.727 
             Yi     1.023     0.083    -1.395 
          Kyang     0.618     1.524     0.544 
            Han     1.254    -0.819     0.870 

## end of run
