/home/cliu7/utils/AdmixTools/bin/qpAdm: parameter file: temp/param/qpAdm_Tamang.YR_MN.Lubrak.Pulliyar.parlwd5bkop
### THE INPUT PARAMETERS
##PARAMETER NAME: VALUE
DIR: data/intermediate
S1: HO_all_merged.qpAdm
indivname: data/intermediate/HO_all_merged.qpAdm.grouped.ind
snpname: data/intermediate/HO_all_merged.qpAdm.snp
genotypename: data/intermediate/HO_all_merged.qpAdm.geno
popleft: temp/param/left.lwd5bkop
popright: temp/param/right.lwd5bkop
details: YES
## qpAdm version: 810
seed: -1347604212
packed geno read OK
end of inpack

left pops:
Tamang
YR_MN
Lubrak
Pulliyar

right pops:
Mbuti
Anatolia_N
Ami
Mixe
Ganj_Dareh_N
Onge
Villabruna
DevilsGate
Sherpa.LC

  0               Tamang    7
  1                YR_MN    8
  2               Lubrak    2
  3             Pulliyar   35
  4                Mbuti   10
  5           Anatolia_N   25
  6                  Ami   10
  7                 Mixe   10
  8         Ganj_Dareh_N    7
  9                 Onge   12
 10           Villabruna    1
 11           DevilsGate    4
 12            Sherpa.LC    9
jackknife block size:     0.050
snps: 498990  indivs: 140
number of blocks for block jackknife: 710
## ncols: 498990
coverage:               Tamang 498036
coverage:                YR_MN 497089
coverage:               Lubrak 327444
coverage:             Pulliyar 459213
coverage:                Mbuti 498990
coverage:           Anatolia_N 498137
coverage:                  Ami 498990
coverage:                 Mixe 498990
coverage:         Ganj_Dareh_N 457128
coverage:                 Onge 498990
coverage:           Villabruna 415230
coverage:           DevilsGate 498716
coverage:            Sherpa.LC 498990
dof (jackknife):   583.460
numsnps used: 287615
codimension 1
f4info: 
f4rank: 2 dof:      6 chisq:     6.457 tail:          0.374000569 dofdiff:      8 chisqdiff:    -6.457 taildiff:                    1
B:
          scale     1.000     1.000 
     Anatolia_N    -0.181     0.418 
            Ami     1.420    -1.580 
           Mixe     0.998    -0.527 
   Ganj_Dareh_N    -0.299    -0.093 
           Onge     0.239    -0.097 
     Villabruna    -0.056     0.371 
     DevilsGate     1.530    -0.270 
      Sherpa.LC     1.570     2.196 
A:
          scale   262.168  2787.228 
          YR_MN     0.504    -1.387 
         Lubrak     0.488     0.985 
       Pulliyar    -1.583    -0.327 


full rank
f4info: 
f4rank: 3 dof:      0 chisq:     0.000 tail:                    1 dofdiff:      6 chisqdiff:     6.457 taildiff:          0.374000569
B:
          scale     1.000     1.000     1.000 
     Anatolia_N    -0.186     0.331     0.382 
            Ami     1.429    -1.583    -1.419 
           Mixe     1.002    -0.711    -0.035 
   Ganj_Dareh_N    -0.301     0.084    -0.348 
           Onge     0.240    -0.130    -0.189 
     Villabruna    -0.063     0.409     0.105 
     DevilsGate     1.531     0.038    -0.704 
      Sherpa.LC     1.557     2.165     2.275 
A:
          scale   262.638  2545.043  3163.023 
          YR_MN     0.516    -0.247    -1.285 
         Lubrak     0.492     1.713    -1.003 
       Pulliyar    -1.578     0.060    -0.586 


best coefficients:     0.284     0.478     0.238 
Jackknife mean:      0.285337954     0.476775703     0.237886343 
      std. errors:     0.046     0.045     0.011 

error covariance (* 1000000)
      2115      -2007       -108 
     -2007       2017        -10 
      -108        -10        118 


summ: Tamang    3      0.374001     0.285     0.477     0.238  2115 -2007  -108  2017   -10   118 

    fixed pat  wt  dof     chisq       tail prob
          000  0     6     6.457        0.374001     0.284     0.478     0.238 
          001  1     7   182.816               0  -112.216   113.216    -0.000  infeasible
          010  1     7   109.326     1.26714e-20     0.765    -0.000     0.235 
          100  1     7    31.900     4.23901e-05    -0.000     0.754     0.246 
          011  2     8   422.161               0     1.000     0.000    -0.000 
          101  2     8   256.015               0     0.000     1.000    -0.000 
          110  2     8  3451.392               0     0.000     0.000     1.000 
best pat:          000         0.374001              -  -
best pat:          100      4.23901e-05  chi(nested):    25.443 p-value for nested model:     4.55662e-07
best pat:          101      9.13628e-51  chi(nested):   224.115 p-value for nested model:     1.14483e-50

coeffs:     0.284     0.478     0.238 

## dscore:: f_4(Base, Fit, Rbase, right2)
## genstat:: f_4(Base, Fit, right1, right2)

details:           YR_MN      Anatolia_N    -0.000578   -2.686613
details:          Lubrak      Anatolia_N    -0.000154   -0.565783
details:        Pulliyar      Anatolia_N     0.001036    5.077532
dscore:      Anatolia_N f4:     0.000008 Z:     0.050025

details:           YR_MN             Ami     0.003522   14.758135
details:          Lubrak             Ami     0.002149    6.716276
details:        Pulliyar             Ami    -0.008412  -34.910589
dscore:             Ami f4:     0.000027 Z:     0.136545

details:           YR_MN            Mixe     0.002061    7.728629
details:          Lubrak            Mixe     0.001476    4.347308
details:        Pulliyar            Mixe    -0.006057  -24.315140
dscore:            Mixe f4:    -0.000149 Z:    -0.696920

details:           YR_MN    Ganj_Dareh_N    -0.000486   -1.848421
details:          Lubrak    Ganj_Dareh_N    -0.000321   -0.965489
details:        Pulliyar    Ganj_Dareh_N     0.001865    8.061723
dscore:    Ganj_Dareh_N f4:     0.000152 Z:     0.760311

details:           YR_MN            Onge     0.000560    2.170061
details:          Lubrak            Onge     0.000489    1.519495
details:        Pulliyar            Onge    -0.001447   -6.307865
dscore:            Onge f4:     0.000049 Z:     0.244623

details:           YR_MN      Villabruna    -0.000295   -0.884045
details:          Lubrak      Villabruna     0.000262    0.607184
details:        Pulliyar      Villabruna     0.000332    1.058635
dscore:      Villabruna f4:     0.000121 Z:     0.453906

details:           YR_MN      DevilsGate     0.003325   10.949083
details:          Lubrak      DevilsGate     0.003215    8.316339
details:        Pulliyar      DevilsGate    -0.009101  -33.627391
dscore:      DevilsGate f4:     0.000317 Z:     1.308606

details:           YR_MN       Sherpa.LC     0.001907    7.878992
details:          Lubrak       Sherpa.LC     0.003736   11.728153
details:        Pulliyar       Sherpa.LC    -0.009772  -42.131445
dscore:       Sherpa.LC f4:     0.000005 Z:     0.024663

gendstat:                Mbuti           Anatolia_N     0.050
gendstat:                Mbuti                  Ami     0.137
gendstat:                Mbuti                 Mixe    -0.697
gendstat:                Mbuti         Ganj_Dareh_N     0.760
gendstat:                Mbuti                 Onge     0.245
gendstat:                Mbuti           Villabruna     0.454
gendstat:                Mbuti           DevilsGate     1.309
gendstat:                Mbuti            Sherpa.LC     0.025
gendstat:           Anatolia_N                  Ami     0.106
gendstat:           Anatolia_N                 Mixe    -0.799
gendstat:           Anatolia_N         Ganj_Dareh_N     0.889
gendstat:           Anatolia_N                 Onge     0.223
gendstat:           Anatolia_N           Villabruna     0.479
gendstat:           Anatolia_N           DevilsGate     1.334
gendstat:           Anatolia_N            Sherpa.LC    -0.020
gendstat:                  Ami                 Mixe    -1.028
gendstat:                  Ami         Ganj_Dareh_N     0.603
gendstat:                  Ami                 Onge     0.116
gendstat:                  Ami           Villabruna     0.354
gendstat:                  Ami           DevilsGate     1.491
gendstat:                  Ami            Sherpa.LC    -0.159
gendstat:                 Mixe         Ganj_Dareh_N     1.354
gendstat:                 Mixe                 Onge     0.963
gendstat:                 Mixe           Villabruna     0.979
gendstat:                 Mixe           DevilsGate     2.173
gendstat:                 Mixe            Sherpa.LC     0.906
gendstat:         Ganj_Dareh_N                 Onge    -0.482
gendstat:         Ganj_Dareh_N           Villabruna    -0.118
gendstat:         Ganj_Dareh_N           DevilsGate     0.633
gendstat:         Ganj_Dareh_N            Sherpa.LC    -0.693
gendstat:                 Onge           Villabruna     0.260
gendstat:                 Onge           DevilsGate     1.137
gendstat:                 Onge            Sherpa.LC    -0.237
gendstat:           Villabruna           DevilsGate     0.646
gendstat:           Villabruna            Sherpa.LC    -0.430
gendstat:           DevilsGate            Sherpa.LC    -1.553

## end of run
