/home/cliu7/utils/AdmixTools/bin/qpAdm: parameter file: temp/param/qpAdm_Tamang.Naxi.Samdzong.Mala.pardgze285j
### THE INPUT PARAMETERS
##PARAMETER NAME: VALUE
DIR: data/intermediate
S1: HO_all_merged.qpAdm
indivname: data/intermediate/HO_all_merged.qpAdm.grouped.ind
snpname: data/intermediate/HO_all_merged.qpAdm.snp
genotypename: data/intermediate/HO_all_merged.qpAdm.geno
popleft: temp/param/left.dgze285j
popright: temp/param/right.dgze285j
details: YES
## qpAdm version: 810
seed: 830723468
packed geno read OK
end of inpack

left pops:
Tamang
Naxi
Samdzong
Mala

right pops:
Mbuti
Anatolia_N
Ami
Mixe
Ganj_Dareh_N
Onge
Villabruna
DevilsGate
Sherpa.LC

  0               Tamang    7
  1                 Naxi    9
  2             Samdzong    9
  3                 Mala   11
  4                Mbuti   10
  5           Anatolia_N   25
  6                  Ami   10
  7                 Mixe   10
  8         Ganj_Dareh_N    7
  9                 Onge   12
 10           Villabruna    1
 11           DevilsGate    4
 12            Sherpa.LC    9
jackknife block size:     0.050
snps: 498990  indivs: 124
number of blocks for block jackknife: 710
## ncols: 498990
coverage:               Tamang 498036
coverage:                 Naxi 498990
coverage:             Samdzong 498985
coverage:                 Mala 498990
coverage:                Mbuti 498990
coverage:           Anatolia_N 498137
coverage:                  Ami 498990
coverage:                 Mixe 498990
coverage:         Ganj_Dareh_N 457128
coverage:                 Onge 498990
coverage:           Villabruna 415230
coverage:           DevilsGate 498716
coverage:            Sherpa.LC 498990
dof (jackknife):   583.355
numsnps used: 417189
codimension 1
f4info: 
f4rank: 2 dof:      6 chisq:     4.953 tail:          0.549875795 dofdiff:      8 chisqdiff:    -4.953 taildiff:                    1
B:
          scale     1.000     1.000 
     Anatolia_N    -0.268    -0.025 
            Ami     1.446     1.637 
           Mixe     0.943     0.284 
   Ganj_Dareh_N    -0.405     0.523 
           Onge     0.345     0.442 
     Villabruna    -0.137    -0.113 
     DevilsGate     1.505     0.065 
      Sherpa.LC     1.543    -2.180 
A:
          scale   255.543  3241.404 
           Naxi     0.521     1.303 
       Samdzong     0.331    -1.020 
           Mala    -1.618     0.512 


full rank
f4info: 
f4rank: 3 dof:      0 chisq:     0.000 tail:                    1 dofdiff:      6 chisqdiff:     4.953 taildiff:          0.549875795
B:
          scale     1.000     1.000     1.000 
     Anatolia_N    -0.268     0.005    -0.856 
            Ami     1.445     1.638     1.387 
           Mixe     0.945     0.248     0.536 
   Ganj_Dareh_N    -0.406     0.502     0.036 
           Onge     0.344     0.413     0.945 
     Villabruna    -0.138    -0.113     0.384 
     DevilsGate     1.506     0.090    -0.001 
      Sherpa.LC     1.542    -2.193    -2.004 
A:
          scale   256.116  2942.615  6883.418 
           Naxi     0.527     1.485    -0.751 
       Samdzong     0.341    -0.399    -1.320 
           Mala    -1.614     0.798    -0.834 


best coefficients:     0.307     0.493     0.200 
Jackknife mean:      0.307829420     0.492450634     0.199719946 
      std. errors:     0.038     0.040     0.008 

error covariance (* 1000000)
      1449      -1482         33 
     -1482       1582       -100 
        33       -100         67 


summ: Tamang    3      0.549876     0.308     0.492     0.200  1449 -1482    33  1582  -100    67 

    fixed pat  wt  dof     chisq       tail prob
          000  0     6     4.953        0.549876     0.307     0.493     0.200 
          001  1     7   290.890               0    -1.050     2.050    -0.000  infeasible
          010  1     7   139.354     6.94156e-27     0.773    -0.000     0.227 
          100  1     7    53.874     2.49027e-09    -0.000     0.811     0.189 
          011  2     8   752.237               0     1.000    -0.000    -0.000 
          101  2     8   365.988               0     0.000     1.000    -0.000 
          110  2     8  4437.447               0     0.000    -0.000     1.000 
best pat:          000         0.549876              -  -
best pat:          100      2.49027e-09  chi(nested):    48.922 p-value for nested model:     2.66399e-12
best pat:          101      3.49102e-74  chi(nested):   312.114 p-value for nested model:     7.56391e-70

coeffs:     0.307     0.493     0.200 

## dscore:: f_4(Base, Fit, Rbase, right2)
## genstat:: f_4(Base, Fit, right1, right2)

details:            Naxi      Anatolia_N    -0.000479   -3.292384
details:        Samdzong      Anatolia_N    -0.000284   -1.776322
details:            Mala      Anatolia_N     0.001760    9.449438
dscore:      Anatolia_N f4:     0.000064 Z:     0.526810

details:            Naxi             Ami     0.003635   21.675714
details:        Samdzong             Ami     0.001359    6.971136
details:            Mala             Ami    -0.008928  -40.440972
dscore:             Ami f4:     0.000005 Z:     0.031071

details:            Naxi            Mixe     0.001975   11.218483
details:        Samdzong            Mixe     0.001022    5.019302
details:            Mala            Mixe    -0.006026  -25.972671
dscore:            Mixe f4:    -0.000093 Z:    -0.587820

details:            Naxi    Ganj_Dareh_N    -0.000582   -3.588182
details:        Samdzong    Ganj_Dareh_N    -0.000703   -3.662917
details:            Mala    Ganj_Dareh_N     0.002687   12.732517
dscore:    Ganj_Dareh_N f4:     0.000011 Z:     0.077601

details:            Naxi            Onge     0.000794    4.674754
details:        Samdzong            Onge     0.000115    0.589595
details:            Mala            Onge    -0.002217  -10.764612
dscore:            Onge f4:    -0.000142 Z:    -0.975842

details:            Naxi      Villabruna    -0.000432   -2.014682
details:        Samdzong      Villabruna    -0.000361   -1.441196
details:            Mala      Villabruna     0.000708    2.466969
dscore:      Villabruna f4:    -0.000169 Z:    -0.909561

details:            Naxi      DevilsGate     0.003109   16.103907
details:        Samdzong      DevilsGate     0.001918    8.755097
details:            Mala      DevilsGate    -0.009539  -38.681445
dscore:      DevilsGate f4:    -0.000003 Z:    -0.020740

details:            Naxi       Sherpa.LC     0.002271   13.713398
details:        Samdzong       Sherpa.LC     0.002663   13.770273
details:            Mala       Sherpa.LC    -0.010153  -47.639267
dscore:       Sherpa.LC f4:    -0.000017 Z:    -0.112946

gendstat:                Mbuti           Anatolia_N     0.527
gendstat:                Mbuti                  Ami     0.031
gendstat:                Mbuti                 Mixe    -0.588
gendstat:                Mbuti         Ganj_Dareh_N     0.078
gendstat:                Mbuti                 Onge    -0.976
gendstat:                Mbuti           Villabruna    -0.910
gendstat:                Mbuti           DevilsGate    -0.021
gendstat:                Mbuti            Sherpa.LC    -0.113
gendstat:           Anatolia_N                  Ami    -0.426
gendstat:           Anatolia_N                 Mixe    -1.086
gendstat:           Anatolia_N         Ganj_Dareh_N    -0.444
gendstat:           Anatolia_N                 Onge    -1.571
gendstat:           Anatolia_N           Villabruna    -1.426
gendstat:           Anatolia_N           DevilsGate    -0.424
gendstat:           Anatolia_N            Sherpa.LC    -0.587
gendstat:                  Ami                 Mixe    -0.784
gendstat:                  Ami         Ganj_Dareh_N     0.040
gendstat:                  Ami                 Onge    -1.079
gendstat:                  Ami           Villabruna    -0.879
gendstat:                  Ami           DevilsGate    -0.062
gendstat:                  Ami            Sherpa.LC    -0.198
gendstat:                 Mixe         Ganj_Dareh_N     0.649
gendstat:                 Mixe                 Onge    -0.333
gendstat:                 Mixe           Villabruna    -0.387
gendstat:                 Mixe           DevilsGate     0.598
gendstat:                 Mixe            Sherpa.LC     0.615
gendstat:         Ganj_Dareh_N                 Onge    -1.006
gendstat:         Ganj_Dareh_N           Villabruna    -0.959
gendstat:         Ganj_Dareh_N           DevilsGate    -0.082
gendstat:         Ganj_Dareh_N            Sherpa.LC    -0.178
gendstat:                 Onge           Villabruna    -0.140
gendstat:                 Onge           DevilsGate     0.864
gendstat:                 Onge            Sherpa.LC     0.906
gendstat:           Villabruna           DevilsGate     0.771
gendstat:           Villabruna            Sherpa.LC     0.784
gendstat:           DevilsGate            Sherpa.LC    -0.097

## end of run
