/home/cliu7/utils/AdmixTools/bin/qpAdm: parameter file: temp/param/qpAdm_Tamang.Yi.Samdzong.Southeast_China.parqmm75638
### THE INPUT PARAMETERS
##PARAMETER NAME: VALUE
DIR: data/intermediate
S1: HO_all_merged.qpAdm
indivname: data/intermediate/HO_all_merged.qpAdm.grouped.ind
snpname: data/intermediate/HO_all_merged.qpAdm.snp
genotypename: data/intermediate/HO_all_merged.qpAdm.geno
popleft: temp/param/left.qmm75638
popright: temp/param/right.qmm75638
details: YES
## qpAdm version: 810
seed: 1276691811
packed geno read OK
end of inpack

left pops:
Tamang
Yi
Samdzong
Southeast_China

right pops:
Mbuti
Anatolia_N
Ami
Mixe
Ganj_Dareh_N
Onge
Villabruna
DevilsGate
Sherpa.LC

  0               Tamang    7
  1                   Yi    8
  2             Samdzong    9
  3      Southeast_China   97
  4                Mbuti   10
  5           Anatolia_N   25
  6                  Ami   10
  7                 Mixe   10
  8         Ganj_Dareh_N    7
  9                 Onge   12
 10           Villabruna    1
 11           DevilsGate    4
 12            Sherpa.LC    9
jackknife block size:     0.050
snps: 498990  indivs: 209
number of blocks for block jackknife: 710
## ncols: 498990
coverage:               Tamang 498036
coverage:                   Yi 498990
coverage:             Samdzong 498985
coverage:      Southeast_China 498990
coverage:                Mbuti 498990
coverage:           Anatolia_N 498137
coverage:                  Ami 498990
coverage:                 Mixe 498990
coverage:         Ganj_Dareh_N 457128
coverage:                 Onge 498990
coverage:           Villabruna 415230
coverage:           DevilsGate 498716
coverage:            Sherpa.LC 498990
dof (jackknife):   583.470
numsnps used: 417444
codimension 1
f4info: 
f4rank: 2 dof:      6 chisq:    29.134 tail:       5.73816119e-05 dofdiff:      8 chisqdiff:   -29.134 taildiff:                    1
B:
          scale     1.000     1.000 
     Anatolia_N    -0.233    -0.017 
            Ami     2.077    -1.641 
           Mixe     0.871     0.374 
   Ganj_Dareh_N    -0.272    -0.221 
           Onge     0.375    -0.286 
     Villabruna    -0.308    -0.116 
     DevilsGate     1.330     0.773 
      Sherpa.LC     0.891     2.103 
A:
          scale   512.628  1863.752 
             Yi     1.038     0.412 
       Samdzong     0.628     1.340 
Southeast_China     1.237    -1.017 


full rank
f4info: 
f4rank: 3 dof:      0 chisq:     0.000 tail:                    1 dofdiff:      6 chisqdiff:    29.134 taildiff:       5.73816119e-05
B:
          scale     1.000     1.000     1.000 
     Anatolia_N    -0.235    -0.006     0.182 
            Ami     2.026    -1.526    -1.661 
           Mixe     0.918     0.445     1.139 
   Ganj_Dareh_N    -0.251    -0.221     1.380 
           Onge     0.387    -0.221     0.664 
     Villabruna    -0.315    -0.110    -0.193 
     DevilsGate     1.362     0.858     0.406 
      Sherpa.LC     0.910     2.152    -1.167 
A:
          scale   528.434  1855.784  7298.112 
             Yi     1.082     0.357     0.105 
       Samdzong     0.529     1.277    -1.523 
Southeast_China     1.244    -1.115    -0.819 


best coefficients:    -5.723     3.902     2.822 
Jackknife mean:     -5.362398332     3.710368939     2.652029392 
      std. errors:     1.405     0.748     0.672 

error covariance (* 1000000)
   1972885   -1040272    -932613 
  -1040272     559369     480904 
   -932613     480904     451709 


summ: Tamang    3      0.000057    -5.362     3.710     2.652 1972885 -1040272 -932613 559369 480904 451709 

    fixed pat  wt  dof     chisq       tail prob
          000  0     6    29.134     5.73816e-05    -5.723     3.902     2.822  infeasible
          001  1     7   304.286               0    -0.620     1.620    -0.000  infeasible
          010  1     7   428.059               0     1.907    -0.000    -0.907  infeasible
          100  1     7   365.614               0     0.000     0.972     0.028 
          011  2     8   892.197               0     1.000    -0.000     0.000 
          101  2     8   366.890               0     0.000     1.000     0.000 
          110  2     8  2418.803               0     0.000    -0.000     1.000 
best pat:          000      5.73816e-05              -  -
best pat:          100      5.58904e-75  chi(nested):   336.480 p-value for nested model:     3.72875e-75
best pat:          101      2.24063e-74  chi(nested):     1.276 p-value for nested model:        0.258625

coeffs:    -5.723     3.902     2.822 

## dscore:: f_4(Base, Fit, Rbase, right2)
## genstat:: f_4(Base, Fit, right1, right2)

details:              Yi      Anatolia_N    -0.000465   -3.449617
details:        Samdzong      Anatolia_N    -0.000284   -1.777894
details: Southeast_China      Anatolia_N    -0.000572   -4.490139
dscore:      Anatolia_N f4:    -0.000061 Z:    -0.085898

details:              Yi             Ami     0.003885   22.955372
details:        Samdzong             Ami     0.001359    6.978842
details: Southeast_China             Ami     0.005912   37.477568
dscore:             Ami f4:    -0.000254 Z:    -0.296149

details:              Yi            Mixe     0.002037   11.321574
details:        Samdzong            Mixe     0.001021    5.022713
details: Southeast_China            Mixe     0.001807   10.899257
dscore:            Mixe f4:    -0.002574 Z:    -2.941366

details:              Yi    Ganj_Dareh_N    -0.000518   -3.240806
details:        Samdzong    Ganj_Dareh_N    -0.000702   -3.665359
details: Southeast_China    Ganj_Dareh_N    -0.000612   -4.074868
dscore:    Ganj_Dareh_N f4:    -0.001503 Z:    -1.714511

details:              Yi            Onge     0.000791    5.058117
details:        Samdzong            Onge     0.000115    0.590063
details: Southeast_China            Onge     0.000983    6.474269
dscore:            Onge f4:    -0.001304 Z:    -1.531843

details:              Yi      Villabruna    -0.000662   -3.284731
details:        Samdzong      Villabruna    -0.000361   -1.441520
details: Southeast_China      Villabruna    -0.000665   -3.416921
dscore:      Villabruna f4:     0.000501 Z:     0.462643

details:              Yi      DevilsGate     0.003020   15.590093
details:        Samdzong      DevilsGate     0.001917    8.761265
details: Southeast_China      DevilsGate     0.002695   14.086284
dscore:      DevilsGate f4:    -0.002201 Z:    -2.312732

details:              Yi       Sherpa.LC     0.002309   14.008777
details:        Samdzong       Sherpa.LC     0.002661   13.781076
details: Southeast_China       Sherpa.LC     0.001013    6.522153
dscore:       Sherpa.LC f4:     0.000028 Z:     0.034278

gendstat:                Mbuti           Anatolia_N    -0.086
gendstat:                Mbuti                  Ami    -0.296
gendstat:                Mbuti                 Mixe    -2.941
gendstat:                Mbuti         Ganj_Dareh_N    -1.715
gendstat:                Mbuti                 Onge    -1.532
gendstat:                Mbuti           Villabruna     0.463
gendstat:                Mbuti           DevilsGate    -2.313
gendstat:                Mbuti            Sherpa.LC     0.034
gendstat:           Anatolia_N                  Ami    -0.242
gendstat:           Anatolia_N                 Mixe    -3.079
gendstat:           Anatolia_N         Ganj_Dareh_N    -2.021
gendstat:           Anatolia_N                 Onge    -1.619
gendstat:           Anatolia_N           Villabruna     0.598
gendstat:           Anatolia_N           DevilsGate    -2.317
gendstat:           Anatolia_N            Sherpa.LC     0.123
gendstat:                  Ami                 Mixe    -2.930
gendstat:                  Ami         Ganj_Dareh_N    -1.376
gendstat:                  Ami                 Onge    -1.282
gendstat:                  Ami           Villabruna     0.652
gendstat:                  Ami           DevilsGate    -2.387
gendstat:                  Ami            Sherpa.LC     0.433
gendstat:                 Mixe         Ganj_Dareh_N     1.105
gendstat:                 Mixe                 Onge     1.394
gendstat:                 Mixe           Villabruna     2.710
gendstat:                 Mixe           DevilsGate     0.397
gendstat:                 Mixe            Sherpa.LC     3.414
gendstat:         Ganj_Dareh_N                 Onge     0.215
gendstat:         Ganj_Dareh_N           Villabruna     1.826
gendstat:         Ganj_Dareh_N           DevilsGate    -0.644
gendstat:         Ganj_Dareh_N            Sherpa.LC     1.754
gendstat:                 Onge           Villabruna     1.600
gendstat:                 Onge           DevilsGate    -0.937
gendstat:                 Onge            Sherpa.LC     1.676
gendstat:           Villabruna           DevilsGate    -2.134
gendstat:           Villabruna            Sherpa.LC    -0.426
gendstat:           DevilsGate            Sherpa.LC     2.750

## end of run
