/home/cliu7/utils/AdmixTools/bin/qpWave: parameter file: temp/param/qpAdm_Tamang.Naga.Mebrak.Pathan.partlrzbv0w
### THE INPUT PARAMETERS
##PARAMETER NAME: VALUE
DIR: data/intermediate
S1: HO_all_merged.qpAdm
indivname: data/intermediate/HO_all_merged.qpAdm.grouped.ind
snpname: data/intermediate/HO_all_merged.qpAdm.snp
genotypename: data/intermediate/HO_all_merged.qpAdm.geno
popleft: temp/param/left.tlrzbv0w
popright: temp/param/right.tlrzbv0w
details: YES
## qpWave version: 410
packed geno read OK
end of inpack

left pops:
Tamang
Naga
Mebrak
Pathan

right pops:
Mbuti
Anatolia_N
Ami
Mixe
Ganj_Dareh_N
Onge
Villabruna
DevilsGate
Sherpa.LC

  0               Tamang    7
  1                 Naga    6
  2               Mebrak    8
  3               Pathan   18
  4                Mbuti   10
  5           Anatolia_N   25
  6                  Ami   10
  7                 Mixe   10
  8         Ganj_Dareh_N    7
  9                 Onge   12
 10           Villabruna    1
 11           DevilsGate    4
 12            Sherpa.LC    9
jackknife block size:     0.050
snps: 498990  indivs: 127
number of blocks for block jackknife: 710
dof (jackknife):   583.384
numsnps used: 415156
f4info: 
f4rank: 0 dof:     24 chisq:  8928.771 tail:                    0 dofdiff:      0 chisqdiff:     0.000 taildiff:                    1

f4info: 
f4rank: 1 dof:     14 chisq:   215.288 tail:        4.0738623e-38 dofdiff:     10 chisqdiff:  8713.482 taildiff:                    0
B:
          scale     1.000 
     Anatolia_N    -0.629 
            Ami     1.353 
           Mixe     0.804 
   Ganj_Dareh_N    -0.644 
           Onge     0.593 
     Villabruna    -0.466 
     DevilsGate     1.406 
      Sherpa.LC     1.472 
A:
          scale   197.199 
           Naga     0.326 
         Mebrak     0.236 
         Pathan    -1.685 

f4info: 
f4rank: 2 dof:      6 chisq:    62.830 tail:       1.19541888e-11 dofdiff:      8 chisqdiff:   152.458 taildiff:       6.01870272e-29
B:
          scale     1.000     1.000 
     Anatolia_N    -0.618    -0.143 
            Ami     1.369     2.025 
           Mixe     0.796     1.282 
   Ganj_Dareh_N    -0.637    -0.318 
           Onge     0.592     1.174 
     Villabruna    -0.447    -0.235 
     DevilsGate     1.421     0.815 
      Sherpa.LC     1.461    -0.186 
A:
          scale   194.446  2866.919 
           Naga     0.313     0.568 
         Mebrak     0.296    -1.628 
         Pathan    -1.678     0.161 

f4info: 
f4rank: 3 dof:      0 chisq:     0.000 tail:                    1 dofdiff:      6 chisqdiff:    62.830 taildiff:       1.19541888e-11
B:
          scale     1.000     1.000     1.000 
     Anatolia_N    -0.637     1.146     0.654 
            Ami     1.353     0.096     1.571 
           Mixe     0.774     0.640     1.091 
   Ganj_Dareh_N    -0.654     1.037     0.375 
           Onge     0.600    -1.546     0.762 
     Villabruna    -0.464     1.223     0.283 
     DevilsGate     1.412     0.947    -0.026 
      Sherpa.LC     1.472     0.640    -1.764 
A:
          scale   198.367  2830.528  4502.633 
           Naga     0.386     1.175     1.213 
         Mebrak     0.262     1.187    -1.233 
         Pathan    -1.668     0.458     0.087 

## end of run
