/home/cliu7/utils/AdmixTools/bin/qpAdm: parameter file: temp/param/qpAdm_Tamang.Upper_YR_LN.Kyang.Han.par61oxgl75
### THE INPUT PARAMETERS
##PARAMETER NAME: VALUE
DIR: data/intermediate
S1: HO_all_merged.qpAdm
indivname: data/intermediate/HO_all_merged.qpAdm.grouped.ind
snpname: data/intermediate/HO_all_merged.qpAdm.snp
genotypename: data/intermediate/HO_all_merged.qpAdm.geno
popleft: temp/param/left.61oxgl75
popright: temp/param/right.61oxgl75
details: YES
## qpAdm version: 810
seed: 517125608
packed geno read OK
end of inpack

left pops:
Tamang
Upper_YR_LN
Kyang
Han

right pops:
Mbuti
Anatolia_N
Ami
Mixe
Ganj_Dareh_N
Onge
Villabruna
DevilsGate
Sherpa.LC

  0               Tamang    7
  1          Upper_YR_LN    7
  2                Kyang    7
  3                  Han   33
  4                Mbuti   10
  5           Anatolia_N   25
  6                  Ami   10
  7                 Mixe   10
  8         Ganj_Dareh_N    7
  9                 Onge   12
 10           Villabruna    1
 11           DevilsGate    4
 12            Sherpa.LC    9
jackknife block size:     0.050
snps: 498990  indivs: 142
number of blocks for block jackknife: 710
## ncols: 498990
coverage:               Tamang 498036
coverage:          Upper_YR_LN 496840
coverage:                Kyang 498984
coverage:                  Han 498990
coverage:                Mbuti 498990
coverage:           Anatolia_N 498137
coverage:                  Ami 498990
coverage:                 Mixe 498990
coverage:         Ganj_Dareh_N 457128
coverage:                 Onge 498990
coverage:           Villabruna 415230
coverage:           DevilsGate 498716
coverage:            Sherpa.LC 498990
dof (jackknife):   583.373
numsnps used: 417933
codimension 1
f4info: 
f4rank: 2 dof:      6 chisq:    58.593 tail:        8.6880852e-11 dofdiff:      8 chisqdiff:   -58.593 taildiff:                    1
B:
          scale     1.000     1.000 
     Anatolia_N    -0.223    -0.124 
            Ami     1.801    -1.853 
           Mixe     0.936    -0.037 
   Ganj_Dareh_N    -0.259    -0.298 
           Onge     0.326    -0.149 
     Villabruna    -0.163     0.237 
     DevilsGate     1.555     0.544 
      Sherpa.LC     1.102     2.021 
A:
          scale   483.421  2044.744 
    Upper_YR_LN     1.014     0.453 
          Kyang     0.690     1.345 
            Han     1.223    -0.993 


full rank
f4info: 
f4rank: 3 dof:      0 chisq:     0.000 tail:                    1 dofdiff:      6 chisqdiff:    58.593 taildiff:        8.6880852e-11
B:
          scale     1.000     1.000     1.000 
     Anatolia_N    -0.207    -0.114     0.227 
            Ami     1.751    -1.741    -1.560 
           Mixe     0.969     0.073     0.690 
   Ganj_Dareh_N    -0.225    -0.304     1.348 
           Onge     0.325    -0.118     0.199 
     Villabruna    -0.158     0.224     0.081 
     DevilsGate     1.623     0.692     1.111 
      Sherpa.LC     1.066     2.077    -1.393 
A:
          scale   480.498  2052.931  5236.187 
    Upper_YR_LN     1.112     0.490     1.134 
          Kyang     0.561     1.297    -1.169 
            Han     1.204    -1.039    -0.590 


best coefficients:    -8.281     5.547     3.734 
Jackknife mean:     -6.547760412     4.564973853     2.982786560 
      std. errors:     3.598     2.036     1.592 

error covariance (* 1000000)
  12948777   -7280875   -5667902 
  -7280875    4146672    3134203 
  -5667902    3134203    2533699 


summ: Tamang    3      0.000000    -6.548     4.565     2.983 12948777 -7280875 -5667902 4146672 3134203 2533699 

    fixed pat  wt  dof     chisq       tail prob
          000  0     6    58.593     8.68809e-11    -8.281     5.547     3.734  infeasible
          001  1     7   220.561               0    -2.767     3.767    -0.000  infeasible
          010  1     7   263.461               0     2.153    -0.000    -1.153  infeasible
          100  1     7   390.932               0     0.000     1.027    -0.027  infeasible
          011  2     8   540.714               0     1.000     0.000     0.000 
          101  2     8   391.714               0     0.000     1.000     0.000 
          110  2     8  1935.560               0     0.000    -0.000     1.000 
best pat:          000      8.68809e-11              -  -
best pat:          001                0  chi(nested):   161.968 p-value for nested model:     4.20489e-37 infeasible
best pat:          101      1.10863e-79  chi(nested):   171.153 p-value for nested model:     4.14315e-39

coeffs:    -8.281     5.547     3.734 

## dscore:: f_4(Base, Fit, Rbase, right2)
## genstat:: f_4(Base, Fit, right1, right2)

details:     Upper_YR_LN      Anatolia_N    -0.000429   -2.357778
details:           Kyang      Anatolia_N    -0.000360   -2.223483
details:             Han      Anatolia_N    -0.000481   -3.975966
dscore:      Anatolia_N f4:    -0.000245 Z:    -0.168755

details:     Upper_YR_LN             Ami     0.003356   16.103420
details:           Kyang             Ami     0.001328    6.512059
details:             Han             Ami     0.005473   35.240351
dscore:             Ami f4:     0.000016 Z:     0.009762

details:     Upper_YR_LN            Mixe     0.002462   11.134787
details:           Kyang            Mixe     0.001060    4.868096
details:             Han            Mixe     0.002342   14.469165
dscore:            Mixe f4:    -0.005763 Z:    -3.187464

details:     Upper_YR_LN    Ganj_Dareh_N    -0.000266   -1.220654
details:           Kyang    Ganj_Dareh_N    -0.000757   -3.985282
details:             Han    Ganj_Dareh_N    -0.000554   -3.876996
dscore:    Ganj_Dareh_N f4:    -0.004064 Z:    -2.281995

details:     Upper_YR_LN            Onge     0.000795    3.860739
details:           Kyang            Onge     0.000284    1.416267
details:             Han            Onge     0.000867    5.828516
dscore:            Onge f4:    -0.001770 Z:    -1.050686

details:     Upper_YR_LN      Villabruna    -0.000259   -0.909179
details:           Kyang      Villabruna    -0.000060   -0.232260
details:             Han      Villabruna    -0.000512   -2.668077
dscore:      Villabruna f4:    -0.000101 Z:    -0.044911

details:     Upper_YR_LN      DevilsGate     0.004239   16.251454
details:           Kyang      DevilsGate     0.002130    9.082571
details:             Han      DevilsGate     0.003632   20.036937
dscore:      DevilsGate f4:    -0.009728 Z:    -4.767465

details:     Upper_YR_LN       Sherpa.LC     0.002714   12.896785
details:           Kyang       Sherpa.LC     0.002899   14.375465
details:             Han       Sherpa.LC     0.001803   11.856845
dscore:       Sherpa.LC f4:     0.000340 Z:     0.208560

gendstat:                Mbuti           Anatolia_N    -0.169
gendstat:                Mbuti                  Ami     0.010
gendstat:                Mbuti                 Mixe    -3.187
gendstat:                Mbuti         Ganj_Dareh_N    -2.282
gendstat:                Mbuti                 Onge    -1.051
gendstat:                Mbuti           Villabruna    -0.045
gendstat:                Mbuti           DevilsGate    -4.767
gendstat:                Mbuti            Sherpa.LC     0.209
gendstat:           Anatolia_N                  Ami     0.172
gendstat:           Anatolia_N                 Mixe    -3.315
gendstat:           Anatolia_N         Ganj_Dareh_N    -2.538
gendstat:           Anatolia_N                 Onge    -0.963
gendstat:           Anatolia_N           Villabruna     0.075
gendstat:           Anatolia_N           DevilsGate    -4.899
gendstat:           Anatolia_N            Sherpa.LC     0.395
gendstat:                  Ami                 Mixe    -3.780
gendstat:                  Ami         Ganj_Dareh_N    -2.303
gendstat:                  Ami                 Onge    -1.185
gendstat:                  Ami           Villabruna    -0.053
gendstat:                  Ami           DevilsGate    -5.738
gendstat:                  Ami            Sherpa.LC     0.267
gendstat:                 Mixe         Ganj_Dareh_N     0.872
gendstat:                 Mixe                 Onge     2.185
gendstat:                 Mixe           Villabruna     2.394
gendstat:                 Mixe           DevilsGate    -2.115
gendstat:                 Mixe            Sherpa.LC     4.030
gendstat:         Ganj_Dareh_N                 Onge     1.243
gendstat:         Ganj_Dareh_N           Villabruna     1.790
gendstat:         Ganj_Dareh_N           DevilsGate    -2.613
gendstat:         Ganj_Dareh_N            Sherpa.LC     2.549
gendstat:                 Onge           Villabruna     0.735
gendstat:                 Onge           DevilsGate    -3.890
gendstat:                 Onge            Sherpa.LC     1.385
gendstat:           Villabruna           DevilsGate    -3.767
gendstat:           Villabruna            Sherpa.LC     0.200
gendstat:           DevilsGate            Sherpa.LC     5.869

## end of run
