/home/cliu7/utils/AdmixTools/bin/qpAdm: parameter file: temp/param/qpAdm_Tamang.Upper_YR_LN.Samdzong.Mala.parz3r41z0p
### THE INPUT PARAMETERS
##PARAMETER NAME: VALUE
DIR: data/intermediate
S1: HO_all_merged.qpAdm
indivname: data/intermediate/HO_all_merged.qpAdm.grouped.ind
snpname: data/intermediate/HO_all_merged.qpAdm.snp
genotypename: data/intermediate/HO_all_merged.qpAdm.geno
popleft: temp/param/left.z3r41z0p
popright: temp/param/right.z3r41z0p
details: YES
## qpAdm version: 810
seed: -1900742390
packed geno read OK
end of inpack

left pops:
Tamang
Upper_YR_LN
Samdzong
Mala

right pops:
Mbuti
Anatolia_N
Ami
Mixe
Ganj_Dareh_N
Onge
Villabruna
DevilsGate
Sherpa.LC

  0               Tamang    7
  1          Upper_YR_LN    7
  2             Samdzong    9
  3                 Mala   11
  4                Mbuti   10
  5           Anatolia_N   25
  6                  Ami   10
  7                 Mixe   10
  8         Ganj_Dareh_N    7
  9                 Onge   12
 10           Villabruna    1
 11           DevilsGate    4
 12            Sherpa.LC    9
jackknife block size:     0.050
snps: 498990  indivs: 122
number of blocks for block jackknife: 710
## ncols: 498990
coverage:               Tamang 498036
coverage:          Upper_YR_LN 496840
coverage:             Samdzong 498985
coverage:                 Mala 498990
coverage:                Mbuti 498990
coverage:           Anatolia_N 498137
coverage:                  Ami 498990
coverage:                 Mixe 498990
coverage:         Ganj_Dareh_N 457128
coverage:                 Onge 498990
coverage:           Villabruna 415230
coverage:           DevilsGate 498716
coverage:            Sherpa.LC 498990
dof (jackknife):   583.268
numsnps used: 416290
codimension 1
f4info: 
f4rank: 2 dof:      6 chisq:    14.727 tail:         0.0224871437 dofdiff:      8 chisqdiff:   -14.727 taildiff:                    1
B:
          scale     1.000     1.000 
     Anatolia_N    -0.260     0.020 
            Ami     1.392     0.698 
           Mixe     0.950     0.427 
   Ganj_Dareh_N    -0.385     1.025 
           Onge     0.332     0.422 
     Villabruna    -0.127     0.066 
     DevilsGate     1.539     0.763 
      Sherpa.LC     1.564    -2.349 
A:
          scale   252.248  3375.469 
    Upper_YR_LN     0.577     1.331 
       Samdzong     0.306    -1.078 
           Mala    -1.604     0.257 


full rank
f4info: 
f4rank: 3 dof:      0 chisq:     0.000 tail:                    1 dofdiff:      6 chisqdiff:    14.727 taildiff:         0.0224871437
B:
          scale     1.000     1.000     1.000 
     Anatolia_N    -0.260     0.134    -0.748 
            Ami     1.399     0.409     1.737 
           Mixe     0.962     0.344     0.436 
   Ganj_Dareh_N    -0.369     1.082    -0.122 
           Onge     0.335     0.243     0.911 
     Villabruna    -0.128     0.071     0.341 
     DevilsGate     1.565     0.745    -0.320 
      Sherpa.LC     1.529    -2.430    -1.780 
A:
          scale   254.395  2671.454  5974.587 
    Upper_YR_LN     0.616     1.403    -0.882 
       Samdzong     0.329    -0.442    -1.145 
           Mala    -1.585     0.914    -0.955 


best coefficients:     0.332     0.460     0.207 
Jackknife mean:      0.332329707     0.460300731     0.207369562 
      std. errors:     0.051     0.054     0.009 

error covariance (* 1000000)
      2639      -2760        121 
     -2760       2954       -194 
       121       -194         74 


summ: Tamang    3      0.022487     0.332     0.460     0.207  2639 -2760   121  2954  -194    74 

    fixed pat  wt  dof     chisq       tail prob
          000  0     6    14.727       0.0224871     0.332     0.460     0.207 
          001  1     7   224.499               0    -2.569     3.569    -0.000  infeasible
          010  1     7    74.999      1.4346e-13     0.763    -0.000     0.237 
          100  1     7    54.096     2.25125e-09    -0.000     0.811     0.189 
          011  2     8   540.427               0     1.000    -0.000    -0.000 
          101  2     8   365.111               0     0.000     1.000    -0.000 
          110  2     8  4444.670               0     0.000    -0.000     1.000 
best pat:          000        0.0224871              -  -
best pat:          100      2.25125e-09  chi(nested):    39.369 p-value for nested model:     3.50873e-10
best pat:          101      5.37573e-74  chi(nested):   311.015 p-value for nested model:     1.31285e-69

coeffs:     0.332     0.460     0.207 

## dscore:: f_4(Base, Fit, Rbase, right2)
## genstat:: f_4(Base, Fit, right1, right2)

details:     Upper_YR_LN      Anatolia_N    -0.000431   -2.356765
details:        Samdzong      Anatolia_N    -0.000279   -1.748532
details:            Mala      Anatolia_N     0.001760    9.462157
dscore:      Anatolia_N f4:     0.000093 Z:     0.748212

details:     Upper_YR_LN             Ami     0.003369   16.089187
details:        Samdzong             Ami     0.001352    6.957861
details:            Mala             Ami    -0.008909  -40.423779
dscore:             Ami f4:    -0.000105 Z:    -0.691114

details:     Upper_YR_LN            Mixe     0.002472   11.127322
details:        Samdzong            Mixe     0.001015    5.004279
details:            Mala            Mixe    -0.006013  -25.977684
dscore:            Mixe f4:     0.000042 Z:     0.263890

details:     Upper_YR_LN    Ganj_Dareh_N    -0.000267   -1.220470
details:        Samdzong    Ganj_Dareh_N    -0.000705   -3.669227
details:            Mala    Ganj_Dareh_N     0.002674   12.683058
dscore:    Ganj_Dareh_N f4:     0.000141 Z:     0.959602

details:     Upper_YR_LN            Onge     0.000798    3.859178
details:        Samdzong            Onge     0.000112    0.573902
details:            Mala            Onge    -0.002205  -10.715495
dscore:            Onge f4:    -0.000141 Z:    -0.955748

details:     Upper_YR_LN      Villabruna    -0.000260   -0.908976
details:        Samdzong      Villabruna    -0.000359   -1.440281
details:            Mala      Villabruna     0.000708    2.470721
dscore:      Villabruna f4:    -0.000105 Z:    -0.544819

details:     Upper_YR_LN      DevilsGate     0.004256   16.240458
details:        Samdzong      DevilsGate     0.001907    8.716564
details:            Mala      DevilsGate    -0.009527  -38.714712
dscore:      DevilsGate f4:     0.000317 Z:     1.832012

details:     Upper_YR_LN       Sherpa.LC     0.002725   12.891067
details:        Samdzong       Sherpa.LC     0.002656   13.776575
details:            Mala       Sherpa.LC    -0.010135  -47.638765
dscore:       Sherpa.LC f4:     0.000027 Z:     0.178949

gendstat:                Mbuti           Anatolia_N     0.748
gendstat:                Mbuti                  Ami    -0.691
gendstat:                Mbuti                 Mixe     0.264
gendstat:                Mbuti         Ganj_Dareh_N     0.960
gendstat:                Mbuti                 Onge    -0.956
gendstat:                Mbuti           Villabruna    -0.545
gendstat:                Mbuti           DevilsGate     1.832
gendstat:                Mbuti            Sherpa.LC     0.179
gendstat:           Anatolia_N                  Ami    -1.391
gendstat:           Anatolia_N                 Mixe    -0.347
gendstat:           Anatolia_N         Ganj_Dareh_N     0.388
gendstat:           Anatolia_N                 Onge    -1.721
gendstat:           Anatolia_N           Villabruna    -1.153
gendstat:           Anatolia_N           DevilsGate     1.378
gendstat:           Anatolia_N            Sherpa.LC    -0.471
gendstat:                  Ami                 Mixe     1.117
gendstat:                  Ami         Ganj_Dareh_N     1.540
gendstat:                  Ami                 Onge    -0.254
gendstat:                  Ami           Villabruna     0.001
gendstat:                  Ami           DevilsGate     3.114
gendstat:                  Ami            Sherpa.LC     1.203
gendstat:                 Mixe         Ganj_Dareh_N     0.607
gendstat:                 Mixe                 Onge    -1.153
gendstat:                 Mixe           Villabruna    -0.714
gendstat:                 Mixe           DevilsGate     1.798
gendstat:                 Mixe            Sherpa.LC    -0.116
gendstat:         Ganj_Dareh_N                 Onge    -1.764
gendstat:         Ganj_Dareh_N           Villabruna    -1.285
gendstat:         Ganj_Dareh_N           DevilsGate     0.958
gendstat:         Ganj_Dareh_N            Sherpa.LC    -0.718
gendstat:                 Onge           Villabruna     0.176
gendstat:                 Onge           DevilsGate     2.741
gendstat:                 Onge            Sherpa.LC     1.169
gendstat:           Villabruna           DevilsGate     1.902
gendstat:           Villabruna            Sherpa.LC     0.660
gendstat:           DevilsGate            Sherpa.LC    -2.049

## end of run
