/home/cliu7/utils/AdmixTools/bin/qpAdm: parameter file: temp/param/qpAdm_Tamang.YR_MN.Kyang.Han.par2mkfezno
### THE INPUT PARAMETERS
##PARAMETER NAME: VALUE
DIR: data/intermediate
S1: HO_all_merged.qpAdm
indivname: data/intermediate/HO_all_merged.qpAdm.grouped.ind
snpname: data/intermediate/HO_all_merged.qpAdm.snp
genotypename: data/intermediate/HO_all_merged.qpAdm.geno
popleft: temp/param/left.2mkfezno
popright: temp/param/right.2mkfezno
details: YES
## qpAdm version: 810
seed: -1454050542
packed geno read OK
end of inpack

left pops:
Tamang
YR_MN
Kyang
Han

right pops:
Mbuti
Anatolia_N
Ami
Mixe
Ganj_Dareh_N
Onge
Villabruna
DevilsGate
Sherpa.LC

  0               Tamang    7
  1                YR_MN    8
  2                Kyang    7
  3                  Han   33
  4                Mbuti   10
  5           Anatolia_N   25
  6                  Ami   10
  7                 Mixe   10
  8         Ganj_Dareh_N    7
  9                 Onge   12
 10           Villabruna    1
 11           DevilsGate    4
 12            Sherpa.LC    9
jackknife block size:     0.050
snps: 498990  indivs: 143
number of blocks for block jackknife: 710
## ncols: 498990
coverage:               Tamang 498036
coverage:                YR_MN 497089
coverage:                Kyang 498984
coverage:                  Han 498990
coverage:                Mbuti 498990
coverage:           Anatolia_N 498137
coverage:                  Ami 498990
coverage:                 Mixe 498990
coverage:         Ganj_Dareh_N 457128
coverage:                 Onge 498990
coverage:           Villabruna 415230
coverage:           DevilsGate 498716
coverage:            Sherpa.LC 498990
dof (jackknife):   583.441
numsnps used: 418262
codimension 1
f4info: 
f4rank: 2 dof:      6 chisq:    15.638 tail:         0.0158341164 dofdiff:      8 chisqdiff:   -15.638 taildiff:                    1
B:
          scale     1.000     1.000 
     Anatolia_N    -0.203    -0.146 
            Ami     1.935    -1.612 
           Mixe     0.904    -0.133 
   Ganj_Dareh_N    -0.284    -0.506 
           Onge     0.311    -0.204 
     Villabruna    -0.174     0.246 
     DevilsGate     1.489     0.418 
      Sherpa.LC     0.987     2.198 
A:
          scale   508.345  2156.588 
          YR_MN     0.968     0.079 
          Kyang     0.644     1.582 
            Han     1.284    -0.700 


full rank
f4info: 
f4rank: 3 dof:      0 chisq:     0.000 tail:                    1 dofdiff:      6 chisqdiff:    15.638 taildiff:         0.0158341164
B:
          scale     1.000     1.000     1.000 
     Anatolia_N    -0.220    -0.180     0.942 
            Ami     1.913    -1.544     0.617 
           Mixe     0.905    -0.086    -0.910 
   Ganj_Dareh_N    -0.298    -0.539    -0.379 
           Onge     0.303    -0.196     0.802 
     Villabruna    -0.170     0.239    -0.478 
     DevilsGate     1.492     0.465    -1.650 
      Sherpa.LC     1.018     2.231     1.472 
A:
          scale   507.725  2175.188  9349.738 
          YR_MN     0.970     0.100    -1.699 
          Kyang     0.627     1.528     0.326 
            Han     1.291    -0.809     0.079 


best coefficients:    11.117    -3.487    -6.630 
Jackknife mean:      7.813972141    -2.181560839    -4.632411301 
      std. errors:     5.861     2.330     3.561 

error covariance (* 1000000)
  34345474  -13547232  -20798242 
 -13547232    5430760    8116472 
 -20798242    8116472   12681769 


summ: Tamang    3      0.015834     7.814    -2.182    -4.632 34345474 -13547232 -20798242 5430760 8116472 12681769 

    fixed pat  wt  dof     chisq       tail prob
          000  0     6    15.638       0.0158341    11.117    -3.487    -6.630  infeasible
          001  1     7   308.571               0    -2.546     3.546    -0.000  infeasible
          010  1     7    56.380      7.9392e-10     2.892    -0.000    -1.892  infeasible
          100  1     7   392.286               0    -0.000     1.024    -0.024  infeasible
          011  2     8   486.855               0     1.000     0.000     0.000 
          101  2     8   392.852               0     0.000     1.000     0.000 
          110  2     8  1940.470               0     0.000    -0.000     1.000 
best pat:          000        0.0158341              -  -
best pat:          010       7.9392e-10  chi(nested):    40.742 p-value for nested model:      1.7375e-10 infeasible
best pat:          101      6.32841e-80 not nested

coeffs:    11.117    -3.487    -6.630 

## dscore:: f_4(Base, Fit, Rbase, right2)
## genstat:: f_4(Base, Fit, right1, right2)

details:           YR_MN      Anatolia_N    -0.000584   -2.875181
details:           Kyang      Anatolia_N    -0.000361   -2.226143
details:             Han      Anatolia_N    -0.000484   -3.998847
dscore:      Anatolia_N f4:    -0.002023 Z:    -1.048209

details:           YR_MN             Ami     0.003508   15.912517
details:           Kyang             Ami     0.001334    6.528244
details:             Han             Ami     0.005476   35.221932
dscore:             Ami f4:    -0.001956 Z:    -0.952326

details:           YR_MN            Mixe     0.001911    7.815837
details:           Kyang            Mixe     0.001058    4.854067
details:             Han            Mixe     0.002351   14.504409
dscore:            Mixe f4:     0.001970 Z:     0.854028

details:           YR_MN    Ganj_Dareh_N    -0.000523   -2.177886
details:           Kyang    Ganj_Dareh_N    -0.000757   -3.975903
details:             Han    Ganj_Dareh_N    -0.000556   -3.890750
dscore:    Ganj_Dareh_N f4:     0.000517 Z:     0.222884

details:           YR_MN            Onge     0.000417    1.749145
details:           Kyang            Onge     0.000289    1.442730
details:             Han            Onge     0.000862    5.793434
dscore:            Onge f4:    -0.002090 Z:    -0.938824

details:           YR_MN      Villabruna    -0.000201   -0.657409
details:           Kyang      Villabruna    -0.000047   -0.181816
details:             Han      Villabruna    -0.000519   -2.702061
dscore:      Villabruna f4:     0.001367 Z:     0.464145

details:           YR_MN      DevilsGate     0.003226   11.653082
details:           Kyang      DevilsGate     0.002144    9.134004
details:             Han      DevilsGate     0.003640   20.079624
dscore:      DevilsGate f4:     0.004257 Z:     1.692161

details:           YR_MN       Sherpa.LC     0.001813    8.092659
details:           Kyang       Sherpa.LC     0.002910   14.412344
details:             Han       Sherpa.LC     0.001800   11.827472
dscore:       Sherpa.LC f4:    -0.001933 Z:    -0.952569

gendstat:                Mbuti           Anatolia_N    -1.048
gendstat:                Mbuti                  Ami    -0.952
gendstat:                Mbuti                 Mixe     0.854
gendstat:                Mbuti         Ganj_Dareh_N     0.223
gendstat:                Mbuti                 Onge    -0.939
gendstat:                Mbuti           Villabruna     0.464
gendstat:                Mbuti           DevilsGate     1.692
gendstat:                Mbuti            Sherpa.LC    -0.953
gendstat:           Anatolia_N                  Ami     0.034
gendstat:           Anatolia_N                 Mixe     1.846
gendstat:           Anatolia_N         Ganj_Dareh_N     1.327
gendstat:           Anatolia_N                 Onge    -0.032
gendstat:           Anatolia_N           Villabruna     1.348
gendstat:           Anatolia_N           DevilsGate     2.630
gendstat:           Anatolia_N            Sherpa.LC     0.047
gendstat:                  Ami                 Mixe     1.986
gendstat:                  Ami         Ganj_Dareh_N     1.110
gendstat:                  Ami                 Onge    -0.068
gendstat:                  Ami           Villabruna     1.105
gendstat:                  Ami           DevilsGate     2.832
gendstat:                  Ami            Sherpa.LC     0.014
gendstat:                 Mixe         Ganj_Dareh_N    -0.601
gendstat:                 Mixe                 Onge    -1.755
gendstat:                 Mixe           Villabruna    -0.197
gendstat:                 Mixe           DevilsGate     0.926
gendstat:                 Mixe            Sherpa.LC    -1.940
gendstat:         Ganj_Dareh_N                 Onge    -1.071
gendstat:         Ganj_Dareh_N           Villabruna     0.298
gendstat:         Ganj_Dareh_N           DevilsGate     1.418
gendstat:         Ganj_Dareh_N            Sherpa.LC    -1.090
gendstat:                 Onge           Villabruna     1.111
gendstat:                 Onge           DevilsGate     2.448
gendstat:                 Onge            Sherpa.LC     0.078
gendstat:           Villabruna           DevilsGate     0.883
gendstat:           Villabruna            Sherpa.LC    -1.128
gendstat:           DevilsGate            Sherpa.LC    -2.840

## end of run
