/home/cliu7/utils/AdmixTools/bin/qpAdm: parameter file: temp/param/qpAdm_Tamang.Naxi.Samdzong.Pulliyar.parfpw1brdd
### THE INPUT PARAMETERS
##PARAMETER NAME: VALUE
DIR: data/intermediate
S1: HO_all_merged.qpAdm
indivname: data/intermediate/HO_all_merged.qpAdm.grouped.ind
snpname: data/intermediate/HO_all_merged.qpAdm.snp
genotypename: data/intermediate/HO_all_merged.qpAdm.geno
popleft: temp/param/left.fpw1brdd
popright: temp/param/right.fpw1brdd
details: YES
## qpAdm version: 810
seed: -477359718
packed geno read OK
end of inpack

left pops:
Tamang
Naxi
Samdzong
Pulliyar

right pops:
Mbuti
Anatolia_N
Ami
Mixe
Ganj_Dareh_N
Onge
Villabruna
DevilsGate
Sherpa.LC

  0               Tamang    7
  1                 Naxi    9
  2             Samdzong    9
  3             Pulliyar   35
  4                Mbuti   10
  5           Anatolia_N   25
  6                  Ami   10
  7                 Mixe   10
  8         Ganj_Dareh_N    7
  9                 Onge   12
 10           Villabruna    1
 11           DevilsGate    4
 12            Sherpa.LC    9
jackknife block size:     0.050
snps: 498990  indivs: 148
number of blocks for block jackknife: 710
## ncols: 498990
coverage:               Tamang 498036
coverage:                 Naxi 498990
coverage:             Samdzong 498985
coverage:             Pulliyar 459213
coverage:                Mbuti 498990
coverage:           Anatolia_N 498137
coverage:                  Ami 498990
coverage:                 Mixe 498990
coverage:         Ganj_Dareh_N 457128
coverage:                 Onge 498990
coverage:           Villabruna 415230
coverage:           DevilsGate 498716
coverage:            Sherpa.LC 498990
dof (jackknife):   584.905
numsnps used: 388478
codimension 1
f4info: 
f4rank: 2 dof:      6 chisq:     4.423 tail:          0.619688546 dofdiff:      8 chisqdiff:    -4.423 taildiff:                    1
B:
          scale     1.000     1.000 
     Anatolia_N    -0.191    -0.097 
            Ami     1.450     1.600 
           Mixe     0.989     0.181 
   Ganj_Dareh_N    -0.319     0.429 
           Onge     0.271     0.584 
     Villabruna    -0.103    -0.062 
     DevilsGate     1.514     0.101 
      Sherpa.LC     1.551    -2.204 
A:
          scale   262.005  3172.834 
           Naxi     0.553     1.309 
       Samdzong     0.354    -0.979 
       Pulliyar    -1.603     0.573 


full rank
f4info: 
f4rank: 3 dof:      0 chisq:     0.000 tail:                    1 dofdiff:      6 chisqdiff:     4.423 taildiff:          0.619688546
B:
          scale     1.000     1.000     1.000 
     Anatolia_N    -0.193     0.100    -0.103 
            Ami     1.468    -1.447     1.692 
           Mixe     0.985     0.095     0.436 
   Ganj_Dareh_N    -0.321    -0.336     0.492 
           Onge     0.275    -0.567     0.538 
     Villabruna    -0.113     0.302     0.190 
     DevilsGate     1.517     0.053     0.199 
      Sherpa.LC     1.530     2.315    -2.080 
A:
          scale   264.943  2162.513  2528.507 
           Naxi     0.565    -0.960    -0.107 
       Samdzong     0.370    -0.557    -1.468 
       Pulliyar    -1.595    -1.330    -0.913 


best coefficients:     0.286     0.504     0.210 
Jackknife mean:      0.285958006     0.503991795     0.210050199 
      std. errors:     0.039     0.041     0.009 

error covariance (* 1000000)
      1527      -1562         35 
     -1562       1672       -110 
        35       -110         76 


summ: Tamang    3      0.619689     0.286     0.504     0.210  1527 -1562    35  1672  -110    76 

    fixed pat  wt  dof     chisq       tail prob
          000  0     6     4.423        0.619689     0.286     0.504     0.210 
          001  1     7   285.522               0    -1.076     2.076    -0.000  infeasible
          010  1     7   138.046     1.30462e-26     0.761    -0.000     0.239 
          100  1     7    45.828     9.44409e-08     0.000     0.800     0.200 
          011  2     8   749.979               0     1.000    -0.000    -0.000 
          101  2     8   367.823               0     0.000     1.000    -0.000 
          110  2     8  3660.984               0     0.000    -0.000     1.000 
best pat:          000         0.619689              -  -
best pat:          100      9.44409e-08  chi(nested):    41.405 p-value for nested model:     1.23742e-10
best pat:          101      1.41596e-74  chi(nested):   321.995 p-value for nested model:     5.32444e-72

coeffs:     0.286     0.504     0.210 

## dscore:: f_4(Base, Fit, Rbase, right2)
## genstat:: f_4(Base, Fit, right1, right2)

details:            Naxi      Anatolia_N    -0.000453   -3.074363
details:        Samdzong      Anatolia_N    -0.000295   -1.813280
details:        Pulliyar      Anatolia_N     0.001076    5.380056
dscore:      Anatolia_N f4:    -0.000052 Z:    -0.415518

details:            Naxi             Ami     0.003706   21.742083
details:        Samdzong             Ami     0.001387    6.972955
details:        Pulliyar             Ami    -0.008674  -36.397066
dscore:             Ami f4:    -0.000064 Z:    -0.412530

details:            Naxi            Mixe     0.002028   11.280932
details:        Samdzong            Mixe     0.001029    4.965085
details:        Pulliyar            Mixe    -0.006247  -25.700835
dscore:            Mixe f4:    -0.000214 Z:    -1.314142

details:            Naxi    Ganj_Dareh_N    -0.000562   -3.387413
details:        Samdzong    Ganj_Dareh_N    -0.000733   -3.765012
details:        Pulliyar    Ganj_Dareh_N     0.001913    8.389461
dscore:    Ganj_Dareh_N f4:    -0.000128 Z:    -0.865008

details:            Naxi            Onge     0.000835    4.808764
details:        Samdzong            Onge     0.000154    0.774673
details:        Pulliyar            Onge    -0.001566   -6.961518
dscore:            Onge f4:    -0.000013 Z:    -0.083841

details:            Naxi      Villabruna    -0.000431   -1.981914
details:        Samdzong      Villabruna    -0.000439   -1.724431
details:        Pulliyar      Villabruna     0.000358    1.168401
dscore:      Villabruna f4:    -0.000270 Z:    -1.400069

details:            Naxi      DevilsGate     0.003195   16.230459
details:        Samdzong      DevilsGate     0.001942    8.646276
details:        Pulliyar      DevilsGate    -0.009350  -35.237230
dscore:      DevilsGate f4:    -0.000072 Z:    -0.408134

details:            Naxi       Sherpa.LC     0.002328   13.826564
details:        Samdzong       Sherpa.LC     0.002697   13.781443
details:        Pulliyar       Sherpa.LC    -0.009994  -43.260505
dscore:       Sherpa.LC f4:    -0.000074 Z:    -0.483896

gendstat:                Mbuti           Anatolia_N    -0.416
gendstat:                Mbuti                  Ami    -0.413
gendstat:                Mbuti                 Mixe    -1.314
gendstat:                Mbuti         Ganj_Dareh_N    -0.865
gendstat:                Mbuti                 Onge    -0.084
gendstat:                Mbuti           Villabruna    -1.400
gendstat:                Mbuti           DevilsGate    -0.408
gendstat:                Mbuti            Sherpa.LC    -0.484
gendstat:           Anatolia_N                  Ami    -0.083
gendstat:           Anatolia_N                 Mixe    -1.095
gendstat:           Anatolia_N         Ganj_Dareh_N    -0.616
gendstat:           Anatolia_N                 Onge     0.289
gendstat:           Anatolia_N           Villabruna    -1.267
gendstat:           Anatolia_N           DevilsGate    -0.118
gendstat:           Anatolia_N            Sherpa.LC    -0.155
gendstat:                  Ami                 Mixe    -1.172
gendstat:                  Ami         Ganj_Dareh_N    -0.395
gendstat:                  Ami                 Onge     0.365
gendstat:                  Ami           Villabruna    -1.006
gendstat:                  Ami           DevilsGate    -0.058
gendstat:                  Ami            Sherpa.LC    -0.090
gendstat:                 Mixe         Ganj_Dareh_N     0.523
gendstat:                 Mixe                 Onge     1.313
gendstat:                 Mixe           Villabruna    -0.271
gendstat:                 Mixe           DevilsGate     0.911
gendstat:                 Mixe            Sherpa.LC     1.092
gendstat:         Ganj_Dareh_N                 Onge     0.733
gendstat:         Ganj_Dareh_N           Villabruna    -0.723
gendstat:         Ganj_Dareh_N           DevilsGate     0.307
gendstat:         Ganj_Dareh_N            Sherpa.LC     0.337
gendstat:                 Onge           Villabruna    -1.261
gendstat:                 Onge           DevilsGate    -0.354
gendstat:                 Onge            Sherpa.LC    -0.431
gendstat:           Villabruna           DevilsGate     0.889
gendstat:           Villabruna            Sherpa.LC     0.965
gendstat:           DevilsGate            Sherpa.LC    -0.016

## end of run
