/home/cliu7/utils/AdmixTools/bin/qpWave: parameter file: temp/param/qpAdm_Tamang.Naxi.UpperMustang.LC.Mala.par1gctoq3q
### THE INPUT PARAMETERS
##PARAMETER NAME: VALUE
DIR: data/intermediate
S1: HO_all_merged.qpAdm
indivname: data/intermediate/HO_all_merged.qpAdm.grouped.ind
snpname: data/intermediate/HO_all_merged.qpAdm.snp
genotypename: data/intermediate/HO_all_merged.qpAdm.geno
popleft: temp/param/left.1gctoq3q
popright: temp/param/right.1gctoq3q
details: YES
## qpWave version: 410
packed geno read OK
end of inpack

left pops:
Tamang
Naxi
UpperMustang.LC
Mala

right pops:
Mbuti
Anatolia_N
Ami
Mixe
Ganj_Dareh_N
Onge
Villabruna
DevilsGate
Sherpa.LC

  0               Tamang    7
  1                 Naxi    9
  2      UpperMustang.LC   11
  3                 Mala   11
  4                Mbuti   10
  5           Anatolia_N   25
  6                  Ami   10
  7                 Mixe   10
  8         Ganj_Dareh_N    7
  9                 Onge   12
 10           Villabruna    1
 11           DevilsGate    4
 12            Sherpa.LC    9
jackknife block size:     0.050
snps: 498990  indivs: 126
number of blocks for block jackknife: 710
dof (jackknife):   583.391
numsnps used: 417389
f4info: 
f4rank: 0 dof:     24 chisq:  7280.789 tail:                    0 dofdiff:      0 chisqdiff:     0.000 taildiff:                    1

f4info: 
f4rank: 1 dof:     14 chisq:   450.956 tail:        2.2345101e-87 dofdiff:     10 chisqdiff:  6829.833 taildiff:                    0
B:
          scale     1.000 
     Anatolia_N    -0.245 
            Ami     1.444 
           Mixe     0.923 
   Ganj_Dareh_N    -0.422 
           Onge     0.344 
     Villabruna    -0.110 
     DevilsGate     1.517 
      Sherpa.LC     1.547 
A:
          scale   252.454 
           Naxi     0.474 
UpperMustang.LC     0.394 
           Mala    -1.619 

f4info: 
f4rank: 2 dof:      6 chisq:     2.455 tail:          0.873490282 dofdiff:      8 chisqdiff:   448.501 taildiff:       7.74745767e-92
B:
          scale     1.000     1.000 
     Anatolia_N    -0.272     0.200 
            Ami     1.428     1.719 
           Mixe     0.946     0.257 
   Ganj_Dareh_N    -0.412     0.640 
           Onge     0.338     0.580 
     Villabruna    -0.124    -0.262 
     DevilsGate     1.498     0.301 
      Sherpa.LC     1.565    -2.008 
A:
          scale   253.547  3478.626 
           Naxi     0.515     1.519 
UpperMustang.LC     0.364    -0.768 
           Mala    -1.613     0.318 

f4info: 
f4rank: 3 dof:      0 chisq:     0.000 tail:                    1 dofdiff:      6 chisqdiff:     2.455 taildiff:          0.873490282
B:
          scale     1.000     1.000     1.000 
     Anatolia_N    -0.275     0.183     0.225 
            Ami     1.426     1.770    -0.752 
           Mixe     0.945     0.247     0.415 
   Ganj_Dareh_N    -0.415     0.607     0.365 
           Onge     0.342     0.476     2.277 
     Villabruna    -0.122    -0.312     1.340 
     DevilsGate     1.497     0.312     0.295 
      Sherpa.LC     1.565    -1.996    -0.105 
A:
          scale   253.737  3505.859 16989.932 
           Naxi     0.506     1.503    -0.696 
UpperMustang.LC     0.353    -0.809    -1.490 
           Mala    -1.618     0.293    -0.543 

## end of run
