/home/cliu7/utils/AdmixTools/bin/qpWave: parameter file: temp/param/qpAdm_Tamang.YR_MN.Rhirhi.Southeast_China.par7u4o1lz4
### THE INPUT PARAMETERS
##PARAMETER NAME: VALUE
DIR: data/intermediate
S1: HO_all_merged.qpAdm
indivname: data/intermediate/HO_all_merged.qpAdm.grouped.ind
snpname: data/intermediate/HO_all_merged.qpAdm.snp
genotypename: data/intermediate/HO_all_merged.qpAdm.geno
popleft: temp/param/left.7u4o1lz4
popright: temp/param/right.7u4o1lz4
details: YES
## qpWave version: 410
packed geno read OK
end of inpack

left pops:
Tamang
YR_MN
Rhirhi
Southeast_China

right pops:
Mbuti
Anatolia_N
Ami
Mixe
Ganj_Dareh_N
Onge
Villabruna
DevilsGate
Sherpa.LC

  0               Tamang    7
  1                YR_MN    8
  2               Rhirhi    4
  3      Southeast_China   97
  4                Mbuti   10
  5           Anatolia_N   25
  6                  Ami   10
  7                 Mixe   10
  8         Ganj_Dareh_N    7
  9                 Onge   12
 10           Villabruna    1
 11           DevilsGate    4
 12            Sherpa.LC    9
jackknife block size:     0.050
snps: 498990  indivs: 204
number of blocks for block jackknife: 710
dof (jackknife):   583.595
numsnps used: 413464
f4info: 
f4rank: 0 dof:     24 chisq:  3058.917 tail:                    0 dofdiff:      0 chisqdiff:     0.000 taildiff:                    1

f4info: 
f4rank: 1 dof:     14 chisq:   284.934 tail:       1.62484866e-52 dofdiff:     10 chisqdiff:  2773.983 taildiff:                    0
B:
          scale     1.000 
     Anatolia_N    -0.205 
            Ami     2.552 
           Mixe     0.634 
   Ganj_Dareh_N    -0.238 
           Onge     0.451 
     Villabruna    -0.343 
     DevilsGate     0.809 
      Sherpa.LC     0.093 
A:
          scale   741.469 
          YR_MN     0.756 
         Rhirhi    -0.076 
Southeast_China     1.557 

f4info: 
f4rank: 2 dof:      6 chisq:    16.534 tail:         0.0111558315 dofdiff:      8 chisqdiff:   268.400 taildiff:       2.15054992e-53
B:
          scale     1.000     1.000 
     Anatolia_N    -0.281    -0.227 
            Ami     2.127    -1.552 
           Mixe     0.807     0.237 
   Ganj_Dareh_N    -0.306    -0.314 
           Onge     0.287    -0.572 
     Villabruna    -0.169     0.470 
     DevilsGate     1.400     1.336 
      Sherpa.LC     0.763     1.747 
A:
          scale   538.248  1886.261 
          YR_MN     1.004     0.523 
         Rhirhi     0.536     1.369 
Southeast_China     1.305    -0.923 

f4info: 
f4rank: 3 dof:      0 chisq:     0.000 tail:                    1 dofdiff:      6 chisqdiff:    16.534 taildiff:         0.0111558315
B:
          scale     1.000     1.000     1.000 
     Anatolia_N    -0.286    -0.290     0.275 
            Ami     2.116    -1.521    -0.780 
           Mixe     0.836     0.163     1.732 
   Ganj_Dareh_N    -0.306    -0.434     1.210 
           Onge     0.293    -0.571     0.067 
     Villabruna    -0.182     0.448     0.079 
     DevilsGate     1.400     1.244     1.134 
      Sherpa.LC     0.754     1.820    -1.248 
A:
          scale   536.316  1926.323  8912.950 
          YR_MN     1.036     0.567     1.267 
         Rhirhi     0.486     1.332    -0.994 
Southeast_China     1.300    -0.951    -0.637 

## end of run
