/home/cliu7/utils/AdmixTools/bin/qpAdm: parameter file: temp/param/qpAdm_Tamang.Naxi.Chokhopani.Pathan.parsj3i98lv
### THE INPUT PARAMETERS
##PARAMETER NAME: VALUE
DIR: data/intermediate
S1: HO_all_merged.qpAdm
indivname: data/intermediate/HO_all_merged.qpAdm.grouped.ind
snpname: data/intermediate/HO_all_merged.qpAdm.snp
genotypename: data/intermediate/HO_all_merged.qpAdm.geno
popleft: temp/param/left.sj3i98lv
popright: temp/param/right.sj3i98lv
details: YES
## qpAdm version: 810
seed: 1743054474
packed geno read OK
end of inpack

left pops:
Tamang
Naxi
Chokhopani
Pathan

right pops:
Mbuti
Anatolia_N
Ami
Mixe
Ganj_Dareh_N
Onge
Villabruna
DevilsGate
Sherpa.LC

  0               Tamang    7
  1                 Naxi    9
  2           Chokhopani    2
  3               Pathan   18
  4                Mbuti   10
  5           Anatolia_N   25
  6                  Ami   10
  7                 Mixe   10
  8         Ganj_Dareh_N    7
  9                 Onge   12
 10           Villabruna    1
 11           DevilsGate    4
 12            Sherpa.LC    9
jackknife block size:     0.050
snps: 498990  indivs: 124
number of blocks for block jackknife: 710
## ncols: 498990
coverage:               Tamang 498036
coverage:                 Naxi 498990
coverage:           Chokhopani 498917
coverage:               Pathan 498990
coverage:                Mbuti 498990
coverage:           Anatolia_N 498137
coverage:                  Ami 498990
coverage:                 Mixe 498990
coverage:         Ganj_Dareh_N 457128
coverage:                 Onge 498990
coverage:           Villabruna 415230
coverage:           DevilsGate 498716
coverage:            Sherpa.LC 498990
dof (jackknife):   583.389
numsnps used: 415327
codimension 1
f4info: 
f4rank: 2 dof:      6 chisq:    13.487 tail:         0.0359281686 dofdiff:      8 chisqdiff:   -13.487 taildiff:                    1
B:
          scale     1.000     1.000 
     Anatolia_N    -0.609     0.985 
            Ami     1.403     1.513 
           Mixe     0.784     0.638 
   Ganj_Dareh_N    -0.632     0.939 
           Onge     0.602    -0.889 
     Villabruna    -0.460     0.564 
     DevilsGate     1.418     0.152 
      Sherpa.LC     1.437    -1.524 
A:
          scale   198.854  2992.745 
           Naxi     0.389     1.489 
     Chokhopani     0.247    -0.459 
         Pathan    -1.670     0.757 


full rank
f4info: 
f4rank: 3 dof:      0 chisq:     0.000 tail:                    1 dofdiff:      6 chisqdiff:    13.487 taildiff:         0.0359281686
B:
          scale     1.000     1.000     1.000 
     Anatolia_N    -0.593     1.136    -0.849 
            Ami     1.424     1.249     1.847 
           Mixe     0.791     0.495     0.735 
   Ganj_Dareh_N    -0.620     1.050    -0.014 
           Onge     0.587    -0.946     0.113 
     Villabruna    -0.451     0.640     0.327 
     DevilsGate     1.428     0.070    -0.399 
      Sherpa.LC     1.422    -1.578    -1.746 
A:
          scale   201.432  2328.330  6025.755 
           Naxi     0.420     1.290    -0.312 
     Chokhopani     0.289     0.207    -1.579 
         Pathan    -1.655     1.138    -0.641 


best coefficients:     0.148     0.712     0.140 
Jackknife mean:      0.153729847     0.706315987     0.139954166 
      std. errors:     0.070     0.072     0.009 

error covariance (* 1000000)
      4905      -5033        127 
     -5033       5233       -201 
       127       -201         73 


summ: Tamang    3      0.035928     0.154     0.706     0.140  4905 -5033   127  5233  -201    73 

    fixed pat  wt  dof     chisq       tail prob
          000  0     6    13.487       0.0359282     0.148     0.712     0.140 
          001  1     7    92.943     3.07317e-17    -1.504     2.504     0.000  infeasible
          010  1     7   189.489               0     0.837    -0.000     0.163 
          100  1     7    15.023       0.0357047     0.000     0.864     0.136 
          011  2     8   749.329               0     1.000    -0.000    -0.000 
          101  2     8   180.384               0     0.000     1.000    -0.000 
          110  2     8  6989.177               0     0.000    -0.000     1.000 
best pat:          000        0.0359282              -  -
best pat:          100        0.0357047  chi(nested):     1.537 p-value for nested model:        0.215136
best pat:          101      8.54959e-35  chi(nested):   165.361 p-value for nested model:      7.6282e-38

coeffs:     0.148     0.712     0.140 

## dscore:: f_4(Base, Fit, Rbase, right2)
## genstat:: f_4(Base, Fit, right1, right2)

details:            Naxi      Anatolia_N    -0.000481   -3.288928
details:      Chokhopani      Anatolia_N    -0.000618   -2.772675
details:          Pathan      Anatolia_N     0.005552   29.145675
dscore:      Anatolia_N f4:     0.000265 Z:     1.517501

details:            Naxi             Ami     0.003650   21.645079
details:      Chokhopani             Ami     0.001621    6.415364
details:          Pathan             Ami    -0.011330  -48.949334
dscore:             Ami f4:     0.000112 Z:     0.557155

details:            Naxi            Mixe     0.001983   11.210545
details:      Chokhopani            Mixe     0.000915    3.310236
details:          Pathan            Mixe    -0.006379  -25.553315
dscore:            Mixe f4:     0.000054 Z:     0.247808

details:            Naxi    Ganj_Dareh_N    -0.000585   -3.584631
details:      Chokhopani    Ganj_Dareh_N    -0.000833   -3.007882
details:          Pathan    Ganj_Dareh_N     0.005675   25.930781
dscore:    Ganj_Dareh_N f4:     0.000114 Z:     0.531338

details:            Naxi            Onge     0.000797    4.671250
details:      Chokhopani            Onge     0.000648    2.535898
details:          Pathan            Onge    -0.005283  -24.695383
dscore:            Onge f4:    -0.000158 Z:    -0.795464

details:            Naxi      Villabruna    -0.000434   -2.016077
details:      Chokhopani      Villabruna    -0.000828   -2.389017
details:          Pathan      Villabruna     0.004105   14.352386
dscore:      Villabruna f4:    -0.000080 Z:    -0.296844

details:            Naxi      DevilsGate     0.003122   16.091101
details:      Chokhopani      DevilsGate     0.002173    7.196467
details:          Pathan      DevilsGate    -0.011715  -44.995522
dscore:      DevilsGate f4:     0.000373 Z:     1.577576

details:            Naxi       Sherpa.LC     0.002280   13.692910
details:      Chokhopani       Sherpa.LC     0.002312    9.352435
details:          Pathan       Sherpa.LC    -0.012302  -56.535672
dscore:       Sherpa.LC f4:     0.000265 Z:     1.356145

gendstat:                Mbuti           Anatolia_N     1.518
gendstat:                Mbuti                  Ami     0.557
gendstat:                Mbuti                 Mixe     0.248
gendstat:                Mbuti         Ganj_Dareh_N     0.531
gendstat:                Mbuti                 Onge    -0.795
gendstat:                Mbuti           Villabruna    -0.297
gendstat:                Mbuti           DevilsGate     1.578
gendstat:                Mbuti            Sherpa.LC     1.356
gendstat:           Anatolia_N                  Ami    -0.794
gendstat:           Anatolia_N                 Mixe    -1.004
gendstat:           Anatolia_N         Ganj_Dareh_N    -0.871
gendstat:           Anatolia_N                 Onge    -2.246
gendstat:           Anatolia_N           Villabruna    -1.482
gendstat:           Anatolia_N           DevilsGate     0.459
gendstat:           Anatolia_N            Sherpa.LC     0.003
gendstat:                  Ami                 Mixe    -0.316
gendstat:                  Ami         Ganj_Dareh_N     0.009
gendstat:                  Ami                 Onge    -1.402
gendstat:                  Ami           Villabruna    -0.683
gendstat:                  Ami           DevilsGate     1.402
gendstat:                  Ami            Sherpa.LC     1.029
gendstat:                 Mixe         Ganj_Dareh_N     0.251
gendstat:                 Mixe                 Onge    -0.984
gendstat:                 Mixe           Villabruna    -0.458
gendstat:                 Mixe           DevilsGate     1.476
gendstat:                 Mixe            Sherpa.LC     1.178
gendstat:         Ganj_Dareh_N                 Onge    -1.238
gendstat:         Ganj_Dareh_N           Villabruna    -0.704
gendstat:         Ganj_Dareh_N           DevilsGate     0.979
gendstat:         Ganj_Dareh_N            Sherpa.LC     0.672
gendstat:                 Onge           Villabruna     0.278
gendstat:                 Onge           DevilsGate     2.187
gendstat:                 Onge            Sherpa.LC     2.094
gendstat:           Villabruna           DevilsGate     1.435
gendstat:           Villabruna            Sherpa.LC     1.235
gendstat:           DevilsGate            Sherpa.LC    -0.566

## end of run
