/home/cliu7/utils/AdmixTools/bin/qpWave: parameter file: temp/param/qpAdm_Tamang.Naga.Chokhopani.Han.par_wtigdbp
### THE INPUT PARAMETERS
##PARAMETER NAME: VALUE
DIR: data/intermediate
S1: HO_all_merged.qpAdm
indivname: data/intermediate/HO_all_merged.qpAdm.grouped.ind
snpname: data/intermediate/HO_all_merged.qpAdm.snp
genotypename: data/intermediate/HO_all_merged.qpAdm.geno
popleft: temp/param/left._wtigdbp
popright: temp/param/right._wtigdbp
details: YES
## qpWave version: 410
packed geno read OK
end of inpack

left pops:
Tamang
Naga
Chokhopani
Han

right pops:
Mbuti
Anatolia_N
Ami
Mixe
Ganj_Dareh_N
Onge
Villabruna
DevilsGate
Sherpa.LC

  0               Tamang    7
  1                 Naga    6
  2           Chokhopani    2
  3                  Han   33
  4                Mbuti   10
  5           Anatolia_N   25
  6                  Ami   10
  7                 Mixe   10
  8         Ganj_Dareh_N    7
  9                 Onge   12
 10           Villabruna    1
 11           DevilsGate    4
 12            Sherpa.LC    9
jackknife block size:     0.050
snps: 498990  indivs: 136
number of blocks for block jackknife: 710
dof (jackknife):   583.434
numsnps used: 419593
f4info: 
f4rank: 0 dof:     24 chisq:  2585.417 tail:                    0 dofdiff:      0 chisqdiff:     0.000 taildiff:                    1

f4info: 
f4rank: 1 dof:     14 chisq:   408.076 tail:       2.51916581e-78 dofdiff:     10 chisqdiff:  2177.341 taildiff:                    0
B:
          scale     1.000 
     Anatolia_N    -0.068 
            Ami     2.210 
           Mixe     0.898 
   Ganj_Dareh_N    -0.124 
           Onge     0.307 
     Villabruna    -0.131 
     DevilsGate     1.404 
      Sherpa.LC     0.458 
A:
          scale   674.607 
           Naga     0.710 
     Chokhopani     0.232 
            Han     1.563 

f4info: 
f4rank: 2 dof:      6 chisq:    11.444 tail:         0.0755789146 dofdiff:      8 chisqdiff:   396.632 taildiff:       9.84062892e-81
B:
          scale     1.000     1.000 
     Anatolia_N    -0.238     0.377 
            Ami     1.824     1.816 
           Mixe     0.959    -0.131 
   Ganj_Dareh_N    -0.290     0.608 
           Onge     0.372    -0.136 
     Villabruna    -0.196     0.126 
     DevilsGate     1.514    -0.428 
      Sherpa.LC     1.069    -1.989 
A:
          scale   491.246  2461.407 
           Naga     0.970    -0.671 
     Chokhopani     0.668    -1.138 
            Han     1.270     1.120 

f4info: 
f4rank: 3 dof:      0 chisq:     0.000 tail:                    1 dofdiff:      6 chisqdiff:    11.444 taildiff:         0.0755789146
B:
          scale     1.000     1.000     1.000 
     Anatolia_N    -0.264     0.459     0.355 
            Ami     1.834     1.720    -0.675 
           Mixe     0.929     0.157     1.703 
   Ganj_Dareh_N    -0.326     0.680     0.534 
           Onge     0.370    -0.229    -0.403 
     Villabruna    -0.250     0.500     1.985 
     DevilsGate     1.510    -0.447     0.143 
      Sherpa.LC     1.058    -1.960     0.333 
A:
          scale   499.847  2432.342  8465.756 
           Naga     0.982    -0.619     1.285 
     Chokhopani     0.645    -1.199    -1.070 
            Han     1.273     1.086    -0.449 

## end of run
