/home/cliu7/utils/AdmixTools/bin/qpAdm: parameter file: temp/param/qpAdm_Tamang.YR_MN.Lubrak.Mala.paroydd9l4m
### THE INPUT PARAMETERS
##PARAMETER NAME: VALUE
DIR: data/intermediate
S1: HO_all_merged.qpAdm
indivname: data/intermediate/HO_all_merged.qpAdm.grouped.ind
snpname: data/intermediate/HO_all_merged.qpAdm.snp
genotypename: data/intermediate/HO_all_merged.qpAdm.geno
popleft: temp/param/left.oydd9l4m
popright: temp/param/right.oydd9l4m
details: YES
## qpAdm version: 810
seed: 895554379
packed geno read OK
end of inpack

left pops:
Tamang
YR_MN
Lubrak
Mala

right pops:
Mbuti
Anatolia_N
Ami
Mixe
Ganj_Dareh_N
Onge
Villabruna
DevilsGate
Sherpa.LC

  0               Tamang    7
  1                YR_MN    8
  2               Lubrak    2
  3                 Mala   11
  4                Mbuti   10
  5           Anatolia_N   25
  6                  Ami   10
  7                 Mixe   10
  8         Ganj_Dareh_N    7
  9                 Onge   12
 10           Villabruna    1
 11           DevilsGate    4
 12            Sherpa.LC    9
jackknife block size:     0.050
snps: 498990  indivs: 116
number of blocks for block jackknife: 710
## ncols: 498990
coverage:               Tamang 498036
coverage:                YR_MN 497089
coverage:               Lubrak 327444
coverage:                 Mala 498990
coverage:                Mbuti 498990
coverage:           Anatolia_N 498137
coverage:                  Ami 498990
coverage:                 Mixe 498990
coverage:         Ganj_Dareh_N 457128
coverage:                 Onge 498990
coverage:           Villabruna 415230
coverage:           DevilsGate 498716
coverage:            Sherpa.LC 498990
dof (jackknife):   583.101
numsnps used: 304809
codimension 1
f4info: 
f4rank: 2 dof:      6 chisq:     8.006 tail:          0.237669293 dofdiff:      8 chisqdiff:    -8.006 taildiff:                    1
B:
          scale     1.000     1.000 
     Anatolia_N    -0.283     0.233 
            Ami     1.427    -1.593 
           Mixe     0.944    -0.527 
   Ganj_Dareh_N    -0.410    -0.185 
           Onge     0.316     0.021 
     Villabruna    -0.109     0.408 
     DevilsGate     1.518    -0.252 
      Sherpa.LC     1.551     2.206 
A:
          scale   256.556  2783.479 
          YR_MN     0.488    -1.349 
         Lubrak     0.448     1.037 
           Mala    -1.600    -0.325 


full rank
f4info: 
f4rank: 3 dof:      0 chisq:     0.000 tail:                    1 dofdiff:      6 chisqdiff:     8.006 taildiff:          0.237669293
B:
          scale     1.000     1.000     1.000 
     Anatolia_N    -0.285     0.294    -0.015 
            Ami     1.426    -1.668     1.444 
           Mixe     0.939    -0.648     0.268 
   Ganj_Dareh_N    -0.406     0.193     0.598 
           Onge     0.310    -0.193    -0.257 
     Villabruna    -0.109     0.469    -0.068 
     DevilsGate     1.527    -0.027     0.517 
      Sherpa.LC     1.549     2.102    -2.269 
A:
          scale   256.399  2361.221  2667.050 
          YR_MN     0.503    -0.112     1.214 
         Lubrak     0.474     1.680     0.928 
           Mala    -1.588     0.408     0.815 


best coefficients:     0.306     0.469     0.225 
Jackknife mean:      0.307807335     0.467383025     0.224809640 
      std. errors:     0.045     0.044     0.010 

error covariance (* 1000000)
      1991      -1902        -88 
     -1902       1916        -14 
       -88        -14        102 


summ: Tamang    3      0.237669     0.308     0.467     0.225  1991 -1902   -88  1916   -14   102 

    fixed pat  wt  dof     chisq       tail prob
          000  0     6     8.006        0.237669     0.306     0.469     0.225 
          001  1     7   188.767               0   -25.187    26.187    -0.000  infeasible
          010  1     7   110.787     6.30502e-21     0.775    -0.000     0.225 
          100  1     7    38.427      2.5127e-06     0.000     0.768     0.232 
          011  2     8   440.563               0     1.000     0.000    -0.000 
          101  2     8   254.279               0     0.000     1.000    -0.000 
          110  2     8  4254.942               0     0.000     0.000     1.000 
best pat:          000         0.237669              -  -
best pat:          100       2.5127e-06  chi(nested):    30.422 p-value for nested model:     3.47646e-08
best pat:          101      2.13295e-50  chi(nested):   215.852 p-value for nested model:       7.266e-49

coeffs:     0.306     0.469     0.225 

## dscore:: f_4(Base, Fit, Rbase, right2)
## genstat:: f_4(Base, Fit, right1, right2)

details:           YR_MN      Anatolia_N    -0.000588   -2.768557
details:          Lubrak      Anatolia_N    -0.000222   -0.827725
details:            Mala      Anatolia_N     0.001792    9.305753
dscore:      Anatolia_N f4:     0.000118 Z:     0.725065

details:           YR_MN             Ami     0.003543   15.065117
details:          Lubrak             Ami     0.002060    6.535424
details:            Mala             Ami    -0.008725  -39.254643
dscore:             Ami f4:     0.000090 Z:     0.463134

details:           YR_MN            Mixe     0.002027    7.733807
details:          Lubrak            Mixe     0.001437    4.339198
details:            Mala            Mixe    -0.005866  -24.396912
dscore:            Mixe f4:    -0.000023 Z:    -0.112782

details:           YR_MN    Ganj_Dareh_N    -0.000519   -1.989555
details:          Lubrak    Ganj_Dareh_N    -0.000326   -0.990563
details:            Mala    Ganj_Dareh_N     0.002720   12.275901
dscore:    Ganj_Dareh_N f4:     0.000300 Z:     1.520137

details:           YR_MN            Onge     0.000521    2.039197
details:          Lubrak            Onge     0.000438    1.395276
details:            Mala            Onge    -0.002050   -9.820920
dscore:            Onge f4:    -0.000096 Z:    -0.497415

details:           YR_MN      Villabruna    -0.000319   -0.963130
details:          Lubrak      Villabruna     0.000278    0.659606
details:            Mala      Villabruna     0.000713    2.403641
dscore:      Villabruna f4:     0.000193 Z:     0.747512

details:           YR_MN      DevilsGate     0.003288   11.010240
details:          Lubrak      DevilsGate     0.003075    8.098727
details:            Mala      DevilsGate    -0.009344  -36.750663
dscore:      DevilsGate f4:     0.000349 Z:     1.485817

details:           YR_MN       Sherpa.LC     0.001912    7.987751
details:          Lubrak       Sherpa.LC     0.003672   11.675397
details:            Mala       Sherpa.LC    -0.009965  -46.336050
dscore:       Sherpa.LC f4:     0.000068 Z:     0.358796

gendstat:                Mbuti           Anatolia_N     0.725
gendstat:                Mbuti                  Ami     0.463
gendstat:                Mbuti                 Mixe    -0.113
gendstat:                Mbuti         Ganj_Dareh_N     1.520
gendstat:                Mbuti                 Onge    -0.497
gendstat:                Mbuti           Villabruna     0.748
gendstat:                Mbuti           DevilsGate     1.486
gendstat:                Mbuti            Sherpa.LC     0.359
gendstat:           Anatolia_N                  Ami    -0.159
gendstat:           Anatolia_N                 Mixe    -0.736
gendstat:           Anatolia_N         Ganj_Dareh_N     1.127
gendstat:           Anatolia_N                 Onge    -1.211
gendstat:           Anatolia_N           Villabruna     0.329
gendstat:           Anatolia_N           DevilsGate     1.033
gendstat:           Anatolia_N            Sherpa.LC    -0.285
gendstat:                  Ami                 Mixe    -0.678
gendstat:                  Ami         Ganj_Dareh_N     1.021
gendstat:                  Ami                 Onge    -1.029
gendstat:                  Ami           Villabruna     0.403
gendstat:                  Ami           DevilsGate     1.361
gendstat:                  Ami            Sherpa.LC    -0.162
gendstat:                 Mixe         Ganj_Dareh_N     1.469
gendstat:                 Mixe                 Onge    -0.363
gendstat:                 Mixe           Villabruna     0.815
gendstat:                 Mixe           DevilsGate     1.795
gendstat:                 Mixe            Sherpa.LC     0.554
gendstat:         Ganj_Dareh_N                 Onge    -1.875
gendstat:         Ganj_Dareh_N           Villabruna    -0.413
gendstat:         Ganj_Dareh_N           DevilsGate     0.195
gendstat:         Ganj_Dareh_N            Sherpa.LC    -1.117
gendstat:                 Onge           Villabruna     1.073
gendstat:                 Onge           DevilsGate     1.935
gendstat:                 Onge            Sherpa.LC     0.914
gendstat:           Villabruna           DevilsGate     0.532
gendstat:           Villabruna            Sherpa.LC    -0.484
gendstat:           DevilsGate            Sherpa.LC    -1.435

## end of run
