/home/cliu7/utils/AdmixTools/bin/qpWave: parameter file: temp/param/qpAdm_Tamang.YR_MN.Lubrak.Southeast_China.par4s3zde0p
### THE INPUT PARAMETERS
##PARAMETER NAME: VALUE
DIR: data/intermediate
S1: HO_all_merged.qpAdm
indivname: data/intermediate/HO_all_merged.qpAdm.grouped.ind
snpname: data/intermediate/HO_all_merged.qpAdm.snp
genotypename: data/intermediate/HO_all_merged.qpAdm.geno
popleft: temp/param/left.4s3zde0p
popright: temp/param/right.4s3zde0p
details: YES
## qpWave version: 410
packed geno read OK
end of inpack

left pops:
Tamang
YR_MN
Lubrak
Southeast_China

right pops:
Mbuti
Anatolia_N
Ami
Mixe
Ganj_Dareh_N
Onge
Villabruna
DevilsGate
Sherpa.LC

  0               Tamang    7
  1                YR_MN    8
  2               Lubrak    2
  3      Southeast_China   97
  4                Mbuti   10
  5           Anatolia_N   25
  6                  Ami   10
  7                 Mixe   10
  8         Ganj_Dareh_N    7
  9                 Onge   12
 10           Villabruna    1
 11           DevilsGate    4
 12            Sherpa.LC    9
jackknife block size:     0.050
snps: 498990  indivs: 202
number of blocks for block jackknife: 710
dof (jackknife):   583.123
numsnps used: 304545
f4info: 
f4rank: 0 dof:     24 chisq:  2977.624 tail:                    0 dofdiff:      0 chisqdiff:     0.000 taildiff:                    1

f4info: 
f4rank: 1 dof:     14 chisq:   362.104 tail:       1.18647281e-68 dofdiff:     10 chisqdiff:  2615.521 taildiff:                    0
B:
          scale     1.000 
     Anatolia_N    -0.276 
            Ami     2.571 
           Mixe     0.534 
   Ganj_Dareh_N    -0.365 
           Onge     0.345 
     Villabruna    -0.427 
     DevilsGate     0.770 
      Sherpa.LC    -0.029 
A:
          scale   788.705 
          YR_MN     0.715 
         Lubrak     0.018 
Southeast_China     1.577 

f4info: 
f4rank: 2 dof:      6 chisq:    25.545 tail:       0.000270519548 dofdiff:      8 chisqdiff:   336.558 taildiff:       6.68368169e-68
B:
          scale     1.000     1.000 
     Anatolia_N    -0.239     0.018 
            Ami     1.971    -1.733 
           Mixe     0.843     0.264 
   Ganj_Dareh_N    -0.270     0.006 
           Onge     0.319    -0.306 
     Villabruna    -0.146     0.419 
     DevilsGate     1.451     1.029 
      Sherpa.LC     1.024     1.897 
A:
          scale   490.441  1528.298 
          YR_MN     0.955     0.147 
         Lubrak     0.866     1.332 
Southeast_China     1.157    -1.098 

f4info: 
f4rank: 3 dof:      0 chisq:     0.000 tail:                    1 dofdiff:      6 chisqdiff:    25.545 taildiff:       0.000270519548
B:
          scale     1.000     1.000     1.000 
     Anatolia_N    -0.233     0.125     0.647 
            Ami     1.969    -1.628     1.023 
           Mixe     0.864     0.122    -1.404 
   Ganj_Dareh_N    -0.248     0.093     0.165 
           Onge     0.332    -0.217     0.561 
     Villabruna    -0.141     0.541     0.438 
     DevilsGate     1.456     0.842    -1.456 
      Sherpa.LC     1.005     2.064     1.382 
A:
          scale   491.321  1522.044  6742.671 
          YR_MN     0.979     0.150    -1.421 
         Lubrak     0.842     1.331     0.721 
Southeast_China     1.154    -1.098     0.679 

## end of run
