/home/cliu7/utils/AdmixTools/bin/qpWave: parameter file: temp/param/qpAdm_Tamang.Yi.Samdzong.Southeast_China.parqmm75638
### THE INPUT PARAMETERS
##PARAMETER NAME: VALUE
DIR: data/intermediate
S1: HO_all_merged.qpAdm
indivname: data/intermediate/HO_all_merged.qpAdm.grouped.ind
snpname: data/intermediate/HO_all_merged.qpAdm.snp
genotypename: data/intermediate/HO_all_merged.qpAdm.geno
popleft: temp/param/left.qmm75638
popright: temp/param/right.qmm75638
details: YES
## qpWave version: 410
packed geno read OK
end of inpack

left pops:
Tamang
Yi
Samdzong
Southeast_China

right pops:
Mbuti
Anatolia_N
Ami
Mixe
Ganj_Dareh_N
Onge
Villabruna
DevilsGate
Sherpa.LC

  0               Tamang    7
  1                   Yi    8
  2             Samdzong    9
  3      Southeast_China   97
  4                Mbuti   10
  5           Anatolia_N   25
  6                  Ami   10
  7                 Mixe   10
  8         Ganj_Dareh_N    7
  9                 Onge   12
 10           Villabruna    1
 11           DevilsGate    4
 12            Sherpa.LC    9
jackknife block size:     0.050
snps: 498990  indivs: 209
number of blocks for block jackknife: 710
dof (jackknife):   583.470
numsnps used: 417444
f4info: 
f4rank: 0 dof:     24 chisq:  3594.541 tail:                    0 dofdiff:      0 chisqdiff:     0.000 taildiff:                    1

f4info: 
f4rank: 1 dof:     14 chisq:   587.758 tail:      2.14049138e-116 dofdiff:     10 chisqdiff:  3006.783 taildiff:                    0
B:
          scale     1.000 
     Anatolia_N    -0.179 
            Ami     2.595 
           Mixe     0.556 
   Ganj_Dareh_N    -0.149 
           Onge     0.545 
     Villabruna    -0.194 
     DevilsGate     0.675 
      Sherpa.LC    -0.333 
A:
          scale   872.272 
             Yi     0.684 
       Samdzong    -0.118 
Southeast_China     1.587 

f4info: 
f4rank: 2 dof:      6 chisq:    29.938 tail:       4.03884031e-05 dofdiff:      8 chisqdiff:   557.820 taildiff:      2.71517423e-115
B:
          scale     1.000     1.000 
     Anatolia_N    -0.226    -0.012 
            Ami     2.079    -1.638 
           Mixe     0.874     0.386 
   Ganj_Dareh_N    -0.264    -0.211 
           Onge     0.381    -0.278 
     Villabruna    -0.301    -0.110 
     DevilsGate     1.330     0.781 
      Sherpa.LC     0.887     2.103 
A:
          scale   507.301  1858.769 
             Yi     1.038     0.430 
       Samdzong     0.631     1.351 
Southeast_China     1.235    -0.995 

f4info: 
f4rank: 3 dof:      0 chisq:     0.000 tail:                    1 dofdiff:      6 chisqdiff:    29.938 taildiff:       4.03884031e-05
B:
          scale     1.000     1.000     1.000 
     Anatolia_N    -0.234    -0.004     0.192 
            Ami     2.093    -1.521    -0.890 
           Mixe     0.855     0.273     1.607 
   Ganj_Dareh_N    -0.294    -0.340     1.466 
           Onge     0.363    -0.304     0.902 
     Villabruna    -0.297    -0.063    -0.233 
     DevilsGate     1.311     0.728     0.974 
      Sherpa.LC     0.900     2.207    -0.790 
A:
          scale   513.217  1865.303 10806.654 
             Yi     1.068     0.448     1.288 
       Samdzong     0.580     1.331    -0.944 
Southeast_China     1.234    -1.014    -0.671 

## end of run
