/home/cliu7/utils/AdmixTools/bin/qpAdm: parameter file: temp/param/qpAdm_Tamang.Naga.Samdzong.Pathan.par5panqhq1
### THE INPUT PARAMETERS
##PARAMETER NAME: VALUE
DIR: data/intermediate
S1: HO_all_merged.qpAdm
indivname: data/intermediate/HO_all_merged.qpAdm.grouped.ind
snpname: data/intermediate/HO_all_merged.qpAdm.snp
genotypename: data/intermediate/HO_all_merged.qpAdm.geno
popleft: temp/param/left.5panqhq1
popright: temp/param/right.5panqhq1
details: YES
## qpAdm version: 810
seed: -153092129
packed geno read OK
end of inpack

left pops:
Tamang
Naga
Samdzong
Pathan

right pops:
Mbuti
Anatolia_N
Ami
Mixe
Ganj_Dareh_N
Onge
Villabruna
DevilsGate
Sherpa.LC

  0               Tamang    7
  1                 Naga    6
  2             Samdzong    9
  3               Pathan   18
  4                Mbuti   10
  5           Anatolia_N   25
  6                  Ami   10
  7                 Mixe   10
  8         Ganj_Dareh_N    7
  9                 Onge   12
 10           Villabruna    1
 11           DevilsGate    4
 12            Sherpa.LC    9
jackknife block size:     0.050
snps: 498990  indivs: 128
number of blocks for block jackknife: 710
## ncols: 498990
coverage:               Tamang 498036
coverage:                 Naga 498990
coverage:             Samdzong 498985
coverage:               Pathan 498990
coverage:                Mbuti 498990
coverage:           Anatolia_N 498137
coverage:                  Ami 498990
coverage:                 Mixe 498990
coverage:         Ganj_Dareh_N 457128
coverage:                 Onge 498990
coverage:           Villabruna 415230
coverage:           DevilsGate 498716
coverage:            Sherpa.LC 498990
dof (jackknife):   583.391
numsnps used: 415171
codimension 1
f4info: 
f4rank: 2 dof:      6 chisq:    59.026 tail:       7.09759983e-11 dofdiff:      8 chisqdiff:   -59.026 taildiff:                    1
B:
          scale     1.000     1.000 
     Anatolia_N    -0.617    -0.316 
            Ami     1.356     1.403 
           Mixe     0.789     0.813 
   Ganj_Dareh_N    -0.646     0.421 
           Onge     0.588     0.367 
     Villabruna    -0.455     0.031 
     DevilsGate     1.416     0.057 
      Sherpa.LC     1.477    -2.226 
A:
          scale   196.886  4552.398 
           Naga     0.345     0.716 
       Samdzong     0.219    -1.575 
         Pathan    -1.683    -0.079 


full rank
f4info: 
f4rank: 3 dof:      0 chisq:     0.000 tail:                    1 dofdiff:      6 chisqdiff:    59.026 taildiff:       7.09759983e-11
B:
          scale     1.000     1.000     1.000 
     Anatolia_N    -0.609     1.614    -0.099 
            Ami     1.354    -0.361     1.440 
           Mixe     0.788     0.409     0.773 
   Ganj_Dareh_N    -0.647     0.779     0.491 
           Onge     0.578    -1.994     0.188 
     Villabruna    -0.455     0.655     0.256 
     DevilsGate     1.417     0.210     0.246 
      Sherpa.LC     1.485     0.198    -2.217 
A:
          scale   200.205  3324.502  4826.782 
           Naga     0.402     1.063     1.184 
       Samdzong     0.270     1.036    -1.262 
         Pathan    -1.663     0.892     0.071 


best coefficients:     0.587     0.259     0.154 
Jackknife mean:      0.572567020     0.273887330     0.153545650 
      std. errors:     0.087     0.091     0.007 

error covariance (* 1000000)
      7641      -7956        315 
     -7956       8320       -365 
       315       -365         49 


summ: Tamang    3      0.000000     0.573     0.274     0.154  7641 -7956   315  8320  -365    49 

    fixed pat  wt  dof     chisq       tail prob
          000  0     6    59.026      7.0976e-11     0.587     0.259     0.154 
          001  1     7   219.414               0    -2.258     3.258     0.000  infeasible
          010  1     7    69.758     1.65336e-12     0.834    -0.000     0.166 
          100  1     7   108.629     1.76732e-20     0.000     0.873     0.127 
          011  2     8   615.410               0     1.000    -0.000    -0.000 
          101  2     8   366.301               0     0.000     1.000    -0.000 
          110  2     8  7007.984               0     0.000    -0.000     1.000 
best pat:          000       7.0976e-11              -  -
best pat:          010      1.65336e-12  chi(nested):    10.732 p-value for nested model:      0.00105277
best pat:          101      2.99348e-74 not nested

coeffs:     0.587     0.259     0.154 

## dscore:: f_4(Base, Fit, Rbase, right2)
## genstat:: f_4(Base, Fit, right1, right2)

details:            Naga      Anatolia_N    -0.000588   -3.670919
details:        Samdzong      Anatolia_N    -0.000285   -1.775988
details:          Pathan      Anatolia_N     0.005554   29.167746
dscore:      Anatolia_N f4:     0.000437 Z:     3.480627

details:            Naga             Ami     0.003096   16.636292
details:        Samdzong             Ami     0.001366    6.970266
details:          Pathan             Ami    -0.011334  -48.975228
dscore:             Ami f4:     0.000423 Z:     2.797512

details:            Naga            Mixe     0.002065   10.688212
details:        Samdzong            Mixe     0.001027    5.017455
details:          Pathan            Mixe    -0.006380  -25.551452
dscore:            Mixe f4:     0.000494 Z:     3.108219

details:            Naga    Ganj_Dareh_N    -0.000742   -4.022167
details:        Samdzong    Ganj_Dareh_N    -0.000706   -3.662146
details:          Pathan    Ganj_Dareh_N     0.005677   25.949079
dscore:    Ganj_Dareh_N f4:     0.000257 Z:     1.750244

details:            Naga            Onge     0.000732    3.893510
details:        Samdzong            Onge     0.000115    0.589485
details:          Pathan            Onge    -0.005285  -24.701863
dscore:            Onge f4:    -0.000355 Z:    -2.320004

details:            Naga      Villabruna    -0.000319   -1.323636
details:        Samdzong      Villabruna    -0.000363   -1.440633
details:          Pathan      Villabruna     0.004106   14.353739
dscore:      Villabruna f4:     0.000352 Z:     1.833743

details:            Naga      DevilsGate     0.003134   14.329194
details:        Samdzong      DevilsGate     0.001928    8.755788
details:          Pathan      DevilsGate    -0.011719  -45.005633
dscore:      DevilsGate f4:     0.000531 Z:     3.080177

details:            Naga       Sherpa.LC     0.002655   14.594461
details:        Samdzong       Sherpa.LC     0.002676   13.768062
details:          Pathan       Sherpa.LC    -0.012308  -56.588851
dscore:       Sherpa.LC f4:     0.000354 Z:     2.401018

gendstat:                Mbuti           Anatolia_N     3.481
gendstat:                Mbuti                  Ami     2.798
gendstat:                Mbuti                 Mixe     3.108
gendstat:                Mbuti         Ganj_Dareh_N     1.750
gendstat:                Mbuti                 Onge    -2.320
gendstat:                Mbuti           Villabruna     1.834
gendstat:                Mbuti           DevilsGate     3.080
gendstat:                Mbuti            Sherpa.LC     2.401
gendstat:           Anatolia_N                  Ami    -0.096
gendstat:           Anatolia_N                 Mixe     0.379
gendstat:           Anatolia_N         Ganj_Dareh_N    -1.463
gendstat:           Anatolia_N                 Onge    -5.800
gendstat:           Anatolia_N           Villabruna    -0.520
gendstat:           Anatolia_N           DevilsGate     0.590
gendstat:           Anatolia_N            Sherpa.LC    -0.588
gendstat:                  Ami                 Mixe     0.520
gendstat:                  Ami         Ganj_Dareh_N    -1.043
gendstat:                  Ami                 Onge    -5.462
gendstat:                  Ami           Villabruna    -0.355
gendstat:                  Ami           DevilsGate     0.781
gendstat:                  Ami            Sherpa.LC    -0.639
gendstat:                 Mixe         Ganj_Dareh_N    -1.464
gendstat:                 Mixe                 Onge    -5.510
gendstat:                 Mixe           Villabruna    -0.698
gendstat:                 Mixe           DevilsGate     0.234
gendstat:                 Mixe            Sherpa.LC    -1.047
gendstat:         Ganj_Dareh_N                 Onge    -3.934
gendstat:         Ganj_Dareh_N           Villabruna     0.479
gendstat:         Ganj_Dareh_N           DevilsGate     1.532
gendstat:         Ganj_Dareh_N            Sherpa.LC     0.610
gendstat:                 Onge           Villabruna     3.518
gendstat:                 Onge           DevilsGate     5.432
gendstat:                 Onge            Sherpa.LC     4.894
gendstat:           Villabruna           DevilsGate     0.829
gendstat:           Villabruna            Sherpa.LC     0.012
gendstat:           DevilsGate            Sherpa.LC    -1.225

## end of run
