/home/cliu7/utils/AdmixTools/bin/qpWave: parameter file: temp/param/qpAdm_Tamang.YR_MN.Lubrak.Pathan.parqxh5xw1o
### THE INPUT PARAMETERS
##PARAMETER NAME: VALUE
DIR: data/intermediate
S1: HO_all_merged.qpAdm
indivname: data/intermediate/HO_all_merged.qpAdm.grouped.ind
snpname: data/intermediate/HO_all_merged.qpAdm.snp
genotypename: data/intermediate/HO_all_merged.qpAdm.geno
popleft: temp/param/left.qxh5xw1o
popright: temp/param/right.qxh5xw1o
details: YES
## qpWave version: 410
packed geno read OK
end of inpack

left pops:
Tamang
YR_MN
Lubrak
Pathan

right pops:
Mbuti
Anatolia_N
Ami
Mixe
Ganj_Dareh_N
Onge
Villabruna
DevilsGate
Sherpa.LC

  0               Tamang    7
  1                YR_MN    8
  2               Lubrak    2
  3               Pathan   18
  4                Mbuti   10
  5           Anatolia_N   25
  6                  Ami   10
  7                 Mixe   10
  8         Ganj_Dareh_N    7
  9                 Onge   12
 10           Villabruna    1
 11           DevilsGate    4
 12            Sherpa.LC    9
jackknife block size:     0.050
snps: 498990  indivs: 123
number of blocks for block jackknife: 710
dof (jackknife):   583.087
numsnps used: 303838
f4info: 
f4rank: 0 dof:     24 chisq:  8409.693 tail:                    0 dofdiff:      0 chisqdiff:     0.000 taildiff:                    1

f4info: 
f4rank: 1 dof:     14 chisq:   242.265 tail:       1.14025168e-43 dofdiff:     10 chisqdiff:  8167.429 taildiff:                    0
B:
          scale     1.000 
     Anatolia_N    -0.618 
            Ami     1.377 
           Mixe     0.810 
   Ganj_Dareh_N    -0.607 
           Onge     0.610 
     Villabruna    -0.431 
     DevilsGate     1.423 
      Sherpa.LC     1.454 
A:
          scale   199.698 
          YR_MN     0.323 
         Lubrak     0.301 
         Pathan    -1.675 

f4info: 
f4rank: 2 dof:      6 chisq:    49.624 tail:        5.5930582e-09 dofdiff:      8 chisqdiff:   192.641 taildiff:       2.26522544e-37
B:
          scale     1.000     1.000 
     Anatolia_N    -0.626    -0.358 
            Ami     1.384    -1.152 
           Mixe     0.794    -0.547 
   Ganj_Dareh_N    -0.630    -0.615 
           Onge     0.596     0.444 
     Villabruna    -0.450     0.103 
     DevilsGate     1.420     0.005 
      Sherpa.LC     1.446     2.379 
A:
          scale   202.064  2590.394 
          YR_MN     0.376    -1.290 
         Lubrak     0.262     1.091 
         Pathan    -1.670    -0.382 

f4info: 
f4rank: 3 dof:      0 chisq:     0.000 tail:                    1 dofdiff:      6 chisqdiff:    49.624 taildiff:        5.5930582e-09
B:
          scale     1.000     1.000     1.000 
     Anatolia_N    -0.625     1.304     0.106 
            Ami     1.366     0.383    -1.622 
           Mixe     0.776     0.487    -0.678 
   Ganj_Dareh_N    -0.638     1.295    -0.096 
           Onge     0.590    -1.033     0.169 
     Villabruna    -0.445     1.425     0.374 
     DevilsGate     1.423     0.996    -0.253 
      Sherpa.LC     1.471     0.385     2.158 
A:
          scale   200.742  2025.574  2811.467 
          YR_MN     0.379     0.997    -1.365 
         Lubrak     0.357     1.320     1.063 
         Pathan    -1.652     0.514    -0.083 

## end of run
