/home/cliu7/utils/AdmixTools/bin/qpAdm: parameter file: temp/param/qpAdm_Tamang.Naxi.Kyang.Southeast_China.parmcrtz3s8
### THE INPUT PARAMETERS
##PARAMETER NAME: VALUE
DIR: data/intermediate
S1: HO_all_merged.qpAdm
indivname: data/intermediate/HO_all_merged.qpAdm.grouped.ind
snpname: data/intermediate/HO_all_merged.qpAdm.snp
genotypename: data/intermediate/HO_all_merged.qpAdm.geno
popleft: temp/param/left.mcrtz3s8
popright: temp/param/right.mcrtz3s8
details: YES
## qpAdm version: 810
seed: 1934424733
packed geno read OK
end of inpack

left pops:
Tamang
Naxi
Kyang
Southeast_China

right pops:
Mbuti
Anatolia_N
Ami
Mixe
Ganj_Dareh_N
Onge
Villabruna
DevilsGate
Sherpa.LC

  0               Tamang    7
  1                 Naxi    9
  2                Kyang    7
  3      Southeast_China   97
  4                Mbuti   10
  5           Anatolia_N   25
  6                  Ami   10
  7                 Mixe   10
  8         Ganj_Dareh_N    7
  9                 Onge   12
 10           Villabruna    1
 11           DevilsGate    4
 12            Sherpa.LC    9
jackknife block size:     0.050
snps: 498990  indivs: 208
number of blocks for block jackknife: 710
## ncols: 498990
coverage:               Tamang 498036
coverage:                 Naxi 498990
coverage:                Kyang 498984
coverage:      Southeast_China 498990
coverage:                Mbuti 498990
coverage:           Anatolia_N 498137
coverage:                  Ami 498990
coverage:                 Mixe 498990
coverage:         Ganj_Dareh_N 457128
coverage:                 Onge 498990
coverage:           Villabruna 415230
coverage:           DevilsGate 498716
coverage:            Sherpa.LC 498990
dof (jackknife):   583.480
numsnps used: 417511
codimension 1
f4info: 
f4rank: 2 dof:      6 chisq:    29.846 tail:       4.20567522e-05 dofdiff:      8 chisqdiff:   -29.846 taildiff:                    1
B:
          scale     1.000     1.000 
     Anatolia_N    -0.246    -0.066 
            Ami     2.052    -1.722 
           Mixe     0.845     0.282 
   Ganj_Dareh_N    -0.315    -0.262 
           Onge     0.372    -0.184 
     Villabruna    -0.232     0.175 
     DevilsGate     1.365     0.879 
      Sherpa.LC     0.927     2.011 
A:
          scale   518.810  1690.265 
           Naxi     1.011     0.388 
          Kyang     0.677     1.357 
Southeast_China     1.233    -1.004 


full rank
f4info: 
f4rank: 3 dof:      0 chisq:     0.000 tail:                    1 dofdiff:      6 chisqdiff:    29.846 taildiff:       4.20567522e-05
B:
          scale     1.000     1.000     1.000 
     Anatolia_N    -0.251    -0.054     0.261 
            Ami     2.012    -1.606    -1.418 
           Mixe     0.882     0.366     1.169 
   Ganj_Dareh_N    -0.306    -0.275     1.117 
           Onge     0.382    -0.130     0.352 
     Villabruna    -0.238     0.195    -0.266 
     DevilsGate     1.394     0.932     0.736 
      Sherpa.LC     0.933     2.070    -1.603 
A:
          scale   527.057  1717.819  8171.743 
           Naxi     1.055     0.382     0.525 
          Kyang     0.582     1.282    -1.560 
Southeast_China     1.244    -1.100    -0.538 


best coefficients:    -9.431     5.987     4.445 
Jackknife mean:     -8.087408676     5.249358973     3.838049703 
      std. errors:     3.495     1.917     1.593 

error covariance (* 1000000)
  12217166   -6676885   -5540280 
  -6676885    3673459    3003427 
  -5540280    3003427    2536854 


summ: Tamang    3      0.000042    -8.087     5.249     3.838 12217166 -6676885 -5540280 3673459 3003427 2536854 

    fixed pat  wt  dof     chisq       tail prob
          000  0     6    29.846     4.20568e-05    -9.431     5.987     4.445  infeasible
          001  1     7   342.487               0    -0.731     1.731    -0.000  infeasible
          010  1     7   384.552               0     1.865    -0.000    -0.865  infeasible
          100  1     7   387.986               0    -0.000     0.941     0.059 
          011  2     8   752.476               0     1.000    -0.000     0.000 
          101  2     8   392.908               0     0.000     1.000     0.000 
          110  2     8  2415.000               0     0.000    -0.000     1.000 
best pat:          000      4.20568e-05              -  -
best pat:          100       8.9831e-80  chi(nested):   358.140 p-value for nested model:      7.1536e-80
best pat:          101      6.15795e-80  chi(nested):     4.922 p-value for nested model:       0.0265183

coeffs:    -9.431     5.987     4.445 

## dscore:: f_4(Base, Fit, Rbase, right2)
## genstat:: f_4(Base, Fit, right1, right2)

details:            Naxi      Anatolia_N    -0.000478   -3.294917
details:           Kyang      Anatolia_N    -0.000361   -2.218560
details: Southeast_China      Anatolia_N    -0.000572   -4.489474
dscore:      Anatolia_N f4:    -0.000190 Z:    -0.165466

details:            Naxi             Ami     0.003632   21.690499
details:           Kyang             Ami     0.001339    6.526696
details: Southeast_China             Ami     0.005911   37.459643
dscore:             Ami f4:     0.000035 Z:     0.025891

details:            Naxi            Mixe     0.001973   11.223262
details:           Kyang            Mixe     0.001068    4.881009
details: Southeast_China            Mixe     0.001806   10.896593
dscore:            Mixe f4:    -0.004189 Z:    -2.791372

details:            Naxi    Ganj_Dareh_N    -0.000582   -3.589408
details:           Kyang    Ganj_Dareh_N    -0.000756   -3.956762
details: Southeast_China    Ganj_Dareh_N    -0.000612   -4.073978
dscore:    Ganj_Dareh_N f4:    -0.001762 Z:    -1.276702

details:            Naxi            Onge     0.000793    4.677379
details:           Kyang            Onge     0.000288    1.434122
details: Southeast_China            Onge     0.000982    6.473033
dscore:            Onge f4:    -0.001386 Z:    -1.010659

details:            Naxi      Villabruna    -0.000431   -2.015121
details:           Kyang      Villabruna    -0.000056   -0.213611
details: Southeast_China      Villabruna    -0.000665   -3.416469
dscore:      Villabruna f4:     0.000777 Z:     0.435023

details:            Naxi      DevilsGate     0.003106   16.111051
details:           Kyang      DevilsGate     0.002148    9.121926
details: Southeast_China      DevilsGate     0.002695   14.082186
dscore:      DevilsGate f4:    -0.004459 Z:    -2.801730

details:            Naxi       Sherpa.LC     0.002269   13.720824
details:           Kyang       Sherpa.LC     0.002923   14.417001
details: Southeast_China       Sherpa.LC     0.001013    6.521222
dscore:       Sherpa.LC f4:     0.000599 Z:     0.449457

gendstat:                Mbuti           Anatolia_N    -0.165
gendstat:                Mbuti                  Ami     0.026
gendstat:                Mbuti                 Mixe    -2.791
gendstat:                Mbuti         Ganj_Dareh_N    -1.277
gendstat:                Mbuti                 Onge    -1.011
gendstat:                Mbuti           Villabruna     0.435
gendstat:                Mbuti           DevilsGate    -2.802
gendstat:                Mbuti            Sherpa.LC     0.449
gendstat:           Anatolia_N                  Ami     0.168
gendstat:           Anatolia_N                 Mixe    -2.948
gendstat:           Anatolia_N         Ganj_Dareh_N    -1.344
gendstat:           Anatolia_N                 Onge    -0.904
gendstat:           Anatolia_N           Villabruna     0.635
gendstat:           Anatolia_N           DevilsGate    -2.789
gendstat:           Anatolia_N            Sherpa.LC     0.622
gendstat:                  Ami                 Mixe    -3.288
gendstat:                  Ami         Ganj_Dareh_N    -1.187
gendstat:                  Ami                 Onge    -1.059
gendstat:                  Ami           Villabruna     0.393
gendstat:                  Ami           DevilsGate    -3.312
gendstat:                  Ami            Sherpa.LC     0.547
gendstat:                 Mixe         Ganj_Dareh_N     1.508
gendstat:                 Mixe                 Onge     1.848
gendstat:                 Mixe           Villabruna     2.699
gendstat:                 Mixe           DevilsGate    -0.185
gendstat:                 Mixe            Sherpa.LC     3.739
gendstat:         Ganj_Dareh_N                 Onge     0.250
gendstat:         Ganj_Dareh_N           Villabruna     1.397
gendstat:         Ganj_Dareh_N           DevilsGate    -1.554
gendstat:         Ganj_Dareh_N            Sherpa.LC     1.605
gendstat:                 Onge           Villabruna     1.140
gendstat:                 Onge           DevilsGate    -1.915
gendstat:                 Onge            Sherpa.LC     1.498
gendstat:           Villabruna           DevilsGate    -2.588
gendstat:           Villabruna            Sherpa.LC    -0.098
gendstat:           DevilsGate            Sherpa.LC     3.834

## end of run
