/home/cliu7/utils/AdmixTools/bin/qpWave: parameter file: temp/param/qpAdm_Tamang.YR_MN.Rhirhi.Han.paru5_am93y
### THE INPUT PARAMETERS
##PARAMETER NAME: VALUE
DIR: data/intermediate
S1: HO_all_merged.qpAdm
indivname: data/intermediate/HO_all_merged.qpAdm.grouped.ind
snpname: data/intermediate/HO_all_merged.qpAdm.snp
genotypename: data/intermediate/HO_all_merged.qpAdm.geno
popleft: temp/param/left.u5_am93y
popright: temp/param/right.u5_am93y
details: YES
## qpWave version: 410
packed geno read OK
end of inpack

left pops:
Tamang
YR_MN
Rhirhi
Han

right pops:
Mbuti
Anatolia_N
Ami
Mixe
Ganj_Dareh_N
Onge
Villabruna
DevilsGate
Sherpa.LC

  0               Tamang    7
  1                YR_MN    8
  2               Rhirhi    4
  3                  Han   33
  4                Mbuti   10
  5           Anatolia_N   25
  6                  Ami   10
  7                 Mixe   10
  8         Ganj_Dareh_N    7
  9                 Onge   12
 10           Villabruna    1
 11           DevilsGate    4
 12            Sherpa.LC    9
jackknife block size:     0.050
snps: 498990  indivs: 140
number of blocks for block jackknife: 710
dof (jackknife):   583.566
numsnps used: 415247
f4info: 
f4rank: 0 dof:     24 chisq:  2416.103 tail:                    0 dofdiff:      0 chisqdiff:     0.000 taildiff:                    1

f4info: 
f4rank: 1 dof:     14 chisq:   215.579 tail:       3.55041597e-38 dofdiff:     10 chisqdiff:  2200.524 taildiff:                    0
B:
          scale     1.000 
     Anatolia_N    -0.163 
            Ami     2.225 
           Mixe     0.879 
   Ganj_Dareh_N    -0.188 
           Onge     0.388 
     Villabruna    -0.241 
     DevilsGate     1.320 
      Sherpa.LC     0.512 
A:
          scale   631.678 
          YR_MN     0.924 
         Rhirhi     0.071 
            Han     1.464 

f4info: 
f4rank: 2 dof:      6 chisq:     7.768 tail:          0.255578952 dofdiff:      8 chisqdiff:   207.811 taildiff:       1.44124197e-40
B:
          scale     1.000     1.000 
     Anatolia_N    -0.231     0.432 
            Ami     1.940     1.544 
           Mixe     0.899     0.175 
   Ganj_Dareh_N    -0.277     0.586 
           Onge     0.260     0.650 
     Villabruna    -0.135    -0.491 
     DevilsGate     1.541    -1.016 
      Sherpa.LC     0.916    -1.833 
A:
          scale   514.879  2478.956 
          YR_MN     0.989    -0.225 
         Rhirhi     0.504    -1.543 
            Han     1.330     0.753 

f4info: 
f4rank: 3 dof:      0 chisq:     0.000 tail:                    1 dofdiff:      6 chisqdiff:     7.768 taildiff:          0.255578952
B:
          scale     1.000     1.000     1.000 
     Anatolia_N    -0.254     0.441    -0.664 
            Ami     1.931     1.527    -1.045 
           Mixe     0.920     0.237     1.500 
   Ganj_Dareh_N    -0.281     0.664     0.751 
           Onge     0.255     0.636    -0.309 
     Villabruna    -0.142    -0.456     0.259 
     DevilsGate     1.547    -0.913     1.294 
      Sherpa.LC     0.896    -1.879    -1.347 
A:
          scale   514.082  2490.724 15512.123 
          YR_MN     1.000    -0.246     1.392 
         Rhirhi     0.493    -1.538    -0.626 
            Han     1.325     0.758    -0.818 

## end of run
