/home/cliu7/utils/AdmixTools/bin/qpWave: parameter file: temp/param/qpAdm_Tamang.Naga.Kyang.Han.parob8w6bss
### THE INPUT PARAMETERS
##PARAMETER NAME: VALUE
DIR: data/intermediate
S1: HO_all_merged.qpAdm
indivname: data/intermediate/HO_all_merged.qpAdm.grouped.ind
snpname: data/intermediate/HO_all_merged.qpAdm.snp
genotypename: data/intermediate/HO_all_merged.qpAdm.geno
popleft: temp/param/left.ob8w6bss
popright: temp/param/right.ob8w6bss
details: YES
## qpWave version: 410
packed geno read OK
end of inpack

left pops:
Tamang
Naga
Kyang
Han

right pops:
Mbuti
Anatolia_N
Ami
Mixe
Ganj_Dareh_N
Onge
Villabruna
DevilsGate
Sherpa.LC

  0               Tamang    7
  1                 Naga    6
  2                Kyang    7
  3                  Han   33
  4                Mbuti   10
  5           Anatolia_N   25
  6                  Ami   10
  7                 Mixe   10
  8         Ganj_Dareh_N    7
  9                 Onge   12
 10           Villabruna    1
 11           DevilsGate    4
 12            Sherpa.LC    9
jackknife block size:     0.050
snps: 498990  indivs: 141
number of blocks for block jackknife: 710
dof (jackknife):   583.409
numsnps used: 419246
f4info: 
f4rank: 0 dof:     24 chisq:  2830.221 tail:                    0 dofdiff:      0 chisqdiff:     0.000 taildiff:                    1

f4info: 
f4rank: 1 dof:     14 chisq:   562.456 tail:      5.13621184e-111 dofdiff:     10 chisqdiff:  2267.765 taildiff:                    0
B:
          scale     1.000 
     Anatolia_N    -0.110 
            Ami     2.314 
           Mixe     0.864 
   Ganj_Dareh_N    -0.160 
           Onge     0.319 
     Villabruna    -0.221 
     DevilsGate     1.294 
      Sherpa.LC     0.183 
A:
          scale   788.104 
           Naga     0.679 
          Kyang     0.022 
            Han     1.593 

f4info: 
f4rank: 2 dof:      6 chisq:    17.201 tail:        0.00857329346 dofdiff:      8 chisqdiff:   545.255 taildiff:      1.35744368e-112
B:
          scale     1.000     1.000 
     Anatolia_N    -0.226     0.228 
            Ami     1.802     1.741 
           Mixe     0.928     0.022 
   Ganj_Dareh_N    -0.312     0.572 
           Onge     0.335     0.099 
     Villabruna    -0.173    -0.146 
     DevilsGate     1.522    -0.379 
      Sherpa.LC     1.133    -2.101 
A:
          scale   496.870  2047.406 
           Naga     0.975    -0.467 
          Kyang     0.660    -1.311 
            Han     1.270     1.031 

f4info: 
f4rank: 3 dof:      0 chisq:     0.000 tail:                    1 dofdiff:      6 chisqdiff:    17.201 taildiff:        0.00857329346
B:
          scale     1.000     1.000     1.000 
     Anatolia_N    -0.237    -0.164    -0.800 
            Ami     1.805    -1.681    -1.179 
           Mixe     0.946    -0.050     1.952 
   Ganj_Dareh_N    -0.319    -0.515     0.130 
           Onge     0.333    -0.120     0.996 
     Villabruna    -0.168     0.214    -0.357 
     DevilsGate     1.510     0.339     0.490 
      Sherpa.LC     1.126     2.169    -0.885 
A:
          scale   499.840  2042.278 13943.832 
           Naga     0.986     0.464     1.346 
          Kyang     0.647     1.313    -0.926 
            Han     1.269    -1.030    -0.574 

## end of run
