/home/cliu7/utils/AdmixTools/bin/qpAdm: parameter file: temp/param/qpAdm_Tamang.Yi.Samdzong.Han.parl4_vmhex
### THE INPUT PARAMETERS
##PARAMETER NAME: VALUE
DIR: data/intermediate
S1: HO_all_merged.qpAdm
indivname: data/intermediate/HO_all_merged.qpAdm.grouped.ind
snpname: data/intermediate/HO_all_merged.qpAdm.snp
genotypename: data/intermediate/HO_all_merged.qpAdm.geno
popleft: temp/param/left.l4_vmhex
popright: temp/param/right.l4_vmhex
details: YES
## qpAdm version: 810
seed: -1972860112
packed geno read OK
end of inpack

left pops:
Tamang
Yi
Samdzong
Han

right pops:
Mbuti
Anatolia_N
Ami
Mixe
Ganj_Dareh_N
Onge
Villabruna
DevilsGate
Sherpa.LC

  0               Tamang    7
  1                   Yi    8
  2             Samdzong    9
  3                  Han   33
  4                Mbuti   10
  5           Anatolia_N   25
  6                  Ami   10
  7                 Mixe   10
  8         Ganj_Dareh_N    7
  9                 Onge   12
 10           Villabruna    1
 11           DevilsGate    4
 12            Sherpa.LC    9
jackknife block size:     0.050
snps: 498990  indivs: 145
number of blocks for block jackknife: 710
## ncols: 498990
coverage:               Tamang 498036
coverage:                   Yi 498990
coverage:             Samdzong 498985
coverage:                  Han 498990
coverage:                Mbuti 498990
coverage:           Anatolia_N 498137
coverage:                  Ami 498990
coverage:                 Mixe 498990
coverage:         Ganj_Dareh_N 457128
coverage:                 Onge 498990
coverage:           Villabruna 415230
coverage:           DevilsGate 498716
coverage:            Sherpa.LC 498990
dof (jackknife):   583.437
numsnps used: 419186
codimension 1
f4info: 
f4rank: 2 dof:      6 chisq:    12.147 tail:         0.0587758316 dofdiff:      8 chisqdiff:   -12.147 taildiff:                    1
B:
          scale     1.000     1.000 
     Anatolia_N    -0.218    -0.097 
            Ami     1.934    -1.479 
           Mixe     0.924     0.026 
   Ganj_Dareh_N    -0.267    -0.454 
           Onge     0.327    -0.233 
     Villabruna    -0.263    -0.273 
     DevilsGate     1.454     0.281 
      Sherpa.LC     0.999     2.321 
A:
          scale   497.618  2395.550 
             Yi     1.016     0.202 
       Samdzong     0.587     1.512 
            Han     1.274    -0.820 


full rank
f4info: 
f4rank: 3 dof:      0 chisq:     0.000 tail:                    1 dofdiff:      6 chisqdiff:    12.147 taildiff:         0.0587758316
B:
          scale     1.000     1.000     1.000 
     Anatolia_N    -0.218    -0.129     0.198 
            Ami     1.925    -1.263     1.920 
           Mixe     0.942     0.119    -0.515 
   Ganj_Dareh_N    -0.256    -0.508    -0.511 
           Onge     0.348    -0.197    -0.877 
     Villabruna    -0.278    -0.296     0.914 
     DevilsGate     1.441     0.428     0.519 
      Sherpa.LC     1.010     2.410    -1.370 
A:
          scale   506.538  2207.237  8952.725 
             Yi     1.046     0.083    -0.505 
       Samdzong     0.514     1.626     1.304 
            Han     1.281    -0.591     1.023 


best coefficients:   -24.005    10.870    14.134 
Jackknife mean:     -6.587677852     3.616699523     3.970978329 
      std. errors:    19.450     8.108    11.364 

error covariance (* 1000000)
 378313263 -157456271 -220856992 
-157456271   65734513   91721758 
-220856992   91721758  129135234 


summ: Tamang    3      0.058776    -6.588     3.617     3.971 378313263 -157456271 -220856992 65734513 91721758 129135234 

    fixed pat  wt  dof     chisq       tail prob
          000  0     6    12.147       0.0587758   -24.005    10.870    14.134  infeasible
          001  1     7   304.336               0    -0.618     1.618    -0.000  infeasible
          010  1     7   204.422               0     2.919    -0.000    -1.919  infeasible
          100  1     7   361.923               0    -0.000     1.067    -0.067  infeasible
          011  2     8   892.046               0     1.000    -0.000     0.000 
          101  2     8   366.698               0     0.000     1.000     0.000 
          110  2     8  1954.240               0     0.000    -0.000     1.000 
best pat:          000        0.0587758              -  -
best pat:          001                0  chi(nested):   292.190 p-value for nested model:     1.65737e-65 infeasible
best pat:          101      2.46293e-74  chi(nested):    62.361 p-value for nested model:     2.85924e-15

coeffs:   -24.005    10.870    14.134 

## dscore:: f_4(Base, Fit, Rbase, right2)
## genstat:: f_4(Base, Fit, right1, right2)

details:              Yi      Anatolia_N    -0.000463   -3.450594
details:        Samdzong      Anatolia_N    -0.000283   -1.777884
details:             Han      Anatolia_N    -0.000486   -4.021657
dscore:      Anatolia_N f4:     0.001171 Z:     0.459719

details:              Yi             Ami     0.003869   22.956744
details:        Samdzong             Ami     0.001353    6.979667
details:             Han             Ami     0.005479   35.298684
dscore:             Ami f4:    -0.000724 Z:    -0.230383

details:              Yi            Mixe     0.002028   11.323648
details:        Samdzong            Mixe     0.001017    5.022120
details:             Han            Mixe     0.002347   14.496879
dscore:            Mixe f4:    -0.004458 Z:    -1.397842

details:              Yi    Ganj_Dareh_N    -0.000516   -3.241677
details:        Samdzong    Ganj_Dareh_N    -0.000700   -3.665643
details:             Han    Ganj_Dareh_N    -0.000556   -3.896343
dscore:    Ganj_Dareh_N f4:    -0.003080 Z:    -0.983751

details:              Yi            Onge     0.000787    5.058412
details:        Samdzong            Onge     0.000114    0.590070
details:             Han            Onge     0.000864    5.816003
dscore:            Onge f4:    -0.005446 Z:    -1.765923

details:              Yi      Villabruna    -0.000659   -3.284982
details:        Samdzong      Villabruna    -0.000359   -1.441573
details:             Han      Villabruna    -0.000518   -2.702325
dscore:      Villabruna f4:     0.004582 Z:     1.190309

details:              Yi      DevilsGate     0.003008   15.592196
details:        Samdzong      DevilsGate     0.001909    8.762021
details:             Han      DevilsGate     0.003641   20.099451
dscore:      DevilsGate f4:     0.000014 Z:     0.004074

details:              Yi       Sherpa.LC     0.002299   14.011910
details:        Samdzong       Sherpa.LC     0.002650   13.776958
details:             Han       Sherpa.LC     0.001802   11.845441
dscore:       Sherpa.LC f4:    -0.000920 Z:    -0.318754

gendstat:                Mbuti           Anatolia_N     0.460
gendstat:                Mbuti                  Ami    -0.230
gendstat:                Mbuti                 Mixe    -1.398
gendstat:                Mbuti         Ganj_Dareh_N    -0.984
gendstat:                Mbuti                 Onge    -1.766
gendstat:                Mbuti           Villabruna     1.190
gendstat:                Mbuti           DevilsGate     0.004
gendstat:                Mbuti            Sherpa.LC    -0.319
gendstat:           Anatolia_N                  Ami    -0.662
gendstat:           Anatolia_N                 Mixe    -1.902
gendstat:           Anatolia_N         Ganj_Dareh_N    -1.673
gendstat:           Anatolia_N                 Onge    -2.347
gendstat:           Anatolia_N           Villabruna     1.008
gendstat:           Anatolia_N           DevilsGate    -0.341
gendstat:           Anatolia_N            Sherpa.LC    -0.817
gendstat:                  Ami                 Mixe    -1.304
gendstat:                  Ami         Ganj_Dareh_N    -0.720
gendstat:                  Ami                 Onge    -1.589
gendstat:                  Ami           Villabruna     1.276
gendstat:                  Ami           DevilsGate     0.243
gendstat:                  Ami            Sherpa.LC    -0.084
gendstat:                 Mixe         Ganj_Dareh_N     0.397
gendstat:                 Mixe                 Onge    -0.308
gendstat:                 Mixe           Villabruna     2.179
gendstat:                 Mixe           DevilsGate     1.294
gendstat:                 Mixe            Sherpa.LC     1.294
gendstat:         Ganj_Dareh_N                 Onge    -0.705
gendstat:         Ganj_Dareh_N           Villabruna     1.956
gendstat:         Ganj_Dareh_N           DevilsGate     0.778
gendstat:         Ganj_Dareh_N            Sherpa.LC     0.693
gendstat:                 Onge           Villabruna     2.431
gendstat:                 Onge           DevilsGate     1.529
gendstat:                 Onge            Sherpa.LC     1.564
gendstat:           Villabruna           DevilsGate    -0.990
gendstat:           Villabruna            Sherpa.LC    -1.391
gendstat:           DevilsGate            Sherpa.LC    -0.310

## end of run
