/home/cliu7/utils/AdmixTools/bin/qpAdm: parameter file: temp/param/qpAdm_Tamang.YR_MN.Kyang.Pathan.parka5a9fqh
### THE INPUT PARAMETERS
##PARAMETER NAME: VALUE
DIR: data/intermediate
S1: HO_all_merged.qpAdm
indivname: data/intermediate/HO_all_merged.qpAdm.grouped.ind
snpname: data/intermediate/HO_all_merged.qpAdm.snp
genotypename: data/intermediate/HO_all_merged.qpAdm.geno
popleft: temp/param/left.ka5a9fqh
popright: temp/param/right.ka5a9fqh
details: YES
## qpAdm version: 810
seed: -376488513
packed geno read OK
end of inpack

left pops:
Tamang
YR_MN
Kyang
Pathan

right pops:
Mbuti
Anatolia_N
Ami
Mixe
Ganj_Dareh_N
Onge
Villabruna
DevilsGate
Sherpa.LC

  0               Tamang    7
  1                YR_MN    8
  2                Kyang    7
  3               Pathan   18
  4                Mbuti   10
  5           Anatolia_N   25
  6                  Ami   10
  7                 Mixe   10
  8         Ganj_Dareh_N    7
  9                 Onge   12
 10           Villabruna    1
 11           DevilsGate    4
 12            Sherpa.LC    9
jackknife block size:     0.050
snps: 498990  indivs: 128
number of blocks for block jackknife: 710
## ncols: 498990
coverage:               Tamang 498036
coverage:                YR_MN 497089
coverage:                Kyang 498984
coverage:               Pathan 498990
coverage:                Mbuti 498990
coverage:           Anatolia_N 498137
coverage:                  Ami 498990
coverage:                 Mixe 498990
coverage:         Ganj_Dareh_N 457128
coverage:                 Onge 498990
coverage:           Villabruna 415230
coverage:           DevilsGate 498716
coverage:            Sherpa.LC 498990
dof (jackknife):   583.386
numsnps used: 414338
codimension 1
f4info: 
f4rank: 2 dof:      6 chisq:    52.716 tail:       1.33825434e-09 dofdiff:      8 chisqdiff:   -52.716 taildiff:                    1
B:
          scale     1.000     1.000 
     Anatolia_N    -0.628    -0.073 
            Ami     1.356     1.617 
           Mixe     0.774     0.486 
   Ganj_Dareh_N    -0.656     0.514 
           Onge     0.584    -0.179 
     Villabruna    -0.456    -0.106 
     DevilsGate     1.417     0.164 
      Sherpa.LC     1.476    -2.193 
A:
          scale   199.216  2740.649 
          YR_MN     0.330     1.381 
          Kyang     0.235    -1.044 
         Pathan    -1.684     0.042 


full rank
f4info: 
f4rank: 3 dof:      0 chisq:     0.000 tail:                    1 dofdiff:      6 chisqdiff:    52.716 taildiff:       1.33825434e-09
B:
          scale     1.000     1.000     1.000 
     Anatolia_N    -0.628     0.478     0.661 
            Ami     1.358     1.371    -1.507 
           Mixe     0.775     0.426    -0.252 
   Ganj_Dareh_N    -0.657     0.748    -0.073 
           Onge     0.579    -0.835    -0.792 
     Villabruna    -0.451     0.448     0.591 
     DevilsGate     1.422     0.385     0.118 
      Sherpa.LC     1.472    -2.026     2.057 
A:
          scale   200.652  1975.596  2617.552 
          YR_MN     0.393     1.592     0.584 
          Kyang     0.280     0.331     1.462 
         Pathan    -1.664     0.596     0.723 


best coefficients:     0.367     0.492     0.141 
Jackknife mean:      0.367663341     0.491680840     0.140655819 
      std. errors:     0.044     0.045     0.007 

error covariance (* 1000000)
      1901      -1919         18 
     -1919       1981        -63 
        18        -63         45 


summ: Tamang    3      0.000000     0.368     0.492     0.141  1901 -1919    18  1981   -63    45 

    fixed pat  wt  dof     chisq       tail prob
          000  0     6    52.716     1.33825e-09     0.367     0.492     0.141 
          001  1     7   367.523               0    -7.548     8.548     0.000  infeasible
          010  1     7   156.154     2.06636e-30     0.844    -0.000     0.156 
          100  1     7   117.457     2.59183e-22    -0.000     0.862     0.138 
          011  2     8   486.968               0     1.000     0.000    -0.000 
          101  2     8   393.353               0     0.000     1.000    -0.000 
          110  2     8  6980.868               0     0.000    -0.000     1.000 
best pat:          000      1.33825e-09              -  -
best pat:          100      2.59183e-22  chi(nested):    64.741 p-value for nested model:     8.54211e-16
best pat:          101      4.94669e-80  chi(nested):   275.895 p-value for nested model:     5.88951e-62

coeffs:     0.367     0.492     0.141 

## dscore:: f_4(Base, Fit, Rbase, right2)
## genstat:: f_4(Base, Fit, right1, right2)

details:           YR_MN      Anatolia_N    -0.000589   -2.874191
details:           Kyang      Anatolia_N    -0.000365   -2.223625
details:          Pathan      Anatolia_N     0.005559   29.134985
dscore:      Anatolia_N f4:     0.000386 Z:     2.821632

details:           YR_MN             Ami     0.003542   15.905294
details:           Kyang             Ami     0.001347    6.522304
details:          Pathan             Ami    -0.011320  -48.897836
dscore:             Ami f4:     0.000372 Z:     2.272221

details:           YR_MN            Mixe     0.001929    7.814043
details:           Kyang            Mixe     0.001068    4.850157
details:          Pathan            Mixe    -0.006364  -25.481197
dscore:            Mixe f4:     0.000339 Z:     1.931231

details:           YR_MN    Ganj_Dareh_N    -0.000528   -2.177183
details:           Kyang    Ganj_Dareh_N    -0.000764   -3.971678
details:          Pathan    Ganj_Dareh_N     0.005676   25.892052
dscore:    Ganj_Dareh_N f4:     0.000228 Z:     1.436894

details:           YR_MN            Onge     0.000421    1.748439
details:           Kyang            Onge     0.000292    1.441864
details:          Pathan            Onge    -0.005278  -24.645985
dscore:            Onge f4:    -0.000444 Z:    -2.696022

details:           YR_MN      Villabruna    -0.000203   -0.657311
details:           Kyang      Villabruna    -0.000048   -0.181736
details:          Pathan      Villabruna     0.004104   14.336694
dscore:      Villabruna f4:     0.000479 Z:     2.283738

details:           YR_MN      DevilsGate     0.003257   11.648930
details:           Kyang      DevilsGate     0.002164    9.126795
details:          Pathan      DevilsGate    -0.011703  -44.906628
dscore:      DevilsGate f4:     0.000616 Z:     3.200417

details:           YR_MN       Sherpa.LC     0.001830    8.086695
details:           Kyang       Sherpa.LC     0.002938   14.399666
details:          Pathan       Sherpa.LC    -0.012297  -56.473310
dscore:       Sherpa.LC f4:     0.000388 Z:     2.367077

gendstat:                Mbuti           Anatolia_N     2.822
gendstat:                Mbuti                  Ami     2.272
gendstat:                Mbuti                 Mixe     1.931
gendstat:                Mbuti         Ganj_Dareh_N     1.437
gendstat:                Mbuti                 Onge    -2.696
gendstat:                Mbuti           Villabruna     2.284
gendstat:                Mbuti           DevilsGate     3.200
gendstat:                Mbuti            Sherpa.LC     2.367
gendstat:           Anatolia_N                  Ami    -0.090
gendstat:           Anatolia_N                 Mixe    -0.290
gendstat:           Anatolia_N         Ganj_Dareh_N    -1.168
gendstat:           Anatolia_N                 Onge    -5.616
gendstat:           Anatolia_N           Villabruna     0.527
gendstat:           Anatolia_N           DevilsGate     1.242
gendstat:           Anatolia_N            Sherpa.LC     0.015
gendstat:                  Ami                 Mixe    -0.226
gendstat:                  Ami         Ganj_Dareh_N    -0.819
gendstat:                  Ami                 Onge    -5.190
gendstat:                  Ami           Villabruna     0.487
gendstat:                  Ami           DevilsGate     1.653
gendstat:                  Ami            Sherpa.LC     0.134
gendstat:                 Mixe         Ganj_Dareh_N    -0.624
gendstat:                 Mixe                 Onge    -4.734
gendstat:                 Mixe           Villabruna     0.629
gendstat:                 Mixe           DevilsGate     1.630
gendstat:                 Mixe            Sherpa.LC     0.347
gendstat:         Ganj_Dareh_N                 Onge    -3.826
gendstat:         Ganj_Dareh_N           Villabruna     1.224
gendstat:         Ganj_Dareh_N           DevilsGate     1.885
gendstat:         Ganj_Dareh_N            Sherpa.LC     0.921
gendstat:                 Onge           Villabruna     4.204
gendstat:                 Onge           DevilsGate     5.705
gendstat:                 Onge            Sherpa.LC     5.256
gendstat:           Villabruna           DevilsGate     0.568
gendstat:           Villabruna            Sherpa.LC    -0.413
gendstat:           DevilsGate            Sherpa.LC    -1.473

## end of run
