/home/cliu7/utils/AdmixTools/bin/qpAdm: parameter file: temp/param/qpAdm_Tamang.Yi.Lubrak.Southeast_China.parkuoj5glv
### THE INPUT PARAMETERS
##PARAMETER NAME: VALUE
DIR: data/intermediate
S1: HO_all_merged.qpAdm
indivname: data/intermediate/HO_all_merged.qpAdm.grouped.ind
snpname: data/intermediate/HO_all_merged.qpAdm.snp
genotypename: data/intermediate/HO_all_merged.qpAdm.geno
popleft: temp/param/left.kuoj5glv
popright: temp/param/right.kuoj5glv
details: YES
## qpAdm version: 810
seed: -1959955494
packed geno read OK
end of inpack

left pops:
Tamang
Yi
Lubrak
Southeast_China

right pops:
Mbuti
Anatolia_N
Ami
Mixe
Ganj_Dareh_N
Onge
Villabruna
DevilsGate
Sherpa.LC

  0               Tamang    7
  1                   Yi    8
  2               Lubrak    2
  3      Southeast_China   97
  4                Mbuti   10
  5           Anatolia_N   25
  6                  Ami   10
  7                 Mixe   10
  8         Ganj_Dareh_N    7
  9                 Onge   12
 10           Villabruna    1
 11           DevilsGate    4
 12            Sherpa.LC    9
jackknife block size:     0.050
snps: 498990  indivs: 202
number of blocks for block jackknife: 710
## ncols: 498990
coverage:               Tamang 498036
coverage:                   Yi 498990
coverage:               Lubrak 327444
coverage:      Southeast_China 498990
coverage:                Mbuti 498990
coverage:           Anatolia_N 498137
coverage:                  Ami 498990
coverage:                 Mixe 498990
coverage:         Ganj_Dareh_N 457128
coverage:                 Onge 498990
coverage:           Villabruna 415230
coverage:           DevilsGate 498716
coverage:            Sherpa.LC 498990
dof (jackknife):   583.155
numsnps used: 305143
codimension 1
f4info: 
f4rank: 2 dof:      6 chisq:    20.462 tail:        0.00229078709 dofdiff:      8 chisqdiff:   -20.462 taildiff:                    1
B:
          scale     1.000     1.000 
     Anatolia_N    -0.252     0.040 
            Ami     1.960    -1.754 
           Mixe     0.891     0.409 
   Ganj_Dareh_N    -0.286     0.029 
           Onge     0.351    -0.186 
     Villabruna    -0.307     0.026 
     DevilsGate     1.386     0.820 
      Sherpa.LC     1.039     2.011 
A:
          scale   491.241  1569.685 
             Yi     0.996     0.126 
         Lubrak     0.833     1.304 
Southeast_China     1.146    -1.133 


full rank
f4info: 
f4rank: 3 dof:      0 chisq:     0.000 tail:                    1 dofdiff:      6 chisqdiff:    20.462 taildiff:        0.00229078709
B:
          scale     1.000     1.000     1.000 
     Anatolia_N    -0.241     0.031    -0.070 
            Ami     1.933    -1.607     2.289 
           Mixe     0.917     0.429    -1.029 
   Ganj_Dareh_N    -0.286    -0.025     0.003 
           Onge     0.367    -0.160    -0.071 
     Villabruna    -0.317     0.079     1.275 
     DevilsGate     1.390     0.913     0.253 
      Sherpa.LC     1.055     2.090    -0.029 
A:
          scale   508.027  1400.381  4321.631 
             Yi     1.051     0.045    -0.236 
         Lubrak     0.700     1.413     1.675 
Southeast_China     1.186    -1.000     0.372 


best coefficients:   -85.046    44.410    41.636 
Jackknife mean:   1035.559280809  -529.549601580  -505.009679229 
      std. errors:   311.463   159.513   151.968 

error covariance (* 1000000)
-1775202113 1860098865  -84896753 
1860098865 -325540130 -1534558736 
 -84896753 -1534558736 1619455488 


summ: Tamang    3      0.002291  1035.559  -529.550  -505.010 -1775202113 1860098865 -84896753 -325540130 -1534558736 1619455488 

    fixed pat  wt  dof     chisq       tail prob
          000  0     6    20.462      0.00229079   -85.046    44.410    41.636  infeasible
          001  1     7   186.102               0    -1.114     2.114    -0.000  infeasible
          010  1     7   403.009               0     1.953     0.000    -0.953  infeasible
          100  1     7   255.532               0     0.000     1.051    -0.051  infeasible
          011  2     8   869.556               0     1.000     0.000     0.000 
          101  2     8   257.406               0     0.000     1.000     0.000 
          110  2     8  2294.856               0     0.000    -0.000     1.000 
best pat:          000       0.00229079              -  -
best pat:          001                0  chi(nested):   165.640 p-value for nested model:     6.62913e-38 infeasible
best pat:          101      4.63262e-51  chi(nested):    71.304 p-value for nested model:     3.06274e-17

coeffs:   -85.046    44.410    41.636 

## dscore:: f_4(Base, Fit, Rbase, right2)
## genstat:: f_4(Base, Fit, right1, right2)

details:              Yi      Anatolia_N    -0.000498   -3.547020
details:          Lubrak      Anatolia_N    -0.000226   -0.842053
details: Southeast_China      Anatolia_N    -0.000576   -4.409278
dscore:      Anatolia_N f4:     0.008302 Z:     0.626496

details:              Yi             Ami     0.003853   22.170684
details:          Lubrak             Ami     0.002071    6.564048
details: Southeast_China             Ami     0.005902   36.648340
dscore:             Ami f4:     0.010018 Z:     0.648892

details:              Yi            Mixe     0.001995   10.787927
details:          Lubrak            Mixe     0.001448    4.370357
details: Southeast_China            Mixe     0.001794   10.587219
dscore:            Mixe f4:    -0.030732 Z:    -1.885371

details:              Yi    Ganj_Dareh_N    -0.000600   -3.625718
details:          Lubrak    Ganj_Dareh_N    -0.000332   -1.008422
details: Southeast_China    Ganj_Dareh_N    -0.000634   -4.148833
dscore:    Ganj_Dareh_N f4:     0.009916 Z:     0.596476

details:              Yi            Onge     0.000766    4.682213
details:          Lubrak            Onge     0.000437    1.390838
details: Southeast_China            Onge     0.000989    6.376979
dscore:            Onge f4:    -0.004552 Z:    -0.283077

details:              Yi      Villabruna    -0.000736   -3.491664
details:          Lubrak      Villabruna     0.000284    0.673650
details: Southeast_China      Villabruna    -0.000675   -3.292357
dscore:      Villabruna f4:     0.047062 Z:     2.317878

details:              Yi      DevilsGate     0.002929   14.519922
details:          Lubrak      DevilsGate     0.003099    8.156848
details: Southeast_China      DevilsGate     0.002668   13.476036
dscore:      DevilsGate f4:    -0.000421 Z:    -0.022742

details:              Yi       Sherpa.LC     0.002280   13.380299
details:          Lubrak       Sherpa.LC     0.003692   11.707227
details: Southeast_China       Sherpa.LC     0.001009    6.280686
dscore:       Sherpa.LC f4:     0.012101 Z:     0.793821

gendstat:                Mbuti           Anatolia_N     0.626
gendstat:                Mbuti                  Ami     0.649
gendstat:                Mbuti                 Mixe    -1.885
gendstat:                Mbuti         Ganj_Dareh_N     0.596
gendstat:                Mbuti                 Onge    -0.283
gendstat:                Mbuti           Villabruna     2.318
gendstat:                Mbuti           DevilsGate    -0.023
gendstat:                Mbuti            Sherpa.LC     0.794
gendstat:           Anatolia_N                  Ami     0.129
gendstat:           Anatolia_N                 Mixe    -2.691
gendstat:           Anatolia_N         Ganj_Dareh_N     0.119
gendstat:           Anatolia_N                 Onge    -0.884
gendstat:           Anatolia_N           Villabruna     2.181
gendstat:           Anatolia_N           DevilsGate    -0.510
gendstat:           Anatolia_N            Sherpa.LC     0.285
gendstat:                  Ami                 Mixe    -3.022
gendstat:                  Ami         Ganj_Dareh_N    -0.006
gendstat:                  Ami                 Onge    -0.983
gendstat:                  Ami           Villabruna     1.778
gendstat:                  Ami           DevilsGate    -0.648
gendstat:                  Ami            Sherpa.LC     0.190
gendstat:                 Mixe         Ganj_Dareh_N     2.254
gendstat:                 Mixe                 Onge     1.609
gendstat:                 Mixe           Villabruna     3.728
gendstat:                 Mixe           DevilsGate     1.742
gendstat:                 Mixe            Sherpa.LC     3.237
gendstat:         Ganj_Dareh_N                 Onge    -0.806
gendstat:         Ganj_Dareh_N           Villabruna     1.760
gendstat:         Ganj_Dareh_N           DevilsGate    -0.493
gendstat:         Ganj_Dareh_N            Sherpa.LC     0.129
gendstat:                 Onge           Villabruna     2.449
gendstat:                 Onge           DevilsGate     0.217
gendstat:                 Onge            Sherpa.LC     1.092
gendstat:           Villabruna           DevilsGate    -2.023
gendstat:           Villabruna            Sherpa.LC    -1.674
gendstat:           DevilsGate            Sherpa.LC     0.786

## end of run
