/home/cliu7/utils/AdmixTools/bin/qpWave: parameter file: temp/param/qpAdm_Tamang.Upper_YR_LN.Samdzong.Han.pars29rrzhe
### THE INPUT PARAMETERS
##PARAMETER NAME: VALUE
DIR: data/intermediate
S1: HO_all_merged.qpAdm
indivname: data/intermediate/HO_all_merged.qpAdm.grouped.ind
snpname: data/intermediate/HO_all_merged.qpAdm.snp
genotypename: data/intermediate/HO_all_merged.qpAdm.geno
popleft: temp/param/left.s29rrzhe
popright: temp/param/right.s29rrzhe
details: YES
## qpWave version: 410
packed geno read OK
end of inpack

left pops:
Tamang
Upper_YR_LN
Samdzong
Han

right pops:
Mbuti
Anatolia_N
Ami
Mixe
Ganj_Dareh_N
Onge
Villabruna
DevilsGate
Sherpa.LC

  0               Tamang    7
  1          Upper_YR_LN    7
  2             Samdzong    9
  3                  Han   33
  4                Mbuti   10
  5           Anatolia_N   25
  6                  Ami   10
  7                 Mixe   10
  8         Ganj_Dareh_N    7
  9                 Onge   12
 10           Villabruna    1
 11           DevilsGate    4
 12            Sherpa.LC    9
jackknife block size:     0.050
snps: 498990  indivs: 144
number of blocks for block jackknife: 710
dof (jackknife):   583.387
numsnps used: 417836
f4info: 
f4rank: 0 dof:     24 chisq:  2866.607 tail:                    0 dofdiff:      0 chisqdiff:     0.000 taildiff:                    1

f4info: 
f4rank: 1 dof:     14 chisq:   528.115 tail:      1.00959125e-103 dofdiff:     10 chisqdiff:  2338.492 taildiff:                    0
B:
          scale     1.000 
     Anatolia_N    -0.161 
            Ami     2.302 
           Mixe     0.868 
   Ganj_Dareh_N    -0.170 
           Onge     0.422 
     Villabruna    -0.123 
     DevilsGate     1.279 
      Sherpa.LC     0.259 
A:
          scale   769.030 
    Upper_YR_LN     0.725 
       Samdzong     0.055 
            Han     1.572 

f4info: 
f4rank: 2 dof:      6 chisq:    64.238 tail:       6.17182855e-12 dofdiff:      8 chisqdiff:   463.877 taildiff:       3.92687888e-95
B:
          scale     1.000     1.000 
     Anatolia_N    -0.210     0.109 
            Ami     1.796     1.961 
           Mixe     0.952     0.033 
   Ganj_Dareh_N    -0.254     0.346 
           Onge     0.310     0.305 
     Villabruna    -0.199     0.010 
     DevilsGate     1.560    -0.430 
      Sherpa.LC     1.091    -1.935 
A:
          scale   488.434  2239.253 
    Upper_YR_LN     1.035    -0.496 
       Samdzong     0.643    -1.265 
            Han     1.232     1.075 

f4info: 
f4rank: 3 dof:      0 chisq:     0.000 tail:                    1 dofdiff:      6 chisqdiff:    64.238 taildiff:       6.17182855e-12
B:
          scale     1.000     1.000     1.000 
     Anatolia_N    -0.193    -0.043     0.115 
            Ami     1.763    -1.792    -1.085 
           Mixe     0.973     0.056     0.842 
   Ganj_Dareh_N    -0.217    -0.300     1.304 
           Onge     0.316    -0.266     0.557 
     Villabruna    -0.176    -0.019     0.641 
     DevilsGate     1.613     0.563     1.561 
      Sherpa.LC     1.062     2.075    -1.115 
A:
          scale   477.038  2220.328  5088.736 
    Upper_YR_LN     1.102     0.565     1.211 
       Samdzong     0.569     1.222    -1.087 
            Han     1.210    -1.089    -0.592 

## end of run
