/home/cliu7/utils/AdmixTools/bin/qpAdm: parameter file: temp/param/qpAdm_Tamang.Yi.Rhirhi.Southeast_China.parl9mgtsdw
### THE INPUT PARAMETERS
##PARAMETER NAME: VALUE
DIR: data/intermediate
S1: HO_all_merged.qpAdm
indivname: data/intermediate/HO_all_merged.qpAdm.grouped.ind
snpname: data/intermediate/HO_all_merged.qpAdm.snp
genotypename: data/intermediate/HO_all_merged.qpAdm.geno
popleft: temp/param/left.l9mgtsdw
popright: temp/param/right.l9mgtsdw
details: YES
## qpAdm version: 810
seed: 1708241276
packed geno read OK
end of inpack

left pops:
Tamang
Yi
Rhirhi
Southeast_China

right pops:
Mbuti
Anatolia_N
Ami
Mixe
Ganj_Dareh_N
Onge
Villabruna
DevilsGate
Sherpa.LC

  0               Tamang    7
  1                   Yi    8
  2               Rhirhi    4
  3      Southeast_China   97
  4                Mbuti   10
  5           Anatolia_N   25
  6                  Ami   10
  7                 Mixe   10
  8         Ganj_Dareh_N    7
  9                 Onge   12
 10           Villabruna    1
 11           DevilsGate    4
 12            Sherpa.LC    9
jackknife block size:     0.050
snps: 498990  indivs: 204
number of blocks for block jackknife: 710
## ncols: 498990
coverage:               Tamang 498036
coverage:                   Yi 498990
coverage:               Rhirhi 489694
coverage:      Southeast_China 498990
coverage:                Mbuti 498990
coverage:           Anatolia_N 498137
coverage:                  Ami 498990
coverage:                 Mixe 498990
coverage:         Ganj_Dareh_N 457128
coverage:                 Onge 498990
coverage:           Villabruna 415230
coverage:           DevilsGate 498716
coverage:            Sherpa.LC 498990
dof (jackknife):   583.595
numsnps used: 414583
codimension 1
f4info: 
f4rank: 2 dof:      6 chisq:    22.558 tail:       0.000958819669 dofdiff:      8 chisqdiff:   -22.558 taildiff:                    1
B:
          scale     1.000     1.000 
     Anatolia_N    -0.261    -0.073 
            Ami     2.116    -1.692 
           Mixe     0.862     0.460 
   Ganj_Dareh_N    -0.270    -0.127 
           Onge     0.365    -0.256 
     Villabruna    -0.315    -0.000 
     DevilsGate     1.315     0.987 
      Sherpa.LC     0.822     1.966 
A:
          scale   522.779  1945.921 
             Yi     1.056     0.546 
         Rhirhi     0.560     1.325 
Southeast_China     1.253    -0.972 


full rank
f4info: 
f4rank: 3 dof:      0 chisq:     0.000 tail:                    1 dofdiff:      6 chisqdiff:    22.558 taildiff:       0.000958819669
B:
          scale     1.000     1.000     1.000 
     Anatolia_N    -0.219    -0.093    -0.724 
            Ami     2.092    -1.539     2.102 
           Mixe     0.917     0.495    -0.819 
   Ganj_Dareh_N    -0.234    -0.187    -1.007 
           Onge     0.411    -0.229    -0.561 
     Villabruna    -0.333     0.020     0.737 
     DevilsGate     1.304     1.079     0.654 
      Sherpa.LC     0.837     2.031    -0.294 
A:
          scale   549.784  1788.428  3907.421 
             Yi     1.120     0.508     0.053 
         Rhirhi     0.340     1.449     1.607 
Southeast_China     1.277    -0.801     0.643 


best coefficients:    -3.678     2.854     1.824 
Jackknife mean:     -3.497554023     2.756271038     1.741282984 
      std. errors:     0.893     0.481     0.430 

error covariance (* 1000000)
    797583    -422055    -375528 
   -422055     231040     191015 
   -375528     191015     184514 


summ: Tamang    3      0.000959    -3.498     2.756     1.741 797583 -422055 -375528 231040 191015 184514 

    fixed pat  wt  dof     chisq       tail prob
          000  0     6    22.558      0.00095882    -3.678     2.854     1.824  infeasible
          001  1     7   148.548     8.19043e-29    -0.492     1.492    -0.000  infeasible
          010  1     7   423.471               0     1.924    -0.000    -0.924  infeasible
          100  1     7   181.990               0     0.000     0.980     0.020 
          011  2     8   890.318               0     1.000    -0.000     0.000 
          101  2     8   182.569               0     0.000     1.000     0.000 
          110  2     8  2409.523               0     0.000    -0.000     1.000 
best pat:          000       0.00095882              -  -
best pat:          100      7.40219e-36  chi(nested):   159.432 p-value for nested model:     1.50604e-36
best pat:          101      2.97139e-35  chi(nested):     0.580 p-value for nested model:        0.446463

coeffs:    -3.678     2.854     1.824 

## dscore:: f_4(Base, Fit, Rbase, right2)
## genstat:: f_4(Base, Fit, right1, right2)

details:              Yi      Anatolia_N    -0.000466   -3.441166
details:          Rhirhi      Anatolia_N    -0.000488   -2.438433
details: Southeast_China      Anatolia_N    -0.000574   -4.480154
dscore:      Anatolia_N f4:    -0.000728 Z:    -1.183225

details:              Yi             Ami     0.003897   22.946630
details:          Rhirhi             Ami     0.000957    3.977295
details: Southeast_China             Ami     0.005933   37.503494
dscore:             Ami f4:    -0.000779 Z:    -1.057360

details:              Yi            Mixe     0.002046   11.323017
details:          Rhirhi            Mixe     0.000683    2.621145
details: Southeast_China            Mixe     0.001816   10.915405
dscore:            Mixe f4:    -0.002262 Z:    -2.849630

details:              Yi    Ganj_Dareh_N    -0.000528   -3.298077
details:          Rhirhi    Ganj_Dareh_N    -0.000704   -2.701562
details: Southeast_China    Ganj_Dareh_N    -0.000617   -4.085319
dscore:    Ganj_Dareh_N f4:    -0.001191 Z:    -1.484479

details:              Yi            Onge     0.000795    5.061179
details:          Rhirhi            Onge    -0.000139   -0.577129
details: Southeast_China            Onge     0.000987    6.474870
dscore:            Onge f4:    -0.001521 Z:    -1.992757

details:              Yi      Villabruna    -0.000662   -3.266144
details:          Rhirhi      Villabruna     0.000128    0.402538
details: Southeast_China      Villabruna    -0.000667   -3.405564
dscore:      Villabruna f4:     0.001584 Z:     1.656506

details:              Yi      DevilsGate     0.003022   15.550381
details:          Rhirhi      DevilsGate     0.002014    6.826350
details: Southeast_China      DevilsGate     0.002698   14.050819
dscore:      DevilsGate f4:    -0.000447 Z:    -0.504221

details:              Yi       Sherpa.LC     0.002318   14.008968
details:          Rhirhi       Sherpa.LC     0.002087    8.666300
details: Southeast_China       Sherpa.LC     0.001019    6.532896
dscore:       Sherpa.LC f4:    -0.000713 Z:    -1.020383

gendstat:                Mbuti           Anatolia_N    -1.183
gendstat:                Mbuti                  Ami    -1.057
gendstat:                Mbuti                 Mixe    -2.850
gendstat:                Mbuti         Ganj_Dareh_N    -1.484
gendstat:                Mbuti                 Onge    -1.993
gendstat:                Mbuti           Villabruna     1.657
gendstat:                Mbuti           DevilsGate    -0.504
gendstat:                Mbuti            Sherpa.LC    -1.020
gendstat:           Anatolia_N                  Ami    -0.075
gendstat:           Anatolia_N                 Mixe    -2.113
gendstat:           Anatolia_N         Ganj_Dareh_N    -0.734
gendstat:           Anatolia_N                 Onge    -1.099
gendstat:           Anatolia_N           Villabruna     2.876
gendstat:           Anatolia_N           DevilsGate     0.336
gendstat:           Anatolia_N            Sherpa.LC     0.024
gendstat:                  Ami                 Mixe    -2.203
gendstat:                  Ami         Ganj_Dareh_N    -0.522
gendstat:                  Ami                 Onge    -0.974
gendstat:                  Ami           Villabruna     2.327
gendstat:                  Ami           DevilsGate     0.446
gendstat:                  Ami            Sherpa.LC     0.119
gendstat:                 Mixe         Ganj_Dareh_N     1.234
gendstat:                 Mixe                 Onge     0.898
gendstat:                 Mixe           Villabruna     3.809
gendstat:                 Mixe           DevilsGate     2.231
gendstat:                 Mixe            Sherpa.LC     2.370
gendstat:         Ganj_Dareh_N                 Onge    -0.386
gendstat:         Ganj_Dareh_N           Villabruna     2.916
gendstat:         Ganj_Dareh_N           DevilsGate     0.773
gendstat:         Ganj_Dareh_N            Sherpa.LC     0.621
gendstat:                 Onge           Villabruna     2.974
gendstat:                 Onge           DevilsGate     1.197
gendstat:                 Onge            Sherpa.LC     1.112
gendstat:           Villabruna           DevilsGate    -1.782
gendstat:           Villabruna            Sherpa.LC    -2.357
gendstat:           DevilsGate            Sherpa.LC    -0.367

## end of run
