/home/cliu7/utils/AdmixTools/bin/qpWave: parameter file: temp/param/qpAdm_Tamang.Yi.UpperMustang.LC.Han.parbq12ry_t
### THE INPUT PARAMETERS
##PARAMETER NAME: VALUE
DIR: data/intermediate
S1: HO_all_merged.qpAdm
indivname: data/intermediate/HO_all_merged.qpAdm.grouped.ind
snpname: data/intermediate/HO_all_merged.qpAdm.snp
genotypename: data/intermediate/HO_all_merged.qpAdm.geno
popleft: temp/param/left.bq12ry_t
popright: temp/param/right.bq12ry_t
details: YES
## qpWave version: 410
packed geno read OK
end of inpack

left pops:
Tamang
Yi
UpperMustang.LC
Han

right pops:
Mbuti
Anatolia_N
Ami
Mixe
Ganj_Dareh_N
Onge
Villabruna
DevilsGate
Sherpa.LC

  0               Tamang    7
  1                   Yi    8
  2      UpperMustang.LC   11
  3                  Han   33
  4                Mbuti   10
  5           Anatolia_N   25
  6                  Ami   10
  7                 Mixe   10
  8         Ganj_Dareh_N    7
  9                 Onge   12
 10           Villabruna    1
 11           DevilsGate    4
 12            Sherpa.LC    9
jackknife block size:     0.050
snps: 498990  indivs: 147
number of blocks for block jackknife: 710
dof (jackknife):   583.461
numsnps used: 419405
f4info: 
f4rank: 0 dof:     24 chisq:  2941.150 tail:                    0 dofdiff:      0 chisqdiff:     0.000 taildiff:                    1

f4info: 
f4rank: 1 dof:     14 chisq:   544.122 tail:      4.03332555e-107 dofdiff:     10 chisqdiff:  2397.028 taildiff:                    0
B:
          scale     1.000 
     Anatolia_N    -0.150 
            Ami     2.333 
           Mixe     0.819 
   Ganj_Dareh_N    -0.165 
           Onge     0.412 
     Villabruna    -0.192 
     DevilsGate     1.276 
      Sherpa.LC     0.052 
A:
          scale   801.032 
             Yi     0.834 
UpperMustang.LC     0.035 
            Han     1.518 

f4info: 
f4rank: 2 dof:      6 chisq:    12.736 tail:         0.0474241861 dofdiff:      8 chisqdiff:   531.386 taildiff:      1.29077482e-109
B:
          scale     1.000     1.000 
     Anatolia_N    -0.236     0.274 
            Ami     1.924     1.518 
           Mixe     0.942    -0.107 
   Ganj_Dareh_N    -0.287     0.562 
           Onge     0.322     0.261 
     Villabruna    -0.234     0.075 
     DevilsGate     1.450    -0.225 
      Sherpa.LC     1.008    -2.273 
A:
          scale   489.425  2528.953 
             Yi     0.998    -0.181 
UpperMustang.LC     0.642    -1.471 
            Han     1.262     0.896 

f4info: 
f4rank: 3 dof:      0 chisq:     0.000 tail:                    1 dofdiff:      6 chisqdiff:    12.736 taildiff:         0.0474241861
B:
          scale     1.000     1.000     1.000 
     Anatolia_N    -0.221     0.260     0.186 
            Ami     1.926     1.465    -0.571 
           Mixe     0.940    -0.075     0.702 
   Ganj_Dareh_N    -0.275     0.596     1.127 
           Onge     0.324     0.319     1.510 
     Villabruna    -0.237    -0.021    -1.875 
     DevilsGate     1.444    -0.207    -0.220 
      Sherpa.LC     1.018    -2.298     0.173 
A:
          scale   488.734  2536.508 15721.699 
             Yi     1.020    -0.176     1.389 
UpperMustang.LC     0.626    -1.480    -0.646 
            Han     1.253     0.882    -0.808 

## end of run
