/home/cliu7/utils/AdmixTools/bin/qpWave: parameter file: temp/param/qpAdm_Tamang.YR_MN.Rhirhi.Pulliyar.parywwsibk_
### THE INPUT PARAMETERS
##PARAMETER NAME: VALUE
DIR: data/intermediate
S1: HO_all_merged.qpAdm
indivname: data/intermediate/HO_all_merged.qpAdm.grouped.ind
snpname: data/intermediate/HO_all_merged.qpAdm.snp
genotypename: data/intermediate/HO_all_merged.qpAdm.geno
popleft: temp/param/left.ywwsibk_
popright: temp/param/right.ywwsibk_
details: YES
## qpWave version: 410
packed geno read OK
end of inpack

left pops:
Tamang
YR_MN
Rhirhi
Pulliyar

right pops:
Mbuti
Anatolia_N
Ami
Mixe
Ganj_Dareh_N
Onge
Villabruna
DevilsGate
Sherpa.LC

  0               Tamang    7
  1                YR_MN    8
  2               Rhirhi    4
  3             Pulliyar   35
  4                Mbuti   10
  5           Anatolia_N   25
  6                  Ami   10
  7                 Mixe   10
  8         Ganj_Dareh_N    7
  9                 Onge   12
 10           Villabruna    1
 11           DevilsGate    4
 12            Sherpa.LC    9
jackknife block size:     0.050
snps: 498990  indivs: 142
number of blocks for block jackknife: 710
dof (jackknife):   584.910
numsnps used: 385948
f4info: 
f4rank: 0 dof:     24 chisq:  4993.539 tail:                    0 dofdiff:      0 chisqdiff:     0.000 taildiff:                    1

f4info: 
f4rank: 1 dof:     14 chisq:   245.782 tail:        2.1406517e-44 dofdiff:     10 chisqdiff:  4747.758 taildiff:                    0
B:
          scale     1.000 
     Anatolia_N    -0.210 
            Ami     1.429 
           Mixe     0.994 
   Ganj_Dareh_N    -0.329 
           Onge     0.227 
     Villabruna    -0.067 
     DevilsGate     1.534 
      Sherpa.LC     1.552 
A:
          scale   265.790 
          YR_MN     0.513 
         Rhirhi     0.352 
       Pulliyar    -1.617 

f4info: 
f4rank: 2 dof:      6 chisq:    13.567 tail:          0.034871196 dofdiff:      8 chisqdiff:   232.215 taildiff:       1.00657855e-45
B:
          scale     1.000     1.000 
     Anatolia_N    -0.196    -0.046 
            Ami     1.421     1.770 
           Mixe     0.995     0.543 
   Ganj_Dareh_N    -0.318     0.555 
           Onge     0.231     0.453 
     Villabruna    -0.056    -0.240 
     DevilsGate     1.537     0.312 
      Sherpa.LC     1.560    -1.975 
A:
          scale   263.203  2878.051 
          YR_MN     0.525     1.509 
         Rhirhi     0.317    -0.783 
       Pulliyar    -1.620     0.330 

f4info: 
f4rank: 3 dof:      0 chisq:     0.000 tail:                    1 dofdiff:      6 chisqdiff:    13.567 taildiff:          0.034871196
B:
          scale     1.000     1.000     1.000 
     Anatolia_N    -0.194    -0.160     1.181 
            Ami     1.421     1.691     0.484 
           Mixe     0.996     0.378     1.053 
   Ganj_Dareh_N    -0.313     0.411     1.067 
           Onge     0.242     0.281     1.152 
     Villabruna    -0.057    -0.206    -0.190 
     DevilsGate     1.535     0.368    -1.553 
      Sherpa.LC     1.560    -2.132     0.590 
A:
          scale   262.443  2926.082  5251.061 
          YR_MN     0.507     1.514    -0.671 
         Rhirhi     0.287    -0.772    -1.524 
       Pulliyar    -1.631     0.335    -0.477 

## end of run
