/home/cliu7/utils/AdmixTools/bin/qpWave: parameter file: temp/param/qpAdm_Tamang.Naga.Chokhopani.Pulliyar.params_dwch
### THE INPUT PARAMETERS
##PARAMETER NAME: VALUE
DIR: data/intermediate
S1: HO_all_merged.qpAdm
indivname: data/intermediate/HO_all_merged.qpAdm.grouped.ind
snpname: data/intermediate/HO_all_merged.qpAdm.snp
genotypename: data/intermediate/HO_all_merged.qpAdm.geno
popleft: temp/param/left.ams_dwch
popright: temp/param/right.ams_dwch
details: YES
## qpWave version: 410
packed geno read OK
end of inpack

left pops:
Tamang
Naga
Chokhopani
Pulliyar

right pops:
Mbuti
Anatolia_N
Ami
Mixe
Ganj_Dareh_N
Onge
Villabruna
DevilsGate
Sherpa.LC

  0               Tamang    7
  1                 Naga    6
  2           Chokhopani    2
  3             Pulliyar   35
  4                Mbuti   10
  5           Anatolia_N   25
  6                  Ami   10
  7                 Mixe   10
  8         Ganj_Dareh_N    7
  9                 Onge   12
 10           Villabruna    1
 11           DevilsGate    4
 12            Sherpa.LC    9
jackknife block size:     0.050
snps: 498990  indivs: 138
number of blocks for block jackknife: 710
dof (jackknife):   584.875
numsnps used: 388965
f4info: 
f4rank: 0 dof:     24 chisq:  5477.613 tail:                    0 dofdiff:      0 chisqdiff:     0.000 taildiff:                    1

f4info: 
f4rank: 1 dof:     14 chisq:    76.922 tail:       1.04872387e-10 dofdiff:     10 chisqdiff:  5400.690 taildiff:                    0
B:
          scale     1.000 
     Anatolia_N    -0.196 
            Ami     1.414 
           Mixe     0.998 
   Ganj_Dareh_N    -0.325 
           Onge     0.271 
     Villabruna    -0.087 
     DevilsGate     1.514 
      Sherpa.LC     1.577 
A:
          scale   260.032 
           Naga     0.512 
     Chokhopani     0.386 
       Pulliyar    -1.609 

f4info: 
f4rank: 2 dof:      6 chisq:    14.355 tail:         0.0259103725 dofdiff:      8 chisqdiff:    62.567 taildiff:       1.45802896e-10
B:
          scale     1.000     1.000 
     Anatolia_N    -0.200    -0.012 
            Ami     1.415     1.499 
           Mixe     1.000     0.971 
   Ganj_Dareh_N    -0.331     0.353 
           Onge     0.275     0.176 
     Villabruna    -0.085     0.635 
     DevilsGate     1.518     0.164 
      Sherpa.LC     1.569    -2.055 
A:
          scale   259.723  6074.900 
           Naga     0.534     1.260 
     Chokhopani     0.373    -1.029 
       Pulliyar    -1.605     0.595 

f4info: 
f4rank: 3 dof:      0 chisq:     0.000 tail:                    1 dofdiff:      6 chisqdiff:    14.355 taildiff:         0.0259103725
B:
          scale     1.000     1.000     1.000 
     Anatolia_N    -0.195     1.021     0.494 
            Ami     1.401     0.624    -1.309 
           Mixe     0.996     1.040    -0.608 
   Ganj_Dareh_N    -0.328     1.135     0.173 
           Onge     0.272    -0.805    -0.659 
     Villabruna    -0.089     1.825     0.242 
     DevilsGate     1.517    -0.428    -0.479 
      Sherpa.LC     1.587    -0.194     2.218 
A:
          scale   259.641  4360.546  6752.279 
           Naga     0.527    -0.198    -1.638 
     Chokhopani     0.355    -1.666     0.316 
       Pulliyar    -1.611    -0.432    -0.466 

## end of run
