/home/cliu7/utils/AdmixTools/bin/qpWave: parameter file: temp/param/qpAdm_Tamang.Upper_YR_LN.Mebrak.Pathan.parub9dm93m
### THE INPUT PARAMETERS
##PARAMETER NAME: VALUE
DIR: data/intermediate
S1: HO_all_merged.qpAdm
indivname: data/intermediate/HO_all_merged.qpAdm.grouped.ind
snpname: data/intermediate/HO_all_merged.qpAdm.snp
genotypename: data/intermediate/HO_all_merged.qpAdm.geno
popleft: temp/param/left.ub9dm93m
popright: temp/param/right.ub9dm93m
details: YES
## qpWave version: 410
packed geno read OK
end of inpack

left pops:
Tamang
Upper_YR_LN
Mebrak
Pathan

right pops:
Mbuti
Anatolia_N
Ami
Mixe
Ganj_Dareh_N
Onge
Villabruna
DevilsGate
Sherpa.LC

  0               Tamang    7
  1          Upper_YR_LN    7
  2               Mebrak    8
  3               Pathan   18
  4                Mbuti   10
  5           Anatolia_N   25
  6                  Ami   10
  7                 Mixe   10
  8         Ganj_Dareh_N    7
  9                 Onge   12
 10           Villabruna    1
 11           DevilsGate    4
 12            Sherpa.LC    9
jackknife block size:     0.050
snps: 498990  indivs: 128
number of blocks for block jackknife: 710
dof (jackknife):   583.310
numsnps used: 413981
f4info: 
f4rank: 0 dof:     24 chisq:  8630.746 tail:                    0 dofdiff:      0 chisqdiff:     0.000 taildiff:                    1

f4info: 
f4rank: 1 dof:     14 chisq:   262.371 tail:       7.88845736e-48 dofdiff:     10 chisqdiff:  8368.375 taildiff:                    0
B:
          scale     1.000 
     Anatolia_N    -0.625 
            Ami     1.358 
           Mixe     0.791 
   Ganj_Dareh_N    -0.630 
           Onge     0.575 
     Villabruna    -0.455 
     DevilsGate     1.426 
      Sherpa.LC     1.474 
A:
          scale   198.342 
    Upper_YR_LN     0.338 
         Mebrak     0.239 
         Pathan    -1.682 

f4info: 
f4rank: 2 dof:      6 chisq:    90.719 tail:       2.14847476e-17 dofdiff:      8 chisqdiff:   171.652 taildiff:       5.80940997e-33
B:
          scale     1.000     1.000 
     Anatolia_N    -0.606     0.786 
            Ami     1.352     0.621 
           Mixe     0.779     0.572 
   Ganj_Dareh_N    -0.626     1.026 
           Onge     0.583     0.425 
     Villabruna    -0.441     0.198 
     DevilsGate     1.439     0.101 
      Sherpa.LC     1.484    -2.321 
A:
          scale   194.672  3381.235 
    Upper_YR_LN     0.398     1.189 
         Mebrak     0.177    -1.251 
         Pathan    -1.676    -0.153 

f4info: 
f4rank: 3 dof:      0 chisq:     0.000 tail:                    1 dofdiff:      6 chisqdiff:    90.719 taildiff:       2.14847476e-17
B:
          scale     1.000     1.000     1.000 
     Anatolia_N    -0.625     1.188     0.068 
            Ami     1.353     0.281     1.123 
           Mixe     0.781     0.831     0.640 
   Ganj_Dareh_N    -0.634     1.397     0.178 
           Onge     0.596    -0.926     1.445 
     Villabruna    -0.457     1.021    -0.380 
     DevilsGate     1.436     1.380     0.033 
      Sherpa.LC     1.463    -0.250    -2.015 
A:
          scale   197.158  1978.854  3947.663 
    Upper_YR_LN     0.437     1.568     0.591 
         Mebrak     0.261     0.540    -1.625 
         Pathan    -1.656     0.499    -0.100 

## end of run
