/home/cliu7/utils/AdmixTools/bin/qpAdm: parameter file: temp/param/qpAdm_Tamang.Naga.Rhirhi.Southeast_China.parrf061ufp
### THE INPUT PARAMETERS
##PARAMETER NAME: VALUE
DIR: data/intermediate
S1: HO_all_merged.qpAdm
indivname: data/intermediate/HO_all_merged.qpAdm.grouped.ind
snpname: data/intermediate/HO_all_merged.qpAdm.snp
genotypename: data/intermediate/HO_all_merged.qpAdm.geno
popleft: temp/param/left.rf061ufp
popright: temp/param/right.rf061ufp
details: YES
## qpAdm version: 810
seed: 76912939
packed geno read OK
end of inpack

left pops:
Tamang
Naga
Rhirhi
Southeast_China

right pops:
Mbuti
Anatolia_N
Ami
Mixe
Ganj_Dareh_N
Onge
Villabruna
DevilsGate
Sherpa.LC

  0               Tamang    7
  1                 Naga    6
  2               Rhirhi    4
  3      Southeast_China   97
  4                Mbuti   10
  5           Anatolia_N   25
  6                  Ami   10
  7                 Mixe   10
  8         Ganj_Dareh_N    7
  9                 Onge   12
 10           Villabruna    1
 11           DevilsGate    4
 12            Sherpa.LC    9
jackknife block size:     0.050
snps: 498990  indivs: 202
number of blocks for block jackknife: 710
## ncols: 498990
coverage:               Tamang 498036
coverage:                 Naga 498990
coverage:               Rhirhi 489694
coverage:      Southeast_China 498990
coverage:                Mbuti 498990
coverage:           Anatolia_N 498137
coverage:                  Ami 498990
coverage:                 Mixe 498990
coverage:         Ganj_Dareh_N 457128
coverage:                 Onge 498990
coverage:           Villabruna 415230
coverage:           DevilsGate 498716
coverage:            Sherpa.LC 498990
dof (jackknife):   583.592
numsnps used: 414521
codimension 1
f4info: 
f4rank: 2 dof:      6 chisq:    16.738 tail:         0.0102959102 dofdiff:      8 chisqdiff:   -16.738 taildiff:                    1
B:
          scale     1.000     1.000 
     Anatolia_N    -0.274    -0.161 
            Ami     2.039    -1.805 
           Mixe     0.882     0.403 
   Ganj_Dareh_N    -0.321    -0.303 
           Onge     0.373    -0.208 
     Villabruna    -0.221     0.275 
     DevilsGate     1.377     0.950 
      Sherpa.LC     0.895     1.855 
A:
          scale   532.384  1723.526 
           Naga     1.027     0.822 
         Rhirhi     0.581     1.126 
Southeast_China     1.268    -1.028 


full rank
f4info: 
f4rank: 3 dof:      0 chisq:     0.000 tail:                    1 dofdiff:      6 chisqdiff:    16.738 taildiff:         0.0102959102
B:
          scale     1.000     1.000     1.000 
     Anatolia_N    -0.274    -0.179     0.459 
            Ami     2.029    -1.706    -2.136 
           Mixe     0.911     0.456     1.233 
   Ganj_Dareh_N    -0.324    -0.332     0.632 
           Onge     0.392    -0.200     0.932 
     Villabruna    -0.227     0.263    -0.335 
     DevilsGate     1.365     1.005    -0.548 
      Sherpa.LC     0.897     1.903     0.165 
A:
          scale   551.440  1640.465  5323.064 
           Naga     1.069     0.757     0.217 
         Rhirhi     0.421     1.237    -1.675 
Southeast_China     1.296    -0.947    -0.385 


best coefficients:    -2.692     2.790     0.902 
Jackknife mean:     -2.578095157     2.709153856     0.868941301 
      std. errors:     0.621     0.441     0.203 

error covariance (* 1000000)
    385988    -269705    -116283 
   -269705     194731      74974 
   -116283      74974      41309 


summ: Tamang    3      0.010296    -2.578     2.709     0.869 385988 -269705 -116283 194731 74974 41309 

    fixed pat  wt  dof     chisq       tail prob
          000  0     6    16.738       0.0102959    -2.692     2.790     0.902  infeasible
          001  1     7    90.306     1.07045e-16    -1.292     2.292    -0.000  infeasible
          010  1     7   464.552               0     1.494    -0.000    -0.494  infeasible
          100  1     7   181.846               0     0.000     0.980     0.020 
          011  2     8   614.397               0     1.000    -0.000     0.000 
          101  2     8   182.322               0     0.000     1.000     0.000 
          110  2     8  2404.375               0     0.000    -0.000     1.000 
best pat:          000        0.0102959              -  -
best pat:          100       7.9382e-36  chi(nested):   165.108 p-value for nested model:     8.66398e-38
best pat:          101      3.34903e-35  chi(nested):     0.476 p-value for nested model:         0.49023

coeffs:    -2.692     2.790     0.902 

## dscore:: f_4(Base, Fit, Rbase, right2)
## genstat:: f_4(Base, Fit, right1, right2)

details:            Naga      Anatolia_N    -0.000582   -3.634810
details:          Rhirhi      Anatolia_N    -0.000489   -2.438033
details: Southeast_China      Anatolia_N    -0.000574   -4.478215
dscore:      Anatolia_N f4:    -0.000315 Z:    -0.542974

details:            Naga             Ami     0.003094   16.663509
details:          Rhirhi             Ami     0.000957    3.976912
details: Southeast_China             Ami     0.005934   37.489338
dscore:             Ami f4:    -0.000306 Z:    -0.451527

details:            Naga            Mixe     0.002066   10.729352
details:          Rhirhi            Mixe     0.000683    2.620944
details: Southeast_China            Mixe     0.001817   10.912271
dscore:            Mixe f4:    -0.002017 Z:    -2.705626

details:            Naga    Ganj_Dareh_N    -0.000745   -4.054355
details:          Rhirhi    Ganj_Dareh_N    -0.000704   -2.701242
details: Southeast_China    Ganj_Dareh_N    -0.000617   -4.084007
dscore:    Ganj_Dareh_N f4:    -0.000514 Z:    -0.687779

details:            Naga            Onge     0.000735    3.913482
details:          Rhirhi            Onge    -0.000139   -0.577085
details: Southeast_China            Onge     0.000987    6.473048
dscore:            Onge f4:    -0.001476 Z:    -2.131321

details:            Naga      Villabruna    -0.000324   -1.343647
details:          Rhirhi      Villabruna     0.000128    0.402507
details: Southeast_China      Villabruna    -0.000667   -3.404819
dscore:      Villabruna f4:     0.000628 Z:     0.714265

details:            Naga      DevilsGate     0.003124   14.314293
details:          Rhirhi      DevilsGate     0.002014    6.825527
details: Southeast_China      DevilsGate     0.002698   14.046877
dscore:      DevilsGate f4:    -0.000358 Z:    -0.418458

details:            Naga       Sherpa.LC     0.002656   14.630346
details:          Rhirhi       Sherpa.LC     0.002087    8.665399
details: Southeast_China       Sherpa.LC     0.001019    6.530658
dscore:       Sherpa.LC f4:    -0.000408 Z:    -0.593890

gendstat:                Mbuti           Anatolia_N    -0.543
gendstat:                Mbuti                  Ami    -0.452
gendstat:                Mbuti                 Mixe    -2.706
gendstat:                Mbuti         Ganj_Dareh_N    -0.688
gendstat:                Mbuti                 Onge    -2.131
gendstat:                Mbuti           Villabruna     0.714
gendstat:                Mbuti           DevilsGate    -0.418
gendstat:                Mbuti            Sherpa.LC    -0.594
gendstat:           Anatolia_N                  Ami     0.014
gendstat:           Anatolia_N                 Mixe    -2.521
gendstat:           Anatolia_N         Ganj_Dareh_N    -0.325
gendstat:           Anatolia_N                 Onge    -1.744
gendstat:           Anatolia_N           Villabruna     1.225
gendstat:           Anatolia_N           DevilsGate    -0.054
gendstat:           Anatolia_N            Sherpa.LC    -0.146
gendstat:                  Ami                 Mixe    -2.768
gendstat:                  Ami         Ganj_Dareh_N    -0.276
gendstat:                  Ami                 Onge    -1.650
gendstat:                  Ami           Villabruna     1.006
gendstat:                  Ami           DevilsGate    -0.075
gendstat:                  Ami            Sherpa.LC    -0.201
gendstat:                 Mixe         Ganj_Dareh_N     1.859
gendstat:                 Mixe                 Onge     0.717
gendstat:                 Mixe           Villabruna     2.814
gendstat:                 Mixe           DevilsGate     2.188
gendstat:                 Mixe            Sherpa.LC     2.757
gendstat:         Ganj_Dareh_N                 Onge    -1.194
gendstat:         Ganj_Dareh_N           Villabruna     1.270
gendstat:         Ganj_Dareh_N           DevilsGate     0.170
gendstat:         Ganj_Dareh_N            Sherpa.LC     0.141
gendstat:                 Onge           Villabruna     2.210
gendstat:                 Onge           DevilsGate     1.275
gendstat:                 Onge            Sherpa.LC     1.534
gendstat:           Villabruna           DevilsGate    -0.952
gendstat:           Villabruna            Sherpa.LC    -1.138
gendstat:           DevilsGate            Sherpa.LC    -0.071

## end of run
